__LOADINGS__
Network Properties for:		network
nodes, edges			5000, 56245
directed?			False
weighted?			True
isolated nodes			1
self-loops			0
density				0.004501
clustering coefficient		0.313886
min/max/avg degree		0, 83, 22.498000
degree assortativity		0.392818
number of connected components	2
size of largest component	4999 (99.98 %)
337698.64591871476
__Groundtruth__
read communities from: ../../lfr_5000/mk100/k25/muw0.3/13/community.dat
-------------------  ----------
# communities        104
min community size    20
max community size    99
avg. community size   48.0769
modularity             0.708015
-------------------  ----------
104 community detected
__CLASSIC_METHODS__
__Louvain__
PLM(balanced,pc,turbo) detected communities in 0.5407583713531494 [s]
solution properties:
-------------------  ----------
# communities         63
min community size     1
max community size   134
avg. community size   79.3651
modularity             0.708816
-------------------  ----------
104 community detected
NMI:0.051531510112742485
ARM:0.18763148882039238
__Singleton__
104 community detected
NMI:0.3047814955401703
ARM:1.0
__AllInOne__
104 community detected
NMI:1.0
ARM:1.0
__PLP__
PLP detected communities in 0.06454181671142578 [s]
solution properties:
-------------------  ----------
# communities        105
min community size     1
max community size    99
avg. community size   47.619
modularity             0.708293
-------------------  ----------
104 community detected
NMI:0.0012911693779668054
ARM:0.002920082507265054
__NORMALIZATION__
__glove__
Network Properties for:		G#21cc
nodes, edges			4999, 56245
directed?			False
weighted?			True
isolated nodes			0
self-loops			0
density				0.004502
clustering coefficient		0.313948
min/max/avg degree		1, 83, 22.502501
degree assortativity		0.392818
number of connected components	1
size of largest component	4999 (100.00 %)
tot:  6601.456418691188
__glove+Louvain__
PLM(balanced,pc,turbo) detected communities in 0.42269039154052734 [s]
solution properties:
-------------------  ----------
# communities         56
min community size    58
max community size   165
avg. community size   89.2679
modularity             0.710612
-------------------  ----------
104 community detected
NMI:0.06450521162148304
ARM:0.2424376075731497
__glove+PLP__
PLP detected communities in 0.09632658958435059 [s]
solution properties:
-------------------  ----------
# communities        104
min community size    20
max community size    99
avg. community size   48.0673
modularity             0.710965
-------------------  ----------
104 community detected
NMI:0.0011757316955849362
ARM:0.002674745969428516
__fake_pmi__
Network Properties for:		G#40cc
nodes, edges			4999, 56245
directed?			False
weighted?			True
isolated nodes			0
self-loops			0
density				0.004502
clustering coefficient		0.313948
min/max/avg degree		1, 83, 22.502501
degree assortativity		0.392818
number of connected components	1
size of largest component	4999 (100.00 %)
tot:  0.0
__fake_pmi+Louvain__
1 community detected due to total edge weight equal 0
NMI:1
ARM:0.002674745969428516
__fake_pmi+PLP__
1 community detected due to total edge weight equal 0
NMI:1
ARM:0.002674745969428516
__iterative_rev_degree_order__
Network Properties for:		G#53cc
nodes, edges			4999, 56245
directed?			False
weighted?			True
isolated nodes			0
self-loops			0
density				0.004502
clustering coefficient		0.313948
min/max/avg degree		1, 83, 22.502501
degree assortativity		0.392818
number of connected components	1
size of largest component	4999 (100.00 %)
tot:  1099.1840954784568
__iterative_rev_degree_order+Louvain__
PLM(balanced,pc,turbo) detected communities in 0.9144041538238525 [s]
solution properties:
-------------------  ----------
# communities         46
min community size    49
max community size   216
avg. community size  108.674
modularity             0.732897
-------------------  ----------
104 community detected
NMI:0.5406005955759401
ARM:0.8550346369551287
__iterative_rev_degree_order+PLP__
PLP detected communities in 0.07776093482971191 [s]
solution properties:
-------------------  -----------
# communities        1062
min community size      2
max community size     19
avg. community size     4.70716
modularity              0.602545
-------------------  -----------
104 community detected
NMI:0.33150079991251413
ARM:0.9247283126787417
__pmi__
Network Properties for:		G#78cc
nodes, edges			4999, 56245
directed?			False
weighted?			True
isolated nodes			0
self-loops			0
density				0.004502
clustering coefficient		0.313948
min/max/avg degree		1, 83, 22.502501
degree assortativity		0.392818
number of connected components	1
size of largest component	4999 (100.00 %)
tot:  334631.00700765784
__pmi+Louvain__
PLM(balanced,pc,turbo) detected communities in 0.45479869842529297 [s]
solution properties:
-------------------  ----------
# communities         68
min community size    42
max community size   102
avg. community size   73.5147
modularity             0.715438
-------------------  ----------
104 community detected
NMI:0.03959369216727249
ARM:0.1380765880726289
__pmi+PLP__
PLP detected communities in 0.10648727416992188 [s]
solution properties:
-------------------  ----------
# communities        101
min community size    20
max community size   204
avg. community size   49.495
modularity             0.715118
-------------------  ----------
104 community detected
NMI:0.006357325282055792
ARM:0.049243173143621144
__standard__
Network Properties for:		G#97cc
nodes, edges			4999, 56245
directed?			False
weighted?			True
isolated nodes			0
self-loops			0
density				0.004502
clustering coefficient		0.313948
min/max/avg degree		1, 83, 22.502501
degree assortativity		0.392818
number of connected components	1
size of largest component	4999 (100.00 %)
tot:  17.52851769592785
__standard+Louvain__
PLM(balanced,pc,turbo) detected communities in 0.637110710144043 [s]
solution properties:
-------------------  ----------
# communities         54
min community size    27
max community size   215
avg. community size   92.5741
modularity             0.717647
-------------------  ----------
104 community detected
NMI:0.12856140388207382
ARM:0.3980886128207196
__standard+PLP__
PLP detected communities in 0.1645374298095703 [s]
solution properties:
-------------------  ----------
# communities        161
min community size     2
max community size   125
avg. community size   31.0497
modularity             0.706561
-------------------  ----------
104 community detected
NMI:0.060006410467720595
ARM:0.13898239808290302
__ppmi__
Network Properties for:		G#119cc
nodes, edges			4999, 56245
directed?			False
weighted?			True
isolated nodes			0
self-loops			0
density				0.004502
clustering coefficient		0.313948
min/max/avg degree		1, 83, 22.502501
degree assortativity		0.392818
number of connected components	1
size of largest component	4999 (100.00 %)
tot:  336391.6757769469
__ppmi+Louvain__
PLM(balanced,pc,turbo) detected communities in 0.4448814392089844 [s]
solution properties:
-------------------  ----------
# communities         68
min community size    44
max community size   108
avg. community size   73.5147
modularity             0.713377
-------------------  ----------
104 community detected
NMI:0.040139577036953034
ARM:0.14259050527821204
__ppmi+PLP__
PLP detected communities in 0.10166144371032715 [s]
solution properties:
-------------------  ----------
# communities         99
min community size    20
max community size   146
avg. community size   50.4949
modularity             0.713347
-------------------  ----------
104 community detected
NMI:0.007716853920654354
ARM:0.04213276445212555
__glovexmax50alpha0.2__
Network Properties for:		G#138cc
nodes, edges			4999, 56245
directed?			False
weighted?			True
isolated nodes			0
self-loops			0
density				0.004502
clustering coefficient		0.313948
min/max/avg degree		1, 83, 22.502501
degree assortativity		0.392818
number of connected components	1
size of largest component	4999 (100.00 %)
tot:  35493.75621104696
__glovexmax50alpha0.2+Louvain__
PLM(balanced,pc,turbo) detected communities in 0.4855649471282959 [s]
solution properties:
-------------------  ----------
# communities         67
min community size    41
max community size   127
avg. community size   74.6119
modularity             0.710847
-------------------  ----------
104 community detected
NMI:0.04207011640638958
ARM:0.15209989329688645
__glovexmax50alpha0.2+PLP__
PLP detected communities in 0.06873273849487305 [s]
solution properties:
-------------------  ----------
# communities        104
min community size    20
max community size    99
avg. community size   48.0673
modularity             0.710711
-------------------  ----------
104 community detected
NMI:0.0007093774559288057
ARM:0.001655413835885522
__glovexmax40alpha0.2__
Network Properties for:		G#157cc
nodes, edges			4999, 56245
directed?			False
weighted?			True
isolated nodes			0
self-loops			0
density				0.004502
clustering coefficient		0.313948
min/max/avg degree		1, 83, 22.502501
degree assortativity		0.392818
number of connected components	1
size of largest component	4999 (100.00 %)
tot:  37113.67536430306
__glovexmax40alpha0.2+Louvain__
PLM(balanced,pc,turbo) detected communities in 0.4117863178253174 [s]
solution properties:
-------------------  ---------
# communities         61
min community size    51
max community size   131
avg. community size   81.9508
modularity             0.71043
-------------------  ---------
104 community detected
NMI:0.05268708867772287
ARM:0.19285032656956247
__glovexmax40alpha0.2+PLP__
PLP detected communities in 0.07906842231750488 [s]
solution properties:
-------------------  ----------
# communities        104
min community size    20
max community size    99
avg. community size   48.0673
modularity             0.710711
-------------------  ----------
104 community detected
NMI:0.0007093774559285837
ARM:0.001655413835885522
__glovexmax30alpha0.3__
Network Properties for:		G#176cc
nodes, edges			4999, 56245
directed?			False
weighted?			True
isolated nodes			0
self-loops			0
density				0.004502
clustering coefficient		0.313948
min/max/avg degree		1, 83, 22.502501
degree assortativity		0.392818
number of connected components	1
size of largest component	4999 (100.00 %)
tot:  33197.85897836203
__glovexmax30alpha0.3+Louvain__
PLM(balanced,pc,turbo) detected communities in 0.6235380172729492 [s]
solution properties:
-------------------  ----------
# communities         52
min community size    63
max community size   163
avg. community size   96.1346
modularity             0.710794
-------------------  ----------
104 community detected
NMI:0.07268851969911427
ARM:0.27193293125867635
__glovexmax30alpha0.3+PLP__
PLP detected communities in 0.08721423149108887 [s]
solution properties:
-------------------  ---------
# communities        104
min community size    20
max community size    99
avg. community size   48.0673
modularity             0.71194
-------------------  ---------
104 community detected
NMI:0.0007093774559286947
ARM:0.001655413835885522
