__LOADINGS__
Network Properties for:		network
nodes, edges			5000, 42031
directed?			False
weighted?			True
isolated nodes			2
self-loops			0
density				0.003363
clustering coefficient		0.286440
min/max/avg degree		0, 78, 16.812400
degree assortativity		0.384470
number of connected components	3
size of largest component	4998 (99.96 %)
236964.3465485788
__Groundtruth__
read communities from: ../../lfr_5000/mk100/k20/muw0.3/0/community.dat
-------------------  ----------
# communities        104
min community size    20
max community size    99
avg. community size   48.0769
modularity             0.703283
-------------------  ----------
104 community detected
__CLASSIC_METHODS__
__Louvain__
PLM(balanced,pc,turbo) detected communities in 0.5347280502319336 [s]
solution properties:
-------------------  ----------
# communities         57
min community size     1
max community size   148
avg. community size   87.7193
modularity             0.704494
-------------------  ----------
104 community detected
NMI:0.06867617486764988
ARM:0.25849612906461417
__Singleton__
104 community detected
NMI:0.3047814955401724
ARM:1.0
__AllInOne__
104 community detected
NMI:1.0
ARM:1.0
__PLP__
PLP detected communities in 0.07999539375305176 [s]
solution properties:
-------------------  ----------
# communities        106
min community size     1
max community size    99
avg. community size   47.1698
modularity             0.703328
-------------------  ----------
104 community detected
NMI:0.0023183417677697937
ARM:0.005118793989635884
__NORMALIZATION__
__glove__
Network Properties for:		G#21cc
nodes, edges			4998, 42031
directed?			False
weighted?			True
isolated nodes			0
self-loops			0
density				0.003366
clustering coefficient		0.286554
min/max/avg degree		1, 78, 16.819128
degree assortativity		0.384470
number of connected components	1
size of largest component	4998 (100.00 %)
tot:  4636.328881527944
__glove+Louvain__
PLM(balanced,pc,turbo) detected communities in 0.428267240524292 [s]
solution properties:
-------------------  ----------
# communities         60
min community size    42
max community size   148
avg. community size   83.3
modularity             0.709259
-------------------  ----------
104 community detected
NMI:0.054673815431330874
ARM:0.204107440088097
__glove+PLP__
PLP detected communities in 0.09833693504333496 [s]
solution properties:
-------------------  ----------
# communities        104
min community size    20
max community size    99
avg. community size   48.0577
modularity             0.708429
-------------------  ----------
104 community detected
NMI:0.00023472252025646956
ARM:0.0005274113245760104
__fake_pmi__
Network Properties for:		G#40cc
nodes, edges			4998, 42031
directed?			False
weighted?			True
isolated nodes			0
self-loops			0
density				0.003366
clustering coefficient		0.286554
min/max/avg degree		1, 78, 16.819128
degree assortativity		0.384470
number of connected components	1
size of largest component	4998 (100.00 %)
tot:  0.0
__fake_pmi+Louvain__
1 community detected due to total edge weight equal 0
NMI:1
ARM:0.0005274113245760104
__fake_pmi+PLP__
1 community detected due to total edge weight equal 0
NMI:1
ARM:0.0005274113245760104
__iterative_rev_degree_order__
Network Properties for:		G#53cc
nodes, edges			4998, 42031
directed?			False
weighted?			True
isolated nodes			0
self-loops			0
density				0.003366
clustering coefficient		0.286554
min/max/avg degree		1, 78, 16.819128
degree assortativity		0.384470
number of connected components	1
size of largest component	4998 (100.00 %)
tot:  1302.684281841205
__iterative_rev_degree_order+Louvain__
PLM(balanced,pc,turbo) detected communities in 0.8524982929229736 [s]
solution properties:
-------------------  ----------
# communities         53
min community size    45
max community size   171
avg. community size   94.3019
modularity             0.773836
-------------------  ----------
104 community detected
NMI:0.5328303585830836
ARM:0.8516774393685891
__iterative_rev_degree_order+PLP__
PLP detected communities in 0.09306573867797852 [s]
solution properties:
-------------------  -----------
# communities        1250
min community size      2
max community size     16
avg. community size     3.9984
modularity              0.641916
-------------------  -----------
104 community detected
NMI:0.3328088384495336
ARM:0.943077332952116
__pmi__
Network Properties for:		G#78cc
nodes, edges			4998, 42031
directed?			False
weighted?			True
isolated nodes			0
self-loops			0
density				0.003366
clustering coefficient		0.286554
min/max/avg degree		1, 78, 16.819128
degree assortativity		0.384470
number of connected components	1
size of largest component	4998 (100.00 %)
tot:  250603.57536568827
__pmi+Louvain__
PLM(balanced,pc,turbo) detected communities in 0.49172234535217285 [s]
solution properties:
-------------------  ----------
# communities         60
min community size    42
max community size   123
avg. community size   83.3
modularity             0.718472
-------------------  ----------
104 community detected
NMI:0.05472338302594937
ARM:0.20201766160367363
__pmi+PLP__
PLP detected communities in 0.10048317909240723 [s]
solution properties:
-------------------  ----------
# communities        102
min community size    20
max community size    99
avg. community size   49
modularity             0.718791
-------------------  ----------
104 community detected
NMI:0.002744117897791498
ARM:0.011938688518885798
__standard__
Network Properties for:		G#97cc
nodes, edges			4998, 42031
directed?			False
weighted?			True
isolated nodes			0
self-loops			0
density				0.003366
clustering coefficient		0.286554
min/max/avg degree		1, 78, 16.819128
degree assortativity		0.384470
number of connected components	1
size of largest component	4998 (100.00 %)
tot:  24.985874236530805
__standard+Louvain__
PLM(balanced,pc,turbo) detected communities in 0.628361701965332 [s]
solution properties:
-------------------  ----------
# communities         59
min community size    27
max community size   308
avg. community size   84.7119
modularity             0.738275
-------------------  ----------
104 community detected
NMI:0.22753349943283907
ARM:0.5532982146207956
__standard+PLP__
PLP detected communities in 0.21126055717468262 [s]
solution properties:
-------------------  ----------
# communities        353
min community size     1
max community size    93
avg. community size   14.1586
modularity             0.685562
-------------------  ----------
104 community detected
NMI:0.15981003337258837
ARM:0.3381102433746185
__ppmi__
Network Properties for:		G#119cc
nodes, edges			4998, 42031
directed?			False
weighted?			True
isolated nodes			0
self-loops			0
density				0.003366
clustering coefficient		0.286554
min/max/avg degree		1, 78, 16.819128
degree assortativity		0.384470
number of connected components	1
size of largest component	4998 (100.00 %)
tot:  254077.85671636468
__ppmi+Louvain__
PLM(balanced,pc,turbo) detected communities in 0.4562654495239258 [s]
solution properties:
-------------------  ---------
# communities         66
min community size    36
max community size   133
avg. community size   75.7273
modularity             0.71546
-------------------  ---------
104 community detected
NMI:0.045221091966663685
ARM:0.17258809007037845
__ppmi+PLP__
PLP detected communities in 0.1065678596496582 [s]
solution properties:
-------------------  ----------
# communities        102
min community size    20
max community size   159
avg. community size   49
modularity             0.715127
-------------------  ----------
104 community detected
NMI:0.0038227580890648483
ARM:0.027390364919513632
__glovexmax50alpha0.2__
Network Properties for:		G#138cc
nodes, edges			4998, 42031
directed?			False
weighted?			True
isolated nodes			0
self-loops			0
density				0.003366
clustering coefficient		0.286554
min/max/avg degree		1, 78, 16.819128
degree assortativity		0.384470
number of connected components	1
size of largest component	4998 (100.00 %)
tot:  25658.002286344556
__glovexmax50alpha0.2+Louvain__
PLM(balanced,pc,turbo) detected communities in 0.34311509132385254 [s]
solution properties:
-------------------  ---------
# communities         61
min community size    41
max community size   155
avg. community size   81.9344
modularity             0.71183
-------------------  ---------
104 community detected
NMI:0.054392982753544095
ARM:0.20820375921506828
__glovexmax50alpha0.2+PLP__
PLP detected communities in 0.10892534255981445 [s]
solution properties:
-------------------  ----------
# communities        104
min community size    20
max community size    99
avg. community size   48.0577
modularity             0.711558
-------------------  ----------
104 community detected
NMI:0.00023472252025646956
ARM:0.0005274113245760104
__glovexmax40alpha0.2__
Network Properties for:		G#157cc
nodes, edges			4998, 42031
directed?			False
weighted?			True
isolated nodes			0
self-loops			0
density				0.003366
clustering coefficient		0.286554
min/max/avg degree		1, 78, 16.819128
degree assortativity		0.384470
number of connected components	1
size of largest component	4998 (100.00 %)
tot:  26829.02203107912
__glovexmax40alpha0.2+Louvain__
PLM(balanced,pc,turbo) detected communities in 0.4492201805114746 [s]
solution properties:
-------------------  ----------
# communities         55
min community size    52
max community size   127
avg. community size   90.8727
modularity             0.711402
-------------------  ----------
104 community detected
NMI:0.06525457699073023
ARM:0.243164757066059
__glovexmax40alpha0.2+PLP__
PLP detected communities in 0.10192680358886719 [s]
solution properties:
-------------------  ----------
# communities        104
min community size    20
max community size    99
avg. community size   48.0577
modularity             0.711558
-------------------  ----------
104 community detected
NMI:0.0002347225202566916
ARM:0.0005274113245760104
__glovexmax30alpha0.3__
Network Properties for:		G#176cc
nodes, edges			4998, 42031
directed?			False
weighted?			True
isolated nodes			0
self-loops			0
density				0.003366
clustering coefficient		0.286554
min/max/avg degree		1, 78, 16.819128
degree assortativity		0.384470
number of connected components	1
size of largest component	4998 (100.00 %)
tot:  23772.95158607808
__glovexmax30alpha0.3+Louvain__
PLM(balanced,pc,turbo) detected communities in 0.3728640079498291 [s]
solution properties:
-------------------  ----------
# communities         53
min community size    62
max community size   152
avg. community size   94.3019
modularity             0.712434
-------------------  ----------
104 community detected
NMI:0.06968164120566289
ARM:0.25943562332140246
__glovexmax30alpha0.3+PLP__
PLP detected communities in 0.06057405471801758 [s]
solution properties:
-------------------  ----------
# communities        104
min community size    20
max community size    99
avg. community size   48.0577
modularity             0.712709
-------------------  ----------
104 community detected
NMI:0.00023472252025646956
ARM:0.0005274113245760104
