__LOADINGS__
4980/47037 10.587409911346386 % of nul weighted edges removed
1/5000 0.02 % of nul degree nodes removed
Network Properties for:		network
nodes, edges			4999, 42057
directed?			False
weighted?			True
isolated nodes			1
self-loops			0
density				0.003367
clustering coefficient		0.188297
min/max/avg degree		0, 80, 16.826165
degree assortativity		0.389876
number of connected components	1
size of largest component	4999 (100.00 %)
238181.79002959278
__Groundtruth__
read communities from: ../../lfr_5000/mk100/k20/muw0.4/9/community.dat
-------------------  ----------
# communities        104
min community size    20
max community size    99
avg. community size   48.0769
modularity             0.595166
-------------------  ----------
104 community detected
__CLASSIC_METHODS__
__Louvain__
PLM(balanced,pc,turbo) detected communities in 0.5443108081817627 [s]
solution properties:
-------------------  ----------
# communities         48
min community size    60
max community size   166
avg. community size  104.146
modularity             0.597724
-------------------  ----------
104 community detected
NMI:0.09567119718606243
ARI:0.33694410705791167
__Singleton__
104 community detected
NMI:0.3047653125958618
ARI:1.0
__AllInOne__
104 community detected
NMI:1.0
ARI:1.0
__PLP__
PLP detected communities in 0.11778020858764648 [s]
solution properties:
-------------------  ----------
# communities        105
min community size     1
max community size    99
avg. community size   47.619
modularity             0.595786
-------------------  ----------
104 community detected
NMI:0.011915156898284485
ARI:0.025779646241669285
__NORMALIZATION__
__glove__
Network Properties for:		G#21
nodes, edges			4999, 42057
directed?			False
weighted?			True
isolated nodes			1
self-loops			0
density				0.003367
clustering coefficient		0.188297
min/max/avg degree		0, 80, 16.826165
degree assortativity		0.389876
number of connected components	1
size of largest component	4999 (100.00 %)
tot:  4667.094802963346
__glove+Louvain__
PLM(balanced,pc,turbo) detected communities in 0.5608949661254883 [s]
solution properties:
-------------------  ----------
# communities         51
min community size    42
max community size   176
avg. community size   98.0196
modularity             0.602075
-------------------  ----------
104 community detected
NMI:0.08197334652480126
ARI:0.3036035855776542
__glove+PLP__
PLP detected communities in 0.10574030876159668 [s]
solution properties:
-------------------  ----------
# communities        106
min community size     1
max community size    99
avg. community size   47.1698
modularity             0.600147
-------------------  ----------
104 community detected
NMI:0.005786722528842381
ARI:0.012534608253914614
__fake_pmi__
Network Properties for:		G#30
nodes, edges			4999, 42057
directed?			False
weighted?			True
isolated nodes			1
self-loops			0
density				0.003367
clustering coefficient		0.188297
min/max/avg degree		0, 80, 16.826165
degree assortativity		0.389876
number of connected components	1
size of largest component	4999 (100.00 %)
tot:  0.0
__fake_pmi+Louvain__
1 community detected due to total edge weight equal 0
NMI:1
ARI:1
__fake_pmi+PLP__
1 community detected due to total edge weight equal 0
NMI:1
ARI:1
__iterative_rev_degree_order__
Network Properties for:		G#33
nodes, edges			4999, 42057
directed?			False
weighted?			True
isolated nodes			1
self-loops			0
density				0.003367
clustering coefficient		0.188297
min/max/avg degree		0, 80, 16.826165
degree assortativity		0.389876
number of connected components	1
size of largest component	4999 (100.00 %)
tot:  1326.2941047543793
__iterative_rev_degree_order+Louvain__
PLM(balanced,pc,turbo) detected communities in 0.7684276103973389 [s]
solution properties:
-------------------  ----------
# communities         64
min community size    34
max community size   138
avg. community size   78.1094
modularity             0.750292
-------------------  ----------
104 community detected
NMI:0.6326153001134149
ARI:0.9299888081064985
__iterative_rev_degree_order+PLP__
PLP detected communities in 0.08601880073547363 [s]
solution properties:
-------------------  -----------
# communities        1275
min community size      1
max community size     14
avg. community size     3.92157
modularity              0.634809
-------------------  -----------
104 community detected
NMI:0.35708865251410715
ARI:0.9598000430155181
__pmi__
Network Properties for:		G#48
nodes, edges			4999, 42057
directed?			False
weighted?			True
isolated nodes			1
self-loops			0
density				0.003367
clustering coefficient		0.188297
min/max/avg degree		0, 80, 16.826165
degree assortativity		0.389876
number of connected components	1
size of largest component	4999 (100.00 %)
tot:  251107.28687433005
__pmi+Louvain__
PLM(balanced,pc,turbo) detected communities in 0.6471571922302246 [s]
solution properties:
-------------------  ----------
# communities         48
min community size    65
max community size   162
avg. community size  104.146
modularity             0.612648
-------------------  ----------
104 community detected
NMI:0.08378069626620621
ARI:0.3125798446425163
__pmi+PLP__
PLP detected communities in 0.1331160068511963 [s]
solution properties:
-------------------  ---------
# communities        102
min community size     1
max community size   122
avg. community size   49.0196
modularity             0.61269
-------------------  ---------
104 community detected
NMI:0.004906340991162383
ARI:0.022430363868815584
__standard__
Network Properties for:		G#57
nodes, edges			4999, 42057
directed?			False
weighted?			True
isolated nodes			1
self-loops			0
density				0.003367
clustering coefficient		0.188297
min/max/avg degree		0, 80, 16.826165
degree assortativity		0.389876
number of connected components	1
size of largest component	4999 (100.00 %)
tot:  23.720400866667287
__standard+Louvain__
PLM(balanced,pc,turbo) detected communities in 0.7670705318450928 [s]
solution properties:
-------------------  ----------
# communities         47
min community size    31
max community size   206
avg. community size  106.362
modularity             0.615423
-------------------  ----------
104 community detected
NMI:0.40173819508166697
ARI:0.7199048618842154
__standard+PLP__
PLP detected communities in 0.20147418975830078 [s]
solution properties:
-------------------  ----------
# communities        698
min community size     1
max community size    66
avg. community size    7.16332
modularity             0.507374
-------------------  ----------
104 community detected
NMI:0.2960186089271668
ARI:0.6814460253084884
__ppmi__
Network Properties for:		G#69
nodes, edges			4999, 42057
directed?			False
weighted?			True
isolated nodes			1
self-loops			0
density				0.003367
clustering coefficient		0.188297
min/max/avg degree		0, 80, 16.826165
degree assortativity		0.389876
number of connected components	1
size of largest component	4999 (100.00 %)
tot:  254611.08864003725
__ppmi+Louvain__
PLM(balanced,pc,turbo) detected communities in 0.5744903087615967 [s]
solution properties:
-------------------  ----------
# communities         53
min community size    51
max community size   146
avg. community size   94.3208
modularity             0.609068
-------------------  ----------
104 community detected
NMI:0.0708484771589255
ARI:0.264138859480584
__ppmi+PLP__
PLP detected communities in 0.13740205764770508 [s]
solution properties:
-------------------  ----------
# communities        104
min community size     1
max community size   122
avg. community size   48.0769
modularity             0.608306
-------------------  ----------
104 community detected
NMI:0.0025389031003958396
ARI:0.01104822182877696
__glovexmax50alpha0.2__
Network Properties for:		G#78
nodes, edges			4999, 42057
directed?			False
weighted?			True
isolated nodes			1
self-loops			0
density				0.003367
clustering coefficient		0.188297
min/max/avg degree		0, 80, 16.826165
degree assortativity		0.389876
number of connected components	1
size of largest component	4999 (100.00 %)
tot:  25737.66386976494
__glovexmax50alpha0.2+Louvain__
PLM(balanced,pc,turbo) detected communities in 0.7855377197265625 [s]
solution properties:
-------------------  ----------
# communities         51
min community size    51
max community size   158
avg. community size   98.0196
modularity             0.604733
-------------------  ----------
104 community detected
NMI:0.07699829404234837
ARI:0.2916636214947972
__glovexmax50alpha0.2+PLP__
PLP detected communities in 0.1059877872467041 [s]
solution properties:
-------------------  ----------
# communities        106
min community size     1
max community size    99
avg. community size   47.1698
modularity             0.603452
-------------------  ----------
104 community detected
NMI:0.0016816428393263694
ARI:0.0036593175372793274
__glovexmax40alpha0.2__
Network Properties for:		G#87
nodes, edges			4999, 42057
directed?			False
weighted?			True
isolated nodes			1
self-loops			0
density				0.003367
clustering coefficient		0.188297
min/max/avg degree		0, 80, 16.826165
degree assortativity		0.389876
number of connected components	1
size of largest component	4999 (100.00 %)
tot:  26912.319333525043
__glovexmax40alpha0.2+Louvain__
PLM(balanced,pc,turbo) detected communities in 0.5524508953094482 [s]
solution properties:
-------------------  ----------
# communities         56
min community size    37
max community size   135
avg. community size   89.2679
modularity             0.605141
-------------------  ----------
104 community detected
NMI:0.06472034943923466
ARI:0.24217459386451567
__glovexmax40alpha0.2+PLP__
PLP detected communities in 0.06274867057800293 [s]
solution properties:
-------------------  ----------
# communities        106
min community size     1
max community size    99
avg. community size   47.1698
modularity             0.602963
-------------------  ----------
104 community detected
NMI:0.0016387095442621513
ARI:0.0034968971194573317
__glovexmax30alpha0.3__
Network Properties for:		G#96
nodes, edges			4999, 42057
directed?			False
weighted?			True
isolated nodes			1
self-loops			0
density				0.003367
clustering coefficient		0.188297
min/max/avg degree		0, 80, 16.826165
degree assortativity		0.389876
number of connected components	1
size of largest component	4999 (100.00 %)
tot:  23877.962520684192
__glovexmax30alpha0.3+Louvain__
PLM(balanced,pc,turbo) detected communities in 0.761519193649292 [s]
solution properties:
-------------------  ----------
# communities         51
min community size    51
max community size   157
avg. community size   98.0196
modularity             0.605935
-------------------  ----------
104 community detected
NMI:0.07626331089778315
ARI:0.28620574965660994
__glovexmax30alpha0.3+PLP__
PLP detected communities in 0.0506129264831543 [s]
solution properties:
-------------------  ----------
# communities        106
min community size     1
max community size    99
avg. community size   47.1698
modularity             0.601178
-------------------  ----------
104 community detected
NMI:0.0023753129559492825
ARI:0.008177776521228974
NMI classement:
[('NMIglovexmax40alpha0.2+PLP', 0.0016387095442621513), ('NMIglovexmax50alpha0.2+PLP', 0.0016816428393263694), ('NMIglovexmax30alpha0.3+PLP', 0.0023753129559492825), ('NMIppmi+PLP', 0.0025389031003958396), ('NMIpmi+PLP', 0.004906340991162383), ('NMIglove+PLP', 0.005786722528842381), ('NMIPLP', 0.011915156898284485), ('NMIglovexmax40alpha0.2+Louvain', 0.06472034943923466), ('NMIppmi+Louvain', 0.0708484771589255), ('NMIglovexmax30alpha0.3+Louvain', 0.07626331089778315), ('NMIglovexmax50alpha0.2+Louvain', 0.07699829404234837), ('NMIglove+Louvain', 0.08197334652480126), ('NMIpmi+Louvain', 0.08378069626620621), ('NMILouvain', 0.09567119718606243), ('NMIstandard+PLP', 0.2960186089271668), ('NMISingleton', 0.3047653125958618), ('NMIiterative_rev_degree_order+PLP', 0.35708865251410715), ('NMIstandard+Louvain', 0.40173819508166697), ('NMIiterative_rev_degree_order+Louvain', 0.6326153001134149), ('NMIAllInOne', 1.0), ('NMIfake_pmi+Louvain', 1), ('NMIfake_pmi+PLP', 1)]
ARI classement:
[('ARIglovexmax40alpha0.2+PLP', 0.0034968971194573317), ('ARIglovexmax50alpha0.2+PLP', 0.0036593175372793274), ('ARIglovexmax30alpha0.3+PLP', 0.008177776521228974), ('ARIppmi+PLP', 0.01104822182877696), ('ARIglove+PLP', 0.012534608253914614), ('ARIpmi+PLP', 0.022430363868815584), ('ARIPLP', 0.025779646241669285), ('ARIglovexmax40alpha0.2+Louvain', 0.24217459386451567), ('ARIppmi+Louvain', 0.264138859480584), ('ARIglovexmax30alpha0.3+Louvain', 0.28620574965660994), ('ARIglovexmax50alpha0.2+Louvain', 0.2916636214947972), ('ARIglove+Louvain', 0.3036035855776542), ('ARIpmi+Louvain', 0.3125798446425163), ('ARILouvain', 0.33694410705791167), ('ARIstandard+PLP', 0.6814460253084884), ('ARIstandard+Louvain', 0.7199048618842154), ('ARIiterative_rev_degree_order+Louvain', 0.9299888081064985), ('ARIiterative_rev_degree_order+PLP', 0.9598000430155181), ('ARISingleton', 1.0), ('ARIAllInOne', 1.0), ('ARIfake_pmi+Louvain', 1), ('ARIfake_pmi+PLP', 1)]
