__LOADINGS__
Network Properties for:		network
nodes, edges			5000, 56377
directed?			False
weighted?			True
isolated nodes			0
self-loops			0
density				0.004511
clustering coefficient		0.238915
min/max/avg degree		1, 346, 22.550800
degree assortativity		0.312479
number of connected components	1
size of largest component	5000 (100.00 %)
521145.34949742927
__Groundtruth__
read communities from: ../../lfr_5000/mk500/k25/muw0.4/40/community.dat
-------------------  ----------
# communities         45
min community size     6
max community size   473
avg. community size  111.111
modularity             0.451656
-------------------  ----------
45 community detected
__CLASSIC_METHODS__
__Louvain__
PLM(balanced,pc,turbo) detected communities in 0.33944058418273926 [s]
solution properties:
-------------------  ----------
# communities         16
min community size   206
max community size   474
avg. community size  312.5
modularity             0.456698
-------------------  ----------
45 community detected
NMI:0.19576298306686513
ARM:0.23092220895649307
__Singleton__
45 community detected
NMI:0.4614604625731925
ARM:1.0
__AllInOne__
45 community detected
NMI:1.0
ARM:1.0
__PLP__
PLP detected communities in 0.22925639152526855 [s]
solution properties:
-------------------  -----------
# communities          29
min community size      2
max community size   1102
avg. community size   172.414
modularity              0.441171
-------------------  -----------
45 community detected
NMI:0.21644776181269543
ARM:0.39330316233309903
__NORMALIZATION__
__glove__
Network Properties for:		G#21cc
nodes, edges			5000, 56377
directed?			False
weighted?			True
isolated nodes			0
self-loops			0
density				0.004511
clustering coefficient		0.238915
min/max/avg degree		1, 346, 22.550800
degree assortativity		0.312479
number of connected components	1
size of largest component	5000 (100.00 %)
tot:  8043.002234928878
__glove+Louvain__
PLM(balanced,pc,turbo) detected communities in 0.2073519229888916 [s]
solution properties:
-------------------  ----------
# communities         15
min community size   196
max community size   459
avg. community size  333.333
modularity             0.481643
-------------------  ----------
45 community detected
NMI:0.1697884589352987
ARM:0.21663339968759143
__glove+PLP__
PLP detected communities in 0.13936495780944824 [s]
solution properties:
-------------------  ----------
# communities         40
min community size     5
max community size   478
avg. community size  125
modularity             0.482127
-------------------  ----------
45 community detected
NMI:0.10514627006234689
ARM:0.13654812325061882
__fake_pmi__
Network Properties for:		G#40cc
nodes, edges			5000, 56377
directed?			False
weighted?			True
isolated nodes			0
self-loops			0
density				0.004511
clustering coefficient		0.238915
min/max/avg degree		1, 346, 22.550800
degree assortativity		0.312479
number of connected components	1
size of largest component	5000 (100.00 %)
tot:  0.0
__fake_pmi+Louvain__
1 community detected due to total edge weight equal 0
NMI:1
ARM:0.13654812325061882
__fake_pmi+PLP__
1 community detected due to total edge weight equal 0
NMI:1
ARM:0.13654812325061882
__iterative_rev_degree_order__
Network Properties for:		G#53cc
nodes, edges			5000, 56377
directed?			False
weighted?			True
isolated nodes			0
self-loops			0
density				0.004511
clustering coefficient		0.238915
min/max/avg degree		1, 346, 22.550800
degree assortativity		0.312479
number of connected components	1
size of largest component	5000 (100.00 %)
tot:  1361.939837967122
__iterative_rev_degree_order+Louvain__
PLM(balanced,pc,turbo) detected communities in 0.4323101043701172 [s]
solution properties:
-------------------  ----------
# communities         44
min community size    75
max community size   156
avg. community size  113.636
modularity             0.828305
-------------------  ----------
45 community detected
NMI:0.8133908628936948
ARM:0.9747982387982388
__iterative_rev_degree_order+PLP__
PLP detected communities in 0.09258484840393066 [s]
solution properties:
-------------------  -----------
# communities        1532
min community size      2
max community size     12
avg. community size     3.26371
modularity              0.718506
-------------------  -----------
45 community detected
NMI:0.5391130098388783
ARM:0.9942172667527944
__pmi__
Network Properties for:		G#78cc
nodes, edges			5000, 56377
directed?			False
weighted?			True
isolated nodes			0
self-loops			0
density				0.004511
clustering coefficient		0.238915
min/max/avg degree		1, 346, 22.550800
degree assortativity		0.312479
number of connected components	1
size of largest component	5000 (100.00 %)
tot:  127581.94557328263
__pmi+Louvain__
PLM(balanced,pc,turbo) detected communities in 0.3403663635253906 [s]
solution properties:
-------------------  ----------
# communities         29
min community size    25
max community size   864
avg. community size  172.414
modularity             0.761641
-------------------  ----------
45 community detected
NMI:0.3762615040544909
ARM:0.5856337444404887
__pmi+PLP__
PLP detected communities in 0.05921673774719238 [s]
solution properties:
-------------------  ----------
# communities        121
min community size     1
max community size   947
avg. community size   41.3223
modularity             0.728664
-------------------  ----------
45 community detected
NMI:0.36884677195154614
ARM:0.6406035204761593
__standard__
Network Properties for:		G#97cc
nodes, edges			5000, 56377
directed?			False
weighted?			True
isolated nodes			0
self-loops			0
density				0.004511
clustering coefficient		0.238915
min/max/avg degree		1, 346, 22.550800
degree assortativity		0.312479
number of connected components	1
size of largest component	5000 (100.00 %)
tot:  13.353442862431047
__standard+Louvain__
PLM(balanced,pc,turbo) detected communities in 0.7165584564208984 [s]
solution properties:
-------------------  ----------
# communities         80
min community size     2
max community size   247
avg. community size   62.5
modularity             0.827789
-------------------  ----------
45 community detected
NMI:0.7285085814925827
ARM:0.9337111277537403
__standard+PLP__
PLP detected communities in 0.1801772117614746 [s]
solution properties:
-------------------  -----------
# communities        1177
min community size      2
max community size     69
avg. community size     4.24809
modularity              0.691271
-------------------  -----------
45 community detected
NMI:0.5742004172778434
ARM:0.9885281478090201
__ppmi__
Network Properties for:		G#119cc
nodes, edges			5000, 56377
directed?			False
weighted?			True
isolated nodes			0
self-loops			0
density				0.004511
clustering coefficient		0.238915
min/max/avg degree		1, 346, 22.550800
degree assortativity		0.312479
number of connected components	1
size of largest component	5000 (100.00 %)
tot:  196856.27413942356
__ppmi+Louvain__
PLM(balanced,pc,turbo) detected communities in 0.4525291919708252 [s]
solution properties:
-------------------  ----------
# communities         31
min community size    12
max community size   427
avg. community size  161.29
modularity             0.564426
-------------------  ----------
45 community detected
NMI:0.16102698739219823
ARM:0.20761367856933133
__ppmi+PLP__
PLP detected communities in 0.0864400863647461 [s]
solution properties:
-------------------  -----------
# communities          71
min community size      2
max community size   1215
avg. community size    70.4225
modularity              0.533392
-------------------  -----------
45 community detected
NMI:0.20024498849428152
ARM:0.46207499072225067
__glovexmax50alpha0.2__
Network Properties for:		G#138cc
nodes, edges			5000, 56377
directed?			False
weighted?			True
isolated nodes			0
self-loops			0
density				0.004511
clustering coefficient		0.238915
min/max/avg degree		1, 346, 22.550800
degree assortativity		0.312479
number of connected components	1
size of largest component	5000 (100.00 %)
tot:  31755.873352172875
__glovexmax50alpha0.2+Louvain__
PLM(balanced,pc,turbo) detected communities in 0.41768693923950195 [s]
solution properties:
-------------------  ----------
# communities         26
min community size    25
max community size   465
avg. community size  192.308
modularity             0.531994
-------------------  ----------
45 community detected
NMI:0.03529742008186332
ARM:0.03111943181480492
__glovexmax50alpha0.2+PLP__
PLP detected communities in 0.10346150398254395 [s]
solution properties:
-------------------  ----------
# communities         44
min community size     6
max community size   476
avg. community size  113.636
modularity             0.528415
-------------------  ----------
45 community detected
NMI:0.018497428527422977
ARM:0.02473173002187834
__glovexmax40alpha0.2__
Network Properties for:		G#157cc
nodes, edges			5000, 56377
directed?			False
weighted?			True
isolated nodes			0
self-loops			0
density				0.004511
clustering coefficient		0.238915
min/max/avg degree		1, 346, 22.550800
degree assortativity		0.312479
number of connected components	1
size of largest component	5000 (100.00 %)
tot:  33148.792608596064
__glovexmax40alpha0.2+Louvain__
PLM(balanced,pc,turbo) detected communities in 0.37700772285461426 [s]
solution properties:
-------------------  ----------
# communities         22
min community size    79
max community size   465
avg. community size  227.273
modularity             0.532265
-------------------  ----------
45 community detected
NMI:0.046283613971963566
ARM:0.04180417718073404
__glovexmax40alpha0.2+PLP__
PLP detected communities in 0.10644364356994629 [s]
solution properties:
-------------------  ---------
# communities         42
min community size     6
max community size   476
avg. community size  119.048
modularity             0.53203
-------------------  ---------
45 community detected
NMI:0.017474367777441935
ARM:0.02425979415298951
__glovexmax30alpha0.3__
Network Properties for:		G#176cc
nodes, edges			5000, 56377
directed?			False
weighted?			True
isolated nodes			0
self-loops			0
density				0.004511
clustering coefficient		0.238915
min/max/avg degree		1, 346, 22.550800
degree assortativity		0.312479
number of connected components	1
size of largest component	5000 (100.00 %)
tot:  29933.96284662349
__glovexmax30alpha0.3+Louvain__
PLM(balanced,pc,turbo) detected communities in 0.3946695327758789 [s]
solution properties:
-------------------  ----------
# communities         21
min community size   104
max community size   458
avg. community size  238.095
modularity             0.527081
-------------------  ----------
45 community detected
NMI:0.062065915751913114
ARM:0.06431756055489779
__glovexmax30alpha0.3+PLP__
PLP detected communities in 0.1307997703552246 [s]
solution properties:
-------------------  ----------
# communities         42
min community size     6
max community size   472
avg. community size  119.048
modularity             0.526938
-------------------  ----------
45 community detected
NMI:0.029774016294358385
ARM:0.03947749323289873
