__LOADINGS__
Network Properties for:		network
nodes, edges			5000, 56252
directed?			False
weighted?			True
isolated nodes			0
self-loops			0
density				0.004501
clustering coefficient		0.447707
min/max/avg degree		2, 87, 22.500800
degree assortativity		0.409931
number of connected components	1
size of largest component	5000 (100.00 %)
337213.31007433764
__Groundtruth__
read communities from: ../../lfr_5000/mk100/k25/muw0.2/20/community.dat
-------------------  ----------
# communities        104
min community size    20
max community size    99
avg. community size   48.0769
modularity             0.817437
-------------------  ----------
104 community detected
__CLASSIC_METHODS__
__Louvain__
PLM(balanced,pc,turbo) detected communities in 0.4844048023223877 [s]
solution properties:
-------------------  ----------
# communities         63
min community size    43
max community size   122
avg. community size   79.3651
modularity             0.817659
-------------------  ----------
104 community detected
NMI:0.04869656407909517
ARM:0.1780887175718423
__Singleton__
104 community detected
NMI:0.30478149554017087
ARM:1.0
__AllInOne__
104 community detected
NMI:1.0
ARM:1.0
__PLP__
PLP detected communities in 0.08743500709533691 [s]
solution properties:
-------------------  ----------
# communities        104
min community size    20
max community size   101
avg. community size   48.0769
modularity             0.817479
-------------------  ----------
104 community detected
NMI:0.00048498238702476826
ARM:0.0012679256946371842
__NORMALIZATION__
__glove__
Network Properties for:		G#21cc
nodes, edges			5000, 56252
directed?			False
weighted?			True
isolated nodes			0
self-loops			0
density				0.004501
clustering coefficient		0.447707
min/max/avg degree		2, 87, 22.500800
degree assortativity		0.409931
number of connected components	1
size of largest component	5000 (100.00 %)
tot:  6589.782112459165
__glove+Louvain__
PLM(balanced,pc,turbo) detected communities in 0.39473390579223633 [s]
solution properties:
-------------------  ----------
# communities         69
min community size    43
max community size   101
avg. community size   72.4638
modularity             0.819545
-------------------  ----------
104 community detected
NMI:0.03760232459923796
ARM:0.13016547316854565
__glove+PLP__
PLP detected communities in 0.07582664489746094 [s]
solution properties:
-------------------  ----------
# communities        104
min community size    20
max community size   101
avg. community size   48.0769
modularity             0.819364
-------------------  ----------
104 community detected
NMI:0.0004849823870245462
ARM:0.0012679256946371842
__fake_pmi__
Network Properties for:		G#40cc
nodes, edges			5000, 56252
directed?			False
weighted?			True
isolated nodes			0
self-loops			0
density				0.004501
clustering coefficient		0.447707
min/max/avg degree		2, 87, 22.500800
degree assortativity		0.409931
number of connected components	1
size of largest component	5000 (100.00 %)
tot:  0.0
__fake_pmi+Louvain__
1 community detected due to total edge weight equal 0
NMI:1
ARM:0.0012679256946371842
__fake_pmi+PLP__
1 community detected due to total edge weight equal 0
NMI:1
ARM:0.0012679256946371842
__iterative_rev_degree_order__
Network Properties for:		G#53cc
nodes, edges			5000, 56252
directed?			False
weighted?			True
isolated nodes			0
self-loops			0
density				0.004501
clustering coefficient		0.447707
min/max/avg degree		2, 87, 22.500800
degree assortativity		0.409931
number of connected components	1
size of largest component	5000 (100.00 %)
tot:  1155.7024762138512
__iterative_rev_degree_order+Louvain__
PLM(balanced,pc,turbo) detected communities in 0.6193468570709229 [s]
solution properties:
-------------------  ----------
# communities         57
min community size    39
max community size   198
avg. community size   87.7193
modularity             0.788161
-------------------  ----------
104 community detected
NMI:0.38343811916990755
ARM:0.7125563084966506
__iterative_rev_degree_order+PLP__
PLP detected communities in 0.08134293556213379 [s]
solution properties:
-------------------  -----------
# communities        1077
min community size      2
max community size     33
avg. community size     4.64253
modularity              0.620989
-------------------  -----------
104 community detected
NMI:0.29812566780221783
ARM:0.8964742699947
__pmi__
Network Properties for:		G#75cc
nodes, edges			5000, 56252
directed?			False
weighted?			True
isolated nodes			0
self-loops			0
density				0.004501
clustering coefficient		0.447707
min/max/avg degree		2, 87, 22.500800
degree assortativity		0.409931
number of connected components	1
size of largest component	5000 (100.00 %)
tot:  335514.76424942346
__pmi+Louvain__
PLM(balanced,pc,turbo) detected communities in 0.4130887985229492 [s]
solution properties:
-------------------  ----------
# communities         89
min community size    20
max community size   100
avg. community size   56.1798
modularity             0.821484
-------------------  ----------
104 community detected
NMI:0.01242085396280801
ARM:0.03695873861237875
__pmi+PLP__
PLP detected communities in 0.07786870002746582 [s]
solution properties:
-------------------  ----------
# communities        104
min community size    20
max community size   100
avg. community size   48.0769
modularity             0.821322
-------------------  ----------
104 community detected
NMI:0.00024422174269012054
ARM:0.0006568525172906403
__standard__
Network Properties for:		G#94cc
nodes, edges			5000, 56252
directed?			False
weighted?			True
isolated nodes			0
self-loops			0
density				0.004501
clustering coefficient		0.447707
min/max/avg degree		2, 87, 22.500800
degree assortativity		0.409931
number of connected components	1
size of largest component	5000 (100.00 %)
tot:  18.340756248022466
__standard+Louvain__
PLM(balanced,pc,turbo) detected communities in 0.5826330184936523 [s]
solution properties:
-------------------  ---------
# communities         68
min community size    21
max community size   183
avg. community size   73.5294
modularity             0.82516
-------------------  ---------
104 community detected
NMI:0.0982654769688146
ARM:0.3394317144950073
__standard+PLP__
PLP detected communities in 0.11262178421020508 [s]
solution properties:
-------------------  ----------
# communities        158
min community size     2
max community size   127
avg. community size   31.6456
modularity             0.817333
-------------------  ----------
104 community detected
NMI:0.04590926452756683
ARM:0.10295278526553964
__ppmi__
Network Properties for:		G#116cc
nodes, edges			5000, 56252
directed?			False
weighted?			True
isolated nodes			0
self-loops			0
density				0.004501
clustering coefficient		0.447707
min/max/avg degree		2, 87, 22.500800
degree assortativity		0.409931
number of connected components	1
size of largest component	5000 (100.00 %)
tot:  336462.75511678885
__ppmi+Louvain__
PLM(balanced,pc,turbo) detected communities in 0.30809926986694336 [s]
solution properties:
-------------------  ----------
# communities         70
min community size    43
max community size   112
avg. community size   71.4286
modularity             0.819536
-------------------  ----------
104 community detected
NMI:0.03593019704741285
ARM:0.1253743588478229
__ppmi+PLP__
PLP detected communities in 0.0855405330657959 [s]
solution properties:
-------------------  ----------
# communities        104
min community size    20
max community size   100
avg. community size   48.0769
modularity             0.820215
-------------------  ----------
104 community detected
NMI:0.0002442217426903426
ARM:0.0006568525172906403
__glovexmax50alpha0.2__
Network Properties for:		G#135cc
nodes, edges			5000, 56252
directed?			False
weighted?			True
isolated nodes			0
self-loops			0
density				0.004501
clustering coefficient		0.447707
min/max/avg degree		2, 87, 22.500800
degree assortativity		0.409931
number of connected components	1
size of largest component	5000 (100.00 %)
tot:  35506.4123400506
__glovexmax50alpha0.2+Louvain__
PLM(balanced,pc,turbo) detected communities in 0.3937103748321533 [s]
solution properties:
-------------------  ----------
# communities         70
min community size    43
max community size   103
avg. community size   71.4286
modularity             0.817329
-------------------  ----------
104 community detected
NMI:0.03584716940151789
ARM:0.12289735242786948
__glovexmax50alpha0.2+PLP__
PLP detected communities in 0.07009530067443848 [s]
solution properties:
-------------------  ---------
# communities        104
min community size    20
max community size   101
avg. community size   48.0769
modularity             0.81742
-------------------  ---------
104 community detected
NMI:0.0004849823870245462
ARM:0.0012679256946371842
__glovexmax40alpha0.2__
Network Properties for:		G#154cc
nodes, edges			5000, 56252
directed?			False
weighted?			True
isolated nodes			0
self-loops			0
density				0.004501
clustering coefficient		0.447707
min/max/avg degree		2, 87, 22.500800
degree assortativity		0.409931
number of connected components	1
size of largest component	5000 (100.00 %)
tot:  37126.90911337224
__glovexmax40alpha0.2+Louvain__
PLM(balanced,pc,turbo) detected communities in 0.40067577362060547 [s]
solution properties:
-------------------  ----------
# communities         59
min community size    52
max community size   120
avg. community size   84.7458
modularity             0.816419
-------------------  ----------
104 community detected
NMI:0.05599947027578556
ARM:0.20447222308209678
__glovexmax40alpha0.2+PLP__
PLP detected communities in 0.08887982368469238 [s]
solution properties:
-------------------  ---------
# communities        104
min community size    20
max community size   101
avg. community size   48.0769
modularity             0.81742
-------------------  ---------
104 community detected
NMI:0.0004849823870245462
ARM:0.0012679256946371842
__glovexmax30alpha0.3__
Network Properties for:		G#173cc
nodes, edges			5000, 56252
directed?			False
weighted?			True
isolated nodes			0
self-loops			0
density				0.004501
clustering coefficient		0.447707
min/max/avg degree		2, 87, 22.500800
degree assortativity		0.409931
number of connected components	1
size of largest component	5000 (100.00 %)
tot:  33191.21641282592
__glovexmax30alpha0.3+Louvain__
PLM(balanced,pc,turbo) detected communities in 0.27203845977783203 [s]
solution properties:
-------------------  ----------
# communities         68
min community size    41
max community size   109
avg. community size   73.5294
modularity             0.818903
-------------------  ----------
104 community detected
NMI:0.03944788279965594
ARM:0.13852544006616574
__glovexmax30alpha0.3+PLP__
PLP detected communities in 0.05604815483093262 [s]
solution properties:
-------------------  ---------
# communities        104
min community size    20
max community size   101
avg. community size   48.0769
modularity             0.81898
-------------------  ---------
104 community detected
NMI:0.0004849823870245462
ARM:0.0012679256946371842
