__LOADINGS__
4993/38801 12.868225045746243 % of nul weighted edges removed
0/5000 0.0 % of nul degree nodes removed
Network Properties for:		network
nodes, edges			5000, 33808
directed?			False
weighted?			True
isolated nodes			0
self-loops			0
density				0.002705
clustering coefficient		0.292150
min/max/avg degree		1, 217, 13.523200
degree assortativity		0.183008
number of connected components	1
size of largest component	5000 (100.00 %)
250726.48647717867
__Groundtruth__
read communities from: ../../lfr_5000/mk300/k15/muw0.3/19/community.dat
-------------------  ----------
# communities         32
min community size   100
max community size   215
avg. community size  156.25
modularity             0.588183
-------------------  ----------
32 community detected
__CLASSIC_METHODS__
__Louvain__
PLM(balanced,pc,turbo) detected communities in 0.44504594802856445 [s]
solution properties:
-------------------  ----------
# communities         15
min community size   200
max community size   427
avg. community size  333.333
modularity             0.586639
-------------------  ----------
32 community detected
NMI:0.23627765087962693
ARI:0.4542783340858987
__Singleton__
32 community detected
NMI:0.42370093147868315
ARI:1.0
__AllInOne__
32 community detected
NMI:1.0
ARI:1.0
__PLP__
PLP detected communities in 0.13883471488952637 [s]
solution properties:
-------------------  ----------
# communities         34
min community size     2
max community size   233
avg. community size  147.059
modularity             0.594575
-------------------  ----------
32 community detected
NMI:0.11503308694532144
ARI:0.1353617687889247
__NORMALIZATION__
__glove__
Network Properties for:		G#21
nodes, edges			5000, 33808
directed?			False
weighted?			True
isolated nodes			0
self-loops			0
density				0.002705
clustering coefficient		0.292150
min/max/avg degree		1, 217, 13.523200
degree assortativity		0.183008
number of connected components	1
size of largest component	5000 (100.00 %)
tot:  3966.619593052101
__glove+Louvain__
PLM(balanced,pc,turbo) detected communities in 0.4984569549560547 [s]
solution properties:
-------------------  ----------
# communities         25
min community size   129
max community size   327
avg. community size  200
modularity             0.622018
-------------------  ----------
32 community detected
NMI:0.1353548024012804
ARI:0.22955526562545459
__glove+PLP__
PLP detected communities in 0.12339615821838379 [s]
solution properties:
-------------------  ----------
# communities         34
min community size     2
max community size   229
avg. community size  147.059
modularity             0.623458
-------------------  ----------
32 community detected
NMI:0.0975565212920334
ARI:0.11346954614734572
__fake_pmi__
Network Properties for:		G#30
nodes, edges			5000, 33808
directed?			False
weighted?			True
isolated nodes			0
self-loops			0
density				0.002705
clustering coefficient		0.292150
min/max/avg degree		1, 217, 13.523200
degree assortativity		0.183008
number of connected components	1
size of largest component	5000 (100.00 %)
tot:  0.0
__fake_pmi+Louvain__
1 community detected due to total edge weight equal 0
NMI:1
ARI:1
__fake_pmi+PLP__
1 community detected due to total edge weight equal 0
NMI:1
ARI:1
__iterative_rev_degree_order__
Network Properties for:		G#33
nodes, edges			5000, 33808
directed?			False
weighted?			True
isolated nodes			0
self-loops			0
density				0.002705
clustering coefficient		0.292150
min/max/avg degree		1, 217, 13.523200
degree assortativity		0.183008
number of connected components	1
size of largest component	5000 (100.00 %)
tot:  1484.2692169428233
__iterative_rev_degree_order+Louvain__
PLM(balanced,pc,turbo) detected communities in 0.7390542030334473 [s]
solution properties:
-------------------  ----------
# communities         67
min community size    28
max community size   161
avg. community size   74.6269
modularity             0.883239
-------------------  ----------
32 community detected
NMI:0.6904779777091079
ARI:0.8888948352504775
__iterative_rev_degree_order+PLP__
PLP detected communities in 0.07850384712219238 [s]
solution properties:
-------------------  -----------
# communities        1516
min community size      2
max community size     16
avg. community size     3.29815
modularity              0.780534
-------------------  -----------
32 community detected
NMI:0.4644495997818163
ARI:0.9813138871460344
__pmi__
Network Properties for:		G#48
nodes, edges			5000, 33808
directed?			False
weighted?			True
isolated nodes			0
self-loops			0
density				0.002705
clustering coefficient		0.292150
min/max/avg degree		1, 217, 13.523200
degree assortativity		0.183008
number of connected components	1
size of largest component	5000 (100.00 %)
tot:  72523.98511975973
__pmi+Louvain__
PLM(balanced,pc,turbo) detected communities in 0.6570713520050049 [s]
solution properties:
-------------------  ---------
# communities         25
min community size    76
max community size   498
avg. community size  200
modularity             1.08032
-------------------  ---------
32 community detected
NMI:0.36022149607103504
ARI:0.5519746551486648
__pmi+PLP__
PLP detected communities in 0.15200519561767578 [s]
solution properties:
-------------------  ---------
# communities        292
min community size     1
max community size   240
avg. community size   17.1233
modularity             1.02525
-------------------  ---------
32 community detected
NMI:0.2755219264437626
ARI:0.38983442343509245
__standard__
Network Properties for:		G#60
nodes, edges			5000, 33808
directed?			False
weighted?			True
isolated nodes			0
self-loops			0
density				0.002705
clustering coefficient		0.292150
min/max/avg degree		1, 217, 13.523200
degree assortativity		0.183008
number of connected components	1
size of largest component	5000 (100.00 %)
tot:  18.113349165934977
__standard+Louvain__
PLM(balanced,pc,turbo) detected communities in 0.866671085357666 [s]
solution properties:
-------------------  ----------
# communities         48
min community size     2
max community size   302
avg. community size  104.167
modularity             0.854687
-------------------  ----------
32 community detected
NMI:0.5051818922804405
ARI:0.6555262987360789
__standard+PLP__
PLP detected communities in 0.44403934478759766 [s]
solution properties:
-------------------  -----------
# communities        1248
min community size      2
max community size     69
avg. community size     4.00641
modularity              0.739468
-------------------  -----------
32 community detected
NMI:0.4468237583399508
ARI:0.9331770947224308
__ppmi__
Network Properties for:		G#75
nodes, edges			5000, 33808
directed?			False
weighted?			True
isolated nodes			0
self-loops			0
density				0.002705
clustering coefficient		0.292150
min/max/avg degree		1, 217, 13.523200
degree assortativity		0.183008
number of connected components	1
size of largest component	5000 (100.00 %)
tot:  132341.00002269362
__ppmi+Louvain__
PLM(balanced,pc,turbo) detected communities in 0.7897708415985107 [s]
solution properties:
-------------------  ----------
# communities         21
min community size   122
max community size   378
avg. community size  238.095
modularity             0.681366
-------------------  ----------
32 community detected
NMI:0.19840457624308783
ARI:0.3660152818948682
__ppmi+PLP__
PLP detected communities in 0.15336298942565918 [s]
solution properties:
-------------------  ----------
# communities        106
min community size     2
max community size   210
avg. community size   47.1698
modularity             0.683965
-------------------  ----------
32 community detected
NMI:0.1266909592395874
ARI:0.15675566181311285
__glovexmax50alpha0.2__
Network Properties for:		G#87
nodes, edges			5000, 33808
directed?			False
weighted?			True
isolated nodes			0
self-loops			0
density				0.002705
clustering coefficient		0.292150
min/max/avg degree		1, 217, 13.523200
degree assortativity		0.183008
number of connected components	1
size of largest component	5000 (100.00 %)
tot:  17408.452645433714
__glovexmax50alpha0.2+Louvain__
PLM(balanced,pc,turbo) detected communities in 0.4460127353668213 [s]
solution properties:
-------------------  ----------
# communities         28
min community size   101
max community size   299
avg. community size  178.571
modularity             0.667746
-------------------  ----------
32 community detected
NMI:0.06020045281298647
ARI:0.12814580952930088
__glovexmax50alpha0.2+PLP__
PLP detected communities in 0.09136390686035156 [s]
solution properties:
-------------------  ----------
# communities         33
min community size     2
max community size   217
avg. community size  151.515
modularity             0.669349
-------------------  ----------
32 community detected
NMI:0.03597711828078787
ARI:0.0417407603518547
__glovexmax40alpha0.2__
Network Properties for:		G#96
nodes, edges			5000, 33808
directed?			False
weighted?			True
isolated nodes			0
self-loops			0
density				0.002705
clustering coefficient		0.292150
min/max/avg degree		1, 217, 13.523200
degree assortativity		0.183008
number of connected components	1
size of largest component	5000 (100.00 %)
tot:  18175.67179176199
__glovexmax40alpha0.2+Louvain__
PLM(balanced,pc,turbo) detected communities in 0.29393506050109863 [s]
solution properties:
-------------------  ----------
# communities         32
min community size   100
max community size   218
avg. community size  156.25
modularity             0.669705
-------------------  ----------
32 community detected
NMI:0.03767229842869535
ARI:0.04413854670641171
__glovexmax40alpha0.2+PLP__
PLP detected communities in 0.11108970642089844 [s]
solution properties:
-------------------  ---------
# communities         33
min community size     2
max community size   217
avg. community size  151.515
modularity             0.66972
-------------------  ---------
32 community detected
NMI:0.03529735229619313
ARI:0.041082647383132054
__glovexmax30alpha0.3__
Network Properties for:		G#105
nodes, edges			5000, 33808
directed?			False
weighted?			True
isolated nodes			0
self-loops			0
density				0.002705
clustering coefficient		0.292150
min/max/avg degree		1, 217, 13.523200
degree assortativity		0.183008
number of connected components	1
size of largest component	5000 (100.00 %)
tot:  16086.946825098265
__glovexmax30alpha0.3+Louvain__
PLM(balanced,pc,turbo) detected communities in 0.21927976608276367 [s]
solution properties:
-------------------  ----------
# communities         30
min community size    98
max community size   302
avg. community size  166.667
modularity             0.666193
-------------------  ----------
32 community detected
NMI:0.05956987257527968
ARI:0.10258289959191658
__glovexmax30alpha0.3+PLP__
PLP detected communities in 0.06163620948791504 [s]
solution properties:
-------------------  ----------
# communities         33
min community size     2
max community size   218
avg. community size  151.515
modularity             0.666925
-------------------  ----------
32 community detected
NMI:0.04758884060649671
ARI:0.05491155877105691
NMI classement:
[('NMIglovexmax40alpha0.2+PLP', 0.03529735229619313), ('NMIglovexmax50alpha0.2+PLP', 0.03597711828078787), ('NMIglovexmax40alpha0.2+Louvain', 0.03767229842869535), ('NMIglovexmax30alpha0.3+PLP', 0.04758884060649671), ('NMIglovexmax30alpha0.3+Louvain', 0.05956987257527968), ('NMIglovexmax50alpha0.2+Louvain', 0.06020045281298647), ('NMIglove+PLP', 0.0975565212920334), ('NMIPLP', 0.11503308694532144), ('NMIppmi+PLP', 0.1266909592395874), ('NMIglove+Louvain', 0.1353548024012804), ('NMIppmi+Louvain', 0.19840457624308783), ('NMILouvain', 0.23627765087962693), ('NMIpmi+PLP', 0.2755219264437626), ('NMIpmi+Louvain', 0.36022149607103504), ('NMISingleton', 0.42370093147868315), ('NMIstandard+PLP', 0.4468237583399508), ('NMIiterative_rev_degree_order+PLP', 0.4644495997818163), ('NMIstandard+Louvain', 0.5051818922804405), ('NMIiterative_rev_degree_order+Louvain', 0.6904779777091079), ('NMIAllInOne', 1.0), ('NMIfake_pmi+Louvain', 1), ('NMIfake_pmi+PLP', 1)]
ARI classement:
[('ARIglovexmax40alpha0.2+PLP', 0.041082647383132054), ('ARIglovexmax50alpha0.2+PLP', 0.0417407603518547), ('ARIglovexmax40alpha0.2+Louvain', 0.04413854670641171), ('ARIglovexmax30alpha0.3+PLP', 0.05491155877105691), ('ARIglovexmax30alpha0.3+Louvain', 0.10258289959191658), ('ARIglove+PLP', 0.11346954614734572), ('ARIglovexmax50alpha0.2+Louvain', 0.12814580952930088), ('ARIPLP', 0.1353617687889247), ('ARIppmi+PLP', 0.15675566181311285), ('ARIglove+Louvain', 0.22955526562545459), ('ARIppmi+Louvain', 0.3660152818948682), ('ARIpmi+PLP', 0.38983442343509245), ('ARILouvain', 0.4542783340858987), ('ARIpmi+Louvain', 0.5519746551486648), ('ARIstandard+Louvain', 0.6555262987360789), ('ARIiterative_rev_degree_order+Louvain', 0.8888948352504775), ('ARIstandard+PLP', 0.9331770947224308), ('ARIiterative_rev_degree_order+PLP', 0.9813138871460344), ('ARISingleton', 1.0), ('ARIAllInOne', 1.0), ('ARIfake_pmi+Louvain', 1), ('ARIfake_pmi+PLP', 1)]
