__LOADINGS__
4996/52550 9.507136060894386 % of nul weighted edges removed
1/5000 0.02 % of nul degree nodes removed
Network Properties for:		network
nodes, edges			4999, 47554
directed?			False
weighted?			True
isolated nodes			1
self-loops			0
density				0.003807
clustering coefficient		0.340769
min/max/avg degree		0, 360, 19.025405
degree assortativity		0.259490
number of connected components	1
size of largest component	4999 (100.00 %)
429561.4226880868
__Groundtruth__
read communities from: ../../lfr_5000/mk500/k20/muw0.3/22/community.dat
-------------------  ----------
# communities         46
min community size     5
max community size   472
avg. community size  108.696
modularity             0.539673
-------------------  ----------
46 community detected
__CLASSIC_METHODS__
__Louvain__
PLM(balanced,pc,turbo) detected communities in 0.23154616355895996 [s]
solution properties:
-------------------  ----------
# communities         20
min community size    64
max community size   482
avg. community size  249.95
modularity             0.543969
-------------------  ----------
46 community detected
NMI:0.11250105691955103
ARI:0.1283849628237902
__Singleton__
46 community detected
NMI:0.4626148514147852
ARI:1.0
__AllInOne__
46 community detected
NMI:1.0
ARI:1.0
__PLP__
PLP detected communities in 0.08575654029846191 [s]
solution properties:
-------------------  ----------
# communities         46
min community size     1
max community size   574
avg. community size  108.696
modularity             0.542385
-------------------  ----------
46 community detected
NMI:0.08463066074131032
ARI:0.1240137461363987
__NORMALIZATION__
__glove__
Network Properties for:		G#21
nodes, edges			4999, 47554
directed?			False
weighted?			True
isolated nodes			1
self-loops			0
density				0.003807
clustering coefficient		0.340769
min/max/avg degree		0, 360, 19.025405
degree assortativity		0.259490
number of connected components	1
size of largest component	4999 (100.00 %)
tot:  6429.417882565148
__glove+Louvain__
PLM(balanced,pc,turbo) detected communities in 0.23863649368286133 [s]
solution properties:
-------------------  ----------
# communities         18
min community size   113
max community size   483
avg. community size  277.722
modularity             0.579801
-------------------  ----------
46 community detected
NMI:0.10862381838753032
ARI:0.12533286964130708
__glove+PLP__
PLP detected communities in 0.0835869312286377 [s]
solution properties:
-------------------  ---------
# communities         47
min community size     1
max community size   489
avg. community size  106.383
modularity             0.57917
-------------------  ---------
46 community detected
NMI:0.06494485688054086
ARI:0.09053438452759821
__fake_pmi__
Network Properties for:		G#30
nodes, edges			4999, 47554
directed?			False
weighted?			True
isolated nodes			1
self-loops			0
density				0.003807
clustering coefficient		0.340769
min/max/avg degree		0, 360, 19.025405
degree assortativity		0.259490
number of connected components	1
size of largest component	4999 (100.00 %)
tot:  0.0
__fake_pmi+Louvain__
1 community detected due to total edge weight equal 0
NMI:1
ARI:1
__fake_pmi+PLP__
1 community detected due to total edge weight equal 0
NMI:1
ARI:1
__iterative_rev_degree_order__
Network Properties for:		G#33
nodes, edges			4999, 47554
directed?			False
weighted?			True
isolated nodes			1
self-loops			0
density				0.003807
clustering coefficient		0.340769
min/max/avg degree		0, 360, 19.025405
degree assortativity		0.259490
number of connected components	1
size of largest component	4999 (100.00 %)
tot:  1410.2480445210515
__iterative_rev_degree_order+Louvain__
PLM(balanced,pc,turbo) detected communities in 0.47034144401550293 [s]
solution properties:
-------------------  ----------
# communities         46
min community size    52
max community size   193
avg. community size  108.674
modularity             0.862387
-------------------  ----------
46 community detected
NMI:0.7150906322005731
ARI:0.9247631684512605
__iterative_rev_degree_order+PLP__
PLP detected communities in 0.06741476058959961 [s]
solution properties:
-------------------  -----------
# communities        1535
min community size      1
max community size     13
avg. community size     3.25733
modularity              0.743826
-------------------  -----------
46 community detected
NMI:0.5149431595993961
ARI:0.9914120084769639
__pmi__
Network Properties for:		G#48
nodes, edges			4999, 47554
directed?			False
weighted?			True
isolated nodes			1
self-loops			0
density				0.003807
clustering coefficient		0.340769
min/max/avg degree		0, 360, 19.025405
degree assortativity		0.259490
number of connected components	1
size of largest component	4999 (100.00 %)
tot:  91064.02466502716
__pmi+Louvain__
PLM(balanced,pc,turbo) detected communities in 0.5337176322937012 [s]
solution properties:
-------------------  ----------
# communities          26
min community size      1
max community size   1222
avg. community size   192.269
modularity              1.09855
-------------------  ----------
46 community detected
NMI:0.3495366951454494
ARI:0.612255892179919
__pmi+PLP__
PLP detected communities in 0.14206147193908691 [s]
solution properties:
-------------------  ---------
# communities        151
min community size     1
max community size   912
avg. community size   33.1126
modularity             1.06891
-------------------  ---------
46 community detected
NMI:0.3110114275602932
ARI:0.5445600084330477
__standard__
Network Properties for:		G#60
nodes, edges			4999, 47554
directed?			False
weighted?			True
isolated nodes			1
self-loops			0
density				0.003807
clustering coefficient		0.340769
min/max/avg degree		0, 360, 19.025405
degree assortativity		0.259490
number of connected components	1
size of largest component	4999 (100.00 %)
tot:  16.71473960866726
__standard+Louvain__
PLM(balanced,pc,turbo) detected communities in 0.6054034233093262 [s]
solution properties:
-------------------  ----------
# communities         61
min community size     2
max community size   474
avg. community size   81.9508
modularity             0.891731
-------------------  ----------
46 community detected
NMI:0.5299545359034865
ARI:0.7357647113166343
__standard+PLP__
PLP detected communities in 0.10744261741638184 [s]
solution properties:
-------------------  -----------
# communities        1160
min community size      1
max community size     60
avg. community size     4.31034
modularity              0.718094
-------------------  -----------
46 community detected
NMI:0.5272509238787101
ARI:0.9786520606140235
__ppmi__
Network Properties for:		G#72
nodes, edges			4999, 47554
directed?			False
weighted?			True
isolated nodes			1
self-loops			0
density				0.003807
clustering coefficient		0.340769
min/max/avg degree		0, 360, 19.025405
degree assortativity		0.259490
number of connected components	1
size of largest component	4999 (100.00 %)
tot:  163881.54419444103
__ppmi+Louvain__
PLM(balanced,pc,turbo) detected communities in 0.559065580368042 [s]
solution properties:
-------------------  ----------
# communities         30
min community size    17
max community size   455
avg. community size  166.633
modularity             0.672623
-------------------  ----------
46 community detected
NMI:0.16959648567703356
ARI:0.23276976162752172
__ppmi+PLP__
PLP detected communities in 0.11096620559692383 [s]
solution properties:
-------------------  -----------
# communities          77
min community size      1
max community size   1017
avg. community size    64.9351
modularity              0.666489
-------------------  -----------
46 community detected
NMI:0.14663426787157807
ARI:0.38213865343029463
__glovexmax50alpha0.2__
Network Properties for:		G#81
nodes, edges			4999, 47554
directed?			False
weighted?			True
isolated nodes			1
self-loops			0
density				0.003807
clustering coefficient		0.340769
min/max/avg degree		0, 360, 19.025405
degree assortativity		0.259490
number of connected components	1
size of largest component	4999 (100.00 %)
tot:  25549.50578983707
__glovexmax50alpha0.2+Louvain__
PLM(balanced,pc,turbo) detected communities in 0.3946859836578369 [s]
solution properties:
-------------------  ----------
# communities         26
min community size     5
max community size   471
avg. community size  192.269
modularity             0.638505
-------------------  ----------
46 community detected
NMI:0.028234472987302417
ARI:0.021409835897277962
__glovexmax50alpha0.2+PLP__
PLP detected communities in 0.08102965354919434 [s]
solution properties:
-------------------  ----------
# communities         48
min community size     1
max community size   475
avg. community size  104.167
modularity             0.638179
-------------------  ----------
46 community detected
NMI:0.006426360663678854
ARI:0.007828916202975655
__glovexmax40alpha0.2__
Network Properties for:		G#90
nodes, edges			4999, 47554
directed?			False
weighted?			True
isolated nodes			1
self-loops			0
density				0.003807
clustering coefficient		0.340769
min/max/avg degree		0, 360, 19.025405
degree assortativity		0.259490
number of connected components	1
size of largest component	4999 (100.00 %)
tot:  26650.641699725547
__glovexmax40alpha0.2+Louvain__
PLM(balanced,pc,turbo) detected communities in 0.3553807735443115 [s]
solution properties:
-------------------  ---------
# communities         30
min community size     5
max community size   471
avg. community size  166.633
modularity             0.63909
-------------------  ---------
46 community detected
NMI:0.02092864662830185
ARI:0.016287988731746972
__glovexmax40alpha0.2+PLP__
PLP detected communities in 0.12858057022094727 [s]
solution properties:
-------------------  ----------
# communities         47
min community size     1
max community size   475
avg. community size  106.383
modularity             0.638868
-------------------  ----------
46 community detected
NMI:0.006185629029562878
ARI:0.007806478917161019
__glovexmax30alpha0.3__
Network Properties for:		G#99
nodes, edges			4999, 47554
directed?			False
weighted?			True
isolated nodes			1
self-loops			0
density				0.003807
clustering coefficient		0.340769
min/max/avg degree		0, 360, 19.025405
degree assortativity		0.259490
number of connected components	1
size of largest component	4999 (100.00 %)
tot:  23739.22529898177
__glovexmax30alpha0.3+Louvain__
PLM(balanced,pc,turbo) detected communities in 0.3122873306274414 [s]
solution properties:
-------------------  ----------
# communities         27
min community size     5
max community size   474
avg. community size  185.148
modularity             0.635095
-------------------  ----------
46 community detected
NMI:0.037772967176610384
ARI:0.034489845651554774
__glovexmax30alpha0.3+PLP__
PLP detected communities in 0.101898193359375 [s]
solution properties:
-------------------  ----------
# communities         47
min community size     1
max community size   475
avg. community size  106.383
modularity             0.634892
-------------------  ----------
46 community detected
NMI:0.017380860548743993
ARI:0.0219468963490127
NMI classement:
[('NMIglovexmax40alpha0.2+PLP', 0.006185629029562878), ('NMIglovexmax50alpha0.2+PLP', 0.006426360663678854), ('NMIglovexmax30alpha0.3+PLP', 0.017380860548743993), ('NMIglovexmax40alpha0.2+Louvain', 0.02092864662830185), ('NMIglovexmax50alpha0.2+Louvain', 0.028234472987302417), ('NMIglovexmax30alpha0.3+Louvain', 0.037772967176610384), ('NMIglove+PLP', 0.06494485688054086), ('NMIPLP', 0.08463066074131032), ('NMIglove+Louvain', 0.10862381838753032), ('NMILouvain', 0.11250105691955103), ('NMIppmi+PLP', 0.14663426787157807), ('NMIppmi+Louvain', 0.16959648567703356), ('NMIpmi+PLP', 0.3110114275602932), ('NMIpmi+Louvain', 0.3495366951454494), ('NMISingleton', 0.4626148514147852), ('NMIiterative_rev_degree_order+PLP', 0.5149431595993961), ('NMIstandard+PLP', 0.5272509238787101), ('NMIstandard+Louvain', 0.5299545359034865), ('NMIiterative_rev_degree_order+Louvain', 0.7150906322005731), ('NMIAllInOne', 1.0), ('NMIfake_pmi+Louvain', 1), ('NMIfake_pmi+PLP', 1)]
ARI classement:
[('ARIglovexmax40alpha0.2+PLP', 0.007806478917161019), ('ARIglovexmax50alpha0.2+PLP', 0.007828916202975655), ('ARIglovexmax40alpha0.2+Louvain', 0.016287988731746972), ('ARIglovexmax50alpha0.2+Louvain', 0.021409835897277962), ('ARIglovexmax30alpha0.3+PLP', 0.0219468963490127), ('ARIglovexmax30alpha0.3+Louvain', 0.034489845651554774), ('ARIglove+PLP', 0.09053438452759821), ('ARIPLP', 0.1240137461363987), ('ARIglove+Louvain', 0.12533286964130708), ('ARILouvain', 0.1283849628237902), ('ARIppmi+Louvain', 0.23276976162752172), ('ARIppmi+PLP', 0.38213865343029463), ('ARIpmi+PLP', 0.5445600084330477), ('ARIpmi+Louvain', 0.612255892179919), ('ARIstandard+Louvain', 0.7357647113166343), ('ARIiterative_rev_degree_order+Louvain', 0.9247631684512605), ('ARIstandard+PLP', 0.9786520606140235), ('ARIiterative_rev_degree_order+PLP', 0.9914120084769639), ('ARISingleton', 1.0), ('ARIAllInOne', 1.0), ('ARIfake_pmi+Louvain', 1), ('ARIfake_pmi+PLP', 1)]
