__LOADINGS__
Network Properties for:		network
nodes, edges			5000, 56377
directed?			False
weighted?			True
isolated nodes			0
self-loops			0
density				0.004511
clustering coefficient		0.238915
min/max/avg degree		1, 346, 22.550800
degree assortativity		0.312479
number of connected components	1
size of largest component	5000 (100.00 %)
521145.34949742927
__Groundtruth__
read communities from: ../../lfr_5000/mk500/k25/muw0.4/35/community.dat
-------------------  ----------
# communities         45
min community size     6
max community size   473
avg. community size  111.111
modularity             0.451656
-------------------  ----------
45 community detected
__CLASSIC_METHODS__
__Louvain__
PLM(balanced,pc,turbo) detected communities in 0.48958468437194824 [s]
solution properties:
-------------------  ----------
# communities         19
min community size   104
max community size   473
avg. community size  263.158
modularity             0.457013
-------------------  ----------
45 community detected
NMI:0.1727004783106848
ARM:0.19854517344451283
__Singleton__
45 community detected
NMI:0.4614604625731926
ARM:1.0
__AllInOne__
45 community detected
NMI:1.0
ARM:1.0
__PLP__
PLP detected communities in 0.1398327350616455 [s]
solution properties:
-------------------  ----------
# communities          29
min community size      2
max community size   1049
avg. community size   172.414
modularity              0.44158
-------------------  ----------
45 community detected
NMI:0.2155422032023795
ARM:0.3790892780706223
__NORMALIZATION__
__glove__
Network Properties for:		G#21cc
nodes, edges			5000, 56377
directed?			False
weighted?			True
isolated nodes			0
self-loops			0
density				0.004511
clustering coefficient		0.238915
min/max/avg degree		1, 346, 22.550800
degree assortativity		0.312479
number of connected components	1
size of largest component	5000 (100.00 %)
tot:  8043.002234928878
__glove+Louvain__
PLM(balanced,pc,turbo) detected communities in 0.36465001106262207 [s]
solution properties:
-------------------  ----------
# communities         22
min community size    67
max community size   457
avg. community size  227.273
modularity             0.482739
-------------------  ----------
45 community detected
NMI:0.11979034183431858
ARM:0.13730805630226295
__glove+PLP__
PLP detected communities in 0.12129378318786621 [s]
solution properties:
-------------------  ----------
# communities         40
min community size     6
max community size   490
avg. community size  125
modularity             0.482085
-------------------  ----------
45 community detected
NMI:0.1039405395222629
ARM:0.1388402329316738
__fake_pmi__
Network Properties for:		G#40cc
nodes, edges			5000, 56377
directed?			False
weighted?			True
isolated nodes			0
self-loops			0
density				0.004511
clustering coefficient		0.238915
min/max/avg degree		1, 346, 22.550800
degree assortativity		0.312479
number of connected components	1
size of largest component	5000 (100.00 %)
tot:  0.0
__fake_pmi+Louvain__
1 community detected due to total edge weight equal 0
NMI:1
ARM:0.1388402329316738
__fake_pmi+PLP__
1 community detected due to total edge weight equal 0
NMI:1
ARM:0.1388402329316738
__iterative_rev_degree_order__
Network Properties for:		G#53cc
nodes, edges			5000, 56377
directed?			False
weighted?			True
isolated nodes			0
self-loops			0
density				0.004511
clustering coefficient		0.238915
min/max/avg degree		1, 346, 22.550800
degree assortativity		0.312479
number of connected components	1
size of largest component	5000 (100.00 %)
tot:  1361.939837967122
__iterative_rev_degree_order+Louvain__
PLM(balanced,pc,turbo) detected communities in 0.8130803108215332 [s]
solution properties:
-------------------  ----------
# communities         70
min community size    31
max community size   145
avg. community size   71.4286
modularity             0.832575
-------------------  ----------
45 community detected
NMI:0.7861695729409541
ARM:0.9747999126191724
__iterative_rev_degree_order+PLP__
PLP detected communities in 0.05536842346191406 [s]
solution properties:
-------------------  -----------
# communities        1535
min community size      1
max community size     12
avg. community size     3.25733
modularity              0.717779
-------------------  -----------
45 community detected
NMI:0.5391905202624698
ARM:0.9942619612689407
__pmi__
Network Properties for:		G#78cc
nodes, edges			5000, 56377
directed?			False
weighted?			True
isolated nodes			0
self-loops			0
density				0.004511
clustering coefficient		0.238915
min/max/avg degree		1, 346, 22.550800
degree assortativity		0.312479
number of connected components	1
size of largest component	5000 (100.00 %)
tot:  127581.94557328263
__pmi+Louvain__
PLM(balanced,pc,turbo) detected communities in 0.6496589183807373 [s]
solution properties:
-------------------  ----------
# communities         23
min community size    71
max community size   649
avg. community size  217.391
modularity             0.743334
-------------------  ----------
45 community detected
NMI:0.40567508555435894
ARM:0.6044955737214226
__pmi+PLP__
PLP detected communities in 0.33399295806884766 [s]
solution properties:
-------------------  -----------
# communities         115
min community size      2
max community size   1323
avg. community size    43.4783
modularity              0.726714
-------------------  -----------
45 community detected
NMI:0.3713829959051935
ARM:0.6767813688790183
__standard__
Network Properties for:		G#100cc
nodes, edges			5000, 56377
directed?			False
weighted?			True
isolated nodes			0
self-loops			0
density				0.004511
clustering coefficient		0.238915
min/max/avg degree		1, 346, 22.550800
degree assortativity		0.312479
number of connected components	1
size of largest component	5000 (100.00 %)
tot:  13.353442862431047
__standard+Louvain__
PLM(balanced,pc,turbo) detected communities in 0.5723230838775635 [s]
solution properties:
-------------------  ----------
# communities         71
min community size     2
max community size   267
avg. community size   70.4225
modularity             0.827994
-------------------  ----------
45 community detected
NMI:0.7241596677241301
ARM:0.9318467073028405
__standard+PLP__
PLP detected communities in 0.24227619171142578 [s]
solution properties:
-------------------  -----------
# communities        1175
min community size      2
max community size     69
avg. community size     4.25532
modularity              0.692142
-------------------  -----------
45 community detected
NMI:0.5741236296038544
ARM:0.988586682157355
__ppmi__
Network Properties for:		G#122cc
nodes, edges			5000, 56377
directed?			False
weighted?			True
isolated nodes			0
self-loops			0
density				0.004511
clustering coefficient		0.238915
min/max/avg degree		1, 346, 22.550800
degree assortativity		0.312479
number of connected components	1
size of largest component	5000 (100.00 %)
tot:  196856.27413942356
__ppmi+Louvain__
PLM(balanced,pc,turbo) detected communities in 0.47362637519836426 [s]
solution properties:
-------------------  ----------
# communities         31
min community size     7
max community size   427
avg. community size  161.29
modularity             0.565452
-------------------  ----------
45 community detected
NMI:0.15485288495936644
ARM:0.19280588544760813
__ppmi+PLP__
PLP detected communities in 0.15766477584838867 [s]
solution properties:
-------------------  -----------
# communities          64
min community size      1
max community size   1181
avg. community size    78.125
modularity              0.523535
-------------------  -----------
45 community detected
NMI:0.2289976176127383
ARM:0.5397474802605247
__glovexmax50alpha0.2__
Network Properties for:		G#141cc
nodes, edges			5000, 56377
directed?			False
weighted?			True
isolated nodes			0
self-loops			0
density				0.004511
clustering coefficient		0.238915
min/max/avg degree		1, 346, 22.550800
degree assortativity		0.312479
number of connected components	1
size of largest component	5000 (100.00 %)
tot:  31755.873352172875
__glovexmax50alpha0.2+Louvain__
PLM(balanced,pc,turbo) detected communities in 0.45445847511291504 [s]
solution properties:
-------------------  ----------
# communities         27
min community size    25
max community size   465
avg. community size  185.185
modularity             0.532004
-------------------  ----------
45 community detected
NMI:0.03346375688745018
ARM:0.02998842823273229
__glovexmax50alpha0.2+PLP__
PLP detected communities in 0.16004085540771484 [s]
solution properties:
-------------------  ---------
# communities         41
min community size     6
max community size   476
avg. community size  121.951
modularity             0.53158
-------------------  ---------
45 community detected
NMI:0.020034893557911437
ARM:0.02765235508594388
__glovexmax40alpha0.2__
Network Properties for:		G#160cc
nodes, edges			5000, 56377
directed?			False
weighted?			True
isolated nodes			0
self-loops			0
density				0.004511
clustering coefficient		0.238915
min/max/avg degree		1, 346, 22.550800
degree assortativity		0.312479
number of connected components	1
size of largest component	5000 (100.00 %)
tot:  33148.792608596064
__glovexmax40alpha0.2+Louvain__
PLM(balanced,pc,turbo) detected communities in 0.4364938735961914 [s]
solution properties:
-------------------  ----------
# communities         23
min community size    58
max community size   465
avg. community size  217.391
modularity             0.532307
-------------------  ----------
45 community detected
NMI:0.042876718060731456
ARM:0.03796245983745983
__glovexmax40alpha0.2+PLP__
PLP detected communities in 0.0980234146118164 [s]
solution properties:
-------------------  ----------
# communities         43
min community size     6
max community size   477
avg. community size  116.279
modularity             0.532055
-------------------  ----------
45 community detected
NMI:0.015195717672609299
ARM:0.021116262796772256
__glovexmax30alpha0.3__
Network Properties for:		G#179cc
nodes, edges			5000, 56377
directed?			False
weighted?			True
isolated nodes			0
self-loops			0
density				0.004511
clustering coefficient		0.238915
min/max/avg degree		1, 346, 22.550800
degree assortativity		0.312479
number of connected components	1
size of largest component	5000 (100.00 %)
tot:  29933.96284662349
__glovexmax30alpha0.3+Louvain__
PLM(balanced,pc,turbo) detected communities in 0.2273256778717041 [s]
solution properties:
-------------------  ----------
# communities         25
min community size    34
max community size   458
avg. community size  200
modularity             0.527179
-------------------  ----------
45 community detected
NMI:0.05068490683946203
ARM:0.05248111360234742
__glovexmax30alpha0.3+PLP__
PLP detected communities in 0.054505109786987305 [s]
solution properties:
-------------------  ----------
# communities         43
min community size     6
max community size   472
avg. community size  116.279
modularity             0.525729
-------------------  ----------
45 community detected
NMI:0.032699821867183676
ARM:0.041100425948241925
