__LOADINGS__
Network Properties for:		network
nodes, edges			5000, 56377
directed?			False
weighted?			True
isolated nodes			0
self-loops			0
density				0.004511
clustering coefficient		0.238915
min/max/avg degree		1, 346, 22.550800
degree assortativity		0.312479
number of connected components	1
size of largest component	5000 (100.00 %)
521145.34949742927
__Groundtruth__
read communities from: ../../lfr_5000/mk500/k25/muw0.4/16/community.dat
-------------------  ----------
# communities         45
min community size     6
max community size   473
avg. community size  111.111
modularity             0.451656
-------------------  ----------
45 community detected
__CLASSIC_METHODS__
__Louvain__
PLM(balanced,pc,turbo) detected communities in 0.4411747455596924 [s]
solution properties:
-------------------  ----------
# communities         21
min community size    56
max community size   485
avg. community size  238.095
modularity             0.456967
-------------------  ----------
45 community detected
NMI:0.16296868416440402
ARM:0.18609388992711917
__Singleton__
45 community detected
NMI:0.4614604625731926
ARM:1.0
__AllInOne__
45 community detected
NMI:1.0
ARM:1.0
__PLP__
PLP detected communities in 0.19401192665100098 [s]
solution properties:
-------------------  ----------
# communities         33
min community size     2
max community size   677
avg. community size  151.515
modularity             0.450909
-------------------  ----------
45 community detected
NMI:0.17902546293545418
ARM:0.26351944565736807
__NORMALIZATION__
__glove__
Network Properties for:		G#21cc
nodes, edges			5000, 56377
directed?			False
weighted?			True
isolated nodes			0
self-loops			0
density				0.004511
clustering coefficient		0.238915
min/max/avg degree		1, 346, 22.550800
degree assortativity		0.312479
number of connected components	1
size of largest component	5000 (100.00 %)
tot:  8043.002234928878
__glove+Louvain__
PLM(balanced,pc,turbo) detected communities in 0.4070577621459961 [s]
solution properties:
-------------------  ---------
# communities         23
min community size    34
max community size   457
avg. community size  217.391
modularity             0.48267
-------------------  ---------
45 community detected
NMI:0.1188217117091872
ARM:0.13710515960685776
__glove+PLP__
PLP detected communities in 0.14053559303283691 [s]
solution properties:
-------------------  ----------
# communities         40
min community size     3
max community size   477
avg. community size  125
modularity             0.482124
-------------------  ----------
45 community detected
NMI:0.10413278528163183
ARM:0.13612880289532703
__fake_pmi__
Network Properties for:		G#40cc
nodes, edges			5000, 56377
directed?			False
weighted?			True
isolated nodes			0
self-loops			0
density				0.004511
clustering coefficient		0.238915
min/max/avg degree		1, 346, 22.550800
degree assortativity		0.312479
number of connected components	1
size of largest component	5000 (100.00 %)
tot:  0.0
__fake_pmi+Louvain__
1 community detected due to total edge weight equal 0
NMI:1
ARM:0.13612880289532703
__fake_pmi+PLP__
1 community detected due to total edge weight equal 0
NMI:1
ARM:0.13612880289532703
__iterative_rev_degree_order__
Network Properties for:		G#53cc
nodes, edges			5000, 56377
directed?			False
weighted?			True
isolated nodes			0
self-loops			0
density				0.004511
clustering coefficient		0.238915
min/max/avg degree		1, 346, 22.550800
degree assortativity		0.312479
number of connected components	1
size of largest component	5000 (100.00 %)
tot:  1361.939837967122
__iterative_rev_degree_order+Louvain__
PLM(balanced,pc,turbo) detected communities in 0.8390412330627441 [s]
solution properties:
-------------------  ---------
# communities         78
min community size    20
max community size   146
avg. community size   64.1026
modularity             0.83303
-------------------  ---------
45 community detected
NMI:0.7796953993941387
ARM:0.9746203721961046
__iterative_rev_degree_order+PLP__
PLP detected communities in 0.09688019752502441 [s]
solution properties:
-------------------  -----------
# communities        1532
min community size      2
max community size     12
avg. community size     3.26371
modularity              0.718396
-------------------  -----------
45 community detected
NMI:0.5392671426759105
ARM:0.9942648987650715
__pmi__
Network Properties for:		G#78cc
nodes, edges			5000, 56377
directed?			False
weighted?			True
isolated nodes			0
self-loops			0
density				0.004511
clustering coefficient		0.238915
min/max/avg degree		1, 346, 22.550800
degree assortativity		0.312479
number of connected components	1
size of largest component	5000 (100.00 %)
tot:  127581.94557328263
__pmi+Louvain__
PLM(balanced,pc,turbo) detected communities in 0.7126812934875488 [s]
solution properties:
-------------------  ----------
# communities         32
min community size     8
max community size   519
avg. community size  156.25
modularity             0.755248
-------------------  ----------
45 community detected
NMI:0.36113758607435176
ARM:0.5360806124605093
__pmi+PLP__
PLP detected communities in 0.15891528129577637 [s]
solution properties:
-------------------  -----------
# communities         136
min community size      2
max community size   1572
avg. community size    36.7647
modularity              0.704174
-------------------  -----------
45 community detected
NMI:0.3864595201858658
ARM:0.7222746450821986
__standard__
Network Properties for:		G#100cc
nodes, edges			5000, 56377
directed?			False
weighted?			True
isolated nodes			0
self-loops			0
density				0.004511
clustering coefficient		0.238915
min/max/avg degree		1, 346, 22.550800
degree assortativity		0.312479
number of connected components	1
size of largest component	5000 (100.00 %)
tot:  13.353442862431047
__standard+Louvain__
PLM(balanced,pc,turbo) detected communities in 0.8585519790649414 [s]
solution properties:
-------------------  ----------
# communities         79
min community size     2
max community size   253
avg. community size   63.2911
modularity             0.828231
-------------------  ----------
45 community detected
NMI:0.7233685477024598
ARM:0.9288687113168974
__standard+PLP__
PLP detected communities in 0.18279004096984863 [s]
solution properties:
-------------------  ----------
# communities        1167
min community size      2
max community size     67
avg. community size     4.28449
modularity              0.69498
-------------------  ----------
45 community detected
NMI:0.5734939083172431
ARM:0.9872234297882447
__ppmi__
Network Properties for:		G#122cc
nodes, edges			5000, 56377
directed?			False
weighted?			True
isolated nodes			0
self-loops			0
density				0.004511
clustering coefficient		0.238915
min/max/avg degree		1, 346, 22.550800
degree assortativity		0.312479
number of connected components	1
size of largest component	5000 (100.00 %)
tot:  196856.27413942356
__ppmi+Louvain__
PLM(balanced,pc,turbo) detected communities in 0.4543113708496094 [s]
solution properties:
-------------------  ----------
# communities         31
min community size     7
max community size   495
avg. community size  161.29
modularity             0.562974
-------------------  ----------
45 community detected
NMI:0.17276604955098263
ARM:0.24284076967186818
__ppmi+PLP__
PLP detected communities in 0.15182113647460938 [s]
solution properties:
-------------------  -----------
# communities          67
min community size      1
max community size   1197
avg. community size    74.6269
modularity              0.539164
-------------------  -----------
45 community detected
NMI:0.19133586495633115
ARM:0.4497658792242474
__glovexmax50alpha0.2__
Network Properties for:		G#141cc
nodes, edges			5000, 56377
directed?			False
weighted?			True
isolated nodes			0
self-loops			0
density				0.004511
clustering coefficient		0.238915
min/max/avg degree		1, 346, 22.550800
degree assortativity		0.312479
number of connected components	1
size of largest component	5000 (100.00 %)
tot:  31755.873352172875
__glovexmax50alpha0.2+Louvain__
PLM(balanced,pc,turbo) detected communities in 0.40688633918762207 [s]
solution properties:
-------------------  ----------
# communities         24
min community size    58
max community size   467
avg. community size  208.333
modularity             0.532014
-------------------  ----------
45 community detected
NMI:0.039344357478817704
ARM:0.0351328369355447
__glovexmax50alpha0.2+PLP__
PLP detected communities in 0.14684462547302246 [s]
solution properties:
-------------------  ----------
# communities         42
min community size     6
max community size   476
avg. community size  119.048
modularity             0.531675
-------------------  ----------
45 community detected
NMI:0.01773957981024532
ARM:0.02503919366218721
__glovexmax40alpha0.2__
Network Properties for:		G#160cc
nodes, edges			5000, 56377
directed?			False
weighted?			True
isolated nodes			0
self-loops			0
density				0.004511
clustering coefficient		0.238915
min/max/avg degree		1, 346, 22.550800
degree assortativity		0.312479
number of connected components	1
size of largest component	5000 (100.00 %)
tot:  33148.792608596064
__glovexmax40alpha0.2+Louvain__
PLM(balanced,pc,turbo) detected communities in 0.3245065212249756 [s]
solution properties:
-------------------  ----------
# communities         23
min community size    58
max community size   465
avg. community size  217.391
modularity             0.532307
-------------------  ----------
45 community detected
NMI:0.042876718060731234
ARM:0.03796245983745983
__glovexmax40alpha0.2+PLP__
PLP detected communities in 0.07931065559387207 [s]
solution properties:
-------------------  ----------
# communities         43
min community size     6
max community size   470
avg. community size  116.279
modularity             0.532094
-------------------  ----------
45 community detected
NMI:0.01583558024833065
ARM:0.02108042117428488
__glovexmax30alpha0.3__
Network Properties for:		G#179cc
nodes, edges			5000, 56377
directed?			False
weighted?			True
isolated nodes			0
self-loops			0
density				0.004511
clustering coefficient		0.238915
min/max/avg degree		1, 346, 22.550800
degree assortativity		0.312479
number of connected components	1
size of largest component	5000 (100.00 %)
tot:  29933.96284662349
__glovexmax30alpha0.3+Louvain__
PLM(balanced,pc,turbo) detected communities in 0.2182927131652832 [s]
solution properties:
-------------------  ----------
# communities         21
min community size   104
max community size   460
avg. community size  238.095
modularity             0.527076
-------------------  ----------
45 community detected
NMI:0.06116806238238304
ARM:0.06275558776875756
__glovexmax30alpha0.3+PLP__
PLP detected communities in 0.06140470504760742 [s]
solution properties:
-------------------  ----------
# communities         43
min community size     6
max community size   472
avg. community size  116.279
modularity             0.526958
-------------------  ----------
45 community detected
NMI:0.028316157629403205
ARM:0.0368278946620495
