__LOADINGS__
4993/38801 12.868225045746243 % of nul weighted edges removed
0/5000 0.0 % of nul degree nodes removed
Network Properties for:		network
nodes, edges			5000, 33808
directed?			False
weighted?			True
isolated nodes			0
self-loops			0
density				0.002705
clustering coefficient		0.292150
min/max/avg degree		1, 217, 13.523200
degree assortativity		0.183008
number of connected components	1
size of largest component	5000 (100.00 %)
250726.48647717867
__Groundtruth__
read communities from: ../../lfr_5000/mk300/k15/muw0.3/2/community.dat
-------------------  ----------
# communities         32
min community size   100
max community size   215
avg. community size  156.25
modularity             0.588183
-------------------  ----------
32 community detected
__CLASSIC_METHODS__
__Louvain__
PLM(balanced,pc,turbo) detected communities in 0.40500640869140625 [s]
solution properties:
-------------------  ----------
# communities         30
min community size    92
max community size   326
avg. community size  166.667
modularity             0.595093
-------------------  ----------
32 community detected
NMI:0.12493979273199252
ARI:0.1763910746982572
__Singleton__
32 community detected
NMI:0.42370093147868315
ARI:1.0
__AllInOne__
32 community detected
NMI:1.0
ARI:1.0
__PLP__
PLP detected communities in 0.1003425121307373 [s]
solution properties:
-------------------  ----------
# communities         34
min community size     2
max community size   233
avg. community size  147.059
modularity             0.594546
-------------------  ----------
32 community detected
NMI:0.11555328669154186
ARI:0.13618860370708052
__NORMALIZATION__
__glove__
Network Properties for:		G#21
nodes, edges			5000, 33808
directed?			False
weighted?			True
isolated nodes			0
self-loops			0
density				0.002705
clustering coefficient		0.292150
min/max/avg degree		1, 217, 13.523200
degree assortativity		0.183008
number of connected components	1
size of largest component	5000 (100.00 %)
tot:  3966.619593052101
__glove+Louvain__
PLM(balanced,pc,turbo) detected communities in 0.41808199882507324 [s]
solution properties:
-------------------  ---------
# communities         31
min community size    93
max community size   256
avg. community size  161.29
modularity             0.62358
-------------------  ---------
32 community detected
NMI:0.10217822648832586
ARI:0.1303615810149924
__glove+PLP__
PLP detected communities in 0.14942193031311035 [s]
solution properties:
-------------------  ----------
# communities         34
min community size     2
max community size   229
avg. community size  147.059
modularity             0.623482
-------------------  ----------
32 community detected
NMI:0.09695163890898217
ARI:0.11279656429687579
__fake_pmi__
Network Properties for:		G#30
nodes, edges			5000, 33808
directed?			False
weighted?			True
isolated nodes			0
self-loops			0
density				0.002705
clustering coefficient		0.292150
min/max/avg degree		1, 217, 13.523200
degree assortativity		0.183008
number of connected components	1
size of largest component	5000 (100.00 %)
tot:  0.0
__fake_pmi+Louvain__
1 community detected due to total edge weight equal 0
NMI:1
ARI:1
__fake_pmi+PLP__
1 community detected due to total edge weight equal 0
NMI:1
ARI:1
__iterative_rev_degree_order__
Network Properties for:		G#33
nodes, edges			5000, 33808
directed?			False
weighted?			True
isolated nodes			0
self-loops			0
density				0.002705
clustering coefficient		0.292150
min/max/avg degree		1, 217, 13.523200
degree assortativity		0.183008
number of connected components	1
size of largest component	5000 (100.00 %)
tot:  1484.2692169428233
__iterative_rev_degree_order+Louvain__
PLM(balanced,pc,turbo) detected communities in 0.7640950679779053 [s]
solution properties:
-------------------  ----------
# communities         67
min community size    31
max community size   139
avg. community size   74.6269
modularity             0.882836
-------------------  ----------
32 community detected
NMI:0.6901629672912426
ARI:0.8942416836594429
__iterative_rev_degree_order+PLP__
PLP detected communities in 0.06852340698242188 [s]
solution properties:
-------------------  ----------
# communities        1517
min community size      2
max community size     16
avg. community size     3.29598
modularity              0.7803
-------------------  ----------
32 community detected
NMI:0.4644415512027623
ARI:0.9813282617558954
__pmi__
Network Properties for:		G#48
nodes, edges			5000, 33808
directed?			False
weighted?			True
isolated nodes			0
self-loops			0
density				0.002705
clustering coefficient		0.292150
min/max/avg degree		1, 217, 13.523200
degree assortativity		0.183008
number of connected components	1
size of largest component	5000 (100.00 %)
tot:  72523.98511975973
__pmi+Louvain__
PLM(balanced,pc,turbo) detected communities in 0.6635921001434326 [s]
solution properties:
-------------------  ---------
# communities         28
min community size    81
max community size   473
avg. community size  178.571
modularity             1.08231
-------------------  ---------
32 community detected
NMI:0.3320422494119254
ARI:0.48210340157873166
__pmi+PLP__
PLP detected communities in 0.13019752502441406 [s]
solution properties:
-------------------  ---------
# communities        288
min community size     1
max community size   235
avg. community size   17.3611
modularity             1.01424
-------------------  ---------
32 community detected
NMI:0.27862361905963906
ARI:0.40158762105462553
__standard__
Network Properties for:		G#60
nodes, edges			5000, 33808
directed?			False
weighted?			True
isolated nodes			0
self-loops			0
density				0.002705
clustering coefficient		0.292150
min/max/avg degree		1, 217, 13.523200
degree assortativity		0.183008
number of connected components	1
size of largest component	5000 (100.00 %)
tot:  18.113349165934977
__standard+Louvain__
PLM(balanced,pc,turbo) detected communities in 0.8332948684692383 [s]
solution properties:
-------------------  ---------
# communities         53
min community size     2
max community size   245
avg. community size   94.3396
modularity             0.85514
-------------------  ---------
32 community detected
NMI:0.49624650269125214
ARI:0.644817476031752
__standard+PLP__
PLP detected communities in 0.11445140838623047 [s]
solution properties:
-------------------  ----------
# communities        1247
min community size      2
max community size     69
avg. community size     4.00962
modularity              0.73961
-------------------  ----------
32 community detected
NMI:0.44686302630742614
ARI:0.933157298056561
__ppmi__
Network Properties for:		G#75
nodes, edges			5000, 33808
directed?			False
weighted?			True
isolated nodes			0
self-loops			0
density				0.002705
clustering coefficient		0.292150
min/max/avg degree		1, 217, 13.523200
degree assortativity		0.183008
number of connected components	1
size of largest component	5000 (100.00 %)
tot:  132341.00002269362
__ppmi+Louvain__
PLM(balanced,pc,turbo) detected communities in 0.4170680046081543 [s]
solution properties:
-------------------  ---------
# communities         28
min community size   122
max community size   297
avg. community size  178.571
modularity             0.68852
-------------------  ---------
32 community detected
NMI:0.1481784655197773
ARI:0.2284814853329048
__ppmi+PLP__
PLP detected communities in 0.13219642639160156 [s]
solution properties:
-------------------  ----------
# communities        109
min community size     1
max community size   210
avg. community size   45.8716
modularity             0.683711
-------------------  ----------
32 community detected
NMI:0.12653985682549695
ARI:0.1566690134084291
__glovexmax50alpha0.2__
Network Properties for:		G#84
nodes, edges			5000, 33808
directed?			False
weighted?			True
isolated nodes			0
self-loops			0
density				0.002705
clustering coefficient		0.292150
min/max/avg degree		1, 217, 13.523200
degree assortativity		0.183008
number of connected components	1
size of largest component	5000 (100.00 %)
tot:  17408.452645433714
__glovexmax50alpha0.2+Louvain__
PLM(balanced,pc,turbo) detected communities in 0.3185083866119385 [s]
solution properties:
-------------------  ----------
# communities         29
min community size   101
max community size   299
avg. community size  172.414
modularity             0.668078
-------------------  ----------
32 community detected
NMI:0.05450212947465727
ARI:0.10893546674099475
__glovexmax50alpha0.2+PLP__
PLP detected communities in 0.15151000022888184 [s]
solution properties:
-------------------  ----------
# communities         33
min community size     2
max community size   217
avg. community size  151.515
modularity             0.669371
-------------------  ----------
32 community detected
NMI:0.03529735229619313
ARI:0.041082647383132054
__glovexmax40alpha0.2__
Network Properties for:		G#93
nodes, edges			5000, 33808
directed?			False
weighted?			True
isolated nodes			0
self-loops			0
density				0.002705
clustering coefficient		0.292150
min/max/avg degree		1, 217, 13.523200
degree assortativity		0.183008
number of connected components	1
size of largest component	5000 (100.00 %)
tot:  18175.67179176199
__glovexmax40alpha0.2+Louvain__
PLM(balanced,pc,turbo) detected communities in 0.2682065963745117 [s]
solution properties:
-------------------  ----------
# communities         20
min community size   161
max community size   324
avg. community size  250
modularity             0.659371
-------------------  ----------
32 community detected
NMI:0.11415563735383605
ARI:0.27733278904231207
__glovexmax40alpha0.2+PLP__
PLP detected communities in 0.06908082962036133 [s]
solution properties:
-------------------  ---------
# communities         33
min community size     2
max community size   217
avg. community size  151.515
modularity             0.66972
-------------------  ---------
32 community detected
NMI:0.03529735229619313
ARI:0.041082647383132054
__glovexmax30alpha0.3__
Network Properties for:		G#102
nodes, edges			5000, 33808
directed?			False
weighted?			True
isolated nodes			0
self-loops			0
density				0.002705
clustering coefficient		0.292150
min/max/avg degree		1, 217, 13.523200
degree assortativity		0.183008
number of connected components	1
size of largest component	5000 (100.00 %)
tot:  16086.946825098265
__glovexmax30alpha0.3+Louvain__
PLM(balanced,pc,turbo) detected communities in 0.19200611114501953 [s]
solution properties:
-------------------  ----------
# communities         32
min community size    98
max community size   216
avg. community size  156.25
modularity             0.666958
-------------------  ----------
32 community detected
NMI:0.04776923565723179
ARI:0.05545717573312903
__glovexmax30alpha0.3+PLP__
PLP detected communities in 0.06645846366882324 [s]
solution properties:
-------------------  ----------
# communities         33
min community size     2
max community size   218
avg. community size  151.515
modularity             0.666925
-------------------  ----------
32 community detected
NMI:0.04758884060649671
ARI:0.05491155877105691
NMI classement:
[('NMIglovexmax50alpha0.2+PLP', 0.03529735229619313), ('NMIglovexmax40alpha0.2+PLP', 0.03529735229619313), ('NMIglovexmax30alpha0.3+PLP', 0.04758884060649671), ('NMIglovexmax30alpha0.3+Louvain', 0.04776923565723179), ('NMIglovexmax50alpha0.2+Louvain', 0.05450212947465727), ('NMIglove+PLP', 0.09695163890898217), ('NMIglove+Louvain', 0.10217822648832586), ('NMIglovexmax40alpha0.2+Louvain', 0.11415563735383605), ('NMIPLP', 0.11555328669154186), ('NMILouvain', 0.12493979273199252), ('NMIppmi+PLP', 0.12653985682549695), ('NMIppmi+Louvain', 0.1481784655197773), ('NMIpmi+PLP', 0.27862361905963906), ('NMIpmi+Louvain', 0.3320422494119254), ('NMISingleton', 0.42370093147868315), ('NMIstandard+PLP', 0.44686302630742614), ('NMIiterative_rev_degree_order+PLP', 0.4644415512027623), ('NMIstandard+Louvain', 0.49624650269125214), ('NMIiterative_rev_degree_order+Louvain', 0.6901629672912426), ('NMIAllInOne', 1.0), ('NMIfake_pmi+Louvain', 1), ('NMIfake_pmi+PLP', 1)]
ARI classement:
[('ARIglovexmax50alpha0.2+PLP', 0.041082647383132054), ('ARIglovexmax40alpha0.2+PLP', 0.041082647383132054), ('ARIglovexmax30alpha0.3+PLP', 0.05491155877105691), ('ARIglovexmax30alpha0.3+Louvain', 0.05545717573312903), ('ARIglovexmax50alpha0.2+Louvain', 0.10893546674099475), ('ARIglove+PLP', 0.11279656429687579), ('ARIglove+Louvain', 0.1303615810149924), ('ARIPLP', 0.13618860370708052), ('ARIppmi+PLP', 0.1566690134084291), ('ARILouvain', 0.1763910746982572), ('ARIppmi+Louvain', 0.2284814853329048), ('ARIglovexmax40alpha0.2+Louvain', 0.27733278904231207), ('ARIpmi+PLP', 0.40158762105462553), ('ARIpmi+Louvain', 0.48210340157873166), ('ARIstandard+Louvain', 0.644817476031752), ('ARIiterative_rev_degree_order+Louvain', 0.8942416836594429), ('ARIstandard+PLP', 0.933157298056561), ('ARIiterative_rev_degree_order+PLP', 0.9813282617558954), ('ARISingleton', 1.0), ('ARIAllInOne', 1.0), ('ARIfake_pmi+Louvain', 1), ('ARIfake_pmi+PLP', 1)]
