__LOADINGS__
4992/52502 9.508209211077673 % of nul weighted edges removed
0/5000 0.0 % of nul degree nodes removed
Network Properties for:		network
nodes, edges			5000, 47510
directed?			False
weighted?			True
isolated nodes			0
self-loops			0
density				0.003802
clustering coefficient		0.242096
min/max/avg degree		1, 343, 19.004000
degree assortativity		0.286771
number of connected components	1
size of largest component	5000 (100.00 %)
430577.5410640363
__Groundtruth__
read communities from: ../../lfr_5000/mk500/k20/muw0.4/27/community.dat
-------------------  ----------
# communities         46
min community size     5
max community size   472
avg. community size  108.696
modularity             0.438322
-------------------  ----------
46 community detected
__CLASSIC_METHODS__
__Louvain__
PLM(balanced,pc,turbo) detected communities in 0.33342790603637695 [s]
solution properties:
-------------------  ----------
# communities         17
min community size   154
max community size   492
avg. community size  294.118
modularity             0.445851
-------------------  ----------
46 community detected
NMI:0.21232981892956027
ARI:0.26396391465377744
__Singleton__
46 community detected
NMI:0.4615053837445433
ARI:1.0
__AllInOne__
46 community detected
NMI:1.0
ARI:1.0
__PLP__
PLP detected communities in 0.1359102725982666 [s]
solution properties:
-------------------  ----------
# communities         40
min community size     2
max community size   529
avg. community size  125
modularity             0.443869
-------------------  ----------
46 community detected
NMI:0.16819796551629662
ARI:0.21933775087729368
__NORMALIZATION__
__glove__
Network Properties for:		G#21
nodes, edges			5000, 47510
directed?			False
weighted?			True
isolated nodes			0
self-loops			0
density				0.003802
clustering coefficient		0.242096
min/max/avg degree		1, 343, 19.004000
degree assortativity		0.286771
number of connected components	1
size of largest component	5000 (100.00 %)
tot:  6498.1735316812465
__glove+Louvain__
PLM(balanced,pc,turbo) detected communities in 0.2807273864746094 [s]
solution properties:
-------------------  ---------
# communities         21
min community size    52
max community size   484
avg. community size  238.095
modularity             0.47654
-------------------  ---------
46 community detected
NMI:0.15852594361609917
ARI:0.19646306012400483
__glove+PLP__
PLP detected communities in 0.14917445182800293 [s]
solution properties:
-------------------  ----------
# communities         43
min community size     2
max community size   516
avg. community size  116.279
modularity             0.473615
-------------------  ----------
46 community detected
NMI:0.13660655912500563
ARI:0.1833180499951541
__fake_pmi__
Network Properties for:		G#30
nodes, edges			5000, 47510
directed?			False
weighted?			True
isolated nodes			0
self-loops			0
density				0.003802
clustering coefficient		0.242096
min/max/avg degree		1, 343, 19.004000
degree assortativity		0.286771
number of connected components	1
size of largest component	5000 (100.00 %)
tot:  0.0
__fake_pmi+Louvain__
1 community detected due to total edge weight equal 0
NMI:1
ARI:1
__fake_pmi+PLP__
1 community detected due to total edge weight equal 0
NMI:1
ARI:1
__iterative_rev_degree_order__
Network Properties for:		G#33
nodes, edges			5000, 47510
directed?			False
weighted?			True
isolated nodes			0
self-loops			0
density				0.003802
clustering coefficient		0.242096
min/max/avg degree		1, 343, 19.004000
degree assortativity		0.286771
number of connected components	1
size of largest component	5000 (100.00 %)
tot:  1281.512367395057
__iterative_rev_degree_order+Louvain__
PLM(balanced,pc,turbo) detected communities in 0.782649040222168 [s]
solution properties:
-------------------  ----------
# communities         75
min community size    31
max community size   116
avg. community size   66.6667
modularity             0.866994
-------------------  ----------
46 community detected
NMI:0.7887225132542618
ARI:0.9760539457302991
__iterative_rev_degree_order+PLP__
PLP detected communities in 0.07192754745483398 [s]
solution properties:
-------------------  -----------
# communities        1590
min community size      2
max community size     11
avg. community size     3.14465
modularity              0.754378
-------------------  -----------
46 community detected
NMI:0.5285902779061731
ARI:0.9934408892489087
__pmi__
Network Properties for:		G#48
nodes, edges			5000, 47510
directed?			False
weighted?			True
isolated nodes			0
self-loops			0
density				0.003802
clustering coefficient		0.242096
min/max/avg degree		1, 343, 19.004000
degree assortativity		0.286771
number of connected components	1
size of largest component	5000 (100.00 %)
tot:  56074.20777610619
__pmi+Louvain__
PLM(balanced,pc,turbo) detected communities in 0.6812570095062256 [s]
solution properties:
-------------------  ---------
# communities         24
min community size    26
max community size   989
avg. community size  208.333
modularity             1.35782
-------------------  ---------
46 community detected
NMI:0.5775346235636643
ARI:0.8004023142183436
__pmi+PLP__
PLP detected communities in 0.14061641693115234 [s]
solution properties:
-------------------  ----------
# communities         355
min community size      1
max community size   1520
avg. community size    14.0845
modularity              1.18383
-------------------  ----------
46 community detected
NMI:0.5270544498491311
ARI:0.8562675350088994
__standard__
Network Properties for:		G#60
nodes, edges			5000, 47510
directed?			False
weighted?			True
isolated nodes			0
self-loops			0
density				0.003802
clustering coefficient		0.242096
min/max/avg degree		1, 343, 19.004000
degree assortativity		0.286771
number of connected components	1
size of largest component	5000 (100.00 %)
tot:  16.77310943032269
__standard+Louvain__
PLM(balanced,pc,turbo) detected communities in 0.4246807098388672 [s]
solution properties:
-------------------  ----------
# communities         92
min community size     2
max community size   273
avg. community size   54.3478
modularity             0.871894
-------------------  ----------
46 community detected
NMI:0.7133315171974659
ARI:0.9290346502336998
__standard+PLP__
PLP detected communities in 0.09408330917358398 [s]
solution properties:
-------------------  -----------
# communities        1273
min community size      2
max community size     35
avg. community size     3.92773
modularity              0.748776
-------------------  -----------
46 community detected
NMI:0.5553597961720286
ARI:0.9900258083256989
__ppmi__
Network Properties for:		G#72
nodes, edges			5000, 47510
directed?			False
weighted?			True
isolated nodes			0
self-loops			0
density				0.003802
clustering coefficient		0.242096
min/max/avg degree		1, 343, 19.004000
degree assortativity		0.286771
number of connected components	1
size of largest component	5000 (100.00 %)
tot:  157513.6551980143
__ppmi+Louvain__
PLM(balanced,pc,turbo) detected communities in 0.4139127731323242 [s]
solution properties:
-------------------  ---------
# communities         31
min community size     7
max community size   445
avg. community size  161.29
modularity             0.57984
-------------------  ---------
46 community detected
NMI:0.2617976485149883
ARI:0.3286071218497598
__ppmi+PLP__
PLP detected communities in 0.13086295127868652 [s]
solution properties:
-------------------  ----------
# communities          99
min community size      1
max community size   2598
avg. community size    50.5051
modularity              0.46591
-------------------  ----------
46 community detected
NMI:0.3546415754970821
ARI:0.811825864888251
__glovexmax50alpha0.2__
Network Properties for:		G#84
nodes, edges			5000, 47510
directed?			False
weighted?			True
isolated nodes			0
self-loops			0
density				0.003802
clustering coefficient		0.242096
min/max/avg degree		1, 343, 19.004000
degree assortativity		0.286771
number of connected components	1
size of largest component	5000 (100.00 %)
tot:  25050.279987292663
__glovexmax50alpha0.2+Louvain__
PLM(balanced,pc,turbo) detected communities in 0.3591759204864502 [s]
solution properties:
-------------------  ----------
# communities         21
min community size    92
max community size   471
avg. community size  238.095
modularity             0.531628
-------------------  ----------
46 community detected
NMI:0.07455511885931088
ARI:0.07938456291633622
__glovexmax50alpha0.2+PLP__
PLP detected communities in 0.0962369441986084 [s]
solution properties:
-------------------  ----------
# communities         45
min community size     1
max community size   480
avg. community size  111.111
modularity             0.531159
-------------------  ----------
46 community detected
NMI:0.035939661872875006
ARI:0.04589896386318537
__glovexmax40alpha0.2__
Network Properties for:		G#93
nodes, edges			5000, 47510
directed?			False
weighted?			True
isolated nodes			0
self-loops			0
density				0.003802
clustering coefficient		0.242096
min/max/avg degree		1, 343, 19.004000
degree assortativity		0.286771
number of connected components	1
size of largest component	5000 (100.00 %)
tot:  26134.120139684062
__glovexmax40alpha0.2+Louvain__
PLM(balanced,pc,turbo) detected communities in 0.4246246814727783 [s]
solution properties:
-------------------  ----------
# communities         23
min community size    51
max community size   471
avg. community size  217.391
modularity             0.532277
-------------------  ----------
46 community detected
NMI:0.06686643211629384
ARI:0.06886670309307741
__glovexmax40alpha0.2+PLP__
PLP detected communities in 0.06824254989624023 [s]
solution properties:
-------------------  ----------
# communities         46
min community size     5
max community size   480
avg. community size  108.696
modularity             0.530276
-------------------  ----------
46 community detected
NMI:0.035803477548826956
ARI:0.04564210316955075
__glovexmax30alpha0.3__
Network Properties for:		G#105
nodes, edges			5000, 47510
directed?			False
weighted?			True
isolated nodes			0
self-loops			0
density				0.003802
clustering coefficient		0.242096
min/max/avg degree		1, 343, 19.004000
degree assortativity		0.286771
number of connected components	1
size of largest component	5000 (100.00 %)
tot:  23550.73387008627
__glovexmax30alpha0.3+Louvain__
PLM(balanced,pc,turbo) detected communities in 0.4167470932006836 [s]
solution properties:
-------------------  ----------
# communities         26
min community size    11
max community size   476
avg. community size  192.308
modularity             0.527661
-------------------  ----------
46 community detected
NMI:0.0769273843684396
ARI:0.0869910035498781
__glovexmax30alpha0.3+PLP__
PLP detected communities in 0.08051204681396484 [s]
solution properties:
-------------------  ----------
# communities         45
min community size     5
max community size   488
avg. community size  111.111
modularity             0.527097
-------------------  ----------
46 community detected
NMI:0.05613716514035616
ARI:0.07416002679784561
NMI classement:
[('NMIglovexmax40alpha0.2+PLP', 0.035803477548826956), ('NMIglovexmax50alpha0.2+PLP', 0.035939661872875006), ('NMIglovexmax30alpha0.3+PLP', 0.05613716514035616), ('NMIglovexmax40alpha0.2+Louvain', 0.06686643211629384), ('NMIglovexmax50alpha0.2+Louvain', 0.07455511885931088), ('NMIglovexmax30alpha0.3+Louvain', 0.0769273843684396), ('NMIglove+PLP', 0.13660655912500563), ('NMIglove+Louvain', 0.15852594361609917), ('NMIPLP', 0.16819796551629662), ('NMILouvain', 0.21232981892956027), ('NMIppmi+Louvain', 0.2617976485149883), ('NMIppmi+PLP', 0.3546415754970821), ('NMISingleton', 0.4615053837445433), ('NMIpmi+PLP', 0.5270544498491311), ('NMIiterative_rev_degree_order+PLP', 0.5285902779061731), ('NMIstandard+PLP', 0.5553597961720286), ('NMIpmi+Louvain', 0.5775346235636643), ('NMIstandard+Louvain', 0.7133315171974659), ('NMIiterative_rev_degree_order+Louvain', 0.7887225132542618), ('NMIAllInOne', 1.0), ('NMIfake_pmi+Louvain', 1), ('NMIfake_pmi+PLP', 1)]
ARI classement:
[('ARIglovexmax40alpha0.2+PLP', 0.04564210316955075), ('ARIglovexmax50alpha0.2+PLP', 0.04589896386318537), ('ARIglovexmax40alpha0.2+Louvain', 0.06886670309307741), ('ARIglovexmax30alpha0.3+PLP', 0.07416002679784561), ('ARIglovexmax50alpha0.2+Louvain', 0.07938456291633622), ('ARIglovexmax30alpha0.3+Louvain', 0.0869910035498781), ('ARIglove+PLP', 0.1833180499951541), ('ARIglove+Louvain', 0.19646306012400483), ('ARIPLP', 0.21933775087729368), ('ARILouvain', 0.26396391465377744), ('ARIppmi+Louvain', 0.3286071218497598), ('ARIpmi+Louvain', 0.8004023142183436), ('ARIppmi+PLP', 0.811825864888251), ('ARIpmi+PLP', 0.8562675350088994), ('ARIstandard+Louvain', 0.9290346502336998), ('ARIiterative_rev_degree_order+Louvain', 0.9760539457302991), ('ARIstandard+PLP', 0.9900258083256989), ('ARIiterative_rev_degree_order+PLP', 0.9934408892489087), ('ARISingleton', 1.0), ('ARIAllInOne', 1.0), ('ARIfake_pmi+Louvain', 1), ('ARIfake_pmi+PLP', 1)]
