__LOADINGS__
Network Properties for:		network
nodes, edges			5000, 56557
directed?			False
weighted?			True
isolated nodes			1
self-loops			0
density				0.004525
clustering coefficient		0.484024
min/max/avg degree		0, 390, 22.622800
degree assortativity		0.186473
number of connected components	2
size of largest component	4999 (99.98 %)
520486.57553039753
__Groundtruth__
read communities from: ../../lfr_5000/mk500/k25/muw0.2/3/community.dat
-------------------  ----------
# communities         45
min community size     6
max community size   473
avg. community size  111.111
modularity             0.649358
-------------------  ----------
45 community detected
__CLASSIC_METHODS__
__Louvain__
PLM(balanced,pc,turbo) detected communities in 0.3719809055328369 [s]
solution properties:
-------------------  ----------
# communities         31
min community size     1
max community size   479
avg. community size  161.29
modularity             0.651761
-------------------  ----------
45 community detected
NMI:0.03923421844621944
ARM:0.039283384583261416
__Singleton__
45 community detected
NMI:0.4611691217645686
ARM:1.0
__AllInOne__
45 community detected
NMI:1.0
ARM:1.0
__PLP__
PLP detected communities in 0.09321308135986328 [s]
solution properties:
-------------------  ----------
# communities         46
min community size     1
max community size   479
avg. community size  108.696
modularity             0.651644
-------------------  ----------
45 community detected
NMI:0.014155902244223473
ARM:0.018184014708491736
__NORMALIZATION__
__glove__
Network Properties for:		G#21cc
nodes, edges			4999, 56557
directed?			False
weighted?			True
isolated nodes			0
self-loops			0
density				0.004527
clustering coefficient		0.484121
min/max/avg degree		5, 390, 22.627325
degree assortativity		0.186473
number of connected components	1
size of largest component	4999 (100.00 %)
tot:  7672.675002855133
__glove+Louvain__
PLM(balanced,pc,turbo) detected communities in 0.3867037296295166 [s]
solution properties:
-------------------  ---------
# communities         26
min community size     6
max community size   476
avg. community size  192.269
modularity             0.69058
-------------------  ---------
45 community detected
NMI:0.03572024636538018
ARM:0.030953029640523155
__glove+PLP__
PLP detected communities in 0.09363484382629395 [s]
solution properties:
-------------------  ----------
# communities         45
min community size     6
max community size   477
avg. community size  111.089
modularity             0.690508
-------------------  ----------
45 community detected
NMI:0.009853540848230646
ARM:0.012316543632171717
__fake_pmi__
Network Properties for:		G#40cc
nodes, edges			4999, 56557
directed?			False
weighted?			True
isolated nodes			0
self-loops			0
density				0.004527
clustering coefficient		0.484121
min/max/avg degree		5, 390, 22.627325
degree assortativity		0.186473
number of connected components	1
size of largest component	4999 (100.00 %)
tot:  0.0
__fake_pmi+Louvain__
1 community detected due to total edge weight equal 0
NMI:1
ARM:0.012316543632171717
__fake_pmi+PLP__
1 community detected due to total edge weight equal 0
NMI:1
ARM:0.012316543632171717
__iterative_rev_degree_order__
Network Properties for:		G#53cc
nodes, edges			4999, 56557
directed?			False
weighted?			True
isolated nodes			0
self-loops			0
density				0.004527
clustering coefficient		0.484121
min/max/avg degree		5, 390, 22.627325
degree assortativity		0.186473
number of connected components	1
size of largest component	4999 (100.00 %)
tot:  1544.0182904671274
__iterative_rev_degree_order+Louvain__
PLM(balanced,pc,turbo) detected communities in 0.6460423469543457 [s]
solution properties:
-------------------  ----------
# communities         80
min community size     2
max community size   217
avg. community size   62.4875
modularity             0.866455
-------------------  ----------
45 community detected
NMI:0.6062053792985018
ARM:0.8582799123227995
__iterative_rev_degree_order+PLP__
PLP detected communities in 0.07756876945495605 [s]
solution properties:
-------------------  -----------
# communities        1484
min community size      2
max community size     13
avg. community size     3.3686
modularity              0.733483
-------------------  -----------
45 community detected
NMI:0.5012052134653824
ARM:0.989060156428747
__pmi__
Network Properties for:		G#78cc
nodes, edges			4999, 56557
directed?			False
weighted?			True
isolated nodes			0
self-loops			0
density				0.004527
clustering coefficient		0.484121
min/max/avg degree		5, 390, 22.627325
degree assortativity		0.186473
number of connected components	1
size of largest component	4999 (100.00 %)
tot:  109510.88671241463
__pmi+Louvain__
PLM(balanced,pc,turbo) detected communities in 0.33861470222473145 [s]
solution properties:
-------------------  ----------
# communities          34
min community size      7
max community size   1462
avg. community size   147.029
modularity              1.21186
-------------------  ----------
45 community detected
NMI:0.19154951606058102
ARM:0.5085139991057485
__pmi+PLP__
PLP detected communities in 0.18794846534729004 [s]
solution properties:
-------------------  ---------
# communities         51
min community size     2
max community size   789
avg. community size   98.0196
modularity             1.20307
-------------------  ---------
45 community detected
NMI:0.133900076545724
ARM:0.2632593775301959
__standard__
Network Properties for:		G#97cc
nodes, edges			4999, 56557
directed?			False
weighted?			True
isolated nodes			0
self-loops			0
density				0.004527
clustering coefficient		0.484121
min/max/avg degree		5, 390, 22.627325
degree assortativity		0.186473
number of connected components	1
size of largest component	4999 (100.00 %)
tot:  12.31619670018919
__standard+Louvain__
PLM(balanced,pc,turbo) detected communities in 0.6006977558135986 [s]
solution properties:
-------------------  -----------
# communities          46
min community size      2
max community size   1234
avg. community size   108.674
modularity              0.914388
-------------------  -----------
45 community detected
NMI:0.4024878227406359
ARM:0.6631182209423585
__standard+PLP__
PLP detected communities in 0.2142961025238037 [s]
solution properties:
-------------------  ----------
# communities        761
min community size     1
max community size   207
avg. community size    6.56899
modularity             0.827012
-------------------  ----------
45 community detected
NMI:0.42091362524421416
ARM:0.7375162882714934
__ppmi__
Network Properties for:		G#119cc
nodes, edges			4999, 56557
directed?			False
weighted?			True
isolated nodes			0
self-loops			0
density				0.004527
clustering coefficient		0.484121
min/max/avg degree		5, 390, 22.627325
degree assortativity		0.186473
number of connected components	1
size of largest component	4999 (100.00 %)
tot:  190543.44768572418
__ppmi+Louvain__
PLM(balanced,pc,turbo) detected communities in 0.2050161361694336 [s]
solution properties:
-------------------  ----------
# communities         28
min community size     7
max community size   465
avg. community size  178.536
modularity             0.776271
-------------------  ----------
45 community detected
NMI:0.033505751388164806
ARM:0.03166528932753576
__ppmi+PLP__
PLP detected communities in 0.13841509819030762 [s]
solution properties:
-------------------  ----------
# communities         45
min community size     2
max community size   898
avg. community size  111.089
modularity             0.772783
-------------------  ----------
45 community detected
NMI:0.029799384611641
ARM:0.14476568319374616
__glovexmax50alpha0.2__
Network Properties for:		G#138cc
nodes, edges			4999, 56557
directed?			False
weighted?			True
isolated nodes			0
self-loops			0
density				0.004527
clustering coefficient		0.484121
min/max/avg degree		5, 390, 22.627325
degree assortativity		0.186473
number of connected components	1
size of largest component	4999 (100.00 %)
tot:  30603.289608275132
__glovexmax50alpha0.2+Louvain__
PLM(balanced,pc,turbo) detected communities in 0.38364148139953613 [s]
solution properties:
-------------------  ---------
# communities         34
min community size     6
max community size   473
avg. community size  147.029
modularity             0.74442
-------------------  ---------
45 community detected
NMI:0.01213971123928581
ARM:0.008290552701012754
__glovexmax50alpha0.2+PLP__
PLP detected communities in 0.0578458309173584 [s]
solution properties:
-------------------  ----------
# communities         45
min community size     6
max community size   473
avg. community size  111.089
modularity             0.744299
-------------------  ----------
45 community detected
NMI:0.0
ARM:0.0
__glovexmax40alpha0.2__
Network Properties for:		G#157cc
nodes, edges			4999, 56557
directed?			False
weighted?			True
isolated nodes			0
self-loops			0
density				0.004527
clustering coefficient		0.484121
min/max/avg degree		5, 390, 22.627325
degree assortativity		0.186473
number of connected components	1
size of largest component	4999 (100.00 %)
tot:  31913.575881315206
__glovexmax40alpha0.2+Louvain__
PLM(balanced,pc,turbo) detected communities in 0.4095139503479004 [s]
solution properties:
-------------------  ----------
# communities         23
min community size     8
max community size   473
avg. community size  217.348
modularity             0.744759
-------------------  ----------
45 community detected
NMI:0.030671260157306923
ARM:0.024076718886020032
__glovexmax40alpha0.2+PLP__
PLP detected communities in 0.06769800186157227 [s]
solution properties:
-------------------  ----------
# communities         45
min community size     6
max community size   473
avg. community size  111.089
modularity             0.744891
-------------------  ----------
45 community detected
NMI:0.0
ARM:0.0
__glovexmax30alpha0.3__
Network Properties for:		G#176cc
nodes, edges			4999, 56557
directed?			False
weighted?			True
isolated nodes			0
self-loops			0
density				0.004527
clustering coefficient		0.484121
min/max/avg degree		5, 390, 22.627325
degree assortativity		0.186473
number of connected components	1
size of largest component	4999 (100.00 %)
tot:  28319.426315684
__glovexmax30alpha0.3+Louvain__
PLM(balanced,pc,turbo) detected communities in 0.413116455078125 [s]
solution properties:
-------------------  ----------
# communities         33
min community size     6
max community size   474
avg. community size  151.485
modularity             0.742292
-------------------  ----------
45 community detected
NMI:0.014114323750942792
ARM:0.009943320226479258
__glovexmax30alpha0.3+PLP__
PLP detected communities in 0.09144473075866699 [s]
solution properties:
-------------------  ---------
# communities         45
min community size     6
max community size   474
avg. community size  111.089
modularity             0.74217
-------------------  ---------
45 community detected
NMI:0.000453123973539471
ARM:0.000683953690666983
