__LOADINGS__
4990/52384 9.525809407452657 % of nul weighted edges removed
0/5000 0.0 % of nul degree nodes removed
Network Properties for:		network
nodes, edges			5000, 47394
directed?			False
weighted?			True
isolated nodes			0
self-loops			0
density				0.003792
clustering coefficient		0.460965
min/max/avg degree		1, 386, 18.957600
degree assortativity		0.195578
number of connected components	8
size of largest component	4962 (99.24 %)
425748.560164296
__Groundtruth__
read communities from: ../../lfr_5000/mk500/k20/muw0.2/45/community.dat
-------------------  ----------
# communities         46
min community size     5
max community size   472
avg. community size  108.696
modularity             0.636866
-------------------  ----------
46 community detected
__CLASSIC_METHODS__
__Louvain__
PLM(balanced,pc,turbo) detected communities in 0.30980467796325684 [s]
solution properties:
-------------------  --------
# communities         27
min community size     5
max community size   483
avg. community size  185.185
modularity             0.6382
-------------------  --------
46 community detected
NMI:0.06918530804739043
ARI:0.07354634882287758
__Singleton__
46 community detected
NMI:0.4646126258031138
ARI:1.0
__AllInOne__
46 community detected
NMI:1.0
ARI:1.0
__PLP__
PLP detected communities in 0.07896733283996582 [s]
solution properties:
-------------------  ----------
# communities         46
min community size     5
max community size   487
avg. community size  108.696
modularity             0.638115
-------------------  ----------
46 community detected
NMI:0.03147139515522124
ARI:0.04029726346848039
__NORMALIZATION__
__glove__
Network Properties for:		G#21
nodes, edges			5000, 47394
directed?			False
weighted?			True
isolated nodes			0
self-loops			0
density				0.003792
clustering coefficient		0.460965
min/max/avg degree		1, 386, 18.957600
degree assortativity		0.195578
number of connected components	8
size of largest component	4962 (99.24 %)
tot:  6237.722888710514
__glove+Louvain__
PLM(balanced,pc,turbo) detected communities in 0.29586052894592285 [s]
solution properties:
-------------------  ----------
# communities         36
min community size     5
max community size   480
avg. community size  138.889
modularity             0.676923
-------------------  ----------
46 community detected
NMI:0.030802001508895782
ARI:0.030567420787694255
__glove+PLP__
PLP detected communities in 0.0812227725982666 [s]
solution properties:
-------------------  ---------
# communities         46
min community size     5
max community size   482
avg. community size  108.696
modularity             0.67677
-------------------  ---------
46 community detected
NMI:0.021359071540410612
ARI:0.026679915881539173
__fake_pmi__
Network Properties for:		G#30
nodes, edges			5000, 47394
directed?			False
weighted?			True
isolated nodes			0
self-loops			0
density				0.003792
clustering coefficient		0.460965
min/max/avg degree		1, 386, 18.957600
degree assortativity		0.195578
number of connected components	8
size of largest component	4962 (99.24 %)
tot:  0.0
__fake_pmi+Louvain__
1 community detected due to total edge weight equal 0
NMI:1
ARI:1
__fake_pmi+PLP__
1 community detected due to total edge weight equal 0
NMI:1
ARI:1
__iterative_rev_degree_order__
Network Properties for:		G#33
nodes, edges			5000, 47394
directed?			False
weighted?			True
isolated nodes			0
self-loops			0
density				0.003792
clustering coefficient		0.460965
min/max/avg degree		1, 386, 18.957600
degree assortativity		0.195578
number of connected components	8
size of largest component	4962 (99.24 %)
tot:  1587.2621524278704
__iterative_rev_degree_order+Louvain__
PLM(balanced,pc,turbo) detected communities in 0.686016321182251 [s]
solution properties:
-------------------  ----------
# communities         94
min community size     2
max community size   204
avg. community size   53.1915
modularity             0.882679
-------------------  ----------
46 community detected
NMI:0.5850192160807618
ARI:0.8549941506271072
__iterative_rev_degree_order+PLP__
PLP detected communities in 0.09774589538574219 [s]
solution properties:
-------------------  -----------
# communities        1457
min community size      2
max community size     13
avg. community size     3.43171
modularity              0.758836
-------------------  -----------
46 community detected
NMI:0.49532602869920894
ARI:0.9880431889898491
__pmi__
Network Properties for:		G#48
nodes, edges			5000, 47394
directed?			False
weighted?			True
isolated nodes			0
self-loops			0
density				0.003792
clustering coefficient		0.460965
min/max/avg degree		1, 386, 18.957600
degree assortativity		0.195578
number of connected components	8
size of largest component	4962 (99.24 %)
tot:  80348.11074795283
__pmi+Louvain__
PLM(balanced,pc,turbo) detected communities in 0.24616265296936035 [s]
solution properties:
-------------------  ---------
# communities         41
min community size     5
max community size   725
avg. community size  121.951
modularity             1.35092
-------------------  ---------
46 community detected
NMI:0.21655375666751342
ARI:0.3549430514025794
__pmi+PLP__
PLP detected communities in 0.2855093479156494 [s]
solution properties:
-------------------  ---------
# communities         99
min community size     2
max community size   719
avg. community size   50.5051
modularity             1.33205
-------------------  ---------
46 community detected
NMI:0.18392417311283715
ARI:0.3108320376466218
__standard__
Network Properties for:		G#57
nodes, edges			5000, 47394
directed?			False
weighted?			True
isolated nodes			0
self-loops			0
density				0.003792
clustering coefficient		0.460965
min/max/avg degree		1, 386, 18.957600
degree assortativity		0.195578
number of connected components	8
size of largest component	4962 (99.24 %)
tot:  15.635729425781912
__standard+Louvain__
PLM(balanced,pc,turbo) detected communities in 0.550400972366333 [s]
solution properties:
-------------------  ----------
# communities         53
min community size     2
max community size   869
avg. community size   94.3396
modularity             0.924546
-------------------  ----------
46 community detected
NMI:0.39612720053351524
ARI:0.6126084426218414
__standard+PLP__
PLP detected communities in 0.2383742332458496 [s]
solution properties:
-------------------  ----------
# communities        854
min community size     1
max community size   197
avg. community size    5.8548
modularity             0.799636
-------------------  ----------
46 community detected
NMI:0.44798902523359796
ARI:0.8432968044128372
__ppmi__
Network Properties for:		G#69
nodes, edges			5000, 47394
directed?			False
weighted?			True
isolated nodes			0
self-loops			0
density				0.003792
clustering coefficient		0.460965
min/max/avg degree		1, 386, 18.957600
degree assortativity		0.195578
number of connected components	8
size of largest component	4962 (99.24 %)
tot:  158546.44867401113
__ppmi+Louvain__
PLM(balanced,pc,turbo) detected communities in 0.3081836700439453 [s]
solution properties:
-------------------  ----------
# communities         35
min community size     5
max community size   468
avg. community size  142.857
modularity             0.771478
-------------------  ----------
46 community detected
NMI:0.06935069640066527
ARI:0.07751179648223738
__ppmi+PLP__
PLP detected communities in 0.07908010482788086 [s]
solution properties:
-------------------  ----------
# communities         54
min community size     1
max community size   750
avg. community size   92.5926
modularity             0.772513
-------------------  ----------
46 community detected
NMI:0.036270672329007825
ARI:0.11540643428135366
__glovexmax50alpha0.2__
Network Properties for:		G#78
nodes, edges			5000, 47394
directed?			False
weighted?			True
isolated nodes			0
self-loops			0
density				0.003792
clustering coefficient		0.460965
min/max/avg degree		1, 386, 18.957600
degree assortativity		0.195578
number of connected components	8
size of largest component	4962 (99.24 %)
tot:  24830.85282458567
__glovexmax50alpha0.2+Louvain__
PLM(balanced,pc,turbo) detected communities in 0.3790929317474365 [s]
solution properties:
-------------------  ---------
# communities         35
min community size     5
max community size   472
avg. community size  142.857
modularity             0.73704
-------------------  ---------
46 community detected
NMI:0.012426186932019023
ARI:0.007116170469629646
__glovexmax50alpha0.2+PLP__
PLP detected communities in 0.11472892761230469 [s]
solution properties:
-------------------  ----------
# communities         46
min community size     5
max community size   472
avg. community size  108.696
modularity             0.736974
-------------------  ----------
46 community detected
NMI:0.0
ARI:0.0
__glovexmax40alpha0.2__
Network Properties for:		G#87
nodes, edges			5000, 47394
directed?			False
weighted?			True
isolated nodes			0
self-loops			0
density				0.003792
clustering coefficient		0.460965
min/max/avg degree		1, 386, 18.957600
degree assortativity		0.195578
number of connected components	8
size of largest component	4962 (99.24 %)
tot:  25883.972184888327
__glovexmax40alpha0.2+Louvain__
PLM(balanced,pc,turbo) detected communities in 0.3008852005004883 [s]
solution properties:
-------------------  ----------
# communities         38
min community size     5
max community size   472
avg. community size  131.579
modularity             0.737761
-------------------  ----------
46 community detected
NMI:0.008472608056262487
ARI:0.004226824845457888
__glovexmax40alpha0.2+PLP__
PLP detected communities in 0.0988004207611084 [s]
solution properties:
-------------------  ---------
# communities         46
min community size     5
max community size   472
avg. community size  108.696
modularity             0.73766
-------------------  ---------
46 community detected
NMI:0.0
ARI:0.0
__glovexmax30alpha0.3__
Network Properties for:		G#96
nodes, edges			5000, 47394
directed?			False
weighted?			True
isolated nodes			0
self-loops			0
density				0.003792
clustering coefficient		0.460965
min/max/avg degree		1, 386, 18.957600
degree assortativity		0.195578
number of connected components	8
size of largest component	4962 (99.24 %)
tot:  22828.913502547508
__glovexmax30alpha0.3+Louvain__
PLM(balanced,pc,turbo) detected communities in 0.42177414894104004 [s]
solution properties:
-------------------  ----------
# communities         36
min community size     5
max community size   472
avg. community size  138.889
modularity             0.734231
-------------------  ----------
46 community detected
NMI:0.013995610682320803
ARI:0.00909132394623291
__glovexmax30alpha0.3+PLP__
PLP detected communities in 0.10849833488464355 [s]
solution properties:
-------------------  ----------
# communities         46
min community size     5
max community size   472
avg. community size  108.696
modularity             0.734158
-------------------  ----------
46 community detected
NMI:0.002176704562526166
ARI:0.002529377706080971
NMI classement:
[('NMIglovexmax50alpha0.2+PLP', 0.0), ('NMIglovexmax40alpha0.2+PLP', 0.0), ('NMIglovexmax30alpha0.3+PLP', 0.002176704562526166), ('NMIglovexmax40alpha0.2+Louvain', 0.008472608056262487), ('NMIglovexmax50alpha0.2+Louvain', 0.012426186932019023), ('NMIglovexmax30alpha0.3+Louvain', 0.013995610682320803), ('NMIglove+PLP', 0.021359071540410612), ('NMIglove+Louvain', 0.030802001508895782), ('NMIPLP', 0.03147139515522124), ('NMIppmi+PLP', 0.036270672329007825), ('NMILouvain', 0.06918530804739043), ('NMIppmi+Louvain', 0.06935069640066527), ('NMIpmi+PLP', 0.18392417311283715), ('NMIpmi+Louvain', 0.21655375666751342), ('NMIstandard+Louvain', 0.39612720053351524), ('NMIstandard+PLP', 0.44798902523359796), ('NMISingleton', 0.4646126258031138), ('NMIiterative_rev_degree_order+PLP', 0.49532602869920894), ('NMIiterative_rev_degree_order+Louvain', 0.5850192160807618), ('NMIAllInOne', 1.0), ('NMIfake_pmi+Louvain', 1), ('NMIfake_pmi+PLP', 1)]
ARI classement:
[('ARIglovexmax50alpha0.2+PLP', 0.0), ('ARIglovexmax40alpha0.2+PLP', 0.0), ('ARIglovexmax30alpha0.3+PLP', 0.002529377706080971), ('ARIglovexmax40alpha0.2+Louvain', 0.004226824845457888), ('ARIglovexmax50alpha0.2+Louvain', 0.007116170469629646), ('ARIglovexmax30alpha0.3+Louvain', 0.00909132394623291), ('ARIglove+PLP', 0.026679915881539173), ('ARIglove+Louvain', 0.030567420787694255), ('ARIPLP', 0.04029726346848039), ('ARILouvain', 0.07354634882287758), ('ARIppmi+Louvain', 0.07751179648223738), ('ARIppmi+PLP', 0.11540643428135366), ('ARIpmi+PLP', 0.3108320376466218), ('ARIpmi+Louvain', 0.3549430514025794), ('ARIstandard+Louvain', 0.6126084426218414), ('ARIstandard+PLP', 0.8432968044128372), ('ARIiterative_rev_degree_order+Louvain', 0.8549941506271072), ('ARIiterative_rev_degree_order+PLP', 0.9880431889898491), ('ARISingleton', 1.0), ('ARIAllInOne', 1.0), ('ARIfake_pmi+Louvain', 1), ('ARIfake_pmi+PLP', 1)]
