__LOADINGS__
Network Properties for:		network
nodes, edges			5000, 27633
directed?			False
weighted?			True
isolated nodes			1
self-loops			0
density				0.002211
clustering coefficient		0.414399
min/max/avg degree		0, 357, 11.053200
degree assortativity		0.162374
number of connected components	9
size of largest component	4974 (99.48 %)
236216.53044496043
__Groundtruth__
read communities from: ../../lfr_5000/mk500/k15/muw0.2/7/community.dat
-------------------  ---------
# communities         50
min community size     3
max community size   469
avg. community size  100
modularity             0.58299
-------------------  ---------
50 community detected
5 features on 27633 samples
Trainning set:22106 samples
Testing set:5527 samples
             precision    recall  f1-score   support

          0       0.77      0.36      0.49      1075
          1       0.86      0.97      0.91      4452

avg / total       0.84      0.85      0.83      5527

Confusion matrix:
[[ 382  693]
 [ 117 4335]]
Importance of features:
[0.28780487 0.18048781 0.1604878  0.15853658 0.21268293]
