__LOADINGS__
Network Properties for:		network
nodes, edges			5000, 27655
directed?			False
weighted?			True
isolated nodes			0
self-loops			0
density				0.002213
clustering coefficient		0.205761
min/max/avg degree		1, 286, 11.062000
degree assortativity		0.306133
number of connected components	2
size of largest component	4997 (99.94 %)
238041.44501592824
__Groundtruth__
read communities from: ../../lfr_5000/mk500/k15/muw0.4/22/community.dat
-------------------  ----------
# communities         53
min community size     3
max community size   469
avg. community size   94.3396
modularity             0.409189
-------------------  ----------
53 community detected
__CLASSIC_METHODS__
__Louvain__
PLM(balanced,pc,turbo) detected communities in 0.6129798889160156 [s]
solution properties:
-------------------  ----------
# communities         20
min community size     2
max community size   565
avg. community size  250
modularity             0.425959
-------------------  ----------
53 community detected
NMI:0.4235530055728136
ARM:0.49622267350954186
__Singleton__
53 community detected
NMI:0.45522622314942107
ARM:1.0
__AllInOne__
53 community detected
NMI:1.0
ARM:1.0
__PLP__
PLP detected communities in 0.19420814514160156 [s]
solution properties:
-------------------  -----------
# communities          69
min community size      1
max community size   1429
avg. community size    72.4638
modularity              0.391421
-------------------  -----------
53 community detected
NMI:0.4079326839131464
ARM:0.6367834534062444
__NORMALIZATION__
__glove__
Network Properties for:		G#24cc
nodes, edges			4997, 27652
directed?			False
weighted?			True
isolated nodes			0
self-loops			0
density				0.002215
clustering coefficient		0.205285
min/max/avg degree		1, 286, 11.067440
degree assortativity		0.306079
number of connected components	1
size of largest component	4997 (100.00 %)
tot:  3433.318209891922
__glove+Louvain__
PLM(balanced,pc,turbo) detected communities in 0.6404683589935303 [s]
solution properties:
-------------------  ----------
# communities         19
min community size     9
max community size   532
avg. community size  263
modularity             0.468247
-------------------  ----------
53 community detected
NMI:0.9571911641729998
ARM:0.992378505434669
__glove+PLP__
PLP detected communities in 0.20223689079284668 [s]
solution properties:
-------------------  ----------
# communities         72
min community size     2
max community size   909
avg. community size   69.4028
modularity             0.453634
-------------------  ----------
53 community detected
NMI:0.9254509049314901
ARM:0.9908447491167144
__fake_pmi__
Network Properties for:		G#46cc
nodes, edges			4997, 27652
directed?			False
weighted?			True
isolated nodes			0
self-loops			0
density				0.002215
clustering coefficient		0.205285
min/max/avg degree		1, 286, 11.067440
degree assortativity		0.306079
number of connected components	1
size of largest component	4997 (100.00 %)
tot:  0.0
__fake_pmi+Louvain__
1 community detected due to total edge weight equal 0
NMI:1
ARM:0.9908447491167144
__fake_pmi+PLP__
1 community detected due to total edge weight equal 0
NMI:1
ARM:0.9908447491167144
__iterative_rev_degree_order__
Network Properties for:		G#59cc
nodes, edges			4997, 27652
directed?			False
weighted?			True
isolated nodes			0
self-loops			0
density				0.002215
clustering coefficient		0.205285
min/max/avg degree		1, 286, 11.067440
degree assortativity		0.306079
number of connected components	1
size of largest component	4997 (100.00 %)
tot:  1450.4066604757545
__iterative_rev_degree_order+Louvain__
PLM(balanced,pc,turbo) detected communities in 0.7330269813537598 [s]
solution properties:
-------------------  ----------
# communities         99
min community size     2
max community size   106
avg. community size   50.4747
modularity             0.918597
-------------------  ----------
53 community detected
NMI:0.9035515452239028
ARM:0.9998617705465124
__iterative_rev_degree_order+PLP__
PLP detected communities in 0.09843325614929199 [s]
solution properties:
-------------------  -----------
# communities        1496
min community size      2
max community size     16
avg. community size     3.34024
modularity              0.823196
-------------------  -----------
53 community detected
NMI:0.6131068657133882
ARM:0.9995725893092083
__pmi__
Network Properties for:		G#84cc
nodes, edges			4997, 27652
directed?			False
weighted?			True
isolated nodes			0
self-loops			0
density				0.002215
clustering coefficient		0.205285
min/max/avg degree		1, 286, 11.067440
degree assortativity		0.306079
number of connected components	1
size of largest component	4997 (100.00 %)
tot:  41556.75219200997
__pmi+Louvain__
PLM(balanced,pc,turbo) detected communities in 0.7900733947753906 [s]
solution properties:
-------------------  ---------
# communities         30
min community size    11
max community size   465
avg. community size  166.567
modularity             1.42828
-------------------  ---------
53 community detected
NMI:0.949392424210914
ARM:0.9969706063300551
__pmi+PLP__
PLP detected communities in 0.21908354759216309 [s]
solution properties:
-------------------  ----------
# communities        1061
min community size      1
max community size    174
avg. community size     4.70971
modularity              1.06117
-------------------  ----------
53 community detected
NMI:0.6792876358547595
ARM:0.9992132382867107
__standard__
Network Properties for:		G#109cc
nodes, edges			4997, 27652
directed?			False
weighted?			True
isolated nodes			0
self-loops			0
density				0.002215
clustering coefficient		0.205285
min/max/avg degree		1, 286, 11.067440
degree assortativity		0.306079
number of connected components	1
size of largest component	4997 (100.00 %)
tot:  50.50587686233725
__standard+Louvain__
PLM(balanced,pc,turbo) detected communities in 0.6293447017669678 [s]
solution properties:
-------------------  ----------
# communities        150
min community size     2
max community size   834
avg. community size   33.3133
modularity             0.947382
-------------------  ----------
53 community detected
NMI:0.8759715230435224
ARM:0.9900446002638583
__standard+PLP__
PLP detected communities in 0.09156131744384766 [s]
solution properties:
-------------------  -----------
# communities        1291
min community size      2
max community size     42
avg. community size     3.87064
modularity              0.861245
-------------------  -----------
53 community detected
NMI:0.6347713367228851
ARM:0.9989690349502928
__ppmi__
Network Properties for:		G#131cc
nodes, edges			4997, 27652
directed?			False
weighted?			True
isolated nodes			0
self-loops			0
density				0.002215
clustering coefficient		0.205285
min/max/avg degree		1, 286, 11.067440
degree assortativity		0.306079
number of connected components	1
size of largest component	4997 (100.00 %)
tot:  102219.44776060703
__ppmi+Louvain__
PLM(balanced,pc,turbo) detected communities in 0.631019115447998 [s]
solution properties:
-------------------  ----------
# communities         34
min community size    11
max community size   366
avg. community size  146.971
modularity             0.612861
-------------------  ----------
53 community detected
NMI:0.9398656176938679
ARM:0.9938629979357824
__ppmi+PLP__
PLP detected communities in 0.2103285789489746 [s]
solution properties:
-------------------  -----------
# communities        1001
min community size      2
max community size    182
avg. community size     4.99201
modularity              0.449122
-------------------  -----------
53 community detected
NMI:0.6893032383607833
ARM:0.9989809940761967
__glovexmax50alpha0.2__
Network Properties for:		G#153cc
nodes, edges			4997, 27652
directed?			False
weighted?			True
isolated nodes			0
self-loops			0
density				0.002215
clustering coefficient		0.205285
min/max/avg degree		1, 286, 11.067440
degree assortativity		0.306079
number of connected components	1
size of largest component	4997 (100.00 %)
tot:  14017.899121320486
__glovexmax50alpha0.2+Louvain__
PLM(balanced,pc,turbo) detected communities in 0.6071007251739502 [s]
solution properties:
-------------------  ----------
# communities         25
min community size     9
max community size   512
avg. community size  199.88
modularity             0.540611
-------------------  ----------
53 community detected
NMI:0.9458389086917963
ARM:0.990082579409553
__glovexmax50alpha0.2+PLP__
PLP detected communities in 0.15543103218078613 [s]
solution properties:
-------------------  -----------
# communities          79
min community size      1
max community size   1128
avg. community size    63.2532
modularity              0.521477
-------------------  -----------
53 community detected
NMI:0.9182899648670497
ARM:0.9902631317001682
__glovexmax40alpha0.2__
Network Properties for:		G#175cc
nodes, edges			4997, 27652
directed?			False
weighted?			True
isolated nodes			0
self-loops			0
density				0.002215
clustering coefficient		0.205285
min/max/avg degree		1, 286, 11.067440
degree assortativity		0.306079
number of connected components	1
size of largest component	4997 (100.00 %)
tot:  14622.5996783363
__glovexmax40alpha0.2+Louvain__
PLM(balanced,pc,turbo) detected communities in 0.5612220764160156 [s]
solution properties:
-------------------  ----------
# communities         26
min community size     9
max community size   519
avg. community size  192.192
modularity             0.541509
-------------------  ----------
53 community detected
NMI:0.9450885633700403
ARM:0.9901259809649755
__glovexmax40alpha0.2+PLP__
PLP detected communities in 0.14793109893798828 [s]
solution properties:
-------------------  ----------
# communities         80
min community size     2
max community size   674
avg. community size   62.4625
modularity             0.535476
-------------------  ----------
53 community detected
NMI:0.9174890482459789
ARM:0.9903192838283852
__glovexmax30alpha0.3__
Network Properties for:		G#197cc
nodes, edges			4997, 27652
directed?			False
weighted?			True
isolated nodes			0
self-loops			0
density				0.002215
clustering coefficient		0.205285
min/max/avg degree		1, 286, 11.067440
degree assortativity		0.306079
number of connected components	1
size of largest component	4997 (100.00 %)
tot:  12924.866124843642
__glovexmax30alpha0.3+Louvain__
PLM(balanced,pc,turbo) detected communities in 0.6566550731658936 [s]
solution properties:
-------------------  ----------
# communities         23
min community size     9
max community size   477
avg. community size  217.261
modularity             0.537313
-------------------  ----------
53 community detected
NMI:0.9492737561498852
ARM:0.9903635270634564
__glovexmax30alpha0.3+PLP__
PLP detected communities in 0.0935506820678711 [s]
solution properties:
-------------------  -----------
# communities          86
min community size      1
max community size   1136
avg. community size    58.1047
modularity              0.513484
-------------------  -----------
53 community detected
NMI:0.91800750762194
ARM:0.9903818276918479
