__LOADINGS__
Network Properties for:		network
nodes, edges			5000, 49285
directed?			False
weighted?			True
isolated nodes			1
self-loops			0
density				0.003944
clustering coefficient		0.365015
min/max/avg degree		0, 371, 19.714000
degree assortativity		0.233558
number of connected components	2
size of largest component	4999 (99.98 %)
461155.4178803075
__Groundtruth__
read communities from: ../../lfr_5000/mk500/k20/muw0.3/0/community.dat
-------------------  ----------
# communities         43
min community size     5
max community size   474
avg. community size  116.279
modularity             0.513395
-------------------  ----------
43 community detected
[1/90]: reference_model/mk300k25muw0.4.model0.dat
             precision    recall  f1-score   support

          0       0.53      0.44      0.48     14475
          1       0.78      0.84      0.81     34810

avg / total       0.71      0.72      0.71     49285

Confusion matrix:
[[ 6325  8150]
 [ 5689 29121]]
Importance of features:
[0.19764012 0.21533923 0.21386431 0.19075713 0.18239921]
[2/90]: reference_model/mk100k20muw0.4.model1.dat
             precision    recall  f1-score   support

          0       0.39      0.47      0.43     14475
          1       0.76      0.70      0.73     34810

avg / total       0.65      0.63      0.64     49285

Confusion matrix:
[[ 6835  7640]
 [10571 24239]]
Importance of features:
[0.14987469 0.21353383 0.20701754 0.23909774 0.1904762 ]
[3/90]: reference_model/mk300k20muw0.4.model2.dat
             precision    recall  f1-score   support

          0       0.54      0.42      0.47     14475
          1       0.78      0.86      0.82     34810

avg / total       0.71      0.73      0.71     49285

Confusion matrix:
[[ 6023  8452]
 [ 5044 29766]]
Importance of features:
[0.21138996 0.22635135 0.19111969 0.1722973  0.1988417 ]
[4/90]: reference_model/mk300k20muw0.4.model3.dat
             precision    recall  f1-score   support

          0       0.54      0.42      0.47     14475
          1       0.78      0.86      0.82     34810

avg / total       0.71      0.73      0.71     49285

Confusion matrix:
[[ 6023  8452]
 [ 5044 29766]]
Importance of features:
[0.21138996 0.22635135 0.19111969 0.1722973  0.1988417 ]
[5/90]: reference_model/mk300k15muw0.4.model4.dat
             precision    recall  f1-score   support

          0       0.56      0.40      0.47     14475
          1       0.78      0.87      0.82     34810

avg / total       0.71      0.73      0.72     49285

Confusion matrix:
[[ 5860  8615]
 [ 4626 30184]]
Importance of features:
[0.23644578 0.21636546 0.17921686 0.18624498 0.1817269 ]
[6/90]: reference_model/mk500k15muw0.4.model5.dat
             precision    recall  f1-score   support

          0       0.57      0.38      0.45     14475
          1       0.77      0.88      0.82     34810

avg / total       0.71      0.73      0.72     49285

Confusion matrix:
[[ 5434  9041]
 [ 4031 30779]]
Importance of features:
[0.23721163 0.20962888 0.17352057 0.16449349 0.21514544]
[7/90]: reference_model/mk100k15muw0.4.model6.dat
             precision    recall  f1-score   support

          0       0.49      0.33      0.40     14475
          1       0.76      0.86      0.80     34810

avg / total       0.68      0.70      0.68     49285

Confusion matrix:
[[ 4813  9662]
 [ 5016 29794]]
Importance of features:
[0.20738493 0.18462317 0.19221042 0.21598381 0.19979768]
[8/90]: reference_model/mk500k20muw0.4.model7.dat
             precision    recall  f1-score   support

          0       0.55      0.40      0.46     14475
          1       0.77      0.87      0.82     34810

avg / total       0.71      0.73      0.71     49285

Confusion matrix:
[[ 5721  8754]
 [ 4671 30139]]
Importance of features:
[0.19845486 0.21583776 0.1921777  0.19652341 0.19700627]
[9/90]: reference_model/mk100k20muw0.4.model8.dat
             precision    recall  f1-score   support

          0       0.39      0.47      0.43     14475
          1       0.76      0.70      0.73     34810

avg / total       0.65      0.63      0.64     49285

Confusion matrix:
[[ 6835  7640]
 [10571 24239]]
Importance of features:
[0.14987469 0.21353383 0.20701754 0.23909774 0.1904762 ]
[10/90]: reference_model/mk500k20muw0.4.model9.dat
             precision    recall  f1-score   support

          0       0.55      0.40      0.46     14475
          1       0.77      0.87      0.82     34810

avg / total       0.71      0.73      0.71     49285

Confusion matrix:
[[ 5721  8754]
 [ 4671 30139]]
Importance of features:
[0.19845486 0.21583776 0.1921777  0.19652341 0.19700627]
[11/90]: reference_model/mk500k20muw0.2.model10.dat
             precision    recall  f1-score   support

          0       0.67      0.17      0.27     14475
          1       0.74      0.96      0.84     34810

avg / total       0.72      0.73      0.67     49285

Confusion matrix:
[[ 2496 11979]
 [ 1249 33561]]
Importance of features:
[0.2188952  0.20650491 0.1765617  0.21218379 0.18585442]
[12/90]: reference_model/mk300k15muw0.2.model11.dat
             precision    recall  f1-score   support

          0       0.66      0.18      0.29     14475
          1       0.74      0.96      0.83     34810

avg / total       0.71      0.73      0.67     49285

Confusion matrix:
[[ 2645 11830]
 [ 1385 33425]]
Importance of features:
[0.26180905 0.19849247 0.14522614 0.16733669 0.22713567]
[13/90]: reference_model/mk100k20muw0.2.model12.dat
             precision    recall  f1-score   support

          0       0.31      0.39      0.34     14475
          1       0.71      0.63      0.67     34810

avg / total       0.59      0.56      0.57     49285

Confusion matrix:
[[ 5637  8838]
 [12828 21982]]
Importance of features:
[0.18442623 0.20133197 0.19467214 0.23155738 0.1880123 ]
[14/90]: reference_model/mk500k15muw0.2.model13.dat
             precision    recall  f1-score   support

          0       0.69      0.18      0.29     14475
          1       0.74      0.97      0.84     34810

avg / total       0.72      0.74      0.68     49285

Confusion matrix:
[[ 2619 11856]
 [ 1192 33618]]
Importance of features:
[0.2821758  0.1845556  0.1457018  0.1704711  0.21709567]
[15/90]: reference_model/mk500k25muw0.2.model14.dat
             precision    recall  f1-score   support

          0       0.52      0.26      0.35     14475
          1       0.74      0.90      0.82     34810

avg / total       0.68      0.71      0.68     49285

Confusion matrix:
[[ 3739 10736]
 [ 3457 31353]]
Importance of features:
[0.18267795 0.25833747 0.17869587 0.20856148 0.17172723]
[16/90]: reference_model/mk300k15muw0.2.model15.dat
             precision    recall  f1-score   support

          0       0.66      0.18      0.29     14475
          1       0.74      0.96      0.83     34810

avg / total       0.71      0.73      0.67     49285

Confusion matrix:
[[ 2645 11830]
 [ 1385 33425]]
Importance of features:
[0.26180905 0.19849247 0.14522614 0.16733669 0.22713567]
[17/90]: reference_model/mk100k15muw0.2.model16.dat
             precision    recall  f1-score   support

          0       0.43      0.33      0.37     14475
          1       0.75      0.82      0.78     34810

avg / total       0.65      0.67      0.66     49285

Confusion matrix:
[[ 4761  9714]
 [ 6364 28446]]
Importance of features:
[0.22274144 0.1879543  0.1827622  0.23364486 0.17289719]
[18/90]: reference_model/mk300k15muw0.2.model17.dat
             precision    recall  f1-score   support

          0       0.66      0.18      0.29     14475
          1       0.74      0.96      0.83     34810

avg / total       0.71      0.73      0.67     49285

Confusion matrix:
[[ 2645 11830]
 [ 1385 33425]]
Importance of features:
[0.26180905 0.19849247 0.14522614 0.16733669 0.22713567]
[19/90]: reference_model/mk100k20muw0.2.model18.dat
             precision    recall  f1-score   support

          0       0.31      0.39      0.34     14475
          1       0.71      0.63      0.67     34810

avg / total       0.59      0.56      0.57     49285

Confusion matrix:
[[ 5637  8838]
 [12828 21982]]
Importance of features:
[0.18442623 0.20133197 0.19467214 0.23155738 0.1880123 ]
[20/90]: reference_model/mk500k20muw0.2.model19.dat
             precision    recall  f1-score   support

          0       0.67      0.17      0.27     14475
          1       0.74      0.96      0.84     34810

avg / total       0.72      0.73      0.67     49285

Confusion matrix:
[[ 2496 11979]
 [ 1249 33561]]
Importance of features:
[0.2188952  0.20650491 0.1765617  0.21218379 0.18585442]
[21/90]: reference_model/mk300k20muw0.3.model20.dat
             precision    recall  f1-score   support

          0       0.64      0.31      0.42     14475
          1       0.76      0.93      0.84     34810

avg / total       0.73      0.75      0.71     49285

Confusion matrix:
[[ 4437 10038]
 [ 2447 32363]]
Importance of features:
[0.2446289  0.19091797 0.17138672 0.19238281 0.2006836 ]
[22/90]: reference_model/mk300k20muw0.3.model21.dat
             precision    recall  f1-score   support

          0       0.64      0.31      0.42     14475
          1       0.76      0.93      0.84     34810

avg / total       0.73      0.75      0.71     49285

Confusion matrix:
[[ 4437 10038]
 [ 2447 32363]]
Importance of features:
[0.2446289  0.19091797 0.17138672 0.19238281 0.2006836 ]
[23/90]: reference_model/mk300k20muw0.3.model22.dat
             precision    recall  f1-score   support

          0       0.64      0.31      0.42     14475
          1       0.76      0.93      0.84     34810

avg / total       0.73      0.75      0.71     49285

Confusion matrix:
[[ 4437 10038]
 [ 2447 32363]]
Importance of features:
[0.2446289  0.19091797 0.17138672 0.19238281 0.2006836 ]
[24/90]: reference_model/mk300k20muw0.3.model23.dat
             precision    recall  f1-score   support

          0       0.64      0.31      0.42     14475
          1       0.76      0.93      0.84     34810

avg / total       0.73      0.75      0.71     49285

Confusion matrix:
[[ 4437 10038]
 [ 2447 32363]]
Importance of features:
[0.2446289  0.19091797 0.17138672 0.19238281 0.2006836 ]
[25/90]: reference_model/mk300k15muw0.3.model24.dat
             precision    recall  f1-score   support

          0       0.65      0.25      0.36     14475
          1       0.75      0.94      0.84     34810

avg / total       0.72      0.74      0.70     49285

Confusion matrix:
[[ 3660 10815]
 [ 1947 32863]]
Importance of features:
[0.25915948 0.1950431  0.15894397 0.20905173 0.17780173]
[26/90]: reference_model/mk300k25muw0.3.model25.dat
             precision    recall  f1-score   support

          0       0.52      0.44      0.47     14475
          1       0.78      0.83      0.81     34810

avg / total       0.70      0.72      0.71     49285

Confusion matrix:
[[ 6332  8143]
 [ 5871 28939]]
Importance of features:
[0.16503428 0.21057786 0.2238002  0.22575906 0.1748286 ]
[27/90]: reference_model/mk100k15muw0.3.model26.dat
             precision    recall  f1-score   support

          0       0.45      0.34      0.39     14475
          1       0.75      0.83      0.79     34810

avg / total       0.66      0.69      0.67     49285

Confusion matrix:
[[ 4937  9538]
 [ 5929 28881]]
Importance of features:
[0.20265618 0.19134285 0.18445647 0.23413675 0.18740778]
[28/90]: reference_model/mk500k15muw0.3.model27.dat
             precision    recall  f1-score   support

          0       0.67      0.27      0.39     14475
          1       0.76      0.94      0.84     34810

avg / total       0.73      0.75      0.71     49285

Confusion matrix:
[[ 3928 10547]
 [ 1929 32881]]
Importance of features:
[0.25457242 0.16757292 0.1507662  0.19327731 0.23381117]
[29/90]: reference_model/mk300k25muw0.3.model28.dat
             precision    recall  f1-score   support

          0       0.52      0.44      0.47     14475
          1       0.78      0.83      0.81     34810

avg / total       0.70      0.72      0.71     49285

Confusion matrix:
[[ 6332  8143]
 [ 5871 28939]]
Importance of features:
[0.16503428 0.21057786 0.2238002  0.22575906 0.1748286 ]
[30/90]: reference_model/mk300k20muw0.3.model29.dat
             precision    recall  f1-score   support

          0       0.29      1.00      0.45     14475
          1       0.00      0.00      0.00     34810

avg / total       0.09      0.29      0.13     49285

Confusion matrix:
[[14475     0]
 [34810     0]]
Importance of features:
[0.20055866 0.20726258 0.20167598 0.16927375 0.22122905]
[31/90]: reference_model/mk300k15muw0.2.model30.dat
             precision    recall  f1-score   support

          0       0.66      0.18      0.29     14475
          1       0.74      0.96      0.83     34810

avg / total       0.71      0.73      0.67     49285

Confusion matrix:
[[ 2645 11830]
 [ 1385 33425]]
Importance of features:
[0.26180905 0.19849247 0.14522614 0.16733669 0.22713567]
[32/90]: reference_model/mk300k15muw0.4.model31.dat
             precision    recall  f1-score   support

          0       0.53      0.44      0.48     14475
          1       0.78      0.84      0.81     34810

avg / total       0.71      0.72      0.71     49285

Confusion matrix:
[[ 6391  8084]
 [ 5697 29113]]
Importance of features:
[0.2353823  0.20589705 0.1884058  0.16791604 0.2023988 ]
[33/90]: reference_model/mk500k15muw0.2.model32.dat
             precision    recall  f1-score   support

          0       0.69      0.18      0.29     14475
          1       0.74      0.97      0.84     34810

avg / total       0.72      0.74      0.68     49285

Confusion matrix:
[[ 2619 11856]
 [ 1192 33618]]
Importance of features:
[0.2821758  0.1845556  0.1457018  0.1704711  0.21709567]
[34/90]: reference_model/mk500k15muw0.3.model33.dat
             precision    recall  f1-score   support

          0       0.67      0.27      0.39     14475
          1       0.76      0.94      0.84     34810

avg / total       0.73      0.75      0.71     49285

Confusion matrix:
[[ 3928 10547]
 [ 1929 32881]]
Importance of features:
[0.25457242 0.16757292 0.1507662  0.19327731 0.23381117]
[35/90]: reference_model/mk300k15muw0.2.model34.dat
             precision    recall  f1-score   support

          0       0.66      0.18      0.29     14475
          1       0.74      0.96      0.83     34810

avg / total       0.71      0.73      0.67     49285

Confusion matrix:
[[ 2645 11830]
 [ 1385 33425]]
Importance of features:
[0.26180905 0.19849247 0.14522614 0.16733669 0.22713567]
[36/90]: reference_model/mk500k15muw0.2.model35.dat
             precision    recall  f1-score   support

          0       0.69      0.18      0.29     14475
          1       0.74      0.97      0.84     34810

avg / total       0.72      0.74      0.68     49285

Confusion matrix:
[[ 2619 11856]
 [ 1192 33618]]
Importance of features:
[0.2821758  0.1845556  0.1457018  0.1704711  0.21709567]
[37/90]: reference_model/mk500k15muw0.2.model36.dat
             precision    recall  f1-score   support

          0       0.69      0.18      0.29     14475
          1       0.74      0.97      0.84     34810

avg / total       0.72      0.74      0.68     49285

Confusion matrix:
[[ 2619 11856]
 [ 1192 33618]]
Importance of features:
[0.2821758  0.1845556  0.1457018  0.1704711  0.21709567]
[38/90]: reference_model/mk300k15muw0.4.model37.dat
             precision    recall  f1-score   support

          0       0.56      0.40      0.47     14475
          1       0.78      0.87      0.82     34810

avg / total       0.71      0.73      0.72     49285

Confusion matrix:
[[ 5860  8615]
 [ 4626 30184]]
Importance of features:
[0.23644578 0.21636546 0.17921686 0.18624498 0.1817269 ]
[39/90]: reference_model/mk100k15muw0.3.model38.dat
             precision    recall  f1-score   support

          0       0.45      0.34      0.39     14475
          1       0.75      0.83      0.79     34810

avg / total       0.66      0.69      0.67     49285

Confusion matrix:
[[ 4937  9538]
 [ 5929 28881]]
Importance of features:
[0.20265618 0.19134285 0.18445647 0.23413675 0.18740778]
[40/90]: reference_model/mk100k15muw0.4.model39.dat
             precision    recall  f1-score   support

          0       0.49      0.33      0.40     14475
          1       0.76      0.86      0.80     34810

avg / total       0.68      0.70      0.68     49285

Confusion matrix:
[[ 4813  9662]
 [ 5016 29794]]
Importance of features:
[0.20738493 0.18462317 0.19221042 0.21598381 0.19979768]
[41/90]: reference_model/mk100k20muw0.3.model40.dat
             precision    recall  f1-score   support

          0       0.33      0.52      0.40     14475
          1       0.74      0.55      0.63     34810

avg / total       0.62      0.54      0.56     49285

Confusion matrix:
[[ 7592  6883]
 [15680 19130]]
Importance of features:
[0.17603183 0.1735455  0.2347091  0.24017902 0.17553456]
[42/90]: reference_model/mk500k20muw0.4.model41.dat
             precision    recall  f1-score   support

          0       0.55      0.40      0.46     14475
          1       0.77      0.87      0.82     34810

avg / total       0.71      0.73      0.71     49285

Confusion matrix:
[[ 5721  8754]
 [ 4671 30139]]
Importance of features:
[0.19845486 0.21583776 0.1921777  0.19652341 0.19700627]
[43/90]: reference_model/mk500k20muw0.4.model42.dat
             precision    recall  f1-score   support

          0       0.55      0.40      0.46     14475
          1       0.77      0.87      0.82     34810

avg / total       0.71      0.73      0.71     49285

Confusion matrix:
[[ 5721  8754]
 [ 4671 30139]]
Importance of features:
[0.19845486 0.21583776 0.1921777  0.19652341 0.19700627]
[44/90]: reference_model/mk100k20muw0.4.model43.dat
             precision    recall  f1-score   support

          0       0.39      0.47      0.43     14475
          1       0.76      0.70      0.73     34810

avg / total       0.65      0.63      0.64     49285

Confusion matrix:
[[ 6835  7640]
 [10571 24239]]
Importance of features:
[0.14987469 0.21353383 0.20701754 0.23909774 0.1904762 ]
[45/90]: reference_model/mk500k20muw0.3.model44.dat
             precision    recall  f1-score   support

          0       0.67      0.36      0.47     14475
          1       0.78      0.93      0.85     34810

avg / total       0.75      0.76      0.74     49285

Confusion matrix:
[[ 5227  9248]
 [ 2547 32263]]
Importance of features:
[0.20040384 0.23220596 0.18980312 0.20545179 0.17213528]
[46/90]: reference_model/mk300k20muw0.2.model45.dat
             precision    recall  f1-score   support

          0       0.57      0.24      0.33     14475
          1       0.74      0.93      0.83     34810

avg / total       0.69      0.72      0.68     49285

Confusion matrix:
[[ 3428 11047]
 [ 2606 32204]]
Importance of features:
[0.18968213 0.2094841  0.19228765 0.22511725 0.18342887]
[47/90]: reference_model/mk300k20muw0.3.model46.dat
             precision    recall  f1-score   support

          0       0.64      0.31      0.42     14475
          1       0.76      0.93      0.84     34810

avg / total       0.73      0.75      0.71     49285

Confusion matrix:
[[ 4437 10038]
 [ 2447 32363]]
Importance of features:
[0.2446289  0.19091797 0.17138672 0.19238281 0.2006836 ]
[48/90]: reference_model/mk500k20muw0.3.model47.dat
             precision    recall  f1-score   support

          0       0.67      0.36      0.47     14475
          1       0.78      0.93      0.85     34810

avg / total       0.75      0.76      0.74     49285

Confusion matrix:
[[ 5227  9248]
 [ 2547 32263]]
Importance of features:
[0.20040384 0.23220596 0.18980312 0.20545179 0.17213528]
[49/90]: reference_model/mk300k20muw0.2.model48.dat
             precision    recall  f1-score   support

          0       0.57      0.24      0.33     14475
          1       0.74      0.93      0.83     34810

avg / total       0.69      0.72      0.68     49285

Confusion matrix:
[[ 3428 11047]
 [ 2606 32204]]
Importance of features:
[0.18968213 0.2094841  0.19228765 0.22511725 0.18342887]
[50/90]: reference_model/mk300k20muw0.3.model49.dat
             precision    recall  f1-score   support

          0       0.64      0.31      0.42     14475
          1       0.76      0.93      0.84     34810

avg / total       0.73      0.75      0.71     49285

Confusion matrix:
[[ 4437 10038]
 [ 2447 32363]]
Importance of features:
[0.2446289  0.19091797 0.17138672 0.19238281 0.2006836 ]
[51/90]: reference_model/mk500k25muw0.3.model50.dat
             precision    recall  f1-score   support

          0       0.69      0.32      0.44     14475
          1       0.77      0.94      0.85     34810

avg / total       0.74      0.76      0.73     49285

Confusion matrix:
[[ 4630  9845]
 [ 2114 32696]]
Importance of features:
[0.2168119  0.26550487 0.18657099 0.1768324  0.15427986]
[52/90]: reference_model/mk300k25muw0.2.model51.dat
             precision    recall  f1-score   support

          0       0.46      0.31      0.37     14475
          1       0.75      0.85      0.80     34810

avg / total       0.66      0.69      0.67     49285

Confusion matrix:
[[ 4419 10056]
 [ 5151 29659]]
Importance of features:
[0.20226377 0.21062993 0.17864174 0.22096457 0.1875    ]
[53/90]: reference_model/mk300k25muw0.3.model52.dat
             precision    recall  f1-score   support

          0       0.52      0.44      0.47     14475
          1       0.78      0.83      0.81     34810

avg / total       0.70      0.72      0.71     49285

Confusion matrix:
[[ 6332  8143]
 [ 5871 28939]]
Importance of features:
[0.16503428 0.21057786 0.2238002  0.22575906 0.1748286 ]
[54/90]: reference_model/mk300k25muw0.4.model53.dat
             precision    recall  f1-score   support

          0       0.53      0.44      0.48     14475
          1       0.78      0.84      0.81     34810

avg / total       0.71      0.72      0.71     49285

Confusion matrix:
[[ 6325  8150]
 [ 5689 29121]]
Importance of features:
[0.19764012 0.21533923 0.21386431 0.19075713 0.18239921]
[55/90]: reference_model/mk100k25muw0.4.model54.dat
             precision    recall  f1-score   support

          0       0.31      0.59      0.41     14475
          1       0.73      0.45      0.56     34810

avg / total       0.60      0.49      0.51     49285

Confusion matrix:
[[ 8560  5915]
 [19111 15699]]
Importance of features:
[0.16218956 0.18398379 0.2321338  0.2584896  0.16320324]
[56/90]: reference_model/mk100k25muw0.4.model55.dat
             precision    recall  f1-score   support

          0       0.31      0.59      0.41     14475
          1       0.73      0.45      0.56     34810

avg / total       0.60      0.49      0.51     49285

Confusion matrix:
[[ 8560  5915]
 [19111 15699]]
Importance of features:
[0.16218956 0.18398379 0.2321338  0.2584896  0.16320324]
[57/90]: reference_model/mk100k25muw0.2.model56.dat
             precision    recall  f1-score   support

          0       0.30      0.46      0.36     14475
          1       0.71      0.55      0.62     34810

avg / total       0.59      0.52      0.54     49285

Confusion matrix:
[[ 6606  7869]
 [15578 19232]]
Importance of features:
[0.1647586  0.19462419 0.19711299 0.2543554  0.18914883]
[58/90]: reference_model/mk300k25muw0.4.model57.dat
             precision    recall  f1-score   support

          0       0.53      0.44      0.48     14475
          1       0.78      0.84      0.81     34810

avg / total       0.71      0.72      0.71     49285

Confusion matrix:
[[ 6325  8150]
 [ 5689 29121]]
Importance of features:
[0.19764012 0.21533923 0.21386431 0.19075713 0.18239921]
[59/90]: reference_model/mk500k25muw0.2.model58.dat
             precision    recall  f1-score   support

          0       0.62      0.24      0.34     14475
          1       0.75      0.94      0.83     34810

avg / total       0.71      0.73      0.69     49285

Confusion matrix:
[[ 3406 11069]
 [ 2128 32682]]
Importance of features:
[0.22440746 0.2521432  0.16288452 0.1785174  0.1820474 ]
[60/90]: reference_model/mk100k25muw0.2.model59.dat
             precision    recall  f1-score   support

          0       0.30      0.46      0.36     14475
          1       0.71      0.55      0.62     34810

avg / total       0.59      0.52      0.54     49285

Confusion matrix:
[[ 6606  7869]
 [15578 19232]]
Importance of features:
[0.1647586  0.19462419 0.19711299 0.2543554  0.18914883]
[61/90]: reference_model/mk300k15muw0.3.model60.dat
             precision    recall  f1-score   support

          0       0.65      0.25      0.36     14475
          1       0.75      0.94      0.84     34810

avg / total       0.72      0.74      0.70     49285

Confusion matrix:
[[ 3660 10815]
 [ 1947 32863]]
Importance of features:
[0.25915948 0.1950431  0.15894397 0.20905173 0.17780173]
[62/90]: reference_model/mk300k15muw0.3.model61.dat
             precision    recall  f1-score   support

          0       0.65      0.25      0.36     14475
          1       0.75      0.94      0.84     34810

avg / total       0.72      0.74      0.70     49285

Confusion matrix:
[[ 3660 10815]
 [ 1947 32863]]
Importance of features:
[0.25915948 0.1950431  0.15894397 0.20905173 0.17780173]
[63/90]: reference_model/mk300k25muw0.2.model62.dat
             precision    recall  f1-score   support

          0       0.46      0.31      0.37     14475
          1       0.75      0.85      0.80     34810

avg / total       0.66      0.69      0.67     49285

Confusion matrix:
[[ 4419 10056]
 [ 5151 29659]]
Importance of features:
[0.20226377 0.21062993 0.17864174 0.22096457 0.1875    ]
[64/90]: reference_model/mk300k25muw0.4.model63.dat
             precision    recall  f1-score   support

          0       0.53      0.44      0.48     14475
          1       0.78      0.84      0.81     34810

avg / total       0.71      0.72      0.71     49285

Confusion matrix:
[[ 6325  8150]
 [ 5689 29121]]
Importance of features:
[0.19764012 0.21533923 0.21386431 0.19075713 0.18239921]
[65/90]: reference_model/mk300k20muw0.4.model64.dat
             precision    recall  f1-score   support

          0       0.54      0.42      0.47     14475
          1       0.78      0.86      0.82     34810

avg / total       0.71      0.73      0.71     49285

Confusion matrix:
[[ 6023  8452]
 [ 5044 29766]]
Importance of features:
[0.21138996 0.22635135 0.19111969 0.1722973  0.1988417 ]
[66/90]: reference_model/mk300k20muw0.2.model65.dat
             precision    recall  f1-score   support

          0       0.57      0.24      0.33     14475
          1       0.74      0.93      0.83     34810

avg / total       0.69      0.72      0.68     49285

Confusion matrix:
[[ 3428 11047]
 [ 2606 32204]]
Importance of features:
[0.18968213 0.2094841  0.19228765 0.22511725 0.18342887]
[67/90]: reference_model/mk300k20muw0.2.model66.dat
             precision    recall  f1-score   support

          0       0.57      0.24      0.33     14475
          1       0.74      0.93      0.83     34810

avg / total       0.69      0.72      0.68     49285

Confusion matrix:
[[ 3428 11047]
 [ 2606 32204]]
Importance of features:
[0.18968213 0.2094841  0.19228765 0.22511725 0.18342887]
[68/90]: reference_model/mk300k15muw0.3.model67.dat
             precision    recall  f1-score   support

          0       0.65      0.25      0.36     14475
          1       0.75      0.94      0.84     34810

avg / total       0.72      0.74      0.70     49285

Confusion matrix:
[[ 3660 10815]
 [ 1947 32863]]
Importance of features:
[0.25915948 0.1950431  0.15894397 0.20905173 0.17780173]
[69/90]: reference_model/mk300k15muw0.4.model68.dat
             precision    recall  f1-score   support

          0       0.56      0.40      0.47     14475
          1       0.78      0.87      0.82     34810

avg / total       0.71      0.73      0.72     49285

Confusion matrix:
[[ 5860  8615]
 [ 4626 30184]]
Importance of features:
[0.23644578 0.21636546 0.17921686 0.18624498 0.1817269 ]
[70/90]: reference_model/mk300k15muw0.4.model69.dat
             precision    recall  f1-score   support

          0       0.56      0.40      0.47     14475
          1       0.78      0.87      0.82     34810

avg / total       0.71      0.73      0.72     49285

Confusion matrix:
[[ 5860  8615]
 [ 4626 30184]]
Importance of features:
[0.23644578 0.21636546 0.17921686 0.18624498 0.1817269 ]
[71/90]: reference_model/mk500k25muw0.2.model70.dat
             precision    recall  f1-score   support

          0       0.52      0.26      0.35     14475
          1       0.74      0.90      0.82     34810

avg / total       0.68      0.71      0.68     49285

Confusion matrix:
[[ 3739 10736]
 [ 3457 31353]]
Importance of features:
[0.18267795 0.25833747 0.17869587 0.20856148 0.17172723]
[72/90]: reference_model/mk500k20muw0.3.model71.dat
             precision    recall  f1-score   support

          0       0.67      0.36      0.47     14475
          1       0.78      0.93      0.85     34810

avg / total       0.75      0.76      0.74     49285

Confusion matrix:
[[ 5227  9248]
 [ 2547 32263]]
Importance of features:
[0.20040384 0.23220596 0.18980312 0.20545179 0.17213528]
[73/90]: reference_model/mk500k15muw0.3.model72.dat
             precision    recall  f1-score   support

          0       0.67      0.27      0.39     14475
          1       0.76      0.94      0.84     34810

avg / total       0.73      0.75      0.71     49285

Confusion matrix:
[[ 3928 10547]
 [ 1929 32881]]
Importance of features:
[0.25457242 0.16757292 0.1507662  0.19327731 0.23381117]
[74/90]: reference_model/mk500k25muw0.3.model73.dat
             precision    recall  f1-score   support

          0       0.69      0.32      0.44     14475
          1       0.77      0.94      0.85     34810

avg / total       0.74      0.76      0.73     49285

Confusion matrix:
[[ 4630  9845]
 [ 2114 32696]]
Importance of features:
[0.2168119  0.26550487 0.18657099 0.1768324  0.15427986]
[75/90]: reference_model/mk500k25muw0.2.model74.dat
             precision    recall  f1-score   support

          0       0.52      0.26      0.35     14475
          1       0.74      0.90      0.82     34810

avg / total       0.68      0.71      0.68     49285

Confusion matrix:
[[ 3739 10736]
 [ 3457 31353]]
Importance of features:
[0.18267795 0.25833747 0.17869587 0.20856148 0.17172723]
[76/90]: reference_model/mk500k15muw0.2.model75.dat
             precision    recall  f1-score   support

          0       0.69      0.18      0.29     14475
          1       0.74      0.97      0.84     34810

avg / total       0.72      0.74      0.68     49285

Confusion matrix:
[[ 2619 11856]
 [ 1192 33618]]
Importance of features:
[0.2821758  0.1845556  0.1457018  0.1704711  0.21709567]
[77/90]: reference_model/mk500k25muw0.4.model76.dat
             precision    recall  f1-score   support

          0       0.52      0.49      0.51     14475
          1       0.79      0.82      0.80     34810

avg / total       0.71      0.72      0.72     49285

Confusion matrix:
[[ 7060  7415]
 [ 6424 28386]]
Importance of features:
[0.1406637  0.25903913 0.2060426  0.19019316 0.20406142]
[78/90]: reference_model/mk500k25muw0.4.model77.dat
             precision    recall  f1-score   support

          0       0.52      0.49      0.51     14475
          1       0.79      0.82      0.80     34810

avg / total       0.71      0.72      0.72     49285

Confusion matrix:
[[ 7060  7415]
 [ 6424 28386]]
Importance of features:
[0.1406637  0.25903913 0.2060426  0.19019316 0.20406142]
[79/90]: reference_model/mk500k25muw0.4.model78.dat
             precision    recall  f1-score   support

          0       0.52      0.49      0.51     14475
          1       0.79      0.82      0.80     34810

avg / total       0.71      0.72      0.72     49285

Confusion matrix:
[[ 7060  7415]
 [ 6424 28386]]
Importance of features:
[0.1406637  0.25903913 0.2060426  0.19019316 0.20406142]
[80/90]: reference_model/mk500k25muw0.3.model79.dat
             precision    recall  f1-score   support

          0       0.69      0.32      0.44     14475
          1       0.77      0.94      0.85     34810

avg / total       0.74      0.76      0.73     49285

Confusion matrix:
[[ 4630  9845]
 [ 2114 32696]]
Importance of features:
[0.2168119  0.26550487 0.18657099 0.1768324  0.15427986]
[81/90]: reference_model/mk100k15muw0.4.model80.dat
             precision    recall  f1-score   support

          0       0.49      0.33      0.40     14475
          1       0.76      0.86      0.80     34810

avg / total       0.68      0.70      0.68     49285

Confusion matrix:
[[ 4813  9662]
 [ 5016 29794]]
Importance of features:
[0.20738493 0.18462317 0.19221042 0.21598381 0.19979768]
[82/90]: reference_model/mk100k15muw0.4.model81.dat
             precision    recall  f1-score   support

          0       0.49      0.33      0.40     14475
          1       0.76      0.86      0.80     34810

avg / total       0.68      0.70      0.68     49285

Confusion matrix:
[[ 4813  9662]
 [ 5016 29794]]
Importance of features:
[0.20738493 0.18462317 0.19221042 0.21598381 0.19979768]
[83/90]: reference_model/mk100k20muw0.2.model82.dat
             precision    recall  f1-score   support

          0       0.31      0.39      0.34     14475
          1       0.71      0.63      0.67     34810

avg / total       0.59      0.56      0.57     49285

Confusion matrix:
[[ 5637  8838]
 [12828 21982]]
Importance of features:
[0.18442623 0.20133197 0.19467214 0.23155738 0.1880123 ]
[84/90]: reference_model/mk100k15muw0.2.model83.dat
             precision    recall  f1-score   support

          0       0.43      0.33      0.37     14475
          1       0.75      0.82      0.78     34810

avg / total       0.65      0.67      0.66     49285

Confusion matrix:
[[ 4761  9714]
 [ 6364 28446]]
Importance of features:
[0.22274144 0.1879543  0.1827622  0.23364486 0.17289719]
[85/90]: reference_model/mk100k15muw0.4.model84.dat
             precision    recall  f1-score   support

          0       0.49      0.33      0.40     14475
          1       0.76      0.86      0.80     34810

avg / total       0.68      0.70      0.68     49285

Confusion matrix:
[[ 4813  9662]
 [ 5016 29794]]
Importance of features:
[0.20738493 0.18462317 0.19221042 0.21598381 0.19979768]
[86/90]: reference_model/mk100k15muw0.3.model85.dat
             precision    recall  f1-score   support

          0       0.45      0.34      0.39     14475
          1       0.75      0.83      0.79     34810

avg / total       0.66      0.69      0.67     49285

Confusion matrix:
[[ 4937  9538]
 [ 5929 28881]]
Importance of features:
[0.20265618 0.19134285 0.18445647 0.23413675 0.18740778]
[87/90]: reference_model/mk100k20muw0.4.model86.dat
             precision    recall  f1-score   support

          0       0.39      0.47      0.43     14475
          1       0.76      0.70      0.73     34810

avg / total       0.65      0.63      0.64     49285

Confusion matrix:
[[ 6835  7640]
 [10571 24239]]
Importance of features:
[0.14987469 0.21353383 0.20701754 0.23909774 0.1904762 ]
[88/90]: reference_model/mk100k20muw0.4.model87.dat
             precision    recall  f1-score   support

          0       0.39      0.47      0.43     14475
          1       0.76      0.70      0.73     34810

avg / total       0.65      0.63      0.64     49285

Confusion matrix:
[[ 6835  7640]
 [10571 24239]]
Importance of features:
[0.14987469 0.21353383 0.20701754 0.23909774 0.1904762 ]
[89/90]: reference_model/mk100k20muw0.3.model88.dat
             precision    recall  f1-score   support

          0       0.33      0.52      0.40     14475
          1       0.74      0.55      0.63     34810

avg / total       0.62      0.54      0.56     49285

Confusion matrix:
[[ 7592  6883]
 [15680 19130]]
Importance of features:
[0.17603183 0.1735455  0.2347091  0.24017902 0.17553456]
[90/90]: reference_model/mk100k25muw0.2.model89.dat
             precision    recall  f1-score   support

          0       0.30      0.46      0.36     14475
          1       0.71      0.55      0.62     34810

avg / total       0.59      0.52      0.54     49285

Confusion matrix:
[[ 6606  7869]
 [15578 19232]]
Importance of features:
[0.1647586  0.19462419 0.19711299 0.2543554  0.18914883]
