__LOADINGS__
Network Properties for:		network
nodes, edges			5000, 33477
directed?			False
weighted?			True
isolated nodes			1
self-loops			0
density				0.002679
clustering coefficient		0.197367
min/max/avg degree		0, 204, 13.390800
degree assortativity		0.270690
number of connected components	2
size of largest component	4999 (99.98 %)
245127.99555277813
__Groundtruth__
read communities from: ../../lfr_5000/mk300/k15/muw0.4/35/community.dat
-------------------  ----------
# communities         40
min community size    89
max community size   180
avg. community size  125
modularity             0.492086
-------------------  ----------
40 community detected
__CLASSIC_METHODS__
__Louvain__
PLM(balanced,pc,turbo) detected communities in 0.14948558807373047 [s]
solution properties:
-------------------  ----------
# communities         19
min community size     1
max community size   474
avg. community size  263.158
modularity             0.501101
-------------------  ----------
40 community detected
NMI:0.30104096748997367
ARM:0.5311765412482335
__Singleton__
40 community detected
NMI:0.3983004112753793
ARM:1.0
__AllInOne__
40 community detected
NMI:1.0
ARM:1.0
__PLP__
PLP detected communities in 0.03935694694519043 [s]
solution properties:
-------------------  ----------
# communities         45
min community size     1
max community size   205
avg. community size  111.111
modularity             0.501637
-------------------  ----------
40 community detected
NMI:0.17515612723647822
ARM:0.2282286160639958
__NORMALIZATION__
__glove__
Network Properties for:		G#21cc
nodes, edges			4999, 33477
directed?			False
weighted?			True
isolated nodes			0
self-loops			0
density				0.002680
clustering coefficient		0.197407
min/max/avg degree		3, 204, 13.393479
degree assortativity		0.270690
number of connected components	1
size of largest component	4999 (100.00 %)
tot:  3963.939050343743
__glove+Louvain__
PLM(balanced,pc,turbo) detected communities in 0.23856806755065918 [s]
solution properties:
-------------------  ----------
# communities         28
min community size    82
max community size   383
avg. community size  178.536
modularity             0.527945
-------------------  ----------
40 community detected
NMI:0.21961200251356872
ARM:0.3804433542878892
__glove+PLP__
PLP detected communities in 0.11937975883483887 [s]
solution properties:
-------------------  ----------
# communities         45
min community size     1
max community size   206
avg. community size  111.089
modularity             0.529263
-------------------  ----------
40 community detected
NMI:0.1516627737604027
ARM:0.1963828084957434
__fake_pmi__
Network Properties for:		G#40cc
nodes, edges			4999, 33477
directed?			False
weighted?			True
isolated nodes			0
self-loops			0
density				0.002680
clustering coefficient		0.197407
min/max/avg degree		3, 204, 13.393479
degree assortativity		0.270690
number of connected components	1
size of largest component	4999 (100.00 %)
tot:  0.0
__fake_pmi+Louvain__
1 community detected due to total edge weight equal 0
NMI:1
ARM:0.1963828084957434
__fake_pmi+PLP__
1 community detected due to total edge weight equal 0
NMI:1
ARM:0.1963828084957434
__iterative_rev_degree_order__
Network Properties for:		G#53cc
nodes, edges			4999, 33477
directed?			False
weighted?			True
isolated nodes			0
self-loops			0
density				0.002680
clustering coefficient		0.197407
min/max/avg degree		3, 204, 13.393479
degree assortativity		0.270690
number of connected components	1
size of largest component	4999 (100.00 %)
tot:  1408.8429785671183
__iterative_rev_degree_order+Louvain__
PLM(balanced,pc,turbo) detected communities in 0.5816974639892578 [s]
solution properties:
-------------------  ----------
# communities         79
min community size    22
max community size   112
avg. community size   63.2785
modularity             0.866813
-------------------  ----------
40 community detected
NMI:0.7604672482035518
ARM:0.957910026560425
__iterative_rev_degree_order+PLP__
PLP detected communities in 0.08692550659179688 [s]
solution properties:
-------------------  -----------
# communities        1584
min community size      2
max community size     10
avg. community size     3.15593
modularity              0.756519
-------------------  -----------
40 community detected
NMI:0.4631246502539933
ARM:0.9861127449649651
__pmi__
Network Properties for:		G#78cc
nodes, edges			4999, 33477
directed?			False
weighted?			True
isolated nodes			0
self-loops			0
density				0.002680
clustering coefficient		0.197407
min/max/avg degree		3, 204, 13.393479
degree assortativity		0.270690
number of connected components	1
size of largest component	4999 (100.00 %)
tot:  98775.29118985613
__pmi+Louvain__
PLM(balanced,pc,turbo) detected communities in 0.5463821887969971 [s]
solution properties:
-------------------  ----------
# communities         34
min community size     1
max community size   499
avg. community size  147.029
modularity             0.778957
-------------------  ----------
40 community detected
NMI:0.39655076093387776
ARM:0.5918815358824938
__pmi+PLP__
PLP detected communities in 0.18736910820007324 [s]
solution properties:
-------------------  ----------
# communities        341
min community size     2
max community size   250
avg. community size   14.6598
modularity             0.736708
-------------------  ----------
40 community detected
NMI:0.33740368386954067
ARM:0.5145173641146358
__standard__
Network Properties for:		G#100cc
nodes, edges			4999, 33477
directed?			False
weighted?			True
isolated nodes			0
self-loops			0
density				0.002680
clustering coefficient		0.197407
min/max/avg degree		3, 204, 13.393479
degree assortativity		0.270690
number of connected components	1
size of largest component	4999 (100.00 %)
tot:  27.01532069564013
__standard+Louvain__
PLM(balanced,pc,turbo) detected communities in 0.3398740291595459 [s]
solution properties:
-------------------  ----------
# communities         89
min community size     4
max community size   191
avg. community size   56.1685
modularity             0.854514
-------------------  ----------
40 community detected
NMI:0.6552802097888981
ARM:0.8689523079163587
__standard+PLP__
PLP detected communities in 0.06798577308654785 [s]
solution properties:
-------------------  -----------
# communities        1368
min community size      2
max community size     24
avg. community size     3.65424
modularity              0.761198
-------------------  -----------
40 community detected
NMI:0.46664217043088874
ARM:0.9758068131887839
__ppmi__
Network Properties for:		G#122cc
nodes, edges			4999, 33477
directed?			False
weighted?			True
isolated nodes			0
self-loops			0
density				0.002680
clustering coefficient		0.197407
min/max/avg degree		3, 204, 13.393479
degree assortativity		0.270690
number of connected components	1
size of largest component	4999 (100.00 %)
tot:  143308.58253177674
__ppmi+Louvain__
PLM(balanced,pc,turbo) detected communities in 0.6146466732025146 [s]
solution properties:
-------------------  ----------
# communities         37
min community size    90
max community size   303
avg. community size  135.108
modularity             0.600317
-------------------  ----------
40 community detected
NMI:0.22893011541143649
ARM:0.34161733480613243
__ppmi+PLP__
PLP detected communities in 0.11717462539672852 [s]
solution properties:
-------------------  ----------
# communities        200
min community size     1
max community size   286
avg. community size   24.995
modularity             0.581756
-------------------  ----------
40 community detected
NMI:0.2263789397800473
ARM:0.3368101243978807
__glovexmax50alpha0.2__
Network Properties for:		G#144cc
nodes, edges			4999, 33477
directed?			False
weighted?			True
isolated nodes			0
self-loops			0
density				0.002680
clustering coefficient		0.197407
min/max/avg degree		3, 204, 13.393479
degree assortativity		0.270690
number of connected components	1
size of largest component	4999 (100.00 %)
tot:  17964.18236642499
__glovexmax50alpha0.2+Louvain__
PLM(balanced,pc,turbo) detected communities in 0.467867374420166 [s]
solution properties:
-------------------  ----------
# communities         30
min community size   100
max community size   276
avg. community size  166.633
modularity             0.569853
-------------------  ----------
40 community detected
NMI:0.12325297418598857
ARM:0.2430241415955836
__glovexmax50alpha0.2+PLP__
PLP detected communities in 0.14072656631469727 [s]
solution properties:
-------------------  ----------
# communities         43
min community size     2
max community size   191
avg. community size  116.256
modularity             0.571754
-------------------  ----------
40 community detected
NMI:0.07437039349133012
ARM:0.09583069742263017
__glovexmax40alpha0.2__
Network Properties for:		G#163cc
nodes, edges			4999, 33477
directed?			False
weighted?			True
isolated nodes			0
self-loops			0
density				0.002680
clustering coefficient		0.197407
min/max/avg degree		3, 204, 13.393479
degree assortativity		0.270690
number of connected components	1
size of largest component	4999 (100.00 %)
tot:  18760.862129043482
__glovexmax40alpha0.2+Louvain__
PLM(balanced,pc,turbo) detected communities in 0.3644895553588867 [s]
solution properties:
-------------------  ----------
# communities         40
min community size    86
max community size   190
avg. community size  124.975
modularity             0.572407
-------------------  ----------
40 community detected
NMI:0.07422923362652378
ARM:0.0948204007481136
__glovexmax40alpha0.2+PLP__
PLP detected communities in 0.1636645793914795 [s]
solution properties:
-------------------  ----------
# communities         44
min community size     2
max community size   191
avg. community size  113.614
modularity             0.569482
-------------------  ----------
40 community detected
NMI:0.07621634870975091
ARM:0.09912619245224663
__glovexmax30alpha0.3__
Network Properties for:		G#182cc
nodes, edges			4999, 33477
directed?			False
weighted?			True
isolated nodes			0
self-loops			0
density				0.002680
clustering coefficient		0.197407
min/max/avg degree		3, 204, 13.393479
degree assortativity		0.270690
number of connected components	1
size of largest component	4999 (100.00 %)
tot:  16614.88626537595
__glovexmax30alpha0.3+Louvain__
PLM(balanced,pc,turbo) detected communities in 0.35113072395324707 [s]
solution properties:
-------------------  ----------
# communities         25
min community size   127
max community size   315
avg. community size  199.96
modularity             0.564179
-------------------  ----------
40 community detected
NMI:0.16330513564385662
ARM:0.3267135177204088
__glovexmax30alpha0.3+PLP__
PLP detected communities in 0.16058850288391113 [s]
solution properties:
-------------------  ----------
# communities         43
min community size     2
max community size   193
avg. community size  116.256
modularity             0.568571
-------------------  ----------
40 community detected
NMI:0.08931852519298833
ARM:0.11444753152382992
