__LOADINGS__
Network Properties for:		network
nodes, edges			5000, 57250
directed?			False
weighted?			True
isolated nodes			1
self-loops			0
density				0.004581
clustering coefficient		0.315264
min/max/avg degree		0, 230, 22.900000
degree assortativity		0.236355
number of connected components	2
size of largest component	4999 (99.98 %)
453017.4023682407
__Groundtruth__
read communities from: ../../lfr_5000/mk300/k25/muw0.3/20/community.dat
-------------------  ---------
# communities         32
min community size   100
max community size   215
avg. community size  156.25
modularity             0.62618
-------------------  ---------
32 community detected
__CLASSIC_METHODS__
__Louvain__
PLM(balanced,pc,turbo) detected communities in 0.18267273902893066 [s]
solution properties:
-------------------  ----------
# communities         33
min community size     1
max community size   219
avg. community size  151.515
modularity             0.627155
-------------------  ----------
32 community detected
NMI:0.023150302126006994
ARM:0.02850620118252123
__Singleton__
32 community detected
NMI:0.42370093147868493
ARM:1.0
__AllInOne__
32 community detected
NMI:1.0
ARM:1.0
__PLP__
PLP detected communities in 0.0941770076751709 [s]
solution properties:
-------------------  ----------
# communities         33
min community size     1
max community size   219
avg. community size  151.515
modularity             0.627151
-------------------  ----------
32 community detected
NMI:0.0240608298234829
ARM:0.02984806672343221
__NORMALIZATION__
__glove__
Network Properties for:		G#18cc
nodes, edges			4999, 57250
directed?			False
weighted?			True
isolated nodes			0
self-loops			0
density				0.004583
clustering coefficient		0.315327
min/max/avg degree		6, 230, 22.904581
degree assortativity		0.236355
number of connected components	1
size of largest component	4999 (100.00 %)
tot:  7504.885269874634
__glove+Louvain__
PLM(balanced,pc,turbo) detected communities in 0.24016332626342773 [s]
solution properties:
-------------------  ----------
# communities         32
min community size   100
max community size   216
avg. community size  156.219
modularity             0.644812
-------------------  ----------
32 community detected
NMI:0.012839179093905972
ARM:0.015863962984942748
__glove+PLP__
PLP detected communities in 0.0924525260925293 [s]
solution properties:
-------------------  ----------
# communities         32
min community size   100
max community size   219
avg. community size  156.219
modularity             0.644808
-------------------  ----------
32 community detected
NMI:0.014967279698305691
ARM:0.01846822727873887
__fake_pmi__
Network Properties for:		G#34cc
nodes, edges			4999, 57250
directed?			False
weighted?			True
isolated nodes			0
self-loops			0
density				0.004583
clustering coefficient		0.315327
min/max/avg degree		6, 230, 22.904581
degree assortativity		0.236355
number of connected components	1
size of largest component	4999 (100.00 %)
tot:  0.0
__fake_pmi+Louvain__
1 community detected due to total edge weight equal 0
NMI:1
ARM:0.01846822727873887
__fake_pmi+PLP__
1 community detected due to total edge weight equal 0
NMI:1
ARM:0.01846822727873887
__iterative_rev_degree_order__
Network Properties for:		G#47cc
nodes, edges			4999, 57250
directed?			False
weighted?			True
isolated nodes			0
self-loops			0
density				0.004583
clustering coefficient		0.315327
min/max/avg degree		6, 230, 22.904581
degree assortativity		0.236355
number of connected components	1
size of largest component	4999 (100.00 %)
tot:  1366.7117333150118
__iterative_rev_degree_order+Louvain__
PLM(balanced,pc,turbo) detected communities in 0.746182918548584 [s]
solution properties:
-------------------  ----------
# communities         55
min community size    42
max community size   165
avg. community size   90.8909
modularity             0.807587
-------------------  ----------
32 community detected
NMI:0.7318857139522492
ARM:0.9067911121966954
__iterative_rev_degree_order+PLP__
PLP detected communities in 0.06654858589172363 [s]
solution properties:
-------------------  -----------
# communities        1532
min community size      2
max community size     13
avg. community size     3.26305
modularity              0.688978
-------------------  -----------
32 community detected
NMI:0.4852614780523493
ARM:0.9873651990445665
__pmi__
Network Properties for:		G#72cc
nodes, edges			4999, 57250
directed?			False
weighted?			True
isolated nodes			0
self-loops			0
density				0.004583
clustering coefficient		0.315327
min/max/avg degree		6, 230, 22.904581
degree assortativity		0.236355
number of connected components	1
size of largest component	4999 (100.00 %)
tot:  176111.99515152458
__pmi+Louvain__
PLM(balanced,pc,turbo) detected communities in 0.41721320152282715 [s]
solution properties:
-------------------  ----------
# communities         26
min community size   106
max community size   368
avg. community size  192.269
modularity             0.779786
-------------------  ----------
32 community detected
NMI:0.14703717781296832
ARM:0.30006384566604405
__pmi+PLP__
PLP detected communities in 0.17095041275024414 [s]
solution properties:
-------------------  ----------
# communities         38
min community size     2
max community size   402
avg. community size  131.553
modularity             0.780299
-------------------  ----------
32 community detected
NMI:0.11710072075751754
ARM:0.19785121765976543
__standard__
Network Properties for:		G#91cc
nodes, edges			4999, 57250
directed?			False
weighted?			True
isolated nodes			0
self-loops			0
density				0.004583
clustering coefficient		0.315327
min/max/avg degree		6, 230, 22.904581
degree assortativity		0.236355
number of connected components	1
size of largest component	4999 (100.00 %)
tot:  8.856242689270262
__standard+Louvain__
PLM(balanced,pc,turbo) detected communities in 0.6179184913635254 [s]
solution properties:
-------------------  ----------
# communities         35
min community size     2
max community size   238
avg. community size  142.829
modularity             0.759059
-------------------  ----------
32 community detected
NMI:0.41367831340195904
ARM:0.5401629131787181
__standard+PLP__
PLP detected communities in 0.3066670894622803 [s]
solution properties:
-------------------  ----------
# communities        904
min community size     2
max community size   150
avg. community size    5.52987
modularity             0.638569
-------------------  ----------
32 community detected
NMI:0.39976856910422887
ARM:0.6996787415531185
__ppmi__
Network Properties for:		G#113cc
nodes, edges			4999, 57250
directed?			False
weighted?			True
isolated nodes			0
self-loops			0
density				0.004583
clustering coefficient		0.315327
min/max/avg degree		6, 230, 22.904581
degree assortativity		0.236355
number of connected components	1
size of largest component	4999 (100.00 %)
tot:  232158.45915200433
__ppmi+Louvain__
PLM(balanced,pc,turbo) detected communities in 0.23483943939208984 [s]
solution properties:
-------------------  ----------
# communities         32
min community size   101
max community size   215
avg. community size  156.219
modularity             0.685475
-------------------  ----------
32 community detected
NMI:0.0039215058760269095
ARM:0.004919168561538401
__ppmi+PLP__
PLP detected communities in 0.08504867553710938 [s]
solution properties:
-------------------  ----------
# communities         30
min community size   119
max community size   362
avg. community size  166.633
modularity             0.682616
-------------------  ----------
32 community detected
NMI:0.016516437099820425
ARM:0.06478902626011684
__glovexmax50alpha0.2__
Network Properties for:		G#129cc
nodes, edges			4999, 57250
directed?			False
weighted?			True
isolated nodes			0
self-loops			0
density				0.004583
clustering coefficient		0.315327
min/max/avg degree		6, 230, 22.904581
degree assortativity		0.236355
number of connected components	1
size of largest component	4999 (100.00 %)
tot:  32641.375980874385
__glovexmax50alpha0.2+Louvain__
PLM(balanced,pc,turbo) detected communities in 0.25216150283813477 [s]
solution properties:
-------------------  ----------
# communities         32
min community size   100
max community size   214
avg. community size  156.219
modularity             0.674828
-------------------  ----------
32 community detected
NMI:0.0
ARM:0.0
__glovexmax50alpha0.2+PLP__
PLP detected communities in 0.07900691032409668 [s]
solution properties:
-------------------  ----------
# communities         32
min community size   100
max community size   214
avg. community size  156.219
modularity             0.674828
-------------------  ----------
32 community detected
NMI:0.0
ARM:0.0
__glovexmax40alpha0.2__
Network Properties for:		G#145cc
nodes, edges			4999, 57250
directed?			False
weighted?			True
isolated nodes			0
self-loops			0
density				0.004583
clustering coefficient		0.315327
min/max/avg degree		6, 230, 22.904581
degree assortativity		0.236355
number of connected components	1
size of largest component	4999 (100.00 %)
tot:  34100.99993707267
__glovexmax40alpha0.2+Louvain__
PLM(balanced,pc,turbo) detected communities in 0.24870872497558594 [s]
solution properties:
-------------------  ----------
# communities         32
min community size   100
max community size   214
avg. community size  156.219
modularity             0.674957
-------------------  ----------
32 community detected
NMI:0.0
ARM:0.0
__glovexmax40alpha0.2+PLP__
PLP detected communities in 0.06185722351074219 [s]
solution properties:
-------------------  ----------
# communities         32
min community size   100
max community size   214
avg. community size  156.219
modularity             0.674957
-------------------  ----------
32 community detected
NMI:0.0
ARM:0.0
__glovexmax30alpha0.3__
Network Properties for:		G#161cc
nodes, edges			4999, 57250
directed?			False
weighted?			True
isolated nodes			0
self-loops			0
density				0.004583
clustering coefficient		0.315327
min/max/avg degree		6, 230, 22.904581
degree assortativity		0.236355
number of connected components	1
size of largest component	4999 (100.00 %)
tot:  30698.333172912255
__glovexmax30alpha0.3+Louvain__
PLM(balanced,pc,turbo) detected communities in 0.18964600563049316 [s]
solution properties:
-------------------  ----------
# communities         32
min community size   100
max community size   215
avg. community size  156.219
modularity             0.672457
-------------------  ----------
32 community detected
NMI:0.00036810984939072977
ARM:0.0005371217981501308
__glovexmax30alpha0.3+PLP__
PLP detected communities in 0.04890108108520508 [s]
solution properties:
-------------------  ----------
# communities         32
min community size   100
max community size   215
avg. community size  156.219
modularity             0.672457
-------------------  ----------
32 community detected
NMI:0.0003681098493909518
ARM:0.0005371217981501308
