__LOADINGS__
4993/61264 8.149973883520502 % of nul weighted edges removed
1/5000 0.02 % of nul degree nodes removed
Network Properties for:		network
nodes, edges			4999, 56271
directed?			False
weighted?			True
isolated nodes			1
self-loops			0
density				0.004504
clustering coefficient		0.350719
min/max/avg degree		0, 371, 22.512903
degree assortativity		0.262199
number of connected components	1
size of largest component	4999 (100.00 %)
517241.37928829936
__Groundtruth__
read communities from: ../../lfr_5000/mk500/k25/muw0.3/44/community.dat
-------------------  ----------
# communities         45
min community size     6
max community size   473
avg. community size  111.111
modularity             0.557781
-------------------  ----------
45 community detected
__CLASSIC_METHODS__
__Louvain__
PLM(balanced,pc,turbo) detected communities in 0.49224233627319336 [s]
solution properties:
-------------------  ----------
# communities         15
min community size   160
max community size   483
avg. community size  333.267
modularity             0.559696
-------------------  ----------
45 community detected
NMI:0.12568006561933376
ARI:0.17672004603895486
__Singleton__
45 community detected
NMI:0.4611246391521382
ARI:1.0
__AllInOne__
45 community detected
NMI:1.0
ARI:1.0
__PLP__
PLP detected communities in 0.027807235717773438 [s]
solution properties:
-------------------  ----------
# communities         47
min community size     1
max community size   488
avg. community size  106.383
modularity             0.559579
-------------------  ----------
45 community detected
NMI:0.04503509083401058
ARI:0.06034394497843942
__NORMALIZATION__
__glove__
Network Properties for:		G#24
nodes, edges			4999, 56271
directed?			False
weighted?			True
isolated nodes			1
self-loops			0
density				0.004504
clustering coefficient		0.350719
min/max/avg degree		0, 371, 22.512903
degree assortativity		0.262199
number of connected components	1
size of largest component	4999 (100.00 %)
tot:  7853.004561046084
__glove+Louvain__
PLM(balanced,pc,turbo) detected communities in 0.4289097785949707 [s]
solution properties:
-------------------  ----------
# communities         18
min community size   148
max community size   483
avg. community size  277.722
modularity             0.587828
-------------------  ----------
45 community detected
NMI:0.08910494138023195
ARI:0.1028905869894966
__glove+PLP__
PLP detected communities in 0.061279296875 [s]
solution properties:
-------------------  ----------
# communities         45
min community size     1
max community size   486
avg. community size  111.111
modularity             0.588017
-------------------  ----------
45 community detected
NMI:0.03573412380248986
ARI:0.048158439540248565
__fake_pmi__
Network Properties for:		G#36
nodes, edges			4999, 56271
directed?			False
weighted?			True
isolated nodes			1
self-loops			0
density				0.004504
clustering coefficient		0.350719
min/max/avg degree		0, 371, 22.512903
degree assortativity		0.262199
number of connected components	1
size of largest component	4999 (100.00 %)
tot:  0.0
__fake_pmi+Louvain__
1 community detected due to total edge weight equal 0
NMI:1
ARI:1
__fake_pmi+PLP__
1 community detected due to total edge weight equal 0
NMI:1
ARI:1
__iterative_rev_degree_order__
Network Properties for:		G#39
nodes, edges			4999, 56271
directed?			False
weighted?			True
isolated nodes			1
self-loops			0
density				0.004504
clustering coefficient		0.350719
min/max/avg degree		0, 371, 22.512903
degree assortativity		0.262199
number of connected components	1
size of largest component	4999 (100.00 %)
tot:  1347.0100517989722
__iterative_rev_degree_order+Louvain__
PLM(balanced,pc,turbo) detected communities in 0.6157286167144775 [s]
solution properties:
-------------------  ----------
# communities         74
min community size    15
max community size   194
avg. community size   67.5541
modularity             0.860094
-------------------  ----------
45 community detected
NMI:0.7004233757810463
ARI:0.9335274095306342
__iterative_rev_degree_order+PLP__
PLP detected communities in 0.04597973823547363 [s]
solution properties:
-------------------  -----------
# communities        1542
min community size      1
max community size     12
avg. community size     3.24254
modularity              0.743124
-------------------  -----------
45 community detected
NMI:0.5132856509089834
ARI:0.9916291131526146
__pmi__
Network Properties for:		G#54
nodes, edges			4999, 56271
directed?			False
weighted?			True
isolated nodes			1
self-loops			0
density				0.004504
clustering coefficient		0.350719
min/max/avg degree		0, 371, 22.512903
degree assortativity		0.262199
number of connected components	1
size of largest component	4999 (100.00 %)
tot:  93207.86051938849
__pmi+Louvain__
PLM(balanced,pc,turbo) detected communities in 0.45810508728027344 [s]
solution properties:
-------------------  --------
# communities         35
min community size     8
max community size   594
avg. community size  142.829
modularity             1.1641
-------------------  --------
45 community detected
NMI:0.27343225069606036
ARI:0.437281831851969
__pmi+PLP__
PLP detected communities in 0.14153170585632324 [s]
solution properties:
-------------------  ---------
# communities        111
min community size     1
max community size   684
avg. community size   45.045
modularity             1.15664
-------------------  ---------
45 community detected
NMI:0.26201135367387407
ARI:0.43898865484078253
__standard__
Network Properties for:		G#63
nodes, edges			4999, 56271
directed?			False
weighted?			True
isolated nodes			1
self-loops			0
density				0.004504
clustering coefficient		0.350719
min/max/avg degree		0, 371, 22.512903
degree assortativity		0.262199
number of connected components	1
size of largest component	4999 (100.00 %)
tot:  12.636289132304345
__standard+Louvain__
PLM(balanced,pc,turbo) detected communities in 0.8040897846221924 [s]
solution properties:
-------------------  ----------
# communities         53
min community size     2
max community size   439
avg. community size   94.3208
modularity             0.872178
-------------------  ----------
45 community detected
NMI:0.5516972971978351
ARI:0.7492861976933032
__standard+PLP__
PLP detected communities in 0.15251660346984863 [s]
solution properties:
-------------------  -----------
# communities        1098
min community size      1
max community size    155
avg. community size     4.55373
modularity              0.746586
-------------------  -----------
45 community detected
NMI:0.5230771104900385
ARI:0.9395500719895462
__ppmi__
Network Properties for:		G#75
nodes, edges			4999, 56271
directed?			False
weighted?			True
isolated nodes			1
self-loops			0
density				0.004504
clustering coefficient		0.350719
min/max/avg degree		0, 371, 22.512903
degree assortativity		0.262199
number of connected components	1
size of largest component	4999 (100.00 %)
tot:  186957.42003575794
__ppmi+Louvain__
PLM(balanced,pc,turbo) detected communities in 0.5146825313568115 [s]
solution properties:
-------------------  ----------
# communities         28
min community size    14
max community size   439
avg. community size  178.536
modularity             0.679576
-------------------  ----------
45 community detected
NMI:0.0797841986719452
ARI:0.09325409350431657
__ppmi+PLP__
PLP detected communities in 0.14562773704528809 [s]
solution properties:
-------------------  ----------
# communities         58
min community size     1
max community size   811
avg. community size   86.2069
modularity             0.675517
-------------------  ----------
45 community detected
NMI:0.07119103708409347
ARI:0.17660456574529404
__glovexmax50alpha0.2__
Network Properties for:		G#84
nodes, edges			4999, 56271
directed?			False
weighted?			True
isolated nodes			1
self-loops			0
density				0.004504
clustering coefficient		0.350719
min/max/avg degree		0, 371, 22.512903
degree assortativity		0.262199
number of connected components	1
size of largest component	4999 (100.00 %)
tot:  30476.728421654705
__glovexmax50alpha0.2+Louvain__
PLM(balanced,pc,turbo) detected communities in 0.3852198123931885 [s]
solution properties:
-------------------  ----------
# communities         21
min community size   100
max community size   473
avg. community size  238.048
modularity             0.638148
-------------------  ----------
45 community detected
NMI:0.03922920282030773
ARI:0.035239772972702976
__glovexmax50alpha0.2+PLP__
PLP detected communities in 0.0812520980834961 [s]
solution properties:
-------------------  ----------
# communities         45
min community size     1
max community size   473
avg. community size  111.111
modularity             0.638298
-------------------  ----------
45 community detected
NMI:0.003124712706052968
ARI:0.004064706197601353
__glovexmax40alpha0.2__
Network Properties for:		G#93
nodes, edges			4999, 56271
directed?			False
weighted?			True
isolated nodes			1
self-loops			0
density				0.004504
clustering coefficient		0.350719
min/max/avg degree		0, 371, 22.512903
degree assortativity		0.262199
number of connected components	1
size of largest component	4999 (100.00 %)
tot:  31791.576557843655
__glovexmax40alpha0.2+Louvain__
PLM(balanced,pc,turbo) detected communities in 0.3746316432952881 [s]
solution properties:
-------------------  ----------
# communities         31
min community size     6
max community size   473
avg. community size  161.258
modularity             0.638977
-------------------  ----------
45 community detected
NMI:0.016799725112339847
ARI:0.010978370523382908
__glovexmax40alpha0.2+PLP__
PLP detected communities in 0.08801674842834473 [s]
solution properties:
-------------------  ----------
# communities         47
min community size     1
max community size   473
avg. community size  106.383
modularity             0.638613
-------------------  ----------
45 community detected
NMI:0.002386487898656031
ARI:0.0024515010246715097
__glovexmax30alpha0.3__
Network Properties for:		G#102
nodes, edges			4999, 56271
directed?			False
weighted?			True
isolated nodes			1
self-loops			0
density				0.004504
clustering coefficient		0.350719
min/max/avg degree		0, 371, 22.512903
degree assortativity		0.262199
number of connected components	1
size of largest component	4999 (100.00 %)
tot:  28583.60158323978
__glovexmax30alpha0.3+Louvain__
PLM(balanced,pc,turbo) detected communities in 0.22205686569213867 [s]
solution properties:
-------------------  ----------
# communities         23
min community size    50
max community size   472
avg. community size  217.348
modularity             0.634449
-------------------  ----------
45 community detected
NMI:0.03747808216961124
ARI:0.03906177068364158
__glovexmax30alpha0.3+PLP__
PLP detected communities in 0.060384273529052734 [s]
solution properties:
-------------------  ----------
# communities         46
min community size     1
max community size   475
avg. community size  108.696
modularity             0.633421
-------------------  ----------
45 community detected
NMI:0.009726428147815436
ARI:0.011617755894213766
NMI classement:
[('NMIglovexmax40alpha0.2+PLP', 0.002386487898656031), ('NMIglovexmax50alpha0.2+PLP', 0.003124712706052968), ('NMIglovexmax30alpha0.3+PLP', 0.009726428147815436), ('NMIglovexmax40alpha0.2+Louvain', 0.016799725112339847), ('NMIglove+PLP', 0.03573412380248986), ('NMIglovexmax30alpha0.3+Louvain', 0.03747808216961124), ('NMIglovexmax50alpha0.2+Louvain', 0.03922920282030773), ('NMIPLP', 0.04503509083401058), ('NMIppmi+PLP', 0.07119103708409347), ('NMIppmi+Louvain', 0.0797841986719452), ('NMIglove+Louvain', 0.08910494138023195), ('NMILouvain', 0.12568006561933376), ('NMIpmi+PLP', 0.26201135367387407), ('NMIpmi+Louvain', 0.27343225069606036), ('NMISingleton', 0.4611246391521382), ('NMIiterative_rev_degree_order+PLP', 0.5132856509089834), ('NMIstandard+PLP', 0.5230771104900385), ('NMIstandard+Louvain', 0.5516972971978351), ('NMIiterative_rev_degree_order+Louvain', 0.7004233757810463), ('NMIAllInOne', 1.0), ('NMIfake_pmi+Louvain', 1), ('NMIfake_pmi+PLP', 1)]
ARI classement:
[('ARIglovexmax40alpha0.2+PLP', 0.0024515010246715097), ('ARIglovexmax50alpha0.2+PLP', 0.004064706197601353), ('ARIglovexmax40alpha0.2+Louvain', 0.010978370523382908), ('ARIglovexmax30alpha0.3+PLP', 0.011617755894213766), ('ARIglovexmax50alpha0.2+Louvain', 0.035239772972702976), ('ARIglovexmax30alpha0.3+Louvain', 0.03906177068364158), ('ARIglove+PLP', 0.048158439540248565), ('ARIPLP', 0.06034394497843942), ('ARIppmi+Louvain', 0.09325409350431657), ('ARIglove+Louvain', 0.1028905869894966), ('ARIppmi+PLP', 0.17660456574529404), ('ARILouvain', 0.17672004603895486), ('ARIpmi+Louvain', 0.437281831851969), ('ARIpmi+PLP', 0.43898865484078253), ('ARIstandard+Louvain', 0.7492861976933032), ('ARIiterative_rev_degree_order+Louvain', 0.9335274095306342), ('ARIstandard+PLP', 0.9395500719895462), ('ARIiterative_rev_degree_order+PLP', 0.9916291131526146), ('ARISingleton', 1.0), ('ARIAllInOne', 1.0), ('ARIfake_pmi+Louvain', 1), ('ARIfake_pmi+PLP', 1)]
