__LOADINGS__
4996/52550 9.507136060894386 % of nul weighted edges removed
1/5000 0.02 % of nul degree nodes removed
Network Properties for:		network
nodes, edges			4999, 47554
directed?			False
weighted?			True
isolated nodes			1
self-loops			0
density				0.003807
clustering coefficient		0.340769
min/max/avg degree		0, 360, 19.025405
degree assortativity		0.259490
number of connected components	1
size of largest component	4999 (100.00 %)
429561.4226880868
__Groundtruth__
read communities from: ../../lfr_5000/mk500/k20/muw0.3/41/community.dat
-------------------  ----------
# communities         46
min community size     5
max community size   472
avg. community size  108.696
modularity             0.539673
-------------------  ----------
46 community detected
__CLASSIC_METHODS__
__Louvain__
PLM(balanced,pc,turbo) detected communities in 0.4176948070526123 [s]
solution properties:
-------------------  ----------
# communities         15
min community size   206
max community size   484
avg. community size  333.267
modularity             0.543588
-------------------  ----------
46 community detected
NMI:0.15065500586941816
ARI:0.19152394821297303
__Singleton__
46 community detected
NMI:0.4626148514147853
ARI:1.0
__AllInOne__
46 community detected
NMI:1.0
ARI:1.0
__PLP__
PLP detected communities in 0.16396450996398926 [s]
solution properties:
-------------------  ----------
# communities         46
min community size     1
max community size   574
avg. community size  108.696
modularity             0.542385
-------------------  ----------
46 community detected
NMI:0.08463066074131054
ARI:0.1240137461363987
__NORMALIZATION__
__glove__
Network Properties for:		G#21
nodes, edges			4999, 47554
directed?			False
weighted?			True
isolated nodes			1
self-loops			0
density				0.003807
clustering coefficient		0.340769
min/max/avg degree		0, 360, 19.025405
degree assortativity		0.259490
number of connected components	1
size of largest component	4999 (100.00 %)
tot:  6429.417882565148
__glove+Louvain__
PLM(balanced,pc,turbo) detected communities in 0.3685598373413086 [s]
solution properties:
-------------------  ---------
# communities         24
min community size     5
max community size   483
avg. community size  208.292
modularity             0.58011
-------------------  ---------
46 community detected
NMI:0.08561235172195869
ARI:0.09433831342021382
__glove+PLP__
PLP detected communities in 0.20553231239318848 [s]
solution properties:
-------------------  ----------
# communities         48
min community size     1
max community size   490
avg. community size  104.167
modularity             0.578913
-------------------  ----------
46 community detected
NMI:0.0657718559780226
ARI:0.09097247439901224
__fake_pmi__
Network Properties for:		G#30
nodes, edges			4999, 47554
directed?			False
weighted?			True
isolated nodes			1
self-loops			0
density				0.003807
clustering coefficient		0.340769
min/max/avg degree		0, 360, 19.025405
degree assortativity		0.259490
number of connected components	1
size of largest component	4999 (100.00 %)
tot:  0.0
__fake_pmi+Louvain__
1 community detected due to total edge weight equal 0
NMI:1
ARI:1
__fake_pmi+PLP__
1 community detected due to total edge weight equal 0
NMI:1
ARI:1
__iterative_rev_degree_order__
Network Properties for:		G#33
nodes, edges			4999, 47554
directed?			False
weighted?			True
isolated nodes			1
self-loops			0
density				0.003807
clustering coefficient		0.340769
min/max/avg degree		0, 360, 19.025405
degree assortativity		0.259490
number of connected components	1
size of largest component	4999 (100.00 %)
tot:  1410.2480445210515
__iterative_rev_degree_order+Louvain__
PLM(balanced,pc,turbo) detected communities in 0.663057804107666 [s]
solution properties:
-------------------  ----------
# communities         64
min community size    13
max community size   210
avg. community size   78.1094
modularity             0.865015
-------------------  ----------
46 community detected
NMI:0.6966644600237992
ARI:0.9254951040138147
__iterative_rev_degree_order+PLP__
PLP detected communities in 0.10691046714782715 [s]
solution properties:
-------------------  -----------
# communities        1528
min community size      1
max community size     13
avg. community size     3.27225
modularity              0.744957
-------------------  -----------
46 community detected
NMI:0.5150783895870349
ARI:0.991282555118897
__pmi__
Network Properties for:		G#48
nodes, edges			4999, 47554
directed?			False
weighted?			True
isolated nodes			1
self-loops			0
density				0.003807
clustering coefficient		0.340769
min/max/avg degree		0, 360, 19.025405
degree assortativity		0.259490
number of connected components	1
size of largest component	4999 (100.00 %)
tot:  91064.02466502716
__pmi+Louvain__
PLM(balanced,pc,turbo) detected communities in 0.5840625762939453 [s]
solution properties:
-------------------  ----------
# communities          33
min community size      1
max community size   1413
avg. community size   151.485
modularity              1.09607
-------------------  ----------
46 community detected
NMI:0.3527521133300009
ARI:0.6592558243557533
__pmi+PLP__
PLP detected communities in 0.18119025230407715 [s]
solution properties:
-------------------  ---------
# communities        149
min community size     1
max community size   823
avg. community size   33.557
modularity             1.06034
-------------------  ---------
46 community detected
NMI:0.31785176078565314
ARI:0.541281215281461
__standard__
Network Properties for:		G#60
nodes, edges			4999, 47554
directed?			False
weighted?			True
isolated nodes			1
self-loops			0
density				0.003807
clustering coefficient		0.340769
min/max/avg degree		0, 360, 19.025405
degree assortativity		0.259490
number of connected components	1
size of largest component	4999 (100.00 %)
tot:  16.71473960866726
__standard+Louvain__
PLM(balanced,pc,turbo) detected communities in 0.6700589656829834 [s]
solution properties:
-------------------  ----------
# communities         65
min community size     2
max community size   719
avg. community size   76.9077
modularity             0.891199
-------------------  ----------
46 community detected
NMI:0.5364747381899437
ARI:0.7553360782433206
__standard+PLP__
PLP detected communities in 0.0984804630279541 [s]
solution properties:
-------------------  ----------
# communities        1170
min community size      1
max community size     76
avg. community size     4.2735
modularity              0.71992
-------------------  ----------
46 community detected
NMI:0.525966353038199
ARI:0.9759539246698413
__ppmi__
Network Properties for:		G#75
nodes, edges			4999, 47554
directed?			False
weighted?			True
isolated nodes			1
self-loops			0
density				0.003807
clustering coefficient		0.340769
min/max/avg degree		0, 360, 19.025405
degree assortativity		0.259490
number of connected components	1
size of largest component	4999 (100.00 %)
tot:  163881.54419444103
__ppmi+Louvain__
PLM(balanced,pc,turbo) detected communities in 0.3329124450683594 [s]
solution properties:
-------------------  ----------
# communities         27
min community size    12
max community size   462
avg. community size  185.148
modularity             0.653942
-------------------  ----------
46 community detected
NMI:0.25062875862055345
ARI:0.35961655003549753
__ppmi+PLP__
PLP detected communities in 0.11336255073547363 [s]
solution properties:
-------------------  ----------
# communities          77
min community size      1
max community size   1016
avg. community size    64.9351
modularity              0.66588
-------------------  ----------
46 community detected
NMI:0.14674114162187313
ARI:0.38232201849568925
__glovexmax50alpha0.2__
Network Properties for:		G#87
nodes, edges			4999, 47554
directed?			False
weighted?			True
isolated nodes			1
self-loops			0
density				0.003807
clustering coefficient		0.340769
min/max/avg degree		0, 360, 19.025405
degree assortativity		0.259490
number of connected components	1
size of largest component	4999 (100.00 %)
tot:  25549.50578983707
__glovexmax50alpha0.2+Louvain__
PLM(balanced,pc,turbo) detected communities in 0.2810392379760742 [s]
solution properties:
-------------------  ----------
# communities         27
min community size     5
max community size   471
avg. community size  185.148
modularity             0.638504
-------------------  ----------
46 community detected
NMI:0.027071765738906683
ARI:0.020705828141406313
__glovexmax50alpha0.2+PLP__
PLP detected communities in 0.07453346252441406 [s]
solution properties:
-------------------  ----------
# communities         47
min community size     1
max community size   475
avg. community size  106.383
modularity             0.638326
-------------------  ----------
46 community detected
NMI:0.006185629029562878
ARI:0.007806478917161019
__glovexmax40alpha0.2__
Network Properties for:		G#96
nodes, edges			4999, 47554
directed?			False
weighted?			True
isolated nodes			1
self-loops			0
density				0.003807
clustering coefficient		0.340769
min/max/avg degree		0, 360, 19.025405
degree assortativity		0.259490
number of connected components	1
size of largest component	4999 (100.00 %)
tot:  26650.641699725547
__glovexmax40alpha0.2+Louvain__
PLM(balanced,pc,turbo) detected communities in 0.30129337310791016 [s]
solution properties:
-------------------  ----------
# communities         28
min community size     5
max community size   471
avg. community size  178.536
modularity             0.639074
-------------------  ----------
46 community detected
NMI:0.025293533203530005
ARI:0.01963658798125656
__glovexmax40alpha0.2+PLP__
PLP detected communities in 0.08561348915100098 [s]
solution properties:
-------------------  ----------
# communities         47
min community size     1
max community size   475
avg. community size  106.383
modularity             0.638868
-------------------  ----------
46 community detected
NMI:0.006185629029563322
ARI:0.007806478917161019
__glovexmax30alpha0.3__
Network Properties for:		G#105
nodes, edges			4999, 47554
directed?			False
weighted?			True
isolated nodes			1
self-loops			0
density				0.003807
clustering coefficient		0.340769
min/max/avg degree		0, 360, 19.025405
degree assortativity		0.259490
number of connected components	1
size of largest component	4999 (100.00 %)
tot:  23739.22529898177
__glovexmax30alpha0.3+Louvain__
PLM(balanced,pc,turbo) detected communities in 0.3283712863922119 [s]
solution properties:
-------------------  ---------
# communities         27
min community size     5
max community size   474
avg. community size  185.148
modularity             0.63504
-------------------  ---------
46 community detected
NMI:0.04025081359687821
ARI:0.03730839072390535
__glovexmax30alpha0.3+PLP__
PLP detected communities in 0.10311365127563477 [s]
solution properties:
-------------------  ----------
# communities         48
min community size     1
max community size   475
avg. community size  104.167
modularity             0.634757
-------------------  ----------
46 community detected
NMI:0.0176188952725993
ARI:0.021969587879093755
NMI classement:
[('NMIglovexmax50alpha0.2+PLP', 0.006185629029562878), ('NMIglovexmax40alpha0.2+PLP', 0.006185629029563322), ('NMIglovexmax30alpha0.3+PLP', 0.0176188952725993), ('NMIglovexmax40alpha0.2+Louvain', 0.025293533203530005), ('NMIglovexmax50alpha0.2+Louvain', 0.027071765738906683), ('NMIglovexmax30alpha0.3+Louvain', 0.04025081359687821), ('NMIglove+PLP', 0.0657718559780226), ('NMIPLP', 0.08463066074131054), ('NMIglove+Louvain', 0.08561235172195869), ('NMIppmi+PLP', 0.14674114162187313), ('NMILouvain', 0.15065500586941816), ('NMIppmi+Louvain', 0.25062875862055345), ('NMIpmi+PLP', 0.31785176078565314), ('NMIpmi+Louvain', 0.3527521133300009), ('NMISingleton', 0.4626148514147853), ('NMIiterative_rev_degree_order+PLP', 0.5150783895870349), ('NMIstandard+PLP', 0.525966353038199), ('NMIstandard+Louvain', 0.5364747381899437), ('NMIiterative_rev_degree_order+Louvain', 0.6966644600237992), ('NMIAllInOne', 1.0), ('NMIfake_pmi+Louvain', 1), ('NMIfake_pmi+PLP', 1)]
ARI classement:
[('ARIglovexmax50alpha0.2+PLP', 0.007806478917161019), ('ARIglovexmax40alpha0.2+PLP', 0.007806478917161019), ('ARIglovexmax40alpha0.2+Louvain', 0.01963658798125656), ('ARIglovexmax50alpha0.2+Louvain', 0.020705828141406313), ('ARIglovexmax30alpha0.3+PLP', 0.021969587879093755), ('ARIglovexmax30alpha0.3+Louvain', 0.03730839072390535), ('ARIglove+PLP', 0.09097247439901224), ('ARIglove+Louvain', 0.09433831342021382), ('ARIPLP', 0.1240137461363987), ('ARILouvain', 0.19152394821297303), ('ARIppmi+Louvain', 0.35961655003549753), ('ARIppmi+PLP', 0.38232201849568925), ('ARIpmi+PLP', 0.541281215281461), ('ARIpmi+Louvain', 0.6592558243557533), ('ARIstandard+Louvain', 0.7553360782433206), ('ARIiterative_rev_degree_order+Louvain', 0.9254951040138147), ('ARIstandard+PLP', 0.9759539246698413), ('ARIiterative_rev_degree_order+PLP', 0.991282555118897), ('ARISingleton', 1.0), ('ARIAllInOne', 1.0), ('ARIfake_pmi+Louvain', 1), ('ARIfake_pmi+PLP', 1)]
