__LOADINGS__
4993/61370 8.135897018087013 % of nul weighted edges removed
0/5000 0.0 % of nul degree nodes removed
Network Properties for:		network
nodes, edges			5000, 56377
directed?			False
weighted?			True
isolated nodes			0
self-loops			0
density				0.004511
clustering coefficient		0.238915
min/max/avg degree		1, 346, 22.550800
degree assortativity		0.312479
number of connected components	1
size of largest component	5000 (100.00 %)
521145.34949742927
__Groundtruth__
read communities from: ../../lfr_5000/mk500/k25/muw0.4/14/community.dat
-------------------  ----------
# communities         45
min community size     6
max community size   473
avg. community size  111.111
modularity             0.451656
-------------------  ----------
45 community detected
__CLASSIC_METHODS__
__Louvain__
PLM(balanced,pc,turbo) detected communities in 0.43438029289245605 [s]
solution properties:
-------------------  ----------
# communities         21
min community size    48
max community size   523
avg. community size  238.095
modularity             0.456381
-------------------  ----------
45 community detected
NMI:0.16502149091399365
ARI:0.19611548376891275
__Singleton__
45 community detected
NMI:0.4614604625731926
ARI:1.0
__AllInOne__
45 community detected
NMI:1.0
ARI:1.0
__PLP__
PLP detected communities in 0.2537562847137451 [s]
solution properties:
-------------------  -----------
# communities          30
min community size      2
max community size   1026
avg. community size   166.667
modularity              0.442329
-------------------  -----------
45 community detected
NMI:0.20890419170889651
ARI:0.3669575062110607
__NORMALIZATION__
__glove__
Network Properties for:		G#21
nodes, edges			5000, 56377
directed?			False
weighted?			True
isolated nodes			0
self-loops			0
density				0.004511
clustering coefficient		0.238915
min/max/avg degree		1, 346, 22.550800
degree assortativity		0.312479
number of connected components	1
size of largest component	5000 (100.00 %)
tot:  8043.002234928878
__glove+Louvain__
PLM(balanced,pc,turbo) detected communities in 0.4457118511199951 [s]
solution properties:
-------------------  ----------
# communities         20
min community size   102
max community size   457
avg. community size  250
modularity             0.482716
-------------------  ----------
45 community detected
NMI:0.1282045081116454
ARI:0.1472062959326198
__glove+PLP__
PLP detected communities in 0.13198280334472656 [s]
solution properties:
-------------------  ----------
# communities         39
min community size     6
max community size   495
avg. community size  128.205
modularity             0.481505
-------------------  ----------
45 community detected
NMI:0.1125301139741437
ARI:0.14813992606432647
__fake_pmi__
Network Properties for:		G#30
nodes, edges			5000, 56377
directed?			False
weighted?			True
isolated nodes			0
self-loops			0
density				0.004511
clustering coefficient		0.238915
min/max/avg degree		1, 346, 22.550800
degree assortativity		0.312479
number of connected components	1
size of largest component	5000 (100.00 %)
tot:  0.0
__fake_pmi+Louvain__
1 community detected due to total edge weight equal 0
NMI:1
ARI:1
__fake_pmi+PLP__
1 community detected due to total edge weight equal 0
NMI:1
ARI:1
__iterative_rev_degree_order__
Network Properties for:		G#33
nodes, edges			5000, 56377
directed?			False
weighted?			True
isolated nodes			0
self-loops			0
density				0.004511
clustering coefficient		0.238915
min/max/avg degree		1, 346, 22.550800
degree assortativity		0.312479
number of connected components	1
size of largest component	5000 (100.00 %)
tot:  1361.939837967122
__iterative_rev_degree_order+Louvain__
PLM(balanced,pc,turbo) detected communities in 0.7358248233795166 [s]
solution properties:
-------------------  ----------
# communities         63
min community size    40
max community size   141
avg. community size   79.3651
modularity             0.832353
-------------------  ----------
45 community detected
NMI:0.7903562215920638
ARI:0.9736864520756747
__iterative_rev_degree_order+PLP__
PLP detected communities in 0.07889819145202637 [s]
solution properties:
-------------------  -----------
# communities        1532
min community size      2
max community size     12
avg. community size     3.26371
modularity              0.718545
-------------------  -----------
45 community detected
NMI:0.5392199815295693
ARI:0.9942340854579872
__pmi__
Network Properties for:		G#48
nodes, edges			5000, 56377
directed?			False
weighted?			True
isolated nodes			0
self-loops			0
density				0.004511
clustering coefficient		0.238915
min/max/avg degree		1, 346, 22.550800
degree assortativity		0.312479
number of connected components	1
size of largest component	5000 (100.00 %)
tot:  127581.94557328263
__pmi+Louvain__
PLM(balanced,pc,turbo) detected communities in 0.36688995361328125 [s]
solution properties:
-------------------  ----------
# communities         31
min community size    14
max community size   604
avg. community size  161.29
modularity             0.748379
-------------------  ----------
45 community detected
NMI:0.37691798065220095
ARI:0.5717239234758054
__pmi+PLP__
PLP detected communities in 0.1840071678161621 [s]
solution properties:
-------------------  -----------
# communities         128
min community size      2
max community size   1002
avg. community size    39.0625
modularity              0.730013
-------------------  -----------
45 community detected
NMI:0.3736262178234734
ARI:0.6578668353677913
__standard__
Network Properties for:		G#60
nodes, edges			5000, 56377
directed?			False
weighted?			True
isolated nodes			0
self-loops			0
density				0.004511
clustering coefficient		0.238915
min/max/avg degree		1, 346, 22.550800
degree assortativity		0.312479
number of connected components	1
size of largest component	5000 (100.00 %)
tot:  13.353442862431047
__standard+Louvain__
PLM(balanced,pc,turbo) detected communities in 0.6635122299194336 [s]
solution properties:
-------------------  ----------
# communities         71
min community size     2
max community size   251
avg. community size   70.4225
modularity             0.827565
-------------------  ----------
45 community detected
NMI:0.7227949461146368
ARI:0.9282190904246268
__standard+PLP__
PLP detected communities in 0.2369246482849121 [s]
solution properties:
-------------------  -----------
# communities        1180
min community size      2
max community size     69
avg. community size     4.23729
modularity              0.693738
-------------------  -----------
45 community detected
NMI:0.5735210197610545
ARI:0.9882460775327546
__ppmi__
Network Properties for:		G#72
nodes, edges			5000, 56377
directed?			False
weighted?			True
isolated nodes			0
self-loops			0
density				0.004511
clustering coefficient		0.238915
min/max/avg degree		1, 346, 22.550800
degree assortativity		0.312479
number of connected components	1
size of largest component	5000 (100.00 %)
tot:  196856.27413942356
__ppmi+Louvain__
PLM(balanced,pc,turbo) detected communities in 0.418764591217041 [s]
solution properties:
-------------------  ----------
# communities         26
min community size    49
max community size   479
avg. community size  192.308
modularity             0.563104
-------------------  ----------
45 community detected
NMI:0.18052237408741834
ARI:0.24597331047812487
__ppmi+PLP__
PLP detected communities in 0.06604194641113281 [s]
solution properties:
-------------------  -----------
# communities          54
min community size      1
max community size   1885
avg. community size    92.5926
modularity              0.520538
-------------------  -----------
45 community detected
NMI:0.20687357288478236
ARI:0.6202184682538319
__glovexmax50alpha0.2__
Network Properties for:		G#81
nodes, edges			5000, 56377
directed?			False
weighted?			True
isolated nodes			0
self-loops			0
density				0.004511
clustering coefficient		0.238915
min/max/avg degree		1, 346, 22.550800
degree assortativity		0.312479
number of connected components	1
size of largest component	5000 (100.00 %)
tot:  31755.873352172875
__glovexmax50alpha0.2+Louvain__
PLM(balanced,pc,turbo) detected communities in 0.45958447456359863 [s]
solution properties:
-------------------  ----------
# communities         27
min community size    25
max community size   467
avg. community size  185.185
modularity             0.532083
-------------------  ----------
45 community detected
NMI:0.03296836949898474
ARI:0.029244652530648563
__glovexmax50alpha0.2+PLP__
PLP detected communities in 0.06990861892700195 [s]
solution properties:
-------------------  ----------
# communities         42
min community size     6
max community size   476
avg. community size  119.048
modularity             0.531687
-------------------  ----------
45 community detected
NMI:0.017474367777441935
ARI:0.02425979415298951
__glovexmax40alpha0.2__
Network Properties for:		G#90
nodes, edges			5000, 56377
directed?			False
weighted?			True
isolated nodes			0
self-loops			0
density				0.004511
clustering coefficient		0.238915
min/max/avg degree		1, 346, 22.550800
degree assortativity		0.312479
number of connected components	1
size of largest component	5000 (100.00 %)
tot:  33148.792608596064
__glovexmax40alpha0.2+Louvain__
PLM(balanced,pc,turbo) detected communities in 0.43819236755371094 [s]
solution properties:
-------------------  ----------
# communities         22
min community size    79
max community size   466
avg. community size  227.273
modularity             0.532328
-------------------  ----------
45 community detected
NMI:0.04594736608634287
ARI:0.04127058910134895
__glovexmax40alpha0.2+PLP__
PLP detected communities in 0.11369204521179199 [s]
solution properties:
-------------------  ---------
# communities         42
min community size     5
max community size   476
avg. community size  119.048
modularity             0.53193
-------------------  ---------
45 community detected
NMI:0.018742245140470737
ARI:0.02587806706743556
__glovexmax30alpha0.3__
Network Properties for:		G#99
nodes, edges			5000, 56377
directed?			False
weighted?			True
isolated nodes			0
self-loops			0
density				0.004511
clustering coefficient		0.238915
min/max/avg degree		1, 346, 22.550800
degree assortativity		0.312479
number of connected components	1
size of largest component	5000 (100.00 %)
tot:  29933.96284662349
__glovexmax30alpha0.3+Louvain__
PLM(balanced,pc,turbo) detected communities in 0.38158488273620605 [s]
solution properties:
-------------------  ----------
# communities         24
min community size    51
max community size   460
avg. community size  208.333
modularity             0.527195
-------------------  ----------
45 community detected
NMI:0.05110879606761498
ARI:0.05159336915088486
__glovexmax30alpha0.3+PLP__
PLP detected communities in 0.10839605331420898 [s]
solution properties:
-------------------  ----------
# communities         43
min community size     6
max community size   472
avg. community size  116.279
modularity             0.526958
-------------------  ----------
45 community detected
NMI:0.028316157629403205
ARI:0.0368278946620495
NMI classement:
[('NMIglovexmax50alpha0.2+PLP', 0.017474367777441935), ('NMIglovexmax40alpha0.2+PLP', 0.018742245140470737), ('NMIglovexmax30alpha0.3+PLP', 0.028316157629403205), ('NMIglovexmax50alpha0.2+Louvain', 0.03296836949898474), ('NMIglovexmax40alpha0.2+Louvain', 0.04594736608634287), ('NMIglovexmax30alpha0.3+Louvain', 0.05110879606761498), ('NMIglove+PLP', 0.1125301139741437), ('NMIglove+Louvain', 0.1282045081116454), ('NMILouvain', 0.16502149091399365), ('NMIppmi+Louvain', 0.18052237408741834), ('NMIppmi+PLP', 0.20687357288478236), ('NMIPLP', 0.20890419170889651), ('NMIpmi+PLP', 0.3736262178234734), ('NMIpmi+Louvain', 0.37691798065220095), ('NMISingleton', 0.4614604625731926), ('NMIiterative_rev_degree_order+PLP', 0.5392199815295693), ('NMIstandard+PLP', 0.5735210197610545), ('NMIstandard+Louvain', 0.7227949461146368), ('NMIiterative_rev_degree_order+Louvain', 0.7903562215920638), ('NMIAllInOne', 1.0), ('NMIfake_pmi+Louvain', 1), ('NMIfake_pmi+PLP', 1)]
ARI classement:
[('ARIglovexmax50alpha0.2+PLP', 0.02425979415298951), ('ARIglovexmax40alpha0.2+PLP', 0.02587806706743556), ('ARIglovexmax50alpha0.2+Louvain', 0.029244652530648563), ('ARIglovexmax30alpha0.3+PLP', 0.0368278946620495), ('ARIglovexmax40alpha0.2+Louvain', 0.04127058910134895), ('ARIglovexmax30alpha0.3+Louvain', 0.05159336915088486), ('ARIglove+Louvain', 0.1472062959326198), ('ARIglove+PLP', 0.14813992606432647), ('ARILouvain', 0.19611548376891275), ('ARIppmi+Louvain', 0.24597331047812487), ('ARIPLP', 0.3669575062110607), ('ARIpmi+Louvain', 0.5717239234758054), ('ARIppmi+PLP', 0.6202184682538319), ('ARIpmi+PLP', 0.6578668353677913), ('ARIstandard+Louvain', 0.9282190904246268), ('ARIiterative_rev_degree_order+Louvain', 0.9736864520756747), ('ARIstandard+PLP', 0.9882460775327546), ('ARIiterative_rev_degree_order+PLP', 0.9942340854579872), ('ARISingleton', 1.0), ('ARIAllInOne', 1.0), ('ARIfake_pmi+Louvain', 1), ('ARIfake_pmi+PLP', 1)]
