__LOADINGS__
Network Properties for:		network
nodes, edges			5000, 56377
directed?			False
weighted?			True
isolated nodes			0
self-loops			0
density				0.004511
clustering coefficient		0.238915
min/max/avg degree		1, 346, 22.550800
degree assortativity		0.312479
number of connected components	1
size of largest component	5000 (100.00 %)
521145.34949742927
__Groundtruth__
read communities from: ../../lfr_5000/mk500/k25/muw0.4/14/community.dat
-------------------  ----------
# communities         45
min community size     6
max community size   473
avg. community size  111.111
modularity             0.451656
-------------------  ----------
45 community detected
5 features on 56377 samples
Trainning set:45101 samples
Testing set:11276 samples
             precision    recall  f1-score   support

          0       0.67      0.41      0.51      4481
          1       0.69      0.87      0.77      6795

avg / total       0.68      0.68      0.66     11276

Confusion matrix:
[[1815 2666]
 [ 888 5907]]
Importance of features:
[0.16259766 0.24316406 0.20507812 0.19873047 0.19042969]
