__LOADINGS__
Network Properties for:		network
nodes, edges			5000, 27655
directed?			False
weighted?			True
isolated nodes			0
self-loops			0
density				0.002213
clustering coefficient		0.205761
min/max/avg degree		1, 286, 11.062000
degree assortativity		0.306133
number of connected components	2
size of largest component	4997 (99.94 %)
238041.44501592824
__Groundtruth__
read communities from: ../../lfr_5000/mk500/k15/muw0.4/15/community.dat
-------------------  ----------
# communities         53
min community size     3
max community size   469
avg. community size   94.3396
modularity             0.409189
-------------------  ----------
53 community detected
__CLASSIC_METHODS__
__Louvain__
PLM(balanced,pc,turbo) detected communities in 0.6068050861358643 [s]
solution properties:
-------------------  ---------
# communities         19
min community size     2
max community size   562
avg. community size  263.158
modularity             0.42583
-------------------  ---------
53 community detected
NMI:0.43461531623411753
ARM:0.5089680487194461
__Singleton__
53 community detected
NMI:0.45522622314942107
ARM:1.0
__AllInOne__
53 community detected
NMI:1.0
ARM:1.0
__PLP__
PLP detected communities in 0.2119436264038086 [s]
solution properties:
-------------------  -----------
# communities          69
min community size      1
max community size   1429
avg. community size    72.4638
modularity              0.391418
-------------------  -----------
53 community detected
NMI:0.40794786101636304
ARM:0.6369672774657036
__NORMALIZATION__
__glove__
Network Properties for:		G#24cc
nodes, edges			4997, 27652
directed?			False
weighted?			True
isolated nodes			0
self-loops			0
density				0.002215
clustering coefficient		0.205285
min/max/avg degree		1, 286, 11.067440
degree assortativity		0.306079
number of connected components	1
size of largest component	4997 (100.00 %)
tot:  3433.318209891922
__glove+Louvain__
PLM(balanced,pc,turbo) detected communities in 0.5818655490875244 [s]
solution properties:
-------------------  ----------
# communities         22
min community size     3
max community size   533
avg. community size  227.136
modularity             0.468468
-------------------  ----------
53 community detected
NMI:0.9540853362932881
ARM:0.9922115936390266
__glove+PLP__
PLP detected communities in 0.19911694526672363 [s]
solution properties:
-------------------  -----------
# communities          68
min community size      1
max community size   1711
avg. community size    73.4853
modularity              0.405563
-------------------  -----------
53 community detected
NMI:0.9282174677217302
ARM:0.9938844860195604
__fake_pmi__
Network Properties for:		G#46cc
nodes, edges			4997, 27652
directed?			False
weighted?			True
isolated nodes			0
self-loops			0
density				0.002215
clustering coefficient		0.205285
min/max/avg degree		1, 286, 11.067440
degree assortativity		0.306079
number of connected components	1
size of largest component	4997 (100.00 %)
tot:  0.0
__fake_pmi+Louvain__
1 community detected due to total edge weight equal 0
NMI:1
ARM:0.9938844860195604
__fake_pmi+PLP__
1 community detected due to total edge weight equal 0
NMI:1
ARM:0.9938844860195604
__iterative_rev_degree_order__
Network Properties for:		G#59cc
nodes, edges			4997, 27652
directed?			False
weighted?			True
isolated nodes			0
self-loops			0
density				0.002215
clustering coefficient		0.205285
min/max/avg degree		1, 286, 11.067440
degree assortativity		0.306079
number of connected components	1
size of largest component	4997 (100.00 %)
tot:  1450.4066604757545
__iterative_rev_degree_order+Louvain__
PLM(balanced,pc,turbo) detected communities in 0.7297987937927246 [s]
solution properties:
-------------------  ----------
# communities        104
min community size     2
max community size   105
avg. community size   48.0481
modularity             0.918799
-------------------  ----------
53 community detected
NMI:0.9006229310772008
ARM:0.9998829679817829
__iterative_rev_degree_order+PLP__
PLP detected communities in 0.07488417625427246 [s]
solution properties:
-------------------  -----------
# communities        1499
min community size      2
max community size     16
avg. community size     3.33356
modularity              0.822424
-------------------  -----------
53 community detected
NMI:0.6127260523500786
ARM:0.9995725632104865
__pmi__
Network Properties for:		G#84cc
nodes, edges			4997, 27652
directed?			False
weighted?			True
isolated nodes			0
self-loops			0
density				0.002215
clustering coefficient		0.205285
min/max/avg degree		1, 286, 11.067440
degree assortativity		0.306079
number of connected components	1
size of largest component	4997 (100.00 %)
tot:  41556.75219200997
__pmi+Louvain__
PLM(balanced,pc,turbo) detected communities in 0.6253101825714111 [s]
solution properties:
-------------------  ---------
# communities         30
min community size    11
max community size   500
avg. community size  166.567
modularity             1.42394
-------------------  ---------
53 community detected
NMI:0.9477511823966751
ARM:0.9964892527904264
__pmi+PLP__
PLP detected communities in 0.19510173797607422 [s]
solution properties:
-------------------  ----------
# communities        1063
min community size      1
max community size    174
avg. community size     4.70085
modularity              1.06281
-------------------  ----------
53 community detected
NMI:0.679198619675335
ARM:0.999194008432959
__standard__
Network Properties for:		G#106cc
nodes, edges			4997, 27652
directed?			False
weighted?			True
isolated nodes			0
self-loops			0
density				0.002215
clustering coefficient		0.205285
min/max/avg degree		1, 286, 11.067440
degree assortativity		0.306079
number of connected components	1
size of largest component	4997 (100.00 %)
tot:  50.50587686233725
__standard+Louvain__
PLM(balanced,pc,turbo) detected communities in 0.7788140773773193 [s]
solution properties:
-------------------  ----------
# communities        116
min community size     2
max community size   528
avg. community size   43.0776
modularity             0.946808
-------------------  ----------
53 community detected
NMI:0.891085344143658
ARM:0.9936475739687303
__standard+PLP__
PLP detected communities in 0.07029414176940918 [s]
solution properties:
-------------------  -----------
# communities        1289
min community size      2
max community size     42
avg. community size     3.87665
modularity              0.862212
-------------------  -----------
53 community detected
NMI:0.6348839261895948
ARM:0.9989632876775623
__ppmi__
Network Properties for:		G#131cc
nodes, edges			4997, 27652
directed?			False
weighted?			True
isolated nodes			0
self-loops			0
density				0.002215
clustering coefficient		0.205285
min/max/avg degree		1, 286, 11.067440
degree assortativity		0.306079
number of connected components	1
size of largest component	4997 (100.00 %)
tot:  102219.44776060703
__ppmi+Louvain__
PLM(balanced,pc,turbo) detected communities in 0.6428697109222412 [s]
solution properties:
-------------------  ----------
# communities         31
min community size    11
max community size   367
avg. community size  161.194
modularity             0.612212
-------------------  ----------
53 community detected
NMI:0.9419585634969873
ARM:0.9939441887964076
__ppmi+PLP__
PLP detected communities in 0.19412779808044434 [s]
solution properties:
-------------------  ----------
# communities        985
min community size     1
max community size   177
avg. community size    5.0731
modularity             0.456294
-------------------  ----------
53 community detected
NMI:0.6928553085134406
ARM:0.9990586368744628
__glovexmax50alpha0.2__
Network Properties for:		G#153cc
nodes, edges			4997, 27652
directed?			False
weighted?			True
isolated nodes			0
self-loops			0
density				0.002215
clustering coefficient		0.205285
min/max/avg degree		1, 286, 11.067440
degree assortativity		0.306079
number of connected components	1
size of largest component	4997 (100.00 %)
tot:  14017.899121320486
__glovexmax50alpha0.2+Louvain__
PLM(balanced,pc,turbo) detected communities in 0.6203289031982422 [s]
solution properties:
-------------------  ----------
# communities         14
min community size   227
max community size   519
avg. community size  356.929
modularity             0.535503
-------------------  ----------
53 community detected
NMI:0.962943477545572
ARM:0.9927546876178603
__glovexmax50alpha0.2+PLP__
PLP detected communities in 0.1652851104736328 [s]
solution properties:
-------------------  -----------
# communities          78
min community size      2
max community size   1127
avg. community size    64.0641
modularity              0.520321
-------------------  -----------
53 community detected
NMI:0.9186878037394342
ARM:0.9903201974578975
__glovexmax40alpha0.2__
Network Properties for:		G#175cc
nodes, edges			4997, 27652
directed?			False
weighted?			True
isolated nodes			0
self-loops			0
density				0.002215
clustering coefficient		0.205285
min/max/avg degree		1, 286, 11.067440
degree assortativity		0.306079
number of connected components	1
size of largest component	4997 (100.00 %)
tot:  14622.5996783363
__glovexmax40alpha0.2+Louvain__
PLM(balanced,pc,turbo) detected communities in 0.5609393119812012 [s]
solution properties:
-------------------  ----------
# communities         23
min community size     9
max community size   517
avg. community size  217.261
modularity             0.541004
-------------------  ----------
53 community detected
NMI:0.9480723096525301
ARM:0.9902543095580777
__glovexmax40alpha0.2+PLP__
PLP detected communities in 0.17141342163085938 [s]
solution properties:
-------------------  ----------
# communities          78
min community size      2
max community size   1127
avg. community size    64.0641
modularity              0.52219
-------------------  ----------
53 community detected
NMI:0.9187270028983723
ARM:0.9902231502649121
__glovexmax30alpha0.3__
Network Properties for:		G#197cc
nodes, edges			4997, 27652
directed?			False
weighted?			True
isolated nodes			0
self-loops			0
density				0.002215
clustering coefficient		0.205285
min/max/avg degree		1, 286, 11.067440
degree assortativity		0.306079
number of connected components	1
size of largest component	4997 (100.00 %)
tot:  12924.866124843642
__glovexmax30alpha0.3+Louvain__
PLM(balanced,pc,turbo) detected communities in 0.48885679244995117 [s]
solution properties:
-------------------  ----------
# communities         22
min community size    34
max community size   476
avg. community size  227.136
modularity             0.537291
-------------------  ----------
53 community detected
NMI:0.9507073068665909
ARM:0.9907392048299
__glovexmax30alpha0.3+PLP__
PLP detected communities in 0.10456681251525879 [s]
solution properties:
-------------------  ----------
# communities         80
min community size     1
max community size   666
avg. community size   62.4625
modularity             0.530476
-------------------  ----------
53 community detected
NMI:0.9179130244793672
ARM:0.9902229225510856
