__LOADINGS__
Network Properties for:		network
nodes, edges			5000, 56245
directed?			False
weighted?			True
isolated nodes			1
self-loops			0
density				0.004501
clustering coefficient		0.313886
min/max/avg degree		0, 83, 22.498000
degree assortativity		0.392818
number of connected components	2
size of largest component	4999 (99.98 %)
337698.64591871476
__Groundtruth__
read communities from: ../../lfr_5000/mk100/k25/muw0.3/20/community.dat
-------------------  ----------
# communities        104
min community size    20
max community size    99
avg. community size   48.0769
modularity             0.708015
-------------------  ----------
104 community detected
__CLASSIC_METHODS__
__Louvain__
PLM(balanced,pc,turbo) detected communities in 0.35530877113342285 [s]
solution properties:
-------------------  ----------
# communities         57
min community size     1
max community size   135
avg. community size   87.7193
modularity             0.708336
-------------------  ----------
104 community detected
NMI:0.06410918341382077
ARM:0.23763008501864347
__Singleton__
104 community detected
NMI:0.3047814955401703
ARM:1.0
__AllInOne__
104 community detected
NMI:1.0
ARM:1.0
__PLP__
PLP detected communities in 0.06556892395019531 [s]
solution properties:
-------------------  ----------
# communities        105
min community size     1
max community size    99
avg. community size   47.619
modularity             0.708293
-------------------  ----------
104 community detected
NMI:0.0012911693779669164
ARM:0.002920082507265054
__NORMALIZATION__
__glove__
Network Properties for:		G#21cc
nodes, edges			4999, 56245
directed?			False
weighted?			True
isolated nodes			0
self-loops			0
density				0.004502
clustering coefficient		0.313948
min/max/avg degree		1, 83, 22.502501
degree assortativity		0.392818
number of connected components	1
size of largest component	4999 (100.00 %)
tot:  6601.456418691188
__glove+Louvain__
PLM(balanced,pc,turbo) detected communities in 0.32483792304992676 [s]
solution properties:
-------------------  ----------
# communities         58
min community size    58
max community size   127
avg. community size   86.1897
modularity             0.711093
-------------------  ----------
104 community detected
NMI:0.05950763691908534
ARM:0.2194988262390929
__glove+PLP__
PLP detected communities in 0.06485509872436523 [s]
solution properties:
-------------------  ----------
# communities        104
min community size    20
max community size    99
avg. community size   48.0673
modularity             0.710965
-------------------  ----------
104 community detected
NMI:0.0011757316955851582
ARM:0.002674745969428516
__fake_pmi__
Network Properties for:		G#40cc
nodes, edges			4999, 56245
directed?			False
weighted?			True
isolated nodes			0
self-loops			0
density				0.004502
clustering coefficient		0.313948
min/max/avg degree		1, 83, 22.502501
degree assortativity		0.392818
number of connected components	1
size of largest component	4999 (100.00 %)
tot:  0.0
__fake_pmi+Louvain__
1 community detected due to total edge weight equal 0
NMI:1
ARM:0.002674745969428516
__fake_pmi+PLP__
1 community detected due to total edge weight equal 0
NMI:1
ARM:0.002674745969428516
__iterative_rev_degree_order__
Network Properties for:		G#53cc
nodes, edges			4999, 56245
directed?			False
weighted?			True
isolated nodes			0
self-loops			0
density				0.004502
clustering coefficient		0.313948
min/max/avg degree		1, 83, 22.502501
degree assortativity		0.392818
number of connected components	1
size of largest component	4999 (100.00 %)
tot:  1099.1840954784568
__iterative_rev_degree_order+Louvain__
PLM(balanced,pc,turbo) detected communities in 0.7090916633605957 [s]
solution properties:
-------------------  ----------
# communities         35
min community size    89
max community size   220
avg. community size  142.829
modularity             0.730472
-------------------  ----------
104 community detected
NMI:0.567529131454998
ARM:0.8719475725663979
__iterative_rev_degree_order+PLP__
PLP detected communities in 0.030398845672607422 [s]
solution properties:
-------------------  -----------
# communities        1062
min community size      2
max community size     18
avg. community size     4.70716
modularity              0.602381
-------------------  -----------
104 community detected
NMI:0.33206119508918597
ARM:0.9254051992626963
__pmi__
Network Properties for:		G#78cc
nodes, edges			4999, 56245
directed?			False
weighted?			True
isolated nodes			0
self-loops			0
density				0.004502
clustering coefficient		0.313948
min/max/avg degree		1, 83, 22.502501
degree assortativity		0.392818
number of connected components	1
size of largest component	4999 (100.00 %)
tot:  334631.00700765784
__pmi+Louvain__
PLM(balanced,pc,turbo) detected communities in 0.30664873123168945 [s]
solution properties:
-------------------  ----------
# communities         57
min community size    51
max community size   125
avg. community size   87.7018
modularity             0.714338
-------------------  ----------
104 community detected
NMI:0.06048440233118235
ARM:0.22168626185570994
__pmi+PLP__
PLP detected communities in 0.05560445785522461 [s]
solution properties:
-------------------  ----------
# communities        101
min community size    19
max community size   162
avg. community size   49.495
modularity             0.713117
-------------------  ----------
104 community detected
NMI:0.00723350223392194
ARM:0.040541227936314206
__standard__
Network Properties for:		G#97cc
nodes, edges			4999, 56245
directed?			False
weighted?			True
isolated nodes			0
self-loops			0
density				0.004502
clustering coefficient		0.313948
min/max/avg degree		1, 83, 22.502501
degree assortativity		0.392818
number of connected components	1
size of largest component	4999 (100.00 %)
tot:  17.52851769592785
__standard+Louvain__
PLM(balanced,pc,turbo) detected communities in 0.5976336002349854 [s]
solution properties:
-------------------  ----------
# communities         36
min community size    63
max community size   309
avg. community size  138.861
modularity             0.713874
-------------------  ----------
104 community detected
NMI:0.17985724521231117
ARM:0.5467965608223277
__standard+PLP__
PLP detected communities in 0.037943363189697266 [s]
solution properties:
-------------------  ----------
# communities        165
min community size     2
max community size   173
avg. community size   30.297
modularity             0.706274
-------------------  ----------
104 community detected
NMI:0.058204432619868185
ARM:0.14018345619511707
__ppmi__
Network Properties for:		G#119cc
nodes, edges			4999, 56245
directed?			False
weighted?			True
isolated nodes			0
self-loops			0
density				0.004502
clustering coefficient		0.313948
min/max/avg degree		1, 83, 22.502501
degree assortativity		0.392818
number of connected components	1
size of largest component	4999 (100.00 %)
tot:  336391.6757769469
__ppmi+Louvain__
PLM(balanced,pc,turbo) detected communities in 0.48528265953063965 [s]
solution properties:
-------------------  ----------
# communities         61
min community size    48
max community size   114
avg. community size   81.9508
modularity             0.712991
-------------------  ----------
104 community detected
NMI:0.05200949092046803
ARM:0.18704739984176078
__ppmi+PLP__
PLP detected communities in 0.06879639625549316 [s]
solution properties:
-------------------  ----------
# communities        101
min community size    19
max community size   191
avg. community size   49.495
modularity             0.710866
-------------------  ----------
104 community detected
NMI:0.007936747790961984
ARM:0.05117892328696361
__glovexmax50alpha0.2__
Network Properties for:		G#138cc
nodes, edges			4999, 56245
directed?			False
weighted?			True
isolated nodes			0
self-loops			0
density				0.004502
clustering coefficient		0.313948
min/max/avg degree		1, 83, 22.502501
degree assortativity		0.392818
number of connected components	1
size of largest component	4999 (100.00 %)
tot:  35493.75621104696
__glovexmax50alpha0.2+Louvain__
PLM(balanced,pc,turbo) detected communities in 0.4376041889190674 [s]
solution properties:
-------------------  --------
# communities         61
min community size    48
max community size   127
avg. community size   81.9508
modularity             0.7105
-------------------  --------
104 community detected
NMI:0.05282776767897157
ARM:0.19361505349333763
__glovexmax50alpha0.2+PLP__
PLP detected communities in 0.0906684398651123 [s]
solution properties:
-------------------  ----------
# communities        104
min community size    20
max community size    99
avg. community size   48.0673
modularity             0.710711
-------------------  ----------
104 community detected
NMI:0.0007093774559288057
ARM:0.001655413835885522
__glovexmax40alpha0.2__
Network Properties for:		G#157cc
nodes, edges			4999, 56245
directed?			False
weighted?			True
isolated nodes			0
self-loops			0
density				0.004502
clustering coefficient		0.313948
min/max/avg degree		1, 83, 22.502501
degree assortativity		0.392818
number of connected components	1
size of largest component	4999 (100.00 %)
tot:  37113.67536430306
__glovexmax40alpha0.2+Louvain__
PLM(balanced,pc,turbo) detected communities in 0.35016965866088867 [s]
solution properties:
-------------------  ----------
# communities         49
min community size    63
max community size   168
avg. community size  102.02
modularity             0.708827
-------------------  ----------
104 community detected
NMI:0.08055332167865947
ARM:0.3022686959649711
__glovexmax40alpha0.2+PLP__
PLP detected communities in 0.06755614280700684 [s]
solution properties:
-------------------  ----------
# communities        104
min community size    20
max community size    99
avg. community size   48.0673
modularity             0.710711
-------------------  ----------
104 community detected
NMI:0.0007093774559286947
ARM:0.001655413835885522
__glovexmax30alpha0.3__
Network Properties for:		G#176cc
nodes, edges			4999, 56245
directed?			False
weighted?			True
isolated nodes			0
self-loops			0
density				0.004502
clustering coefficient		0.313948
min/max/avg degree		1, 83, 22.502501
degree assortativity		0.392818
number of connected components	1
size of largest component	4999 (100.00 %)
tot:  33197.85897836203
__glovexmax30alpha0.3+Louvain__
PLM(balanced,pc,turbo) detected communities in 0.48433732986450195 [s]
solution properties:
-------------------  ----------
# communities         63
min community size    43
max community size   124
avg. community size   79.3492
modularity             0.711982
-------------------  ----------
104 community detected
NMI:0.04873532585369167
ARM:0.17609201298814858
__glovexmax30alpha0.3+PLP__
PLP detected communities in 0.09512162208557129 [s]
solution properties:
-------------------  ---------
# communities        104
min community size    20
max community size    99
avg. community size   48.0673
modularity             0.71194
-------------------  ---------
104 community detected
NMI:0.0007093774559288057
ARM:0.001655413835885522
