__LOADINGS__
4976/36126 13.774013176105852 % of nul weighted edges removed
1/5000 0.02 % of nul degree nodes removed
Network Properties for:		network
nodes, edges			4999, 31150
directed?			False
weighted?			True
isolated nodes			1
self-loops			0
density				0.002493
clustering coefficient		0.268457
min/max/avg degree		0, 76, 12.462492
degree assortativity		0.339588
number of connected components	1
size of largest component	4999 (100.00 %)
166777.49922952824
__Groundtruth__
read communities from: ../../lfr_5000/mk100/k15/muw0.3/44/community.dat
-------------------  ----------
# communities        104
min community size    20
max community size    99
avg. community size   48.0769
modularity             0.689347
-------------------  ----------
104 community detected
__CLASSIC_METHODS__
__Louvain__
PLM(balanced,pc,turbo) detected communities in 0.510469913482666 [s]
solution properties:
-------------------  ----------
# communities         48
min community size    52
max community size   168
avg. community size  104.146
modularity             0.693927
-------------------  ----------
104 community detected
NMI:0.11880159600131401
ARI:0.36252418414003496
__Singleton__
104 community detected
NMI:0.3047653125958609
ARI:1.0
__AllInOne__
104 community detected
NMI:1.0
ARI:1.0
__PLP__
PLP detected communities in 0.16989922523498535 [s]
solution properties:
-------------------  ----------
# communities        107
min community size     1
max community size   104
avg. community size   46.729
modularity             0.691184
-------------------  ----------
104 community detected
NMI:0.033104022039920356
ARI:0.06584566699805372
__NORMALIZATION__
__glove__
Network Properties for:		G#21
nodes, edges			4999, 31150
directed?			False
weighted?			True
isolated nodes			1
self-loops			0
density				0.002493
clustering coefficient		0.268457
min/max/avg degree		0, 76, 12.462492
degree assortativity		0.339588
number of connected components	1
size of largest component	4999 (100.00 %)
tot:  3241.026607300015
__glove+Louvain__
PLM(balanced,pc,turbo) detected communities in 0.6693747043609619 [s]
solution properties:
-------------------  ----------
# communities         50
min community size    64
max community size   193
avg. community size   99.98
modularity             0.701974
-------------------  ----------
104 community detected
NMI:0.1005193797986833
ARI:0.32616932697752266
__glove+PLP__
PLP detected communities in 0.11244916915893555 [s]
solution properties:
-------------------  ---------
# communities        108
min community size     1
max community size   102
avg. community size   46.2963
modularity             0.69945
-------------------  ---------
104 community detected
NMI:0.022799126530686054
ARI:0.045268471325291104
__fake_pmi__
Network Properties for:		G#30
nodes, edges			4999, 31150
directed?			False
weighted?			True
isolated nodes			1
self-loops			0
density				0.002493
clustering coefficient		0.268457
min/max/avg degree		0, 76, 12.462492
degree assortativity		0.339588
number of connected components	1
size of largest component	4999 (100.00 %)
tot:  0.0
__fake_pmi+Louvain__
1 community detected due to total edge weight equal 0
NMI:1
ARI:1
__fake_pmi+PLP__
1 community detected due to total edge weight equal 0
NMI:1
ARI:1
__iterative_rev_degree_order__
Network Properties for:		G#33
nodes, edges			4999, 31150
directed?			False
weighted?			True
isolated nodes			1
self-loops			0
density				0.002493
clustering coefficient		0.268457
min/max/avg degree		0, 76, 12.462492
degree assortativity		0.339588
number of connected components	1
size of largest component	4999 (100.00 %)
tot:  1470.2034249451071
__iterative_rev_degree_order+Louvain__
PLM(balanced,pc,turbo) detected communities in 0.8689055442810059 [s]
solution properties:
-------------------  ---------
# communities         47
min community size    60
max community size   152
avg. community size  106.362
modularity             0.82027
-------------------  ---------
104 community detected
NMI:0.5482068962849322
ARI:0.8651748278975148
__iterative_rev_degree_order+PLP__
PLP detected communities in 0.08931159973144531 [s]
solution properties:
-------------------  -----------
# communities        1472
min community size      1
max community size     10
avg. community size     3.39674
modularity              0.686553
-------------------  -----------
104 community detected
NMI:0.3216869063850286
ARI:0.9512614034971826
__pmi__
Network Properties for:		G#48
nodes, edges			4999, 31150
directed?			False
weighted?			True
isolated nodes			1
self-loops			0
density				0.002493
clustering coefficient		0.268457
min/max/avg degree		0, 76, 12.462492
degree assortativity		0.339588
number of connected components	1
size of largest component	4999 (100.00 %)
tot:  181889.62738560166
__pmi+Louvain__
PLM(balanced,pc,turbo) detected communities in 0.5485274791717529 [s]
solution properties:
-------------------  ----------
# communities         59
min community size    46
max community size   150
avg. community size   84.7288
modularity             0.720585
-------------------  ----------
104 community detected
NMI:0.06893995005793185
ARI:0.23211366604750383
__pmi+PLP__
PLP detected communities in 0.16231608390808105 [s]
solution properties:
-------------------  ---------
# communities        107
min community size     1
max community size    98
avg. community size   46.729
modularity             0.71978
-------------------  ---------
104 community detected
NMI:0.01158310815703989
ARI:0.022441322500564187
__standard__
Network Properties for:		G#57
nodes, edges			4999, 31150
directed?			False
weighted?			True
isolated nodes			1
self-loops			0
density				0.002493
clustering coefficient		0.268457
min/max/avg degree		0, 76, 12.462492
degree assortativity		0.339588
number of connected components	1
size of largest component	4999 (100.00 %)
tot:  33.16759084319361
__standard+Louvain__
PLM(balanced,pc,turbo) detected communities in 0.7103092670440674 [s]
solution properties:
-------------------  ----------
# communities         51
min community size    36
max community size   509
avg. community size   98.0196
modularity             0.765039
-------------------  ----------
104 community detected
NMI:0.3707317164012126
ARI:0.7315872197007867
__standard+PLP__
PLP detected communities in 0.22133135795593262 [s]
solution properties:
-------------------  ----------
# communities        984
min community size     1
max community size    56
avg. community size    5.0813
modularity             0.573894
-------------------  ----------
104 community detected
NMI:0.2887836519165561
ARI:0.7720652624786837
__ppmi__
Network Properties for:		G#69
nodes, edges			4999, 31150
directed?			False
weighted?			True
isolated nodes			1
self-loops			0
density				0.002493
clustering coefficient		0.268457
min/max/avg degree		0, 76, 12.462492
degree assortativity		0.339588
number of connected components	1
size of largest component	4999 (100.00 %)
tot:  187688.30418279156
__ppmi+Louvain__
PLM(balanced,pc,turbo) detected communities in 0.3987255096435547 [s]
solution properties:
-------------------  ----------
# communities         58
min community size    42
max community size   155
avg. community size   86.1897
modularity             0.713918
-------------------  ----------
104 community detected
NMI:0.06738927078111323
ARI:0.2402571324756787
__ppmi+PLP__
PLP detected communities in 0.11824750900268555 [s]
solution properties:
-------------------  ----------
# communities        111
min community size     1
max community size    98
avg. community size   45.045
modularity             0.710218
-------------------  ----------
104 community detected
NMI:0.009119704176031695
ARI:0.01885552111570965
__glovexmax50alpha0.2__
Network Properties for:		G#78
nodes, edges			4999, 31150
directed?			False
weighted?			True
isolated nodes			1
self-loops			0
density				0.002493
clustering coefficient		0.268457
min/max/avg degree		0, 76, 12.462492
degree assortativity		0.339588
number of connected components	1
size of largest component	4999 (100.00 %)
tot:  18270.230883870478
__glovexmax50alpha0.2+Louvain__
PLM(balanced,pc,turbo) detected communities in 0.36516785621643066 [s]
solution properties:
-------------------  ----------
# communities         52
min community size    58
max community size   148
avg. community size   96.1346
modularity             0.708592
-------------------  ----------
104 community detected
NMI:0.07545103303325462
ARI:0.2749094355354502
__glovexmax50alpha0.2+PLP__
PLP detected communities in 0.09982061386108398 [s]
solution properties:
-------------------  ----------
# communities        106
min community size     1
max community size    98
avg. community size   47.1698
modularity             0.707919
-------------------  ----------
104 community detected
NMI:0.0035528839175758
ARI:0.007301836181529908
__glovexmax40alpha0.2__
Network Properties for:		G#87
nodes, edges			4999, 31150
directed?			False
weighted?			True
isolated nodes			1
self-loops			0
density				0.002493
clustering coefficient		0.268457
min/max/avg degree		0, 76, 12.462492
degree assortativity		0.339588
number of connected components	1
size of largest component	4999 (100.00 %)
tot:  19104.07604714942
__glovexmax40alpha0.2+Louvain__
PLM(balanced,pc,turbo) detected communities in 0.3274202346801758 [s]
solution properties:
-------------------  ----------
# communities         54
min community size    57
max community size   176
avg. community size   92.5741
modularity             0.709066
-------------------  ----------
104 community detected
NMI:0.07118105086519966
ARI:0.26137079617322256
__glovexmax40alpha0.2+PLP__
PLP detected communities in 0.11456990242004395 [s]
solution properties:
-------------------  ----------
# communities        105
min community size     1
max community size    98
avg. community size   47.619
modularity             0.708469
-------------------  ----------
104 community detected
NMI:0.0034451675475153376
ARI:0.007349452218016195
__glovexmax30alpha0.3__
Network Properties for:		G#96
nodes, edges			4999, 31150
directed?			False
weighted?			True
isolated nodes			1
self-loops			0
density				0.002493
clustering coefficient		0.268457
min/max/avg degree		0, 76, 12.462492
degree assortativity		0.339588
number of connected components	1
size of largest component	4999 (100.00 %)
tot:  16775.998928236448
__glovexmax30alpha0.3+Louvain__
PLM(balanced,pc,turbo) detected communities in 0.33172011375427246 [s]
solution properties:
-------------------  ----------
# communities         57
min community size    45
max community size   128
avg. community size   87.7018
modularity             0.710489
-------------------  ----------
104 community detected
NMI:0.06653356011426736
ARI:0.2352341935766551
__glovexmax30alpha0.3+PLP__
PLP detected communities in 0.10731148719787598 [s]
solution properties:
-------------------  ----------
# communities        106
min community size     1
max community size    99
avg. community size   47.1698
modularity             0.708161
-------------------  ----------
104 community detected
NMI:0.006931843651645453
ARI:0.01446870154391422
NMI classement:
[('NMIglovexmax40alpha0.2+PLP', 0.0034451675475153376), ('NMIglovexmax50alpha0.2+PLP', 0.0035528839175758), ('NMIglovexmax30alpha0.3+PLP', 0.006931843651645453), ('NMIppmi+PLP', 0.009119704176031695), ('NMIpmi+PLP', 0.01158310815703989), ('NMIglove+PLP', 0.022799126530686054), ('NMIPLP', 0.033104022039920356), ('NMIglovexmax30alpha0.3+Louvain', 0.06653356011426736), ('NMIppmi+Louvain', 0.06738927078111323), ('NMIpmi+Louvain', 0.06893995005793185), ('NMIglovexmax40alpha0.2+Louvain', 0.07118105086519966), ('NMIglovexmax50alpha0.2+Louvain', 0.07545103303325462), ('NMIglove+Louvain', 0.1005193797986833), ('NMILouvain', 0.11880159600131401), ('NMIstandard+PLP', 0.2887836519165561), ('NMISingleton', 0.3047653125958609), ('NMIiterative_rev_degree_order+PLP', 0.3216869063850286), ('NMIstandard+Louvain', 0.3707317164012126), ('NMIiterative_rev_degree_order+Louvain', 0.5482068962849322), ('NMIAllInOne', 1.0), ('NMIfake_pmi+Louvain', 1), ('NMIfake_pmi+PLP', 1)]
ARI classement:
[('ARIglovexmax50alpha0.2+PLP', 0.007301836181529908), ('ARIglovexmax40alpha0.2+PLP', 0.007349452218016195), ('ARIglovexmax30alpha0.3+PLP', 0.01446870154391422), ('ARIppmi+PLP', 0.01885552111570965), ('ARIpmi+PLP', 0.022441322500564187), ('ARIglove+PLP', 0.045268471325291104), ('ARIPLP', 0.06584566699805372), ('ARIpmi+Louvain', 0.23211366604750383), ('ARIglovexmax30alpha0.3+Louvain', 0.2352341935766551), ('ARIppmi+Louvain', 0.2402571324756787), ('ARIglovexmax40alpha0.2+Louvain', 0.26137079617322256), ('ARIglovexmax50alpha0.2+Louvain', 0.2749094355354502), ('ARIglove+Louvain', 0.32616932697752266), ('ARILouvain', 0.36252418414003496), ('ARIstandard+Louvain', 0.7315872197007867), ('ARIstandard+PLP', 0.7720652624786837), ('ARIiterative_rev_degree_order+Louvain', 0.8651748278975148), ('ARIiterative_rev_degree_order+PLP', 0.9512614034971826), ('ARISingleton', 1.0), ('ARIAllInOne', 1.0), ('ARIfake_pmi+Louvain', 1), ('ARIfake_pmi+PLP', 1)]
