__LOADINGS__
Network Properties for:		network
nodes, edges			5000, 57123
directed?			False
weighted?			True
isolated nodes			0
self-loops			0
density				0.004571
clustering coefficient		0.243022
min/max/avg degree		1, 224, 22.849200
degree assortativity		0.277078
number of connected components	1
size of largest component	5000 (100.00 %)
449149.96764233906
__Groundtruth__
read communities from: ../../lfr_5000/mk300/k25/muw0.4/1/community.dat
-------------------  ----------
# communities         40
min community size    89
max community size   180
avg. community size  125
modularity             0.539834
-------------------  ----------
40 community detected
__CLASSIC_METHODS__
__Louvain__
PLM(balanced,pc,turbo) detected communities in 0.42092275619506836 [s]
solution properties:
-------------------  ----------
# communities         37
min community size    91
max community size   199
avg. community size  135.135
modularity             0.540757
-------------------  ----------
40 community detected
NMI:0.047221121267104316
ARM:0.08537683096478543
__Singleton__
40 community detected
NMI:0.3983004112753803
ARM:1.0
__AllInOne__
40 community detected
NMI:1.0
ARM:1.0
__PLP__
PLP detected communities in 0.12039804458618164 [s]
solution properties:
-------------------  ---------
# communities         40
min community size    88
max community size   181
avg. community size  125
modularity             0.54068
-------------------  ---------
40 community detected
NMI:0.03683131972497078
ARM:0.047370453560310555
__NORMALIZATION__
__glove__
Network Properties for:		G#21cc
nodes, edges			5000, 57123
directed?			False
weighted?			True
isolated nodes			0
self-loops			0
density				0.004571
clustering coefficient		0.243022
min/max/avg degree		1, 224, 22.849200
degree assortativity		0.277078
number of connected components	1
size of largest component	5000 (100.00 %)
tot:  7515.647068245747
__glove+Louvain__
PLM(balanced,pc,turbo) detected communities in 0.37391161918640137 [s]
solution properties:
-------------------  ----------
# communities         39
min community size    89
max community size   180
avg. community size  128.205
modularity             0.555678
-------------------  ----------
40 community detected
NMI:0.02095685341077491
ARM:0.0354867437446289
__glove+PLP__
PLP detected communities in 0.12615203857421875 [s]
solution properties:
-------------------  ----------
# communities         40
min community size    88
max community size   180
avg. community size  125
modularity             0.555672
-------------------  ----------
40 community detected
NMI:0.01881618386831385
ARM:0.025172274528611482
__fake_pmi__
Network Properties for:		G#40cc
nodes, edges			5000, 57123
directed?			False
weighted?			True
isolated nodes			0
self-loops			0
density				0.004571
clustering coefficient		0.243022
min/max/avg degree		1, 224, 22.849200
degree assortativity		0.277078
number of connected components	1
size of largest component	5000 (100.00 %)
tot:  0.0
__fake_pmi+Louvain__
1 community detected due to total edge weight equal 0
NMI:1
ARM:0.025172274528611482
__fake_pmi+PLP__
1 community detected due to total edge weight equal 0
NMI:1
ARM:0.025172274528611482
__iterative_rev_degree_order__
Network Properties for:		G#53cc
nodes, edges			5000, 57123
directed?			False
weighted?			True
isolated nodes			0
self-loops			0
density				0.004571
clustering coefficient		0.243022
min/max/avg degree		1, 224, 22.849200
degree assortativity		0.277078
number of connected components	1
size of largest component	5000 (100.00 %)
tot:  1316.2058389086055
__iterative_rev_degree_order+Louvain__
PLM(balanced,pc,turbo) detected communities in 0.8125379085540771 [s]
solution properties:
-------------------  ----------
# communities         70
min community size     2
max community size   167
avg. community size   71.4286
modularity             0.800547
-------------------  ----------
40 community detected
NMI:0.785615184132382
ARM:0.9606631907344805
__iterative_rev_degree_order+PLP__
PLP detected communities in 0.10735201835632324 [s]
solution properties:
-------------------  ----------
# communities        1508
min community size      2
max community size     12
avg. community size     3.31565
modularity              0.68639
-------------------  ----------
40 community detected
NMI:0.4758563745351635
ARM:0.9877341598832398
__pmi__
Network Properties for:		G#78cc
nodes, edges			5000, 57123
directed?			False
weighted?			True
isolated nodes			0
self-loops			0
density				0.004571
clustering coefficient		0.243022
min/max/avg degree		1, 224, 22.849200
degree assortativity		0.277078
number of connected components	1
size of largest component	5000 (100.00 %)
tot:  184487.74458732668
__pmi+Louvain__
PLM(balanced,pc,turbo) detected communities in 0.4348278045654297 [s]
solution properties:
-------------------  ----------
# communities         38
min community size    98
max community size   313
avg. community size  131.579
modularity             0.673685
-------------------  ----------
40 community detected
NMI:0.12941076358628123
ARM:0.21583032510051348
__pmi+PLP__
PLP detected communities in 0.15413999557495117 [s]
solution properties:
-------------------  ----------
# communities         50
min community size     1
max community size   436
avg. community size  100
modularity             0.672166
-------------------  ----------
40 community detected
NMI:0.13377718844706776
ARM:0.25303700721120526
__standard__
Network Properties for:		G#97cc
nodes, edges			5000, 57123
directed?			False
weighted?			True
isolated nodes			0
self-loops			0
density				0.004571
clustering coefficient		0.243022
min/max/avg degree		1, 224, 22.849200
degree assortativity		0.277078
number of connected components	1
size of largest component	5000 (100.00 %)
tot:  10.358519649279494
__standard+Louvain__
PLM(balanced,pc,turbo) detected communities in 0.7796130180358887 [s]
solution properties:
-------------------  ----------
# communities         43
min community size     2
max community size   293
avg. community size  116.279
modularity             0.696956
-------------------  ----------
40 community detected
NMI:0.5864601021058851
ARM:0.753531868769058
__standard+PLP__
PLP detected communities in 0.3310890197753906 [s]
solution properties:
-------------------  -----------
# communities         628
min community size      2
max community size   3207
avg. community size     7.96178
modularity              0.508011
-------------------  -----------
40 community detected
NMI:0.6943037645642787
ARM:0.9997550896277766
__ppmi__
Network Properties for:		G#122cc
nodes, edges			5000, 57123
directed?			False
weighted?			True
isolated nodes			0
self-loops			0
density				0.004571
clustering coefficient		0.243022
min/max/avg degree		1, 224, 22.849200
degree assortativity		0.277078
number of connected components	1
size of largest component	5000 (100.00 %)
tot:  239599.99295715382
__ppmi+Louvain__
PLM(balanced,pc,turbo) detected communities in 0.1277146339416504 [s]
solution properties:
-------------------  ----------
# communities         34
min community size    95
max community size   291
avg. community size  147.059
modularity             0.596422
-------------------  ----------
40 community detected
NMI:0.0343400394021518
ARM:0.10989017292959191
__ppmi+PLP__
PLP detected communities in 0.09666156768798828 [s]
solution properties:
-------------------  ----------
# communities         38
min community size     2
max community size   605
avg. community size  131.579
modularity             0.594381
-------------------  ----------
40 community detected
NMI:0.03255946114260733
ARM:0.1892610781763966
__glovexmax50alpha0.2__
Network Properties for:		G#141cc
nodes, edges			5000, 57123
directed?			False
weighted?			True
isolated nodes			0
self-loops			0
density				0.004571
clustering coefficient		0.243022
min/max/avg degree		1, 224, 22.849200
degree assortativity		0.277078
number of connected components	1
size of largest component	5000 (100.00 %)
tot:  33049.713111317345
__glovexmax50alpha0.2+Louvain__
PLM(balanced,pc,turbo) detected communities in 0.0847015380859375 [s]
solution properties:
-------------------  ----------
# communities         40
min community size    89
max community size   179
avg. community size  125
modularity             0.583824
-------------------  ----------
40 community detected
NMI:0.0009797950030923097
ARM:0.001417978322932667
__glovexmax50alpha0.2+PLP__
PLP detected communities in 0.08385515213012695 [s]
solution properties:
-------------------  ----------
# communities         40
min community size    89
max community size   179
avg. community size  125
modularity             0.583824
-------------------  ----------
40 community detected
NMI:0.0009797950030926428
ARM:0.001417978322932667
__glovexmax40alpha0.2__
Network Properties for:		G#157cc
nodes, edges			5000, 57123
directed?			False
weighted?			True
isolated nodes			0
self-loops			0
density				0.004571
clustering coefficient		0.243022
min/max/avg degree		1, 224, 22.849200
degree assortativity		0.277078
number of connected components	1
size of largest component	5000 (100.00 %)
tot:  34530.771199846175
__glovexmax40alpha0.2+Louvain__
PLM(balanced,pc,turbo) detected communities in 0.12504196166992188 [s]
solution properties:
-------------------  ----------
# communities         40
min community size    89
max community size   179
avg. community size  125
modularity             0.583887
-------------------  ----------
40 community detected
NMI:0.0009797950030924207
ARM:0.001417978322932667
__glovexmax40alpha0.2+PLP__
PLP detected communities in 0.05811452865600586 [s]
solution properties:
-------------------  ----------
# communities         40
min community size    89
max community size   179
avg. community size  125
modularity             0.583887
-------------------  ----------
40 community detected
NMI:0.0009797950030926428
ARM:0.001417978322932667
__glovexmax30alpha0.3__
Network Properties for:		G#173cc
nodes, edges			5000, 57123
directed?			False
weighted?			True
isolated nodes			0
self-loops			0
density				0.004571
clustering coefficient		0.243022
min/max/avg degree		1, 224, 22.849200
degree assortativity		0.277078
number of connected components	1
size of largest component	5000 (100.00 %)
tot:  31168.17962803801
__glovexmax30alpha0.3+Louvain__
PLM(balanced,pc,turbo) detected communities in 0.15318822860717773 [s]
solution properties:
-------------------  ----------
# communities         40
min community size    89
max community size   179
avg. community size  125
modularity             0.581229
-------------------  ----------
40 community detected
NMI:0.0019465508945408772
ARM:0.002720759728334632
__glovexmax30alpha0.3+PLP__
PLP detected communities in 0.03573894500732422 [s]
solution properties:
-------------------  ----------
# communities         40
min community size    89
max community size   179
avg. community size  125
modularity             0.581229
-------------------  ----------
40 community detected
NMI:0.0019655380217816765
ARM:0.0028610315502938244
