__LOADINGS__
4988/46882 10.639477837976195 % of nul weighted edges removed
0/5000 0.0 % of nul degree nodes removed
Network Properties for:		network
nodes, edges			5000, 41894
directed?			False
weighted?			True
isolated nodes			0
self-loops			0
density				0.003352
clustering coefficient		0.300233
min/max/avg degree		2, 220, 16.757600
degree assortativity		0.209864
number of connected components	1
size of largest component	5000 (100.00 %)
315493.25764802744
__Groundtruth__
read communities from: ../../lfr_5000/mk300/k20/muw0.3/22/community.dat
-------------------  ----------
# communities         32
min community size   100
max community size   215
avg. community size  156.25
modularity             0.612028
-------------------  ----------
32 community detected
__CLASSIC_METHODS__
__Louvain__
PLM(balanced,pc,turbo) detected communities in 0.24649739265441895 [s]
solution properties:
-------------------  ----------
# communities         32
min community size   100
max community size   225
avg. community size  156.25
modularity             0.615684
-------------------  ----------
32 community detected
NMI:0.07733191116371707
ARI:0.0919007293303189
__Singleton__
32 community detected
NMI:0.42370093147868537
ARI:1.0
__AllInOne__
32 community detected
NMI:1.0
ARI:1.0
__PLP__
PLP detected communities in 0.09548139572143555 [s]
solution properties:
-------------------  ----------
# communities         32
min community size   100
max community size   225
avg. community size  156.25
modularity             0.615673
-------------------  ----------
32 community detected
NMI:0.0796366838000293
ARI:0.09521372255953964
__NORMALIZATION__
__glove__
Network Properties for:		G#18
nodes, edges			5000, 41894
directed?			False
weighted?			True
isolated nodes			0
self-loops			0
density				0.003352
clustering coefficient		0.300233
min/max/avg degree		2, 220, 16.757600
degree assortativity		0.209864
number of connected components	1
size of largest component	5000 (100.00 %)
tot:  5124.533187612409
__glove+Louvain__
PLM(balanced,pc,turbo) detected communities in 0.4270143508911133 [s]
solution properties:
-------------------  ----------
# communities         31
min community size   101
max community size   237
avg. community size  161.29
modularity             0.638148
-------------------  ----------
32 community detected
NMI:0.0627966092573804
ARI:0.08554878094811513
__glove+PLP__
PLP detected communities in 0.10776805877685547 [s]
solution properties:
-------------------  ----------
# communities         32
min community size   101
max community size   224
avg. community size  156.25
modularity             0.638299
-------------------  ----------
32 community detected
NMI:0.058853128664590915
ARI:0.07012482095355022
__fake_pmi__
Network Properties for:		G#27
nodes, edges			5000, 41894
directed?			False
weighted?			True
isolated nodes			0
self-loops			0
density				0.003352
clustering coefficient		0.300233
min/max/avg degree		2, 220, 16.757600
degree assortativity		0.209864
number of connected components	1
size of largest component	5000 (100.00 %)
tot:  0.0
__fake_pmi+Louvain__
1 community detected due to total edge weight equal 0
NMI:1
ARI:1
__fake_pmi+PLP__
1 community detected due to total edge weight equal 0
NMI:1
ARI:1
__iterative_rev_degree_order__
Network Properties for:		G#30
nodes, edges			5000, 41894
directed?			False
weighted?			True
isolated nodes			0
self-loops			0
density				0.003352
clustering coefficient		0.300233
min/max/avg degree		2, 220, 16.757600
degree assortativity		0.209864
number of connected components	1
size of largest component	5000 (100.00 %)
tot:  1503.597910135453
__iterative_rev_degree_order+Louvain__
PLM(balanced,pc,turbo) detected communities in 0.8327925205230713 [s]
solution properties:
-------------------  ----------
# communities         73
min community size    24
max community size   175
avg. community size   68.4932
modularity             0.855737
-------------------  ----------
32 community detected
NMI:0.6913050483440948
ARI:0.8967520370750196
__iterative_rev_degree_order+PLP__
PLP detected communities in 0.05399346351623535 [s]
solution properties:
-------------------  -----------
# communities        1564
min community size      2
max community size     12
avg. community size     3.19693
modularity              0.743813
-------------------  -----------
32 community detected
NMI:0.4713495683450938
ARI:0.985391142738366
__pmi__
Network Properties for:		G#45
nodes, edges			5000, 41894
directed?			False
weighted?			True
isolated nodes			0
self-loops			0
density				0.003352
clustering coefficient		0.300233
min/max/avg degree		2, 220, 16.757600
degree assortativity		0.209864
number of connected components	1
size of largest component	5000 (100.00 %)
tot:  117937.31738414227
__pmi+Louvain__
PLM(balanced,pc,turbo) detected communities in 0.4438302516937256 [s]
solution properties:
-------------------  ----------
# communities         26
min community size   111
max community size   419
avg. community size  192.308
modularity             0.866283
-------------------  ----------
32 community detected
NMI:0.2144280481792491
ARI:0.3669508298180052
__pmi+PLP__
PLP detected communities in 0.11872553825378418 [s]
solution properties:
-------------------  ----------
# communities         79
min community size     2
max community size   257
avg. community size   63.2911
modularity             0.854964
-------------------  ----------
32 community detected
NMI:0.17635611476729696
ARI:0.23911724516336663
__standard__
Network Properties for:		G#54
nodes, edges			5000, 41894
directed?			False
weighted?			True
isolated nodes			0
self-loops			0
density				0.003352
clustering coefficient		0.300233
min/max/avg degree		2, 220, 16.757600
degree assortativity		0.209864
number of connected components	1
size of largest component	5000 (100.00 %)
tot:  13.015612682698366
__standard+Louvain__
PLM(balanced,pc,turbo) detected communities in 0.5695502758026123 [s]
solution properties:
-------------------  ----------
# communities         39
min community size     2
max community size   344
avg. community size  128.205
modularity             0.804311
-------------------  ----------
32 community detected
NMI:0.4874809171597533
ARI:0.6300714335252098
__standard+PLP__
PLP detected communities in 0.10694384574890137 [s]
solution properties:
-------------------  -----------
# communities        1308
min community size      2
max community size     94
avg. community size     3.82263
modularity              0.651197
-------------------  -----------
32 community detected
NMI:0.4549678926718801
ARI:0.9325608694005831
__ppmi__
Network Properties for:		G#66
nodes, edges			5000, 41894
directed?			False
weighted?			True
isolated nodes			0
self-loops			0
density				0.003352
clustering coefficient		0.300233
min/max/avg degree		2, 220, 16.757600
degree assortativity		0.209864
number of connected components	1
size of largest component	5000 (100.00 %)
tot:  169792.56156598887
__ppmi+Louvain__
PLM(balanced,pc,turbo) detected communities in 0.44169163703918457 [s]
solution properties:
-------------------  ----------
# communities         26
min community size   104
max community size   415
avg. community size  192.308
modularity             0.685112
-------------------  ----------
32 community detected
NMI:0.07810230042426913
ARI:0.20375758964371637
__ppmi+PLP__
PLP detected communities in 0.16035723686218262 [s]
solution properties:
-------------------  ----------
# communities         44
min community size     2
max community size   208
avg. community size  113.636
modularity             0.688503
-------------------  ----------
32 community detected
NMI:0.040003847098436296
ARI:0.05030398244174639
__glovexmax50alpha0.2__
Network Properties for:		G#75
nodes, edges			5000, 41894
directed?			False
weighted?			True
isolated nodes			0
self-loops			0
density				0.003352
clustering coefficient		0.300233
min/max/avg degree		2, 220, 16.757600
degree assortativity		0.209864
number of connected components	1
size of largest component	5000 (100.00 %)
tot:  22756.67882291087
__glovexmax50alpha0.2+Louvain__
PLM(balanced,pc,turbo) detected communities in 0.265087366104126 [s]
solution properties:
-------------------  ---------
# communities         32
min community size   100
max community size   215
avg. community size  156.25
modularity             0.67463
-------------------  ---------
32 community detected
NMI:0.00801578348082188
ARI:0.009487237116712177
__glovexmax50alpha0.2+PLP__
PLP detected communities in 0.11498260498046875 [s]
solution properties:
-------------------  ---------
# communities         32
min community size   100
max community size   215
avg. community size  156.25
modularity             0.67463
-------------------  ---------
32 community detected
NMI:0.00801578348082188
ARI:0.009487237116712177
__glovexmax40alpha0.2__
Network Properties for:		G#81
nodes, edges			5000, 41894
directed?			False
weighted?			True
isolated nodes			0
self-loops			0
density				0.003352
clustering coefficient		0.300233
min/max/avg degree		2, 220, 16.757600
degree assortativity		0.209864
number of connected components	1
size of largest component	5000 (100.00 %)
tot:  23769.39947063079
__glovexmax40alpha0.2+Louvain__
PLM(balanced,pc,turbo) detected communities in 0.2621157169342041 [s]
solution properties:
-------------------  ----------
# communities         32
min community size   100
max community size   215
avg. community size  156.25
modularity             0.674844
-------------------  ----------
32 community detected
NMI:0.008015783480821992
ARI:0.009487237116712177
__glovexmax40alpha0.2+PLP__
PLP detected communities in 0.07544207572937012 [s]
solution properties:
-------------------  ----------
# communities         33
min community size    56
max community size   215
avg. community size  151.515
modularity             0.670743
-------------------  ----------
32 community detected
NMI:0.010701717414775547
ARI:0.014358818279830543
__glovexmax30alpha0.3__
Network Properties for:		G#87
nodes, edges			5000, 41894
directed?			False
weighted?			True
isolated nodes			0
self-loops			0
density				0.003352
clustering coefficient		0.300233
min/max/avg degree		2, 220, 16.757600
degree assortativity		0.209864
number of connected components	1
size of largest component	5000 (100.00 %)
tot:  21163.098836317833
__glovexmax30alpha0.3+Louvain__
PLM(balanced,pc,turbo) detected communities in 0.12039637565612793 [s]
solution properties:
-------------------  ----------
# communities         32
min community size   101
max community size   216
avg. community size  156.25
modularity             0.672586
-------------------  ----------
32 community detected
NMI:0.0136056329926455
ARI:0.01582943707712081
__glovexmax30alpha0.3+PLP__
PLP detected communities in 0.06151151657104492 [s]
solution properties:
-------------------  ----------
# communities         32
min community size   101
max community size   216
avg. community size  156.25
modularity             0.672585
-------------------  ----------
32 community detected
NMI:0.013959314371604581
ARI:0.016251017614685503
NMI classement:
[('NMIglovexmax50alpha0.2+Louvain', 0.00801578348082188), ('NMIglovexmax50alpha0.2+PLP', 0.00801578348082188), ('NMIglovexmax40alpha0.2+Louvain', 0.008015783480821992), ('NMIglovexmax40alpha0.2+PLP', 0.010701717414775547), ('NMIglovexmax30alpha0.3+Louvain', 0.0136056329926455), ('NMIglovexmax30alpha0.3+PLP', 0.013959314371604581), ('NMIppmi+PLP', 0.040003847098436296), ('NMIglove+PLP', 0.058853128664590915), ('NMIglove+Louvain', 0.0627966092573804), ('NMILouvain', 0.07733191116371707), ('NMIppmi+Louvain', 0.07810230042426913), ('NMIPLP', 0.0796366838000293), ('NMIpmi+PLP', 0.17635611476729696), ('NMIpmi+Louvain', 0.2144280481792491), ('NMISingleton', 0.42370093147868537), ('NMIstandard+PLP', 0.4549678926718801), ('NMIiterative_rev_degree_order+PLP', 0.4713495683450938), ('NMIstandard+Louvain', 0.4874809171597533), ('NMIiterative_rev_degree_order+Louvain', 0.6913050483440948), ('NMIAllInOne', 1.0), ('NMIfake_pmi+Louvain', 1), ('NMIfake_pmi+PLP', 1)]
ARI classement:
[('ARIglovexmax50alpha0.2+Louvain', 0.009487237116712177), ('ARIglovexmax50alpha0.2+PLP', 0.009487237116712177), ('ARIglovexmax40alpha0.2+Louvain', 0.009487237116712177), ('ARIglovexmax40alpha0.2+PLP', 0.014358818279830543), ('ARIglovexmax30alpha0.3+Louvain', 0.01582943707712081), ('ARIglovexmax30alpha0.3+PLP', 0.016251017614685503), ('ARIppmi+PLP', 0.05030398244174639), ('ARIglove+PLP', 0.07012482095355022), ('ARIglove+Louvain', 0.08554878094811513), ('ARILouvain', 0.0919007293303189), ('ARIPLP', 0.09521372255953964), ('ARIppmi+Louvain', 0.20375758964371637), ('ARIpmi+PLP', 0.23911724516336663), ('ARIpmi+Louvain', 0.3669508298180052), ('ARIstandard+Louvain', 0.6300714335252098), ('ARIiterative_rev_degree_order+Louvain', 0.8967520370750196), ('ARIstandard+PLP', 0.9325608694005831), ('ARIiterative_rev_degree_order+PLP', 0.985391142738366), ('ARISingleton', 1.0), ('ARIAllInOne', 1.0), ('ARIfake_pmi+Louvain', 1), ('ARIfake_pmi+PLP', 1)]
