__LOADINGS__
4993/46791 10.670855506400803 % of nul weighted edges removed
1/5000 0.02 % of nul degree nodes removed
Network Properties for:		network
nodes, edges			4999, 41798
directed?			False
weighted?			True
isolated nodes			1
self-loops			0
density				0.003346
clustering coefficient		0.415260
min/max/avg degree		0, 235, 16.722545
degree assortativity		0.148925
number of connected components	1
size of largest component	4999 (100.00 %)
312280.7541406028
__Groundtruth__
read communities from: ../../lfr_5000/mk300/k20/muw0.2/9/community.dat
-------------------  ----------
# communities         30
min community size   122
max community size   240
avg. community size  166.667
modularity             0.725913
-------------------  ----------
30 community detected
__CLASSIC_METHODS__
__Louvain__
PLM(balanced,pc,turbo) detected communities in 0.25233960151672363 [s]
solution properties:
-------------------  ----------
# communities         30
min community size   120
max community size   245
avg. community size  166.633
modularity             0.727212
-------------------  ----------
30 community detected
NMI:0.03407881653215272
ARI:0.038104994215194754
__Singleton__
30 community detected
NMI:0.4312749414218585
ARI:1.0
__AllInOne__
30 community detected
NMI:1.0
ARI:1.0
__PLP__
PLP detected communities in 0.12164688110351562 [s]
solution properties:
-------------------  ----------
# communities         31
min community size     1
max community size   245
avg. community size  161.29
modularity             0.727202
-------------------  ----------
30 community detected
NMI:0.03643823592946149
ARI:0.04089327705177137
__NORMALIZATION__
__glove__
Network Properties for:		G#18
nodes, edges			4999, 41798
directed?			False
weighted?			True
isolated nodes			1
self-loops			0
density				0.003346
clustering coefficient		0.415260
min/max/avg degree		0, 235, 16.722545
degree assortativity		0.148925
number of connected components	1
size of largest component	4999 (100.00 %)
tot:  5037.179805290888
__glove+Louvain__
PLM(balanced,pc,turbo) detected communities in 0.20256853103637695 [s]
solution properties:
-------------------  ----------
# communities         30
min community size   121
max community size   242
avg. community size  166.633
modularity             0.747892
-------------------  ----------
30 community detected
NMI:0.022865945036116053
ARI:0.025448657466282776
__glove+PLP__
PLP detected communities in 0.09909749031066895 [s]
solution properties:
-------------------  ----------
# communities         31
min community size     1
max community size   242
avg. community size  161.29
modularity             0.747889
-------------------  ----------
30 community detected
NMI:0.023859951705909932
ARI:0.026608089785716715
__fake_pmi__
Network Properties for:		G#24
nodes, edges			4999, 41798
directed?			False
weighted?			True
isolated nodes			1
self-loops			0
density				0.003346
clustering coefficient		0.415260
min/max/avg degree		0, 235, 16.722545
degree assortativity		0.148925
number of connected components	1
size of largest component	4999 (100.00 %)
tot:  0.0
__fake_pmi+Louvain__
1 community detected due to total edge weight equal 0
NMI:1
ARI:1
__fake_pmi+PLP__
1 community detected due to total edge weight equal 0
NMI:1
ARI:1
__iterative_rev_degree_order__
Network Properties for:		G#27
nodes, edges			4999, 41798
directed?			False
weighted?			True
isolated nodes			1
self-loops			0
density				0.003346
clustering coefficient		0.415260
min/max/avg degree		0, 235, 16.722545
degree assortativity		0.148925
number of connected components	1
size of largest component	4999 (100.00 %)
tot:  1623.636967681665
__iterative_rev_degree_order+Louvain__
PLM(balanced,pc,turbo) detected communities in 0.6090676784515381 [s]
solution properties:
-------------------  ----------
# communities         50
min community size     2
max community size   234
avg. community size   99.98
modularity             0.859401
-------------------  ----------
30 community detected
NMI:0.573528846929398
ARI:0.7360474327276219
__iterative_rev_degree_order+PLP__
PLP detected communities in 0.1088864803314209 [s]
solution properties:
-------------------  -----------
# communities        1540
min community size      1
max community size     16
avg. community size     3.24675
modularity              0.728121
-------------------  -----------
30 community detected
NMI:0.4513732565585761
ARI:0.9806561389892235
__pmi__
Network Properties for:		G#42
nodes, edges			4999, 41798
directed?			False
weighted?			True
isolated nodes			1
self-loops			0
density				0.003346
clustering coefficient		0.415260
min/max/avg degree		0, 235, 16.722545
degree assortativity		0.148925
number of connected components	1
size of largest component	4999 (100.00 %)
tot:  116692.59942177487
__pmi+Louvain__
PLM(balanced,pc,turbo) detected communities in 0.37920141220092773 [s]
solution properties:
-------------------  ---------
# communities         29
min community size   134
max community size   352
avg. community size  172.379
modularity             1.00762
-------------------  ---------
30 community detected
NMI:0.10306761896501326
ARI:0.16048638019983485
__pmi+PLP__
PLP detected communities in 0.11509418487548828 [s]
solution properties:
-------------------  ----------
# communities         43
min community size     1
max community size   218
avg. community size  116.279
modularity             0.987004
-------------------  ----------
30 community detected
NMI:0.10143270694483697
ARI:0.14966444633645515
__standard__
Network Properties for:		G#51
nodes, edges			4999, 41798
directed?			False
weighted?			True
isolated nodes			1
self-loops			0
density				0.003346
clustering coefficient		0.415260
min/max/avg degree		0, 235, 16.722545
degree assortativity		0.148925
number of connected components	1
size of largest component	4999 (100.00 %)
tot:  10.53031585263825
__standard+Louvain__
PLM(balanced,pc,turbo) detected communities in 0.6399877071380615 [s]
solution properties:
-------------------  ----------
# communities         29
min community size     4
max community size   426
avg. community size  172.379
modularity             0.839613
-------------------  ----------
30 community detected
NMI:0.30410262176499614
ARI:0.42300312519476824
__standard+PLP__
PLP detected communities in 0.19848155975341797 [s]
solution properties:
-------------------  -----------
# communities        1021
min community size      1
max community size    131
avg. community size     4.89716
modularity              0.646317
-------------------  -----------
30 community detected
NMI:0.37825217724179605
ARI:0.7193456230923452
__ppmi__
Network Properties for:		G#63
nodes, edges			4999, 41798
directed?			False
weighted?			True
isolated nodes			1
self-loops			0
density				0.003346
clustering coefficient		0.415260
min/max/avg degree		0, 235, 16.722545
degree assortativity		0.148925
number of connected components	1
size of largest component	4999 (100.00 %)
tot:  167770.4413900096
__ppmi+Louvain__
PLM(balanced,pc,turbo) detected communities in 0.3752925395965576 [s]
solution properties:
-------------------  ----------
# communities         30
min community size   123
max community size   238
avg. community size  166.633
modularity             0.787673
-------------------  ----------
30 community detected
NMI:0.004045596397324491
ARI:0.005017373411064341
__ppmi+PLP__
PLP detected communities in 0.11880159378051758 [s]
solution properties:
-------------------  ----------
# communities         33
min community size     1
max community size   238
avg. community size  151.515
modularity             0.778905
-------------------  ----------
30 community detected
NMI:0.010061227118081995
ARI:0.018339422857275522
__glovexmax50alpha0.2__
Network Properties for:		G#72
nodes, edges			4999, 41798
directed?			False
weighted?			True
isolated nodes			1
self-loops			0
density				0.003346
clustering coefficient		0.415260
min/max/avg degree		0, 235, 16.722545
degree assortativity		0.148925
number of connected components	1
size of largest component	4999 (100.00 %)
tot:  22467.673829845553
__glovexmax50alpha0.2+Louvain__
PLM(balanced,pc,turbo) detected communities in 0.2680642604827881 [s]
solution properties:
-------------------  ----------
# communities         24
min community size   146
max community size   305
avg. community size  208.292
modularity             0.771917
-------------------  ----------
30 community detected
NMI:0.03544353062969818
ARI:0.12518140181556658
__glovexmax50alpha0.2+PLP__
PLP detected communities in 0.12368655204772949 [s]
solution properties:
-------------------  ----------
# communities         31
min community size     1
max community size   239
avg. community size  161.29
modularity             0.777287
-------------------  ----------
30 community detected
NMI:0.0
ARI:0.0
__glovexmax40alpha0.2__
Network Properties for:		G#81
nodes, edges			4999, 41798
directed?			False
weighted?			True
isolated nodes			1
self-loops			0
density				0.003346
clustering coefficient		0.415260
min/max/avg degree		0, 235, 16.722545
degree assortativity		0.148925
number of connected components	1
size of largest component	4999 (100.00 %)
tot:  23463.070343337
__glovexmax40alpha0.2+Louvain__
PLM(balanced,pc,turbo) detected communities in 0.24776697158813477 [s]
solution properties:
-------------------  ----------
# communities         30
min community size   122
max community size   239
avg. community size  166.633
modularity             0.777499
-------------------  ----------
30 community detected
NMI:0.0
ARI:0.0
__glovexmax40alpha0.2+PLP__
PLP detected communities in 0.11221551895141602 [s]
solution properties:
-------------------  ----------
# communities         31
min community size     1
max community size   239
avg. community size  161.29
modularity             0.777499
-------------------  ----------
30 community detected
NMI:0.0
ARI:0.0
__glovexmax30alpha0.3__
Network Properties for:		G#87
nodes, edges			4999, 41798
directed?			False
weighted?			True
isolated nodes			1
self-loops			0
density				0.003346
clustering coefficient		0.415260
min/max/avg degree		0, 235, 16.722545
degree assortativity		0.148925
number of connected components	1
size of largest component	4999 (100.00 %)
tot:  20763.072400504618
__glovexmax30alpha0.3+Louvain__
PLM(balanced,pc,turbo) detected communities in 0.22103476524353027 [s]
solution properties:
-------------------  ----------
# communities         30
min community size   122
max community size   239
avg. community size  166.633
modularity             0.776341
-------------------  ----------
30 community detected
NMI:0.0017961516855816706
ARI:0.0019690488249166638
__glovexmax30alpha0.3+PLP__
PLP detected communities in 0.054573774337768555 [s]
solution properties:
-------------------  ----------
# communities         31
min community size     1
max community size   239
avg. community size  161.29
modularity             0.776341
-------------------  ----------
30 community detected
NMI:0.0017961516855817816
ARI:0.0019690488249166638
NMI classement:
[('NMIglovexmax50alpha0.2+PLP', 0.0), ('NMIglovexmax40alpha0.2+Louvain', 0.0), ('NMIglovexmax40alpha0.2+PLP', 0.0), ('NMIglovexmax30alpha0.3+Louvain', 0.0017961516855816706), ('NMIglovexmax30alpha0.3+PLP', 0.0017961516855817816), ('NMIppmi+Louvain', 0.004045596397324491), ('NMIppmi+PLP', 0.010061227118081995), ('NMIglove+Louvain', 0.022865945036116053), ('NMIglove+PLP', 0.023859951705909932), ('NMILouvain', 0.03407881653215272), ('NMIglovexmax50alpha0.2+Louvain', 0.03544353062969818), ('NMIPLP', 0.03643823592946149), ('NMIpmi+PLP', 0.10143270694483697), ('NMIpmi+Louvain', 0.10306761896501326), ('NMIstandard+Louvain', 0.30410262176499614), ('NMIstandard+PLP', 0.37825217724179605), ('NMISingleton', 0.4312749414218585), ('NMIiterative_rev_degree_order+PLP', 0.4513732565585761), ('NMIiterative_rev_degree_order+Louvain', 0.573528846929398), ('NMIAllInOne', 1.0), ('NMIfake_pmi+Louvain', 1), ('NMIfake_pmi+PLP', 1)]
ARI classement:
[('ARIglovexmax50alpha0.2+PLP', 0.0), ('ARIglovexmax40alpha0.2+Louvain', 0.0), ('ARIglovexmax40alpha0.2+PLP', 0.0), ('ARIglovexmax30alpha0.3+Louvain', 0.0019690488249166638), ('ARIglovexmax30alpha0.3+PLP', 0.0019690488249166638), ('ARIppmi+Louvain', 0.005017373411064341), ('ARIppmi+PLP', 0.018339422857275522), ('ARIglove+Louvain', 0.025448657466282776), ('ARIglove+PLP', 0.026608089785716715), ('ARILouvain', 0.038104994215194754), ('ARIPLP', 0.04089327705177137), ('ARIglovexmax50alpha0.2+Louvain', 0.12518140181556658), ('ARIpmi+PLP', 0.14966444633645515), ('ARIpmi+Louvain', 0.16048638019983485), ('ARIstandard+Louvain', 0.42300312519476824), ('ARIstandard+PLP', 0.7193456230923452), ('ARIiterative_rev_degree_order+Louvain', 0.7360474327276219), ('ARIiterative_rev_degree_order+PLP', 0.9806561389892235), ('ARISingleton', 1.0), ('ARIAllInOne', 1.0), ('ARIfake_pmi+Louvain', 1), ('ARIfake_pmi+PLP', 1)]
