__LOADINGS__
4992/61557 8.109556995954968 % of nul weighted edges removed
1/5000 0.02 % of nul degree nodes removed
Network Properties for:		network
nodes, edges			4999, 56565
directed?			False
weighted?			True
isolated nodes			1
self-loops			0
density				0.004528
clustering coefficient		0.427715
min/max/avg degree		0, 238, 22.630526
degree assortativity		0.170895
number of connected components	1
size of largest component	4999 (100.00 %)
438163.620463726
__Groundtruth__
read communities from: ../../lfr_5000/mk300/k25/muw0.2/48/community.dat
-------------------  ---------
# communities         30
min community size   122
max community size   240
avg. community size  166.667
modularity             0.75297
-------------------  ---------
30 community detected
__CLASSIC_METHODS__
__Louvain__
PLM(balanced,pc,turbo) detected communities in 0.24036145210266113 [s]
solution properties:
-------------------  ----------
# communities         30
min community size   123
max community size   239
avg. community size  166.633
modularity             0.753048
-------------------  ----------
30 community detected
NMI:0.006044540562619161
ARI:0.006801274468699492
__Singleton__
30 community detected
NMI:0.4312749414218573
ARI:1.0
__AllInOne__
30 community detected
NMI:1.0
ARI:1.0
__PLP__
PLP detected communities in 0.06284141540527344 [s]
solution properties:
-------------------  ----------
# communities         31
min community size     1
max community size   239
avg. community size  161.29
modularity             0.753047
-------------------  ----------
30 community detected
NMI:0.00676992858641412
ARI:0.007625822445917363
__NORMALIZATION__
__glove__
Network Properties for:		G#18
nodes, edges			4999, 56565
directed?			False
weighted?			True
isolated nodes			1
self-loops			0
density				0.004528
clustering coefficient		0.427715
min/max/avg degree		0, 238, 22.630526
degree assortativity		0.170895
number of connected components	1
size of largest component	4999 (100.00 %)
tot:  7275.404806235313
__glove+Louvain__
PLM(balanced,pc,turbo) detected communities in 0.1687335968017578 [s]
solution properties:
-------------------  ----------
# communities         30
min community size   122
max community size   239
avg. community size  166.633
modularity             0.765131
-------------------  ----------
30 community detected
NMI:0.00142565156141361
ARI:0.0014866455716091576
__glove+PLP__
PLP detected communities in 0.07697653770446777 [s]
solution properties:
-------------------  ----------
# communities         31
min community size     1
max community size   239
avg. community size  161.29
modularity             0.765131
-------------------  ----------
30 community detected
NMI:0.00142565156141361
ARI:0.0014866455716091576
__fake_pmi__
Network Properties for:		G#24
nodes, edges			4999, 56565
directed?			False
weighted?			True
isolated nodes			1
self-loops			0
density				0.004528
clustering coefficient		0.427715
min/max/avg degree		0, 238, 22.630526
degree assortativity		0.170895
number of connected components	1
size of largest component	4999 (100.00 %)
tot:  0.0
__fake_pmi+Louvain__
1 community detected due to total edge weight equal 0
NMI:1
ARI:1
__fake_pmi+PLP__
1 community detected due to total edge weight equal 0
NMI:1
ARI:1
__iterative_rev_degree_order__
Network Properties for:		G#27
nodes, edges			4999, 56565
directed?			False
weighted?			True
isolated nodes			1
self-loops			0
density				0.004528
clustering coefficient		0.427715
min/max/avg degree		0, 238, 22.630526
degree assortativity		0.170895
number of connected components	1
size of largest component	4999 (100.00 %)
tot:  1547.317646878493
__iterative_rev_degree_order+Louvain__
PLM(balanced,pc,turbo) detected communities in 0.7120249271392822 [s]
solution properties:
-------------------  ----------
# communities         40
min community size     6
max community size   263
avg. community size  124.975
modularity             0.828162
-------------------  ----------
30 community detected
NMI:0.537172148803236
ARI:0.6736699011150442
__iterative_rev_degree_order+PLP__
PLP detected communities in 0.08489704132080078 [s]
solution properties:
-------------------  -----------
# communities        1521
min community size      1
max community size     12
avg. community size     3.28731
modularity              0.662743
-------------------  -----------
30 community detected
NMI:0.45453522701350846
ARI:0.9812452044787298
__pmi__
Network Properties for:		G#42
nodes, edges			4999, 56565
directed?			False
weighted?			True
isolated nodes			1
self-loops			0
density				0.004528
clustering coefficient		0.427715
min/max/avg degree		0, 238, 22.630526
degree assortativity		0.170895
number of connected components	1
size of largest component	4999 (100.00 %)
tot:  185543.26655251769
__pmi+Louvain__
PLM(balanced,pc,turbo) detected communities in 0.37663984298706055 [s]
solution properties:
-------------------  ----------
# communities         28
min community size   124
max community size   341
avg. community size  178.536
modularity             0.902272
-------------------  ----------
30 community detected
NMI:0.07607784802122641
ARI:0.14826791635998582
__pmi+PLP__
PLP detected communities in 0.14977574348449707 [s]
solution properties:
-------------------  ----------
# communities         35
min community size     1
max community size   215
avg. community size  142.857
modularity             0.893819
-------------------  ----------
30 community detected
NMI:0.0628875545502896
ARI:0.09750480464017486
__standard__
Network Properties for:		G#51
nodes, edges			4999, 56565
directed?			False
weighted?			True
isolated nodes			1
self-loops			0
density				0.004528
clustering coefficient		0.427715
min/max/avg degree		0, 238, 22.630526
degree assortativity		0.170895
number of connected components	1
size of largest component	4999 (100.00 %)
tot:  7.3631412601231165
__standard+Louvain__
PLM(balanced,pc,turbo) detected communities in 0.5759522914886475 [s]
solution properties:
-------------------  ----------
# communities         24
min community size   133
max community size   536
avg. community size  208.292
modularity             0.817211
-------------------  ----------
30 community detected
NMI:0.24140316782036064
ARI:0.40506315286677963
__standard+PLP__
PLP detected communities in 0.19001984596252441 [s]
solution properties:
-------------------  ----------
# communities        591
min community size     1
max community size   171
avg. community size    8.46024
modularity             0.692272
-------------------  ----------
30 community detected
NMI:0.2687696912099835
ARI:0.4232674355094892
__ppmi__
Network Properties for:		G#63
nodes, edges			4999, 56565
directed?			False
weighted?			True
isolated nodes			1
self-loops			0
density				0.004528
clustering coefficient		0.427715
min/max/avg degree		0, 238, 22.630526
degree assortativity		0.170895
number of connected components	1
size of largest component	4999 (100.00 %)
tot:  233975.53899225936
__ppmi+Louvain__
PLM(balanced,pc,turbo) detected communities in 0.27828240394592285 [s]
solution properties:
-------------------  ----------
# communities         30
min community size   122
max community size   239
avg. community size  166.633
modularity             0.792969
-------------------  ----------
30 community detected
NMI:0.0
ARI:0.0
__ppmi+PLP__
PLP detected communities in 0.10514044761657715 [s]
solution properties:
-------------------  ----------
# communities         31
min community size     1
max community size   239
avg. community size  161.29
modularity             0.792969
-------------------  ----------
30 community detected
NMI:0.0
ARI:0.0
__glovexmax50alpha0.2__
Network Properties for:		G#69
nodes, edges			4999, 56565
directed?			False
weighted?			True
isolated nodes			1
self-loops			0
density				0.004528
clustering coefficient		0.427715
min/max/avg degree		0, 238, 22.630526
degree assortativity		0.170895
number of connected components	1
size of largest component	4999 (100.00 %)
tot:  32284.710231069257
__glovexmax50alpha0.2+Louvain__
PLM(balanced,pc,turbo) detected communities in 0.23234319686889648 [s]
solution properties:
-------------------  ----------
# communities         30
min community size   122
max community size   239
avg. community size  166.633
modularity             0.782376
-------------------  ----------
30 community detected
NMI:0.0
ARI:0.0
__glovexmax50alpha0.2+PLP__
PLP detected communities in 0.07957315444946289 [s]
solution properties:
-------------------  ----------
# communities         31
min community size     1
max community size   239
avg. community size  161.29
modularity             0.782376
-------------------  ----------
30 community detected
NMI:0.0
ARI:0.0
__glovexmax40alpha0.2__
Network Properties for:		G#75
nodes, edges			4999, 56565
directed?			False
weighted?			True
isolated nodes			1
self-loops			0
density				0.004528
clustering coefficient		0.427715
min/max/avg degree		0, 238, 22.630526
degree assortativity		0.170895
number of connected components	1
size of largest component	4999 (100.00 %)
tot:  33726.36299110277
__glovexmax40alpha0.2+Louvain__
PLM(balanced,pc,turbo) detected communities in 0.1976790428161621 [s]
solution properties:
-------------------  ----------
# communities         30
min community size   122
max community size   239
avg. community size  166.633
modularity             0.782429
-------------------  ----------
30 community detected
NMI:0.0
ARI:0.0
__glovexmax40alpha0.2+PLP__
PLP detected communities in 0.08433651924133301 [s]
solution properties:
-------------------  ----------
# communities         31
min community size     1
max community size   239
avg. community size  161.29
modularity             0.782429
-------------------  ----------
30 community detected
NMI:0.0
ARI:0.0
__glovexmax30alpha0.3__
Network Properties for:		G#81
nodes, edges			4999, 56565
directed?			False
weighted?			True
isolated nodes			1
self-loops			0
density				0.004528
clustering coefficient		0.427715
min/max/avg degree		0, 238, 22.630526
degree assortativity		0.170895
number of connected components	1
size of largest component	4999 (100.00 %)
tot:  30208.93745631785
__glovexmax30alpha0.3+Louvain__
PLM(balanced,pc,turbo) detected communities in 0.12842345237731934 [s]
solution properties:
-------------------  ----------
# communities         30
min community size   122
max community size   239
avg. community size  166.633
modularity             0.782045
-------------------  ----------
30 community detected
NMI:0.0
ARI:0.0
__glovexmax30alpha0.3+PLP__
PLP detected communities in 0.024836301803588867 [s]
solution properties:
-------------------  ----------
# communities         31
min community size     1
max community size   239
avg. community size  161.29
modularity             0.782045
-------------------  ----------
30 community detected
NMI:0.0
ARI:0.0
NMI classement:
[('NMIppmi+Louvain', 0.0), ('NMIppmi+PLP', 0.0), ('NMIglovexmax50alpha0.2+Louvain', 0.0), ('NMIglovexmax50alpha0.2+PLP', 0.0), ('NMIglovexmax40alpha0.2+Louvain', 0.0), ('NMIglovexmax40alpha0.2+PLP', 0.0), ('NMIglovexmax30alpha0.3+Louvain', 0.0), ('NMIglovexmax30alpha0.3+PLP', 0.0), ('NMIglove+Louvain', 0.00142565156141361), ('NMIglove+PLP', 0.00142565156141361), ('NMILouvain', 0.006044540562619161), ('NMIPLP', 0.00676992858641412), ('NMIpmi+PLP', 0.0628875545502896), ('NMIpmi+Louvain', 0.07607784802122641), ('NMIstandard+Louvain', 0.24140316782036064), ('NMIstandard+PLP', 0.2687696912099835), ('NMISingleton', 0.4312749414218573), ('NMIiterative_rev_degree_order+PLP', 0.45453522701350846), ('NMIiterative_rev_degree_order+Louvain', 0.537172148803236), ('NMIAllInOne', 1.0), ('NMIfake_pmi+Louvain', 1), ('NMIfake_pmi+PLP', 1)]
ARI classement:
[('ARIppmi+Louvain', 0.0), ('ARIppmi+PLP', 0.0), ('ARIglovexmax50alpha0.2+Louvain', 0.0), ('ARIglovexmax50alpha0.2+PLP', 0.0), ('ARIglovexmax40alpha0.2+Louvain', 0.0), ('ARIglovexmax40alpha0.2+PLP', 0.0), ('ARIglovexmax30alpha0.3+Louvain', 0.0), ('ARIglovexmax30alpha0.3+PLP', 0.0), ('ARIglove+Louvain', 0.0014866455716091576), ('ARIglove+PLP', 0.0014866455716091576), ('ARILouvain', 0.006801274468699492), ('ARIPLP', 0.007625822445917363), ('ARIpmi+PLP', 0.09750480464017486), ('ARIpmi+Louvain', 0.14826791635998582), ('ARIstandard+Louvain', 0.40506315286677963), ('ARIstandard+PLP', 0.4232674355094892), ('ARIiterative_rev_degree_order+Louvain', 0.6736699011150442), ('ARIiterative_rev_degree_order+PLP', 0.9812452044787298), ('ARISingleton', 1.0), ('ARIAllInOne', 1.0), ('ARIfake_pmi+Louvain', 1), ('ARIfake_pmi+PLP', 1)]
