__LOADINGS__
Network Properties for:		network
nodes, edges			5000, 31759
directed?			False
weighted?			True
isolated nodes			1
self-loops			0
density				0.002541
clustering coefficient		0.272793
min/max/avg degree		0, 82, 12.703600
degree assortativity		0.342821
number of connected components	2
size of largest component	4999 (99.98 %)
171393.0624914421
__Groundtruth__
read communities from: ../../lfr_5000/mk100/k15/muw0.3/0/community.dat
-------------------  ---------
# communities        101
min community size    20
max community size    99
avg. community size   49.505
modularity             0.69594
-------------------  ---------
101 community detected
5 features on 31759 samples
Trainning set:25407 samples
Testing set:6352 samples
             precision    recall  f1-score   support

          0       0.71      0.25      0.36      1864
          1       0.75      0.96      0.84      4488

avg / total       0.74      0.75      0.70      6352

Confusion matrix:
[[ 457 1407]
 [ 187 4301]]
Importance of features:
[0.20062208 0.16433385 0.21669258 0.20684293 0.21150856]
