__LOADINGS__
Network Properties for:		network
nodes, edges			5000, 47394
directed?			False
weighted?			True
isolated nodes			0
self-loops			0
density				0.003792
clustering coefficient		0.460965
min/max/avg degree		1, 386, 18.957600
degree assortativity		0.195578
number of connected components	8
size of largest component	4962 (99.24 %)
425748.560164296
__Groundtruth__
read communities from: ../../lfr_5000/mk500/k20/muw0.2/14/community.dat
-------------------  ----------
# communities         46
min community size     5
max community size   472
avg. community size  108.696
modularity             0.636866
-------------------  ----------
46 community detected
__CLASSIC_METHODS__
__Louvain__
PLM(balanced,pc,turbo) detected communities in 0.4425969123840332 [s]
solution properties:
-------------------  ----------
# communities         26
min community size     5
max community size   483
avg. community size  192.308
modularity             0.638146
-------------------  ----------
46 community detected
NMI:0.07458940672753711
ARM:0.08252476899571748
__Singleton__
46 community detected
NMI:0.4646126258031138
ARM:1.0
__AllInOne__
46 community detected
NMI:1.0
ARM:1.0
__PLP__
PLP detected communities in 0.1429908275604248 [s]
solution properties:
-------------------  ----------
# communities         47
min community size     5
max community size   487
avg. community size  106.383
modularity             0.637882
-------------------  ----------
46 community detected
NMI:0.03196124967788405
ARM:0.04039499001633695
__NORMALIZATION__
__glove__
Network Properties for:		G#21cc
nodes, edges			4962, 47316
directed?			False
weighted?			True
isolated nodes			0
self-loops			0
density				0.003844
clustering coefficient		0.457617
min/max/avg degree		1, 386, 19.071342
degree assortativity		0.194487
number of connected components	1
size of largest component	4962 (100.00 %)
tot:  6233.094421880828
__glove+Louvain__
PLM(balanced,pc,turbo) detected communities in 0.3074228763580322 [s]
solution properties:
-------------------  ----------
# communities         27
min community size     8
max community size   480
avg. community size  183.778
modularity             0.676595
-------------------  ----------
46 community detected
NMI:0.9643389884425141
ARM:0.9989467535097291
__glove+PLP__
PLP detected communities in 0.1150979995727539 [s]
solution properties:
-------------------  ----------
# communities         40
min community size     6
max community size   482
avg. community size  124.05
modularity             0.675786
-------------------  ----------
46 community detected
NMI:0.9526072051011848
ARM:0.9987722429870813
__fake_pmi__
Network Properties for:		G#40cc
nodes, edges			4962, 47316
directed?			False
weighted?			True
isolated nodes			0
self-loops			0
density				0.003844
clustering coefficient		0.457617
min/max/avg degree		1, 386, 19.071342
degree assortativity		0.194487
number of connected components	1
size of largest component	4962 (100.00 %)
tot:  0.0
__fake_pmi+Louvain__
1 community detected due to total edge weight equal 0
NMI:1
ARM:0.9987722429870813
__fake_pmi+PLP__
1 community detected due to total edge weight equal 0
NMI:1
ARM:0.9987722429870813
__iterative_rev_degree_order__
Network Properties for:		G#53cc
nodes, edges			4962, 47316
directed?			False
weighted?			True
isolated nodes			0
self-loops			0
density				0.003844
clustering coefficient		0.457617
min/max/avg degree		1, 386, 19.071342
degree assortativity		0.194487
number of connected components	1
size of largest component	4962 (100.00 %)
tot:  1578.4555533511389
__iterative_rev_degree_order+Louvain__
PLM(balanced,pc,turbo) detected communities in 0.8758978843688965 [s]
solution properties:
-------------------  ----------
# communities         71
min community size     2
max community size   203
avg. community size   69.8873
modularity             0.881632
-------------------  ----------
46 community detected
NMI:0.9305749902569594
ARM:0.9999746904056601
__iterative_rev_degree_order+PLP__
PLP detected communities in 0.07938098907470703 [s]
solution properties:
-------------------  -----------
# communities        1449
min community size      2
max community size     20
avg. community size     3.42443
modularity              0.757823
-------------------  -----------
46 community detected
NMI:0.629992403183459
ARM:0.9999667030620697
__pmi__
Network Properties for:		G#78cc
nodes, edges			4962, 47316
directed?			False
weighted?			True
isolated nodes			0
self-loops			0
density				0.003844
clustering coefficient		0.457617
min/max/avg degree		1, 386, 19.071342
degree assortativity		0.194487
number of connected components	1
size of largest component	4962 (100.00 %)
tot:  79303.3176285321
__pmi+Louvain__
PLM(balanced,pc,turbo) detected communities in 0.5206108093261719 [s]
solution properties:
-------------------  ---------
# communities         34
min community size     6
max community size   732
avg. community size  145.941
modularity             1.35316
-------------------  ---------
46 community detected
NMI:0.9558505038774061
ARM:0.9986839591602811
__pmi+PLP__
PLP detected communities in 0.3097069263458252 [s]
solution properties:
-------------------  ---------
# communities         88
min community size     2
max community size   736
avg. community size   56.3864
modularity             1.33147
-------------------  ---------
46 community detected
NMI:0.9360406575146563
ARM:0.9996687188101314
__standard__
Network Properties for:		G#97cc
nodes, edges			4962, 47316
directed?			False
weighted?			True
isolated nodes			0
self-loops			0
density				0.003844
clustering coefficient		0.457617
min/max/avg degree		1, 386, 19.071342
degree assortativity		0.194487
number of connected components	1
size of largest component	4962 (100.00 %)
tot:  13.638498498007086
__standard+Louvain__
PLM(balanced,pc,turbo) detected communities in 0.6677954196929932 [s]
solution properties:
-------------------  -----------
# communities          43
min community size      2
max community size   1050
avg. community size   115.395
modularity              0.911417
-------------------  -----------
46 community detected
NMI:0.955079317387496
ARM:0.998180850349101
__standard+PLP__
PLP detected communities in 0.1990213394165039 [s]
solution properties:
-------------------  ----------
# communities        862
min community size     1
max community size   197
avg. community size    5.75638
modularity             0.756324
-------------------  ----------
46 community detected
NMI:0.7303251279073836
ARM:0.999732277120703
__ppmi__
Network Properties for:		G#119cc
nodes, edges			4962, 47316
directed?			False
weighted?			True
isolated nodes			0
self-loops			0
density				0.003844
clustering coefficient		0.457617
min/max/avg degree		1, 386, 19.071342
degree assortativity		0.194487
number of connected components	1
size of largest component	4962 (100.00 %)
tot:  157501.65555459066
__ppmi+Louvain__
PLM(balanced,pc,turbo) detected communities in 0.4261643886566162 [s]
solution properties:
-------------------  ----------
# communities         27
min community size    47
max community size   477
avg. community size  183.778
modularity             0.769937
-------------------  ----------
46 community detected
NMI:0.9618730653683181
ARM:0.9987901143925422
__ppmi+PLP__
PLP detected communities in 0.15736079216003418 [s]
solution properties:
-------------------  ----------
# communities         54
min community size     2
max community size   756
avg. community size   91.8889
modularity             0.752242
-------------------  ----------
46 community detected
NMI:0.9482618761961824
ARM:0.998780705114444
__glovexmax50alpha0.2__
Network Properties for:		G#138cc
nodes, edges			4962, 47316
directed?			False
weighted?			True
isolated nodes			0
self-loops			0
density				0.003844
clustering coefficient		0.457617
min/max/avg degree		1, 386, 19.071342
degree assortativity		0.194487
number of connected components	1
size of largest component	4962 (100.00 %)
tot:  24788.70748216339
__glovexmax50alpha0.2+Louvain__
PLM(balanced,pc,turbo) detected communities in 0.3674662113189697 [s]
solution properties:
-------------------  ----------
# communities         31
min community size     8
max community size   472
avg. community size  160.065
modularity             0.736506
-------------------  ----------
46 community detected
NMI:0.959378617031471
ARM:0.9987907764418597
__glovexmax50alpha0.2+PLP__
PLP detected communities in 0.07673144340515137 [s]
solution properties:
-------------------  ----------
# communities         39
min community size     6
max community size   472
avg. community size  127.231
modularity             0.736404
-------------------  ----------
46 community detected
NMI:0.9531576617965699
ARM:0.9987346312569648
__glovexmax40alpha0.2__
Network Properties for:		G#157cc
nodes, edges			4962, 47316
directed?			False
weighted?			True
isolated nodes			0
self-loops			0
density				0.003844
clustering coefficient		0.457617
min/max/avg degree		1, 386, 19.071342
degree assortativity		0.194487
number of connected components	1
size of largest component	4962 (100.00 %)
tot:  25839.903347894116
__glovexmax40alpha0.2+Louvain__
PLM(balanced,pc,turbo) detected communities in 0.37132811546325684 [s]
solution properties:
-------------------  ----------
# communities         22
min community size     8
max community size   472
avg. community size  225.545
modularity             0.736784
-------------------  ----------
46 community detected
NMI:0.9681163649474103
ARM:0.99908518277918
__glovexmax40alpha0.2+PLP__
PLP detected communities in 0.11456942558288574 [s]
solution properties:
-------------------  ---------
# communities         39
min community size     6
max community size   472
avg. community size  127.231
modularity             0.73709
-------------------  ---------
46 community detected
NMI:0.95315766179657
ARM:0.9987346312569648
__glovexmax30alpha0.3__
Network Properties for:		G#176cc
nodes, edges			4962, 47316
directed?			False
weighted?			True
isolated nodes			0
self-loops			0
density				0.003844
clustering coefficient		0.457617
min/max/avg degree		1, 386, 19.071342
degree assortativity		0.194487
number of connected components	1
size of largest component	4962 (100.00 %)
tot:  22792.793028550455
__glovexmax30alpha0.3+Louvain__
PLM(balanced,pc,turbo) detected communities in 0.3751251697540283 [s]
solution properties:
-------------------  ---------
# communities         29
min community size     8
max community size   472
avg. community size  171.103
modularity             0.73372
-------------------  ---------
46 community detected
NMI:0.9609729738435109
ARM:0.9988101587822591
__glovexmax30alpha0.3+PLP__
PLP detected communities in 0.12246274948120117 [s]
solution properties:
-------------------  ----------
# communities         39
min community size     6
max community size   472
avg. community size  127.231
modularity             0.733622
-------------------  ----------
46 community detected
NMI:0.9531342994957402
ARM:0.9986934901341566
