__LOADINGS__
Network Properties for:		network
nodes, edges			5000, 41798
directed?			False
weighted?			True
isolated nodes			1
self-loops			0
density				0.003345
clustering coefficient		0.415177
min/max/avg degree		0, 235, 16.719200
degree assortativity		0.148925
number of connected components	2
size of largest component	4999 (99.98 %)
312280.7541406028
__Groundtruth__
read communities from: ../../lfr_5000/mk300/k20/muw0.2/26/community.dat
-------------------  ----------
# communities         30
min community size   122
max community size   240
avg. community size  166.667
modularity             0.725913
-------------------  ----------
30 community detected
__CLASSIC_METHODS__
__Louvain__
PLM(balanced,pc,turbo) detected communities in 0.18263578414916992 [s]
solution properties:
-------------------  ----------
# communities         31
min community size     1
max community size   245
avg. community size  161.29
modularity             0.727212
-------------------  ----------
30 community detected
NMI:0.03425765839671824
ARM:0.03838215892866825
__Singleton__
30 community detected
NMI:0.4312928153296596
ARM:1.0
__AllInOne__
30 community detected
NMI:1.0
ARM:1.0
__PLP__
PLP detected communities in 0.08854055404663086 [s]
solution properties:
-------------------  ----------
# communities         31
min community size     1
max community size   245
avg. community size  161.29
modularity             0.727202
-------------------  ----------
30 community detected
NMI:0.036616214446379525
ARM:0.04116953514614974
__NORMALIZATION__
__glove__
Network Properties for:		G#18cc
nodes, edges			4999, 41798
directed?			False
weighted?			True
isolated nodes			0
self-loops			0
density				0.003346
clustering coefficient		0.415260
min/max/avg degree		4, 235, 16.722545
degree assortativity		0.148925
number of connected components	1
size of largest component	4999 (100.00 %)
tot:  5037.179805290888
__glove+Louvain__
PLM(balanced,pc,turbo) detected communities in 0.23496603965759277 [s]
solution properties:
-------------------  ----------
# communities         30
min community size   121
max community size   242
avg. community size  166.633
modularity             0.747892
-------------------  ----------
30 community detected
NMI:0.02286594503611572
ARM:0.025448657466282776
__glove+PLP__
PLP detected communities in 0.08075356483459473 [s]
solution properties:
-------------------  ----------
# communities         30
min community size   121
max community size   242
avg. community size  166.633
modularity             0.747889
-------------------  ----------
30 community detected
NMI:0.023859951705909932
ARM:0.026608089785716715
__fake_pmi__
Network Properties for:		G#34cc
nodes, edges			4999, 41798
directed?			False
weighted?			True
isolated nodes			0
self-loops			0
density				0.003346
clustering coefficient		0.415260
min/max/avg degree		4, 235, 16.722545
degree assortativity		0.148925
number of connected components	1
size of largest component	4999 (100.00 %)
tot:  0.0
__fake_pmi+Louvain__
1 community detected due to total edge weight equal 0
NMI:1
ARM:0.026608089785716715
__fake_pmi+PLP__
1 community detected due to total edge weight equal 0
NMI:1
ARM:0.026608089785716715
__iterative_rev_degree_order__
Network Properties for:		G#47cc
nodes, edges			4999, 41798
directed?			False
weighted?			True
isolated nodes			0
self-loops			0
density				0.003346
clustering coefficient		0.415260
min/max/avg degree		4, 235, 16.722545
degree assortativity		0.148925
number of connected components	1
size of largest component	4999 (100.00 %)
tot:  1623.636967681665
__iterative_rev_degree_order+Louvain__
PLM(balanced,pc,turbo) detected communities in 0.7663328647613525 [s]
solution properties:
-------------------  ----------
# communities         51
min community size     2
max community size   249
avg. community size   98.0196
modularity             0.858661
-------------------  ----------
30 community detected
NMI:0.5769361302992455
ARM:0.7440213624470102
__iterative_rev_degree_order+PLP__
PLP detected communities in 0.07752227783203125 [s]
solution properties:
-------------------  -----------
# communities        1538
min community size      2
max community size     16
avg. community size     3.25033
modularity              0.728306
-------------------  -----------
30 community detected
NMI:0.4512509887867433
ARM:0.9806059325731239
__pmi__
Network Properties for:		G#72cc
nodes, edges			4999, 41798
directed?			False
weighted?			True
isolated nodes			0
self-loops			0
density				0.003346
clustering coefficient		0.415260
min/max/avg degree		4, 235, 16.722545
degree assortativity		0.148925
number of connected components	1
size of largest component	4999 (100.00 %)
tot:  116692.59942177487
__pmi+Louvain__
PLM(balanced,pc,turbo) detected communities in 0.42639708518981934 [s]
solution properties:
-------------------  ---------
# communities         29
min community size   133
max community size   355
avg. community size  172.379
modularity             1.00765
-------------------  ---------
30 community detected
NMI:0.10112639412511093
ARM:0.15763396429661602
__pmi+PLP__
PLP detected communities in 0.18059563636779785 [s]
solution properties:
-------------------  ---------
# communities         40
min community size     2
max community size   223
avg. community size  124.975
modularity             1.00311
-------------------  ---------
30 community detected
NMI:0.09324135888318585
ARM:0.1270262116015738
__standard__
Network Properties for:		G#91cc
nodes, edges			4999, 41798
directed?			False
weighted?			True
isolated nodes			0
self-loops			0
density				0.003346
clustering coefficient		0.415260
min/max/avg degree		4, 235, 16.722545
degree assortativity		0.148925
number of connected components	1
size of largest component	4999 (100.00 %)
tot:  10.53031585263825
__standard+Louvain__
PLM(balanced,pc,turbo) detected communities in 0.6789381504058838 [s]
solution properties:
-------------------  ----------
# communities         29
min community size     4
max community size   302
avg. community size  172.379
modularity             0.839719
-------------------  ----------
30 community detected
NMI:0.2958333205251348
ARM:0.3943292266968299
__standard+PLP__
PLP detected communities in 0.20804977416992188 [s]
solution properties:
-------------------  -----------
# communities        1020
min community size      2
max community size    131
avg. community size     4.90098
modularity              0.646309
-------------------  -----------
30 community detected
NMI:0.3783143290009794
ARM:0.7196750853135592
__ppmi__
Network Properties for:		G#113cc
nodes, edges			4999, 41798
directed?			False
weighted?			True
isolated nodes			0
self-loops			0
density				0.003346
clustering coefficient		0.415260
min/max/avg degree		4, 235, 16.722545
degree assortativity		0.148925
number of connected components	1
size of largest component	4999 (100.00 %)
tot:  167770.4413900096
__ppmi+Louvain__
PLM(balanced,pc,turbo) detected communities in 0.4015505313873291 [s]
solution properties:
-------------------  ----------
# communities         30
min community size   123
max community size   238
avg. community size  166.633
modularity             0.787673
-------------------  ----------
30 community detected
NMI:0.00404559639732438
ARM:0.005017373411064341
__ppmi+PLP__
PLP detected communities in 0.06965804100036621 [s]
solution properties:
-------------------  ----------
# communities         30
min community size   123
max community size   238
avg. community size  166.633
modularity             0.787671
-------------------  ----------
30 community detected
NMI:0.004779670523414992
ARM:0.005902508263753381
__glovexmax50alpha0.2__
Network Properties for:		G#132cc
nodes, edges			4999, 41798
directed?			False
weighted?			True
isolated nodes			0
self-loops			0
density				0.003346
clustering coefficient		0.415260
min/max/avg degree		4, 235, 16.722545
degree assortativity		0.148925
number of connected components	1
size of largest component	4999 (100.00 %)
tot:  22467.673829845553
__glovexmax50alpha0.2+Louvain__
PLM(balanced,pc,turbo) detected communities in 0.25261449813842773 [s]
solution properties:
-------------------  ----------
# communities         30
min community size   122
max community size   239
avg. community size  166.633
modularity             0.777287
-------------------  ----------
30 community detected
NMI:0.0
ARM:0.0
__glovexmax50alpha0.2+PLP__
PLP detected communities in 0.07821869850158691 [s]
solution properties:
-------------------  ----------
# communities         30
min community size   122
max community size   239
avg. community size  166.633
modularity             0.777287
-------------------  ----------
30 community detected
NMI:0.0
ARM:0.0
__glovexmax40alpha0.2__
Network Properties for:		G#148cc
nodes, edges			4999, 41798
directed?			False
weighted?			True
isolated nodes			0
self-loops			0
density				0.003346
clustering coefficient		0.415260
min/max/avg degree		4, 235, 16.722545
degree assortativity		0.148925
number of connected components	1
size of largest component	4999 (100.00 %)
tot:  23463.070343337
__glovexmax40alpha0.2+Louvain__
PLM(balanced,pc,turbo) detected communities in 0.19132041931152344 [s]
solution properties:
-------------------  ----------
# communities         30
min community size   122
max community size   239
avg. community size  166.633
modularity             0.777499
-------------------  ----------
30 community detected
NMI:0.0
ARM:0.0
__glovexmax40alpha0.2+PLP__
PLP detected communities in 0.08942341804504395 [s]
solution properties:
-------------------  ----------
# communities         30
min community size   122
max community size   239
avg. community size  166.633
modularity             0.777499
-------------------  ----------
30 community detected
NMI:0.0
ARM:0.0
__glovexmax30alpha0.3__
Network Properties for:		G#164cc
nodes, edges			4999, 41798
directed?			False
weighted?			True
isolated nodes			0
self-loops			0
density				0.003346
clustering coefficient		0.415260
min/max/avg degree		4, 235, 16.722545
degree assortativity		0.148925
number of connected components	1
size of largest component	4999 (100.00 %)
tot:  20763.072400504618
__glovexmax30alpha0.3+Louvain__
PLM(balanced,pc,turbo) detected communities in 0.10399556159973145 [s]
solution properties:
-------------------  ----------
# communities         30
min community size   122
max community size   239
avg. community size  166.633
modularity             0.776341
-------------------  ----------
30 community detected
NMI:0.0017961516855820037
ARM:0.0019690488249166638
__glovexmax30alpha0.3+PLP__
PLP detected communities in 0.033229827880859375 [s]
solution properties:
-------------------  ----------
# communities         30
min community size   122
max community size   239
avg. community size  166.633
modularity             0.776341
-------------------  ----------
30 community detected
NMI:0.0017961516855817816
ARM:0.0019690488249166638
