__LOADINGS__
Network Properties for:		network
nodes, edges			5000, 33808
directed?			False
weighted?			True
isolated nodes			0
self-loops			0
density				0.002705
clustering coefficient		0.292150
min/max/avg degree		1, 217, 13.523200
degree assortativity		0.183008
number of connected components	1
size of largest component	5000 (100.00 %)
250726.48647717867
__Groundtruth__
read communities from: ../../lfr_5000/mk300/k15/muw0.3/1/community.dat
-------------------  ----------
# communities         32
min community size   100
max community size   215
avg. community size  156.25
modularity             0.588183
-------------------  ----------
32 community detected
__CLASSIC_METHODS__
__Louvain__
PLM(balanced,pc,turbo) detected communities in 0.42180919647216797 [s]
solution properties:
-------------------  ----------
# communities         30
min community size    92
max community size   326
avg. community size  166.667
modularity             0.595093
-------------------  ----------
32 community detected
NMI:0.12493979273199252
ARM:0.1763910746982572
__Singleton__
32 community detected
NMI:0.42370093147868315
ARM:1.0
__AllInOne__
32 community detected
NMI:1.0
ARM:1.0
__PLP__
PLP detected communities in 0.13696002960205078 [s]
solution properties:
-------------------  ----------
# communities         34
min community size     2
max community size   233
avg. community size  147.059
modularity             0.594524
-------------------  ----------
32 community detected
NMI:0.11581574857606025
ARM:0.13652703303252067
__NORMALIZATION__
__glove__
Network Properties for:		G#21cc
nodes, edges			5000, 33808
directed?			False
weighted?			True
isolated nodes			0
self-loops			0
density				0.002705
clustering coefficient		0.292150
min/max/avg degree		1, 217, 13.523200
degree assortativity		0.183008
number of connected components	1
size of largest component	5000 (100.00 %)
tot:  3966.619593052101
__glove+Louvain__
PLM(balanced,pc,turbo) detected communities in 0.4572770595550537 [s]
solution properties:
-------------------  ----------
# communities         21
min community size   144
max community size   381
avg. community size  238.095
modularity             0.619081
-------------------  ----------
32 community detected
NMI:0.16379056168043826
ARM:0.313338725152838
__glove+PLP__
PLP detected communities in 0.10650253295898438 [s]
solution properties:
-------------------  ----------
# communities         34
min community size     2
max community size   229
avg. community size  147.059
modularity             0.623458
-------------------  ----------
32 community detected
NMI:0.0975565212920334
ARM:0.11346954614734572
__fake_pmi__
Network Properties for:		G#40cc
nodes, edges			5000, 33808
directed?			False
weighted?			True
isolated nodes			0
self-loops			0
density				0.002705
clustering coefficient		0.292150
min/max/avg degree		1, 217, 13.523200
degree assortativity		0.183008
number of connected components	1
size of largest component	5000 (100.00 %)
tot:  0.0
__fake_pmi+Louvain__
1 community detected due to total edge weight equal 0
NMI:1
ARM:0.11346954614734572
__fake_pmi+PLP__
1 community detected due to total edge weight equal 0
NMI:1
ARM:0.11346954614734572
__iterative_rev_degree_order__
Network Properties for:		G#53cc
nodes, edges			5000, 33808
directed?			False
weighted?			True
isolated nodes			0
self-loops			0
density				0.002705
clustering coefficient		0.292150
min/max/avg degree		1, 217, 13.523200
degree assortativity		0.183008
number of connected components	1
size of largest component	5000 (100.00 %)
tot:  1484.2692169428233
__iterative_rev_degree_order+Louvain__
PLM(balanced,pc,turbo) detected communities in 0.8375997543334961 [s]
solution properties:
-------------------  ----------
# communities         75
min community size    28
max community size   146
avg. community size   66.6667
modularity             0.883506
-------------------  ----------
32 community detected
NMI:0.678279573176735
ARM:0.8908361008213602
__iterative_rev_degree_order+PLP__
PLP detected communities in 0.10025477409362793 [s]
solution properties:
-------------------  -----------
# communities        1515
min community size      2
max community size     16
avg. community size     3.30033
modularity              0.780668
-------------------  -----------
32 community detected
NMI:0.464505650879936
ARM:0.9812903871552063
__pmi__
Network Properties for:		G#78cc
nodes, edges			5000, 33808
directed?			False
weighted?			True
isolated nodes			0
self-loops			0
density				0.002705
clustering coefficient		0.292150
min/max/avg degree		1, 217, 13.523200
degree assortativity		0.183008
number of connected components	1
size of largest component	5000 (100.00 %)
tot:  72523.98511975973
__pmi+Louvain__
PLM(balanced,pc,turbo) detected communities in 0.6492173671722412 [s]
solution properties:
-------------------  --------
# communities         27
min community size   105
max community size   490
avg. community size  185.185
modularity             1.0814
-------------------  --------
32 community detected
NMI:0.34235909824658695
ARM:0.49496531859217874
__pmi+PLP__
PLP detected communities in 0.14402103424072266 [s]
solution properties:
-------------------  ---------
# communities        287
min community size     1
max community size   262
avg. community size   17.4216
modularity             1.01889
-------------------  ---------
32 community detected
NMI:0.2791163510612765
ARM:0.39842657317107033
__standard__
Network Properties for:		G#100cc
nodes, edges			5000, 33808
directed?			False
weighted?			True
isolated nodes			0
self-loops			0
density				0.002705
clustering coefficient		0.292150
min/max/avg degree		1, 217, 13.523200
degree assortativity		0.183008
number of connected components	1
size of largest component	5000 (100.00 %)
tot:  18.113349165934977
__standard+Louvain__
PLM(balanced,pc,turbo) detected communities in 0.8109197616577148 [s]
solution properties:
-------------------  ----------
# communities         54
min community size     2
max community size   222
avg. community size   92.5926
modularity             0.855245
-------------------  ----------
32 community detected
NMI:0.4920373456994295
ARM:0.6380544436973732
__standard+PLP__
PLP detected communities in 0.11078190803527832 [s]
solution properties:
-------------------  -----------
# communities        1247
min community size      2
max community size     69
avg. community size     4.00962
modularity              0.739634
-------------------  -----------
32 community detected
NMI:0.44684437218010065
ARM:0.9331566625866023
__ppmi__
Network Properties for:		G#125cc
nodes, edges			5000, 33808
directed?			False
weighted?			True
isolated nodes			0
self-loops			0
density				0.002705
clustering coefficient		0.292150
min/max/avg degree		1, 217, 13.523200
degree assortativity		0.183008
number of connected components	1
size of largest component	5000 (100.00 %)
tot:  132341.00002269362
__ppmi+Louvain__
PLM(balanced,pc,turbo) detected communities in 0.488086462020874 [s]
solution properties:
-------------------  ----------
# communities         31
min community size   102
max community size   298
avg. community size  161.29
modularity             0.690674
-------------------  ----------
32 community detected
NMI:0.1299948906833921
ARM:0.17460544995240623
__ppmi+PLP__
PLP detected communities in 0.15532612800598145 [s]
solution properties:
-------------------  ----------
# communities        112
min community size     1
max community size   210
avg. community size   44.6429
modularity             0.677632
-------------------  ----------
32 community detected
NMI:0.12888322008785547
ARM:0.16145328988517849
__glovexmax50alpha0.2__
Network Properties for:		G#144cc
nodes, edges			5000, 33808
directed?			False
weighted?			True
isolated nodes			0
self-loops			0
density				0.002705
clustering coefficient		0.292150
min/max/avg degree		1, 217, 13.523200
degree assortativity		0.183008
number of connected components	1
size of largest component	5000 (100.00 %)
tot:  17408.452645433714
__glovexmax50alpha0.2+Louvain__
PLM(balanced,pc,turbo) detected communities in 0.3484983444213867 [s]
solution properties:
-------------------  ----------
# communities         32
min community size   101
max community size   217
avg. community size  156.25
modularity             0.669393
-------------------  ----------
32 community detected
NMI:0.03791556733890966
ARM:0.044378918409821666
__glovexmax50alpha0.2+PLP__
PLP detected communities in 0.12378144264221191 [s]
solution properties:
-------------------  ----------
# communities         33
min community size     2
max community size   217
avg. community size  151.515
modularity             0.669371
-------------------  ----------
32 community detected
NMI:0.03529735229619313
ARM:0.041082647383132054
__glovexmax40alpha0.2__
Network Properties for:		G#163cc
nodes, edges			5000, 33808
directed?			False
weighted?			True
isolated nodes			0
self-loops			0
density				0.002705
clustering coefficient		0.292150
min/max/avg degree		1, 217, 13.523200
degree assortativity		0.183008
number of connected components	1
size of largest component	5000 (100.00 %)
tot:  18175.67179176199
__glovexmax40alpha0.2+Louvain__
PLM(balanced,pc,turbo) detected communities in 0.3432192802429199 [s]
solution properties:
-------------------  ----------
# communities         30
min community size   101
max community size   299
avg. community size  166.667
modularity             0.668908
-------------------  ----------
32 community detected
NMI:0.04894213138051984
ARM:0.0923980694362837
__glovexmax40alpha0.2+PLP__
PLP detected communities in 0.14170455932617188 [s]
solution properties:
-------------------  ---------
# communities         33
min community size     2
max community size   217
avg. community size  151.515
modularity             0.66972
-------------------  ---------
32 community detected
NMI:0.0352973522961928
ARM:0.041082647383132054
__glovexmax30alpha0.3__
Network Properties for:		G#182cc
nodes, edges			5000, 33808
directed?			False
weighted?			True
isolated nodes			0
self-loops			0
density				0.002705
clustering coefficient		0.292150
min/max/avg degree		1, 217, 13.523200
degree assortativity		0.183008
number of connected components	1
size of largest component	5000 (100.00 %)
tot:  16086.946825098265
__glovexmax30alpha0.3+Louvain__
PLM(balanced,pc,turbo) detected communities in 0.21979141235351562 [s]
solution properties:
-------------------  ----------
# communities         21
min community size   142
max community size   326
avg. community size  238.095
modularity             0.657998
-------------------  ----------
32 community detected
NMI:0.11476583352016068
ARM:0.26410021399524863
__glovexmax30alpha0.3+PLP__
PLP detected communities in 0.07839012145996094 [s]
solution properties:
-------------------  ----------
# communities         33
min community size     2
max community size   218
avg. community size  151.515
modularity             0.666925
-------------------  ----------
32 community detected
NMI:0.047588840606496374
ARM:0.05491155877105691
