__LOADINGS__
Network Properties for:		network
nodes, edges			5000, 56565
directed?			False
weighted?			True
isolated nodes			1
self-loops			0
density				0.004526
clustering coefficient		0.427630
min/max/avg degree		0, 238, 22.626000
degree assortativity		0.170895
number of connected components	2
size of largest component	4999 (99.98 %)
438163.620463726
__Groundtruth__
read communities from: ../../lfr_5000/mk300/k25/muw0.2/3/community.dat
-------------------  ---------
# communities         30
min community size   122
max community size   240
avg. community size  166.667
modularity             0.75297
-------------------  ---------
30 community detected
__CLASSIC_METHODS__
__Louvain__
PLM(balanced,pc,turbo) detected communities in 0.11210751533508301 [s]
solution properties:
-------------------  ----------
# communities         31
min community size     1
max community size   239
avg. community size  161.29
modularity             0.753048
-------------------  ----------
30 community detected
NMI:0.006233710471678866
ARM:0.00708803513578149
__Singleton__
30 community detected
NMI:0.43129281532966046
ARM:1.0
__AllInOne__
30 community detected
NMI:1.0
ARM:1.0
__PLP__
PLP detected communities in 0.029927492141723633 [s]
solution properties:
-------------------  ----------
# communities         31
min community size     1
max community size   239
avg. community size  161.29
modularity             0.753047
-------------------  ----------
30 community detected
NMI:0.0069588320128112224
ARM:0.00791234221514181
__NORMALIZATION__
__glove__
Network Properties for:		G#18cc
nodes, edges			4999, 56565
directed?			False
weighted?			True
isolated nodes			0
self-loops			0
density				0.004528
clustering coefficient		0.427715
min/max/avg degree		6, 238, 22.630526
degree assortativity		0.170895
number of connected components	1
size of largest component	4999 (100.00 %)
tot:  7275.404806235313
__glove+Louvain__
PLM(balanced,pc,turbo) detected communities in 0.13356709480285645 [s]
solution properties:
-------------------  ----------
# communities         30
min community size   122
max community size   239
avg. community size  166.633
modularity             0.765131
-------------------  ----------
30 community detected
NMI:0.001425651561413388
ARM:0.0014866455716091576
__glove+PLP__
PLP detected communities in 0.06220436096191406 [s]
solution properties:
-------------------  ----------
# communities         30
min community size   122
max community size   239
avg. community size  166.633
modularity             0.765131
-------------------  ----------
30 community detected
NMI:0.00142565156141361
ARM:0.0014866455716091576
__fake_pmi__
Network Properties for:		G#34cc
nodes, edges			4999, 56565
directed?			False
weighted?			True
isolated nodes			0
self-loops			0
density				0.004528
clustering coefficient		0.427715
min/max/avg degree		6, 238, 22.630526
degree assortativity		0.170895
number of connected components	1
size of largest component	4999 (100.00 %)
tot:  0.0
__fake_pmi+Louvain__
1 community detected due to total edge weight equal 0
NMI:1
ARM:0.0014866455716091576
__fake_pmi+PLP__
1 community detected due to total edge weight equal 0
NMI:1
ARM:0.0014866455716091576
__iterative_rev_degree_order__
Network Properties for:		G#47cc
nodes, edges			4999, 56565
directed?			False
weighted?			True
isolated nodes			0
self-loops			0
density				0.004528
clustering coefficient		0.427715
min/max/avg degree		6, 238, 22.630526
degree assortativity		0.170895
number of connected components	1
size of largest component	4999 (100.00 %)
tot:  1547.317646878493
__iterative_rev_degree_order+Louvain__
PLM(balanced,pc,turbo) detected communities in 0.7512063980102539 [s]
solution properties:
-------------------  ----------
# communities         39
min community size     5
max community size   276
avg. community size  128.179
modularity             0.828253
-------------------  ----------
30 community detected
NMI:0.5376644048787482
ARM:0.6757874817352145
__iterative_rev_degree_order+PLP__
PLP detected communities in 0.07691264152526855 [s]
solution properties:
-------------------  ----------
# communities        1519
min community size      2
max community size     12
avg. community size     3.29098
modularity              0.66293
-------------------  ----------
30 community detected
NMI:0.4545757964854398
ARM:0.9812274733125516
__pmi__
Network Properties for:		G#72cc
nodes, edges			4999, 56565
directed?			False
weighted?			True
isolated nodes			0
self-loops			0
density				0.004528
clustering coefficient		0.427715
min/max/avg degree		6, 238, 22.630526
degree assortativity		0.170895
number of connected components	1
size of largest component	4999 (100.00 %)
tot:  185543.26655251769
__pmi+Louvain__
PLM(balanced,pc,turbo) detected communities in 0.1802670955657959 [s]
solution properties:
-------------------  ----------
# communities         27
min community size   124
max community size   364
avg. community size  185.148
modularity             0.900327
-------------------  ----------
30 community detected
NMI:0.08292648697909266
ARM:0.17512007312411715
__pmi+PLP__
PLP detected communities in 0.13600444793701172 [s]
solution properties:
-------------------  ----------
# communities         35
min community size     2
max community size   215
avg. community size  142.829
modularity             0.902121
-------------------  ----------
30 community detected
NMI:0.05664054948499653
ARM:0.08384353867097971
__standard__
Network Properties for:		G#91cc
nodes, edges			4999, 56565
directed?			False
weighted?			True
isolated nodes			0
self-loops			0
density				0.004528
clustering coefficient		0.427715
min/max/avg degree		6, 238, 22.630526
degree assortativity		0.170895
number of connected components	1
size of largest component	4999 (100.00 %)
tot:  7.3631412601231165
__standard+Louvain__
PLM(balanced,pc,turbo) detected communities in 0.3525056838989258 [s]
solution properties:
-------------------  ----------
# communities         32
min community size     2
max community size   228
avg. community size  156.219
modularity             0.818802
-------------------  ----------
30 community detected
NMI:0.2060981775195223
ARM:0.27846252365431245
__standard+PLP__
PLP detected communities in 0.06036782264709473 [s]
solution properties:
-------------------  ----------
# communities        566
min community size     1
max community size   163
avg. community size    8.83216
modularity             0.711285
-------------------  ----------
30 community detected
NMI:0.2628587792944136
ARM:0.41292924773082507
__ppmi__
Network Properties for:		G#113cc
nodes, edges			4999, 56565
directed?			False
weighted?			True
isolated nodes			0
self-loops			0
density				0.004528
clustering coefficient		0.427715
min/max/avg degree		6, 238, 22.630526
degree assortativity		0.170895
number of connected components	1
size of largest component	4999 (100.00 %)
tot:  233975.53899225936
__ppmi+Louvain__
PLM(balanced,pc,turbo) detected communities in 0.14879560470581055 [s]
solution properties:
-------------------  ----------
# communities         30
min community size   122
max community size   239
avg. community size  166.633
modularity             0.792969
-------------------  ----------
30 community detected
NMI:0.0
ARM:0.0
__ppmi+PLP__
PLP detected communities in 0.07435441017150879 [s]
solution properties:
-------------------  ----------
# communities         30
min community size   122
max community size   239
avg. community size  166.633
modularity             0.792969
-------------------  ----------
30 community detected
NMI:0.0
ARM:0.0
__glovexmax50alpha0.2__
Network Properties for:		G#129cc
nodes, edges			4999, 56565
directed?			False
weighted?			True
isolated nodes			0
self-loops			0
density				0.004528
clustering coefficient		0.427715
min/max/avg degree		6, 238, 22.630526
degree assortativity		0.170895
number of connected components	1
size of largest component	4999 (100.00 %)
tot:  32284.710231069257
__glovexmax50alpha0.2+Louvain__
PLM(balanced,pc,turbo) detected communities in 0.2326352596282959 [s]
solution properties:
-------------------  ----------
# communities         30
min community size   122
max community size   239
avg. community size  166.633
modularity             0.782376
-------------------  ----------
30 community detected
NMI:0.0
ARM:0.0
__glovexmax50alpha0.2+PLP__
PLP detected communities in 0.04881095886230469 [s]
solution properties:
-------------------  ----------
# communities         30
min community size   122
max community size   239
avg. community size  166.633
modularity             0.782376
-------------------  ----------
30 community detected
NMI:0.0
ARM:0.0
__glovexmax40alpha0.2__
Network Properties for:		G#145cc
nodes, edges			4999, 56565
directed?			False
weighted?			True
isolated nodes			0
self-loops			0
density				0.004528
clustering coefficient		0.427715
min/max/avg degree		6, 238, 22.630526
degree assortativity		0.170895
number of connected components	1
size of largest component	4999 (100.00 %)
tot:  33726.36299110277
__glovexmax40alpha0.2+Louvain__
PLM(balanced,pc,turbo) detected communities in 0.22200608253479004 [s]
solution properties:
-------------------  ----------
# communities         30
min community size   122
max community size   239
avg. community size  166.633
modularity             0.782429
-------------------  ----------
30 community detected
NMI:0.0
ARM:0.0
__glovexmax40alpha0.2+PLP__
PLP detected communities in 0.04502415657043457 [s]
solution properties:
-------------------  ----------
# communities         30
min community size   122
max community size   239
avg. community size  166.633
modularity             0.782429
-------------------  ----------
30 community detected
NMI:0.0
ARM:0.0
__glovexmax30alpha0.3__
Network Properties for:		G#164cc
nodes, edges			4999, 56565
directed?			False
weighted?			True
isolated nodes			0
self-loops			0
density				0.004528
clustering coefficient		0.427715
min/max/avg degree		6, 238, 22.630526
degree assortativity		0.170895
number of connected components	1
size of largest component	4999 (100.00 %)
tot:  30208.93745631785
__glovexmax30alpha0.3+Louvain__
PLM(balanced,pc,turbo) detected communities in 0.216522216796875 [s]
solution properties:
-------------------  ----------
# communities         30
min community size   122
max community size   239
avg. community size  166.633
modularity             0.782045
-------------------  ----------
30 community detected
NMI:0.0
ARM:0.0
__glovexmax30alpha0.3+PLP__
PLP detected communities in 0.058945655822753906 [s]
solution properties:
-------------------  ----------
# communities         30
min community size   122
max community size   239
avg. community size  166.633
modularity             0.782045
-------------------  ----------
30 community detected
NMI:0.0
ARM:0.0
