__LOADINGS__
Network Properties for:		network
nodes, edges			5000, 31733
directed?			False
weighted?			True
isolated nodes			0
self-loops			0
density				0.002539
clustering coefficient		0.168752
min/max/avg degree		1, 75, 12.693200
degree assortativity		0.392213
number of connected components	1
size of largest component	5000 (100.00 %)
172269.3609544892
__Groundtruth__
read communities from: ../../lfr_5000/mk100/k15/muw0.4/0/community.dat
-------------------  ----------
# communities        101
min community size    20
max community size    99
avg. community size   49.505
modularity             0.585343
-------------------  ----------
101 community detected
5 features on 31733 samples
Trainning set:25386 samples
Testing set:6347 samples
             precision    recall  f1-score   support

          0       0.65      0.35      0.45      2490
          1       0.68      0.88      0.76      3857

avg / total       0.66      0.67      0.64      6347

Confusion matrix:
[[ 866 1624]
 [ 472 3385]]
Importance of features:
[0.18898433 0.21374431 0.19151087 0.22334513 0.18241537]
