__LOADINGS__
Network Properties for:		network
nodes, edges			5000, 43069
directed?			False
weighted?			True
isolated nodes			0
self-loops			0
density				0.003446
clustering coefficient		0.304959
min/max/avg degree		1, 232, 17.227600
degree assortativity		0.211119
number of connected components	1
size of largest component	5000 (100.00 %)
332819.30575183884
__Groundtruth__
read communities from: ../../lfr_5000/mk300/k20/muw0.3/0/community.dat
-------------------  ----------
# communities         31
min community size   111
max community size   228
avg. community size  161.29
modularity             0.596028
-------------------  ----------
31 community detected
5 features on 43069 samples
Trainning set:34455 samples
Testing set:8614 samples
             precision    recall  f1-score   support

          0       0.72      0.35      0.47      2588
          1       0.77      0.94      0.85      6026

avg / total       0.76      0.76      0.73      8614

Confusion matrix:
[[ 909 1679]
 [ 356 5670]]
Importance of features:
[0.24172518 0.23921765 0.18154463 0.17502508 0.16248746]
