__LOADINGS__
4992/38469 12.976682523590425 % of nul weighted edges removed
1/5000 0.02 % of nul degree nodes removed
Network Properties for:		network
nodes, edges			4999, 33477
directed?			False
weighted?			True
isolated nodes			1
self-loops			0
density				0.002680
clustering coefficient		0.197407
min/max/avg degree		0, 204, 13.393479
degree assortativity		0.270690
number of connected components	1
size of largest component	4999 (100.00 %)
245127.99555277813
__Groundtruth__
read communities from: ../../lfr_5000/mk300/k15/muw0.4/31/community.dat
-------------------  ----------
# communities         40
min community size    89
max community size   180
avg. community size  125
modularity             0.492086
-------------------  ----------
40 community detected
__CLASSIC_METHODS__
__Louvain__
PLM(balanced,pc,turbo) detected communities in 0.32025647163391113 [s]
solution properties:
-------------------  ----------
# communities         24
min community size    89
max community size   385
avg. community size  208.292
modularity             0.504724
-------------------  ----------
40 community detected
NMI:0.2559106245137076
ARI:0.4469495735536365
__Singleton__
40 community detected
NMI:0.39828276874165713
ARI:1.0
__AllInOne__
40 community detected
NMI:1.0
ARI:1.0
__PLP__
PLP detected communities in 0.08226275444030762 [s]
solution properties:
-------------------  ----------
# communities         46
min community size     1
max community size   205
avg. community size  108.696
modularity             0.501615
-------------------  ----------
40 community detected
NMI:0.17566270262102912
ARI:0.22895751814047305
__NORMALIZATION__
__glove__
Network Properties for:		G#21
nodes, edges			4999, 33477
directed?			False
weighted?			True
isolated nodes			1
self-loops			0
density				0.002680
clustering coefficient		0.197407
min/max/avg degree		0, 204, 13.393479
degree assortativity		0.270690
number of connected components	1
size of largest component	4999 (100.00 %)
tot:  3963.939050343743
__glove+Louvain__
PLM(balanced,pc,turbo) detected communities in 0.38970351219177246 [s]
solution properties:
-------------------  ----------
# communities         21
min community size   147
max community size   381
avg. community size  238.048
modularity             0.525991
-------------------  ----------
40 community detected
NMI:0.25408457712917765
ARI:0.45608224915247975
__glove+PLP__
PLP detected communities in 0.1363697052001953 [s]
solution properties:
-------------------  ----------
# communities         45
min community size     1
max community size   206
avg. community size  111.111
modularity             0.529332
-------------------  ----------
40 community detected
NMI:0.1511522813529691
ARI:0.19560486258555687
__fake_pmi__
Network Properties for:		G#30
nodes, edges			4999, 33477
directed?			False
weighted?			True
isolated nodes			1
self-loops			0
density				0.002680
clustering coefficient		0.197407
min/max/avg degree		0, 204, 13.393479
degree assortativity		0.270690
number of connected components	1
size of largest component	4999 (100.00 %)
tot:  0.0
__fake_pmi+Louvain__
1 community detected due to total edge weight equal 0
NMI:1
ARI:1
__fake_pmi+PLP__
1 community detected due to total edge weight equal 0
NMI:1
ARI:1
__iterative_rev_degree_order__
Network Properties for:		G#33
nodes, edges			4999, 33477
directed?			False
weighted?			True
isolated nodes			1
self-loops			0
density				0.002680
clustering coefficient		0.197407
min/max/avg degree		0, 204, 13.393479
degree assortativity		0.270690
number of connected components	1
size of largest component	4999 (100.00 %)
tot:  1408.8429785671183
__iterative_rev_degree_order+Louvain__
PLM(balanced,pc,turbo) detected communities in 0.5643892288208008 [s]
solution properties:
-------------------  ----------
# communities         84
min community size    22
max community size   113
avg. community size   59.5119
modularity             0.867186
-------------------  ----------
40 community detected
NMI:0.7530147103035587
ARI:0.9580624289366728
__iterative_rev_degree_order+PLP__
PLP detected communities in 0.05574488639831543 [s]
solution properties:
-------------------  -----------
# communities        1583
min community size      1
max community size     10
avg. community size     3.15856
modularity              0.756748
-------------------  -----------
40 community detected
NMI:0.46322238780176916
ARI:0.9860951501934916
__pmi__
Network Properties for:		G#48
nodes, edges			4999, 33477
directed?			False
weighted?			True
isolated nodes			1
self-loops			0
density				0.002680
clustering coefficient		0.197407
min/max/avg degree		0, 204, 13.393479
degree assortativity		0.270690
number of connected components	1
size of largest component	4999 (100.00 %)
tot:  98775.29118985613
__pmi+Louvain__
PLM(balanced,pc,turbo) detected communities in 0.5938720703125 [s]
solution properties:
-------------------  ----------
# communities         31
min community size     1
max community size   400
avg. community size  161.258
modularity             0.773518
-------------------  ----------
40 community detected
NMI:0.4027684822320785
ARI:0.5846853326483432
__pmi+PLP__
PLP detected communities in 0.1780235767364502 [s]
solution properties:
-------------------  ----------
# communities        346
min community size     1
max community size   201
avg. community size   14.4509
modularity             0.736733
-------------------  ----------
40 community detected
NMI:0.3248147655985336
ARI:0.4885544063466254
__standard__
Network Properties for:		G#60
nodes, edges			4999, 33477
directed?			False
weighted?			True
isolated nodes			1
self-loops			0
density				0.002680
clustering coefficient		0.197407
min/max/avg degree		0, 204, 13.393479
degree assortativity		0.270690
number of connected components	1
size of largest component	4999 (100.00 %)
tot:  27.01532069564013
__standard+Louvain__
PLM(balanced,pc,turbo) detected communities in 0.8167734146118164 [s]
solution properties:
-------------------  ----------
# communities         63
min community size    20
max community size   191
avg. community size   79.3492
modularity             0.853881
-------------------  ----------
40 community detected
NMI:0.6710338519651595
ARI:0.8635054506461234
__standard+PLP__
PLP detected communities in 0.0923466682434082 [s]
solution properties:
-------------------  -----------
# communities        1369
min community size      1
max community size     24
avg. community size     3.6523
modularity              0.761217
-------------------  -----------
40 community detected
NMI:0.4667272829275738
ARI:0.9758374979077497
__ppmi__
Network Properties for:		G#75
nodes, edges			4999, 33477
directed?			False
weighted?			True
isolated nodes			1
self-loops			0
density				0.002680
clustering coefficient		0.197407
min/max/avg degree		0, 204, 13.393479
degree assortativity		0.270690
number of connected components	1
size of largest component	4999 (100.00 %)
tot:  143308.58253177674
__ppmi+Louvain__
PLM(balanced,pc,turbo) detected communities in 0.5395047664642334 [s]
solution properties:
-------------------  ----------
# communities         19
min community size   201
max community size   441
avg. community size  263.105
modularity             0.589976
-------------------  ----------
40 community detected
NMI:0.32492582749058674
ARI:0.5516071541840846
__ppmi+PLP__
PLP detected communities in 0.159820556640625 [s]
solution properties:
-------------------  ----------
# communities        204
min community size     1
max community size   170
avg. community size   24.5098
modularity             0.580053
-------------------  ----------
40 community detected
NMI:0.22134596302719023
ARI:0.31385556048460583
__glovexmax50alpha0.2__
Network Properties for:		G#87
nodes, edges			4999, 33477
directed?			False
weighted?			True
isolated nodes			1
self-loops			0
density				0.002680
clustering coefficient		0.197407
min/max/avg degree		0, 204, 13.393479
degree assortativity		0.270690
number of connected components	1
size of largest component	4999 (100.00 %)
tot:  17964.18236642499
__glovexmax50alpha0.2+Louvain__
PLM(balanced,pc,turbo) detected communities in 0.47168517112731934 [s]
solution properties:
-------------------  ---------
# communities         29
min community size   104
max community size   277
avg. community size  172.379
modularity             0.56911
-------------------  ---------
40 community detected
NMI:0.12079094194182405
ARI:0.24443884319448128
__glovexmax50alpha0.2+PLP__
PLP detected communities in 0.10816478729248047 [s]
solution properties:
-------------------  ----------
# communities         44
min community size     1
max community size   191
avg. community size  113.636
modularity             0.571861
-------------------  ----------
40 community detected
NMI:0.07345201204366136
ARI:0.09439917428060296
__glovexmax40alpha0.2__
Network Properties for:		G#96
nodes, edges			4999, 33477
directed?			False
weighted?			True
isolated nodes			1
self-loops			0
density				0.002680
clustering coefficient		0.197407
min/max/avg degree		0, 204, 13.393479
degree assortativity		0.270690
number of connected components	1
size of largest component	4999 (100.00 %)
tot:  18760.862129043482
__glovexmax40alpha0.2+Louvain__
PLM(balanced,pc,turbo) detected communities in 0.4479031562805176 [s]
solution properties:
-------------------  ----------
# communities         38
min community size    86
max community size   191
avg. community size  131.553
modularity             0.572024
-------------------  ----------
40 community detected
NMI:0.083273495464533
ARI:0.12059614973820865
__glovexmax40alpha0.2+PLP__
PLP detected communities in 0.16007757186889648 [s]
solution properties:
-------------------  ----------
# communities         44
min community size     1
max community size   191
avg. community size  113.636
modularity             0.572098
-------------------  ----------
40 community detected
NMI:0.07345201204366136
ARI:0.09439917428060296
__glovexmax30alpha0.3__
Network Properties for:		G#105
nodes, edges			4999, 33477
directed?			False
weighted?			True
isolated nodes			1
self-loops			0
density				0.002680
clustering coefficient		0.197407
min/max/avg degree		0, 204, 13.393479
degree assortativity		0.270690
number of connected components	1
size of largest component	4999 (100.00 %)
tot:  16614.88626537595
__glovexmax30alpha0.3+Louvain__
PLM(balanced,pc,turbo) detected communities in 0.43015241622924805 [s]
solution properties:
-------------------  ----------
# communities         38
min community size    85
max community size   212
avg. community size  131.553
modularity             0.568649
-------------------  ----------
40 community detected
NMI:0.10299001979231925
ARI:0.14865024165979013
__glovexmax30alpha0.3+PLP__
PLP detected communities in 0.16263341903686523 [s]
solution properties:
-------------------  ----------
# communities         44
min community size     1
max community size   193
avg. community size  113.636
modularity             0.568597
-------------------  ----------
40 community detected
NMI:0.08900337107173062
ARI:0.11407712831987726
NMI classement:
[('NMIglovexmax50alpha0.2+PLP', 0.07345201204366136), ('NMIglovexmax40alpha0.2+PLP', 0.07345201204366136), ('NMIglovexmax40alpha0.2+Louvain', 0.083273495464533), ('NMIglovexmax30alpha0.3+PLP', 0.08900337107173062), ('NMIglovexmax30alpha0.3+Louvain', 0.10299001979231925), ('NMIglovexmax50alpha0.2+Louvain', 0.12079094194182405), ('NMIglove+PLP', 0.1511522813529691), ('NMIPLP', 0.17566270262102912), ('NMIppmi+PLP', 0.22134596302719023), ('NMIglove+Louvain', 0.25408457712917765), ('NMILouvain', 0.2559106245137076), ('NMIpmi+PLP', 0.3248147655985336), ('NMIppmi+Louvain', 0.32492582749058674), ('NMISingleton', 0.39828276874165713), ('NMIpmi+Louvain', 0.4027684822320785), ('NMIiterative_rev_degree_order+PLP', 0.46322238780176916), ('NMIstandard+PLP', 0.4667272829275738), ('NMIstandard+Louvain', 0.6710338519651595), ('NMIiterative_rev_degree_order+Louvain', 0.7530147103035587), ('NMIAllInOne', 1.0), ('NMIfake_pmi+Louvain', 1), ('NMIfake_pmi+PLP', 1)]
ARI classement:
[('ARIglovexmax50alpha0.2+PLP', 0.09439917428060296), ('ARIglovexmax40alpha0.2+PLP', 0.09439917428060296), ('ARIglovexmax30alpha0.3+PLP', 0.11407712831987726), ('ARIglovexmax40alpha0.2+Louvain', 0.12059614973820865), ('ARIglovexmax30alpha0.3+Louvain', 0.14865024165979013), ('ARIglove+PLP', 0.19560486258555687), ('ARIPLP', 0.22895751814047305), ('ARIglovexmax50alpha0.2+Louvain', 0.24443884319448128), ('ARIppmi+PLP', 0.31385556048460583), ('ARILouvain', 0.4469495735536365), ('ARIglove+Louvain', 0.45608224915247975), ('ARIpmi+PLP', 0.4885544063466254), ('ARIppmi+Louvain', 0.5516071541840846), ('ARIpmi+Louvain', 0.5846853326483432), ('ARIstandard+Louvain', 0.8635054506461234), ('ARIiterative_rev_degree_order+Louvain', 0.9580624289366728), ('ARIstandard+PLP', 0.9758374979077497), ('ARIiterative_rev_degree_order+PLP', 0.9860951501934916), ('ARISingleton', 1.0), ('ARIAllInOne', 1.0), ('ARIfake_pmi+Louvain', 1), ('ARIfake_pmi+PLP', 1)]
