__LOADINGS__
Network Properties for:		network
nodes, edges			5000, 56557
directed?			False
weighted?			True
isolated nodes			1
self-loops			0
density				0.004525
clustering coefficient		0.484024
min/max/avg degree		0, 390, 22.622800
degree assortativity		0.186473
number of connected components	2
size of largest component	4999 (99.98 %)
520486.57553039753
__Groundtruth__
read communities from: ../../lfr_5000/mk500/k25/muw0.2/10/community.dat
-------------------  ----------
# communities         45
min community size     6
max community size   473
avg. community size  111.111
modularity             0.649358
-------------------  ----------
45 community detected
__CLASSIC_METHODS__
__Louvain__
PLM(balanced,pc,turbo) detected communities in 0.2245337963104248 [s]
solution properties:
-------------------  ----------
# communities         21
min community size     1
max community size   479
avg. community size  238.095
modularity             0.651672
-------------------  ----------
45 community detected
NMI:0.05602596445145358
ARM:0.057818133650849535
__Singleton__
45 community detected
NMI:0.4611691217645686
ARM:1.0
__AllInOne__
45 community detected
NMI:1.0
ARM:1.0
__PLP__
PLP detected communities in 0.08735942840576172 [s]
solution properties:
-------------------  ----------
# communities         46
min community size     1
max community size   479
avg. community size  108.696
modularity             0.651644
-------------------  ----------
45 community detected
NMI:0.014155902244223473
ARM:0.018184014708491736
__NORMALIZATION__
__glove__
Network Properties for:		G#21cc
nodes, edges			4999, 56557
directed?			False
weighted?			True
isolated nodes			0
self-loops			0
density				0.004527
clustering coefficient		0.484121
min/max/avg degree		5, 390, 22.627325
degree assortativity		0.186473
number of connected components	1
size of largest component	4999 (100.00 %)
tot:  7672.675002855133
__glove+Louvain__
PLM(balanced,pc,turbo) detected communities in 0.42620110511779785 [s]
solution properties:
-------------------  ----------
# communities         34
min community size     6
max community size   476
avg. community size  147.029
modularity             0.690624
-------------------  ----------
45 community detected
NMI:0.022528846395521107
ARM:0.02043572632045998
__glove+PLP__
PLP detected communities in 0.0947108268737793 [s]
solution properties:
-------------------  ----------
# communities         44
min community size     6
max community size   484
avg. community size  113.614
modularity             0.690483
-------------------  ----------
45 community detected
NMI:0.011032028880168077
ARM:0.014805764321296322
__fake_pmi__
Network Properties for:		G#40cc
nodes, edges			4999, 56557
directed?			False
weighted?			True
isolated nodes			0
self-loops			0
density				0.004527
clustering coefficient		0.484121
min/max/avg degree		5, 390, 22.627325
degree assortativity		0.186473
number of connected components	1
size of largest component	4999 (100.00 %)
tot:  0.0
__fake_pmi+Louvain__
1 community detected due to total edge weight equal 0
NMI:1
ARM:0.014805764321296322
__fake_pmi+PLP__
1 community detected due to total edge weight equal 0
NMI:1
ARM:0.014805764321296322
__iterative_rev_degree_order__
Network Properties for:		G#53cc
nodes, edges			4999, 56557
directed?			False
weighted?			True
isolated nodes			0
self-loops			0
density				0.004527
clustering coefficient		0.484121
min/max/avg degree		5, 390, 22.627325
degree assortativity		0.186473
number of connected components	1
size of largest component	4999 (100.00 %)
tot:  1544.0182904671274
__iterative_rev_degree_order+Louvain__
PLM(balanced,pc,turbo) detected communities in 0.6154568195343018 [s]
solution properties:
-------------------  ----------
# communities         56
min community size     2
max community size   276
avg. community size   89.2679
modularity             0.865091
-------------------  ----------
45 community detected
NMI:0.6182159912661678
ARM:0.8598037186817937
__iterative_rev_degree_order+PLP__
PLP detected communities in 0.09896326065063477 [s]
solution properties:
-------------------  -----------
# communities        1484
min community size      2
max community size     13
avg. community size     3.3686
modularity              0.733485
-------------------  -----------
45 community detected
NMI:0.5012199392989443
ARM:0.9890714086979611
__pmi__
Network Properties for:		G#78cc
nodes, edges			4999, 56557
directed?			False
weighted?			True
isolated nodes			0
self-loops			0
density				0.004527
clustering coefficient		0.484121
min/max/avg degree		5, 390, 22.627325
degree assortativity		0.186473
number of connected components	1
size of largest component	4999 (100.00 %)
tot:  109510.88671241463
__pmi+Louvain__
PLM(balanced,pc,turbo) detected communities in 0.45058441162109375 [s]
solution properties:
-------------------  ---------
# communities         33
min community size     7
max community size   803
avg. community size  151.485
modularity             1.21096
-------------------  ---------
45 community detected
NMI:0.16485234594852516
ARM:0.3427062784573418
__pmi+PLP__
PLP detected communities in 0.192030668258667 [s]
solution properties:
-------------------  ---------
# communities         50
min community size     2
max community size   793
avg. community size   99.98
modularity             1.20331
-------------------  ---------
45 community detected
NMI:0.13119842845290075
ARM:0.25960270053296275
__standard__
Network Properties for:		G#97cc
nodes, edges			4999, 56557
directed?			False
weighted?			True
isolated nodes			0
self-loops			0
density				0.004527
clustering coefficient		0.484121
min/max/avg degree		5, 390, 22.627325
degree assortativity		0.186473
number of connected components	1
size of largest component	4999 (100.00 %)
tot:  12.31619670018919
__standard+Louvain__
PLM(balanced,pc,turbo) detected communities in 0.5844912528991699 [s]
solution properties:
-------------------  -----------
# communities          49
min community size      2
max community size   1240
avg. community size   102.02
modularity              0.914292
-------------------  -----------
45 community detected
NMI:0.4021575095052674
ARM:0.6637486334562782
__standard+PLP__
PLP detected communities in 0.2593967914581299 [s]
solution properties:
-------------------  ----------
# communities        753
min community size     2
max community size   207
avg. community size    6.63878
modularity             0.842259
-------------------  ----------
45 community detected
NMI:0.4206327298030146
ARM:0.7361891488326215
__ppmi__
Network Properties for:		G#119cc
nodes, edges			4999, 56557
directed?			False
weighted?			True
isolated nodes			0
self-loops			0
density				0.004527
clustering coefficient		0.484121
min/max/avg degree		5, 390, 22.627325
degree assortativity		0.186473
number of connected components	1
size of largest component	4999 (100.00 %)
tot:  190543.44768572418
__ppmi+Louvain__
PLM(balanced,pc,turbo) detected communities in 0.29477715492248535 [s]
solution properties:
-------------------  ----------
# communities         39
min community size     7
max community size   465
avg. community size  128.179
modularity             0.777134
-------------------  ----------
45 community detected
NMI:0.020070665425232614
ARM:0.021912679456635775
__ppmi+PLP__
PLP detected communities in 0.14196085929870605 [s]
solution properties:
-------------------  ----------
# communities         45
min community size     2
max community size   898
avg. community size  111.089
modularity             0.772783
-------------------  ----------
45 community detected
NMI:0.029799384611641
ARM:0.14476568319374616
__glovexmax50alpha0.2__
Network Properties for:		G#138cc
nodes, edges			4999, 56557
directed?			False
weighted?			True
isolated nodes			0
self-loops			0
density				0.004527
clustering coefficient		0.484121
min/max/avg degree		5, 390, 22.627325
degree assortativity		0.186473
number of connected components	1
size of largest component	4999 (100.00 %)
tot:  30603.289608275132
__glovexmax50alpha0.2+Louvain__
PLM(balanced,pc,turbo) detected communities in 0.3091237545013428 [s]
solution properties:
-------------------  ----------
# communities         27
min community size    10
max community size   473
avg. community size  185.148
modularity             0.744315
-------------------  ----------
45 community detected
NMI:0.021101782044022355
ARM:0.017440969313120447
__glovexmax50alpha0.2+PLP__
PLP detected communities in 0.07647371292114258 [s]
solution properties:
-------------------  ----------
# communities         45
min community size     6
max community size   473
avg. community size  111.089
modularity             0.744299
-------------------  ----------
45 community detected
NMI:0.0
ARM:0.0
__glovexmax40alpha0.2__
Network Properties for:		G#157cc
nodes, edges			4999, 56557
directed?			False
weighted?			True
isolated nodes			0
self-loops			0
density				0.004527
clustering coefficient		0.484121
min/max/avg degree		5, 390, 22.627325
degree assortativity		0.186473
number of connected components	1
size of largest component	4999 (100.00 %)
tot:  31913.575881315206
__glovexmax40alpha0.2+Louvain__
PLM(balanced,pc,turbo) detected communities in 0.37698984146118164 [s]
solution properties:
-------------------  ----------
# communities         34
min community size     6
max community size   473
avg. community size  147.029
modularity             0.745012
-------------------  ----------
45 community detected
NMI:0.01213971123928581
ARM:0.008290552701012754
__glovexmax40alpha0.2+PLP__
PLP detected communities in 0.03388166427612305 [s]
solution properties:
-------------------  ----------
# communities         45
min community size     6
max community size   473
avg. community size  111.089
modularity             0.744891
-------------------  ----------
45 community detected
NMI:0.0
ARM:0.0
__glovexmax30alpha0.3__
Network Properties for:		G#176cc
nodes, edges			4999, 56557
directed?			False
weighted?			True
isolated nodes			0
self-loops			0
density				0.004527
clustering coefficient		0.484121
min/max/avg degree		5, 390, 22.627325
degree assortativity		0.186473
number of connected components	1
size of largest component	4999 (100.00 %)
tot:  28319.426315684
__glovexmax30alpha0.3+Louvain__
PLM(balanced,pc,turbo) detected communities in 0.406949520111084 [s]
solution properties:
-------------------  ----------
# communities         34
min community size     6
max community size   474
avg. community size  147.029
modularity             0.742293
-------------------  ----------
45 community detected
NMI:0.01334706696399346
ARM:0.009579164567288134
__glovexmax30alpha0.3+PLP__
PLP detected communities in 0.038648128509521484 [s]
solution properties:
-------------------  ---------
# communities         45
min community size     6
max community size   474
avg. community size  111.089
modularity             0.74217
-------------------  ---------
45 community detected
NMI:0.000453123973539471
ARM:0.000683953690666983
