__LOADINGS__
4976/36126 13.774013176105852 % of nul weighted edges removed
1/5000 0.02 % of nul degree nodes removed
Network Properties for:		network
nodes, edges			4999, 31150
directed?			False
weighted?			True
isolated nodes			1
self-loops			0
density				0.002493
clustering coefficient		0.268457
min/max/avg degree		0, 76, 12.462492
degree assortativity		0.339588
number of connected components	1
size of largest component	4999 (100.00 %)
166777.49922952824
__Groundtruth__
read communities from: ../../lfr_5000/mk100/k15/muw0.3/2/community.dat
-------------------  ----------
# communities        104
min community size    20
max community size    99
avg. community size   48.0769
modularity             0.689347
-------------------  ----------
104 community detected
__CLASSIC_METHODS__
__Louvain__
PLM(balanced,pc,turbo) detected communities in 0.18805432319641113 [s]
solution properties:
-------------------  ----------
# communities         41
min community size    69
max community size   187
avg. community size  121.927
modularity             0.693147
-------------------  ----------
104 community detected
NMI:0.13935489004275914
ARI:0.42870971872836305
__Singleton__
104 community detected
NMI:0.3047653125958609
ARI:1.0
__AllInOne__
104 community detected
NMI:1.0
ARI:1.0
__PLP__
PLP detected communities in 0.038999080657958984 [s]
solution properties:
-------------------  ---------
# communities        111
min community size     1
max community size   104
avg. community size   45.045
modularity             0.69057
-------------------  ---------
104 community detected
NMI:0.034888502848869574
ARI:0.06822407327654123
__NORMALIZATION__
__glove__
Network Properties for:		G#21
nodes, edges			4999, 31150
directed?			False
weighted?			True
isolated nodes			1
self-loops			0
density				0.002493
clustering coefficient		0.268457
min/max/avg degree		0, 76, 12.462492
degree assortativity		0.339588
number of connected components	1
size of largest component	4999 (100.00 %)
tot:  3241.026607300015
__glove+Louvain__
PLM(balanced,pc,turbo) detected communities in 0.20056366920471191 [s]
solution properties:
-------------------  ----------
# communities         37
min community size    71
max community size   228
avg. community size  135.108
modularity             0.700106
-------------------  ----------
104 community detected
NMI:0.14240281326842852
ARI:0.46234162435632487
__glove+PLP__
PLP detected communities in 0.0371859073638916 [s]
solution properties:
-------------------  ----------
# communities        107
min community size     1
max community size   102
avg. community size   46.729
modularity             0.699561
-------------------  ----------
104 community detected
NMI:0.02251656904446997
ARI:0.044725253148579336
__fake_pmi__
Network Properties for:		G#30
nodes, edges			4999, 31150
directed?			False
weighted?			True
isolated nodes			1
self-loops			0
density				0.002493
clustering coefficient		0.268457
min/max/avg degree		0, 76, 12.462492
degree assortativity		0.339588
number of connected components	1
size of largest component	4999 (100.00 %)
tot:  0.0
__fake_pmi+Louvain__
1 community detected due to total edge weight equal 0
NMI:1
ARI:1
__fake_pmi+PLP__
1 community detected due to total edge weight equal 0
NMI:1
ARI:1
__iterative_rev_degree_order__
Network Properties for:		G#33
nodes, edges			4999, 31150
directed?			False
weighted?			True
isolated nodes			1
self-loops			0
density				0.002493
clustering coefficient		0.268457
min/max/avg degree		0, 76, 12.462492
degree assortativity		0.339588
number of connected components	1
size of largest component	4999 (100.00 %)
tot:  1470.2034249451071
__iterative_rev_degree_order+Louvain__
PLM(balanced,pc,turbo) detected communities in 0.31519222259521484 [s]
solution properties:
-------------------  ----------
# communities         47
min community size    75
max community size   169
avg. community size  106.362
modularity             0.819847
-------------------  ----------
104 community detected
NMI:0.551825788085498
ARI:0.8681959262851601
__iterative_rev_degree_order+PLP__
PLP detected communities in 0.028783559799194336 [s]
solution properties:
-------------------  -----------
# communities        1470
min community size      1
max community size     12
avg. community size     3.40136
modularity              0.686972
-------------------  -----------
104 community detected
NMI:0.32188908234814373
ARI:0.9512388398753235
__pmi__
Network Properties for:		G#48
nodes, edges			4999, 31150
directed?			False
weighted?			True
isolated nodes			1
self-loops			0
density				0.002493
clustering coefficient		0.268457
min/max/avg degree		0, 76, 12.462492
degree assortativity		0.339588
number of connected components	1
size of largest component	4999 (100.00 %)
tot:  181889.62738560166
__pmi+Louvain__
PLM(balanced,pc,turbo) detected communities in 0.1701347827911377 [s]
solution properties:
-------------------  ----------
# communities         50
min community size    63
max community size   158
avg. community size   99.98
modularity             0.719558
-------------------  ----------
104 community detected
NMI:0.0889609472567876
ARI:0.30408498798532946
__pmi+PLP__
PLP detected communities in 0.0437016487121582 [s]
solution properties:
-------------------  ----------
# communities        108
min community size     1
max community size   118
avg. community size   46.2963
modularity             0.716929
-------------------  ----------
104 community detected
NMI:0.013955728354664076
ARI:0.03421728869854035
__standard__
Network Properties for:		G#57
nodes, edges			4999, 31150
directed?			False
weighted?			True
isolated nodes			1
self-loops			0
density				0.002493
clustering coefficient		0.268457
min/max/avg degree		0, 76, 12.462492
degree assortativity		0.339588
number of connected components	1
size of largest component	4999 (100.00 %)
tot:  33.16759084319361
__standard+Louvain__
PLM(balanced,pc,turbo) detected communities in 0.762068510055542 [s]
solution properties:
-------------------  ----------
# communities         50
min community size    28
max community size   487
avg. community size   99.98
modularity             0.764806
-------------------  ----------
104 community detected
NMI:0.3786561520113051
ARI:0.7358765182918738
__standard+PLP__
PLP detected communities in 0.231309175491333 [s]
solution properties:
-------------------  ----------
# communities        980
min community size     1
max community size    56
avg. community size    5.10204
modularity             0.575521
-------------------  ----------
104 community detected
NMI:0.28837825531794004
ARI:0.7654469174754507
__ppmi__
Network Properties for:		G#72
nodes, edges			4999, 31150
directed?			False
weighted?			True
isolated nodes			1
self-loops			0
density				0.002493
clustering coefficient		0.268457
min/max/avg degree		0, 76, 12.462492
degree assortativity		0.339588
number of connected components	1
size of largest component	4999 (100.00 %)
tot:  187688.30418279156
__ppmi+Louvain__
PLM(balanced,pc,turbo) detected communities in 0.553473711013794 [s]
solution properties:
-------------------  ----------
# communities         58
min community size    42
max community size   155
avg. community size   86.1897
modularity             0.713999
-------------------  ----------
104 community detected
NMI:0.0659222222833733
ARI:0.23461246826888205
__ppmi+PLP__
PLP detected communities in 0.1468822956085205 [s]
solution properties:
-------------------  ----------
# communities        112
min community size     1
max community size    98
avg. community size   44.6429
modularity             0.705767
-------------------  ----------
104 community detected
NMI:0.010526931960372132
ARI:0.022346725293429293
__glovexmax50alpha0.2__
Network Properties for:		G#81
nodes, edges			4999, 31150
directed?			False
weighted?			True
isolated nodes			1
self-loops			0
density				0.002493
clustering coefficient		0.268457
min/max/avg degree		0, 76, 12.462492
degree assortativity		0.339588
number of connected components	1
size of largest component	4999 (100.00 %)
tot:  18270.230883870478
__glovexmax50alpha0.2+Louvain__
PLM(balanced,pc,turbo) detected communities in 0.33577394485473633 [s]
solution properties:
-------------------  ----------
# communities         53
min community size    62
max community size   143
avg. community size   94.3208
modularity             0.708865
-------------------  ----------
104 community detected
NMI:0.07293609025038428
ARI:0.2649024521444784
__glovexmax50alpha0.2+PLP__
PLP detected communities in 0.13403034210205078 [s]
solution properties:
-------------------  ----------
# communities        105
min community size     1
max community size    98
avg. community size   47.619
modularity             0.708468
-------------------  ----------
104 community detected
NMI:0.0032199862981785454
ARI:0.006877115055505367
__glovexmax40alpha0.2__
Network Properties for:		G#90
nodes, edges			4999, 31150
directed?			False
weighted?			True
isolated nodes			1
self-loops			0
density				0.002493
clustering coefficient		0.268457
min/max/avg degree		0, 76, 12.462492
degree assortativity		0.339588
number of connected components	1
size of largest component	4999 (100.00 %)
tot:  19104.07604714942
__glovexmax40alpha0.2+Louvain__
PLM(balanced,pc,turbo) detected communities in 0.5749051570892334 [s]
solution properties:
-------------------  ---------
# communities         58
min community size    43
max community size   128
avg. community size   86.1897
modularity             0.70933
-------------------  ---------
104 community detected
NMI:0.06255838999367247
ARI:0.22754967470877974
__glovexmax40alpha0.2+PLP__
PLP detected communities in 0.12258720397949219 [s]
solution properties:
-------------------  ----------
# communities        105
min community size     1
max community size    98
avg. community size   47.619
modularity             0.708468
-------------------  ----------
104 community detected
NMI:0.0032199862981783234
ARI:0.006877115055505367
__glovexmax30alpha0.3__
Network Properties for:		G#99
nodes, edges			4999, 31150
directed?			False
weighted?			True
isolated nodes			1
self-loops			0
density				0.002493
clustering coefficient		0.268457
min/max/avg degree		0, 76, 12.462492
degree assortativity		0.339588
number of connected components	1
size of largest component	4999 (100.00 %)
tot:  16775.998928236448
__glovexmax30alpha0.3+Louvain__
PLM(balanced,pc,turbo) detected communities in 0.562262773513794 [s]
solution properties:
-------------------  ----------
# communities         57
min community size    49
max community size   127
avg. community size   87.7018
modularity             0.710511
-------------------  ----------
104 community detected
NMI:0.06634693961979332
ARI:0.23398547961962857
__glovexmax30alpha0.3+PLP__
PLP detected communities in 0.11578488349914551 [s]
solution properties:
-------------------  ----------
# communities        106
min community size     1
max community size    99
avg. community size   47.1698
modularity             0.708695
-------------------  ----------
104 community detected
NMI:0.006184107589663035
ARI:0.01301075382219452
NMI classement:
[('NMIglovexmax40alpha0.2+PLP', 0.0032199862981783234), ('NMIglovexmax50alpha0.2+PLP', 0.0032199862981785454), ('NMIglovexmax30alpha0.3+PLP', 0.006184107589663035), ('NMIppmi+PLP', 0.010526931960372132), ('NMIpmi+PLP', 0.013955728354664076), ('NMIglove+PLP', 0.02251656904446997), ('NMIPLP', 0.034888502848869574), ('NMIglovexmax40alpha0.2+Louvain', 0.06255838999367247), ('NMIppmi+Louvain', 0.0659222222833733), ('NMIglovexmax30alpha0.3+Louvain', 0.06634693961979332), ('NMIglovexmax50alpha0.2+Louvain', 0.07293609025038428), ('NMIpmi+Louvain', 0.0889609472567876), ('NMILouvain', 0.13935489004275914), ('NMIglove+Louvain', 0.14240281326842852), ('NMIstandard+PLP', 0.28837825531794004), ('NMISingleton', 0.3047653125958609), ('NMIiterative_rev_degree_order+PLP', 0.32188908234814373), ('NMIstandard+Louvain', 0.3786561520113051), ('NMIiterative_rev_degree_order+Louvain', 0.551825788085498), ('NMIAllInOne', 1.0), ('NMIfake_pmi+Louvain', 1), ('NMIfake_pmi+PLP', 1)]
ARI classement:
[('ARIglovexmax50alpha0.2+PLP', 0.006877115055505367), ('ARIglovexmax40alpha0.2+PLP', 0.006877115055505367), ('ARIglovexmax30alpha0.3+PLP', 0.01301075382219452), ('ARIppmi+PLP', 0.022346725293429293), ('ARIpmi+PLP', 0.03421728869854035), ('ARIglove+PLP', 0.044725253148579336), ('ARIPLP', 0.06822407327654123), ('ARIglovexmax40alpha0.2+Louvain', 0.22754967470877974), ('ARIglovexmax30alpha0.3+Louvain', 0.23398547961962857), ('ARIppmi+Louvain', 0.23461246826888205), ('ARIglovexmax50alpha0.2+Louvain', 0.2649024521444784), ('ARIpmi+Louvain', 0.30408498798532946), ('ARILouvain', 0.42870971872836305), ('ARIglove+Louvain', 0.46234162435632487), ('ARIstandard+Louvain', 0.7358765182918738), ('ARIstandard+PLP', 0.7654469174754507), ('ARIiterative_rev_degree_order+Louvain', 0.8681959262851601), ('ARIiterative_rev_degree_order+PLP', 0.9512388398753235), ('ARISingleton', 1.0), ('ARIAllInOne', 1.0), ('ARIfake_pmi+Louvain', 1), ('ARIfake_pmi+PLP', 1)]
