__LOADINGS__
Network Properties for:		network
nodes, edges			5000, 31176
directed?			False
weighted?			True
isolated nodes			1
self-loops			0
density				0.002495
clustering coefficient		0.164293
min/max/avg degree		0, 75, 12.470400
degree assortativity		0.383725
number of connected components	2
size of largest component	4999 (99.98 %)
167693.060348957
__Groundtruth__
read communities from: ../../lfr_5000/mk100/k15/muw0.4/31/community.dat
-------------------  ----------
# communities        104
min community size    20
max community size    99
avg. community size   48.0769
modularity             0.584412
-------------------  ----------
104 community detected
__CLASSIC_METHODS__
__Louvain__
PLM(balanced,pc,turbo) detected communities in 0.5057265758514404 [s]
solution properties:
-------------------  ---------
# communities         46
min community size     1
max community size   164
avg. community size  108.696
modularity             0.59173
-------------------  ---------
104 community detected
NMI:0.16000925283350087
ARM:0.41850151825436055
__Singleton__
104 community detected
NMI:0.3047814955401724
ARM:1.0
__AllInOne__
104 community detected
NMI:1.0
ARM:1.0
__PLP__
PLP detected communities in 0.16694021224975586 [s]
solution properties:
-------------------  ----------
# communities        116
min community size     1
max community size   140
avg. community size   43.1034
modularity             0.579505
-------------------  ----------
104 community detected
NMI:0.07978593093246533
ARM:0.16615499083851093
__NORMALIZATION__
__glove__
Network Properties for:		G#21cc
nodes, edges			4999, 31176
directed?			False
weighted?			True
isolated nodes			0
self-loops			0
density				0.002496
clustering coefficient		0.164325
min/max/avg degree		4, 75, 12.472895
degree assortativity		0.383725
number of connected components	1
size of largest component	4999 (100.00 %)
tot:  3274.1210807038187
__glove+Louvain__
PLM(balanced,pc,turbo) detected communities in 0.654778003692627 [s]
solution properties:
-------------------  ----------
# communities         47
min community size    45
max community size   170
avg. community size  106.362
modularity             0.597487
-------------------  ----------
104 community detected
NMI:0.13727489691552153
ARM:0.38767590873705016
__glove+PLP__
PLP detected communities in 0.13621020317077637 [s]
solution properties:
-------------------  ----------
# communities        110
min community size     4
max community size   136
avg. community size   45.4455
modularity             0.586573
-------------------  ----------
104 community detected
NMI:0.050708238996576616
ARM:0.11797911175633202
__fake_pmi__
Network Properties for:		G#40cc
nodes, edges			4999, 31176
directed?			False
weighted?			True
isolated nodes			0
self-loops			0
density				0.002496
clustering coefficient		0.164325
min/max/avg degree		4, 75, 12.472895
degree assortativity		0.383725
number of connected components	1
size of largest component	4999 (100.00 %)
tot:  0.0
__fake_pmi+Louvain__
1 community detected due to total edge weight equal 0
NMI:1
ARM:0.11797911175633202
__fake_pmi+PLP__
1 community detected due to total edge weight equal 0
NMI:1
ARM:0.11797911175633202
__iterative_rev_degree_order__
Network Properties for:		G#53cc
nodes, edges			4999, 31176
directed?			False
weighted?			True
isolated nodes			0
self-loops			0
density				0.002496
clustering coefficient		0.164325
min/max/avg degree		4, 75, 12.472895
degree assortativity		0.383725
number of connected components	1
size of largest component	4999 (100.00 %)
tot:  1402.2389410944602
__iterative_rev_degree_order+Louvain__
PLM(balanced,pc,turbo) detected communities in 0.7430856227874756 [s]
solution properties:
-------------------  ----------
# communities         73
min community size    23
max community size   116
avg. community size   68.4795
modularity             0.801038
-------------------  ----------
104 community detected
NMI:0.6135681537797786
ARM:0.930576990093095
__iterative_rev_degree_order+PLP__
PLP detected communities in 0.08460593223571777 [s]
solution properties:
-------------------  -----------
# communities        1426
min community size      2
max community size     11
avg. community size     3.50561
modularity              0.686112
-------------------  -----------
104 community detected
NMI:0.3477503629756723
ARM:0.9638036486343984
__pmi__
Network Properties for:		G#78cc
nodes, edges			4999, 31176
directed?			False
weighted?			True
isolated nodes			0
self-loops			0
density				0.002496
clustering coefficient		0.164325
min/max/avg degree		4, 75, 12.472895
degree assortativity		0.383725
number of connected components	1
size of largest component	4999 (100.00 %)
tot:  182530.45015212052
__pmi+Louvain__
PLM(balanced,pc,turbo) detected communities in 0.5667340755462646 [s]
solution properties:
-------------------  ---------
# communities         48
min community size    52
max community size   161
avg. community size  104.146
modularity             0.62228
-------------------  ---------
104 community detected
NMI:0.10581308473034057
ARM:0.3452135220921855
__pmi+PLP__
PLP detected communities in 0.17122817039489746 [s]
solution properties:
-------------------  ----------
# communities        125
min community size     2
max community size   118
avg. community size   39.992
modularity             0.614487
-------------------  ----------
104 community detected
NMI:0.02853136359921782
ARM:0.0661919766665151
__standard__
Network Properties for:		G#97cc
nodes, edges			4999, 31176
directed?			False
weighted?			True
isolated nodes			0
self-loops			0
density				0.002496
clustering coefficient		0.164325
min/max/avg degree		4, 75, 12.472895
degree assortativity		0.383725
number of connected components	1
size of largest component	4999 (100.00 %)
tot:  36.45966937294655
__standard+Louvain__
PLM(balanced,pc,turbo) detected communities in 0.6428501605987549 [s]
solution properties:
-------------------  ----------
# communities         51
min community size    44
max community size   170
avg. community size   98.0196
modularity             0.697958
-------------------  ----------
104 community detected
NMI:0.5379067115764201
ARM:0.8425925235549525
__standard+PLP__
PLP detected communities in 0.18046855926513672 [s]
solution properties:
-------------------  -----------
# communities        1155
min community size      1
max community size     30
avg. community size     4.32814
modularity              0.542909
-------------------  -----------
104 community detected
NMI:0.34813805181237734
ARM:0.9262589587345689
__ppmi__
Network Properties for:		G#119cc
nodes, edges			4999, 31176
directed?			False
weighted?			True
isolated nodes			0
self-loops			0
density				0.002496
clustering coefficient		0.164325
min/max/avg degree		4, 75, 12.472895
degree assortativity		0.383725
number of connected components	1
size of largest component	4999 (100.00 %)
tot:  189513.00524861555
__ppmi+Louvain__
PLM(balanced,pc,turbo) detected communities in 0.40400004386901855 [s]
solution properties:
-------------------  ----------
# communities         54
min community size    44
max community size   165
avg. community size   92.5741
modularity             0.611142
-------------------  ----------
104 community detected
NMI:0.0845205483213246
ARM:0.2958362153864351
__ppmi+PLP__
PLP detected communities in 0.13260793685913086 [s]
solution properties:
-------------------  ----------
# communities        134
min community size     2
max community size   145
avg. community size   37.306
modularity             0.595772
-------------------  ----------
104 community detected
NMI:0.027949509059364885
ARM:0.07700221146040365
__glovexmax50alpha0.2__
Network Properties for:		G#138cc
nodes, edges			4999, 31176
directed?			False
weighted?			True
isolated nodes			0
self-loops			0
density				0.002496
clustering coefficient		0.164325
min/max/avg degree		4, 75, 12.472895
degree assortativity		0.383725
number of connected components	1
size of largest component	4999 (100.00 %)
tot:  18395.876376914595
__glovexmax50alpha0.2+Louvain__
PLM(balanced,pc,turbo) detected communities in 0.4850654602050781 [s]
solution properties:
-------------------  ----------
# communities         54
min community size    38
max community size   165
avg. community size   92.5741
modularity             0.605126
-------------------  ----------
104 community detected
NMI:0.0787953847404066
ARM:0.2762879645337606
__glovexmax50alpha0.2+PLP__
PLP detected communities in 0.12525320053100586 [s]
solution properties:
-------------------  ----------
# communities        107
min community size    10
max community size   100
avg. community size   46.7196
modularity             0.598573
-------------------  ----------
104 community detected
NMI:0.01059500155148807
ARM:0.02315611039499943
__glovexmax40alpha0.2__
Network Properties for:		G#157cc
nodes, edges			4999, 31176
directed?			False
weighted?			True
isolated nodes			0
self-loops			0
density				0.002496
clustering coefficient		0.164325
min/max/avg degree		4, 75, 12.472895
degree assortativity		0.383725
number of connected components	1
size of largest component	4999 (100.00 %)
tot:  19235.38404131157
__glovexmax40alpha0.2+Louvain__
PLM(balanced,pc,turbo) detected communities in 0.5699388980865479 [s]
solution properties:
-------------------  ----------
# communities         54
min community size    32
max community size   165
avg. community size   92.5741
modularity             0.605192
-------------------  ----------
104 community detected
NMI:0.07869160820826981
ARM:0.27913197414014956
__glovexmax40alpha0.2+PLP__
PLP detected communities in 0.11417126655578613 [s]
solution properties:
-------------------  ----------
# communities        110
min community size     3
max community size   100
avg. community size   45.4455
modularity             0.593189
-------------------  ----------
104 community detected
NMI:0.012972056954912992
ARM:0.032735878308782884
__glovexmax30alpha0.3__
Network Properties for:		G#176cc
nodes, edges			4999, 31176
directed?			False
weighted?			True
isolated nodes			0
self-loops			0
density				0.002496
clustering coefficient		0.164325
min/max/avg degree		4, 75, 12.472895
degree assortativity		0.383725
number of connected components	1
size of largest component	4999 (100.00 %)
tot:  16935.904177502947
__glovexmax30alpha0.3+Louvain__
PLM(balanced,pc,turbo) detected communities in 0.5761604309082031 [s]
solution properties:
-------------------  ----------
# communities         51
min community size    38
max community size   163
avg. community size   98.0196
modularity             0.605633
-------------------  ----------
104 community detected
NMI:0.08932611394234369
ARM:0.30389938831630825
__glovexmax30alpha0.3+PLP__
PLP detected communities in 0.08424496650695801 [s]
solution properties:
-------------------  ---------
# communities        106
min community size    15
max community size   100
avg. community size   47.1604
modularity             0.60204
-------------------  ---------
104 community detected
NMI:0.013062304717401219
ARM:0.02721931838994629
