__LOADINGS__
Network Properties for:		network
nodes, edges			5000, 47554
directed?			False
weighted?			True
isolated nodes			1
self-loops			0
density				0.003805
clustering coefficient		0.340701
min/max/avg degree		0, 360, 19.021600
degree assortativity		0.259490
number of connected components	2
size of largest component	4999 (99.98 %)
429561.4226880868
__Groundtruth__
read communities from: ../../lfr_5000/mk500/k20/muw0.3/48/community.dat
-------------------  ----------
# communities         46
min community size     5
max community size   472
avg. community size  108.696
modularity             0.539673
-------------------  ----------
46 community detected
__CLASSIC_METHODS__
__Louvain__
PLM(balanced,pc,turbo) detected communities in 0.31793761253356934 [s]
solution properties:
-------------------  ---------
# communities         22
min community size     1
max community size   484
avg. community size  227.273
modularity             0.54398
-------------------  ---------
46 community detected
NMI:0.11223437038312523
ARM:0.12612035305685165
__Singleton__
46 community detected
NMI:0.462643373017376
ARM:1.0
__AllInOne__
46 community detected
NMI:1.0
ARM:1.0
__PLP__
PLP detected communities in 0.14162683486938477 [s]
solution properties:
-------------------  ----------
# communities         45
min community size     1
max community size   582
avg. community size  111.111
modularity             0.542297
-------------------  ----------
46 community detected
NMI:0.08758013306708368
ARM:0.1275542267198928
__NORMALIZATION__
__glove__
Network Properties for:		G#21cc
nodes, edges			4999, 47554
directed?			False
weighted?			True
isolated nodes			0
self-loops			0
density				0.003807
clustering coefficient		0.340769
min/max/avg degree		3, 360, 19.025405
degree assortativity		0.259490
number of connected components	1
size of largest component	4999 (100.00 %)
tot:  6429.417882565148
__glove+Louvain__
PLM(balanced,pc,turbo) detected communities in 0.26561474800109863 [s]
solution properties:
-------------------  ----------
# communities         26
min community size     5
max community size   483
avg. community size  192.269
modularity             0.580135
-------------------  ----------
46 community detected
NMI:0.0824678770124524
ARM:0.09276398228185856
__glove+PLP__
PLP detected communities in 0.13155817985534668 [s]
solution properties:
-------------------  ----------
# communities         47
min community size     3
max community size   489
avg. community size  106.362
modularity             0.579118
-------------------  ----------
46 community detected
NMI:0.06510425872946579
ARM:0.09054613607636319
__fake_pmi__
Network Properties for:		G#40cc
nodes, edges			4999, 47554
directed?			False
weighted?			True
isolated nodes			0
self-loops			0
density				0.003807
clustering coefficient		0.340769
min/max/avg degree		3, 360, 19.025405
degree assortativity		0.259490
number of connected components	1
size of largest component	4999 (100.00 %)
tot:  0.0
__fake_pmi+Louvain__
1 community detected due to total edge weight equal 0
NMI:1
ARM:0.09054613607636319
__fake_pmi+PLP__
1 community detected due to total edge weight equal 0
NMI:1
ARM:0.09054613607636319
__iterative_rev_degree_order__
Network Properties for:		G#53cc
nodes, edges			4999, 47554
directed?			False
weighted?			True
isolated nodes			0
self-loops			0
density				0.003807
clustering coefficient		0.340769
min/max/avg degree		3, 360, 19.025405
degree assortativity		0.259490
number of connected components	1
size of largest component	4999 (100.00 %)
tot:  1410.2480445210515
__iterative_rev_degree_order+Louvain__
PLM(balanced,pc,turbo) detected communities in 0.8249108791351318 [s]
solution properties:
-------------------  ---------
# communities         65
min community size    19
max community size   178
avg. community size   76.9077
modularity             0.86463
-------------------  ---------
46 community detected
NMI:0.6970893135398905
ARM:0.9286423417879126
__iterative_rev_degree_order+PLP__
PLP detected communities in 0.6185257434844971 [s]
solution properties:
-------------------  -----------
# communities        1531
min community size      2
max community size     13
avg. community size     3.26519
modularity              0.744451
-------------------  -----------
46 community detected
NMI:0.5151340351819959
ARM:0.9913873141215573
__pmi__
Network Properties for:		G#78cc
nodes, edges			4999, 47554
directed?			False
weighted?			True
isolated nodes			0
self-loops			0
density				0.003807
clustering coefficient		0.340769
min/max/avg degree		3, 360, 19.025405
degree assortativity		0.259490
number of connected components	1
size of largest component	4999 (100.00 %)
tot:  91064.02466502716
__pmi+Louvain__
PLM(balanced,pc,turbo) detected communities in 0.6253554821014404 [s]
solution properties:
-------------------  ----------
# communities          34
min community size      1
max community size   1401
avg. community size   147.029
modularity              1.09653
-------------------  ----------
46 community detected
NMI:0.35594602143468335
ARM:0.6604147842819348
__pmi+PLP__
PLP detected communities in 0.11932754516601562 [s]
solution properties:
-------------------  ---------
# communities        152
min community size     1
max community size   882
avg. community size   32.8882
modularity             1.05243
-------------------  ---------
46 community detected
NMI:0.3168659068565596
ARM:0.5544445433566385
__standard__
Network Properties for:		G#100cc
nodes, edges			4999, 47554
directed?			False
weighted?			True
isolated nodes			0
self-loops			0
density				0.003807
clustering coefficient		0.340769
min/max/avg degree		3, 360, 19.025405
degree assortativity		0.259490
number of connected components	1
size of largest component	4999 (100.00 %)
tot:  16.71473960866726
__standard+Louvain__
PLM(balanced,pc,turbo) detected communities in 0.6692819595336914 [s]
solution properties:
-------------------  ----------
# communities         68
min community size     2
max community size   495
avg. community size   73.5147
modularity             0.891349
-------------------  ----------
46 community detected
NMI:0.5299314689083374
ARM:0.73886856799472
__standard+PLP__
PLP detected communities in 0.10140180587768555 [s]
solution properties:
-------------------  -----------
# communities        1171
min community size      2
max community size     76
avg. community size     4.269
modularity              0.715442
-------------------  -----------
46 community detected
NMI:0.5256572585265322
ARM:0.9758916943730434
__ppmi__
Network Properties for:		G#122cc
nodes, edges			4999, 47554
directed?			False
weighted?			True
isolated nodes			0
self-loops			0
density				0.003807
clustering coefficient		0.340769
min/max/avg degree		3, 360, 19.025405
degree assortativity		0.259490
number of connected components	1
size of largest component	4999 (100.00 %)
tot:  163881.54419444103
__ppmi+Louvain__
PLM(balanced,pc,turbo) detected communities in 0.5950484275817871 [s]
solution properties:
-------------------  ----------
# communities         33
min community size    12
max community size   462
avg. community size  151.485
modularity             0.654213
-------------------  ----------
46 community detected
NMI:0.23988481895437908
ARM:0.3494909805322379
__ppmi+PLP__
PLP detected communities in 0.1671590805053711 [s]
solution properties:
-------------------  -----------
# communities          73
min community size      2
max community size   1479
avg. community size    68.4795
modularity              0.657377
-------------------  -----------
46 community detected
NMI:0.15508429542305058
ARM:0.47650885158289313
__glovexmax50alpha0.2__
Network Properties for:		G#144cc
nodes, edges			4999, 47554
directed?			False
weighted?			True
isolated nodes			0
self-loops			0
density				0.003807
clustering coefficient		0.340769
min/max/avg degree		3, 360, 19.025405
degree assortativity		0.259490
number of connected components	1
size of largest component	4999 (100.00 %)
tot:  25549.50578983707
__glovexmax50alpha0.2+Louvain__
PLM(balanced,pc,turbo) detected communities in 0.41037964820861816 [s]
solution properties:
-------------------  ----------
# communities         23
min community size    66
max community size   471
avg. community size  217.348
modularity             0.638351
-------------------  ----------
46 community detected
NMI:0.03409824147312712
ARM:0.02876314890449161
__glovexmax50alpha0.2+PLP__
PLP detected communities in 0.11584019660949707 [s]
solution properties:
-------------------  ----------
# communities         46
min community size     4
max community size   475
avg. community size  108.674
modularity             0.638326
-------------------  ----------
46 community detected
NMI:0.006185629029562878
ARM:0.007806478917161019
__glovexmax40alpha0.2__
Network Properties for:		G#163cc
nodes, edges			4999, 47554
directed?			False
weighted?			True
isolated nodes			0
self-loops			0
density				0.003807
clustering coefficient		0.340769
min/max/avg degree		3, 360, 19.025405
degree assortativity		0.259490
number of connected components	1
size of largest component	4999 (100.00 %)
tot:  26650.641699725547
__glovexmax40alpha0.2+Louvain__
PLM(balanced,pc,turbo) detected communities in 0.31510138511657715 [s]
solution properties:
-------------------  ----------
# communities         27
min community size     5
max community size   471
avg. community size  185.148
modularity             0.639067
-------------------  ----------
46 community detected
NMI:0.025856580538665352
ARM:0.019438108565740686
__glovexmax40alpha0.2+PLP__
PLP detected communities in 0.09960651397705078 [s]
solution properties:
-------------------  ----------
# communities         46
min community size     4
max community size   475
avg. community size  108.674
modularity             0.638868
-------------------  ----------
46 community detected
NMI:0.006185629029562878
ARM:0.007806478917161019
__glovexmax30alpha0.3__
Network Properties for:		G#182cc
nodes, edges			4999, 47554
directed?			False
weighted?			True
isolated nodes			0
self-loops			0
density				0.003807
clustering coefficient		0.340769
min/max/avg degree		3, 360, 19.025405
degree assortativity		0.259490
number of connected components	1
size of largest component	4999 (100.00 %)
tot:  23739.22529898177
__glovexmax30alpha0.3+Louvain__
PLM(balanced,pc,turbo) detected communities in 0.26833105087280273 [s]
solution properties:
-------------------  ----------
# communities         28
min community size     5
max community size   474
avg. community size  178.536
modularity             0.635085
-------------------  ----------
46 community detected
NMI:0.035834371448629776
ARM:0.03354119036844183
__glovexmax30alpha0.3+PLP__
PLP detected communities in 0.09575891494750977 [s]
solution properties:
-------------------  ----------
# communities         46
min community size     4
max community size   475
avg. community size  108.674
modularity             0.634892
-------------------  ----------
46 community detected
NMI:0.017380860548743993
ARM:0.0219468963490127
