__LOADINGS__
Network Properties for:		network
nodes, edges			5000, 56565
directed?			False
weighted?			True
isolated nodes			1
self-loops			0
density				0.004526
clustering coefficient		0.427630
min/max/avg degree		0, 238, 22.626000
degree assortativity		0.170895
number of connected components	2
size of largest component	4999 (99.98 %)
438163.620463726
__Groundtruth__
read communities from: ../../lfr_5000/mk300/k25/muw0.2/15/community.dat
-------------------  ---------
# communities         30
min community size   122
max community size   240
avg. community size  166.667
modularity             0.75297
-------------------  ---------
30 community detected
__CLASSIC_METHODS__
__Louvain__
PLM(balanced,pc,turbo) detected communities in 0.2077775001525879 [s]
solution properties:
-------------------  ----------
# communities         31
min community size     1
max community size   239
avg. community size  161.29
modularity             0.753048
-------------------  ----------
30 community detected
NMI:0.00623371047167931
ARM:0.00708803513578149
__Singleton__
30 community detected
NMI:0.43129281532966046
ARM:1.0
__AllInOne__
30 community detected
NMI:1.0
ARM:1.0
__PLP__
PLP detected communities in 0.10708785057067871 [s]
solution properties:
-------------------  ----------
# communities         31
min community size     1
max community size   239
avg. community size  161.29
modularity             0.753047
-------------------  ----------
30 community detected
NMI:0.0069588320128115555
ARM:0.00791234221514181
__NORMALIZATION__
__glove__
Network Properties for:		G#18cc
nodes, edges			4999, 56565
directed?			False
weighted?			True
isolated nodes			0
self-loops			0
density				0.004528
clustering coefficient		0.427715
min/max/avg degree		6, 238, 22.630526
degree assortativity		0.170895
number of connected components	1
size of largest component	4999 (100.00 %)
tot:  7275.404806235313
__glove+Louvain__
PLM(balanced,pc,turbo) detected communities in 0.20967435836791992 [s]
solution properties:
-------------------  ----------
# communities         30
min community size   122
max community size   239
avg. community size  166.633
modularity             0.765131
-------------------  ----------
30 community detected
NMI:0.001425651561413721
ARM:0.0014866455716091576
__glove+PLP__
PLP detected communities in 0.09354138374328613 [s]
solution properties:
-------------------  ----------
# communities         30
min community size   122
max community size   239
avg. community size  166.633
modularity             0.765131
-------------------  ----------
30 community detected
NMI:0.00142565156141361
ARM:0.0014866455716091576
__fake_pmi__
Network Properties for:		G#34cc
nodes, edges			4999, 56565
directed?			False
weighted?			True
isolated nodes			0
self-loops			0
density				0.004528
clustering coefficient		0.427715
min/max/avg degree		6, 238, 22.630526
degree assortativity		0.170895
number of connected components	1
size of largest component	4999 (100.00 %)
tot:  0.0
__fake_pmi+Louvain__
1 community detected due to total edge weight equal 0
NMI:1
ARM:0.0014866455716091576
__fake_pmi+PLP__
1 community detected due to total edge weight equal 0
NMI:1
ARM:0.0014866455716091576
__iterative_rev_degree_order__
Network Properties for:		G#47cc
nodes, edges			4999, 56565
directed?			False
weighted?			True
isolated nodes			0
self-loops			0
density				0.004528
clustering coefficient		0.427715
min/max/avg degree		6, 238, 22.630526
degree assortativity		0.170895
number of connected components	1
size of largest component	4999 (100.00 %)
tot:  1547.317646878493
__iterative_rev_degree_order+Louvain__
PLM(balanced,pc,turbo) detected communities in 0.8326520919799805 [s]
solution properties:
-------------------  ----------
# communities         39
min community size     5
max community size   276
avg. community size  128.179
modularity             0.828417
-------------------  ----------
30 community detected
NMI:0.5366443595721027
ARM:0.6719573811083015
__iterative_rev_degree_order+PLP__
PLP detected communities in 0.10764479637145996 [s]
solution properties:
-------------------  -----------
# communities        1518
min community size      2
max community size     12
avg. community size     3.29315
modularity              0.663057
-------------------  -----------
30 community detected
NMI:0.4546157878252174
ARM:0.9812231377620755
__pmi__
Network Properties for:		G#72cc
nodes, edges			4999, 56565
directed?			False
weighted?			True
isolated nodes			0
self-loops			0
density				0.004528
clustering coefficient		0.427715
min/max/avg degree		6, 238, 22.630526
degree assortativity		0.170895
number of connected components	1
size of largest component	4999 (100.00 %)
tot:  185543.26655251769
__pmi+Louvain__
PLM(balanced,pc,turbo) detected communities in 0.4278533458709717 [s]
solution properties:
-------------------  ----------
# communities         30
min community size   123
max community size   213
avg. community size  166.633
modularity             0.903461
-------------------  ----------
30 community detected
NMI:0.06245716068821272
ARM:0.09175208842519977
__pmi+PLP__
PLP detected communities in 0.12607622146606445 [s]
solution properties:
-------------------  ----------
# communities         34
min community size     2
max community size   215
avg. community size  147.029
modularity             0.902302
-------------------  ----------
30 community detected
NMI:0.05795018033504051
ARM:0.08574030481623396
__standard__
Network Properties for:		G#91cc
nodes, edges			4999, 56565
directed?			False
weighted?			True
isolated nodes			0
self-loops			0
density				0.004528
clustering coefficient		0.427715
min/max/avg degree		6, 238, 22.630526
degree assortativity		0.170895
number of connected components	1
size of largest component	4999 (100.00 %)
tot:  7.3631412601231165
__standard+Louvain__
PLM(balanced,pc,turbo) detected communities in 0.70857834815979 [s]
solution properties:
-------------------  ----------
# communities         20
min community size   150
max community size   564
avg. community size  249.95
modularity             0.812417
-------------------  ----------
30 community detected
NMI:0.2711742800412098
ARM:0.4632237092755871
__standard+PLP__
PLP detected communities in 0.16136956214904785 [s]
solution properties:
-------------------  ----------
# communities        593
min community size     2
max community size   170
avg. community size    8.43002
modularity             0.690737
-------------------  ----------
30 community detected
NMI:0.27029128914418876
ARM:0.4268315123453392
__ppmi__
Network Properties for:		G#113cc
nodes, edges			4999, 56565
directed?			False
weighted?			True
isolated nodes			0
self-loops			0
density				0.004528
clustering coefficient		0.427715
min/max/avg degree		6, 238, 22.630526
degree assortativity		0.170895
number of connected components	1
size of largest component	4999 (100.00 %)
tot:  233975.53899225936
__ppmi+Louvain__
PLM(balanced,pc,turbo) detected communities in 0.14018845558166504 [s]
solution properties:
-------------------  ----------
# communities         30
min community size   122
max community size   239
avg. community size  166.633
modularity             0.792969
-------------------  ----------
30 community detected
NMI:0.0
ARM:0.0
__ppmi+PLP__
PLP detected communities in 0.10088825225830078 [s]
solution properties:
-------------------  ----------
# communities         30
min community size   122
max community size   239
avg. community size  166.633
modularity             0.792969
-------------------  ----------
30 community detected
NMI:0.0
ARM:0.0
__glovexmax50alpha0.2__
Network Properties for:		G#129cc
nodes, edges			4999, 56565
directed?			False
weighted?			True
isolated nodes			0
self-loops			0
density				0.004528
clustering coefficient		0.427715
min/max/avg degree		6, 238, 22.630526
degree assortativity		0.170895
number of connected components	1
size of largest component	4999 (100.00 %)
tot:  32284.710231069257
__glovexmax50alpha0.2+Louvain__
PLM(balanced,pc,turbo) detected communities in 0.18230271339416504 [s]
solution properties:
-------------------  ----------
# communities         30
min community size   122
max community size   239
avg. community size  166.633
modularity             0.782376
-------------------  ----------
30 community detected
NMI:0.0
ARM:0.0
__glovexmax50alpha0.2+PLP__
PLP detected communities in 0.08236265182495117 [s]
solution properties:
-------------------  ----------
# communities         30
min community size   122
max community size   239
avg. community size  166.633
modularity             0.782376
-------------------  ----------
30 community detected
NMI:0.0
ARM:0.0
__glovexmax40alpha0.2__
Network Properties for:		G#145cc
nodes, edges			4999, 56565
directed?			False
weighted?			True
isolated nodes			0
self-loops			0
density				0.004528
clustering coefficient		0.427715
min/max/avg degree		6, 238, 22.630526
degree assortativity		0.170895
number of connected components	1
size of largest component	4999 (100.00 %)
tot:  33726.36299110277
__glovexmax40alpha0.2+Louvain__
PLM(balanced,pc,turbo) detected communities in 0.16899466514587402 [s]
solution properties:
-------------------  ----------
# communities         30
min community size   122
max community size   239
avg. community size  166.633
modularity             0.782429
-------------------  ----------
30 community detected
NMI:0.0
ARM:0.0
__glovexmax40alpha0.2+PLP__
PLP detected communities in 0.07286310195922852 [s]
solution properties:
-------------------  ----------
# communities         30
min community size   122
max community size   239
avg. community size  166.633
modularity             0.782429
-------------------  ----------
30 community detected
NMI:0.0
ARM:0.0
__glovexmax30alpha0.3__
Network Properties for:		G#161cc
nodes, edges			4999, 56565
directed?			False
weighted?			True
isolated nodes			0
self-loops			0
density				0.004528
clustering coefficient		0.427715
min/max/avg degree		6, 238, 22.630526
degree assortativity		0.170895
number of connected components	1
size of largest component	4999 (100.00 %)
tot:  30208.93745631785
__glovexmax30alpha0.3+Louvain__
PLM(balanced,pc,turbo) detected communities in 0.18150043487548828 [s]
solution properties:
-------------------  ----------
# communities         30
min community size   122
max community size   239
avg. community size  166.633
modularity             0.782045
-------------------  ----------
30 community detected
NMI:0.0
ARM:0.0
__glovexmax30alpha0.3+PLP__
PLP detected communities in 0.057909250259399414 [s]
solution properties:
-------------------  ----------
# communities         30
min community size   122
max community size   239
avg. community size  166.633
modularity             0.782045
-------------------  ----------
30 community detected
NMI:0.0
ARM:0.0
