__LOADINGS__
Network Properties for:		network
nodes, edges			5000, 41894
directed?			False
weighted?			True
isolated nodes			0
self-loops			0
density				0.003352
clustering coefficient		0.300233
min/max/avg degree		2, 220, 16.757600
degree assortativity		0.209864
number of connected components	1
size of largest component	5000 (100.00 %)
315493.25764802744
__Groundtruth__
read communities from: ../../lfr_5000/mk300/k20/muw0.3/9/community.dat
-------------------  ----------
# communities         32
min community size   100
max community size   215
avg. community size  156.25
modularity             0.612028
-------------------  ----------
32 community detected
__CLASSIC_METHODS__
__Louvain__
PLM(balanced,pc,turbo) detected communities in 0.3485264778137207 [s]
solution properties:
-------------------  ----------
# communities         18
min community size   186
max community size   447
avg. community size  277.778
modularity             0.608616
-------------------  ----------
32 community detected
NMI:0.17235245291323043
ARM:0.3665822033929337
__Singleton__
32 community detected
NMI:0.4237009314786855
ARM:1.0
__AllInOne__
32 community detected
NMI:1.0
ARM:1.0
__PLP__
PLP detected communities in 0.08255648612976074 [s]
solution properties:
-------------------  ----------
# communities         32
min community size   100
max community size   225
avg. community size  156.25
modularity             0.615673
-------------------  ----------
32 community detected
NMI:0.0796366838000293
ARM:0.09521372255953964
__NORMALIZATION__
__glove__
Network Properties for:		G#21cc
nodes, edges			5000, 41894
directed?			False
weighted?			True
isolated nodes			0
self-loops			0
density				0.003352
clustering coefficient		0.300233
min/max/avg degree		2, 220, 16.757600
degree assortativity		0.209864
number of connected components	1
size of largest component	5000 (100.00 %)
tot:  5124.533187612409
__glove+Louvain__
PLM(balanced,pc,turbo) detected communities in 0.1963942050933838 [s]
solution properties:
-------------------  ----------
# communities         32
min community size   101
max community size   224
avg. community size  156.25
modularity             0.638303
-------------------  ----------
32 community detected
NMI:0.05774064715805505
ARM:0.06907271094463596
__glove+PLP__
PLP detected communities in 0.09015011787414551 [s]
solution properties:
-------------------  ----------
# communities         32
min community size   101
max community size   224
avg. community size  156.25
modularity             0.638299
-------------------  ----------
32 community detected
NMI:0.058853128664590915
ARM:0.07012482095355022
__fake_pmi__
Network Properties for:		G#37cc
nodes, edges			5000, 41894
directed?			False
weighted?			True
isolated nodes			0
self-loops			0
density				0.003352
clustering coefficient		0.300233
min/max/avg degree		2, 220, 16.757600
degree assortativity		0.209864
number of connected components	1
size of largest component	5000 (100.00 %)
tot:  0.0
__fake_pmi+Louvain__
1 community detected due to total edge weight equal 0
NMI:1
ARM:0.07012482095355022
__fake_pmi+PLP__
1 community detected due to total edge weight equal 0
NMI:1
ARM:0.07012482095355022
__iterative_rev_degree_order__
Network Properties for:		G#50cc
nodes, edges			5000, 41894
directed?			False
weighted?			True
isolated nodes			0
self-loops			0
density				0.003352
clustering coefficient		0.300233
min/max/avg degree		2, 220, 16.757600
degree assortativity		0.209864
number of connected components	1
size of largest component	5000 (100.00 %)
tot:  1503.597910135453
__iterative_rev_degree_order+Louvain__
PLM(balanced,pc,turbo) detected communities in 0.6024699211120605 [s]
solution properties:
-------------------  ----------
# communities         67
min community size    32
max community size   154
avg. community size   74.6269
modularity             0.855285
-------------------  ----------
32 community detected
NMI:0.7061910479474287
ARM:0.902634259445405
__iterative_rev_degree_order+PLP__
PLP detected communities in 0.06958150863647461 [s]
solution properties:
-------------------  -----------
# communities        1562
min community size      2
max community size     13
avg. community size     3.20102
modularity              0.744231
-------------------  -----------
32 community detected
NMI:0.47115602334336704
ARM:0.9851391099603172
__pmi__
Network Properties for:		G#75cc
nodes, edges			5000, 41894
directed?			False
weighted?			True
isolated nodes			0
self-loops			0
density				0.003352
clustering coefficient		0.300233
min/max/avg degree		2, 220, 16.757600
degree assortativity		0.209864
number of connected components	1
size of largest component	5000 (100.00 %)
tot:  117937.31738414227
__pmi+Louvain__
PLM(balanced,pc,turbo) detected communities in 0.35000133514404297 [s]
solution properties:
-------------------  ----------
# communities         30
min community size   115
max community size   412
avg. community size  166.667
modularity             0.867106
-------------------  ----------
32 community detected
NMI:0.185252989734913
ARM:0.2916398579982993
__pmi+PLP__
PLP detected communities in 0.1588149070739746 [s]
solution properties:
-------------------  ----------
# communities         78
min community size     1
max community size   214
avg. community size   64.1026
modularity             0.861387
-------------------  ----------
32 community detected
NMI:0.17003227519143405
ARM:0.22708062590467737
__standard__
Network Properties for:		G#94cc
nodes, edges			5000, 41894
directed?			False
weighted?			True
isolated nodes			0
self-loops			0
density				0.003352
clustering coefficient		0.300233
min/max/avg degree		2, 220, 16.757600
degree assortativity		0.209864
number of connected components	1
size of largest component	5000 (100.00 %)
tot:  13.015612682698366
__standard+Louvain__
PLM(balanced,pc,turbo) detected communities in 0.725743293762207 [s]
solution properties:
-------------------  ----------
# communities         40
min community size     2
max community size   247
avg. community size  125
modularity             0.805424
-------------------  ----------
32 community detected
NMI:0.48425342921236336
ARM:0.6183803905485977
__standard+PLP__
PLP detected communities in 0.12224102020263672 [s]
solution properties:
-------------------  ----------
# communities        1306
min community size      2
max community size     94
avg. community size     3.82848
modularity              0.65154
-------------------  ----------
32 community detected
NMI:0.45642990941878825
ARM:0.9361940263115461
__ppmi__
Network Properties for:		G#116cc
nodes, edges			5000, 41894
directed?			False
weighted?			True
isolated nodes			0
self-loops			0
density				0.003352
clustering coefficient		0.300233
min/max/avg degree		2, 220, 16.757600
degree assortativity		0.209864
number of connected components	1
size of largest component	5000 (100.00 %)
tot:  169792.56156598887
__ppmi+Louvain__
PLM(balanced,pc,turbo) detected communities in 0.46191930770874023 [s]
solution properties:
-------------------  ----------
# communities         25
min community size   104
max community size   415
avg. community size  200
modularity             0.683588
-------------------  ----------
32 community detected
NMI:0.08540346422771239
ARM:0.2233314549661467
__ppmi+PLP__
PLP detected communities in 0.13788461685180664 [s]
solution properties:
-------------------  ----------
# communities         48
min community size     1
max community size   208
avg. community size  104.167
modularity             0.688168
-------------------  ----------
32 community detected
NMI:0.041370264772157106
ARM:0.05174887845916343
__glovexmax50alpha0.2__
Network Properties for:		G#135cc
nodes, edges			5000, 41894
directed?			False
weighted?			True
isolated nodes			0
self-loops			0
density				0.003352
clustering coefficient		0.300233
min/max/avg degree		2, 220, 16.757600
degree assortativity		0.209864
number of connected components	1
size of largest component	5000 (100.00 %)
tot:  22756.67882291087
__glovexmax50alpha0.2+Louvain__
PLM(balanced,pc,turbo) detected communities in 0.19599294662475586 [s]
solution properties:
-------------------  ---------
# communities         32
min community size   100
max community size   215
avg. community size  156.25
modularity             0.67463
-------------------  ---------
32 community detected
NMI:0.00801578348082188
ARM:0.009487237116712177
__glovexmax50alpha0.2+PLP__
PLP detected communities in 0.11654520034790039 [s]
solution properties:
-------------------  ---------
# communities         32
min community size   100
max community size   215
avg. community size  156.25
modularity             0.67463
-------------------  ---------
32 community detected
NMI:0.00801578348082188
ARM:0.009487237116712177
__glovexmax40alpha0.2__
Network Properties for:		G#151cc
nodes, edges			5000, 41894
directed?			False
weighted?			True
isolated nodes			0
self-loops			0
density				0.003352
clustering coefficient		0.300233
min/max/avg degree		2, 220, 16.757600
degree assortativity		0.209864
number of connected components	1
size of largest component	5000 (100.00 %)
tot:  23769.39947063079
__glovexmax40alpha0.2+Louvain__
PLM(balanced,pc,turbo) detected communities in 0.2617805004119873 [s]
solution properties:
-------------------  ----------
# communities         32
min community size   100
max community size   215
avg. community size  156.25
modularity             0.674844
-------------------  ----------
32 community detected
NMI:0.008015783480821992
ARM:0.009487237116712177
__glovexmax40alpha0.2+PLP__
PLP detected communities in 0.12135577201843262 [s]
solution properties:
-------------------  ----------
# communities         32
min community size   100
max community size   215
avg. community size  156.25
modularity             0.674844
-------------------  ----------
32 community detected
NMI:0.008015783480821992
ARM:0.009487237116712177
__glovexmax30alpha0.3__
Network Properties for:		G#167cc
nodes, edges			5000, 41894
directed?			False
weighted?			True
isolated nodes			0
self-loops			0
density				0.003352
clustering coefficient		0.300233
min/max/avg degree		2, 220, 16.757600
degree assortativity		0.209864
number of connected components	1
size of largest component	5000 (100.00 %)
tot:  21163.098836317833
__glovexmax30alpha0.3+Louvain__
PLM(balanced,pc,turbo) detected communities in 0.20282936096191406 [s]
solution properties:
-------------------  ----------
# communities         32
min community size   101
max community size   216
avg. community size  156.25
modularity             0.672586
-------------------  ----------
32 community detected
NMI:0.013605632992645611
ARM:0.01582943707712081
__glovexmax30alpha0.3+PLP__
PLP detected communities in 0.10588550567626953 [s]
solution properties:
-------------------  ----------
# communities         32
min community size   101
max community size   216
avg. community size  156.25
modularity             0.672585
-------------------  ----------
32 community detected
NMI:0.013959314371604581
ARM:0.016251017614685503
