__LOADINGS__
Network Properties for:		network
nodes, edges			5000, 31044
directed?			False
weighted?			True
isolated nodes			1
self-loops			0
density				0.002484
clustering coefficient		0.391590
min/max/avg degree		0, 80, 12.417600
degree assortativity		0.306274
number of connected components	2
size of largest component	4999 (99.98 %)
164321.43546958535
__Groundtruth__
read communities from: ../../lfr_5000/mk100/k15/muw0.2/41/community.dat
-------------------  ----------
# communities        104
min community size    20
max community size    99
avg. community size   48.0769
modularity             0.800845
-------------------  ----------
104 community detected
__CLASSIC_METHODS__
__Louvain__
PLM(balanced,pc,turbo) detected communities in 0.45047807693481445 [s]
solution properties:
-------------------  ---------
# communities         60
min community size     1
max community size   167
avg. community size   83.3333
modularity             0.80298
-------------------  ---------
104 community detected
NMI:0.06574544972915375
ARM:0.23613304382155542
__Singleton__
104 community detected
NMI:0.3047814955401733
ARM:1.0
__AllInOne__
104 community detected
NMI:1.0
ARM:1.0
__PLP__
PLP detected communities in 0.10253119468688965 [s]
solution properties:
-------------------  ----------
# communities        112
min community size     1
max community size   100
avg. community size   44.6429
modularity             0.795742
-------------------  ----------
104 community detected
NMI:0.010692766081084049
ARM:0.021770476971359143
__NORMALIZATION__
__glove__
Network Properties for:		G#21cc
nodes, edges			4999, 31044
directed?			False
weighted?			True
isolated nodes			0
self-loops			0
density				0.002485
clustering coefficient		0.391669
min/max/avg degree		2, 80, 12.420084
degree assortativity		0.306274
number of connected components	1
size of largest component	4999 (100.00 %)
tot:  3183.6892404816745
__glove+Louvain__
PLM(balanced,pc,turbo) detected communities in 0.29984068870544434 [s]
solution properties:
-------------------  ----------
# communities         50
min community size    60
max community size   176
avg. community size   99.98
modularity             0.809791
-------------------  ----------
104 community detected
NMI:0.0829199377502784
ARM:0.30846027375552165
__glove+PLP__
PLP detected communities in 0.1233665943145752 [s]
solution properties:
-------------------  ----------
# communities        109
min community size     9
max community size   100
avg. community size   45.8624
modularity             0.805221
-------------------  ----------
104 community detected
NMI:0.006629380731658974
ARM:0.015103689852992597
__fake_pmi__
Network Properties for:		G#40cc
nodes, edges			4999, 31044
directed?			False
weighted?			True
isolated nodes			0
self-loops			0
density				0.002485
clustering coefficient		0.391669
min/max/avg degree		2, 80, 12.420084
degree assortativity		0.306274
number of connected components	1
size of largest component	4999 (100.00 %)
tot:  0.0
__fake_pmi+Louvain__
1 community detected due to total edge weight equal 0
NMI:1
ARM:0.015103689852992597
__fake_pmi+PLP__
1 community detected due to total edge weight equal 0
NMI:1
ARM:0.015103689852992597
__iterative_rev_degree_order__
Network Properties for:		G#53cc
nodes, edges			4999, 31044
directed?			False
weighted?			True
isolated nodes			0
self-loops			0
density				0.002485
clustering coefficient		0.391669
min/max/avg degree		2, 80, 12.420084
degree assortativity		0.306274
number of connected components	1
size of largest component	4999 (100.00 %)
tot:  1548.0427533339318
__iterative_rev_degree_order+Louvain__
PLM(balanced,pc,turbo) detected communities in 0.4873530864715576 [s]
solution properties:
-------------------  ----------
# communities         45
min community size    60
max community size   165
avg. community size  111.089
modularity             0.843971
-------------------  ----------
104 community detected
NMI:0.42085308716825554
ARM:0.7482018077484256
__iterative_rev_degree_order+PLP__
PLP detected communities in 0.09282851219177246 [s]
solution properties:
-------------------  ----------
# communities        1429
min community size      2
max community size     12
avg. community size     3.49825
modularity              0.6814
-------------------  ----------
104 community detected
NMI:0.30416246029271454
ARM:0.9386857661975169
__pmi__
Network Properties for:		G#78cc
nodes, edges			4999, 31044
directed?			False
weighted?			True
isolated nodes			0
self-loops			0
density				0.002485
clustering coefficient		0.391669
min/max/avg degree		2, 80, 12.420084
degree assortativity		0.306274
number of connected components	1
size of largest component	4999 (100.00 %)
tot:  182396.74786884442
__pmi+Louvain__
PLM(balanced,pc,turbo) detected communities in 0.3371114730834961 [s]
solution properties:
-------------------  ----------
# communities         68
min community size    34
max community size   127
avg. community size   73.5147
modularity             0.820793
-------------------  ----------
104 community detected
NMI:0.04456456096047712
ARM:0.15923326586583952
__pmi+PLP__
PLP detected communities in 0.09988522529602051 [s]
solution properties:
-------------------  ----------
# communities        109
min community size     2
max community size   100
avg. community size   45.8624
modularity             0.817544
-------------------  ----------
104 community detected
NMI:0.005547939428100279
ARM:0.014225613109562829
__standard__
Network Properties for:		G#97cc
nodes, edges			4999, 31044
directed?			False
weighted?			True
isolated nodes			0
self-loops			0
density				0.002485
clustering coefficient		0.391669
min/max/avg degree		2, 80, 12.420084
degree assortativity		0.306274
number of connected components	1
size of largest component	4999 (100.00 %)
tot:  33.90761600365918
__standard+Louvain__
PLM(balanced,pc,turbo) detected communities in 0.5933477878570557 [s]
solution properties:
-------------------  ----------
# communities         61
min community size    26
max community size   337
avg. community size   81.9508
modularity             0.852941
-------------------  ----------
104 community detected
NMI:0.200135064731362
ARM:0.518441582636641
__standard+PLP__
PLP detected communities in 0.20700287818908691 [s]
solution properties:
-------------------  ----------
# communities        566
min community size     1
max community size    74
avg. community size    8.83216
modularity             0.699822
-------------------  ----------
104 community detected
NMI:0.17379106620823148
ARM:0.4170838013098721
__ppmi__
Network Properties for:		G#119cc
nodes, edges			4999, 31044
directed?			False
weighted?			True
isolated nodes			0
self-loops			0
density				0.002485
clustering coefficient		0.391669
min/max/avg degree		2, 80, 12.420084
degree assortativity		0.306274
number of connected components	1
size of largest component	4999 (100.00 %)
tot:  187000.93710105584
__ppmi+Louvain__
PLM(balanced,pc,turbo) detected communities in 0.36974191665649414 [s]
solution properties:
-------------------  ----------
# communities         64
min community size    44
max community size   144
avg. community size   78.1094
modularity             0.817577
-------------------  ----------
104 community detected
NMI:0.04803996635080343
ARM:0.17534941335951015
__ppmi+PLP__
PLP detected communities in 0.10907578468322754 [s]
solution properties:
-------------------  ----------
# communities        111
min community size     2
max community size   100
avg. community size   45.036
modularity             0.813728
-------------------  ----------
104 community detected
NMI:0.0027823929968678884
ARM:0.004745242436829833
__glovexmax50alpha0.2__
Network Properties for:		G#138cc
nodes, edges			4999, 31044
directed?			False
weighted?			True
isolated nodes			0
self-loops			0
density				0.002485
clustering coefficient		0.391669
min/max/avg degree		2, 80, 12.420084
degree assortativity		0.306274
number of connected components	1
size of largest component	4999 (100.00 %)
tot:  18136.795746897587
__glovexmax50alpha0.2+Louvain__
PLM(balanced,pc,turbo) detected communities in 0.13477540016174316 [s]
solution properties:
-------------------  ----------
# communities         62
min community size    43
max community size   116
avg. community size   80.629
modularity             0.815484
-------------------  ----------
104 community detected
NMI:0.05143720193653545
ARM:0.18659222385878538
__glovexmax50alpha0.2+PLP__
PLP detected communities in 0.038205862045288086 [s]
solution properties:
-------------------  ----------
# communities        106
min community size     9
max community size   100
avg. community size   47.1604
modularity             0.813919
-------------------  ----------
104 community detected
NMI:0.0018899868926169905
ARM:0.003988772344511782
__glovexmax40alpha0.2__
Network Properties for:		G#157cc
nodes, edges			4999, 31044
directed?			False
weighted?			True
isolated nodes			0
self-loops			0
density				0.002485
clustering coefficient		0.391669
min/max/avg degree		2, 80, 12.420084
degree assortativity		0.306274
number of connected components	1
size of largest component	4999 (100.00 %)
tot:  18964.354840543925
__glovexmax40alpha0.2+Louvain__
PLM(balanced,pc,turbo) detected communities in 0.2589302062988281 [s]
solution properties:
-------------------  ----------
# communities         58
min community size    51
max community size   144
avg. community size   86.1897
modularity             0.815124
-------------------  ----------
104 community detected
NMI:0.059145460320321086
ARM:0.2168547504347874
__glovexmax40alpha0.2+PLP__
PLP detected communities in 0.03357887268066406 [s]
solution properties:
-------------------  ----------
# communities        106
min community size    11
max community size   100
avg. community size   47.1604
modularity             0.813643
-------------------  ----------
104 community detected
NMI:0.0019965448661422025
ARM:0.004296073719358362
__glovexmax30alpha0.3__
Network Properties for:		G#176cc
nodes, edges			4999, 31044
directed?			False
weighted?			True
isolated nodes			0
self-loops			0
density				0.002485
clustering coefficient		0.391669
min/max/avg degree		2, 80, 12.420084
degree assortativity		0.306274
number of connected components	1
size of largest component	4999 (100.00 %)
tot:  16592.3187560347
__glovexmax30alpha0.3+Louvain__
PLM(balanced,pc,turbo) detected communities in 0.258770227432251 [s]
solution properties:
-------------------  ----------
# communities         51
min community size    58
max community size   170
avg. community size   98.0196
modularity             0.815772
-------------------  ----------
104 community detected
NMI:0.07693446500180279
ARM:0.2879457378105389
__glovexmax30alpha0.3+PLP__
PLP detected communities in 0.06324982643127441 [s]
solution properties:
-------------------  ----------
# communities        107
min community size     9
max community size   100
avg. community size   46.7196
modularity             0.815067
-------------------  ----------
104 community detected
NMI:0.002815578557318066
ARM:0.00596007139412158
