__LOADINGS__
4992/52502 9.508209211077673 % of nul weighted edges removed
0/5000 0.0 % of nul degree nodes removed
Network Properties for:		network
nodes, edges			5000, 47510
directed?			False
weighted?			True
isolated nodes			0
self-loops			0
density				0.003802
clustering coefficient		0.242096
min/max/avg degree		1, 343, 19.004000
degree assortativity		0.286771
number of connected components	1
size of largest component	5000 (100.00 %)
430577.5410640363
__Groundtruth__
read communities from: ../../lfr_5000/mk500/k20/muw0.4/4/community.dat
-------------------  ----------
# communities         46
min community size     5
max community size   472
avg. community size  108.696
modularity             0.438322
-------------------  ----------
46 community detected
__CLASSIC_METHODS__
__Louvain__
PLM(balanced,pc,turbo) detected communities in 0.4147675037384033 [s]
solution properties:
-------------------  ---------
# communities         19
min community size    98
max community size   492
avg. community size  263.158
modularity             0.44588
-------------------  ---------
46 community detected
NMI:0.1971325974146343
ARI:0.24167112830521065
__Singleton__
46 community detected
NMI:0.4615053837445433
ARI:1.0
__AllInOne__
46 community detected
NMI:1.0
ARI:1.0
__PLP__
PLP detected communities in 0.1683363914489746 [s]
solution properties:
-------------------  ----------
# communities         39
min community size     2
max community size   643
avg. community size  128.205
modularity             0.442699
-------------------  ----------
46 community detected
NMI:0.1773909521407656
ARI:0.25122314521840794
__NORMALIZATION__
__glove__
Network Properties for:		G#21
nodes, edges			5000, 47510
directed?			False
weighted?			True
isolated nodes			0
self-loops			0
density				0.003802
clustering coefficient		0.242096
min/max/avg degree		1, 343, 19.004000
degree assortativity		0.286771
number of connected components	1
size of largest component	5000 (100.00 %)
tot:  6498.1735316812465
__glove+Louvain__
PLM(balanced,pc,turbo) detected communities in 0.5283043384552002 [s]
solution properties:
-------------------  ----------
# communities         21
min community size    52
max community size   484
avg. community size  238.095
modularity             0.476518
-------------------  ----------
46 community detected
NMI:0.15938319064320772
ARI:0.19713267446708227
__glove+PLP__
PLP detected communities in 0.1598067283630371 [s]
solution properties:
-------------------  ----------
# communities         43
min community size     2
max community size   509
avg. community size  116.279
modularity             0.475054
-------------------  ----------
46 community detected
NMI:0.13116190978554854
ARI:0.17817981636005154
__fake_pmi__
Network Properties for:		G#33
nodes, edges			5000, 47510
directed?			False
weighted?			True
isolated nodes			0
self-loops			0
density				0.003802
clustering coefficient		0.242096
min/max/avg degree		1, 343, 19.004000
degree assortativity		0.286771
number of connected components	1
size of largest component	5000 (100.00 %)
tot:  0.0
__fake_pmi+Louvain__
1 community detected due to total edge weight equal 0
NMI:1
ARI:1
__fake_pmi+PLP__
1 community detected due to total edge weight equal 0
NMI:1
ARI:1
__iterative_rev_degree_order__
Network Properties for:		G#36
nodes, edges			5000, 47510
directed?			False
weighted?			True
isolated nodes			0
self-loops			0
density				0.003802
clustering coefficient		0.242096
min/max/avg degree		1, 343, 19.004000
degree assortativity		0.286771
number of connected components	1
size of largest component	5000 (100.00 %)
tot:  1281.512367395057
__iterative_rev_degree_order+Louvain__
PLM(balanced,pc,turbo) detected communities in 0.9309978485107422 [s]
solution properties:
-------------------  ----------
# communities         77
min community size    24
max community size   116
avg. community size   64.9351
modularity             0.867178
-------------------  ----------
46 community detected
NMI:0.7885551345281885
ARI:0.9773700284446494
__iterative_rev_degree_order+PLP__
PLP detected communities in 0.09070110321044922 [s]
solution properties:
-------------------  -----------
# communities        1595
min community size      2
max community size     11
avg. community size     3.1348
modularity              0.753708
-------------------  -----------
46 community detected
NMI:0.528305540723515
ARI:0.9935217729470026
__pmi__
Network Properties for:		G#51
nodes, edges			5000, 47510
directed?			False
weighted?			True
isolated nodes			0
self-loops			0
density				0.003802
clustering coefficient		0.242096
min/max/avg degree		1, 343, 19.004000
degree assortativity		0.286771
number of connected components	1
size of largest component	5000 (100.00 %)
tot:  56074.20777610619
__pmi+Louvain__
PLM(balanced,pc,turbo) detected communities in 0.8022148609161377 [s]
solution properties:
-------------------  ---------
# communities         31
min community size     1
max community size   919
avg. community size  161.29
modularity             1.34401
-------------------  ---------
46 community detected
NMI:0.5963818408738276
ARI:0.8254985568770418
__pmi+PLP__
PLP detected communities in 0.24213838577270508 [s]
solution properties:
-------------------  ----------
# communities         379
min community size      1
max community size   1183
avg. community size    13.1926
modularity              1.22283
-------------------  ----------
46 community detected
NMI:0.5296799007782245
ARI:0.8497090077485681
__standard__
Network Properties for:		G#63
nodes, edges			5000, 47510
directed?			False
weighted?			True
isolated nodes			0
self-loops			0
density				0.003802
clustering coefficient		0.242096
min/max/avg degree		1, 343, 19.004000
degree assortativity		0.286771
number of connected components	1
size of largest component	5000 (100.00 %)
tot:  16.77310943032269
__standard+Louvain__
PLM(balanced,pc,turbo) detected communities in 0.6578526496887207 [s]
solution properties:
-------------------  ----------
# communities         94
min community size     2
max community size   235
avg. community size   53.1915
modularity             0.871773
-------------------  ----------
46 community detected
NMI:0.7210806317753344
ARI:0.9338898149453144
__standard+PLP__
PLP detected communities in 0.1758284568786621 [s]
solution properties:
-------------------  -----------
# communities        1261
min community size      2
max community size     53
avg. community size     3.96511
modularity              0.752944
-------------------  -----------
46 community detected
NMI:0.5562090714559658
ARI:0.9888720353775031
__ppmi__
Network Properties for:		G#75
nodes, edges			5000, 47510
directed?			False
weighted?			True
isolated nodes			0
self-loops			0
density				0.003802
clustering coefficient		0.242096
min/max/avg degree		1, 343, 19.004000
degree assortativity		0.286771
number of connected components	1
size of largest component	5000 (100.00 %)
tot:  157513.6551980143
__ppmi+Louvain__
PLM(balanced,pc,turbo) detected communities in 0.7046041488647461 [s]
solution properties:
-------------------  ----------
# communities         29
min community size    19
max community size   446
avg. community size  172.414
modularity             0.579184
-------------------  ----------
46 community detected
NMI:0.2681928498829045
ARI:0.3376079630244532
__ppmi+PLP__
PLP detected communities in 0.16465377807617188 [s]
solution properties:
-------------------  -----------
# communities         133
min community size      1
max community size   1922
avg. community size    37.594
modularity              0.505043
-------------------  -----------
46 community detected
NMI:0.3227371512477277
ARI:0.7119373950398338
__glovexmax50alpha0.2__
Network Properties for:		G#87
nodes, edges			5000, 47510
directed?			False
weighted?			True
isolated nodes			0
self-loops			0
density				0.003802
clustering coefficient		0.242096
min/max/avg degree		1, 343, 19.004000
degree assortativity		0.286771
number of connected components	1
size of largest component	5000 (100.00 %)
tot:  25050.279987292663
__glovexmax50alpha0.2+Louvain__
PLM(balanced,pc,turbo) detected communities in 0.4322237968444824 [s]
solution properties:
-------------------  ---------
# communities         25
min community size    34
max community size   471
avg. community size  200
modularity             0.53174
-------------------  ---------
46 community detected
NMI:0.06262958180583456
ARI:0.06617842430196597
__glovexmax50alpha0.2+PLP__
PLP detected communities in 0.10484600067138672 [s]
solution properties:
-------------------  ----------
# communities         45
min community size     5
max community size   480
avg. community size  111.111
modularity             0.529751
-------------------  ----------
46 community detected
NMI:0.03668245606324061
ARI:0.046208524560538256
__glovexmax40alpha0.2__
Network Properties for:		G#96
nodes, edges			5000, 47510
directed?			False
weighted?			True
isolated nodes			0
self-loops			0
density				0.003802
clustering coefficient		0.242096
min/max/avg degree		1, 343, 19.004000
degree assortativity		0.286771
number of connected components	1
size of largest component	5000 (100.00 %)
tot:  26134.120139684062
__glovexmax40alpha0.2+Louvain__
PLM(balanced,pc,turbo) detected communities in 0.4235055446624756 [s]
solution properties:
-------------------  ----------
# communities         26
min community size    43
max community size   473
avg. community size  192.308
modularity             0.532319
-------------------  ----------
46 community detected
NMI:0.05739213943253818
ARI:0.05997442999894642
__glovexmax40alpha0.2+PLP__
PLP detected communities in 0.10403704643249512 [s]
solution properties:
-------------------  ----------
# communities         46
min community size     5
max community size   486
avg. community size  108.696
modularity             0.517441
-------------------  ----------
46 community detected
NMI:0.052163428696599845
ARI:0.09014418705079397
__glovexmax30alpha0.3__
Network Properties for:		G#105
nodes, edges			5000, 47510
directed?			False
weighted?			True
isolated nodes			0
self-loops			0
density				0.003802
clustering coefficient		0.242096
min/max/avg degree		1, 343, 19.004000
degree assortativity		0.286771
number of connected components	1
size of largest component	5000 (100.00 %)
tot:  23550.73387008627
__glovexmax30alpha0.3+Louvain__
PLM(balanced,pc,turbo) detected communities in 0.4345552921295166 [s]
solution properties:
-------------------  ----------
# communities         27
min community size    11
max community size   476
avg. community size  185.185
modularity             0.527667
-------------------  ----------
46 community detected
NMI:0.07370553731778984
ARI:0.08389630429635542
__glovexmax30alpha0.3+PLP__
PLP detected communities in 0.08719062805175781 [s]
solution properties:
-------------------  ----------
# communities         45
min community size     5
max community size   488
avg. community size  111.111
modularity             0.527097
-------------------  ----------
46 community detected
NMI:0.05613716514035616
ARI:0.07416002679784561
NMI classement:
[('NMIglovexmax50alpha0.2+PLP', 0.03668245606324061), ('NMIglovexmax40alpha0.2+PLP', 0.052163428696599845), ('NMIglovexmax30alpha0.3+PLP', 0.05613716514035616), ('NMIglovexmax40alpha0.2+Louvain', 0.05739213943253818), ('NMIglovexmax50alpha0.2+Louvain', 0.06262958180583456), ('NMIglovexmax30alpha0.3+Louvain', 0.07370553731778984), ('NMIglove+PLP', 0.13116190978554854), ('NMIglove+Louvain', 0.15938319064320772), ('NMIPLP', 0.1773909521407656), ('NMILouvain', 0.1971325974146343), ('NMIppmi+Louvain', 0.2681928498829045), ('NMIppmi+PLP', 0.3227371512477277), ('NMISingleton', 0.4615053837445433), ('NMIiterative_rev_degree_order+PLP', 0.528305540723515), ('NMIpmi+PLP', 0.5296799007782245), ('NMIstandard+PLP', 0.5562090714559658), ('NMIpmi+Louvain', 0.5963818408738276), ('NMIstandard+Louvain', 0.7210806317753344), ('NMIiterative_rev_degree_order+Louvain', 0.7885551345281885), ('NMIAllInOne', 1.0), ('NMIfake_pmi+Louvain', 1), ('NMIfake_pmi+PLP', 1)]
ARI classement:
[('ARIglovexmax50alpha0.2+PLP', 0.046208524560538256), ('ARIglovexmax40alpha0.2+Louvain', 0.05997442999894642), ('ARIglovexmax50alpha0.2+Louvain', 0.06617842430196597), ('ARIglovexmax30alpha0.3+PLP', 0.07416002679784561), ('ARIglovexmax30alpha0.3+Louvain', 0.08389630429635542), ('ARIglovexmax40alpha0.2+PLP', 0.09014418705079397), ('ARIglove+PLP', 0.17817981636005154), ('ARIglove+Louvain', 0.19713267446708227), ('ARILouvain', 0.24167112830521065), ('ARIPLP', 0.25122314521840794), ('ARIppmi+Louvain', 0.3376079630244532), ('ARIppmi+PLP', 0.7119373950398338), ('ARIpmi+Louvain', 0.8254985568770418), ('ARIpmi+PLP', 0.8497090077485681), ('ARIstandard+Louvain', 0.9338898149453144), ('ARIiterative_rev_degree_order+Louvain', 0.9773700284446494), ('ARIstandard+PLP', 0.9888720353775031), ('ARIiterative_rev_degree_order+PLP', 0.9935217729470026), ('ARISingleton', 1.0), ('ARIAllInOne', 1.0), ('ARIfake_pmi+Louvain', 1), ('ARIfake_pmi+PLP', 1)]
