__LOADINGS__
Network Properties for:		network
nodes, edges			5000, 56252
directed?			False
weighted?			True
isolated nodes			0
self-loops			0
density				0.004501
clustering coefficient		0.447707
min/max/avg degree		2, 87, 22.500800
degree assortativity		0.409931
number of connected components	1
size of largest component	5000 (100.00 %)
337213.31007433764
__Groundtruth__
read communities from: ../../lfr_5000/mk100/k25/muw0.2/44/community.dat
-------------------  ----------
# communities        104
min community size    20
max community size    99
avg. community size   48.0769
modularity             0.817437
-------------------  ----------
104 community detected
__CLASSIC_METHODS__
__Louvain__
PLM(balanced,pc,turbo) detected communities in 0.4911689758300781 [s]
solution properties:
-------------------  ----------
# communities         65
min community size    42
max community size   122
avg. community size   76.9231
modularity             0.817731
-------------------  ----------
104 community detected
NMI:0.04522529832191169
ARM:0.16435331416527432
__Singleton__
104 community detected
NMI:0.30478149554017087
ARM:1.0
__AllInOne__
104 community detected
NMI:1.0
ARM:1.0
__PLP__
PLP detected communities in 0.07094717025756836 [s]
solution properties:
-------------------  ----------
# communities        104
min community size    20
max community size   101
avg. community size   48.0769
modularity             0.817479
-------------------  ----------
104 community detected
NMI:0.00048498238702465724
ARM:0.0012679256946371842
__NORMALIZATION__
__glove__
Network Properties for:		G#21cc
nodes, edges			5000, 56252
directed?			False
weighted?			True
isolated nodes			0
self-loops			0
density				0.004501
clustering coefficient		0.447707
min/max/avg degree		2, 87, 22.500800
degree assortativity		0.409931
number of connected components	1
size of largest component	5000 (100.00 %)
tot:  6589.782112459165
__glove+Louvain__
PLM(balanced,pc,turbo) detected communities in 0.39774441719055176 [s]
solution properties:
-------------------  ----------
# communities         74
min community size    32
max community size   101
avg. community size   67.5676
modularity             0.819664
-------------------  ----------
104 community detected
NMI:0.03091598058284839
ARM:0.1067974008548328
__glove+PLP__
PLP detected communities in 0.07865428924560547 [s]
solution properties:
-------------------  ----------
# communities        104
min community size    20
max community size   101
avg. community size   48.0769
modularity             0.819364
-------------------  ----------
104 community detected
NMI:0.0004849823870245462
ARM:0.0012679256946371842
__fake_pmi__
Network Properties for:		G#40cc
nodes, edges			5000, 56252
directed?			False
weighted?			True
isolated nodes			0
self-loops			0
density				0.004501
clustering coefficient		0.447707
min/max/avg degree		2, 87, 22.500800
degree assortativity		0.409931
number of connected components	1
size of largest component	5000 (100.00 %)
tot:  0.0
__fake_pmi+Louvain__
1 community detected due to total edge weight equal 0
NMI:1
ARM:0.0012679256946371842
__fake_pmi+PLP__
1 community detected due to total edge weight equal 0
NMI:1
ARM:0.0012679256946371842
__iterative_rev_degree_order__
Network Properties for:		G#53cc
nodes, edges			5000, 56252
directed?			False
weighted?			True
isolated nodes			0
self-loops			0
density				0.004501
clustering coefficient		0.447707
min/max/avg degree		2, 87, 22.500800
degree assortativity		0.409931
number of connected components	1
size of largest component	5000 (100.00 %)
tot:  1155.7024762138512
__iterative_rev_degree_order+Louvain__
PLM(balanced,pc,turbo) detected communities in 0.6038436889648438 [s]
solution properties:
-------------------  ----------
# communities         57
min community size     5
max community size   198
avg. community size   87.7193
modularity             0.788092
-------------------  ----------
104 community detected
NMI:0.38715769914123366
ARM:0.7204981630301304
__iterative_rev_degree_order+PLP__
PLP detected communities in 0.14667081832885742 [s]
solution properties:
-------------------  -----------
# communities        1080
min community size      2
max community size     33
avg. community size     4.62963
modularity              0.620283
-------------------  -----------
104 community detected
NMI:0.2979134181541302
ARM:0.896885476712104
__pmi__
Network Properties for:		G#75cc
nodes, edges			5000, 56252
directed?			False
weighted?			True
isolated nodes			0
self-loops			0
density				0.004501
clustering coefficient		0.447707
min/max/avg degree		2, 87, 22.500800
degree assortativity		0.409931
number of connected components	1
size of largest component	5000 (100.00 %)
tot:  335514.76424942346
__pmi+Louvain__
PLM(balanced,pc,turbo) detected communities in 0.3635895252227783 [s]
solution properties:
-------------------  ----------
# communities         92
min community size    20
max community size   100
avg. community size   54.3478
modularity             0.821504
-------------------  ----------
104 community detected
NMI:0.010119153434654193
ARM:0.0308967698831486
__pmi+PLP__
PLP detected communities in 0.08719921112060547 [s]
solution properties:
-------------------  ----------
# communities        103
min community size    20
max community size   109
avg. community size   48.5437
modularity             0.821233
-------------------  ----------
104 community detected
NMI:0.0016378870322433237
ARM:0.008736500590680873
__standard__
Network Properties for:		G#94cc
nodes, edges			5000, 56252
directed?			False
weighted?			True
isolated nodes			0
self-loops			0
density				0.004501
clustering coefficient		0.447707
min/max/avg degree		2, 87, 22.500800
degree assortativity		0.409931
number of connected components	1
size of largest component	5000 (100.00 %)
tot:  18.340756248022466
__standard+Louvain__
PLM(balanced,pc,turbo) detected communities in 0.5639770030975342 [s]
solution properties:
-------------------  ----------
# communities         57
min community size    23
max community size   306
avg. community size   87.7193
modularity             0.824089
-------------------  ----------
104 community detected
NMI:0.11828936304321258
ARM:0.41071284662020124
__standard+PLP__
PLP detected communities in 0.13585305213928223 [s]
solution properties:
-------------------  ----------
# communities        158
min community size     2
max community size   126
avg. community size   31.6456
modularity             0.817393
-------------------  ----------
104 community detected
NMI:0.04597054760434993
ARM:0.10343699211378832
__ppmi__
Network Properties for:		G#116cc
nodes, edges			5000, 56252
directed?			False
weighted?			True
isolated nodes			0
self-loops			0
density				0.004501
clustering coefficient		0.447707
min/max/avg degree		2, 87, 22.500800
degree assortativity		0.409931
number of connected components	1
size of largest component	5000 (100.00 %)
tot:  336462.75511678885
__ppmi+Louvain__
PLM(balanced,pc,turbo) detected communities in 0.40515589714050293 [s]
solution properties:
-------------------  ----------
# communities         61
min community size    55
max community size   109
avg. community size   81.9672
modularity             0.818456
-------------------  ----------
104 community detected
NMI:0.05130990370186217
ARM:0.18472985156742838
__ppmi+PLP__
PLP detected communities in 0.07996463775634766 [s]
solution properties:
-------------------  ----------
# communities        104
min community size    20
max community size   100
avg. community size   48.0769
modularity             0.820215
-------------------  ----------
104 community detected
NMI:0.0002442217426904536
ARM:0.0006568525172906403
__glovexmax50alpha0.2__
Network Properties for:		G#135cc
nodes, edges			5000, 56252
directed?			False
weighted?			True
isolated nodes			0
self-loops			0
density				0.004501
clustering coefficient		0.447707
min/max/avg degree		2, 87, 22.500800
degree assortativity		0.409931
number of connected components	1
size of largest component	5000 (100.00 %)
tot:  35506.4123400506
__glovexmax50alpha0.2+Louvain__
PLM(balanced,pc,turbo) detected communities in 0.3972289562225342 [s]
solution properties:
-------------------  ----------
# communities         61
min community size    52
max community size   120
avg. community size   81.9672
modularity             0.816684
-------------------  ----------
104 community detected
NMI:0.05243816139686863
ARM:0.19236030396577675
__glovexmax50alpha0.2+PLP__
PLP detected communities in 0.09260773658752441 [s]
solution properties:
-------------------  ---------
# communities        104
min community size    20
max community size   101
avg. community size   48.0769
modularity             0.81742
-------------------  ---------
104 community detected
NMI:0.0004849823870245462
ARM:0.0012679256946371842
__glovexmax40alpha0.2__
Network Properties for:		G#154cc
nodes, edges			5000, 56252
directed?			False
weighted?			True
isolated nodes			0
self-loops			0
density				0.004501
clustering coefficient		0.447707
min/max/avg degree		2, 87, 22.500800
degree assortativity		0.409931
number of connected components	1
size of largest component	5000 (100.00 %)
tot:  37126.90911337224
__glovexmax40alpha0.2+Louvain__
PLM(balanced,pc,turbo) detected communities in 0.46766042709350586 [s]
solution properties:
-------------------  ----------
# communities         63
min community size    49
max community size   143
avg. community size   79.3651
modularity             0.816909
-------------------  ----------
104 community detected
NMI:0.04868435872415555
ARM:0.1781470476323257
__glovexmax40alpha0.2+PLP__
PLP detected communities in 0.09220314025878906 [s]
solution properties:
-------------------  ---------
# communities        104
min community size    20
max community size   101
avg. community size   48.0769
modularity             0.81742
-------------------  ---------
104 community detected
NMI:0.00048498238702476826
ARM:0.0012679256946371842
__glovexmax30alpha0.3__
Network Properties for:		G#173cc
nodes, edges			5000, 56252
directed?			False
weighted?			True
isolated nodes			0
self-loops			0
density				0.004501
clustering coefficient		0.447707
min/max/avg degree		2, 87, 22.500800
degree assortativity		0.409931
number of connected components	1
size of largest component	5000 (100.00 %)
tot:  33191.21641282592
__glovexmax30alpha0.3+Louvain__
PLM(balanced,pc,turbo) detected communities in 0.20955395698547363 [s]
solution properties:
-------------------  ----------
# communities         63
min community size    51
max community size   136
avg. community size   79.3651
modularity             0.818495
-------------------  ----------
104 community detected
NMI:0.048068854586225895
ARM:0.17283286665458564
__glovexmax30alpha0.3+PLP__
PLP detected communities in 0.045177459716796875 [s]
solution properties:
-------------------  ---------
# communities        104
min community size    20
max community size   101
avg. community size   48.0769
modularity             0.81898
-------------------  ---------
104 community detected
NMI:0.0004849823870245462
ARM:0.0012679256946371842
