__LOADINGS__
4990/62113 8.03374494872249 % of nul weighted edges removed
0/5000 0.0 % of nul degree nodes removed
Network Properties for:		network
nodes, edges			5000, 57123
directed?			False
weighted?			True
isolated nodes			0
self-loops			0
density				0.004571
clustering coefficient		0.243022
min/max/avg degree		1, 224, 22.849200
degree assortativity		0.277078
number of connected components	1
size of largest component	5000 (100.00 %)
449149.96764233906
__Groundtruth__
read communities from: ../../lfr_5000/mk300/k25/muw0.4/20/community.dat
-------------------  ----------
# communities         40
min community size    89
max community size   180
avg. community size  125
modularity             0.539834
-------------------  ----------
40 community detected
__CLASSIC_METHODS__
__Louvain__
PLM(balanced,pc,turbo) detected communities in 0.3669147491455078 [s]
solution properties:
-------------------  ----------
# communities         37
min community size    91
max community size   199
avg. community size  135.135
modularity             0.540757
-------------------  ----------
40 community detected
NMI:0.047221121267104316
ARI:0.08537683096478543
__Singleton__
40 community detected
NMI:0.3983004112753804
ARI:1.0
__AllInOne__
40 community detected
NMI:1.0
ARI:1.0
__PLP__
PLP detected communities in 0.13722825050354004 [s]
solution properties:
-------------------  ---------
# communities         40
min community size    88
max community size   181
avg. community size  125
modularity             0.54068
-------------------  ---------
40 community detected
NMI:0.03683131972497067
ARI:0.047370453560310555
__NORMALIZATION__
__glove__
Network Properties for:		G#21
nodes, edges			5000, 57123
directed?			False
weighted?			True
isolated nodes			0
self-loops			0
density				0.004571
clustering coefficient		0.243022
min/max/avg degree		1, 224, 22.849200
degree assortativity		0.277078
number of connected components	1
size of largest component	5000 (100.00 %)
tot:  7515.647068245747
__glove+Louvain__
PLM(balanced,pc,turbo) detected communities in 0.35573625564575195 [s]
solution properties:
-------------------  ----------
# communities         39
min community size    89
max community size   180
avg. community size  128.205
modularity             0.555678
-------------------  ----------
40 community detected
NMI:0.02095685341077458
ARI:0.0354867437446289
__glove+PLP__
PLP detected communities in 0.07884836196899414 [s]
solution properties:
-------------------  ----------
# communities         40
min community size    88
max community size   180
avg. community size  125
modularity             0.555672
-------------------  ----------
40 community detected
NMI:0.01881618386831385
ARI:0.025172274528611482
__fake_pmi__
Network Properties for:		G#30
nodes, edges			5000, 57123
directed?			False
weighted?			True
isolated nodes			0
self-loops			0
density				0.004571
clustering coefficient		0.243022
min/max/avg degree		1, 224, 22.849200
degree assortativity		0.277078
number of connected components	1
size of largest component	5000 (100.00 %)
tot:  0.0
__fake_pmi+Louvain__
1 community detected due to total edge weight equal 0
NMI:1
ARI:1
__fake_pmi+PLP__
1 community detected due to total edge weight equal 0
NMI:1
ARI:1
__iterative_rev_degree_order__
Network Properties for:		G#33
nodes, edges			5000, 57123
directed?			False
weighted?			True
isolated nodes			0
self-loops			0
density				0.004571
clustering coefficient		0.243022
min/max/avg degree		1, 224, 22.849200
degree assortativity		0.277078
number of connected components	1
size of largest component	5000 (100.00 %)
tot:  1316.2058389086055
__iterative_rev_degree_order+Louvain__
PLM(balanced,pc,turbo) detected communities in 0.8394289016723633 [s]
solution properties:
-------------------  ----------
# communities         72
min community size     2
max community size   169
avg. community size   69.4444
modularity             0.800136
-------------------  ----------
40 community detected
NMI:0.7838298530892719
ARI:0.9615999121746001
__iterative_rev_degree_order+PLP__
PLP detected communities in 0.06607484817504883 [s]
solution properties:
-------------------  -----------
# communities        1511
min community size      2
max community size     12
avg. community size     3.30907
modularity              0.686021
-------------------  -----------
40 community detected
NMI:0.47552465417057777
ARI:0.987762448232688
__pmi__
Network Properties for:		G#48
nodes, edges			5000, 57123
directed?			False
weighted?			True
isolated nodes			0
self-loops			0
density				0.004571
clustering coefficient		0.243022
min/max/avg degree		1, 224, 22.849200
degree assortativity		0.277078
number of connected components	1
size of largest component	5000 (100.00 %)
tot:  184487.74458732668
__pmi+Louvain__
PLM(balanced,pc,turbo) detected communities in 0.5117368698120117 [s]
solution properties:
-------------------  ----------
# communities         31
min community size    99
max community size   481
avg. community size  161.29
modularity             0.672542
-------------------  ----------
40 community detected
NMI:0.1628947602703611
ARI:0.3548822036426921
__pmi+PLP__
PLP detected communities in 0.10791826248168945 [s]
solution properties:
-------------------  ----------
# communities         52
min community size     2
max community size   189
avg. community size   96.1538
modularity             0.670769
-------------------  ----------
40 community detected
NMI:0.13018188399789887
ARI:0.18858066288108633
__standard__
Network Properties for:		G#57
nodes, edges			5000, 57123
directed?			False
weighted?			True
isolated nodes			0
self-loops			0
density				0.004571
clustering coefficient		0.243022
min/max/avg degree		1, 224, 22.849200
degree assortativity		0.277078
number of connected components	1
size of largest component	5000 (100.00 %)
tot:  10.358519649279494
__standard+Louvain__
PLM(balanced,pc,turbo) detected communities in 0.9691493511199951 [s]
solution properties:
-------------------  ----------
# communities         42
min community size     5
max community size   307
avg. community size  119.048
modularity             0.697477
-------------------  ----------
40 community detected
NMI:0.5894715281899987
ARI:0.7555854208138395
__standard+PLP__
PLP detected communities in 0.41765594482421875 [s]
solution properties:
-------------------  -----------
# communities         628
min community size      2
max community size   3201
avg. community size     7.96178
modularity              0.509143
-------------------  -----------
40 community detected
NMI:0.6941137526412375
ARI:0.9997484422809109
__ppmi__
Network Properties for:		G#72
nodes, edges			5000, 57123
directed?			False
weighted?			True
isolated nodes			0
self-loops			0
density				0.004571
clustering coefficient		0.243022
min/max/avg degree		1, 224, 22.849200
degree assortativity		0.277078
number of connected components	1
size of largest component	5000 (100.00 %)
tot:  239599.99295715382
__ppmi+Louvain__
PLM(balanced,pc,turbo) detected communities in 0.3563423156738281 [s]
solution properties:
-------------------  ----------
# communities         40
min community size    90
max community size   178
avg. community size  125
modularity             0.598623
-------------------  ----------
40 community detected
NMI:0.009707402023761524
ARI:0.013403300246570105
__ppmi+PLP__
PLP detected communities in 0.14460396766662598 [s]
solution properties:
-------------------  ----------
# communities         41
min community size     2
max community size   178
avg. community size  121.951
modularity             0.598539
-------------------  ----------
40 community detected
NMI:0.008713941771256506
ARI:0.01219367598305876
__glovexmax50alpha0.2__
Network Properties for:		G#81
nodes, edges			5000, 57123
directed?			False
weighted?			True
isolated nodes			0
self-loops			0
density				0.004571
clustering coefficient		0.243022
min/max/avg degree		1, 224, 22.849200
degree assortativity		0.277078
number of connected components	1
size of largest component	5000 (100.00 %)
tot:  33049.713111317345
__glovexmax50alpha0.2+Louvain__
PLM(balanced,pc,turbo) detected communities in 0.24263477325439453 [s]
solution properties:
-------------------  ----------
# communities         40
min community size    89
max community size   179
avg. community size  125
modularity             0.583824
-------------------  ----------
40 community detected
NMI:0.0009797950030926428
ARI:0.001417978322932667
__glovexmax50alpha0.2+PLP__
PLP detected communities in 0.10162067413330078 [s]
solution properties:
-------------------  ----------
# communities         41
min community size    52
max community size   179
avg. community size  121.951
modularity             0.579139
-------------------  ----------
40 community detected
NMI:0.0030141494632582866
ARI:0.006042478145577679
__glovexmax40alpha0.2__
Network Properties for:		G#87
nodes, edges			5000, 57123
directed?			False
weighted?			True
isolated nodes			0
self-loops			0
density				0.004571
clustering coefficient		0.243022
min/max/avg degree		1, 224, 22.849200
degree assortativity		0.277078
number of connected components	1
size of largest component	5000 (100.00 %)
tot:  34530.771199846175
__glovexmax40alpha0.2+Louvain__
PLM(balanced,pc,turbo) detected communities in 0.2693667411804199 [s]
solution properties:
-------------------  ----------
# communities         40
min community size    89
max community size   179
avg. community size  125
modularity             0.583887
-------------------  ----------
40 community detected
NMI:0.0009797950030924207
ARI:0.001417978322932667
__glovexmax40alpha0.2+PLP__
PLP detected communities in 0.08475685119628906 [s]
solution properties:
-------------------  ----------
# communities         41
min community size    64
max community size   179
avg. community size  121.951
modularity             0.576827
-------------------  ----------
40 community detected
NMI:0.004428433924897446
ARI:0.011230873836188149
__glovexmax30alpha0.3__
Network Properties for:		G#93
nodes, edges			5000, 57123
directed?			False
weighted?			True
isolated nodes			0
self-loops			0
density				0.004571
clustering coefficient		0.243022
min/max/avg degree		1, 224, 22.849200
degree assortativity		0.277078
number of connected components	1
size of largest component	5000 (100.00 %)
tot:  31168.17962803801
__glovexmax30alpha0.3+Louvain__
PLM(balanced,pc,turbo) detected communities in 0.09652447700500488 [s]
solution properties:
-------------------  ----------
# communities         40
min community size    89
max community size   179
avg. community size  125
modularity             0.581229
-------------------  ----------
40 community detected
NMI:0.0019465508945408772
ARI:0.002720759728334632
__glovexmax30alpha0.3+PLP__
PLP detected communities in 0.06691241264343262 [s]
solution properties:
-------------------  ----------
# communities         40
min community size    89
max community size   179
avg. community size  125
modularity             0.581229
-------------------  ----------
40 community detected
NMI:0.0019655380217816765
ARI:0.0028610315502938244
NMI classement:
[('NMIglovexmax40alpha0.2+Louvain', 0.0009797950030924207), ('NMIglovexmax50alpha0.2+Louvain', 0.0009797950030926428), ('NMIglovexmax30alpha0.3+Louvain', 0.0019465508945408772), ('NMIglovexmax30alpha0.3+PLP', 0.0019655380217816765), ('NMIglovexmax50alpha0.2+PLP', 0.0030141494632582866), ('NMIglovexmax40alpha0.2+PLP', 0.004428433924897446), ('NMIppmi+PLP', 0.008713941771256506), ('NMIppmi+Louvain', 0.009707402023761524), ('NMIglove+PLP', 0.01881618386831385), ('NMIglove+Louvain', 0.02095685341077458), ('NMIPLP', 0.03683131972497067), ('NMILouvain', 0.047221121267104316), ('NMIpmi+PLP', 0.13018188399789887), ('NMIpmi+Louvain', 0.1628947602703611), ('NMISingleton', 0.3983004112753804), ('NMIiterative_rev_degree_order+PLP', 0.47552465417057777), ('NMIstandard+Louvain', 0.5894715281899987), ('NMIstandard+PLP', 0.6941137526412375), ('NMIiterative_rev_degree_order+Louvain', 0.7838298530892719), ('NMIAllInOne', 1.0), ('NMIfake_pmi+Louvain', 1), ('NMIfake_pmi+PLP', 1)]
ARI classement:
[('ARIglovexmax50alpha0.2+Louvain', 0.001417978322932667), ('ARIglovexmax40alpha0.2+Louvain', 0.001417978322932667), ('ARIglovexmax30alpha0.3+Louvain', 0.002720759728334632), ('ARIglovexmax30alpha0.3+PLP', 0.0028610315502938244), ('ARIglovexmax50alpha0.2+PLP', 0.006042478145577679), ('ARIglovexmax40alpha0.2+PLP', 0.011230873836188149), ('ARIppmi+PLP', 0.01219367598305876), ('ARIppmi+Louvain', 0.013403300246570105), ('ARIglove+PLP', 0.025172274528611482), ('ARIglove+Louvain', 0.0354867437446289), ('ARIPLP', 0.047370453560310555), ('ARILouvain', 0.08537683096478543), ('ARIpmi+PLP', 0.18858066288108633), ('ARIpmi+Louvain', 0.3548822036426921), ('ARIstandard+Louvain', 0.7555854208138395), ('ARIiterative_rev_degree_order+Louvain', 0.9615999121746001), ('ARIiterative_rev_degree_order+PLP', 0.987762448232688), ('ARIstandard+PLP', 0.9997484422809109), ('ARISingleton', 1.0), ('ARIAllInOne', 1.0), ('ARIfake_pmi+Louvain', 1), ('ARIfake_pmi+PLP', 1)]
