__LOADINGS__
4993/61264 8.149973883520502 % of nul weighted edges removed
1/5000 0.02 % of nul degree nodes removed
Network Properties for:		network
nodes, edges			4999, 56271
directed?			False
weighted?			True
isolated nodes			1
self-loops			0
density				0.004504
clustering coefficient		0.350719
min/max/avg degree		0, 371, 22.512903
degree assortativity		0.262199
number of connected components	1
size of largest component	4999 (100.00 %)
517241.37928829936
__Groundtruth__
read communities from: ../../lfr_5000/mk500/k25/muw0.3/12/community.dat
-------------------  ----------
# communities         45
min community size     6
max community size   473
avg. community size  111.111
modularity             0.557781
-------------------  ----------
45 community detected
__CLASSIC_METHODS__
__Louvain__
PLM(balanced,pc,turbo) detected communities in 0.1447618007659912 [s]
solution properties:
-------------------  ----------
# communities         15
min community size   206
max community size   483
avg. community size  333.267
modularity             0.559663
-------------------  ----------
45 community detected
NMI:0.12424352343243994
ARI:0.1718500706185213
__Singleton__
45 community detected
NMI:0.4611246391521383
ARI:1.0
__AllInOne__
45 community detected
NMI:1.0
ARI:1.0
__PLP__
PLP detected communities in 0.07922577857971191 [s]
solution properties:
-------------------  ----------
# communities         45
min community size     1
max community size   488
avg. community size  111.111
modularity             0.560274
-------------------  ----------
45 community detected
NMI:0.04363035988243624
ARI:0.059645430430475654
__NORMALIZATION__
__glove__
Network Properties for:		G#21
nodes, edges			4999, 56271
directed?			False
weighted?			True
isolated nodes			1
self-loops			0
density				0.004504
clustering coefficient		0.350719
min/max/avg degree		0, 371, 22.512903
degree assortativity		0.262199
number of connected components	1
size of largest component	4999 (100.00 %)
tot:  7853.004561046084
__glove+Louvain__
PLM(balanced,pc,turbo) detected communities in 0.31189632415771484 [s]
solution properties:
-------------------  ----------
# communities         27
min community size     7
max community size   483
avg. community size  185.148
modularity             0.588189
-------------------  ----------
45 community detected
NMI:0.05666619979985321
ARI:0.06073245463410415
__glove+PLP__
PLP detected communities in 0.10548567771911621 [s]
solution properties:
-------------------  ----------
# communities         45
min community size     1
max community size   486
avg. community size  111.111
modularity             0.588017
-------------------  ----------
45 community detected
NMI:0.035734123802489526
ARI:0.048158439540248565
__fake_pmi__
Network Properties for:		G#30
nodes, edges			4999, 56271
directed?			False
weighted?			True
isolated nodes			1
self-loops			0
density				0.004504
clustering coefficient		0.350719
min/max/avg degree		0, 371, 22.512903
degree assortativity		0.262199
number of connected components	1
size of largest component	4999 (100.00 %)
tot:  0.0
__fake_pmi+Louvain__
1 community detected due to total edge weight equal 0
NMI:1
ARI:1
__fake_pmi+PLP__
1 community detected due to total edge weight equal 0
NMI:1
ARI:1
__iterative_rev_degree_order__
Network Properties for:		G#33
nodes, edges			4999, 56271
directed?			False
weighted?			True
isolated nodes			1
self-loops			0
density				0.004504
clustering coefficient		0.350719
min/max/avg degree		0, 371, 22.512903
degree assortativity		0.262199
number of connected components	1
size of largest component	4999 (100.00 %)
tot:  1347.0100517989722
__iterative_rev_degree_order+Louvain__
PLM(balanced,pc,turbo) detected communities in 0.7037661075592041 [s]
solution properties:
-------------------  ----------
# communities         63
min community size    26
max community size   179
avg. community size   79.3492
modularity             0.859504
-------------------  ----------
45 community detected
NMI:0.7094800563087873
ARI:0.9323198241729114
__iterative_rev_degree_order+PLP__
PLP detected communities in 0.05545186996459961 [s]
solution properties:
-------------------  -----------
# communities        1541
min community size      1
max community size     12
avg. community size     3.24465
modularity              0.743401
-------------------  -----------
45 community detected
NMI:0.5133234092683889
ARI:0.9916263561923534
__pmi__
Network Properties for:		G#48
nodes, edges			4999, 56271
directed?			False
weighted?			True
isolated nodes			1
self-loops			0
density				0.004504
clustering coefficient		0.350719
min/max/avg degree		0, 371, 22.512903
degree assortativity		0.262199
number of connected components	1
size of largest component	4999 (100.00 %)
tot:  93207.86051938849
__pmi+Louvain__
PLM(balanced,pc,turbo) detected communities in 0.5079481601715088 [s]
solution properties:
-------------------  ---------
# communities         35
min community size     7
max community size   774
avg. community size  142.829
modularity             1.17138
-------------------  ---------
45 community detected
NMI:0.3041020329417907
ARI:0.5382839377182029
__pmi+PLP__
PLP detected communities in 0.20780038833618164 [s]
solution properties:
-------------------  ---------
# communities        108
min community size     1
max community size   536
avg. community size   46.2963
modularity             1.15069
-------------------  ---------
45 community detected
NMI:0.2532412718398004
ARI:0.40576268786488123
__standard__
Network Properties for:		G#60
nodes, edges			4999, 56271
directed?			False
weighted?			True
isolated nodes			1
self-loops			0
density				0.004504
clustering coefficient		0.350719
min/max/avg degree		0, 371, 22.512903
degree assortativity		0.262199
number of connected components	1
size of largest component	4999 (100.00 %)
tot:  12.636289132304345
__standard+Louvain__
PLM(balanced,pc,turbo) detected communities in 0.5446090698242188 [s]
solution properties:
-------------------  ----------
# communities         66
min community size     2
max community size   580
avg. community size   75.7424
modularity             0.873397
-------------------  ----------
45 community detected
NMI:0.5579978900424931
ARI:0.7617786339192552
__standard+PLP__
PLP detected communities in 0.18591070175170898 [s]
solution properties:
-------------------  -----------
# communities        1101
min community size      1
max community size    122
avg. community size     4.54133
modularity              0.742184
-------------------  -----------
45 community detected
NMI:0.5231439764983272
ARI:0.9413739367834991
__ppmi__
Network Properties for:		G#72
nodes, edges			4999, 56271
directed?			False
weighted?			True
isolated nodes			1
self-loops			0
density				0.004504
clustering coefficient		0.350719
min/max/avg degree		0, 371, 22.512903
degree assortativity		0.262199
number of connected components	1
size of largest component	4999 (100.00 %)
tot:  186957.42003575794
__ppmi+Louvain__
PLM(balanced,pc,turbo) detected communities in 0.397052526473999 [s]
solution properties:
-------------------  ---------
# communities         35
min community size     7
max community size   449
avg. community size  142.829
modularity             0.67809
-------------------  ---------
45 community detected
NMI:0.07842524012102581
ARI:0.11079228773054162
__ppmi+PLP__
PLP detected communities in 0.11128497123718262 [s]
solution properties:
-------------------  ---------
# communities         58
min community size     1
max community size   678
avg. community size   86.2069
modularity             0.67334
-------------------  ---------
45 community detected
NMI:0.06768131217965945
ARI:0.14085527801064968
__glovexmax50alpha0.2__
Network Properties for:		G#81
nodes, edges			4999, 56271
directed?			False
weighted?			True
isolated nodes			1
self-loops			0
density				0.004504
clustering coefficient		0.350719
min/max/avg degree		0, 371, 22.512903
degree assortativity		0.262199
number of connected components	1
size of largest component	4999 (100.00 %)
tot:  30476.728421654705
__glovexmax50alpha0.2+Louvain__
PLM(balanced,pc,turbo) detected communities in 0.4502408504486084 [s]
solution properties:
-------------------  ----------
# communities         22
min community size    66
max community size   473
avg. community size  227.227
modularity             0.638215
-------------------  ----------
45 community detected
NMI:0.035466975689586455
ARI:0.030669107959332087
__glovexmax50alpha0.2+PLP__
PLP detected communities in 0.09856581687927246 [s]
solution properties:
-------------------  ----------
# communities         45
min community size     1
max community size   473
avg. community size  111.111
modularity             0.638298
-------------------  ----------
45 community detected
NMI:0.003124712706052968
ARI:0.004064706197601353
__glovexmax40alpha0.2__
Network Properties for:		G#90
nodes, edges			4999, 56271
directed?			False
weighted?			True
isolated nodes			1
self-loops			0
density				0.004504
clustering coefficient		0.350719
min/max/avg degree		0, 371, 22.512903
degree assortativity		0.262199
number of connected components	1
size of largest component	4999 (100.00 %)
tot:  31791.576557843655
__glovexmax40alpha0.2+Louvain__
PLM(balanced,pc,turbo) detected communities in 0.372788667678833 [s]
solution properties:
-------------------  ----------
# communities         24
min community size    50
max community size   473
avg. community size  208.292
modularity             0.638864
-------------------  ----------
45 community detected
NMI:0.02849340536205569
ARI:0.02253520080522653
__glovexmax40alpha0.2+PLP__
PLP detected communities in 0.09386277198791504 [s]
solution properties:
-------------------  ----------
# communities         47
min community size     1
max community size   473
avg. community size  106.383
modularity             0.638613
-------------------  ----------
45 community detected
NMI:0.002386487898656031
ARI:0.0024515010246715097
__glovexmax30alpha0.3__
Network Properties for:		G#99
nodes, edges			4999, 56271
directed?			False
weighted?			True
isolated nodes			1
self-loops			0
density				0.004504
clustering coefficient		0.350719
min/max/avg degree		0, 371, 22.512903
degree assortativity		0.262199
number of connected components	1
size of largest component	4999 (100.00 %)
tot:  28583.60158323978
__glovexmax30alpha0.3+Louvain__
PLM(balanced,pc,turbo) detected communities in 0.30373501777648926 [s]
solution properties:
-------------------  ----------
# communities         26
min community size    40
max community size   472
avg. community size  192.269
modularity             0.634892
-------------------  ----------
45 community detected
NMI:0.02804524585872392
ARI:0.02494422917119632
__glovexmax30alpha0.3+PLP__
PLP detected communities in 0.09716439247131348 [s]
solution properties:
-------------------  ----------
# communities         46
min community size     1
max community size   475
avg. community size  108.696
modularity             0.634638
-------------------  ----------
45 community detected
NMI:0.008959454029390801
ARI:0.011237159554076892
NMI classement:
[('NMIglovexmax40alpha0.2+PLP', 0.002386487898656031), ('NMIglovexmax50alpha0.2+PLP', 0.003124712706052968), ('NMIglovexmax30alpha0.3+PLP', 0.008959454029390801), ('NMIglovexmax30alpha0.3+Louvain', 0.02804524585872392), ('NMIglovexmax40alpha0.2+Louvain', 0.02849340536205569), ('NMIglovexmax50alpha0.2+Louvain', 0.035466975689586455), ('NMIglove+PLP', 0.035734123802489526), ('NMIPLP', 0.04363035988243624), ('NMIglove+Louvain', 0.05666619979985321), ('NMIppmi+PLP', 0.06768131217965945), ('NMIppmi+Louvain', 0.07842524012102581), ('NMILouvain', 0.12424352343243994), ('NMIpmi+PLP', 0.2532412718398004), ('NMIpmi+Louvain', 0.3041020329417907), ('NMISingleton', 0.4611246391521383), ('NMIiterative_rev_degree_order+PLP', 0.5133234092683889), ('NMIstandard+PLP', 0.5231439764983272), ('NMIstandard+Louvain', 0.5579978900424931), ('NMIiterative_rev_degree_order+Louvain', 0.7094800563087873), ('NMIAllInOne', 1.0), ('NMIfake_pmi+Louvain', 1), ('NMIfake_pmi+PLP', 1)]
ARI classement:
[('ARIglovexmax40alpha0.2+PLP', 0.0024515010246715097), ('ARIglovexmax50alpha0.2+PLP', 0.004064706197601353), ('ARIglovexmax30alpha0.3+PLP', 0.011237159554076892), ('ARIglovexmax40alpha0.2+Louvain', 0.02253520080522653), ('ARIglovexmax30alpha0.3+Louvain', 0.02494422917119632), ('ARIglovexmax50alpha0.2+Louvain', 0.030669107959332087), ('ARIglove+PLP', 0.048158439540248565), ('ARIPLP', 0.059645430430475654), ('ARIglove+Louvain', 0.06073245463410415), ('ARIppmi+Louvain', 0.11079228773054162), ('ARIppmi+PLP', 0.14085527801064968), ('ARILouvain', 0.1718500706185213), ('ARIpmi+PLP', 0.40576268786488123), ('ARIpmi+Louvain', 0.5382839377182029), ('ARIstandard+Louvain', 0.7617786339192552), ('ARIiterative_rev_degree_order+Louvain', 0.9323198241729114), ('ARIstandard+PLP', 0.9413739367834991), ('ARIiterative_rev_degree_order+PLP', 0.9916263561923534), ('ARISingleton', 1.0), ('ARIAllInOne', 1.0), ('ARIfake_pmi+Louvain', 1), ('ARIfake_pmi+PLP', 1)]
