__LOADINGS__
4992/61557 8.109556995954968 % of nul weighted edges removed
1/5000 0.02 % of nul degree nodes removed
Network Properties for:		network
nodes, edges			4999, 56565
directed?			False
weighted?			True
isolated nodes			1
self-loops			0
density				0.004528
clustering coefficient		0.427715
min/max/avg degree		0, 238, 22.630526
degree assortativity		0.170895
number of connected components	1
size of largest component	4999 (100.00 %)
438163.620463726
__Groundtruth__
read communities from: ../../lfr_5000/mk300/k25/muw0.2/34/community.dat
-------------------  ---------
# communities         30
min community size   122
max community size   240
avg. community size  166.667
modularity             0.75297
-------------------  ---------
30 community detected
__CLASSIC_METHODS__
__Louvain__
PLM(balanced,pc,turbo) detected communities in 0.23293781280517578 [s]
solution properties:
-------------------  ----------
# communities         30
min community size   123
max community size   239
avg. community size  166.633
modularity             0.753048
-------------------  ----------
30 community detected
NMI:0.006044540562618939
ARI:0.006801274468699492
__Singleton__
30 community detected
NMI:0.4312749414218574
ARI:1.0
__AllInOne__
30 community detected
NMI:1.0
ARI:1.0
__PLP__
PLP detected communities in 0.09408450126647949 [s]
solution properties:
-------------------  ----------
# communities         31
min community size     1
max community size   239
avg. community size  161.29
modularity             0.753047
-------------------  ----------
30 community detected
NMI:0.00676992858641412
ARI:0.007625822445917363
__NORMALIZATION__
__glove__
Network Properties for:		G#18
nodes, edges			4999, 56565
directed?			False
weighted?			True
isolated nodes			1
self-loops			0
density				0.004528
clustering coefficient		0.427715
min/max/avg degree		0, 238, 22.630526
degree assortativity		0.170895
number of connected components	1
size of largest component	4999 (100.00 %)
tot:  7275.404806235313
__glove+Louvain__
PLM(balanced,pc,turbo) detected communities in 0.23004460334777832 [s]
solution properties:
-------------------  ----------
# communities         30
min community size   122
max community size   239
avg. community size  166.633
modularity             0.765131
-------------------  ----------
30 community detected
NMI:0.00142565156141361
ARI:0.0014866455716091576
__glove+PLP__
PLP detected communities in 0.09395027160644531 [s]
solution properties:
-------------------  ----------
# communities         31
min community size     1
max community size   239
avg. community size  161.29
modularity             0.765131
-------------------  ----------
30 community detected
NMI:0.00142565156141361
ARI:0.0014866455716091576
__fake_pmi__
Network Properties for:		G#24
nodes, edges			4999, 56565
directed?			False
weighted?			True
isolated nodes			1
self-loops			0
density				0.004528
clustering coefficient		0.427715
min/max/avg degree		0, 238, 22.630526
degree assortativity		0.170895
number of connected components	1
size of largest component	4999 (100.00 %)
tot:  0.0
__fake_pmi+Louvain__
1 community detected due to total edge weight equal 0
NMI:1
ARI:1
__fake_pmi+PLP__
1 community detected due to total edge weight equal 0
NMI:1
ARI:1
__iterative_rev_degree_order__
Network Properties for:		G#27
nodes, edges			4999, 56565
directed?			False
weighted?			True
isolated nodes			1
self-loops			0
density				0.004528
clustering coefficient		0.427715
min/max/avg degree		0, 238, 22.630526
degree assortativity		0.170895
number of connected components	1
size of largest component	4999 (100.00 %)
tot:  1547.317646878493
__iterative_rev_degree_order+Louvain__
PLM(balanced,pc,turbo) detected communities in 0.7286942005157471 [s]
solution properties:
-------------------  ----------
# communities         36
min community size     6
max community size   271
avg. community size  138.861
modularity             0.827185
-------------------  ----------
30 community detected
NMI:0.5507191111905859
ARI:0.6878001116025989
__iterative_rev_degree_order+PLP__
PLP detected communities in 0.0801537036895752 [s]
solution properties:
-------------------  -----------
# communities        1521
min community size      1
max community size     12
avg. community size     3.28731
modularity              0.662743
-------------------  -----------
30 community detected
NMI:0.45453522701350846
ARI:0.9812452044787298
__pmi__
Network Properties for:		G#42
nodes, edges			4999, 56565
directed?			False
weighted?			True
isolated nodes			1
self-loops			0
density				0.004528
clustering coefficient		0.427715
min/max/avg degree		0, 238, 22.630526
degree assortativity		0.170895
number of connected components	1
size of largest component	4999 (100.00 %)
tot:  185543.26655251769
__pmi+Louvain__
PLM(balanced,pc,turbo) detected communities in 0.4024221897125244 [s]
solution properties:
-------------------  ----------
# communities         30
min community size   126
max community size   212
avg. community size  166.633
modularity             0.903482
-------------------  ----------
30 community detected
NMI:0.06228629112016282
ARI:0.09131666970747432
__pmi+PLP__
PLP detected communities in 0.11374974250793457 [s]
solution properties:
-------------------  ----------
# communities         38
min community size     1
max community size   216
avg. community size  131.579
modularity             0.893173
-------------------  ----------
30 community detected
NMI:0.06149069541381569
ARI:0.09660060359042966
__standard__
Network Properties for:		G#51
nodes, edges			4999, 56565
directed?			False
weighted?			True
isolated nodes			1
self-loops			0
density				0.004528
clustering coefficient		0.427715
min/max/avg degree		0, 238, 22.630526
degree assortativity		0.170895
number of connected components	1
size of largest component	4999 (100.00 %)
tot:  7.3631412601231165
__standard+Louvain__
PLM(balanced,pc,turbo) detected communities in 0.5952606201171875 [s]
solution properties:
-------------------  ----------
# communities         31
min community size     2
max community size   228
avg. community size  161.258
modularity             0.818853
-------------------  ----------
30 community detected
NMI:0.20578788746804266
ARI:0.2779086966632066
__standard+PLP__
PLP detected communities in 0.15612435340881348 [s]
solution properties:
-------------------  ----------
# communities        566
min community size     1
max community size   166
avg. community size    8.83392
modularity             0.712028
-------------------  ----------
30 community detected
NMI:0.26284316775647354
ARI:0.41287428402899584
__ppmi__
Network Properties for:		G#63
nodes, edges			4999, 56565
directed?			False
weighted?			True
isolated nodes			1
self-loops			0
density				0.004528
clustering coefficient		0.427715
min/max/avg degree		0, 238, 22.630526
degree assortativity		0.170895
number of connected components	1
size of largest component	4999 (100.00 %)
tot:  233975.53899225936
__ppmi+Louvain__
PLM(balanced,pc,turbo) detected communities in 0.300433874130249 [s]
solution properties:
-------------------  ----------
# communities         22
min community size   137
max community size   411
avg. community size  227.227
modularity             0.781676
-------------------  ----------
30 community detected
NMI:0.05598992038515049
ARI:0.21097330005147685
__ppmi+PLP__
PLP detected communities in 0.16025829315185547 [s]
solution properties:
-------------------  ----------
# communities         31
min community size     1
max community size   239
avg. community size  161.29
modularity             0.792969
-------------------  ----------
30 community detected
NMI:0.0
ARI:0.0
__glovexmax50alpha0.2__
Network Properties for:		G#72
nodes, edges			4999, 56565
directed?			False
weighted?			True
isolated nodes			1
self-loops			0
density				0.004528
clustering coefficient		0.427715
min/max/avg degree		0, 238, 22.630526
degree assortativity		0.170895
number of connected components	1
size of largest component	4999 (100.00 %)
tot:  32284.710231069257
__glovexmax50alpha0.2+Louvain__
PLM(balanced,pc,turbo) detected communities in 0.2366175651550293 [s]
solution properties:
-------------------  ----------
# communities         30
min community size   122
max community size   239
avg. community size  166.633
modularity             0.782376
-------------------  ----------
30 community detected
NMI:0.0
ARI:0.0
__glovexmax50alpha0.2+PLP__
PLP detected communities in 0.08426594734191895 [s]
solution properties:
-------------------  ----------
# communities         31
min community size     1
max community size   239
avg. community size  161.29
modularity             0.782376
-------------------  ----------
30 community detected
NMI:0.0
ARI:0.0
__glovexmax40alpha0.2__
Network Properties for:		G#78
nodes, edges			4999, 56565
directed?			False
weighted?			True
isolated nodes			1
self-loops			0
density				0.004528
clustering coefficient		0.427715
min/max/avg degree		0, 238, 22.630526
degree assortativity		0.170895
number of connected components	1
size of largest component	4999 (100.00 %)
tot:  33726.36299110277
__glovexmax40alpha0.2+Louvain__
PLM(balanced,pc,turbo) detected communities in 0.23121213912963867 [s]
solution properties:
-------------------  ----------
# communities         30
min community size   122
max community size   239
avg. community size  166.633
modularity             0.782429
-------------------  ----------
30 community detected
NMI:0.0
ARI:0.0
__glovexmax40alpha0.2+PLP__
PLP detected communities in 0.05750918388366699 [s]
solution properties:
-------------------  ----------
# communities         31
min community size     1
max community size   239
avg. community size  161.29
modularity             0.782429
-------------------  ----------
30 community detected
NMI:0.0
ARI:0.0
__glovexmax30alpha0.3__
Network Properties for:		G#84
nodes, edges			4999, 56565
directed?			False
weighted?			True
isolated nodes			1
self-loops			0
density				0.004528
clustering coefficient		0.427715
min/max/avg degree		0, 238, 22.630526
degree assortativity		0.170895
number of connected components	1
size of largest component	4999 (100.00 %)
tot:  30208.93745631785
__glovexmax30alpha0.3+Louvain__
PLM(balanced,pc,turbo) detected communities in 0.3579282760620117 [s]
solution properties:
-------------------  ----------
# communities         23
min community size   146
max community size   315
avg. community size  217.348
modularity             0.775198
-------------------  ----------
30 community detected
NMI:0.042058741342211436
ARI:0.14583753349246065
__glovexmax30alpha0.3+PLP__
PLP detected communities in 0.0690910816192627 [s]
solution properties:
-------------------  ----------
# communities         31
min community size     1
max community size   239
avg. community size  161.29
modularity             0.782045
-------------------  ----------
30 community detected
NMI:0.0
ARI:0.0
NMI classement:
[('NMIppmi+PLP', 0.0), ('NMIglovexmax50alpha0.2+Louvain', 0.0), ('NMIglovexmax50alpha0.2+PLP', 0.0), ('NMIglovexmax40alpha0.2+Louvain', 0.0), ('NMIglovexmax40alpha0.2+PLP', 0.0), ('NMIglovexmax30alpha0.3+PLP', 0.0), ('NMIglove+Louvain', 0.00142565156141361), ('NMIglove+PLP', 0.00142565156141361), ('NMILouvain', 0.006044540562618939), ('NMIPLP', 0.00676992858641412), ('NMIglovexmax30alpha0.3+Louvain', 0.042058741342211436), ('NMIppmi+Louvain', 0.05598992038515049), ('NMIpmi+PLP', 0.06149069541381569), ('NMIpmi+Louvain', 0.06228629112016282), ('NMIstandard+Louvain', 0.20578788746804266), ('NMIstandard+PLP', 0.26284316775647354), ('NMISingleton', 0.4312749414218574), ('NMIiterative_rev_degree_order+PLP', 0.45453522701350846), ('NMIiterative_rev_degree_order+Louvain', 0.5507191111905859), ('NMIAllInOne', 1.0), ('NMIfake_pmi+Louvain', 1), ('NMIfake_pmi+PLP', 1)]
ARI classement:
[('ARIppmi+PLP', 0.0), ('ARIglovexmax50alpha0.2+Louvain', 0.0), ('ARIglovexmax50alpha0.2+PLP', 0.0), ('ARIglovexmax40alpha0.2+Louvain', 0.0), ('ARIglovexmax40alpha0.2+PLP', 0.0), ('ARIglovexmax30alpha0.3+PLP', 0.0), ('ARIglove+Louvain', 0.0014866455716091576), ('ARIglove+PLP', 0.0014866455716091576), ('ARILouvain', 0.006801274468699492), ('ARIPLP', 0.007625822445917363), ('ARIpmi+Louvain', 0.09131666970747432), ('ARIpmi+PLP', 0.09660060359042966), ('ARIglovexmax30alpha0.3+Louvain', 0.14583753349246065), ('ARIppmi+Louvain', 0.21097330005147685), ('ARIstandard+Louvain', 0.2779086966632066), ('ARIstandard+PLP', 0.41287428402899584), ('ARIiterative_rev_degree_order+Louvain', 0.6878001116025989), ('ARIiterative_rev_degree_order+PLP', 0.9812452044787298), ('ARISingleton', 1.0), ('ARIAllInOne', 1.0), ('ARIfake_pmi+Louvain', 1), ('ARIfake_pmi+PLP', 1)]
