__LOADINGS__
Network Properties for:		network
nodes, edges			5000, 56565
directed?			False
weighted?			True
isolated nodes			1
self-loops			0
density				0.004526
clustering coefficient		0.427630
min/max/avg degree		0, 238, 22.626000
degree assortativity		0.170895
number of connected components	2
size of largest component	4999 (99.98 %)
438163.620463726
__Groundtruth__
read communities from: ../../lfr_5000/mk300/k25/muw0.2/10/community.dat
-------------------  ---------
# communities         30
min community size   122
max community size   240
avg. community size  166.667
modularity             0.75297
-------------------  ---------
30 community detected
__CLASSIC_METHODS__
__Louvain__
PLM(balanced,pc,turbo) detected communities in 0.06627297401428223 [s]
solution properties:
-------------------  ----------
# communities         31
min community size     1
max community size   239
avg. community size  161.29
modularity             0.753048
-------------------  ----------
30 community detected
NMI:0.006233710471678866
ARM:0.00708803513578149
__Singleton__
30 community detected
NMI:0.43129281532966046
ARM:1.0
__AllInOne__
30 community detected
NMI:1.0
ARM:1.0
__PLP__
PLP detected communities in 0.0017366409301757812 [s]
solution properties:
-------------------  ----------
# communities         31
min community size     1
max community size   239
avg. community size  161.29
modularity             0.753047
-------------------  ----------
30 community detected
NMI:0.0069588320128113335
ARM:0.00791234221514181
__NORMALIZATION__
__glove__
Network Properties for:		G#18cc
nodes, edges			4999, 56565
directed?			False
weighted?			True
isolated nodes			0
self-loops			0
density				0.004528
clustering coefficient		0.427715
min/max/avg degree		6, 238, 22.630526
degree assortativity		0.170895
number of connected components	1
size of largest component	4999 (100.00 %)
tot:  7275.404806235313
__glove+Louvain__
PLM(balanced,pc,turbo) detected communities in 0.024291276931762695 [s]
solution properties:
-------------------  ----------
# communities         30
min community size   122
max community size   239
avg. community size  166.633
modularity             0.765131
-------------------  ----------
30 community detected
NMI:0.001425651561413388
ARM:0.0014866455716091576
__glove+PLP__
PLP detected communities in 0.001565694808959961 [s]
solution properties:
-------------------  ----------
# communities         30
min community size   122
max community size   239
avg. community size  166.633
modularity             0.765131
-------------------  ----------
30 community detected
NMI:0.00142565156141361
ARM:0.0014866455716091576
__fake_pmi__
Network Properties for:		G#34cc
nodes, edges			4999, 56565
directed?			False
weighted?			True
isolated nodes			0
self-loops			0
density				0.004528
clustering coefficient		0.427715
min/max/avg degree		6, 238, 22.630526
degree assortativity		0.170895
number of connected components	1
size of largest component	4999 (100.00 %)
tot:  0.0
__fake_pmi+Louvain__
1 community detected due to total edge weight equal 0
NMI:1
ARM:0.0014866455716091576
__fake_pmi+PLP__
1 community detected due to total edge weight equal 0
NMI:1
ARM:0.0014866455716091576
__iterative_rev_degree_order__
Network Properties for:		G#47cc
nodes, edges			4999, 56565
directed?			False
weighted?			True
isolated nodes			0
self-loops			0
density				0.004528
clustering coefficient		0.427715
min/max/avg degree		6, 238, 22.630526
degree assortativity		0.170895
number of connected components	1
size of largest component	4999 (100.00 %)
tot:  1547.317646878493
__iterative_rev_degree_order+Louvain__
PLM(balanced,pc,turbo) detected communities in 0.8433494567871094 [s]
solution properties:
-------------------  ----------
# communities         33
min community size    40
max community size   276
avg. community size  151.485
modularity             0.826941
-------------------  ----------
30 community detected
NMI:0.5492650254508424
ARM:0.6859296815096483
__iterative_rev_degree_order+PLP__
PLP detected communities in 0.08674073219299316 [s]
solution properties:
-------------------  -----------
# communities        1521
min community size      2
max community size     12
avg. community size     3.28665
modularity              0.662462
-------------------  -----------
30 community detected
NMI:0.4543295629038018
ARM:0.9812215416990209
__pmi__
Network Properties for:		G#72cc
nodes, edges			4999, 56565
directed?			False
weighted?			True
isolated nodes			0
self-loops			0
density				0.004528
clustering coefficient		0.427715
min/max/avg degree		6, 238, 22.630526
degree assortativity		0.170895
number of connected components	1
size of largest component	4999 (100.00 %)
tot:  185543.26655251769
__pmi+Louvain__
PLM(balanced,pc,turbo) detected communities in 0.40531158447265625 [s]
solution properties:
-------------------  ---------
# communities         30
min community size   123
max community size   214
avg. community size  166.633
modularity             0.90336
-------------------  ---------
30 community detected
NMI:0.06262967688548349
ARM:0.09008290330870306
__pmi+PLP__
PLP detected communities in 0.04860258102416992 [s]
solution properties:
-------------------  ---------
# communities         32
min community size    14
max community size   217
avg. community size  156.219
modularity             0.90295
-------------------  ---------
30 community detected
NMI:0.057632393322284425
ARM:0.08415585495573608
__standard__
Network Properties for:		G#91cc
nodes, edges			4999, 56565
directed?			False
weighted?			True
isolated nodes			0
self-loops			0
density				0.004528
clustering coefficient		0.427715
min/max/avg degree		6, 238, 22.630526
degree assortativity		0.170895
number of connected components	1
size of largest component	4999 (100.00 %)
tot:  7.3631412601231165
__standard+Louvain__
PLM(balanced,pc,turbo) detected communities in 0.4865248203277588 [s]
solution properties:
-------------------  ----------
# communities         26
min community size     2
max community size   393
avg. community size  192.269
modularity             0.818215
-------------------  ----------
30 community detected
NMI:0.22948296346681973
ARM:0.36551468583441504
__standard+PLP__
PLP detected communities in 0.22139906883239746 [s]
solution properties:
-------------------  ----------
# communities        590
min community size     2
max community size   174
avg. community size    8.47288
modularity             0.691871
-------------------  ----------
30 community detected
NMI:0.27003804474651893
ARM:0.42572734222799924
__ppmi__
Network Properties for:		G#113cc
nodes, edges			4999, 56565
directed?			False
weighted?			True
isolated nodes			0
self-loops			0
density				0.004528
clustering coefficient		0.427715
min/max/avg degree		6, 238, 22.630526
degree assortativity		0.170895
number of connected components	1
size of largest component	4999 (100.00 %)
tot:  233975.53899225936
__ppmi+Louvain__
PLM(balanced,pc,turbo) detected communities in 0.08201384544372559 [s]
solution properties:
-------------------  ----------
# communities         30
min community size   122
max community size   239
avg. community size  166.633
modularity             0.792969
-------------------  ----------
30 community detected
NMI:0.0
ARM:0.0
__ppmi+PLP__
PLP detected communities in 0.10779666900634766 [s]
solution properties:
-------------------  ----------
# communities         30
min community size   122
max community size   239
avg. community size  166.633
modularity             0.792969
-------------------  ----------
30 community detected
NMI:0.0
ARM:0.0
__glovexmax50alpha0.2__
Network Properties for:		G#129cc
nodes, edges			4999, 56565
directed?			False
weighted?			True
isolated nodes			0
self-loops			0
density				0.004528
clustering coefficient		0.427715
min/max/avg degree		6, 238, 22.630526
degree assortativity		0.170895
number of connected components	1
size of largest component	4999 (100.00 %)
tot:  32284.710231069257
__glovexmax50alpha0.2+Louvain__
PLM(balanced,pc,turbo) detected communities in 0.2286975383758545 [s]
solution properties:
-------------------  ----------
# communities         30
min community size   122
max community size   239
avg. community size  166.633
modularity             0.782376
-------------------  ----------
30 community detected
NMI:0.0
ARM:0.0
__glovexmax50alpha0.2+PLP__
PLP detected communities in 0.051447153091430664 [s]
solution properties:
-------------------  ----------
# communities         30
min community size   122
max community size   239
avg. community size  166.633
modularity             0.782376
-------------------  ----------
30 community detected
NMI:0.0
ARM:0.0
__glovexmax40alpha0.2__
Network Properties for:		G#145cc
nodes, edges			4999, 56565
directed?			False
weighted?			True
isolated nodes			0
self-loops			0
density				0.004528
clustering coefficient		0.427715
min/max/avg degree		6, 238, 22.630526
degree assortativity		0.170895
number of connected components	1
size of largest component	4999 (100.00 %)
tot:  33726.36299110277
__glovexmax40alpha0.2+Louvain__
PLM(balanced,pc,turbo) detected communities in 0.35923337936401367 [s]
solution properties:
-------------------  ----------
# communities         30
min community size   122
max community size   239
avg. community size  166.633
modularity             0.782429
-------------------  ----------
30 community detected
NMI:0.0
ARM:0.0
__glovexmax40alpha0.2+PLP__
PLP detected communities in 0.08150029182434082 [s]
solution properties:
-------------------  ----------
# communities         30
min community size   122
max community size   239
avg. community size  166.633
modularity             0.782429
-------------------  ----------
30 community detected
NMI:0.0
ARM:0.0
__glovexmax30alpha0.3__
Network Properties for:		G#164cc
nodes, edges			4999, 56565
directed?			False
weighted?			True
isolated nodes			0
self-loops			0
density				0.004528
clustering coefficient		0.427715
min/max/avg degree		6, 238, 22.630526
degree assortativity		0.170895
number of connected components	1
size of largest component	4999 (100.00 %)
tot:  30208.93745631785
__glovexmax30alpha0.3+Louvain__
PLM(balanced,pc,turbo) detected communities in 0.07279086112976074 [s]
solution properties:
-------------------  ----------
# communities         30
min community size   122
max community size   239
avg. community size  166.633
modularity             0.782045
-------------------  ----------
30 community detected
NMI:0.0
ARM:0.0
__glovexmax30alpha0.3+PLP__
PLP detected communities in 0.026593446731567383 [s]
solution properties:
-------------------  ----------
# communities         30
min community size   122
max community size   239
avg. community size  166.633
modularity             0.782045
-------------------  ----------
30 community detected
NMI:0.0
ARM:0.0
