__LOADINGS__
Network Properties for:		network
nodes, edges			5000, 33477
directed?			False
weighted?			True
isolated nodes			1
self-loops			0
density				0.002679
clustering coefficient		0.197367
min/max/avg degree		0, 204, 13.390800
degree assortativity		0.270690
number of connected components	2
size of largest component	4999 (99.98 %)
245127.99555277813
__Groundtruth__
read communities from: ../../lfr_5000/mk300/k15/muw0.4/45/community.dat
-------------------  ----------
# communities         40
min community size    89
max community size   180
avg. community size  125
modularity             0.492086
-------------------  ----------
40 community detected
__CLASSIC_METHODS__
__Louvain__
PLM(balanced,pc,turbo) detected communities in 0.5067567825317383 [s]
solution properties:
-------------------  ----------
# communities         25
min community size     1
max community size   385
avg. community size  200
modularity             0.504482
-------------------  ----------
40 community detected
NMI:0.25698684576743247
ARM:0.4494273698344329
__Singleton__
40 community detected
NMI:0.3983004112753793
ARM:1.0
__AllInOne__
40 community detected
NMI:1.0
ARM:1.0
__PLP__
PLP detected communities in 0.11795759201049805 [s]
solution properties:
-------------------  ----------
# communities         45
min community size     1
max community size   205
avg. community size  111.111
modularity             0.501654
-------------------  ----------
40 community detected
NMI:0.1748589609975315
ARM:0.22794198875685967
__NORMALIZATION__
__glove__
Network Properties for:		G#21cc
nodes, edges			4999, 33477
directed?			False
weighted?			True
isolated nodes			0
self-loops			0
density				0.002680
clustering coefficient		0.197407
min/max/avg degree		3, 204, 13.393479
degree assortativity		0.270690
number of connected components	1
size of largest component	4999 (100.00 %)
tot:  3963.939050343743
__glove+Louvain__
PLM(balanced,pc,turbo) detected communities in 0.4792332649230957 [s]
solution properties:
-------------------  ----------
# communities         24
min community size   109
max community size   381
avg. community size  208.292
modularity             0.528207
-------------------  ----------
40 community detected
NMI:0.23218250994293854
ARM:0.41174414173795404
__glove+PLP__
PLP detected communities in 0.1306617259979248 [s]
solution properties:
-------------------  ---------
# communities         44
min community size     2
max community size   206
avg. community size  113.614
modularity             0.52935
-------------------  ---------
40 community detected
NMI:0.1507780770857704
ARM:0.1948484095776839
__fake_pmi__
Network Properties for:		G#40cc
nodes, edges			4999, 33477
directed?			False
weighted?			True
isolated nodes			0
self-loops			0
density				0.002680
clustering coefficient		0.197407
min/max/avg degree		3, 204, 13.393479
degree assortativity		0.270690
number of connected components	1
size of largest component	4999 (100.00 %)
tot:  0.0
__fake_pmi+Louvain__
1 community detected due to total edge weight equal 0
NMI:1
ARM:0.1948484095776839
__fake_pmi+PLP__
1 community detected due to total edge weight equal 0
NMI:1
ARM:0.1948484095776839
__iterative_rev_degree_order__
Network Properties for:		G#53cc
nodes, edges			4999, 33477
directed?			False
weighted?			True
isolated nodes			0
self-loops			0
density				0.002680
clustering coefficient		0.197407
min/max/avg degree		3, 204, 13.393479
degree assortativity		0.270690
number of connected components	1
size of largest component	4999 (100.00 %)
tot:  1408.8429785671183
__iterative_rev_degree_order+Louvain__
PLM(balanced,pc,turbo) detected communities in 0.831517219543457 [s]
solution properties:
-------------------  ----------
# communities         90
min community size    22
max community size   106
avg. community size   55.5444
modularity             0.867723
-------------------  ----------
40 community detected
NMI:0.7421220009139036
ARM:0.9567451856872595
__iterative_rev_degree_order+PLP__
PLP detected communities in 0.05250859260559082 [s]
solution properties:
-------------------  -----------
# communities        1579
min community size      2
max community size     10
avg. community size     3.16593
modularity              0.757261
-------------------  -----------
40 community detected
NMI:0.4634450646461479
ARM:0.9860602167271367
__pmi__
Network Properties for:		G#78cc
nodes, edges			4999, 33477
directed?			False
weighted?			True
isolated nodes			0
self-loops			0
density				0.002680
clustering coefficient		0.197407
min/max/avg degree		3, 204, 13.393479
degree assortativity		0.270690
number of connected components	1
size of largest component	4999 (100.00 %)
tot:  98775.29118985613
__pmi+Louvain__
PLM(balanced,pc,turbo) detected communities in 0.488262414932251 [s]
solution properties:
-------------------  ----------
# communities         24
min community size   119
max community size   351
avg. community size  208.292
modularity             0.771415
-------------------  ----------
40 community detected
NMI:0.4399548015448703
ARM:0.6347762245165686
__pmi+PLP__
PLP detected communities in 0.14501047134399414 [s]
solution properties:
-------------------  --------
# communities        351
min community size     1
max community size   204
avg. community size   14.2422
modularity             0.7349
-------------------  --------
40 community detected
NMI:0.330156914038221
ARM:0.4958497417229131
__standard__
Network Properties for:		G#100cc
nodes, edges			4999, 33477
directed?			False
weighted?			True
isolated nodes			0
self-loops			0
density				0.002680
clustering coefficient		0.197407
min/max/avg degree		3, 204, 13.393479
degree assortativity		0.270690
number of connected components	1
size of largest component	4999 (100.00 %)
tot:  27.01532069564013
__standard+Louvain__
PLM(balanced,pc,turbo) detected communities in 0.59895920753479 [s]
solution properties:
-------------------  ----------
# communities         56
min community size    21
max community size   246
avg. community size   89.2679
modularity             0.853176
-------------------  ----------
40 community detected
NMI:0.6824986093641262
ARM:0.8662339924344014
__standard+PLP__
PLP detected communities in 0.05896329879760742 [s]
solution properties:
-------------------  -----------
# communities        1369
min community size      2
max community size     24
avg. community size     3.65157
modularity              0.759353
-------------------  -----------
40 community detected
NMI:0.4667418749277673
ARM:0.9760626210921616
__ppmi__
Network Properties for:		G#125cc
nodes, edges			4999, 33477
directed?			False
weighted?			True
isolated nodes			0
self-loops			0
density				0.002680
clustering coefficient		0.197407
min/max/avg degree		3, 204, 13.393479
degree assortativity		0.270690
number of connected components	1
size of largest component	4999 (100.00 %)
tot:  143308.58253177674
__ppmi+Louvain__
PLM(balanced,pc,turbo) detected communities in 0.5228278636932373 [s]
solution properties:
-------------------  ----------
# communities         20
min community size   183
max community size   442
avg. community size  249.95
modularity             0.589363
-------------------  ----------
40 community detected
NMI:0.32757945357179075
ARM:0.5440240339843601
__ppmi+PLP__
PLP detected communities in 0.11117410659790039 [s]
solution properties:
-------------------  ----------
# communities        199
min community size     1
max community size   171
avg. community size   25.1206
modularity             0.586302
-------------------  ----------
40 community detected
NMI:0.2192834840410306
ARM:0.3095699870987586
__glovexmax50alpha0.2__
Network Properties for:		G#147cc
nodes, edges			4999, 33477
directed?			False
weighted?			True
isolated nodes			0
self-loops			0
density				0.002680
clustering coefficient		0.197407
min/max/avg degree		3, 204, 13.393479
degree assortativity		0.270690
number of connected components	1
size of largest component	4999 (100.00 %)
tot:  17964.18236642499
__glovexmax50alpha0.2+Louvain__
PLM(balanced,pc,turbo) detected communities in 0.6606776714324951 [s]
solution properties:
-------------------  ----------
# communities         22
min community size   151
max community size   317
avg. community size  227.227
modularity             0.563968
-------------------  ----------
40 community detected
NMI:0.16467597676522416
ARM:0.3626035575393969
__glovexmax50alpha0.2+PLP__
PLP detected communities in 0.09549260139465332 [s]
solution properties:
-------------------  ----------
# communities         43
min community size     2
max community size   191
avg. community size  116.256
modularity             0.571882
-------------------  ----------
40 community detected
NMI:0.07313445918743067
ARM:0.09401357033157931
__glovexmax40alpha0.2__
Network Properties for:		G#166cc
nodes, edges			4999, 33477
directed?			False
weighted?			True
isolated nodes			0
self-loops			0
density				0.002680
clustering coefficient		0.197407
min/max/avg degree		3, 204, 13.393479
degree assortativity		0.270690
number of connected components	1
size of largest component	4999 (100.00 %)
tot:  18760.862129043482
__glovexmax40alpha0.2+Louvain__
PLM(balanced,pc,turbo) detected communities in 0.26877260208129883 [s]
solution properties:
-------------------  ---------
# communities         39
min community size    86
max community size   191
avg. community size  128.179
modularity             0.57225
-------------------  ---------
40 community detected
NMI:0.07842448531521251
ARM:0.1072633781670802
__glovexmax40alpha0.2+PLP__
PLP detected communities in 0.0751190185546875 [s]
solution properties:
-------------------  ----------
# communities         43
min community size     2
max community size   191
avg. community size  116.256
modularity             0.572076
-------------------  ----------
40 community detected
NMI:0.07346390292317273
ARM:0.09449680017246176
__glovexmax30alpha0.3__
Network Properties for:		G#185cc
nodes, edges			4999, 33477
directed?			False
weighted?			True
isolated nodes			0
self-loops			0
density				0.002680
clustering coefficient		0.197407
min/max/avg degree		3, 204, 13.393479
degree assortativity		0.270690
number of connected components	1
size of largest component	4999 (100.00 %)
tot:  16614.88626537595
__glovexmax30alpha0.3+Louvain__
PLM(balanced,pc,turbo) detected communities in 0.15811944007873535 [s]
solution properties:
-------------------  ----------
# communities         24
min community size   131
max community size   315
avg. community size  208.292
modularity             0.563052
-------------------  ----------
40 community detected
NMI:0.1666031951313024
ARM:0.34213995725987234
__glovexmax30alpha0.3+PLP__
PLP detected communities in 0.04835820198059082 [s]
solution properties:
-------------------  ----------
# communities         43
min community size     2
max community size   193
avg. community size  116.256
modularity             0.568558
-------------------  ----------
40 community detected
NMI:0.08963957541585765
ARM:0.11485626467288312
