__LOADINGS__
Network Properties for:		network
nodes, edges			5000, 56245
directed?			False
weighted?			True
isolated nodes			1
self-loops			0
density				0.004501
clustering coefficient		0.313886
min/max/avg degree		0, 83, 22.498000
degree assortativity		0.392818
number of connected components	2
size of largest component	4999 (99.98 %)
337698.64591871476
__Groundtruth__
read communities from: ../../lfr_5000/mk100/k25/muw0.3/1/community.dat
-------------------  ----------
# communities        104
min community size    20
max community size    99
avg. community size   48.0769
modularity             0.708015
-------------------  ----------
104 community detected
__CLASSIC_METHODS__
__Louvain__
PLM(balanced,pc,turbo) detected communities in 0.25028109550476074 [s]
solution properties:
-------------------  ----------
# communities         48
min community size     1
max community size   186
avg. community size  104.167
modularity             0.707282
-------------------  ----------
104 community detected
NMI:0.08762216917672938
ARM:0.3300670448684889
__Singleton__
104 community detected
NMI:0.3047814955401703
ARM:1.0
__AllInOne__
104 community detected
NMI:1.0
ARM:1.0
__PLP__
PLP detected communities in 0.07815098762512207 [s]
solution properties:
-------------------  ----------
# communities        104
min community size     1
max community size    99
avg. community size   48.0769
modularity             0.708308
-------------------  ----------
104 community detected
NMI:0.002098638646829687
ARM:0.005415750896490823
__NORMALIZATION__
__glove__
Network Properties for:		G#21cc
nodes, edges			4999, 56245
directed?			False
weighted?			True
isolated nodes			0
self-loops			0
density				0.004502
clustering coefficient		0.313948
min/max/avg degree		1, 83, 22.502501
degree assortativity		0.392818
number of connected components	1
size of largest component	4999 (100.00 %)
tot:  6601.456418691188
__glove+Louvain__
PLM(balanced,pc,turbo) detected communities in 0.3711538314819336 [s]
solution properties:
-------------------  ----------
# communities         56
min community size    58
max community size   175
avg. community size   89.2679
modularity             0.710944
-------------------  ----------
104 community detected
NMI:0.06462138370691006
ARM:0.2438837140632969
__glove+PLP__
PLP detected communities in 0.08672428131103516 [s]
solution properties:
-------------------  ----------
# communities        104
min community size    20
max community size    99
avg. community size   48.0673
modularity             0.710965
-------------------  ----------
104 community detected
NMI:0.0011757316955850472
ARM:0.002674745969428516
__fake_pmi__
Network Properties for:		G#40cc
nodes, edges			4999, 56245
directed?			False
weighted?			True
isolated nodes			0
self-loops			0
density				0.004502
clustering coefficient		0.313948
min/max/avg degree		1, 83, 22.502501
degree assortativity		0.392818
number of connected components	1
size of largest component	4999 (100.00 %)
tot:  0.0
__fake_pmi+Louvain__
1 community detected due to total edge weight equal 0
NMI:1
ARM:0.002674745969428516
__fake_pmi+PLP__
1 community detected due to total edge weight equal 0
NMI:1
ARM:0.002674745969428516
__iterative_rev_degree_order__
Network Properties for:		G#53cc
nodes, edges			4999, 56245
directed?			False
weighted?			True
isolated nodes			0
self-loops			0
density				0.004502
clustering coefficient		0.313948
min/max/avg degree		1, 83, 22.502501
degree assortativity		0.392818
number of connected components	1
size of largest component	4999 (100.00 %)
tot:  1099.1840954784568
__iterative_rev_degree_order+Louvain__
PLM(balanced,pc,turbo) detected communities in 0.3775322437286377 [s]
solution properties:
-------------------  ---------
# communities         42
min community size    65
max community size   208
avg. community size  119.024
modularity             0.73301
-------------------  ---------
104 community detected
NMI:0.5429931260262038
ARM:0.8523712204112834
__iterative_rev_degree_order+PLP__
PLP detected communities in 0.07468509674072266 [s]
solution properties:
-------------------  -----------
# communities        1063
min community size      2
max community size     20
avg. community size     4.70273
modularity              0.602238
-------------------  -----------
104 community detected
NMI:0.33128186059460474
ARM:0.9244529770002415
__pmi__
Network Properties for:		G#78cc
nodes, edges			4999, 56245
directed?			False
weighted?			True
isolated nodes			0
self-loops			0
density				0.004502
clustering coefficient		0.313948
min/max/avg degree		1, 83, 22.502501
degree assortativity		0.392818
number of connected components	1
size of largest component	4999 (100.00 %)
tot:  334631.00700765784
__pmi+Louvain__
PLM(balanced,pc,turbo) detected communities in 0.38830113410949707 [s]
solution properties:
-------------------  ----------
# communities         72
min community size    41
max community size   108
avg. community size   69.4306
modularity             0.715772
-------------------  ----------
104 community detected
NMI:0.033555255394294936
ARM:0.11556370291025031
__pmi+PLP__
PLP detected communities in 0.054685354232788086 [s]
solution properties:
-------------------  ----------
# communities        100
min community size    20
max community size   169
avg. community size   49.99
modularity             0.715304
-------------------  ----------
104 community detected
NMI:0.0074535114277610726
ARM:0.048154211564525484
__standard__
Network Properties for:		G#97cc
nodes, edges			4999, 56245
directed?			False
weighted?			True
isolated nodes			0
self-loops			0
density				0.004502
clustering coefficient		0.313948
min/max/avg degree		1, 83, 22.502501
degree assortativity		0.392818
number of connected components	1
size of largest component	4999 (100.00 %)
tot:  17.52851769592785
__standard+Louvain__
PLM(balanced,pc,turbo) detected communities in 0.6884200572967529 [s]
solution properties:
-------------------  ----------
# communities         41
min community size    56
max community size   278
avg. community size  121.927
modularity             0.715379
-------------------  ----------
104 community detected
NMI:0.15976326957166753
ARM:0.4847731763459697
__standard+PLP__
PLP detected communities in 0.08193421363830566 [s]
solution properties:
-------------------  ----------
# communities        166
min community size     2
max community size   127
avg. community size   30.1145
modularity             0.704091
-------------------  ----------
104 community detected
NMI:0.057042612378266355
ARM:0.1263399111613106
__ppmi__
Network Properties for:		G#119cc
nodes, edges			4999, 56245
directed?			False
weighted?			True
isolated nodes			0
self-loops			0
density				0.004502
clustering coefficient		0.313948
min/max/avg degree		1, 83, 22.502501
degree assortativity		0.392818
number of connected components	1
size of largest component	4999 (100.00 %)
tot:  336391.6757769469
__ppmi+Louvain__
PLM(balanced,pc,turbo) detected communities in 0.47930192947387695 [s]
solution properties:
-------------------  ----------
# communities         55
min community size    59
max community size   142
avg. community size   90.8909
modularity             0.712279
-------------------  ----------
104 community detected
NMI:0.06487352580396855
ARM:0.23913612388879146
__ppmi+PLP__
PLP detected communities in 0.05651688575744629 [s]
solution properties:
-------------------  ----------
# communities        100
min community size    20
max community size   162
avg. community size   49.99
modularity             0.713376
-------------------  ----------
104 community detected
NMI:0.00668695599368585
ARM:0.040878473149315475
__glovexmax50alpha0.2__
Network Properties for:		G#138cc
nodes, edges			4999, 56245
directed?			False
weighted?			True
isolated nodes			0
self-loops			0
density				0.004502
clustering coefficient		0.313948
min/max/avg degree		1, 83, 22.502501
degree assortativity		0.392818
number of connected components	1
size of largest component	4999 (100.00 %)
tot:  35493.75621104696
__glovexmax50alpha0.2+Louvain__
PLM(balanced,pc,turbo) detected communities in 0.44354963302612305 [s]
solution properties:
-------------------  ----------
# communities         54
min community size    59
max community size   144
avg. community size   92.5741
modularity             0.709668
-------------------  ----------
104 community detected
NMI:0.0675299434831721
ARM:0.2508723487375194
__glovexmax50alpha0.2+PLP__
PLP detected communities in 0.0848836898803711 [s]
solution properties:
-------------------  ----------
# communities        104
min community size    20
max community size    99
avg. community size   48.0673
modularity             0.710711
-------------------  ----------
104 community detected
NMI:0.0007093774559285837
ARM:0.001655413835885522
__glovexmax40alpha0.2__
Network Properties for:		G#157cc
nodes, edges			4999, 56245
directed?			False
weighted?			True
isolated nodes			0
self-loops			0
density				0.004502
clustering coefficient		0.313948
min/max/avg degree		1, 83, 22.502501
degree assortativity		0.392818
number of connected components	1
size of largest component	4999 (100.00 %)
tot:  37113.67536430306
__glovexmax40alpha0.2+Louvain__
PLM(balanced,pc,turbo) detected communities in 0.2657434940338135 [s]
solution properties:
-------------------  ----------
# communities         59
min community size    51
max community size   125
avg. community size   84.7288
modularity             0.710275
-------------------  ----------
104 community detected
NMI:0.05649570911322854
ARM:0.2068159600885423
__glovexmax40alpha0.2+PLP__
PLP detected communities in 0.08061957359313965 [s]
solution properties:
-------------------  ----------
# communities        104
min community size    20
max community size    99
avg. community size   48.0673
modularity             0.710711
-------------------  ----------
104 community detected
NMI:0.0007093774559285837
ARM:0.001655413835885522
__glovexmax30alpha0.3__
Network Properties for:		G#176cc
nodes, edges			4999, 56245
directed?			False
weighted?			True
isolated nodes			0
self-loops			0
density				0.004502
clustering coefficient		0.313948
min/max/avg degree		1, 83, 22.502501
degree assortativity		0.392818
number of connected components	1
size of largest component	4999 (100.00 %)
tot:  33197.85897836203
__glovexmax30alpha0.3+Louvain__
PLM(balanced,pc,turbo) detected communities in 0.30598020553588867 [s]
solution properties:
-------------------  ----------
# communities         42
min community size    76
max community size   172
avg. community size  119.024
modularity             0.708205
-------------------  ----------
104 community detected
NMI:0.10052302236217081
ARM:0.37077566929204575
__glovexmax30alpha0.3+PLP__
PLP detected communities in 0.0648047924041748 [s]
solution properties:
-------------------  ---------
# communities        104
min community size    20
max community size    99
avg. community size   48.0673
modularity             0.71194
-------------------  ---------
104 community detected
NMI:0.0007093774559288057
ARM:0.001655413835885522
