__LOADINGS__
Network Properties for:		network
nodes, edges			5000, 42031
directed?			False
weighted?			True
isolated nodes			2
self-loops			0
density				0.003363
clustering coefficient		0.286440
min/max/avg degree		0, 78, 16.812400
degree assortativity		0.384470
number of connected components	3
size of largest component	4998 (99.96 %)
236964.3465485788
__Groundtruth__
read communities from: ../../lfr_5000/mk100/k20/muw0.3/45/community.dat
-------------------  ----------
# communities        104
min community size    20
max community size    99
avg. community size   48.0769
modularity             0.703283
-------------------  ----------
104 community detected
__CLASSIC_METHODS__
__Louvain__
PLM(balanced,pc,turbo) detected communities in 0.18014168739318848 [s]
solution properties:
-------------------  ----------
# communities         42
min community size     1
max community size   188
avg. community size  119.048
modularity             0.702236
-------------------  ----------
104 community detected
NMI:0.11058871413991944
ARM:0.40611818840270975
__Singleton__
104 community detected
NMI:0.3047814955401724
ARM:1.0
__AllInOne__
104 community detected
NMI:1.0
ARM:1.0
__PLP__
PLP detected communities in 0.03839302062988281 [s]
solution properties:
-------------------  ----------
# communities        106
min community size     1
max community size    99
avg. community size   47.1698
modularity             0.703328
-------------------  ----------
104 community detected
NMI:0.0023183417677696827
ARM:0.005118793989635884
__NORMALIZATION__
__glove__
Network Properties for:		G#21cc
nodes, edges			4998, 42031
directed?			False
weighted?			True
isolated nodes			0
self-loops			0
density				0.003366
clustering coefficient		0.286554
min/max/avg degree		1, 78, 16.819128
degree assortativity		0.384470
number of connected components	1
size of largest component	4998 (100.00 %)
tot:  4636.328881527944
__glove+Louvain__
PLM(balanced,pc,turbo) detected communities in 0.37068986892700195 [s]
solution properties:
-------------------  ---------
# communities         56
min community size    49
max community size   148
avg. community size   89.25
modularity             0.70922
-------------------  ---------
104 community detected
NMI:0.0632918522026189
ARM:0.23826129202035062
__glove+PLP__
PLP detected communities in 0.09374856948852539 [s]
solution properties:
-------------------  ----------
# communities        104
min community size    20
max community size    99
avg. community size   48.0577
modularity             0.708429
-------------------  ----------
104 community detected
NMI:0.00023472252025635854
ARM:0.0005274113245760104
__fake_pmi__
Network Properties for:		G#40cc
nodes, edges			4998, 42031
directed?			False
weighted?			True
isolated nodes			0
self-loops			0
density				0.003366
clustering coefficient		0.286554
min/max/avg degree		1, 78, 16.819128
degree assortativity		0.384470
number of connected components	1
size of largest component	4998 (100.00 %)
tot:  0.0
__fake_pmi+Louvain__
1 community detected due to total edge weight equal 0
NMI:1
ARM:0.0005274113245760104
__fake_pmi+PLP__
1 community detected due to total edge weight equal 0
NMI:1
ARM:0.0005274113245760104
__iterative_rev_degree_order__
Network Properties for:		G#53cc
nodes, edges			4998, 42031
directed?			False
weighted?			True
isolated nodes			0
self-loops			0
density				0.003366
clustering coefficient		0.286554
min/max/avg degree		1, 78, 16.819128
degree assortativity		0.384470
number of connected components	1
size of largest component	4998 (100.00 %)
tot:  1302.684281841205
__iterative_rev_degree_order+Louvain__
PLM(balanced,pc,turbo) detected communities in 0.6307315826416016 [s]
solution properties:
-------------------  ----------
# communities         52
min community size    45
max community size   204
avg. community size   96.1154
modularity             0.774018
-------------------  ----------
104 community detected
NMI:0.5336698945383815
ARM:0.851323161282632
__iterative_rev_degree_order+PLP__
PLP detected communities in 0.024381399154663086 [s]
solution properties:
-------------------  -----------
# communities        1248
min community size      2
max community size     16
avg. community size     4.00481
modularity              0.642266
-------------------  -----------
104 community detected
NMI:0.33313073187166764
ARM:0.9434589944511586
__pmi__
Network Properties for:		G#78cc
nodes, edges			4998, 42031
directed?			False
weighted?			True
isolated nodes			0
self-loops			0
density				0.003366
clustering coefficient		0.286554
min/max/avg degree		1, 78, 16.819128
degree assortativity		0.384470
number of connected components	1
size of largest component	4998 (100.00 %)
tot:  250603.57536568827
__pmi+Louvain__
PLM(balanced,pc,turbo) detected communities in 0.3963632583618164 [s]
solution properties:
-------------------  ----------
# communities         52
min community size    56
max community size   136
avg. community size   96.1154
modularity             0.717755
-------------------  ----------
104 community detected
NMI:0.0721771019334797
ARM:0.26870697959427425
__pmi+PLP__
PLP detected communities in 0.08975720405578613 [s]
solution properties:
-------------------  ----------
# communities        102
min community size    20
max community size    99
avg. community size   49
modularity             0.718734
-------------------  ----------
104 community detected
NMI:0.0029840329563213253
ARM:0.013857438561882707
__standard__
Network Properties for:		G#97cc
nodes, edges			4998, 42031
directed?			False
weighted?			True
isolated nodes			0
self-loops			0
density				0.003366
clustering coefficient		0.286554
min/max/avg degree		1, 78, 16.819128
degree assortativity		0.384470
number of connected components	1
size of largest component	4998 (100.00 %)
tot:  24.985874236530805
__standard+Louvain__
PLM(balanced,pc,turbo) detected communities in 0.41706252098083496 [s]
solution properties:
-------------------  ----------
# communities         47
min community size    30
max community size   263
avg. community size  106.34
modularity             0.738523
-------------------  ----------
104 community detected
NMI:0.24844090721060574
ARM:0.5740878888291321
__standard+PLP__
PLP detected communities in 0.15894532203674316 [s]
solution properties:
-------------------  ----------
# communities        362
min community size     1
max community size    93
avg. community size   13.8066
modularity             0.680874
-------------------  ----------
104 community detected
NMI:0.16074410160532493
ARM:0.33945114855028635
__ppmi__
Network Properties for:		G#119cc
nodes, edges			4998, 42031
directed?			False
weighted?			True
isolated nodes			0
self-loops			0
density				0.003366
clustering coefficient		0.286554
min/max/avg degree		1, 78, 16.819128
degree assortativity		0.384470
number of connected components	1
size of largest component	4998 (100.00 %)
tot:  254077.85671636468
__ppmi+Louvain__
PLM(balanced,pc,turbo) detected communities in 0.33249878883361816 [s]
solution properties:
-------------------  ----------
# communities         67
min community size    34
max community size   118
avg. community size   74.597
modularity             0.715599
-------------------  ----------
104 community detected
NMI:0.04262315315484222
ARM:0.15786591916107973
__ppmi+PLP__
PLP detected communities in 0.08779144287109375 [s]
solution properties:
-------------------  ----------
# communities        102
min community size    20
max community size    99
avg. community size   49
modularity             0.715448
-------------------  ----------
104 community detected
NMI:0.002525597926820722
ARM:0.01150448942957627
__glovexmax50alpha0.2__
Network Properties for:		G#138cc
nodes, edges			4998, 42031
directed?			False
weighted?			True
isolated nodes			0
self-loops			0
density				0.003366
clustering coefficient		0.286554
min/max/avg degree		1, 78, 16.819128
degree assortativity		0.384470
number of connected components	1
size of largest component	4998 (100.00 %)
tot:  25658.002286344556
__glovexmax50alpha0.2+Louvain__
PLM(balanced,pc,turbo) detected communities in 0.401963472366333 [s]
solution properties:
-------------------  ---------
# communities         60
min community size    34
max community size   126
avg. community size   83.3
modularity             0.71181
-------------------  ---------
104 community detected
NMI:0.05511442779392739
ARM:0.20502881207545465
__glovexmax50alpha0.2+PLP__
PLP detected communities in 0.10992169380187988 [s]
solution properties:
-------------------  ----------
# communities        104
min community size    20
max community size    99
avg. community size   48.0577
modularity             0.711558
-------------------  ----------
104 community detected
NMI:0.00023472252025646956
ARM:0.0005274113245760104
__glovexmax40alpha0.2__
Network Properties for:		G#157cc
nodes, edges			4998, 42031
directed?			False
weighted?			True
isolated nodes			0
self-loops			0
density				0.003366
clustering coefficient		0.286554
min/max/avg degree		1, 78, 16.819128
degree assortativity		0.384470
number of connected components	1
size of largest component	4998 (100.00 %)
tot:  26829.02203107912
__glovexmax40alpha0.2+Louvain__
PLM(balanced,pc,turbo) detected communities in 0.42577147483825684 [s]
solution properties:
-------------------  ----------
# communities         57
min community size    44
max community size   147
avg. community size   87.6842
modularity             0.711585
-------------------  ----------
104 community detected
NMI:0.06196479697456514
ARM:0.23453942548260875
__glovexmax40alpha0.2+PLP__
PLP detected communities in 0.08660173416137695 [s]
solution properties:
-------------------  ---------
# communities        105
min community size    10
max community size    99
avg. community size   47.6
modularity             0.71081
-------------------  ---------
104 community detected
NMI:0.0005548891924549437
ARM:0.0009145269081956009
__glovexmax30alpha0.3__
Network Properties for:		G#176cc
nodes, edges			4998, 42031
directed?			False
weighted?			True
isolated nodes			0
self-loops			0
density				0.003366
clustering coefficient		0.286554
min/max/avg degree		1, 78, 16.819128
degree assortativity		0.384470
number of connected components	1
size of largest component	4998 (100.00 %)
tot:  23772.95158607808
__glovexmax30alpha0.3+Louvain__
PLM(balanced,pc,turbo) detected communities in 0.4261913299560547 [s]
solution properties:
-------------------  ----------
# communities         57
min community size    44
max community size   155
avg. community size   87.6842
modularity             0.712919
-------------------  ----------
104 community detected
NMI:0.06228769591732852
ARM:0.23753527751646286
__glovexmax30alpha0.3+PLP__
PLP detected communities in 0.10606908798217773 [s]
solution properties:
-------------------  ----------
# communities        104
min community size    20
max community size    99
avg. community size   48.0577
modularity             0.712709
-------------------  ----------
104 community detected
NMI:0.00023472252025658058
ARM:0.0005274113245760104
