__LOADINGS__
4987/36163 13.79033819096867 % of nul weighted edges removed
1/5000 0.02 % of nul degree nodes removed
Network Properties for:		network
nodes, edges			4999, 31176
directed?			False
weighted?			True
isolated nodes			1
self-loops			0
density				0.002496
clustering coefficient		0.164325
min/max/avg degree		0, 75, 12.472895
degree assortativity		0.383725
number of connected components	1
size of largest component	4999 (100.00 %)
167693.060348957
__Groundtruth__
read communities from: ../../lfr_5000/mk100/k15/muw0.4/4/community.dat
-------------------  ----------
# communities        104
min community size    20
max community size    99
avg. community size   48.0769
modularity             0.584412
-------------------  ----------
104 community detected
__CLASSIC_METHODS__
__Louvain__
PLM(balanced,pc,turbo) detected communities in 0.6964941024780273 [s]
solution properties:
-------------------  ----------
# communities         44
min community size    66
max community size   177
avg. community size  113.614
modularity             0.591621
-------------------  ----------
104 community detected
NMI:0.1629747800455229
ARI:0.43276413598408814
__Singleton__
104 community detected
NMI:0.3047653125958607
ARI:1.0
__AllInOne__
104 community detected
NMI:1.0
ARI:1.0
__PLP__
PLP detected communities in 0.11700177192687988 [s]
solution properties:
-------------------  ----------
# communities        112
min community size     1
max community size   141
avg. community size   44.6429
modularity             0.581847
-------------------  ----------
104 community detected
NMI:0.07496474502266981
ARI:0.15657379371649216
__NORMALIZATION__
__glove__
Network Properties for:		G#21
nodes, edges			4999, 31176
directed?			False
weighted?			True
isolated nodes			1
self-loops			0
density				0.002496
clustering coefficient		0.164325
min/max/avg degree		0, 75, 12.472895
degree assortativity		0.383725
number of connected components	1
size of largest component	4999 (100.00 %)
tot:  3274.1210807038187
__glove+Louvain__
PLM(balanced,pc,turbo) detected communities in 0.7108299732208252 [s]
solution properties:
-------------------  ----------
# communities         43
min community size    64
max community size   184
avg. community size  116.256
modularity             0.596903
-------------------  ----------
104 community detected
NMI:0.1482224648547691
ARI:0.42119954323829545
__glove+PLP__
PLP detected communities in 0.05580949783325195 [s]
solution properties:
-------------------  ----------
# communities        110
min community size     1
max community size   136
avg. community size   45.4545
modularity             0.589589
-------------------  ----------
104 community detected
NMI:0.05060129624727461
ARI:0.11043645650282807
__fake_pmi__
Network Properties for:		G#30
nodes, edges			4999, 31176
directed?			False
weighted?			True
isolated nodes			1
self-loops			0
density				0.002496
clustering coefficient		0.164325
min/max/avg degree		0, 75, 12.472895
degree assortativity		0.383725
number of connected components	1
size of largest component	4999 (100.00 %)
tot:  0.0
__fake_pmi+Louvain__
1 community detected due to total edge weight equal 0
NMI:1
ARI:1
__fake_pmi+PLP__
1 community detected due to total edge weight equal 0
NMI:1
ARI:1
__iterative_rev_degree_order__
Network Properties for:		G#33
nodes, edges			4999, 31176
directed?			False
weighted?			True
isolated nodes			1
self-loops			0
density				0.002496
clustering coefficient		0.164325
min/max/avg degree		0, 75, 12.472895
degree assortativity		0.383725
number of connected components	1
size of largest component	4999 (100.00 %)
tot:  1402.2389410944602
__iterative_rev_degree_order+Louvain__
PLM(balanced,pc,turbo) detected communities in 0.7860026359558105 [s]
solution properties:
-------------------  ----------
# communities         73
min community size    32
max community size   113
avg. community size   68.4795
modularity             0.800441
-------------------  ----------
104 community detected
NMI:0.6179138820492127
ARI:0.9323424967096278
__iterative_rev_degree_order+PLP__
PLP detected communities in 0.05261492729187012 [s]
solution properties:
-------------------  -----------
# communities        1427
min community size      1
max community size     11
avg. community size     3.50385
modularity              0.686143
-------------------  -----------
104 community detected
NMI:0.3475095849932959
ARI:0.9636040073820196
__pmi__
Network Properties for:		G#48
nodes, edges			4999, 31176
directed?			False
weighted?			True
isolated nodes			1
self-loops			0
density				0.002496
clustering coefficient		0.164325
min/max/avg degree		0, 75, 12.472895
degree assortativity		0.383725
number of connected components	1
size of largest component	4999 (100.00 %)
tot:  182530.45015212052
__pmi+Louvain__
PLM(balanced,pc,turbo) detected communities in 0.5948522090911865 [s]
solution properties:
-------------------  ----------
# communities         50
min community size    54
max community size   196
avg. community size   99.98
modularity             0.621965
-------------------  ----------
104 community detected
NMI:0.1028971067091683
ARI:0.3411990529797595
__pmi+PLP__
PLP detected communities in 0.1675865650177002 [s]
solution properties:
-------------------  ----------
# communities        125
min community size     1
max community size   116
avg. community size   40
modularity             0.615825
-------------------  ----------
104 community detected
NMI:0.027191542222436915
ARI:0.061789501358338494
__standard__
Network Properties for:		G#57
nodes, edges			4999, 31176
directed?			False
weighted?			True
isolated nodes			1
self-loops			0
density				0.002496
clustering coefficient		0.164325
min/max/avg degree		0, 75, 12.472895
degree assortativity		0.383725
number of connected components	1
size of largest component	4999 (100.00 %)
tot:  36.45966937294655
__standard+Louvain__
PLM(balanced,pc,turbo) detected communities in 0.8827488422393799 [s]
solution properties:
-------------------  ----------
# communities         35
min community size    56
max community size   225
avg. community size  142.829
modularity             0.695168
-------------------  ----------
104 community detected
NMI:0.5871464116552934
ARI:0.8810294636723509
__standard+PLP__
PLP detected communities in 0.150010347366333 [s]
solution properties:
-------------------  -----------
# communities        1156
min community size      1
max community size     35
avg. community size     4.32526
modularity              0.543428
-------------------  -----------
104 community detected
NMI:0.34707758812613465
ARI:0.9251047585339494
__ppmi__
Network Properties for:		G#72
nodes, edges			4999, 31176
directed?			False
weighted?			True
isolated nodes			1
self-loops			0
density				0.002496
clustering coefficient		0.164325
min/max/avg degree		0, 75, 12.472895
degree assortativity		0.383725
number of connected components	1
size of largest component	4999 (100.00 %)
tot:  189513.00524861555
__ppmi+Louvain__
PLM(balanced,pc,turbo) detected communities in 0.5946128368377686 [s]
solution properties:
-------------------  ----------
# communities         51
min community size    32
max community size   177
avg. community size   98.0196
modularity             0.611332
-------------------  ----------
104 community detected
NMI:0.09003410808779744
ARI:0.3173712284053818
__ppmi+PLP__
PLP detected communities in 0.15510940551757812 [s]
solution properties:
-------------------  ----------
# communities        126
min community size     1
max community size   118
avg. community size   39.6825
modularity             0.603916
-------------------  ----------
104 community detected
NMI:0.019964228248092963
ARI:0.05080323946511156
__glovexmax50alpha0.2__
Network Properties for:		G#81
nodes, edges			4999, 31176
directed?			False
weighted?			True
isolated nodes			1
self-loops			0
density				0.002496
clustering coefficient		0.164325
min/max/avg degree		0, 75, 12.472895
degree assortativity		0.383725
number of connected components	1
size of largest component	4999 (100.00 %)
tot:  18395.876376914595
__glovexmax50alpha0.2+Louvain__
PLM(balanced,pc,turbo) detected communities in 0.48975682258605957 [s]
solution properties:
-------------------  ----------
# communities         50
min community size    48
max community size   196
avg. community size   99.98
modularity             0.604668
-------------------  ----------
104 community detected
NMI:0.08697431905561837
ARI:0.30888804095995526
__glovexmax50alpha0.2+PLP__
PLP detected communities in 0.15660572052001953 [s]
solution properties:
-------------------  ----------
# communities        109
min community size     1
max community size   100
avg. community size   45.8716
modularity             0.595162
-------------------  ----------
104 community detected
NMI:0.013053176551971024
ARI:0.03221518492454456
__glovexmax40alpha0.2__
Network Properties for:		G#90
nodes, edges			4999, 31176
directed?			False
weighted?			True
isolated nodes			1
self-loops			0
density				0.002496
clustering coefficient		0.164325
min/max/avg degree		0, 75, 12.472895
degree assortativity		0.383725
number of connected components	1
size of largest component	4999 (100.00 %)
tot:  19235.38404131157
__glovexmax40alpha0.2+Louvain__
PLM(balanced,pc,turbo) detected communities in 0.5763876438140869 [s]
solution properties:
-------------------  ----------
# communities         54
min community size    38
max community size   140
avg. community size   92.5741
modularity             0.605307
-------------------  ----------
104 community detected
NMI:0.07778494919058343
ARI:0.2717865209854494
__glovexmax40alpha0.2+PLP__
PLP detected communities in 0.14443731307983398 [s]
solution properties:
-------------------  ----------
# communities        109
min community size     1
max community size   100
avg. community size   45.8716
modularity             0.597443
-------------------  ----------
104 community detected
NMI:0.011420959763226324
ARI:0.02497771741437116
__glovexmax30alpha0.3__
Network Properties for:		G#99
nodes, edges			4999, 31176
directed?			False
weighted?			True
isolated nodes			1
self-loops			0
density				0.002496
clustering coefficient		0.164325
min/max/avg degree		0, 75, 12.472895
degree assortativity		0.383725
number of connected components	1
size of largest component	4999 (100.00 %)
tot:  16935.904177502947
__glovexmax30alpha0.3+Louvain__
PLM(balanced,pc,turbo) detected communities in 0.4180295467376709 [s]
solution properties:
-------------------  ----------
# communities         53
min community size    38
max community size   167
avg. community size   94.3208
modularity             0.605995
-------------------  ----------
104 community detected
NMI:0.08413106264688697
ARI:0.28820870249641406
__glovexmax30alpha0.3+PLP__
PLP detected communities in 0.09692573547363281 [s]
solution properties:
-------------------  ----------
# communities        108
min community size     1
max community size   100
avg. community size   46.2963
modularity             0.598624
-------------------  ----------
104 community detected
NMI:0.014602372337007674
ARI:0.03236893657046269
NMI classement:
[('NMIglovexmax40alpha0.2+PLP', 0.011420959763226324), ('NMIglovexmax50alpha0.2+PLP', 0.013053176551971024), ('NMIglovexmax30alpha0.3+PLP', 0.014602372337007674), ('NMIppmi+PLP', 0.019964228248092963), ('NMIpmi+PLP', 0.027191542222436915), ('NMIglove+PLP', 0.05060129624727461), ('NMIPLP', 0.07496474502266981), ('NMIglovexmax40alpha0.2+Louvain', 0.07778494919058343), ('NMIglovexmax30alpha0.3+Louvain', 0.08413106264688697), ('NMIglovexmax50alpha0.2+Louvain', 0.08697431905561837), ('NMIppmi+Louvain', 0.09003410808779744), ('NMIpmi+Louvain', 0.1028971067091683), ('NMIglove+Louvain', 0.1482224648547691), ('NMILouvain', 0.1629747800455229), ('NMISingleton', 0.3047653125958607), ('NMIstandard+PLP', 0.34707758812613465), ('NMIiterative_rev_degree_order+PLP', 0.3475095849932959), ('NMIstandard+Louvain', 0.5871464116552934), ('NMIiterative_rev_degree_order+Louvain', 0.6179138820492127), ('NMIAllInOne', 1.0), ('NMIfake_pmi+Louvain', 1), ('NMIfake_pmi+PLP', 1)]
ARI classement:
[('ARIglovexmax40alpha0.2+PLP', 0.02497771741437116), ('ARIglovexmax50alpha0.2+PLP', 0.03221518492454456), ('ARIglovexmax30alpha0.3+PLP', 0.03236893657046269), ('ARIppmi+PLP', 0.05080323946511156), ('ARIpmi+PLP', 0.061789501358338494), ('ARIglove+PLP', 0.11043645650282807), ('ARIPLP', 0.15657379371649216), ('ARIglovexmax40alpha0.2+Louvain', 0.2717865209854494), ('ARIglovexmax30alpha0.3+Louvain', 0.28820870249641406), ('ARIglovexmax50alpha0.2+Louvain', 0.30888804095995526), ('ARIppmi+Louvain', 0.3173712284053818), ('ARIpmi+Louvain', 0.3411990529797595), ('ARIglove+Louvain', 0.42119954323829545), ('ARILouvain', 0.43276413598408814), ('ARIstandard+Louvain', 0.8810294636723509), ('ARIstandard+PLP', 0.9251047585339494), ('ARIiterative_rev_degree_order+Louvain', 0.9323424967096278), ('ARIiterative_rev_degree_order+PLP', 0.9636040073820196), ('ARISingleton', 1.0), ('ARIAllInOne', 1.0), ('ARIfake_pmi+Louvain', 1), ('ARIfake_pmi+PLP', 1)]
