__LOADINGS__
4995/32628 15.308937109231335 % of nul weighted edges removed
1/5000 0.02 % of nul degree nodes removed
Network Properties for:		network
nodes, edges			4999, 27633
directed?			False
weighted?			True
isolated nodes			1
self-loops			0
density				0.002212
clustering coefficient		0.414482
min/max/avg degree		0, 357, 11.055411
degree assortativity		0.162374
number of connected components	8
size of largest component	4974 (99.50 %)
236216.53044496043
__Groundtruth__
read communities from: ../../lfr_5000/mk500/k15/muw0.2/17/community.dat
-------------------  ---------
# communities         50
min community size     3
max community size   469
avg. community size  100
modularity             0.58299
-------------------  ---------
50 community detected
__CLASSIC_METHODS__
__Louvain__
PLM(balanced,pc,turbo) detected communities in 0.5318946838378906 [s]
solution properties:
-------------------  ----------
# communities         31
min community size     3
max community size   503
avg. community size  161.258
modularity             0.593073
-------------------  ----------
50 community detected
NMI:0.1532343167131356
ARI:0.17272927402741445
__Singleton__
50 community detected
NMI:0.4619322719447385
ARI:1.0
__AllInOne__
50 community detected
NMI:1.0
ARI:1.0
__PLP__
PLP detected communities in 0.14856982231140137 [s]
solution properties:
-------------------  ----------
# communities         71
min community size     1
max community size   511
avg. community size   70.4225
modularity             0.590965
-------------------  ----------
50 community detected
NMI:0.1307524746863291
ARI:0.14717293428833023
__NORMALIZATION__
__glove__
Network Properties for:		G#24
nodes, edges			4999, 27633
directed?			False
weighted?			True
isolated nodes			1
self-loops			0
density				0.002212
clustering coefficient		0.414482
min/max/avg degree		0, 357, 11.055411
degree assortativity		0.162374
number of connected components	8
size of largest component	4974 (99.50 %)
tot:  3208.2598818334095
__glove+Louvain__
PLM(balanced,pc,turbo) detected communities in 0.550506591796875 [s]
solution properties:
-------------------  ----------
# communities         33
min community size     3
max community size   493
avg. community size  151.485
modularity             0.648483
-------------------  ----------
50 community detected
NMI:0.1398114246887423
ARI:0.15183177178427099
__glove+PLP__
PLP detected communities in 0.10903763771057129 [s]
solution properties:
-------------------  ----------
# communities         77
min community size     1
max community size   509
avg. community size   64.9351
modularity             0.640085
-------------------  ----------
50 community detected
NMI:0.12772536443520544
ARI:0.1432141135697187
__fake_pmi__
Network Properties for:		G#36
nodes, edges			4999, 27633
directed?			False
weighted?			True
isolated nodes			1
self-loops			0
density				0.002212
clustering coefficient		0.414482
min/max/avg degree		0, 357, 11.055411
degree assortativity		0.162374
number of connected components	8
size of largest component	4974 (99.50 %)
tot:  0.0
__fake_pmi+Louvain__
1 community detected due to total edge weight equal 0
NMI:1
ARI:1
__fake_pmi+PLP__
1 community detected due to total edge weight equal 0
NMI:1
ARI:1
__iterative_rev_degree_order__
Network Properties for:		G#39
nodes, edges			4999, 27633
directed?			False
weighted?			True
isolated nodes			1
self-loops			0
density				0.002212
clustering coefficient		0.414482
min/max/avg degree		0, 357, 11.055411
degree assortativity		0.162374
number of connected components	8
size of largest component	4974 (99.50 %)
tot:  1701.108850448614
__iterative_rev_degree_order+Louvain__
PLM(balanced,pc,turbo) detected communities in 0.6731197834014893 [s]
solution properties:
-------------------  ----------
# communities        121
min community size     2
max community size   216
avg. community size   41.314
modularity             0.936148
-------------------  ----------
50 community detected
NMI:0.5467996791699832
ARI:0.8244267197287738
__iterative_rev_degree_order+PLP__
PLP detected communities in 0.08323383331298828 [s]
solution properties:
-------------------  -----------
# communities        1396
min community size      1
max community size     29
avg. community size     3.58166
modularity              0.844609
-------------------  -----------
50 community detected
NMI:0.48479684857922745
ARI:0.9806595042401065
__pmi__
Network Properties for:		G#54
nodes, edges			4999, 27633
directed?			False
weighted?			True
isolated nodes			1
self-loops			0
density				0.002212
clustering coefficient		0.414482
min/max/avg degree		0, 357, 11.055411
degree assortativity		0.162374
number of connected components	8
size of largest component	4974 (99.50 %)
tot:  36178.60343507343
__pmi+Louvain__
PLM(balanced,pc,turbo) detected communities in 0.4252357482910156 [s]
solution properties:
-------------------  ---------
# communities         38
min community size     1
max community size   719
avg. community size  131.553
modularity             1.85707
-------------------  ---------
50 community detected
NMI:0.4285513578310658
ARI:0.6520435834633485
__pmi+PLP__
PLP detected communities in 0.17830967903137207 [s]
solution properties:
-------------------  ---------
# communities        558
min community size     1
max community size   331
avg. community size    8.96057
modularity             1.57955
-------------------  ---------
50 community detected
NMI:0.3791656599352826
ARI:0.673003446127572
__standard__
Network Properties for:		G#66
nodes, edges			4999, 27633
directed?			False
weighted?			True
isolated nodes			1
self-loops			0
density				0.002212
clustering coefficient		0.414482
min/max/avg degree		0, 357, 11.055411
degree assortativity		0.162374
number of connected components	8
size of largest component	4974 (99.50 %)
tot:  42.088898006202804
__standard+Louvain__
PLM(balanced,pc,turbo) detected communities in 0.6185555458068848 [s]
solution properties:
-------------------  ----------
# communities         93
min community size     2
max community size   948
avg. community size   53.7527
modularity             0.949158
-------------------  ----------
50 community detected
NMI:0.44829805847141124
ARI:0.6711587354352708
__standard+PLP__
PLP detected communities in 0.1063234806060791 [s]
solution properties:
-------------------  -----------
# communities        1083
min community size      1
max community size    149
avg. community size     4.61681
modularity              0.816271
-------------------  -----------
50 community detected
NMI:0.4551504636073799
ARI:0.9241456538952214
__ppmi__
Network Properties for:		G#78
nodes, edges			4999, 27633
directed?			False
weighted?			True
isolated nodes			1
self-loops			0
density				0.002212
clustering coefficient		0.414482
min/max/avg degree		0, 357, 11.055411
degree assortativity		0.162374
number of connected components	8
size of largest component	4974 (99.50 %)
tot:  94808.48878821438
__ppmi+Louvain__
PLM(balanced,pc,turbo) detected communities in 0.5167107582092285 [s]
solution properties:
-------------------  ----------
# communities         42
min community size     3
max community size   414
avg. community size  119.024
modularity             0.766326
-------------------  ----------
50 community detected
NMI:0.27287033152991436
ARI:0.37907293866352176
__ppmi+PLP__
PLP detected communities in 0.07729673385620117 [s]
solution properties:
-------------------  ----------
# communities        507
min community size     1
max community size   394
avg. community size    9.86193
modularity             0.646807
-------------------  ----------
50 community detected
NMI:0.3602424706720091
ARI:0.6266833221937331
__glovexmax50alpha0.2__
Network Properties for:		G#90
nodes, edges			4999, 27633
directed?			False
weighted?			True
isolated nodes			1
self-loops			0
density				0.002212
clustering coefficient		0.414482
min/max/avg degree		0, 357, 11.055411
degree assortativity		0.162374
number of connected components	8
size of largest component	4974 (99.50 %)
tot:  13242.52289060524
__glovexmax50alpha0.2+Louvain__
PLM(balanced,pc,turbo) detected communities in 0.5330507755279541 [s]
solution properties:
-------------------  ----------
# communities         39
min community size     3
max community size   473
avg. community size  128.179
modularity             0.727942
-------------------  ----------
50 community detected
NMI:0.07889412544019236
ARI:0.08353643806699296
__glovexmax50alpha0.2+PLP__
PLP detected communities in 0.11318802833557129 [s]
solution properties:
-------------------  ----------
# communities         77
min community size     1
max community size   486
avg. community size   64.9351
modularity             0.723157
-------------------  ----------
50 community detected
NMI:0.07516656960415002
ARI:0.0765553181008396
__glovexmax40alpha0.2__
Network Properties for:		G#102
nodes, edges			4999, 27633
directed?			False
weighted?			True
isolated nodes			1
self-loops			0
density				0.002212
clustering coefficient		0.414482
min/max/avg degree		0, 357, 11.055411
degree assortativity		0.162374
number of connected components	8
size of largest component	4974 (99.50 %)
tot:  13797.682634985855
__glovexmax40alpha0.2+Louvain__
PLM(balanced,pc,turbo) detected communities in 0.5271275043487549 [s]
solution properties:
-------------------  ---------
# communities         37
min community size     3
max community size   477
avg. community size  135.108
modularity             0.72875
-------------------  ---------
50 community detected
NMI:0.08095978939420567
ARI:0.08618061386392484
__glovexmax40alpha0.2+PLP__
PLP detected communities in 0.08126497268676758 [s]
solution properties:
-------------------  ----------
# communities         78
min community size     1
max community size   486
avg. community size   64.1026
modularity             0.723509
-------------------  ----------
50 community detected
NMI:0.07622101433072748
ARI:0.0774444437038666
__glovexmax30alpha0.3__
Network Properties for:		G#114
nodes, edges			4999, 27633
directed?			False
weighted?			True
isolated nodes			1
self-loops			0
density				0.002212
clustering coefficient		0.414482
min/max/avg degree		0, 357, 11.055411
degree assortativity		0.162374
number of connected components	8
size of largest component	4974 (99.50 %)
tot:  11871.474289858177
__glovexmax30alpha0.3+Louvain__
PLM(balanced,pc,turbo) detected communities in 0.5333518981933594 [s]
solution properties:
-------------------  ----------
# communities         38
min community size     3
max community size   475
avg. community size  131.553
modularity             0.723514
-------------------  ----------
50 community detected
NMI:0.08790910984727929
ARI:0.0942884727180594
__glovexmax30alpha0.3+PLP__
PLP detected communities in 0.08380985260009766 [s]
solution properties:
-------------------  ----------
# communities         80
min community size     1
max community size   491
avg. community size   62.5
modularity             0.718073
-------------------  ----------
50 community detected
NMI:0.08769731856345009
ARI:0.09290898022254723
NMI classement:
[('NMIglovexmax50alpha0.2+PLP', 0.07516656960415002), ('NMIglovexmax40alpha0.2+PLP', 0.07622101433072748), ('NMIglovexmax50alpha0.2+Louvain', 0.07889412544019236), ('NMIglovexmax40alpha0.2+Louvain', 0.08095978939420567), ('NMIglovexmax30alpha0.3+PLP', 0.08769731856345009), ('NMIglovexmax30alpha0.3+Louvain', 0.08790910984727929), ('NMIglove+PLP', 0.12772536443520544), ('NMIPLP', 0.1307524746863291), ('NMIglove+Louvain', 0.1398114246887423), ('NMILouvain', 0.1532343167131356), ('NMIppmi+Louvain', 0.27287033152991436), ('NMIppmi+PLP', 0.3602424706720091), ('NMIpmi+PLP', 0.3791656599352826), ('NMIpmi+Louvain', 0.4285513578310658), ('NMIstandard+Louvain', 0.44829805847141124), ('NMIstandard+PLP', 0.4551504636073799), ('NMISingleton', 0.4619322719447385), ('NMIiterative_rev_degree_order+PLP', 0.48479684857922745), ('NMIiterative_rev_degree_order+Louvain', 0.5467996791699832), ('NMIAllInOne', 1.0), ('NMIfake_pmi+Louvain', 1), ('NMIfake_pmi+PLP', 1)]
ARI classement:
[('ARIglovexmax50alpha0.2+PLP', 0.0765553181008396), ('ARIglovexmax40alpha0.2+PLP', 0.0774444437038666), ('ARIglovexmax50alpha0.2+Louvain', 0.08353643806699296), ('ARIglovexmax40alpha0.2+Louvain', 0.08618061386392484), ('ARIglovexmax30alpha0.3+PLP', 0.09290898022254723), ('ARIglovexmax30alpha0.3+Louvain', 0.0942884727180594), ('ARIglove+PLP', 0.1432141135697187), ('ARIPLP', 0.14717293428833023), ('ARIglove+Louvain', 0.15183177178427099), ('ARILouvain', 0.17272927402741445), ('ARIppmi+Louvain', 0.37907293866352176), ('ARIppmi+PLP', 0.6266833221937331), ('ARIpmi+Louvain', 0.6520435834633485), ('ARIstandard+Louvain', 0.6711587354352708), ('ARIpmi+PLP', 0.673003446127572), ('ARIiterative_rev_degree_order+Louvain', 0.8244267197287738), ('ARIstandard+PLP', 0.9241456538952214), ('ARIiterative_rev_degree_order+PLP', 0.9806595042401065), ('ARISingleton', 1.0), ('ARIAllInOne', 1.0), ('ARIfake_pmi+Louvain', 1), ('ARIfake_pmi+PLP', 1)]
