__LOADINGS__
4993/46791 10.670855506400803 % of nul weighted edges removed
1/5000 0.02 % of nul degree nodes removed
Network Properties for:		network
nodes, edges			4999, 41798
directed?			False
weighted?			True
isolated nodes			1
self-loops			0
density				0.003346
clustering coefficient		0.415260
min/max/avg degree		0, 235, 16.722545
degree assortativity		0.148925
number of connected components	1
size of largest component	4999 (100.00 %)
312280.7541406028
__Groundtruth__
read communities from: ../../lfr_5000/mk300/k20/muw0.2/4/community.dat
-------------------  ----------
# communities         30
min community size   122
max community size   240
avg. community size  166.667
modularity             0.725913
-------------------  ----------
30 community detected
__CLASSIC_METHODS__
__Louvain__
PLM(balanced,pc,turbo) detected communities in 0.17846918106079102 [s]
solution properties:
-------------------  ----------
# communities         30
min community size   120
max community size   245
avg. community size  166.633
modularity             0.727212
-------------------  ----------
30 community detected
NMI:0.03407881653215261
ARI:0.038104994215194754
__Singleton__
30 community detected
NMI:0.4312749414218585
ARI:1.0
__AllInOne__
30 community detected
NMI:1.0
ARI:1.0
__PLP__
PLP detected communities in 0.0923910140991211 [s]
solution properties:
-------------------  ----------
# communities         31
min community size     1
max community size   245
avg. community size  161.29
modularity             0.727202
-------------------  ----------
30 community detected
NMI:0.03643823592946127
ARI:0.04089327705177137
__NORMALIZATION__
__glove__
Network Properties for:		G#18
nodes, edges			4999, 41798
directed?			False
weighted?			True
isolated nodes			1
self-loops			0
density				0.003346
clustering coefficient		0.415260
min/max/avg degree		0, 235, 16.722545
degree assortativity		0.148925
number of connected components	1
size of largest component	4999 (100.00 %)
tot:  5037.179805290888
__glove+Louvain__
PLM(balanced,pc,turbo) detected communities in 0.21262526512145996 [s]
solution properties:
-------------------  ----------
# communities         30
min community size   121
max community size   242
avg. community size  166.633
modularity             0.747892
-------------------  ----------
30 community detected
NMI:0.02286594503611572
ARI:0.025448657466282776
__glove+PLP__
PLP detected communities in 0.09810471534729004 [s]
solution properties:
-------------------  ----------
# communities         31
min community size     1
max community size   242
avg. community size  161.29
modularity             0.747889
-------------------  ----------
30 community detected
NMI:0.02385995170590971
ARI:0.026608089785716715
__fake_pmi__
Network Properties for:		G#24
nodes, edges			4999, 41798
directed?			False
weighted?			True
isolated nodes			1
self-loops			0
density				0.003346
clustering coefficient		0.415260
min/max/avg degree		0, 235, 16.722545
degree assortativity		0.148925
number of connected components	1
size of largest component	4999 (100.00 %)
tot:  0.0
__fake_pmi+Louvain__
1 community detected due to total edge weight equal 0
NMI:1
ARI:1
__fake_pmi+PLP__
1 community detected due to total edge weight equal 0
NMI:1
ARI:1
__iterative_rev_degree_order__
Network Properties for:		G#27
nodes, edges			4999, 41798
directed?			False
weighted?			True
isolated nodes			1
self-loops			0
density				0.003346
clustering coefficient		0.415260
min/max/avg degree		0, 235, 16.722545
degree assortativity		0.148925
number of connected components	1
size of largest component	4999 (100.00 %)
tot:  1623.636967681665
__iterative_rev_degree_order+Louvain__
PLM(balanced,pc,turbo) detected communities in 0.595146656036377 [s]
solution properties:
-------------------  ----------
# communities         44
min community size     2
max community size   253
avg. community size  113.614
modularity             0.858754
-------------------  ----------
30 community detected
NMI:0.5777236710861329
ARI:0.7425654799062062
__iterative_rev_degree_order+PLP__
PLP detected communities in 0.07263374328613281 [s]
solution properties:
-------------------  -----------
# communities        1538
min community size      1
max community size     16
avg. community size     3.25098
modularity              0.728192
-------------------  -----------
30 community detected
NMI:0.4514608817008158
ARI:0.9806337987742852
__pmi__
Network Properties for:		G#42
nodes, edges			4999, 41798
directed?			False
weighted?			True
isolated nodes			1
self-loops			0
density				0.003346
clustering coefficient		0.415260
min/max/avg degree		0, 235, 16.722545
degree assortativity		0.148925
number of connected components	1
size of largest component	4999 (100.00 %)
tot:  116692.59942177487
__pmi+Louvain__
PLM(balanced,pc,turbo) detected communities in 0.42780518531799316 [s]
solution properties:
-------------------  ---------
# communities         29
min community size   134
max community size   353
avg. community size  172.379
modularity             1.00791
-------------------  ---------
30 community detected
NMI:0.09987812080299385
ARI:0.1560119299428131
__pmi+PLP__
PLP detected communities in 0.10276460647583008 [s]
solution properties:
-------------------  ---------
# communities         43
min community size     1
max community size   221
avg. community size  116.279
modularity             1.00476
-------------------  ---------
30 community detected
NMI:0.09342076668351884
ARI:0.12862275861305983
__standard__
Network Properties for:		G#51
nodes, edges			4999, 41798
directed?			False
weighted?			True
isolated nodes			1
self-loops			0
density				0.003346
clustering coefficient		0.415260
min/max/avg degree		0, 235, 16.722545
degree assortativity		0.148925
number of connected components	1
size of largest component	4999 (100.00 %)
tot:  10.53031585263825
__standard+Louvain__
PLM(balanced,pc,turbo) detected communities in 0.6466870307922363 [s]
solution properties:
-------------------  ----------
# communities         29
min community size     4
max community size   302
avg. community size  172.379
modularity             0.839608
-------------------  ----------
30 community detected
NMI:0.2960705478828767
ARI:0.3945777548738528
__standard+PLP__
PLP detected communities in 0.17592215538024902 [s]
solution properties:
-------------------  -----------
# communities        1020
min community size      1
max community size    131
avg. community size     4.90196
modularity              0.645791
-------------------  -----------
30 community detected
NMI:0.37847144881240946
ARI:0.7194036967052464
__ppmi__
Network Properties for:		G#63
nodes, edges			4999, 41798
directed?			False
weighted?			True
isolated nodes			1
self-loops			0
density				0.003346
clustering coefficient		0.415260
min/max/avg degree		0, 235, 16.722545
degree assortativity		0.148925
number of connected components	1
size of largest component	4999 (100.00 %)
tot:  167770.4413900096
__ppmi+Louvain__
PLM(balanced,pc,turbo) detected communities in 0.3764379024505615 [s]
solution properties:
-------------------  ----------
# communities         21
min community size   123
max community size   454
avg. community size  238.048
modularity             0.775195
-------------------  ----------
30 community detected
NMI:0.07151617903697016
ARI:0.2548130237211823
__ppmi+PLP__
PLP detected communities in 0.10567855834960938 [s]
solution properties:
-------------------  ----------
# communities         31
min community size     1
max community size   238
avg. community size  161.29
modularity             0.787671
-------------------  ----------
30 community detected
NMI:0.004779670523414992
ARI:0.005902508263753381
__glovexmax50alpha0.2__
Network Properties for:		G#72
nodes, edges			4999, 41798
directed?			False
weighted?			True
isolated nodes			1
self-loops			0
density				0.003346
clustering coefficient		0.415260
min/max/avg degree		0, 235, 16.722545
degree assortativity		0.148925
number of connected components	1
size of largest component	4999 (100.00 %)
tot:  22467.673829845553
__glovexmax50alpha0.2+Louvain__
PLM(balanced,pc,turbo) detected communities in 0.28635525703430176 [s]
solution properties:
-------------------  ----------
# communities         30
min community size   122
max community size   239
avg. community size  166.633
modularity             0.777287
-------------------  ----------
30 community detected
NMI:0.0
ARI:0.0
__glovexmax50alpha0.2+PLP__
PLP detected communities in 0.07914519309997559 [s]
solution properties:
-------------------  ----------
# communities         31
min community size     1
max community size   239
avg. community size  161.29
modularity             0.777287
-------------------  ----------
30 community detected
NMI:0.0
ARI:0.0
__glovexmax40alpha0.2__
Network Properties for:		G#78
nodes, edges			4999, 41798
directed?			False
weighted?			True
isolated nodes			1
self-loops			0
density				0.003346
clustering coefficient		0.415260
min/max/avg degree		0, 235, 16.722545
degree assortativity		0.148925
number of connected components	1
size of largest component	4999 (100.00 %)
tot:  23463.070343337
__glovexmax40alpha0.2+Louvain__
PLM(balanced,pc,turbo) detected communities in 0.20418882369995117 [s]
solution properties:
-------------------  ----------
# communities         30
min community size   122
max community size   239
avg. community size  166.633
modularity             0.777499
-------------------  ----------
30 community detected
NMI:0.0
ARI:0.0
__glovexmax40alpha0.2+PLP__
PLP detected communities in 0.06905603408813477 [s]
solution properties:
-------------------  ----------
# communities         31
min community size     1
max community size   239
avg. community size  161.29
modularity             0.777499
-------------------  ----------
30 community detected
NMI:0.0
ARI:0.0
__glovexmax30alpha0.3__
Network Properties for:		G#84
nodes, edges			4999, 41798
directed?			False
weighted?			True
isolated nodes			1
self-loops			0
density				0.003346
clustering coefficient		0.415260
min/max/avg degree		0, 235, 16.722545
degree assortativity		0.148925
number of connected components	1
size of largest component	4999 (100.00 %)
tot:  20763.072400504618
__glovexmax30alpha0.3+Louvain__
PLM(balanced,pc,turbo) detected communities in 0.12442755699157715 [s]
solution properties:
-------------------  ----------
# communities         30
min community size   122
max community size   239
avg. community size  166.633
modularity             0.776341
-------------------  ----------
30 community detected
NMI:0.0017961516855820037
ARI:0.0019690488249166638
__glovexmax30alpha0.3+PLP__
PLP detected communities in 0.04900860786437988 [s]
solution properties:
-------------------  ----------
# communities         31
min community size     1
max community size   239
avg. community size  161.29
modularity             0.776341
-------------------  ----------
30 community detected
NMI:0.0017961516855817816
ARI:0.0019690488249166638
NMI classement:
[('NMIglovexmax50alpha0.2+Louvain', 0.0), ('NMIglovexmax50alpha0.2+PLP', 0.0), ('NMIglovexmax40alpha0.2+Louvain', 0.0), ('NMIglovexmax40alpha0.2+PLP', 0.0), ('NMIglovexmax30alpha0.3+PLP', 0.0017961516855817816), ('NMIglovexmax30alpha0.3+Louvain', 0.0017961516855820037), ('NMIppmi+PLP', 0.004779670523414992), ('NMIglove+Louvain', 0.02286594503611572), ('NMIglove+PLP', 0.02385995170590971), ('NMILouvain', 0.03407881653215261), ('NMIPLP', 0.03643823592946127), ('NMIppmi+Louvain', 0.07151617903697016), ('NMIpmi+PLP', 0.09342076668351884), ('NMIpmi+Louvain', 0.09987812080299385), ('NMIstandard+Louvain', 0.2960705478828767), ('NMIstandard+PLP', 0.37847144881240946), ('NMISingleton', 0.4312749414218585), ('NMIiterative_rev_degree_order+PLP', 0.4514608817008158), ('NMIiterative_rev_degree_order+Louvain', 0.5777236710861329), ('NMIAllInOne', 1.0), ('NMIfake_pmi+Louvain', 1), ('NMIfake_pmi+PLP', 1)]
ARI classement:
[('ARIglovexmax50alpha0.2+Louvain', 0.0), ('ARIglovexmax50alpha0.2+PLP', 0.0), ('ARIglovexmax40alpha0.2+Louvain', 0.0), ('ARIglovexmax40alpha0.2+PLP', 0.0), ('ARIglovexmax30alpha0.3+Louvain', 0.0019690488249166638), ('ARIglovexmax30alpha0.3+PLP', 0.0019690488249166638), ('ARIppmi+PLP', 0.005902508263753381), ('ARIglove+Louvain', 0.025448657466282776), ('ARIglove+PLP', 0.026608089785716715), ('ARILouvain', 0.038104994215194754), ('ARIPLP', 0.04089327705177137), ('ARIpmi+PLP', 0.12862275861305983), ('ARIpmi+Louvain', 0.1560119299428131), ('ARIppmi+Louvain', 0.2548130237211823), ('ARIstandard+Louvain', 0.3945777548738528), ('ARIstandard+PLP', 0.7194036967052464), ('ARIiterative_rev_degree_order+Louvain', 0.7425654799062062), ('ARIiterative_rev_degree_order+PLP', 0.9806337987742852), ('ARISingleton', 1.0), ('ARIAllInOne', 1.0), ('ARIfake_pmi+Louvain', 1), ('ARIfake_pmi+PLP', 1)]
