__LOADINGS__
4987/36163 13.79033819096867 % of nul weighted edges removed
1/5000 0.02 % of nul degree nodes removed
Network Properties for:		network
nodes, edges			4999, 31176
directed?			False
weighted?			True
isolated nodes			1
self-loops			0
density				0.002496
clustering coefficient		0.164325
min/max/avg degree		0, 75, 12.472895
degree assortativity		0.383725
number of connected components	1
size of largest component	4999 (100.00 %)
167693.060348957
__Groundtruth__
read communities from: ../../lfr_5000/mk100/k15/muw0.4/5/community.dat
-------------------  ----------
# communities        104
min community size    20
max community size    99
avg. community size   48.0769
modularity             0.584412
-------------------  ----------
104 community detected
__CLASSIC_METHODS__
__Louvain__
PLM(balanced,pc,turbo) detected communities in 0.587782621383667 [s]
solution properties:
-------------------  ----------
# communities         44
min community size    73
max community size   185
avg. community size  113.614
modularity             0.591997
-------------------  ----------
104 community detected
NMI:0.16098105385179007
ARI:0.4262859208553572
__Singleton__
104 community detected
NMI:0.3047653125958608
ARI:1.0
__AllInOne__
104 community detected
NMI:1.0
ARI:1.0
__PLP__
PLP detected communities in 0.1585707664489746 [s]
solution properties:
-------------------  ----------
# communities        112
min community size     1
max community size   140
avg. community size   44.6429
modularity             0.581654
-------------------  ----------
104 community detected
NMI:0.07609794032372308
ARI:0.15965778674271403
__NORMALIZATION__
__glove__
Network Properties for:		G#24
nodes, edges			4999, 31176
directed?			False
weighted?			True
isolated nodes			1
self-loops			0
density				0.002496
clustering coefficient		0.164325
min/max/avg degree		0, 75, 12.472895
degree assortativity		0.383725
number of connected components	1
size of largest component	4999 (100.00 %)
tot:  3274.1210807038187
__glove+Louvain__
PLM(balanced,pc,turbo) detected communities in 0.5842413902282715 [s]
solution properties:
-------------------  ----------
# communities         45
min community size    67
max community size   160
avg. community size  111.089
modularity             0.597107
-------------------  ----------
104 community detected
NMI:0.1414445817737351
ARI:0.3991415502812973
__glove+PLP__
PLP detected communities in 0.12691688537597656 [s]
solution properties:
-------------------  ----------
# communities        111
min community size     1
max community size   135
avg. community size   45.045
modularity             0.587244
-------------------  ----------
104 community detected
NMI:0.051319476433525746
ARI:0.11918911198027804
__fake_pmi__
Network Properties for:		G#33
nodes, edges			4999, 31176
directed?			False
weighted?			True
isolated nodes			1
self-loops			0
density				0.002496
clustering coefficient		0.164325
min/max/avg degree		0, 75, 12.472895
degree assortativity		0.383725
number of connected components	1
size of largest component	4999 (100.00 %)
tot:  0.0
__fake_pmi+Louvain__
1 community detected due to total edge weight equal 0
NMI:1
ARI:1
__fake_pmi+PLP__
1 community detected due to total edge weight equal 0
NMI:1
ARI:1
__iterative_rev_degree_order__
Network Properties for:		G#36
nodes, edges			4999, 31176
directed?			False
weighted?			True
isolated nodes			1
self-loops			0
density				0.002496
clustering coefficient		0.164325
min/max/avg degree		0, 75, 12.472895
degree assortativity		0.383725
number of connected components	1
size of largest component	4999 (100.00 %)
tot:  1402.2389410944602
__iterative_rev_degree_order+Louvain__
PLM(balanced,pc,turbo) detected communities in 0.8152174949645996 [s]
solution properties:
-------------------  ----------
# communities         70
min community size    32
max community size   142
avg. community size   71.4143
modularity             0.800678
-------------------  ----------
104 community detected
NMI:0.6218468852409467
ARI:0.9328599526619329
__iterative_rev_degree_order+PLP__
PLP detected communities in 0.1075141429901123 [s]
solution properties:
-------------------  -----------
# communities        1427
min community size      1
max community size     11
avg. community size     3.50385
modularity              0.686112
-------------------  -----------
104 community detected
NMI:0.3477503629756724
ARI:0.9638036486343984
__pmi__
Network Properties for:		G#51
nodes, edges			4999, 31176
directed?			False
weighted?			True
isolated nodes			1
self-loops			0
density				0.002496
clustering coefficient		0.164325
min/max/avg degree		0, 75, 12.472895
degree assortativity		0.383725
number of connected components	1
size of largest component	4999 (100.00 %)
tot:  182530.45015212052
__pmi+Louvain__
PLM(balanced,pc,turbo) detected communities in 0.5922584533691406 [s]
solution properties:
-------------------  ---------
# communities         50
min community size    45
max community size   185
avg. community size   99.98
modularity             0.62228
-------------------  ---------
104 community detected
NMI:0.10215928129663676
ARI:0.3386991430746188
__pmi+PLP__
PLP detected communities in 0.1532135009765625 [s]
solution properties:
-------------------  ----------
# communities        129
min community size     1
max community size   118
avg. community size   38.7597
modularity             0.614918
-------------------  ----------
104 community detected
NMI:0.02570857372357771
ARI:0.056014556379523794
__standard__
Network Properties for:		G#60
nodes, edges			4999, 31176
directed?			False
weighted?			True
isolated nodes			1
self-loops			0
density				0.002496
clustering coefficient		0.164325
min/max/avg degree		0, 75, 12.472895
degree assortativity		0.383725
number of connected components	1
size of largest component	4999 (100.00 %)
tot:  36.45966937294655
__standard+Louvain__
PLM(balanced,pc,turbo) detected communities in 0.8006441593170166 [s]
solution properties:
-------------------  ----------
# communities         53
min community size    29
max community size   185
avg. community size   94.3208
modularity             0.696947
-------------------  ----------
104 community detected
NMI:0.5355298896566733
ARI:0.8443064182194617
__standard+PLP__
PLP detected communities in 0.14102721214294434 [s]
solution properties:
-------------------  -----------
# communities        1156
min community size      1
max community size     30
avg. community size     4.32526
modularity              0.542669
-------------------  -----------
104 community detected
NMI:0.34828399462526094
ARI:0.9266313442921106
__ppmi__
Network Properties for:		G#75
nodes, edges			4999, 31176
directed?			False
weighted?			True
isolated nodes			1
self-loops			0
density				0.002496
clustering coefficient		0.164325
min/max/avg degree		0, 75, 12.472895
degree assortativity		0.383725
number of connected components	1
size of largest component	4999 (100.00 %)
tot:  189513.00524861555
__ppmi+Louvain__
PLM(balanced,pc,turbo) detected communities in 0.6355280876159668 [s]
solution properties:
-------------------  ----------
# communities         50
min community size    42
max community size   182
avg. community size   99.98
modularity             0.611262
-------------------  ----------
104 community detected
NMI:0.0940285307705897
ARI:0.3303685065888665
__ppmi+PLP__
PLP detected communities in 0.14653635025024414 [s]
solution properties:
-------------------  ----------
# communities        126
min community size     1
max community size   118
avg. community size   39.6825
modularity             0.604907
-------------------  ----------
104 community detected
NMI:0.016429795996012686
ARI:0.03776014183798393
__glovexmax50alpha0.2__
Network Properties for:		G#84
nodes, edges			4999, 31176
directed?			False
weighted?			True
isolated nodes			1
self-loops			0
density				0.002496
clustering coefficient		0.164325
min/max/avg degree		0, 75, 12.472895
degree assortativity		0.383725
number of connected components	1
size of largest component	4999 (100.00 %)
tot:  18395.876376914595
__glovexmax50alpha0.2+Louvain__
PLM(balanced,pc,turbo) detected communities in 0.5791528224945068 [s]
solution properties:
-------------------  ----------
# communities         53
min community size    46
max community size   142
avg. community size   94.3208
modularity             0.605158
-------------------  ----------
104 community detected
NMI:0.07873252468521141
ARI:0.2755299355178794
__glovexmax50alpha0.2+PLP__
PLP detected communities in 0.09980392456054688 [s]
solution properties:
-------------------  ----------
# communities        109
min community size     1
max community size   101
avg. community size   45.8716
modularity             0.597451
-------------------  ----------
104 community detected
NMI:0.013452733800041972
ARI:0.032761365772014384
__glovexmax40alpha0.2__
Network Properties for:		G#93
nodes, edges			4999, 31176
directed?			False
weighted?			True
isolated nodes			1
self-loops			0
density				0.002496
clustering coefficient		0.164325
min/max/avg degree		0, 75, 12.472895
degree assortativity		0.383725
number of connected components	1
size of largest component	4999 (100.00 %)
tot:  19235.38404131157
__glovexmax40alpha0.2+Louvain__
PLM(balanced,pc,turbo) detected communities in 0.5188674926757812 [s]
solution properties:
-------------------  ----------
# communities         49
min community size    59
max community size   179
avg. community size  102.02
modularity             0.604758
-------------------  ----------
104 community detected
NMI:0.0919443633788044
ARI:0.3227965795673118
__glovexmax40alpha0.2+PLP__
PLP detected communities in 0.16535043716430664 [s]
solution properties:
-------------------  ----------
# communities        109
min community size     1
max community size   100
avg. community size   45.8716
modularity             0.597554
-------------------  ----------
104 community detected
NMI:0.012432122387573297
ARI:0.028877399510264246
__glovexmax30alpha0.3__
Network Properties for:		G#102
nodes, edges			4999, 31176
directed?			False
weighted?			True
isolated nodes			1
self-loops			0
density				0.002496
clustering coefficient		0.164325
min/max/avg degree		0, 75, 12.472895
degree assortativity		0.383725
number of connected components	1
size of largest component	4999 (100.00 %)
tot:  16935.904177502947
__glovexmax30alpha0.3+Louvain__
PLM(balanced,pc,turbo) detected communities in 0.4681236743927002 [s]
solution properties:
-------------------  ----------
# communities         53
min community size    31
max community size   168
avg. community size   94.3208
modularity             0.605845
-------------------  ----------
104 community detected
NMI:0.08589670508897429
ARI:0.28994168718413893
__glovexmax30alpha0.3+PLP__
PLP detected communities in 0.060024261474609375 [s]
solution properties:
-------------------  ----------
# communities        108
min community size     1
max community size   100
avg. community size   46.2963
modularity             0.600397
-------------------  ----------
104 community detected
NMI:0.013554829731505569
ARI:0.028071968562214722
NMI classement:
[('NMIglovexmax40alpha0.2+PLP', 0.012432122387573297), ('NMIglovexmax50alpha0.2+PLP', 0.013452733800041972), ('NMIglovexmax30alpha0.3+PLP', 0.013554829731505569), ('NMIppmi+PLP', 0.016429795996012686), ('NMIpmi+PLP', 0.02570857372357771), ('NMIglove+PLP', 0.051319476433525746), ('NMIPLP', 0.07609794032372308), ('NMIglovexmax50alpha0.2+Louvain', 0.07873252468521141), ('NMIglovexmax30alpha0.3+Louvain', 0.08589670508897429), ('NMIglovexmax40alpha0.2+Louvain', 0.0919443633788044), ('NMIppmi+Louvain', 0.0940285307705897), ('NMIpmi+Louvain', 0.10215928129663676), ('NMIglove+Louvain', 0.1414445817737351), ('NMILouvain', 0.16098105385179007), ('NMISingleton', 0.3047653125958608), ('NMIiterative_rev_degree_order+PLP', 0.3477503629756724), ('NMIstandard+PLP', 0.34828399462526094), ('NMIstandard+Louvain', 0.5355298896566733), ('NMIiterative_rev_degree_order+Louvain', 0.6218468852409467), ('NMIAllInOne', 1.0), ('NMIfake_pmi+Louvain', 1), ('NMIfake_pmi+PLP', 1)]
ARI classement:
[('ARIglovexmax30alpha0.3+PLP', 0.028071968562214722), ('ARIglovexmax40alpha0.2+PLP', 0.028877399510264246), ('ARIglovexmax50alpha0.2+PLP', 0.032761365772014384), ('ARIppmi+PLP', 0.03776014183798393), ('ARIpmi+PLP', 0.056014556379523794), ('ARIglove+PLP', 0.11918911198027804), ('ARIPLP', 0.15965778674271403), ('ARIglovexmax50alpha0.2+Louvain', 0.2755299355178794), ('ARIglovexmax30alpha0.3+Louvain', 0.28994168718413893), ('ARIglovexmax40alpha0.2+Louvain', 0.3227965795673118), ('ARIppmi+Louvain', 0.3303685065888665), ('ARIpmi+Louvain', 0.3386991430746188), ('ARIglove+Louvain', 0.3991415502812973), ('ARILouvain', 0.4262859208553572), ('ARIstandard+Louvain', 0.8443064182194617), ('ARIstandard+PLP', 0.9266313442921106), ('ARIiterative_rev_degree_order+Louvain', 0.9328599526619329), ('ARIiterative_rev_degree_order+PLP', 0.9638036486343984), ('ARISingleton', 1.0), ('ARIAllInOne', 1.0), ('ARIfake_pmi+Louvain', 1), ('ARIfake_pmi+PLP', 1)]
