__LOADINGS__
Network Properties for:		network
nodes, edges			5000, 47554
directed?			False
weighted?			True
isolated nodes			1
self-loops			0
density				0.003805
clustering coefficient		0.340701
min/max/avg degree		0, 360, 19.021600
degree assortativity		0.259490
number of connected components	2
size of largest component	4999 (99.98 %)
429561.4226880868
__Groundtruth__
read communities from: ../../lfr_5000/mk500/k20/muw0.3/38/community.dat
-------------------  ----------
# communities         46
min community size     5
max community size   472
avg. community size  108.696
modularity             0.539673
-------------------  ----------
46 community detected
__CLASSIC_METHODS__
__Louvain__
PLM(balanced,pc,turbo) detected communities in 0.3567979335784912 [s]
solution properties:
-------------------  ----------
# communities         21
min community size     1
max community size   482
avg. community size  238.095
modularity             0.543988
-------------------  ----------
46 community detected
NMI:0.11693413733790092
ARM:0.1343286316304192
__Singleton__
46 community detected
NMI:0.4626433730173759
ARM:1.0
__AllInOne__
46 community detected
NMI:1.0
ARM:1.0
__PLP__
PLP detected communities in 0.09577178955078125 [s]
solution properties:
-------------------  ----------
# communities         47
min community size     1
max community size   574
avg. community size  106.383
modularity             0.542354
-------------------  ----------
46 community detected
NMI:0.08498584556545452
ARM:0.12432211690859607
__NORMALIZATION__
__glove__
Network Properties for:		G#21cc
nodes, edges			4999, 47554
directed?			False
weighted?			True
isolated nodes			0
self-loops			0
density				0.003807
clustering coefficient		0.340769
min/max/avg degree		3, 360, 19.025405
degree assortativity		0.259490
number of connected components	1
size of largest component	4999 (100.00 %)
tot:  6429.417882565148
__glove+Louvain__
PLM(balanced,pc,turbo) detected communities in 0.3441007137298584 [s]
solution properties:
-------------------  ----------
# communities         22
min community size    64
max community size   483
avg. community size  227.227
modularity             0.580082
-------------------  ----------
46 community detected
NMI:0.08862981069788078
ARM:0.0986017484442877
__glove+PLP__
PLP detected communities in 0.14143061637878418 [s]
solution properties:
-------------------  ----------
# communities         46
min community size     4
max community size   489
avg. community size  108.674
modularity             0.579159
-------------------  ----------
46 community detected
NMI:0.0649799637900339
ARM:0.09054375943913295
__fake_pmi__
Network Properties for:		G#40cc
nodes, edges			4999, 47554
directed?			False
weighted?			True
isolated nodes			0
self-loops			0
density				0.003807
clustering coefficient		0.340769
min/max/avg degree		3, 360, 19.025405
degree assortativity		0.259490
number of connected components	1
size of largest component	4999 (100.00 %)
tot:  0.0
__fake_pmi+Louvain__
1 community detected due to total edge weight equal 0
NMI:1
ARM:0.09054375943913295
__fake_pmi+PLP__
1 community detected due to total edge weight equal 0
NMI:1
ARM:0.09054375943913295
__iterative_rev_degree_order__
Network Properties for:		G#53cc
nodes, edges			4999, 47554
directed?			False
weighted?			True
isolated nodes			0
self-loops			0
density				0.003807
clustering coefficient		0.340769
min/max/avg degree		3, 360, 19.025405
degree assortativity		0.259490
number of connected components	1
size of largest component	4999 (100.00 %)
tot:  1410.2480445210515
__iterative_rev_degree_order+Louvain__
PLM(balanced,pc,turbo) detected communities in 0.8010756969451904 [s]
solution properties:
-------------------  ----------
# communities         66
min community size    13
max community size   206
avg. community size   75.7424
modularity             0.865198
-------------------  ----------
46 community detected
NMI:0.6971127642722764
ARM:0.9275595428279804
__iterative_rev_degree_order+PLP__
PLP detected communities in 0.08115005493164062 [s]
solution properties:
-------------------  -----------
# communities        1533
min community size      1
max community size     13
avg. community size     3.26093
modularity              0.744384
-------------------  -----------
46 community detected
NMI:0.5149132048942009
ARM:0.9913428684832117
__pmi__
Network Properties for:		G#78cc
nodes, edges			4999, 47554
directed?			False
weighted?			True
isolated nodes			0
self-loops			0
density				0.003807
clustering coefficient		0.340769
min/max/avg degree		3, 360, 19.025405
degree assortativity		0.259490
number of connected components	1
size of largest component	4999 (100.00 %)
tot:  91064.02466502716
__pmi+Louvain__
PLM(balanced,pc,turbo) detected communities in 0.6558167934417725 [s]
solution properties:
-------------------  ----------
# communities          35
min community size      1
max community size   1198
avg. community size   142.829
modularity              1.09301
-------------------  ----------
46 community detected
NMI:0.34047393920708224
ARM:0.6113743855476863
__pmi+PLP__
PLP detected communities in 0.18609404563903809 [s]
solution properties:
-------------------  ---------
# communities        158
min community size     2
max community size   625
avg. community size   31.6392
modularity             1.06611
-------------------  ---------
46 community detected
NMI:0.31330310810720874
ARM:0.5231482453859586
__standard__
Network Properties for:		G#100cc
nodes, edges			4999, 47554
directed?			False
weighted?			True
isolated nodes			0
self-loops			0
density				0.003807
clustering coefficient		0.340769
min/max/avg degree		3, 360, 19.025405
degree assortativity		0.259490
number of connected components	1
size of largest component	4999 (100.00 %)
tot:  16.71473960866726
__standard+Louvain__
PLM(balanced,pc,turbo) detected communities in 0.6925821304321289 [s]
solution properties:
-------------------  ----------
# communities         67
min community size     2
max community size   711
avg. community size   74.6119
modularity             0.891554
-------------------  ----------
46 community detected
NMI:0.5374916027937513
ARM:0.7558144902620918
__standard+PLP__
PLP detected communities in 0.137359619140625 [s]
solution properties:
-------------------  -----------
# communities        1163
min community size      2
max community size     76
avg. community size     4.29837
modularity              0.721594
-------------------  -----------
46 community detected
NMI:0.5249691664234186
ARM:0.9742119796555413
__ppmi__
Network Properties for:		G#122cc
nodes, edges			4999, 47554
directed?			False
weighted?			True
isolated nodes			0
self-loops			0
density				0.003807
clustering coefficient		0.340769
min/max/avg degree		3, 360, 19.025405
degree assortativity		0.259490
number of connected components	1
size of largest component	4999 (100.00 %)
tot:  163881.54419444103
__ppmi+Louvain__
PLM(balanced,pc,turbo) detected communities in 0.5895974636077881 [s]
solution properties:
-------------------  ----------
# communities         32
min community size    12
max community size   455
avg. community size  156.219
modularity             0.671919
-------------------  ----------
46 community detected
NMI:0.1664356430898558
ARM:0.22742218645708157
__ppmi+PLP__
PLP detected communities in 0.11463284492492676 [s]
solution properties:
-------------------  -----------
# communities          75
min community size      2
max community size   1020
avg. community size    66.6533
modularity              0.667048
-------------------  -----------
46 community detected
NMI:0.1454138910710403
ARM:0.3823898676344737
__glovexmax50alpha0.2__
Network Properties for:		G#144cc
nodes, edges			4999, 47554
directed?			False
weighted?			True
isolated nodes			0
self-loops			0
density				0.003807
clustering coefficient		0.340769
min/max/avg degree		3, 360, 19.025405
degree assortativity		0.259490
number of connected components	1
size of largest component	4999 (100.00 %)
tot:  25549.50578983707
__glovexmax50alpha0.2+Louvain__
PLM(balanced,pc,turbo) detected communities in 0.33033156394958496 [s]
solution properties:
-------------------  ----------
# communities         26
min community size     5
max community size   471
avg. community size  192.269
modularity             0.638512
-------------------  ----------
46 community detected
NMI:0.02847776071006647
ARM:0.02208995300306249
__glovexmax50alpha0.2+PLP__
PLP detected communities in 0.05647540092468262 [s]
solution properties:
-------------------  ----------
# communities         46
min community size     4
max community size   475
avg. community size  108.674
modularity             0.638326
-------------------  ----------
46 community detected
NMI:0.006185629029562878
ARM:0.007806478917161019
__glovexmax40alpha0.2__
Network Properties for:		G#163cc
nodes, edges			4999, 47554
directed?			False
weighted?			True
isolated nodes			0
self-loops			0
density				0.003807
clustering coefficient		0.340769
min/max/avg degree		3, 360, 19.025405
degree assortativity		0.259490
number of connected components	1
size of largest component	4999 (100.00 %)
tot:  26650.641699725547
__glovexmax40alpha0.2+Louvain__
PLM(balanced,pc,turbo) detected communities in 0.33858394622802734 [s]
solution properties:
-------------------  ----------
# communities         19
min community size     5
max community size   471
avg. community size  263.105
modularity             0.638044
-------------------  ----------
46 community detected
NMI:0.056320765227344305
ARM:0.060582181994120465
__glovexmax40alpha0.2+PLP__
PLP detected communities in 0.02930736541748047 [s]
solution properties:
-------------------  ----------
# communities         47
min community size     4
max community size   475
avg. community size  106.362
modularity             0.638399
-------------------  ----------
46 community detected
NMI:0.006610114155220614
ARM:0.007879757221501915
__glovexmax30alpha0.3__
Network Properties for:		G#182cc
nodes, edges			4999, 47554
directed?			False
weighted?			True
isolated nodes			0
self-loops			0
density				0.003807
clustering coefficient		0.340769
min/max/avg degree		3, 360, 19.025405
degree assortativity		0.259490
number of connected components	1
size of largest component	4999 (100.00 %)
tot:  23739.22529898177
__glovexmax30alpha0.3+Louvain__
PLM(balanced,pc,turbo) detected communities in 0.34020400047302246 [s]
solution properties:
-------------------  ----------
# communities         24
min community size     5
max community size   474
avg. community size  208.292
modularity             0.634999
-------------------  ----------
46 community detected
NMI:0.04549595934903372
ARM:0.04219411129592343
__glovexmax30alpha0.3+PLP__
PLP detected communities in 0.07925987243652344 [s]
solution properties:
-------------------  ----------
# communities         46
min community size     4
max community size   475
avg. community size  108.674
modularity             0.634892
-------------------  ----------
46 community detected
NMI:0.017380860548743993
ARM:0.0219468963490127
