__LOADINGS__
Network Properties for:		network
nodes, edges			5000, 33303
directed?			False
weighted?			True
isolated nodes			1
self-loops			0
density				0.002665
clustering coefficient		0.390982
min/max/avg degree		0, 237, 13.321200
degree assortativity		0.125698
number of connected components	2
size of largest component	4999 (99.98 %)
241720.1186862698
__Groundtruth__
read communities from: ../../lfr_5000/mk300/k15/muw0.2/6/community.dat
-------------------  ----------
# communities         30
min community size   122
max community size   240
avg. community size  166.667
modularity             0.704068
-------------------  ----------
30 community detected
__CLASSIC_METHODS__
__Louvain__
PLM(balanced,pc,turbo) detected communities in 0.0775291919708252 [s]
solution properties:
-------------------  ----------
# communities         31
min community size     1
max community size   247
avg. community size  161.29
modularity             0.707794
-------------------  ----------
30 community detected
NMI:0.06551592286998753
ARM:0.07489958219935744
__Singleton__
30 community detected
NMI:0.431292815329661
ARM:1.0
__AllInOne__
30 community detected
NMI:1.0
ARM:1.0
__PLP__
PLP detected communities in 0.09532785415649414 [s]
solution properties:
-------------------  ----------
# communities         31
min community size     1
max community size   247
avg. community size  161.29
modularity             0.707794
-------------------  ----------
30 community detected
NMI:0.06576398795805005
ARM:0.07528815321951643
__NORMALIZATION__
__glove__
Network Properties for:		G#18cc
nodes, edges			4999, 33303
directed?			False
weighted?			True
isolated nodes			0
self-loops			0
density				0.002666
clustering coefficient		0.391060
min/max/avg degree		3, 237, 13.323865
degree assortativity		0.125698
number of connected components	1
size of largest component	4999 (100.00 %)
tot:  3816.210325828703
__glove+Louvain__
PLM(balanced,pc,turbo) detected communities in 0.19610953330993652 [s]
solution properties:
-------------------  ----------
# communities         30
min community size   121
max community size   245
avg. community size  166.633
modularity             0.735373
-------------------  ----------
30 community detected
NMI:0.050815307696264855
ARM:0.0577393652286069
__glove+PLP__
PLP detected communities in 0.09299421310424805 [s]
solution properties:
-------------------  ----------
# communities         30
min community size   121
max community size   246
avg. community size  166.633
modularity             0.735371
-------------------  ----------
30 community detected
NMI:0.05155179063918447
ARM:0.05863877248233418
__fake_pmi__
Network Properties for:		G#34cc
nodes, edges			4999, 33303
directed?			False
weighted?			True
isolated nodes			0
self-loops			0
density				0.002666
clustering coefficient		0.391060
min/max/avg degree		3, 237, 13.323865
degree assortativity		0.125698
number of connected components	1
size of largest component	4999 (100.00 %)
tot:  0.0
__fake_pmi+Louvain__
1 community detected due to total edge weight equal 0
NMI:1
ARM:0.05863877248233418
__fake_pmi+PLP__
1 community detected due to total edge weight equal 0
NMI:1
ARM:0.05863877248233418
__iterative_rev_degree_order__
Network Properties for:		G#47cc
nodes, edges			4999, 33303
directed?			False
weighted?			True
isolated nodes			0
self-loops			0
density				0.002666
clustering coefficient		0.391060
min/max/avg degree		3, 237, 13.323865
degree assortativity		0.125698
number of connected components	1
size of largest component	4999 (100.00 %)
tot:  1702.4836074448085
__iterative_rev_degree_order+Louvain__
PLM(balanced,pc,turbo) detected communities in 0.49346423149108887 [s]
solution properties:
-------------------  ----------
# communities         54
min community size     2
max community size   197
avg. community size   92.5741
modularity             0.880903
-------------------  ----------
30 community detected
NMI:0.5660409946161149
ARM:0.7443494589118941
__iterative_rev_degree_order+PLP__
PLP detected communities in 0.08657717704772949 [s]
solution properties:
-------------------  -----------
# communities        1511
min community size      2
max community size     23
avg. community size     3.30841
modularity              0.763917
-------------------  -----------
30 community detected
NMI:0.4541304331124576
ARM:0.9783634770722578
__pmi__
Network Properties for:		G#72cc
nodes, edges			4999, 33303
directed?			False
weighted?			True
isolated nodes			0
self-loops			0
density				0.002666
clustering coefficient		0.391060
min/max/avg degree		3, 237, 13.323865
degree assortativity		0.125698
number of connected components	1
size of largest component	4999 (100.00 %)
tot:  97309.61047926306
__pmi+Louvain__
PLM(balanced,pc,turbo) detected communities in 0.3175783157348633 [s]
solution properties:
-------------------  ----------
# communities         28
min community size   125
max community size   405
avg. community size  178.536
modularity             0.981331
-------------------  ----------
30 community detected
NMI:0.14643935628758176
ARM:0.24438544832186726
__pmi+PLP__
PLP detected communities in 0.038870811462402344 [s]
solution properties:
-------------------  ----------
# communities         98
min community size     1
max community size   211
avg. community size   51.0102
modularity             0.965739
-------------------  ----------
30 community detected
NMI:0.13522502438150064
ARM:0.1827907989662495
__standard__
Network Properties for:		G#91cc
nodes, edges			4999, 33303
directed?			False
weighted?			True
isolated nodes			0
self-loops			0
density				0.002666
clustering coefficient		0.391060
min/max/avg degree		3, 237, 13.323865
degree assortativity		0.125698
number of connected components	1
size of largest component	4999 (100.00 %)
tot:  15.903931177740395
__standard+Louvain__
PLM(balanced,pc,turbo) detected communities in 0.5659918785095215 [s]
solution properties:
-------------------  ----------
# communities         50
min community size     2
max community size   505
avg. community size   99.98
modularity             0.867665
-------------------  ----------
30 community detected
NMI:0.3600089333783333
ARM:0.49559589546399585
__standard+PLP__
PLP detected communities in 0.09018588066101074 [s]
solution properties:
-------------------  -----------
# communities        1142
min community size      2
max community size     92
avg. community size     4.37741
modularity              0.702673
-------------------  -----------
30 community detected
NMI:0.41126963435432184
ARM:0.8498416677521091
__ppmi__
Network Properties for:		G#116cc
nodes, edges			4999, 33303
directed?			False
weighted?			True
isolated nodes			0
self-loops			0
density				0.002666
clustering coefficient		0.391060
min/max/avg degree		3, 237, 13.323865
degree assortativity		0.125698
number of connected components	1
size of largest component	4999 (100.00 %)
tot:  135525.42941063986
__ppmi+Louvain__
PLM(balanced,pc,turbo) detected communities in 0.4138462543487549 [s]
solution properties:
-------------------  ----------
# communities         26
min community size   127
max community size   423
avg. community size  192.269
modularity             0.773637
-------------------  ----------
30 community detected
NMI:0.06945848365437735
ARM:0.18101403011372397
__ppmi+PLP__
PLP detected communities in 0.08720517158508301 [s]
solution properties:
-------------------  ----------
# communities         59
min community size     1
max community size   216
avg. community size   84.7288
modularity             0.774151
-------------------  ----------
30 community detected
NMI:0.04569740146099177
ARM:0.05685064150600905
__glovexmax50alpha0.2__
Network Properties for:		G#135cc
nodes, edges			4999, 33303
directed?			False
weighted?			True
isolated nodes			0
self-loops			0
density				0.002666
clustering coefficient		0.391060
min/max/avg degree		3, 237, 13.323865
degree assortativity		0.125698
number of connected components	1
size of largest component	4999 (100.00 %)
tot:  17436.48707724031
__glovexmax50alpha0.2+Louvain__
PLM(balanced,pc,turbo) detected communities in 0.4395334720611572 [s]
solution properties:
-------------------  ----------
# communities         25
min community size   146
max community size   306
avg. community size  199.96
modularity             0.765852
-------------------  ----------
30 community detected
NMI:0.032586108252568136
ARM:0.10486338001789686
__glovexmax50alpha0.2+PLP__
PLP detected communities in 0.10891938209533691 [s]
solution properties:
-------------------  ----------
# communities         30
min community size   122
max community size   240
avg. community size  166.633
modularity             0.769895
-------------------  ----------
30 community detected
NMI:0.0045943487215885925
ARM:0.005151523942136582
__glovexmax40alpha0.2__
Network Properties for:		G#154cc
nodes, edges			4999, 33303
directed?			False
weighted?			True
isolated nodes			0
self-loops			0
density				0.002666
clustering coefficient		0.391060
min/max/avg degree		3, 237, 13.323865
degree assortativity		0.125698
number of connected components	1
size of largest component	4999 (100.00 %)
tot:  18205.486756017737
__glovexmax40alpha0.2+Louvain__
PLM(balanced,pc,turbo) detected communities in 0.3760533332824707 [s]
solution properties:
-------------------  ----------
# communities         30
min community size   122
max community size   240
avg. community size  166.633
modularity             0.770151
-------------------  ----------
30 community detected
NMI:0.003980011081304191
ARM:0.0045134230216000715
__glovexmax40alpha0.2+PLP__
PLP detected communities in 0.07356572151184082 [s]
solution properties:
-------------------  ----------
# communities         30
min community size   122
max community size   240
avg. community size  166.633
modularity             0.770108
-------------------  ----------
30 community detected
NMI:0.004963600407714153
ARM:0.00561293925117301
__glovexmax30alpha0.3__
Network Properties for:		G#173cc
nodes, edges			4999, 33303
directed?			False
weighted?			True
isolated nodes			0
self-loops			0
density				0.002666
clustering coefficient		0.391060
min/max/avg degree		3, 237, 13.323865
degree assortativity		0.125698
number of connected components	1
size of largest component	4999 (100.00 %)
tot:  15920.035126459583
__glovexmax30alpha0.3+Louvain__
PLM(balanced,pc,turbo) detected communities in 0.19864940643310547 [s]
solution properties:
-------------------  ---------
# communities         21
min community size   147
max community size   340
avg. community size  238.048
modularity             0.75898
-------------------  ---------
30 community detected
NMI:0.07485963870615331
ARM:0.21159829431041977
__glovexmax30alpha0.3+PLP__
PLP detected communities in 0.048340797424316406 [s]
solution properties:
-------------------  ---------
# communities         30
min community size   121
max community size   241
avg. community size  166.633
modularity             0.76832
-------------------  ---------
30 community detected
NMI:0.01669975261913792
ARM:0.018788009113730797
