__LOADINGS__
4993/46791 10.670855506400803 % of nul weighted edges removed
1/5000 0.02 % of nul degree nodes removed
Network Properties for:		network
nodes, edges			4999, 41798
directed?			False
weighted?			True
isolated nodes			1
self-loops			0
density				0.003346
clustering coefficient		0.415260
min/max/avg degree		0, 235, 16.722545
degree assortativity		0.148925
number of connected components	1
size of largest component	4999 (100.00 %)
312280.7541406028
__Groundtruth__
read communities from: ../../lfr_5000/mk300/k20/muw0.2/15/community.dat
-------------------  ----------
# communities         30
min community size   122
max community size   240
avg. community size  166.667
modularity             0.725913
-------------------  ----------
30 community detected
__CLASSIC_METHODS__
__Louvain__
PLM(balanced,pc,turbo) detected communities in 0.3645777702331543 [s]
solution properties:
-------------------  ----------
# communities         30
min community size   120
max community size   245
avg. community size  166.633
modularity             0.727185
-------------------  ----------
30 community detected
NMI:0.035213033136862415
ARI:0.03966902509186043
__Singleton__
30 community detected
NMI:0.4312749414218585
ARI:1.0
__AllInOne__
30 community detected
NMI:1.0
ARI:1.0
__PLP__
PLP detected communities in 0.12702536582946777 [s]
solution properties:
-------------------  ----------
# communities         31
min community size     1
max community size   245
avg. community size  161.29
modularity             0.727202
-------------------  ----------
30 community detected
NMI:0.03643823592946149
ARI:0.04089327705177137
__NORMALIZATION__
__glove__
Network Properties for:		G#21
nodes, edges			4999, 41798
directed?			False
weighted?			True
isolated nodes			1
self-loops			0
density				0.003346
clustering coefficient		0.415260
min/max/avg degree		0, 235, 16.722545
degree assortativity		0.148925
number of connected components	1
size of largest component	4999 (100.00 %)
tot:  5037.179805290888
__glove+Louvain__
PLM(balanced,pc,turbo) detected communities in 0.22801423072814941 [s]
solution properties:
-------------------  ----------
# communities         30
min community size   121
max community size   242
avg. community size  166.633
modularity             0.747892
-------------------  ----------
30 community detected
NMI:0.02286594503611572
ARI:0.025448657466282776
__glove+PLP__
PLP detected communities in 0.11294770240783691 [s]
solution properties:
-------------------  ----------
# communities         31
min community size     1
max community size   242
avg. community size  161.29
modularity             0.747889
-------------------  ----------
30 community detected
NMI:0.023859951705909932
ARI:0.026608089785716715
__fake_pmi__
Network Properties for:		G#27
nodes, edges			4999, 41798
directed?			False
weighted?			True
isolated nodes			1
self-loops			0
density				0.003346
clustering coefficient		0.415260
min/max/avg degree		0, 235, 16.722545
degree assortativity		0.148925
number of connected components	1
size of largest component	4999 (100.00 %)
tot:  0.0
__fake_pmi+Louvain__
1 community detected due to total edge weight equal 0
NMI:1
ARI:1
__fake_pmi+PLP__
1 community detected due to total edge weight equal 0
NMI:1
ARI:1
__iterative_rev_degree_order__
Network Properties for:		G#30
nodes, edges			4999, 41798
directed?			False
weighted?			True
isolated nodes			1
self-loops			0
density				0.003346
clustering coefficient		0.415260
min/max/avg degree		0, 235, 16.722545
degree assortativity		0.148925
number of connected components	1
size of largest component	4999 (100.00 %)
tot:  1623.636967681665
__iterative_rev_degree_order+Louvain__
PLM(balanced,pc,turbo) detected communities in 0.8267841339111328 [s]
solution properties:
-------------------  ----------
# communities         53
min community size     2
max community size   234
avg. community size   94.3208
modularity             0.858905
-------------------  ----------
30 community detected
NMI:0.5705468249436003
ARI:0.7412302703901368
__iterative_rev_degree_order+PLP__
PLP detected communities in 0.10399436950683594 [s]
solution properties:
-------------------  -----------
# communities        1541
min community size      1
max community size     16
avg. community size     3.24465
modularity              0.727848
-------------------  -----------
30 community detected
NMI:0.4512066938293591
ARI:0.9806371462754292
__pmi__
Network Properties for:		G#45
nodes, edges			4999, 41798
directed?			False
weighted?			True
isolated nodes			1
self-loops			0
density				0.003346
clustering coefficient		0.415260
min/max/avg degree		0, 235, 16.722545
degree assortativity		0.148925
number of connected components	1
size of largest component	4999 (100.00 %)
tot:  116692.59942177487
__pmi+Louvain__
PLM(balanced,pc,turbo) detected communities in 0.4570620059967041 [s]
solution properties:
-------------------  ---------
# communities         28
min community size   132
max community size   353
avg. community size  178.536
modularity             1.00772
-------------------  ---------
30 community detected
NMI:0.10705501222661029
ARI:0.18467002307961722
__pmi+PLP__
PLP detected communities in 0.13450336456298828 [s]
solution properties:
-------------------  ---------
# communities         42
min community size     1
max community size   218
avg. community size  119.048
modularity             1.00442
-------------------  ---------
30 community detected
NMI:0.09378605205938861
ARI:0.1283354323452619
__standard__
Network Properties for:		G#54
nodes, edges			4999, 41798
directed?			False
weighted?			True
isolated nodes			1
self-loops			0
density				0.003346
clustering coefficient		0.415260
min/max/avg degree		0, 235, 16.722545
degree assortativity		0.148925
number of connected components	1
size of largest component	4999 (100.00 %)
tot:  10.53031585263825
__standard+Louvain__
PLM(balanced,pc,turbo) detected communities in 0.6808972358703613 [s]
solution properties:
-------------------  ----------
# communities         32
min community size     2
max community size   377
avg. community size  156.219
modularity             0.839875
-------------------  ----------
30 community detected
NMI:0.2971605034851359
ARI:0.40199988680321896
__standard+PLP__
PLP detected communities in 0.18783807754516602 [s]
solution properties:
-------------------  -----------
# communities        1021
min community size      1
max community size    131
avg. community size     4.89716
modularity              0.646317
-------------------  -----------
30 community detected
NMI:0.37825217724179605
ARI:0.7193456230923452
__ppmi__
Network Properties for:		G#66
nodes, edges			4999, 41798
directed?			False
weighted?			True
isolated nodes			1
self-loops			0
density				0.003346
clustering coefficient		0.415260
min/max/avg degree		0, 235, 16.722545
degree assortativity		0.148925
number of connected components	1
size of largest component	4999 (100.00 %)
tot:  167770.4413900096
__ppmi+Louvain__
PLM(balanced,pc,turbo) detected communities in 0.42853260040283203 [s]
solution properties:
-------------------  ----------
# communities         30
min community size   123
max community size   238
avg. community size  166.633
modularity             0.787673
-------------------  ----------
30 community detected
NMI:0.004045596397324491
ARI:0.005017373411064341
__ppmi+PLP__
PLP detected communities in 0.11222410202026367 [s]
solution properties:
-------------------  ----------
# communities         31
min community size     1
max community size   238
avg. community size  161.29
modularity             0.787671
-------------------  ----------
30 community detected
NMI:0.004779670523414992
ARI:0.005902508263753381
__glovexmax50alpha0.2__
Network Properties for:		G#75
nodes, edges			4999, 41798
directed?			False
weighted?			True
isolated nodes			1
self-loops			0
density				0.003346
clustering coefficient		0.415260
min/max/avg degree		0, 235, 16.722545
degree assortativity		0.148925
number of connected components	1
size of largest component	4999 (100.00 %)
tot:  22467.673829845553
__glovexmax50alpha0.2+Louvain__
PLM(balanced,pc,turbo) detected communities in 0.2578244209289551 [s]
solution properties:
-------------------  ----------
# communities         30
min community size   122
max community size   239
avg. community size  166.633
modularity             0.777287
-------------------  ----------
30 community detected
NMI:0.0
ARI:0.0
__glovexmax50alpha0.2+PLP__
PLP detected communities in 0.05539536476135254 [s]
solution properties:
-------------------  ----------
# communities         31
min community size     1
max community size   239
avg. community size  161.29
modularity             0.777287
-------------------  ----------
30 community detected
NMI:0.0
ARI:0.0
__glovexmax40alpha0.2__
Network Properties for:		G#81
nodes, edges			4999, 41798
directed?			False
weighted?			True
isolated nodes			1
self-loops			0
density				0.003346
clustering coefficient		0.415260
min/max/avg degree		0, 235, 16.722545
degree assortativity		0.148925
number of connected components	1
size of largest component	4999 (100.00 %)
tot:  23463.070343337
__glovexmax40alpha0.2+Louvain__
PLM(balanced,pc,turbo) detected communities in 0.26564455032348633 [s]
solution properties:
-------------------  ----------
# communities         30
min community size   122
max community size   239
avg. community size  166.633
modularity             0.777499
-------------------  ----------
30 community detected
NMI:0.0
ARI:0.0
__glovexmax40alpha0.2+PLP__
PLP detected communities in 0.0827488899230957 [s]
solution properties:
-------------------  ----------
# communities         31
min community size     1
max community size   239
avg. community size  161.29
modularity             0.777499
-------------------  ----------
30 community detected
NMI:0.0
ARI:0.0
__glovexmax30alpha0.3__
Network Properties for:		G#87
nodes, edges			4999, 41798
directed?			False
weighted?			True
isolated nodes			1
self-loops			0
density				0.003346
clustering coefficient		0.415260
min/max/avg degree		0, 235, 16.722545
degree assortativity		0.148925
number of connected components	1
size of largest component	4999 (100.00 %)
tot:  20763.072400504618
__glovexmax30alpha0.3+Louvain__
PLM(balanced,pc,turbo) detected communities in 0.23929667472839355 [s]
solution properties:
-------------------  ----------
# communities         30
min community size   122
max community size   239
avg. community size  166.633
modularity             0.776341
-------------------  ----------
30 community detected
NMI:0.0017961516855817816
ARI:0.0019690488249166638
__glovexmax30alpha0.3+PLP__
PLP detected communities in 0.0760490894317627 [s]
solution properties:
-------------------  ----------
# communities         31
min community size     1
max community size   239
avg. community size  161.29
modularity             0.776341
-------------------  ----------
30 community detected
NMI:0.0017961516855817816
ARI:0.0019690488249166638
NMI classement:
[('NMIglovexmax50alpha0.2+Louvain', 0.0), ('NMIglovexmax50alpha0.2+PLP', 0.0), ('NMIglovexmax40alpha0.2+Louvain', 0.0), ('NMIglovexmax40alpha0.2+PLP', 0.0), ('NMIglovexmax30alpha0.3+Louvain', 0.0017961516855817816), ('NMIglovexmax30alpha0.3+PLP', 0.0017961516855817816), ('NMIppmi+Louvain', 0.004045596397324491), ('NMIppmi+PLP', 0.004779670523414992), ('NMIglove+Louvain', 0.02286594503611572), ('NMIglove+PLP', 0.023859951705909932), ('NMILouvain', 0.035213033136862415), ('NMIPLP', 0.03643823592946149), ('NMIpmi+PLP', 0.09378605205938861), ('NMIpmi+Louvain', 0.10705501222661029), ('NMIstandard+Louvain', 0.2971605034851359), ('NMIstandard+PLP', 0.37825217724179605), ('NMISingleton', 0.4312749414218585), ('NMIiterative_rev_degree_order+PLP', 0.4512066938293591), ('NMIiterative_rev_degree_order+Louvain', 0.5705468249436003), ('NMIAllInOne', 1.0), ('NMIfake_pmi+Louvain', 1), ('NMIfake_pmi+PLP', 1)]
ARI classement:
[('ARIglovexmax50alpha0.2+Louvain', 0.0), ('ARIglovexmax50alpha0.2+PLP', 0.0), ('ARIglovexmax40alpha0.2+Louvain', 0.0), ('ARIglovexmax40alpha0.2+PLP', 0.0), ('ARIglovexmax30alpha0.3+Louvain', 0.0019690488249166638), ('ARIglovexmax30alpha0.3+PLP', 0.0019690488249166638), ('ARIppmi+Louvain', 0.005017373411064341), ('ARIppmi+PLP', 0.005902508263753381), ('ARIglove+Louvain', 0.025448657466282776), ('ARIglove+PLP', 0.026608089785716715), ('ARILouvain', 0.03966902509186043), ('ARIPLP', 0.04089327705177137), ('ARIpmi+PLP', 0.1283354323452619), ('ARIpmi+Louvain', 0.18467002307961722), ('ARIstandard+Louvain', 0.40199988680321896), ('ARIstandard+PLP', 0.7193456230923452), ('ARIiterative_rev_degree_order+Louvain', 0.7412302703901368), ('ARIiterative_rev_degree_order+PLP', 0.9806371462754292), ('ARISingleton', 1.0), ('ARIAllInOne', 1.0), ('ARIfake_pmi+Louvain', 1), ('ARIfake_pmi+PLP', 1)]
