__LOADINGS__
4993/61370 8.135897018087013 % of nul weighted edges removed
0/5000 0.0 % of nul degree nodes removed
Network Properties for:		network
nodes, edges			5000, 56377
directed?			False
weighted?			True
isolated nodes			0
self-loops			0
density				0.004511
clustering coefficient		0.238915
min/max/avg degree		1, 346, 22.550800
degree assortativity		0.312479
number of connected components	1
size of largest component	5000 (100.00 %)
521145.34949742927
__Groundtruth__
read communities from: ../../lfr_5000/mk500/k25/muw0.4/43/community.dat
-------------------  ----------
# communities         45
min community size     6
max community size   473
avg. community size  111.111
modularity             0.451656
-------------------  ----------
45 community detected
__CLASSIC_METHODS__
__Louvain__
PLM(balanced,pc,turbo) detected communities in 0.46964383125305176 [s]
solution properties:
-------------------  ---------
# communities         20
min community size    57
max community size   470
avg. community size  250
modularity             0.45698
-------------------  ---------
45 community detected
NMI:0.16628633091939582
ARI:0.1924917677596507
__Singleton__
45 community detected
NMI:0.4614604625731926
ARI:1.0
__AllInOne__
45 community detected
NMI:1.0
ARI:1.0
__PLP__
PLP detected communities in 0.14072227478027344 [s]
solution properties:
-------------------  -----------
# communities          31
min community size      2
max community size   1023
avg. community size   161.29
modularity              0.441959
-------------------  -----------
45 community detected
NMI:0.20884784020658564
ARI:0.3665799636873006
__NORMALIZATION__
__glove__
Network Properties for:		G#21
nodes, edges			5000, 56377
directed?			False
weighted?			True
isolated nodes			0
self-loops			0
density				0.004511
clustering coefficient		0.238915
min/max/avg degree		1, 346, 22.550800
degree assortativity		0.312479
number of connected components	1
size of largest component	5000 (100.00 %)
tot:  8043.002234928878
__glove+Louvain__
PLM(balanced,pc,turbo) detected communities in 0.4046006202697754 [s]
solution properties:
-------------------  ----------
# communities         17
min community size   193
max community size   456
avg. community size  294.118
modularity             0.482346
-------------------  ----------
45 community detected
NMI:0.1481117294019687
ARI:0.17710724528041877
__glove+PLP__
PLP detected communities in 0.15228939056396484 [s]
solution properties:
-------------------  ----------
# communities         38
min community size     3
max community size   520
avg. community size  131.579
modularity             0.481663
-------------------  ----------
45 community detected
NMI:0.11107040883661035
ARI:0.1518855074762071
__fake_pmi__
Network Properties for:		G#30
nodes, edges			5000, 56377
directed?			False
weighted?			True
isolated nodes			0
self-loops			0
density				0.004511
clustering coefficient		0.238915
min/max/avg degree		1, 346, 22.550800
degree assortativity		0.312479
number of connected components	1
size of largest component	5000 (100.00 %)
tot:  0.0
__fake_pmi+Louvain__
1 community detected due to total edge weight equal 0
NMI:1
ARI:1
__fake_pmi+PLP__
1 community detected due to total edge weight equal 0
NMI:1
ARI:1
__iterative_rev_degree_order__
Network Properties for:		G#33
nodes, edges			5000, 56377
directed?			False
weighted?			True
isolated nodes			0
self-loops			0
density				0.004511
clustering coefficient		0.238915
min/max/avg degree		1, 346, 22.550800
degree assortativity		0.312479
number of connected components	1
size of largest component	5000 (100.00 %)
tot:  1361.939837967122
__iterative_rev_degree_order+Louvain__
PLM(balanced,pc,turbo) detected communities in 0.8706355094909668 [s]
solution properties:
-------------------  ----------
# communities         76
min community size    20
max community size   137
avg. community size   65.7895
modularity             0.832814
-------------------  ----------
45 community detected
NMI:0.7826684453028933
ARI:0.9749673320132527
__iterative_rev_degree_order+PLP__
PLP detected communities in 0.07599139213562012 [s]
solution properties:
-------------------  -----------
# communities        1532
min community size      2
max community size     12
avg. community size     3.26371
modularity              0.718275
-------------------  -----------
45 community detected
NMI:0.5393037164280312
ARI:0.9942844865236057
__pmi__
Network Properties for:		G#48
nodes, edges			5000, 56377
directed?			False
weighted?			True
isolated nodes			0
self-loops			0
density				0.004511
clustering coefficient		0.238915
min/max/avg degree		1, 346, 22.550800
degree assortativity		0.312479
number of connected components	1
size of largest component	5000 (100.00 %)
tot:  127581.94557328263
__pmi+Louvain__
PLM(balanced,pc,turbo) detected communities in 0.6898279190063477 [s]
solution properties:
-------------------  ----------
# communities         32
min community size    15
max community size   611
avg. community size  156.25
modularity             0.751978
-------------------  ----------
45 community detected
NMI:0.377855376567956
ARI:0.5682893665618851
__pmi+PLP__
PLP detected communities in 0.28025245666503906 [s]
solution properties:
-------------------  -----------
# communities         114
min community size      1
max community size   1595
avg. community size    43.8596
modularity              0.714144
-------------------  -----------
45 community detected
NMI:0.38267958061327045
ARI:0.7218764891151026
__standard__
Network Properties for:		G#60
nodes, edges			5000, 56377
directed?			False
weighted?			True
isolated nodes			0
self-loops			0
density				0.004511
clustering coefficient		0.238915
min/max/avg degree		1, 346, 22.550800
degree assortativity		0.312479
number of connected components	1
size of largest component	5000 (100.00 %)
tot:  13.353442862431047
__standard+Louvain__
PLM(balanced,pc,turbo) detected communities in 1.0942866802215576 [s]
solution properties:
-------------------  ----------
# communities         53
min community size    19
max community size   253
avg. community size   94.3396
modularity             0.827319
-------------------  ----------
45 community detected
NMI:0.7402449842564451
ARI:0.9375754130892193
__standard+PLP__
PLP detected communities in 0.16520047187805176 [s]
solution properties:
-------------------  -----------
# communities        1184
min community size      2
max community size     69
avg. community size     4.22297
modularity              0.690477
-------------------  -----------
45 community detected
NMI:0.5736472218164768
ARI:0.9886047846625216
__ppmi__
Network Properties for:		G#75
nodes, edges			5000, 56377
directed?			False
weighted?			True
isolated nodes			0
self-loops			0
density				0.004511
clustering coefficient		0.238915
min/max/avg degree		1, 346, 22.550800
degree assortativity		0.312479
number of connected components	1
size of largest component	5000 (100.00 %)
tot:  196856.27413942356
__ppmi+Louvain__
PLM(balanced,pc,turbo) detected communities in 0.5940110683441162 [s]
solution properties:
-------------------  ----------
# communities         31
min community size    12
max community size   480
avg. community size  161.29
modularity             0.563872
-------------------  ----------
45 community detected
NMI:0.17070911223936647
ARI:0.233833246356435
__ppmi+PLP__
PLP detected communities in 0.135498046875 [s]
solution properties:
-------------------  -----------
# communities          37
min community size      2
max community size   3338
avg. community size   135.135
modularity              0.383496
-------------------  -----------
45 community detected
NMI:0.37709897795001734
ARI:0.8801186270661607
__glovexmax50alpha0.2__
Network Properties for:		G#84
nodes, edges			5000, 56377
directed?			False
weighted?			True
isolated nodes			0
self-loops			0
density				0.004511
clustering coefficient		0.238915
min/max/avg degree		1, 346, 22.550800
degree assortativity		0.312479
number of connected components	1
size of largest component	5000 (100.00 %)
tot:  31755.873352172875
__glovexmax50alpha0.2+Louvain__
PLM(balanced,pc,turbo) detected communities in 0.3719649314880371 [s]
solution properties:
-------------------  ----------
# communities         25
min community size    25
max community size   466
avg. community size  200
modularity             0.531978
-------------------  ----------
45 community detected
NMI:0.03709092136257075
ARI:0.032303255230627936
__glovexmax50alpha0.2+PLP__
PLP detected communities in 0.11910605430603027 [s]
solution properties:
-------------------  ----------
# communities         43
min community size     5
max community size   476
avg. community size  116.279
modularity             0.528303
-------------------  ----------
45 community detected
NMI:0.02175364929335155
ARI:0.028949174464983574
__glovexmax40alpha0.2__
Network Properties for:		G#93
nodes, edges			5000, 56377
directed?			False
weighted?			True
isolated nodes			0
self-loops			0
density				0.004511
clustering coefficient		0.238915
min/max/avg degree		1, 346, 22.550800
degree assortativity		0.312479
number of connected components	1
size of largest component	5000 (100.00 %)
tot:  33148.792608596064
__glovexmax40alpha0.2+Louvain__
PLM(balanced,pc,turbo) detected communities in 0.3304107189178467 [s]
solution properties:
-------------------  ----------
# communities         18
min community size   141
max community size   465
avg. community size  277.778
modularity             0.531547
-------------------  ----------
45 community detected
NMI:0.06679166320191521
ARI:0.0738158338140632
__glovexmax40alpha0.2+PLP__
PLP detected communities in 0.060767412185668945 [s]
solution properties:
-------------------  ----------
# communities         42
min community size     6
max community size   476
avg. community size  119.048
modularity             0.531955
-------------------  ----------
45 community detected
NMI:0.01765430554865688
ARI:0.025655819334371
__glovexmax30alpha0.3__
Network Properties for:		G#102
nodes, edges			5000, 56377
directed?			False
weighted?			True
isolated nodes			0
self-loops			0
density				0.004511
clustering coefficient		0.238915
min/max/avg degree		1, 346, 22.550800
degree assortativity		0.312479
number of connected components	1
size of largest component	5000 (100.00 %)
tot:  29933.96284662349
__glovexmax30alpha0.3+Louvain__
PLM(balanced,pc,turbo) detected communities in 0.29347872734069824 [s]
solution properties:
-------------------  ----------
# communities         26
min community size    25
max community size   460
avg. community size  192.308
modularity             0.527213
-------------------  ----------
45 community detected
NMI:0.047417451107283015
ARI:0.05020362812160173
__glovexmax30alpha0.3+PLP__
PLP detected communities in 0.08327221870422363 [s]
solution properties:
-------------------  ----------
# communities         41
min community size     6
max community size   472
avg. community size  121.951
modularity             0.526844
-------------------  ----------
45 community detected
NMI:0.03255082955616706
ARI:0.04236312247424279
NMI classement:
[('NMIglovexmax40alpha0.2+PLP', 0.01765430554865688), ('NMIglovexmax50alpha0.2+PLP', 0.02175364929335155), ('NMIglovexmax30alpha0.3+PLP', 0.03255082955616706), ('NMIglovexmax50alpha0.2+Louvain', 0.03709092136257075), ('NMIglovexmax30alpha0.3+Louvain', 0.047417451107283015), ('NMIglovexmax40alpha0.2+Louvain', 0.06679166320191521), ('NMIglove+PLP', 0.11107040883661035), ('NMIglove+Louvain', 0.1481117294019687), ('NMILouvain', 0.16628633091939582), ('NMIppmi+Louvain', 0.17070911223936647), ('NMIPLP', 0.20884784020658564), ('NMIppmi+PLP', 0.37709897795001734), ('NMIpmi+Louvain', 0.377855376567956), ('NMIpmi+PLP', 0.38267958061327045), ('NMISingleton', 0.4614604625731926), ('NMIiterative_rev_degree_order+PLP', 0.5393037164280312), ('NMIstandard+PLP', 0.5736472218164768), ('NMIstandard+Louvain', 0.7402449842564451), ('NMIiterative_rev_degree_order+Louvain', 0.7826684453028933), ('NMIAllInOne', 1.0), ('NMIfake_pmi+Louvain', 1), ('NMIfake_pmi+PLP', 1)]
ARI classement:
[('ARIglovexmax40alpha0.2+PLP', 0.025655819334371), ('ARIglovexmax50alpha0.2+PLP', 0.028949174464983574), ('ARIglovexmax50alpha0.2+Louvain', 0.032303255230627936), ('ARIglovexmax30alpha0.3+PLP', 0.04236312247424279), ('ARIglovexmax30alpha0.3+Louvain', 0.05020362812160173), ('ARIglovexmax40alpha0.2+Louvain', 0.0738158338140632), ('ARIglove+PLP', 0.1518855074762071), ('ARIglove+Louvain', 0.17710724528041877), ('ARILouvain', 0.1924917677596507), ('ARIppmi+Louvain', 0.233833246356435), ('ARIPLP', 0.3665799636873006), ('ARIpmi+Louvain', 0.5682893665618851), ('ARIpmi+PLP', 0.7218764891151026), ('ARIppmi+PLP', 0.8801186270661607), ('ARIstandard+Louvain', 0.9375754130892193), ('ARIiterative_rev_degree_order+Louvain', 0.9749673320132527), ('ARIstandard+PLP', 0.9886047846625216), ('ARIiterative_rev_degree_order+PLP', 0.9942844865236057), ('ARISingleton', 1.0), ('ARIAllInOne', 1.0), ('ARIfake_pmi+Louvain', 1), ('ARIfake_pmi+PLP', 1)]
