__LOADINGS__
Network Properties for:		network
nodes, edges			5000, 47394
directed?			False
weighted?			True
isolated nodes			0
self-loops			0
density				0.003792
clustering coefficient		0.460965
min/max/avg degree		1, 386, 18.957600
degree assortativity		0.195578
number of connected components	8
size of largest component	4962 (99.24 %)
425748.560164296
__Groundtruth__
read communities from: ../../lfr_5000/mk500/k20/muw0.2/31/community.dat
-------------------  ----------
# communities         46
min community size     5
max community size   472
avg. community size  108.696
modularity             0.636866
-------------------  ----------
46 community detected
__CLASSIC_METHODS__
__Louvain__
PLM(balanced,pc,turbo) detected communities in 0.39888668060302734 [s]
solution properties:
-------------------  ---------
# communities         32
min community size     5
max community size   484
avg. community size  156.25
modularity             0.63824
-------------------  ---------
46 community detected
NMI:0.05481845698266563
ARM:0.057151381568804394
__Singleton__
46 community detected
NMI:0.4646126258031138
ARM:1.0
__AllInOne__
46 community detected
NMI:1.0
ARM:1.0
__PLP__
PLP detected communities in 0.10074377059936523 [s]
solution properties:
-------------------  ----------
# communities         46
min community size     5
max community size   487
avg. community size  108.696
modularity             0.638115
-------------------  ----------
46 community detected
NMI:0.03147139515522146
ARM:0.04029726346848039
__NORMALIZATION__
__glove__
Network Properties for:		G#21cc
nodes, edges			4962, 47316
directed?			False
weighted?			True
isolated nodes			0
self-loops			0
density				0.003844
clustering coefficient		0.457617
min/max/avg degree		1, 386, 19.071342
degree assortativity		0.194487
number of connected components	1
size of largest component	4962 (100.00 %)
tot:  6233.094421880828
__glove+Louvain__
PLM(balanced,pc,turbo) detected communities in 0.3338484764099121 [s]
solution properties:
-------------------  ----------
# communities         29
min community size     8
max community size   480
avg. community size  171.103
modularity             0.676616
-------------------  ----------
46 community detected
NMI:0.9612316081886437
ARM:0.9988823795818785
__glove+PLP__
PLP detected communities in 0.09847211837768555 [s]
solution properties:
-------------------  ----------
# communities         39
min community size     6
max community size   482
avg. community size  127.231
modularity             0.676466
-------------------  ----------
46 community detected
NMI:0.9532505331590522
ARM:0.9987489268114834
__fake_pmi__
Network Properties for:		G#40cc
nodes, edges			4962, 47316
directed?			False
weighted?			True
isolated nodes			0
self-loops			0
density				0.003844
clustering coefficient		0.457617
min/max/avg degree		1, 386, 19.071342
degree assortativity		0.194487
number of connected components	1
size of largest component	4962 (100.00 %)
tot:  0.0
__fake_pmi+Louvain__
1 community detected due to total edge weight equal 0
NMI:1
ARM:0.9987489268114834
__fake_pmi+PLP__
1 community detected due to total edge weight equal 0
NMI:1
ARM:0.9987489268114834
__iterative_rev_degree_order__
Network Properties for:		G#53cc
nodes, edges			4962, 47316
directed?			False
weighted?			True
isolated nodes			0
self-loops			0
density				0.003844
clustering coefficient		0.457617
min/max/avg degree		1, 386, 19.071342
degree assortativity		0.194487
number of connected components	1
size of largest component	4962 (100.00 %)
tot:  1578.4555533511389
__iterative_rev_degree_order+Louvain__
PLM(balanced,pc,turbo) detected communities in 0.5929393768310547 [s]
solution properties:
-------------------  ----------
# communities         76
min community size     2
max community size   209
avg. community size   65.2895
modularity             0.880663
-------------------  ----------
46 community detected
NMI:0.9276923910988639
ARM:1.000136206727761
__iterative_rev_degree_order+PLP__
PLP detected communities in 0.10302400588989258 [s]
solution properties:
-------------------  -----------
# communities        1448
min community size      2
max community size     20
avg. community size     3.4268
modularity              0.758044
-------------------  -----------
46 community detected
NMI:0.6301452255334682
ARM:0.9999694782303478
__pmi__
Network Properties for:		G#78cc
nodes, edges			4962, 47316
directed?			False
weighted?			True
isolated nodes			0
self-loops			0
density				0.003844
clustering coefficient		0.457617
min/max/avg degree		1, 386, 19.071342
degree assortativity		0.194487
number of connected components	1
size of largest component	4962 (100.00 %)
tot:  79303.3176285321
__pmi+Louvain__
PLM(balanced,pc,turbo) detected communities in 0.2580711841583252 [s]
solution properties:
-------------------  ---------
# communities         33
min community size     9
max community size   680
avg. community size  150.364
modularity             1.35375
-------------------  ---------
46 community detected
NMI:0.9559927111482838
ARM:0.9993370102591947
__pmi+PLP__
PLP detected communities in 0.23032855987548828 [s]
solution properties:
-------------------  ---------
# communities         91
min community size     2
max community size   729
avg. community size   54.5275
modularity             1.33863
-------------------  ---------
46 community detected
NMI:0.9363051030937894
ARM:0.9995290724628779
__standard__
Network Properties for:		G#97cc
nodes, edges			4962, 47316
directed?			False
weighted?			True
isolated nodes			0
self-loops			0
density				0.003844
clustering coefficient		0.457617
min/max/avg degree		1, 386, 19.071342
degree assortativity		0.194487
number of connected components	1
size of largest component	4962 (100.00 %)
tot:  13.638498498007086
__standard+Louvain__
PLM(balanced,pc,turbo) detected communities in 0.5947630405426025 [s]
solution properties:
-------------------  ----------
# communities         37
min community size     2
max community size   863
avg. community size  134.108
modularity             0.911282
-------------------  ----------
46 community detected
NMI:0.9568083690221413
ARM:0.9978016069045023
__standard+PLP__
PLP detected communities in 0.16939878463745117 [s]
solution properties:
-------------------  ----------
# communities        861
min community size     2
max community size   197
avg. community size    5.76307
modularity             0.760133
-------------------  ----------
46 community detected
NMI:0.7303376700935755
ARM:0.9997148281839808
__ppmi__
Network Properties for:		G#119cc
nodes, edges			4962, 47316
directed?			False
weighted?			True
isolated nodes			0
self-loops			0
density				0.003844
clustering coefficient		0.457617
min/max/avg degree		1, 386, 19.071342
degree assortativity		0.194487
number of connected components	1
size of largest component	4962 (100.00 %)
tot:  157501.65555459066
__ppmi+Louvain__
PLM(balanced,pc,turbo) detected communities in 0.33382725715637207 [s]
solution properties:
-------------------  ----------
# communities         26
min community size    46
max community size   468
avg. community size  190.846
modularity             0.769742
-------------------  ----------
46 community detected
NMI:0.9626962269502309
ARM:0.998802714733482
__ppmi+PLP__
PLP detected communities in 0.043927907943725586 [s]
solution properties:
-------------------  ----------
# communities         47
min community size     1
max community size   750
avg. community size  105.574
modularity             0.770281
-------------------  ----------
46 community detected
NMI:0.9514685646531056
ARM:0.9985453794044756
__glovexmax50alpha0.2__
Network Properties for:		G#138cc
nodes, edges			4962, 47316
directed?			False
weighted?			True
isolated nodes			0
self-loops			0
density				0.003844
clustering coefficient		0.457617
min/max/avg degree		1, 386, 19.071342
degree assortativity		0.194487
number of connected components	1
size of largest component	4962 (100.00 %)
tot:  24788.70748216339
__glovexmax50alpha0.2+Louvain__
PLM(balanced,pc,turbo) detected communities in 0.3857393264770508 [s]
solution properties:
-------------------  ----------
# communities         32
min community size     8
max community size   472
avg. community size  155.062
modularity             0.736517
-------------------  ----------
46 community detected
NMI:0.9583704677178279
ARM:0.9987881565437343
__glovexmax50alpha0.2+PLP__
PLP detected communities in 0.10016608238220215 [s]
solution properties:
-------------------  ----------
# communities         39
min community size     6
max community size   472
avg. community size  127.231
modularity             0.736404
-------------------  ----------
46 community detected
NMI:0.9531576617965699
ARM:0.9987346312569648
__glovexmax40alpha0.2__
Network Properties for:		G#157cc
nodes, edges			4962, 47316
directed?			False
weighted?			True
isolated nodes			0
self-loops			0
density				0.003844
clustering coefficient		0.457617
min/max/avg degree		1, 386, 19.071342
degree assortativity		0.194487
number of connected components	1
size of largest component	4962 (100.00 %)
tot:  25839.903347894116
__glovexmax40alpha0.2+Louvain__
PLM(balanced,pc,turbo) detected communities in 0.3708796501159668 [s]
solution properties:
-------------------  ----------
# communities         31
min community size     8
max community size   472
avg. community size  160.065
modularity             0.737191
-------------------  ----------
46 community detected
NMI:0.9593786170314709
ARM:0.9987907764418597
__glovexmax40alpha0.2+PLP__
PLP detected communities in 0.11503934860229492 [s]
solution properties:
-------------------  ----------
# communities         40
min community size     6
max community size   472
avg. community size  124.05
modularity             0.736728
-------------------  ----------
46 community detected
NMI:0.9527611842972378
ARM:0.9987345771992614
__glovexmax30alpha0.3__
Network Properties for:		G#176cc
nodes, edges			4962, 47316
directed?			False
weighted?			True
isolated nodes			0
self-loops			0
density				0.003844
clustering coefficient		0.457617
min/max/avg degree		1, 386, 19.071342
degree assortativity		0.194487
number of connected components	1
size of largest component	4962 (100.00 %)
tot:  22792.793028550455
__glovexmax30alpha0.3+Louvain__
PLM(balanced,pc,turbo) detected communities in 0.39305663108825684 [s]
solution properties:
-------------------  ----------
# communities         30
min community size     8
max community size   472
avg. community size  165.4
modularity             0.733696
-------------------  ----------
46 community detected
NMI:0.960883272304975
ARM:0.9988567291019607
__glovexmax30alpha0.3+PLP__
PLP detected communities in 0.1028127670288086 [s]
solution properties:
-------------------  ----------
# communities         39
min community size     6
max community size   472
avg. community size  127.231
modularity             0.733622
-------------------  ----------
46 community detected
NMI:0.9531342994957402
ARM:0.9986934901341566
