__LOADINGS__
Network Properties for:		network
nodes, edges			5000, 27633
directed?			False
weighted?			True
isolated nodes			1
self-loops			0
density				0.002211
clustering coefficient		0.414399
min/max/avg degree		0, 357, 11.053200
degree assortativity		0.162374
number of connected components	9
size of largest component	4974 (99.48 %)
236216.53044496043
__Groundtruth__
read communities from: ../../lfr_5000/mk500/k15/muw0.2/20/community.dat
-------------------  ---------
# communities         50
min community size     3
max community size   469
avg. community size  100
modularity             0.58299
-------------------  ---------
50 community detected
__CLASSIC_METHODS__
__Louvain__
PLM(balanced,pc,turbo) detected communities in 0.5627968311309814 [s]
solution properties:
-------------------  ----------
# communities         27
min community size     1
max community size   503
avg. community size  185.185
modularity             0.593014
-------------------  ----------
50 community detected
NMI:0.1673700676057609
ARM:0.18799881250358985
__Singleton__
50 community detected
NMI:0.46195834337911923
ARM:1.0
__AllInOne__
50 community detected
NMI:1.0
ARM:1.0
__PLP__
PLP detected communities in 0.14399147033691406 [s]
solution properties:
-------------------  ----------
# communities         72
min community size     1
max community size   512
avg. community size   69.4444
modularity             0.590415
-------------------  ----------
50 community detected
NMI:0.13364501884395308
ARM:0.1501408046102084
__NORMALIZATION__
__glove__
Network Properties for:		G#24cc
nodes, edges			4974, 27606
directed?			False
weighted?			True
isolated nodes			0
self-loops			0
density				0.002232
clustering coefficient		0.413147
min/max/avg degree		1, 357, 11.100121
degree assortativity		0.161784
number of connected components	1
size of largest component	4974 (100.00 %)
tot:  3207.066624133135
__glove+Louvain__
PLM(balanced,pc,turbo) detected communities in 0.5524284839630127 [s]
solution properties:
-------------------  ----------
# communities         25
min community size     7
max community size   493
avg. community size  198.96
modularity             0.648316
-------------------  ----------
50 community detected
NMI:0.963470071610546
ARM:0.9994231726368059
__glove+PLP__
PLP detected communities in 0.14068269729614258 [s]
solution properties:
-------------------  ----------
# communities         67
min community size     2
max community size   506
avg. community size   74.2388
modularity             0.645617
-------------------  ----------
50 community detected
NMI:0.9426995656846605
ARM:0.999297333328423
__fake_pmi__
Network Properties for:		G#46cc
nodes, edges			4974, 27606
directed?			False
weighted?			True
isolated nodes			0
self-loops			0
density				0.002232
clustering coefficient		0.413147
min/max/avg degree		1, 357, 11.100121
degree assortativity		0.161784
number of connected components	1
size of largest component	4974 (100.00 %)
tot:  0.0
__fake_pmi+Louvain__
1 community detected due to total edge weight equal 0
NMI:1
ARM:0.999297333328423
__fake_pmi+PLP__
1 community detected due to total edge weight equal 0
NMI:1
ARM:0.999297333328423
__iterative_rev_degree_order__
Network Properties for:		G#59cc
nodes, edges			4974, 27606
directed?			False
weighted?			True
isolated nodes			0
self-loops			0
density				0.002232
clustering coefficient		0.413147
min/max/avg degree		1, 357, 11.100121
degree assortativity		0.161784
number of connected components	1
size of largest component	4974 (100.00 %)
tot:  1691.3778098927692
__iterative_rev_degree_order+Louvain__
PLM(balanced,pc,turbo) detected communities in 0.6829631328582764 [s]
solution properties:
-------------------  ----------
# communities        142
min community size     2
max community size   205
avg. community size   35.0282
modularity             0.936156
-------------------  ----------
50 community detected
NMI:0.8943263482312521
ARM:0.9996548760832576
__iterative_rev_degree_order+PLP__
PLP detected communities in 0.09895086288452148 [s]
solution properties:
-------------------  -----------
# communities        1383
min community size      2
max community size     29
avg. community size     3.59653
modularity              0.844786
-------------------  -----------
50 community detected
NMI:0.6400112733356382
ARM:0.9999380271215852
__pmi__
Network Properties for:		G#84cc
nodes, edges			4974, 27606
directed?			False
weighted?			True
isolated nodes			0
self-loops			0
density				0.002232
clustering coefficient		0.413147
min/max/avg degree		1, 357, 11.100121
degree assortativity		0.161784
number of connected components	1
size of largest component	4974 (100.00 %)
tot:  35776.767798562796
__pmi+Louvain__
PLM(balanced,pc,turbo) detected communities in 0.6232492923736572 [s]
solution properties:
-------------------  ---------
# communities         36
min community size     1
max community size   929
avg. community size  138.167
modularity             1.87129
-------------------  ---------
50 community detected
NMI:0.955863524763202
ARM:1.0010411024813168
__pmi+PLP__
PLP detected communities in 0.12845706939697266 [s]
solution properties:
-------------------  ---------
# communities        547
min community size     1
max community size   329
avg. community size    9.09324
modularity             1.59247
-------------------  ---------
50 community detected
NMI:0.7978544565357683
ARM:1.0003300773041046
__standard__
Network Properties for:		G#106cc
nodes, edges			4974, 27606
directed?			False
weighted?			True
isolated nodes			0
self-loops			0
density				0.002232
clustering coefficient		0.413147
min/max/avg degree		1, 357, 11.100121
degree assortativity		0.161784
number of connected components	1
size of largest component	4974 (100.00 %)
tot:  38.433557364548165
__standard+Louvain__
PLM(balanced,pc,turbo) detected communities in 0.7366306781768799 [s]
solution properties:
-------------------  -----------
# communities          86
min community size      2
max community size   1392
avg. community size    57.8372
modularity              0.944345
-------------------  -----------
50 community detected
NMI:0.9299268354345229
ARM:1.0002703710871217
__standard+PLP__
PLP detected communities in 0.10280227661132812 [s]
solution properties:
-------------------  -----------
# communities        1073
min community size      2
max community size    149
avg. community size     4.6356
modularity              0.812106
-------------------  -----------
50 community detected
NMI:0.6876446940062622
ARM:0.9998255396345328
__ppmi__
Network Properties for:		G#131cc
nodes, edges			4974, 27606
directed?			False
weighted?			True
isolated nodes			0
self-loops			0
density				0.002232
clustering coefficient		0.413147
min/max/avg degree		1, 357, 11.100121
degree assortativity		0.161784
number of connected components	1
size of largest component	4974 (100.00 %)
tot:  94406.65315170372
__ppmi+Louvain__
PLM(balanced,pc,turbo) detected communities in 0.5338997840881348 [s]
solution properties:
-------------------  ---------
# communities         29
min community size     8
max community size   420
avg. community size  171.517
modularity             0.76661
-------------------  ---------
50 community detected
NMI:0.9614674192769295
ARM:0.9999137558616613
__ppmi+PLP__
PLP detected communities in 0.1232147216796875 [s]
solution properties:
-------------------  ----------
# communities        495
min community size     1
max community size   393
avg. community size   10.0485
modularity             0.646438
-------------------  ----------
50 community detected
NMI:0.8099130364821595
ARM:1.000307623910806
__glovexmax50alpha0.2__
Network Properties for:		G#153cc
nodes, edges			4974, 27606
directed?			False
weighted?			True
isolated nodes			0
self-loops			0
density				0.002232
clustering coefficient		0.413147
min/max/avg degree		1, 357, 11.100121
degree assortativity		0.161784
number of connected components	1
size of largest component	4974 (100.00 %)
tot:  13229.137474914718
__glovexmax50alpha0.2+Louvain__
PLM(balanced,pc,turbo) detected communities in 0.41353368759155273 [s]
solution properties:
-------------------  ----------
# communities         32
min community size     7
max community size   470
avg. community size  155.438
modularity             0.727647
-------------------  ----------
50 community detected
NMI:0.9584850311251393
ARM:0.9996658224813055
__glovexmax50alpha0.2+PLP__
PLP detected communities in 0.09297919273376465 [s]
solution properties:
-------------------  ----------
# communities         69
min community size     2
max community size   486
avg. community size   72.087
modularity             0.720318
-------------------  ----------
50 community detected
NMI:0.9423170151515312
ARM:0.9996611649507234
__glovexmax40alpha0.2__
Network Properties for:		G#175cc
nodes, edges			4974, 27606
directed?			False
weighted?			True
isolated nodes			0
self-loops			0
density				0.002232
clustering coefficient		0.413147
min/max/avg degree		1, 357, 11.100121
degree assortativity		0.161784
number of connected components	1
size of largest component	4974 (100.00 %)
tot:  13783.686314911965
__glovexmax40alpha0.2+Louvain__
PLM(balanced,pc,turbo) detected communities in 0.4063844680786133 [s]
solution properties:
-------------------  ----------
# communities         30
min community size     7
max community size   470
avg. community size  165.8
modularity             0.728484
-------------------  ----------
50 community detected
NMI:0.9594688968237639
ARM:0.999538574568739
__glovexmax40alpha0.2+PLP__
PLP detected communities in 0.07211446762084961 [s]
solution properties:
-------------------  ----------
# communities         69
min community size     2
max community size   486
avg. community size   72.087
modularity             0.723691
-------------------  ----------
50 community detected
NMI:0.942039795339979
ARM:0.999591054541981
__glovexmax30alpha0.3__
Network Properties for:		G#197cc
nodes, edges			4974, 27606
directed?			False
weighted?			True
isolated nodes			0
self-loops			0
density				0.002232
clustering coefficient		0.413147
min/max/avg degree		1, 357, 11.100121
degree assortativity		0.161784
number of connected components	1
size of largest component	4974 (100.00 %)
tot:  11860.46309551421
__glovexmax30alpha0.3+Louvain__
PLM(balanced,pc,turbo) detected communities in 0.29950618743896484 [s]
solution properties:
-------------------  ----------
# communities         22
min community size     7
max community size   477
avg. community size  226.091
modularity             0.722378
-------------------  ----------
50 community detected
NMI:0.9672989526285557
ARM:0.9995355227147537
__glovexmax30alpha0.3+PLP__
PLP detected communities in 0.0801095962524414 [s]
solution properties:
-------------------  ----------
# communities         71
min community size     1
max community size   491
avg. community size   70.0563
modularity             0.718729
-------------------  ----------
50 community detected
NMI:0.9412562854237334
ARM:0.9994887872259404
