__LOADINGS__
4992/52502 9.508209211077673 % of nul weighted edges removed
0/5000 0.0 % of nul degree nodes removed
Network Properties for:		network
nodes, edges			5000, 47510
directed?			False
weighted?			True
isolated nodes			0
self-loops			0
density				0.003802
clustering coefficient		0.242096
min/max/avg degree		1, 343, 19.004000
degree assortativity		0.286771
number of connected components	1
size of largest component	5000 (100.00 %)
430577.5410640363
__Groundtruth__
read communities from: ../../lfr_5000/mk500/k20/muw0.4/9/community.dat
-------------------  ----------
# communities         46
min community size     5
max community size   472
avg. community size  108.696
modularity             0.438322
-------------------  ----------
46 community detected
__CLASSIC_METHODS__
__Louvain__
PLM(balanced,pc,turbo) detected communities in 0.7070491313934326 [s]
solution properties:
-------------------  ----------
# communities         19
min community size    98
max community size   492
avg. community size  263.158
modularity             0.446019
-------------------  ----------
46 community detected
NMI:0.1961371901320924
ARI:0.23917021958323348
__Singleton__
46 community detected
NMI:0.4615053837445433
ARI:1.0
__AllInOne__
46 community detected
NMI:1.0
ARI:1.0
__PLP__
PLP detected communities in 0.13980531692504883 [s]
solution properties:
-------------------  ----------
# communities         38
min community size     2
max community size   532
avg. community size  131.579
modularity             0.443902
-------------------  ----------
46 community detected
NMI:0.17107391074121536
ARI:0.22229692032823833
__NORMALIZATION__
__glove__
Network Properties for:		G#24
nodes, edges			5000, 47510
directed?			False
weighted?			True
isolated nodes			0
self-loops			0
density				0.003802
clustering coefficient		0.242096
min/max/avg degree		1, 343, 19.004000
degree assortativity		0.286771
number of connected components	1
size of largest component	5000 (100.00 %)
tot:  6498.1735316812465
__glove+Louvain__
PLM(balanced,pc,turbo) detected communities in 0.4507744312286377 [s]
solution properties:
-------------------  ----------
# communities         17
min community size   133
max community size   484
avg. community size  294.118
modularity             0.476171
-------------------  ----------
46 community detected
NMI:0.18764500997894007
ARI:0.23978167991413113
__glove+PLP__
PLP detected communities in 0.16591238975524902 [s]
solution properties:
-------------------  ----------
# communities         43
min community size     2
max community size   509
avg. community size  116.279
modularity             0.475054
-------------------  ----------
46 community detected
NMI:0.13116190978554865
ARI:0.17817981636005154
__fake_pmi__
Network Properties for:		G#33
nodes, edges			5000, 47510
directed?			False
weighted?			True
isolated nodes			0
self-loops			0
density				0.003802
clustering coefficient		0.242096
min/max/avg degree		1, 343, 19.004000
degree assortativity		0.286771
number of connected components	1
size of largest component	5000 (100.00 %)
tot:  0.0
__fake_pmi+Louvain__
1 community detected due to total edge weight equal 0
NMI:1
ARI:1
__fake_pmi+PLP__
1 community detected due to total edge weight equal 0
NMI:1
ARI:1
__iterative_rev_degree_order__
Network Properties for:		G#36
nodes, edges			5000, 47510
directed?			False
weighted?			True
isolated nodes			0
self-loops			0
density				0.003802
clustering coefficient		0.242096
min/max/avg degree		1, 343, 19.004000
degree assortativity		0.286771
number of connected components	1
size of largest component	5000 (100.00 %)
tot:  1281.512367395057
__iterative_rev_degree_order+Louvain__
PLM(balanced,pc,turbo) detected communities in 0.9864811897277832 [s]
solution properties:
-------------------  ----------
# communities         73
min community size    30
max community size   115
avg. community size   68.4932
modularity             0.866531
-------------------  ----------
46 community detected
NMI:0.7939925874502296
ARI:0.9783215893181529
__iterative_rev_degree_order+PLP__
PLP detected communities in 0.06280970573425293 [s]
solution properties:
-------------------  -----------
# communities        1601
min community size      2
max community size     11
avg. community size     3.12305
modularity              0.752554
-------------------  -----------
46 community detected
NMI:0.5280872915096309
ARI:0.9935801406348684
__pmi__
Network Properties for:		G#51
nodes, edges			5000, 47510
directed?			False
weighted?			True
isolated nodes			0
self-loops			0
density				0.003802
clustering coefficient		0.242096
min/max/avg degree		1, 343, 19.004000
degree assortativity		0.286771
number of connected components	1
size of largest component	5000 (100.00 %)
tot:  56074.20777610619
__pmi+Louvain__
PLM(balanced,pc,turbo) detected communities in 0.6514229774475098 [s]
solution properties:
-------------------  ---------
# communities         33
min community size     1
max community size   725
avg. community size  151.515
modularity             1.36102
-------------------  ---------
46 community detected
NMI:0.560342852169254
ARI:0.7828990653229596
__pmi+PLP__
PLP detected communities in 0.27188873291015625 [s]
solution properties:
-------------------  ----------
# communities         365
min community size      2
max community size   1166
avg. community size    13.6986
modularity              1.23316
-------------------  ----------
46 community detected
NMI:0.5160305852343927
ARI:0.82567553004325
__standard__
Network Properties for:		G#63
nodes, edges			5000, 47510
directed?			False
weighted?			True
isolated nodes			0
self-loops			0
density				0.003802
clustering coefficient		0.242096
min/max/avg degree		1, 343, 19.004000
degree assortativity		0.286771
number of connected components	1
size of largest component	5000 (100.00 %)
tot:  16.77310943032269
__standard+Louvain__
PLM(balanced,pc,turbo) detected communities in 0.613983154296875 [s]
solution properties:
-------------------  ----------
# communities         93
min community size     2
max community size   237
avg. community size   53.7634
modularity             0.870998
-------------------  ----------
46 community detected
NMI:0.7188065999000824
ARI:0.9317905752639611
__standard+PLP__
PLP detected communities in 0.1256248950958252 [s]
solution properties:
-------------------  -----------
# communities        1266
min community size      2
max community size     35
avg. community size     3.94945
modularity              0.748335
-------------------  -----------
46 community detected
NMI:0.5559514239545931
ARI:0.9897796382812707
__ppmi__
Network Properties for:		G#75
nodes, edges			5000, 47510
directed?			False
weighted?			True
isolated nodes			0
self-loops			0
density				0.003802
clustering coefficient		0.242096
min/max/avg degree		1, 343, 19.004000
degree assortativity		0.286771
number of connected components	1
size of largest component	5000 (100.00 %)
tot:  157513.6551980143
__ppmi+Louvain__
PLM(balanced,pc,turbo) detected communities in 0.6021900177001953 [s]
solution properties:
-------------------  ----------
# communities         29
min community size    26
max community size   592
avg. community size  172.414
modularity             0.554678
-------------------  ----------
46 community detected
NMI:0.357024501081162
ARI:0.5110025288882589
__ppmi+PLP__
PLP detected communities in 0.21299529075622559 [s]
solution properties:
-------------------  -----------
# communities          97
min community size      1
max community size   2598
avg. community size    51.5464
modularity              0.465874
-------------------  -----------
46 community detected
NMI:0.3563962411069568
ARI:0.8124550390613058
__glovexmax50alpha0.2__
Network Properties for:		G#87
nodes, edges			5000, 47510
directed?			False
weighted?			True
isolated nodes			0
self-loops			0
density				0.003802
clustering coefficient		0.242096
min/max/avg degree		1, 343, 19.004000
degree assortativity		0.286771
number of connected components	1
size of largest component	5000 (100.00 %)
tot:  25050.279987292663
__glovexmax50alpha0.2+Louvain__
PLM(balanced,pc,turbo) detected communities in 0.4015622138977051 [s]
solution properties:
-------------------  ----------
# communities         26
min community size    43
max community size   471
avg. community size  192.308
modularity             0.531789
-------------------  ----------
46 community detected
NMI:0.05829060700292976
ARI:0.061184865433652535
__glovexmax50alpha0.2+PLP__
PLP detected communities in 0.1059415340423584 [s]
solution properties:
-------------------  ----------
# communities         46
min community size     5
max community size   480
avg. community size  108.696
modularity             0.529742
-------------------  ----------
46 community detected
NMI:0.035803477548826956
ARI:0.04564210316955075
__glovexmax40alpha0.2__
Network Properties for:		G#96
nodes, edges			5000, 47510
directed?			False
weighted?			True
isolated nodes			0
self-loops			0
density				0.003802
clustering coefficient		0.242096
min/max/avg degree		1, 343, 19.004000
degree assortativity		0.286771
number of connected components	1
size of largest component	5000 (100.00 %)
tot:  26134.120139684062
__glovexmax40alpha0.2+Louvain__
PLM(balanced,pc,turbo) detected communities in 0.45334506034851074 [s]
solution properties:
-------------------  ----------
# communities         26
min community size    42
max community size   471
avg. community size  192.308
modularity             0.532171
-------------------  ----------
46 community detected
NMI:0.06086065747196545
ARI:0.06531546354743167
__glovexmax40alpha0.2+PLP__
PLP detected communities in 0.1320652961730957 [s]
solution properties:
-------------------  ----------
# communities         44
min community size     5
max community size   480
avg. community size  113.636
modularity             0.531747
-------------------  ----------
46 community detected
NMI:0.03579357749375223
ARI:0.04586610379755984
__glovexmax30alpha0.3__
Network Properties for:		G#105
nodes, edges			5000, 47510
directed?			False
weighted?			True
isolated nodes			0
self-loops			0
density				0.003802
clustering coefficient		0.242096
min/max/avg degree		1, 343, 19.004000
degree assortativity		0.286771
number of connected components	1
size of largest component	5000 (100.00 %)
tot:  23550.73387008627
__glovexmax30alpha0.3+Louvain__
PLM(balanced,pc,turbo) detected communities in 0.3510289192199707 [s]
solution properties:
-------------------  ---------
# communities         24
min community size    42
max community size   476
avg. community size  208.333
modularity             0.52761
-------------------  ---------
46 community detected
NMI:0.08222740649278426
ARI:0.09437508549204598
__glovexmax30alpha0.3+PLP__
PLP detected communities in 0.06773781776428223 [s]
solution properties:
-------------------  ----------
# communities         44
min community size     5
max community size   488
avg. community size  113.636
modularity             0.527109
-------------------  ----------
46 community detected
NMI:0.057040367246581236
ARI:0.07472577077596709
NMI classement:
[('NMIglovexmax40alpha0.2+PLP', 0.03579357749375223), ('NMIglovexmax50alpha0.2+PLP', 0.035803477548826956), ('NMIglovexmax30alpha0.3+PLP', 0.057040367246581236), ('NMIglovexmax50alpha0.2+Louvain', 0.05829060700292976), ('NMIglovexmax40alpha0.2+Louvain', 0.06086065747196545), ('NMIglovexmax30alpha0.3+Louvain', 0.08222740649278426), ('NMIglove+PLP', 0.13116190978554865), ('NMIPLP', 0.17107391074121536), ('NMIglove+Louvain', 0.18764500997894007), ('NMILouvain', 0.1961371901320924), ('NMIppmi+PLP', 0.3563962411069568), ('NMIppmi+Louvain', 0.357024501081162), ('NMISingleton', 0.4615053837445433), ('NMIpmi+PLP', 0.5160305852343927), ('NMIiterative_rev_degree_order+PLP', 0.5280872915096309), ('NMIstandard+PLP', 0.5559514239545931), ('NMIpmi+Louvain', 0.560342852169254), ('NMIstandard+Louvain', 0.7188065999000824), ('NMIiterative_rev_degree_order+Louvain', 0.7939925874502296), ('NMIAllInOne', 1.0), ('NMIfake_pmi+Louvain', 1), ('NMIfake_pmi+PLP', 1)]
ARI classement:
[('ARIglovexmax50alpha0.2+PLP', 0.04564210316955075), ('ARIglovexmax40alpha0.2+PLP', 0.04586610379755984), ('ARIglovexmax50alpha0.2+Louvain', 0.061184865433652535), ('ARIglovexmax40alpha0.2+Louvain', 0.06531546354743167), ('ARIglovexmax30alpha0.3+PLP', 0.07472577077596709), ('ARIglovexmax30alpha0.3+Louvain', 0.09437508549204598), ('ARIglove+PLP', 0.17817981636005154), ('ARIPLP', 0.22229692032823833), ('ARILouvain', 0.23917021958323348), ('ARIglove+Louvain', 0.23978167991413113), ('ARIppmi+Louvain', 0.5110025288882589), ('ARIpmi+Louvain', 0.7828990653229596), ('ARIppmi+PLP', 0.8124550390613058), ('ARIpmi+PLP', 0.82567553004325), ('ARIstandard+Louvain', 0.9317905752639611), ('ARIiterative_rev_degree_order+Louvain', 0.9783215893181529), ('ARIstandard+PLP', 0.9897796382812707), ('ARIiterative_rev_degree_order+PLP', 0.9935801406348684), ('ARISingleton', 1.0), ('ARIAllInOne', 1.0), ('ARIfake_pmi+Louvain', 1), ('ARIfake_pmi+PLP', 1)]
