__LOADINGS__
Network Properties for:		network
nodes, edges			5000, 27633
directed?			False
weighted?			True
isolated nodes			1
self-loops			0
density				0.002211
clustering coefficient		0.414399
min/max/avg degree		0, 357, 11.053200
degree assortativity		0.162374
number of connected components	9
size of largest component	4974 (99.48 %)
236216.53044496043
__Groundtruth__
read communities from: ../../lfr_5000/mk500/k15/muw0.2/44/community.dat
-------------------  ---------
# communities         50
min community size     3
max community size   469
avg. community size  100
modularity             0.58299
-------------------  ---------
50 community detected
__CLASSIC_METHODS__
__Louvain__
PLM(balanced,pc,turbo) detected communities in 0.5691232681274414 [s]
solution properties:
-------------------  ----------
# communities         30
min community size     1
max community size   496
avg. community size  166.667
modularity             0.593018
-------------------  ----------
50 community detected
NMI:0.16005195055155974
ARM:0.17669354138117532
__Singleton__
50 community detected
NMI:0.46195834337911923
ARM:1.0
__AllInOne__
50 community detected
NMI:1.0
ARM:1.0
__PLP__
PLP detected communities in 0.1441650390625 [s]
solution properties:
-------------------  ----------
# communities         71
min community size     1
max community size   509
avg. community size   70.4225
modularity             0.591006
-------------------  ----------
50 community detected
NMI:0.1304492802674425
ARM:0.1465474416294088
__NORMALIZATION__
__glove__
Network Properties for:		G#24cc
nodes, edges			4974, 27606
directed?			False
weighted?			True
isolated nodes			0
self-loops			0
density				0.002232
clustering coefficient		0.413147
min/max/avg degree		1, 357, 11.100121
degree assortativity		0.161784
number of connected components	1
size of largest component	4974 (100.00 %)
tot:  3207.066624133135
__glove+Louvain__
PLM(balanced,pc,turbo) detected communities in 0.6157050132751465 [s]
solution properties:
-------------------  ----------
# communities         27
min community size     7
max community size   493
avg. community size  184.222
modularity             0.648345
-------------------  ----------
50 community detected
NMI:0.9615431768782401
ARM:0.9992626837586904
__glove+PLP__
PLP detected communities in 0.14544129371643066 [s]
solution properties:
-------------------  ----------
# communities         68
min community size     1
max community size   506
avg. community size   73.1471
modularity             0.645609
-------------------  ----------
50 community detected
NMI:0.9425487858566866
ARM:0.9993103976706765
__fake_pmi__
Network Properties for:		G#46cc
nodes, edges			4974, 27606
directed?			False
weighted?			True
isolated nodes			0
self-loops			0
density				0.002232
clustering coefficient		0.413147
min/max/avg degree		1, 357, 11.100121
degree assortativity		0.161784
number of connected components	1
size of largest component	4974 (100.00 %)
tot:  0.0
__fake_pmi+Louvain__
1 community detected due to total edge weight equal 0
NMI:1
ARM:0.9993103976706765
__fake_pmi+PLP__
1 community detected due to total edge weight equal 0
NMI:1
ARM:0.9993103976706765
__iterative_rev_degree_order__
Network Properties for:		G#59cc
nodes, edges			4974, 27606
directed?			False
weighted?			True
isolated nodes			0
self-loops			0
density				0.002232
clustering coefficient		0.413147
min/max/avg degree		1, 357, 11.100121
degree assortativity		0.161784
number of connected components	1
size of largest component	4974 (100.00 %)
tot:  1691.3778098927692
__iterative_rev_degree_order+Louvain__
PLM(balanced,pc,turbo) detected communities in 0.7178115844726562 [s]
solution properties:
-------------------  ----------
# communities        146
min community size     2
max community size   222
avg. community size   34.0685
modularity             0.936263
-------------------  ----------
50 community detected
NMI:0.8950855699688249
ARM:0.9996302750000856
__iterative_rev_degree_order+PLP__
PLP detected communities in 0.07943439483642578 [s]
solution properties:
-------------------  -----------
# communities        1387
min community size      2
max community size     29
avg. community size     3.58616
modularity              0.844111
-------------------  -----------
50 community detected
NMI:0.6396037242763362
ARM:0.999940840904289
__pmi__
Network Properties for:		G#84cc
nodes, edges			4974, 27606
directed?			False
weighted?			True
isolated nodes			0
self-loops			0
density				0.002232
clustering coefficient		0.413147
min/max/avg degree		1, 357, 11.100121
degree assortativity		0.161784
number of connected components	1
size of largest component	4974 (100.00 %)
tot:  35776.767798562796
__pmi+Louvain__
PLM(balanced,pc,turbo) detected communities in 0.633704662322998 [s]
solution properties:
-------------------  ---------
# communities         36
min community size     1
max community size   687
avg. community size  138.167
modularity             1.87053
-------------------  ---------
50 community detected
NMI:0.9558357094662236
ARM:1.0005672475786092
__pmi+PLP__
PLP detected communities in 0.14735174179077148 [s]
solution properties:
-------------------  ---------
# communities        529
min community size     1
max community size   328
avg. community size    9.40265
modularity             1.61712
-------------------  ---------
50 community detected
NMI:0.8025932083461758
ARM:1.0003727694136118
__standard__
Network Properties for:		G#106cc
nodes, edges			4974, 27606
directed?			False
weighted?			True
isolated nodes			0
self-loops			0
density				0.002232
clustering coefficient		0.413147
min/max/avg degree		1, 357, 11.100121
degree assortativity		0.161784
number of connected components	1
size of largest component	4974 (100.00 %)
tot:  38.433557364548165
__standard+Louvain__
PLM(balanced,pc,turbo) detected communities in 0.8908133506774902 [s]
solution properties:
-------------------  ----------
# communities         77
min community size     2
max community size   973
avg. community size   64.5974
modularity             0.944794
-------------------  ----------
50 community detected
NMI:0.9339328345932341
ARM:1.0005937810861862
__standard+PLP__
PLP detected communities in 0.054427146911621094 [s]
solution properties:
-------------------  ----------
# communities        1074
min community size      2
max community size    149
avg. community size     4.63128
modularity              0.8118
-------------------  ----------
50 community detected
NMI:0.6876635461179464
ARM:0.9998337142911663
__ppmi__
Network Properties for:		G#131cc
nodes, edges			4974, 27606
directed?			False
weighted?			True
isolated nodes			0
self-loops			0
density				0.002232
clustering coefficient		0.413147
min/max/avg degree		1, 357, 11.100121
degree assortativity		0.161784
number of connected components	1
size of largest component	4974 (100.00 %)
tot:  94406.65315170372
__ppmi+Louvain__
PLM(balanced,pc,turbo) detected communities in 0.6124546527862549 [s]
solution properties:
-------------------  ----------
# communities         36
min community size     8
max community size   402
avg. community size  138.167
modularity             0.764989
-------------------  ----------
50 community detected
NMI:0.9552911231186797
ARM:0.9998092179525907
__ppmi+PLP__
PLP detected communities in 0.18207073211669922 [s]
solution properties:
-------------------  ----------
# communities        536
min community size     1
max community size   393
avg. community size    9.27985
modularity             0.630013
-------------------  ----------
50 community detected
NMI:0.8001166853805186
ARM:1.0003318464471556
__glovexmax50alpha0.2__
Network Properties for:		G#153cc
nodes, edges			4974, 27606
directed?			False
weighted?			True
isolated nodes			0
self-loops			0
density				0.002232
clustering coefficient		0.413147
min/max/avg degree		1, 357, 11.100121
degree assortativity		0.161784
number of connected components	1
size of largest component	4974 (100.00 %)
tot:  13229.137474914718
__glovexmax50alpha0.2+Louvain__
PLM(balanced,pc,turbo) detected communities in 0.5392956733703613 [s]
solution properties:
-------------------  ----------
# communities         32
min community size     7
max community size   470
avg. community size  155.438
modularity             0.727647
-------------------  ----------
50 community detected
NMI:0.9584850311251393
ARM:0.9996658224813055
__glovexmax50alpha0.2+PLP__
PLP detected communities in 0.1365044116973877 [s]
solution properties:
-------------------  ----------
# communities         70
min community size     2
max community size   486
avg. community size   71.0571
modularity             0.722395
-------------------  ----------
50 community detected
NMI:0.9416928109266578
ARM:0.9995837411377145
__glovexmax40alpha0.2__
Network Properties for:		G#175cc
nodes, edges			4974, 27606
directed?			False
weighted?			True
isolated nodes			0
self-loops			0
density				0.002232
clustering coefficient		0.413147
min/max/avg degree		1, 357, 11.100121
degree assortativity		0.161784
number of connected components	1
size of largest component	4974 (100.00 %)
tot:  13783.686314911965
__glovexmax40alpha0.2+Louvain__
PLM(balanced,pc,turbo) detected communities in 0.5089795589447021 [s]
solution properties:
-------------------  ----------
# communities         32
min community size     7
max community size   470
avg. community size  155.438
modularity             0.728537
-------------------  ----------
50 community detected
NMI:0.9584850311251393
ARM:0.9996658224813055
__glovexmax40alpha0.2+PLP__
PLP detected communities in 0.10089683532714844 [s]
solution properties:
-------------------  ---------
# communities         67
min community size     2
max community size   486
avg. community size   74.2388
modularity             0.72445
-------------------  ---------
50 community detected
NMI:0.943046440731235
ARM:0.9996015038379509
__glovexmax30alpha0.3__
Network Properties for:		G#197cc
nodes, edges			4974, 27606
directed?			False
weighted?			True
isolated nodes			0
self-loops			0
density				0.002232
clustering coefficient		0.413147
min/max/avg degree		1, 357, 11.100121
degree assortativity		0.161784
number of connected components	1
size of largest component	4974 (100.00 %)
tot:  11860.46309551421
__glovexmax30alpha0.3+Louvain__
PLM(balanced,pc,turbo) detected communities in 0.5234246253967285 [s]
solution properties:
-------------------  ----------
# communities         32
min community size     7
max community size   475
avg. community size  155.438
modularity             0.723361
-------------------  ----------
50 community detected
NMI:0.9583913750715767
ARM:0.9995036725252188
__glovexmax30alpha0.3+PLP__
PLP detected communities in 0.06981205940246582 [s]
solution properties:
-------------------  ----------
# communities         68
min community size     1
max community size   491
avg. community size   73.1471
modularity             0.720013
-------------------  ----------
50 community detected
NMI:0.9431474574497822
ARM:0.9995098112251739
