__LOADINGS__
Network Properties for:		network
nodes, edges			5000, 56245
directed?			False
weighted?			True
isolated nodes			1
self-loops			0
density				0.004501
clustering coefficient		0.313886
min/max/avg degree		0, 83, 22.498000
degree assortativity		0.392818
number of connected components	2
size of largest component	4999 (99.98 %)
337698.64591871476
__Groundtruth__
read communities from: ../../lfr_5000/mk100/k25/muw0.3/26/community.dat
-------------------  ----------
# communities        104
min community size    20
max community size    99
avg. community size   48.0769
modularity             0.708015
-------------------  ----------
104 community detected
__CLASSIC_METHODS__
__Louvain__
PLM(balanced,pc,turbo) detected communities in 0.1663055419921875 [s]
solution properties:
-------------------  ----------
# communities         48
min community size     1
max community size   198
avg. community size  104.167
modularity             0.707328
-------------------  ----------
104 community detected
NMI:0.08803370466760574
ARM:0.3335043904664158
__Singleton__
104 community detected
NMI:0.3047814955401703
ARM:1.0
__AllInOne__
104 community detected
NMI:1.0
ARM:1.0
__PLP__
PLP detected communities in 0.06074333190917969 [s]
solution properties:
-------------------  ----------
# communities        105
min community size     1
max community size    99
avg. community size   47.619
modularity             0.708293
-------------------  ----------
104 community detected
NMI:0.0012911693779669164
ARM:0.002920082507265054
__NORMALIZATION__
__glove__
Network Properties for:		G#21cc
nodes, edges			4999, 56245
directed?			False
weighted?			True
isolated nodes			0
self-loops			0
density				0.004502
clustering coefficient		0.313948
min/max/avg degree		1, 83, 22.502501
degree assortativity		0.392818
number of connected components	1
size of largest component	4999 (100.00 %)
tot:  6601.456418691188
__glove+Louvain__
PLM(balanced,pc,turbo) detected communities in 0.3323509693145752 [s]
solution properties:
-------------------  ----------
# communities         64
min community size    41
max community size   114
avg. community size   78.1094
modularity             0.711361
-------------------  ----------
104 community detected
NMI:0.04801759540259798
ARM:0.1743831130861887
__glove+PLP__
PLP detected communities in 0.024721384048461914 [s]
solution properties:
-------------------  ----------
# communities        104
min community size    20
max community size    99
avg. community size   48.0673
modularity             0.710965
-------------------  ----------
104 community detected
NMI:0.0011757316955851582
ARM:0.002674745969428516
__fake_pmi__
Network Properties for:		G#40cc
nodes, edges			4999, 56245
directed?			False
weighted?			True
isolated nodes			0
self-loops			0
density				0.004502
clustering coefficient		0.313948
min/max/avg degree		1, 83, 22.502501
degree assortativity		0.392818
number of connected components	1
size of largest component	4999 (100.00 %)
tot:  0.0
__fake_pmi+Louvain__
1 community detected due to total edge weight equal 0
NMI:1
ARM:0.002674745969428516
__fake_pmi+PLP__
1 community detected due to total edge weight equal 0
NMI:1
ARM:0.002674745969428516
__iterative_rev_degree_order__
Network Properties for:		G#53cc
nodes, edges			4999, 56245
directed?			False
weighted?			True
isolated nodes			0
self-loops			0
density				0.004502
clustering coefficient		0.313948
min/max/avg degree		1, 83, 22.502501
degree assortativity		0.392818
number of connected components	1
size of largest component	4999 (100.00 %)
tot:  1099.1840954784568
__iterative_rev_degree_order+Louvain__
PLM(balanced,pc,turbo) detected communities in 0.6093156337738037 [s]
solution properties:
-------------------  ----------
# communities         49
min community size    60
max community size   192
avg. community size  102.02
modularity             0.733152
-------------------  ----------
104 community detected
NMI:0.53224292581741
ARM:0.8506382111925628
__iterative_rev_degree_order+PLP__
PLP detected communities in 0.10126113891601562 [s]
solution properties:
-------------------  -----------
# communities        1057
min community size      2
max community size     18
avg. community size     4.72942
modularity              0.603242
-------------------  -----------
104 community detected
NMI:0.33218936322028336
ARM:0.9249515703896599
__pmi__
Network Properties for:		G#78cc
nodes, edges			4999, 56245
directed?			False
weighted?			True
isolated nodes			0
self-loops			0
density				0.004502
clustering coefficient		0.313948
min/max/avg degree		1, 83, 22.502501
degree assortativity		0.392818
number of connected components	1
size of largest component	4999 (100.00 %)
tot:  334631.00700765784
__pmi+Louvain__
PLM(balanced,pc,turbo) detected communities in 0.4669618606567383 [s]
solution properties:
-------------------  ----------
# communities         57
min community size    54
max community size   119
avg. community size   87.7018
modularity             0.714394
-------------------  ----------
104 community detected
NMI:0.06023369796358935
ARM:0.21954632310444855
__pmi+PLP__
PLP detected communities in 0.03435683250427246 [s]
solution properties:
-------------------  ----------
# communities        101
min community size    20
max community size    99
avg. community size   49.495
modularity             0.715594
-------------------  ----------
104 community detected
NMI:0.004266429257644755
ARM:0.018398672474590372
__standard__
Network Properties for:		G#97cc
nodes, edges			4999, 56245
directed?			False
weighted?			True
isolated nodes			0
self-loops			0
density				0.004502
clustering coefficient		0.313948
min/max/avg degree		1, 83, 22.502501
degree assortativity		0.392818
number of connected components	1
size of largest component	4999 (100.00 %)
tot:  17.52851769592785
__standard+Louvain__
PLM(balanced,pc,turbo) detected communities in 0.7640056610107422 [s]
solution properties:
-------------------  ----------
# communities         48
min community size    28
max community size   225
avg. community size  104.146
modularity             0.716363
-------------------  ----------
104 community detected
NMI:0.1408753931157607
ARM:0.4346645986816595
__standard+PLP__
PLP detected communities in 0.08998703956604004 [s]
solution properties:
-------------------  ----------
# communities        162
min community size     1
max community size   125
avg. community size   30.858
modularity             0.706197
-------------------  ----------
104 community detected
NMI:0.06058305039323941
ARM:0.14106315576145656
__ppmi__
Network Properties for:		G#119cc
nodes, edges			4999, 56245
directed?			False
weighted?			True
isolated nodes			0
self-loops			0
density				0.004502
clustering coefficient		0.313948
min/max/avg degree		1, 83, 22.502501
degree assortativity		0.392818
number of connected components	1
size of largest component	4999 (100.00 %)
tot:  336391.6757769469
__ppmi+Louvain__
PLM(balanced,pc,turbo) detected communities in 0.40851855278015137 [s]
solution properties:
-------------------  ----------
# communities         80
min community size    21
max community size   102
avg. community size   62.4875
modularity             0.713921
-------------------  ----------
104 community detected
NMI:0.023739006715886468
ARM:0.08099381459341004
__ppmi+PLP__
PLP detected communities in 0.06660294532775879 [s]
solution properties:
-------------------  ----------
# communities         98
min community size    20
max community size   162
avg. community size   51.0102
modularity             0.713164
-------------------  ----------
104 community detected
NMI:0.01042219710347081
ARM:0.06520406347029861
__glovexmax50alpha0.2__
Network Properties for:		G#138cc
nodes, edges			4999, 56245
directed?			False
weighted?			True
isolated nodes			0
self-loops			0
density				0.004502
clustering coefficient		0.313948
min/max/avg degree		1, 83, 22.502501
degree assortativity		0.392818
number of connected components	1
size of largest component	4999 (100.00 %)
tot:  35493.75621104696
__glovexmax50alpha0.2+Louvain__
PLM(balanced,pc,turbo) detected communities in 0.43636322021484375 [s]
solution properties:
-------------------  ---------
# communities         56
min community size    59
max community size   141
avg. community size   89.2679
modularity             0.70993
-------------------  ---------
104 community detected
NMI:0.06311704517264516
ARM:0.23415970481948978
__glovexmax50alpha0.2+PLP__
PLP detected communities in 0.08327984809875488 [s]
solution properties:
-------------------  ----------
# communities        104
min community size    20
max community size    99
avg. community size   48.0673
modularity             0.710711
-------------------  ----------
104 community detected
NMI:0.0007093774559288057
ARM:0.001655413835885522
__glovexmax40alpha0.2__
Network Properties for:		G#157cc
nodes, edges			4999, 56245
directed?			False
weighted?			True
isolated nodes			0
self-loops			0
density				0.004502
clustering coefficient		0.313948
min/max/avg degree		1, 83, 22.502501
degree assortativity		0.392818
number of connected components	1
size of largest component	4999 (100.00 %)
tot:  37113.67536430306
__glovexmax40alpha0.2+Louvain__
PLM(balanced,pc,turbo) detected communities in 0.3381466865539551 [s]
solution properties:
-------------------  ----------
# communities         65
min community size    41
max community size   110
avg. community size   76.9077
modularity             0.710771
-------------------  ----------
104 community detected
NMI:0.045368043953243786
ARM:0.16355795339592172
__glovexmax40alpha0.2+PLP__
PLP detected communities in 0.08397388458251953 [s]
solution properties:
-------------------  ----------
# communities        104
min community size    20
max community size    99
avg. community size   48.0673
modularity             0.710711
-------------------  ----------
104 community detected
NMI:0.0007093774559285837
ARM:0.001655413835885522
__glovexmax30alpha0.3__
Network Properties for:		G#176cc
nodes, edges			4999, 56245
directed?			False
weighted?			True
isolated nodes			0
self-loops			0
density				0.004502
clustering coefficient		0.313948
min/max/avg degree		1, 83, 22.502501
degree assortativity		0.392818
number of connected components	1
size of largest component	4999 (100.00 %)
tot:  33197.85897836203
__glovexmax30alpha0.3+Louvain__
PLM(balanced,pc,turbo) detected communities in 0.3982863426208496 [s]
solution properties:
-------------------  ----------
# communities         64
min community size    41
max community size   131
avg. community size   78.1094
modularity             0.711998
-------------------  ----------
104 community detected
NMI:0.04699589319270925
ARM:0.16981686100287463
__glovexmax30alpha0.3+PLP__
PLP detected communities in 0.0866231918334961 [s]
solution properties:
-------------------  ---------
# communities        104
min community size    20
max community size    99
avg. community size   48.0673
modularity             0.71194
-------------------  ---------
104 community detected
NMI:0.0007093774559288057
ARM:0.001655413835885522
