__LOADINGS__
4992/38469 12.976682523590425 % of nul weighted edges removed
1/5000 0.02 % of nul degree nodes removed
Network Properties for:		network
nodes, edges			4999, 33477
directed?			False
weighted?			True
isolated nodes			1
self-loops			0
density				0.002680
clustering coefficient		0.197407
min/max/avg degree		0, 204, 13.393479
degree assortativity		0.270690
number of connected components	1
size of largest component	4999 (100.00 %)
245127.99555277813
__Groundtruth__
read communities from: ../../lfr_5000/mk300/k15/muw0.4/24/community.dat
-------------------  ----------
# communities         40
min community size    89
max community size   180
avg. community size  125
modularity             0.492086
-------------------  ----------
40 community detected
__CLASSIC_METHODS__
__Louvain__
PLM(balanced,pc,turbo) detected communities in 0.4872291088104248 [s]
solution properties:
-------------------  ----------
# communities         22
min community size   108
max community size   385
avg. community size  227.227
modularity             0.504476
-------------------  ----------
40 community detected
NMI:0.2661804878446573
ARI:0.4660673171801337
__Singleton__
40 community detected
NMI:0.398282768741657
ARI:1.0
__AllInOne__
40 community detected
NMI:1.0
ARI:1.0
__PLP__
PLP detected communities in 0.12488913536071777 [s]
solution properties:
-------------------  ----------
# communities         45
min community size     1
max community size   205
avg. community size  111.111
modularity             0.501715
-------------------  ----------
40 community detected
NMI:0.1742866564612917
ARI:0.2264951544263918
__NORMALIZATION__
__glove__
Network Properties for:		G#21
nodes, edges			4999, 33477
directed?			False
weighted?			True
isolated nodes			1
self-loops			0
density				0.002680
clustering coefficient		0.197407
min/max/avg degree		0, 204, 13.393479
degree assortativity		0.270690
number of connected components	1
size of largest component	4999 (100.00 %)
tot:  3963.939050343743
__glove+Louvain__
PLM(balanced,pc,turbo) detected communities in 0.5933756828308105 [s]
solution properties:
-------------------  ----------
# communities         18
min community size   174
max community size   497
avg. community size  277.722
modularity             0.524547
-------------------  ----------
40 community detected
NMI:0.2784661483371572
ARI:0.5176728758721094
__glove+PLP__
PLP detected communities in 0.15169072151184082 [s]
solution properties:
-------------------  ---------
# communities         46
min community size     1
max community size   206
avg. community size  108.696
modularity             0.52927
-------------------  ---------
40 community detected
NMI:0.15158486601078736
ARI:0.19606158230399306
__fake_pmi__
Network Properties for:		G#30
nodes, edges			4999, 33477
directed?			False
weighted?			True
isolated nodes			1
self-loops			0
density				0.002680
clustering coefficient		0.197407
min/max/avg degree		0, 204, 13.393479
degree assortativity		0.270690
number of connected components	1
size of largest component	4999 (100.00 %)
tot:  0.0
__fake_pmi+Louvain__
1 community detected due to total edge weight equal 0
NMI:1
ARI:1
__fake_pmi+PLP__
1 community detected due to total edge weight equal 0
NMI:1
ARI:1
__iterative_rev_degree_order__
Network Properties for:		G#33
nodes, edges			4999, 33477
directed?			False
weighted?			True
isolated nodes			1
self-loops			0
density				0.002680
clustering coefficient		0.197407
min/max/avg degree		0, 204, 13.393479
degree assortativity		0.270690
number of connected components	1
size of largest component	4999 (100.00 %)
tot:  1408.8429785671183
__iterative_rev_degree_order+Louvain__
PLM(balanced,pc,turbo) detected communities in 0.8734889030456543 [s]
solution properties:
-------------------  ----------
# communities         88
min community size    22
max community size   118
avg. community size   56.8068
modularity             0.867405
-------------------  ----------
40 community detected
NMI:0.7451162361121006
ARI:0.954530161222404
__iterative_rev_degree_order+PLP__
PLP detected communities in 0.07840633392333984 [s]
solution properties:
-------------------  -----------
# communities        1583
min community size      1
max community size     10
avg. community size     3.15856
modularity              0.756764
-------------------  -----------
40 community detected
NMI:0.46332582673808487
ARI:0.9861133732679419
__pmi__
Network Properties for:		G#48
nodes, edges			4999, 33477
directed?			False
weighted?			True
isolated nodes			1
self-loops			0
density				0.002680
clustering coefficient		0.197407
min/max/avg degree		0, 204, 13.393479
degree assortativity		0.270690
number of connected components	1
size of largest component	4999 (100.00 %)
tot:  98775.29118985613
__pmi+Louvain__
PLM(balanced,pc,turbo) detected communities in 0.6912670135498047 [s]
solution properties:
-------------------  ----------
# communities         33
min community size     1
max community size   509
avg. community size  151.485
modularity             0.778948
-------------------  ----------
40 community detected
NMI:0.40695966619960133
ARI:0.6125596799038658
__pmi+PLP__
PLP detected communities in 0.19140100479125977 [s]
solution properties:
-------------------  ----------
# communities        352
min community size     1
max community size   213
avg. community size   14.2045
modularity             0.728403
-------------------  ----------
40 community detected
NMI:0.33076116347309314
ARI:0.5008579712068181
__standard__
Network Properties for:		G#60
nodes, edges			4999, 33477
directed?			False
weighted?			True
isolated nodes			1
self-loops			0
density				0.002680
clustering coefficient		0.197407
min/max/avg degree		0, 204, 13.393479
degree assortativity		0.270690
number of connected components	1
size of largest component	4999 (100.00 %)
tot:  27.01532069564013
__standard+Louvain__
PLM(balanced,pc,turbo) detected communities in 0.8413796424865723 [s]
solution properties:
-------------------  ----------
# communities         62
min community size    18
max community size   187
avg. community size   80.629
modularity             0.853863
-------------------  ----------
40 community detected
NMI:0.6674687734902771
ARI:0.8604553657373357
__standard+PLP__
PLP detected communities in 0.06916522979736328 [s]
solution properties:
-------------------  -----------
# communities        1369
min community size      1
max community size     24
avg. community size     3.6523
modularity              0.761217
-------------------  -----------
40 community detected
NMI:0.4667272829275738
ARI:0.9758374979077497
__ppmi__
Network Properties for:		G#75
nodes, edges			4999, 33477
directed?			False
weighted?			True
isolated nodes			1
self-loops			0
density				0.002680
clustering coefficient		0.197407
min/max/avg degree		0, 204, 13.393479
degree assortativity		0.270690
number of connected components	1
size of largest component	4999 (100.00 %)
tot:  143308.58253177674
__ppmi+Louvain__
PLM(balanced,pc,turbo) detected communities in 0.5918357372283936 [s]
solution properties:
-------------------  ----------
# communities         38
min community size    90
max community size   303
avg. community size  131.553
modularity             0.601123
-------------------  ----------
40 community detected
NMI:0.22369862462085988
ARI:0.32306714434300243
__ppmi+PLP__
PLP detected communities in 0.15709805488586426 [s]
solution properties:
-------------------  ----------
# communities        200
min community size     1
max community size   171
avg. community size   25
modularity             0.586508
-------------------  ----------
40 community detected
NMI:0.21844316976269307
ARI:0.3088652603507812
__glovexmax50alpha0.2__
Network Properties for:		G#87
nodes, edges			4999, 33477
directed?			False
weighted?			True
isolated nodes			1
self-loops			0
density				0.002680
clustering coefficient		0.197407
min/max/avg degree		0, 204, 13.393479
degree assortativity		0.270690
number of connected components	1
size of largest component	4999 (100.00 %)
tot:  17964.18236642499
__glovexmax50alpha0.2+Louvain__
PLM(balanced,pc,turbo) detected communities in 0.538644552230835 [s]
solution properties:
-------------------  ----------
# communities         26
min community size   124
max community size   319
avg. community size  192.269
modularity             0.567776
-------------------  ----------
40 community detected
NMI:0.14343628056628
ARI:0.30505870652674083
__glovexmax50alpha0.2+PLP__
PLP detected communities in 0.14513206481933594 [s]
solution properties:
-------------------  ----------
# communities         44
min community size     1
max community size   191
avg. community size  113.636
modularity             0.571882
-------------------  ----------
40 community detected
NMI:0.07313445918743067
ARI:0.09401357033157931
__glovexmax40alpha0.2__
Network Properties for:		G#96
nodes, edges			4999, 33477
directed?			False
weighted?			True
isolated nodes			1
self-loops			0
density				0.002680
clustering coefficient		0.197407
min/max/avg degree		0, 204, 13.393479
degree assortativity		0.270690
number of connected components	1
size of largest component	4999 (100.00 %)
tot:  18760.862129043482
__glovexmax40alpha0.2+Louvain__
PLM(balanced,pc,turbo) detected communities in 0.4669313430786133 [s]
solution properties:
-------------------  ----------
# communities         32
min community size   100
max community size   274
avg. community size  156.219
modularity             0.570596
-------------------  ----------
40 community detected
NMI:0.11147727247508465
ARI:0.20631427673238423
__glovexmax40alpha0.2+PLP__
PLP detected communities in 0.1333622932434082 [s]
solution properties:
-------------------  ----------
# communities         45
min community size     1
max community size   191
avg. community size  111.111
modularity             0.572037
-------------------  ----------
40 community detected
NMI:0.07327834720882243
ARI:0.09420302400284553
__glovexmax30alpha0.3__
Network Properties for:		G#105
nodes, edges			4999, 33477
directed?			False
weighted?			True
isolated nodes			1
self-loops			0
density				0.002680
clustering coefficient		0.197407
min/max/avg degree		0, 204, 13.393479
degree assortativity		0.270690
number of connected components	1
size of largest component	4999 (100.00 %)
tot:  16614.88626537595
__glovexmax30alpha0.3+Louvain__
PLM(balanced,pc,turbo) detected communities in 0.4654116630554199 [s]
solution properties:
-------------------  ----------
# communities         31
min community size    97
max community size   246
avg. community size  161.258
modularity             0.566878
-------------------  ----------
40 community detected
NMI:0.12838742548958082
ARI:0.23178376887540508
__glovexmax30alpha0.3+PLP__
PLP detected communities in 0.0687403678894043 [s]
solution properties:
-------------------  ----------
# communities         44
min community size     1
max community size   193
avg. community size  113.636
modularity             0.568571
-------------------  ----------
40 community detected
NMI:0.08931852519298822
ARI:0.11444753152382992
NMI classement:
[('NMIglovexmax50alpha0.2+PLP', 0.07313445918743067), ('NMIglovexmax40alpha0.2+PLP', 0.07327834720882243), ('NMIglovexmax30alpha0.3+PLP', 0.08931852519298822), ('NMIglovexmax40alpha0.2+Louvain', 0.11147727247508465), ('NMIglovexmax30alpha0.3+Louvain', 0.12838742548958082), ('NMIglovexmax50alpha0.2+Louvain', 0.14343628056628), ('NMIglove+PLP', 0.15158486601078736), ('NMIPLP', 0.1742866564612917), ('NMIppmi+PLP', 0.21844316976269307), ('NMIppmi+Louvain', 0.22369862462085988), ('NMILouvain', 0.2661804878446573), ('NMIglove+Louvain', 0.2784661483371572), ('NMIpmi+PLP', 0.33076116347309314), ('NMISingleton', 0.398282768741657), ('NMIpmi+Louvain', 0.40695966619960133), ('NMIiterative_rev_degree_order+PLP', 0.46332582673808487), ('NMIstandard+PLP', 0.4667272829275738), ('NMIstandard+Louvain', 0.6674687734902771), ('NMIiterative_rev_degree_order+Louvain', 0.7451162361121006), ('NMIAllInOne', 1.0), ('NMIfake_pmi+Louvain', 1), ('NMIfake_pmi+PLP', 1)]
ARI classement:
[('ARIglovexmax50alpha0.2+PLP', 0.09401357033157931), ('ARIglovexmax40alpha0.2+PLP', 0.09420302400284553), ('ARIglovexmax30alpha0.3+PLP', 0.11444753152382992), ('ARIglove+PLP', 0.19606158230399306), ('ARIglovexmax40alpha0.2+Louvain', 0.20631427673238423), ('ARIPLP', 0.2264951544263918), ('ARIglovexmax30alpha0.3+Louvain', 0.23178376887540508), ('ARIglovexmax50alpha0.2+Louvain', 0.30505870652674083), ('ARIppmi+PLP', 0.3088652603507812), ('ARIppmi+Louvain', 0.32306714434300243), ('ARILouvain', 0.4660673171801337), ('ARIpmi+PLP', 0.5008579712068181), ('ARIglove+Louvain', 0.5176728758721094), ('ARIpmi+Louvain', 0.6125596799038658), ('ARIstandard+Louvain', 0.8604553657373357), ('ARIiterative_rev_degree_order+Louvain', 0.954530161222404), ('ARIstandard+PLP', 0.9758374979077497), ('ARIiterative_rev_degree_order+PLP', 0.9861133732679419), ('ARISingleton', 1.0), ('ARIAllInOne', 1.0), ('ARIfake_pmi+Louvain', 1), ('ARIfake_pmi+PLP', 1)]
