__LOADINGS__
4988/46882 10.639477837976195 % of nul weighted edges removed
0/5000 0.0 % of nul degree nodes removed
Network Properties for:		network
nodes, edges			5000, 41894
directed?			False
weighted?			True
isolated nodes			0
self-loops			0
density				0.003352
clustering coefficient		0.300233
min/max/avg degree		2, 220, 16.757600
degree assortativity		0.209864
number of connected components	1
size of largest component	5000 (100.00 %)
315493.25764802744
__Groundtruth__
read communities from: ../../lfr_5000/mk300/k20/muw0.3/5/community.dat
-------------------  ----------
# communities         32
min community size   100
max community size   215
avg. community size  156.25
modularity             0.612028
-------------------  ----------
32 community detected
__CLASSIC_METHODS__
__Louvain__
PLM(balanced,pc,turbo) detected communities in 0.18706560134887695 [s]
solution properties:
-------------------  ----------
# communities         32
min community size   100
max community size   225
avg. community size  156.25
modularity             0.615684
-------------------  ----------
32 community detected
NMI:0.07733191116371707
ARI:0.0919007293303189
__Singleton__
32 community detected
NMI:0.42370093147868537
ARI:1.0
__AllInOne__
32 community detected
NMI:1.0
ARI:1.0
__PLP__
PLP detected communities in 0.13845491409301758 [s]
solution properties:
-------------------  ----------
# communities         32
min community size   100
max community size   225
avg. community size  156.25
modularity             0.615673
-------------------  ----------
32 community detected
NMI:0.0796366838000293
ARI:0.09521372255953964
__NORMALIZATION__
__glove__
Network Properties for:		G#18
nodes, edges			5000, 41894
directed?			False
weighted?			True
isolated nodes			0
self-loops			0
density				0.003352
clustering coefficient		0.300233
min/max/avg degree		2, 220, 16.757600
degree assortativity		0.209864
number of connected components	1
size of largest component	5000 (100.00 %)
tot:  5124.533187612409
__glove+Louvain__
PLM(balanced,pc,turbo) detected communities in 0.1839613914489746 [s]
solution properties:
-------------------  ----------
# communities         32
min community size   101
max community size   224
avg. community size  156.25
modularity             0.638303
-------------------  ----------
32 community detected
NMI:0.05774064715805505
ARI:0.06907271094463596
__glove+PLP__
PLP detected communities in 0.06316471099853516 [s]
solution properties:
-------------------  ----------
# communities         32
min community size   101
max community size   224
avg. community size  156.25
modularity             0.638299
-------------------  ----------
32 community detected
NMI:0.058853128664590804
ARI:0.07012482095355022
__fake_pmi__
Network Properties for:		G#24
nodes, edges			5000, 41894
directed?			False
weighted?			True
isolated nodes			0
self-loops			0
density				0.003352
clustering coefficient		0.300233
min/max/avg degree		2, 220, 16.757600
degree assortativity		0.209864
number of connected components	1
size of largest component	5000 (100.00 %)
tot:  0.0
__fake_pmi+Louvain__
1 community detected due to total edge weight equal 0
NMI:1
ARI:1
__fake_pmi+PLP__
1 community detected due to total edge weight equal 0
NMI:1
ARI:1
__iterative_rev_degree_order__
Network Properties for:		G#27
nodes, edges			5000, 41894
directed?			False
weighted?			True
isolated nodes			0
self-loops			0
density				0.003352
clustering coefficient		0.300233
min/max/avg degree		2, 220, 16.757600
degree assortativity		0.209864
number of connected components	1
size of largest component	5000 (100.00 %)
tot:  1503.597910135453
__iterative_rev_degree_order+Louvain__
PLM(balanced,pc,turbo) detected communities in 0.6701819896697998 [s]
solution properties:
-------------------  ----------
# communities         63
min community size    27
max community size   164
avg. community size   79.3651
modularity             0.855349
-------------------  ----------
32 community detected
NMI:0.7060259015895385
ARI:0.8948789564112795
__iterative_rev_degree_order+PLP__
PLP detected communities in 0.08888602256774902 [s]
solution properties:
-------------------  -----------
# communities        1563
min community size      2
max community size     12
avg. community size     3.19898
modularity              0.744033
-------------------  -----------
32 community detected
NMI:0.47137118508494213
ARI:0.9853719372035017
__pmi__
Network Properties for:		G#42
nodes, edges			5000, 41894
directed?			False
weighted?			True
isolated nodes			0
self-loops			0
density				0.003352
clustering coefficient		0.300233
min/max/avg degree		2, 220, 16.757600
degree assortativity		0.209864
number of connected components	1
size of largest component	5000 (100.00 %)
tot:  117937.31738414227
__pmi+Louvain__
PLM(balanced,pc,turbo) detected communities in 0.2786862850189209 [s]
solution properties:
-------------------  ----------
# communities         27
min community size   114
max community size   430
avg. community size  185.185
modularity             0.866406
-------------------  ----------
32 community detected
NMI:0.20593100902844863
ARI:0.35547673472677044
__pmi+PLP__
PLP detected communities in 0.20838236808776855 [s]
solution properties:
-------------------  ----------
# communities         74
min community size     1
max community size   243
avg. community size   67.5676
modularity             0.862784
-------------------  ----------
32 community detected
NMI:0.16877294770583795
ARI:0.225490775897078
__standard__
Network Properties for:		G#51
nodes, edges			5000, 41894
directed?			False
weighted?			True
isolated nodes			0
self-loops			0
density				0.003352
clustering coefficient		0.300233
min/max/avg degree		2, 220, 16.757600
degree assortativity		0.209864
number of connected components	1
size of largest component	5000 (100.00 %)
tot:  13.015612682698366
__standard+Louvain__
PLM(balanced,pc,turbo) detected communities in 0.5879340171813965 [s]
solution properties:
-------------------  ----------
# communities         42
min community size     2
max community size   344
avg. community size  119.048
modularity             0.805352
-------------------  ----------
32 community detected
NMI:0.4870079880314605
ARI:0.6276483546811624
__standard+PLP__
PLP detected communities in 0.11717557907104492 [s]
solution properties:
-------------------  -----------
# communities        1308
min community size      2
max community size     94
avg. community size     3.82263
modularity              0.651036
-------------------  -----------
32 community detected
NMI:0.4548940231498192
ARI:0.9325324699912908
__ppmi__
Network Properties for:		G#63
nodes, edges			5000, 41894
directed?			False
weighted?			True
isolated nodes			0
self-loops			0
density				0.003352
clustering coefficient		0.300233
min/max/avg degree		2, 220, 16.757600
degree assortativity		0.209864
number of connected components	1
size of largest component	5000 (100.00 %)
tot:  169792.56156598887
__ppmi+Louvain__
PLM(balanced,pc,turbo) detected communities in 0.4082801342010498 [s]
solution properties:
-------------------  ----------
# communities         27
min community size   104
max community size   415
avg. community size  185.185
modularity             0.686059
-------------------  ----------
32 community detected
NMI:0.07156118042934179
ARI:0.18164836554636432
__ppmi+PLP__
PLP detected communities in 0.13885116577148438 [s]
solution properties:
-------------------  ----------
# communities         47
min community size     1
max community size   208
avg. community size  106.383
modularity             0.683365
-------------------  ----------
32 community detected
NMI:0.04566882286183749
ARI:0.05793295748222205
__glovexmax50alpha0.2__
Network Properties for:		G#72
nodes, edges			5000, 41894
directed?			False
weighted?			True
isolated nodes			0
self-loops			0
density				0.003352
clustering coefficient		0.300233
min/max/avg degree		2, 220, 16.757600
degree assortativity		0.209864
number of connected components	1
size of largest component	5000 (100.00 %)
tot:  22756.67882291087
__glovexmax50alpha0.2+Louvain__
PLM(balanced,pc,turbo) detected communities in 0.4201242923736572 [s]
solution properties:
-------------------  ----------
# communities         29
min community size   121
max community size   247
avg. community size  172.414
modularity             0.673341
-------------------  ----------
32 community detected
NMI:0.022607576815635633
ARI:0.060532196312178765
__glovexmax50alpha0.2+PLP__
PLP detected communities in 0.09528565406799316 [s]
solution properties:
-------------------  ---------
# communities         32
min community size   100
max community size   215
avg. community size  156.25
modularity             0.67463
-------------------  ---------
32 community detected
NMI:0.008015783480821992
ARI:0.009487237116712177
__glovexmax40alpha0.2__
Network Properties for:		G#81
nodes, edges			5000, 41894
directed?			False
weighted?			True
isolated nodes			0
self-loops			0
density				0.003352
clustering coefficient		0.300233
min/max/avg degree		2, 220, 16.757600
degree assortativity		0.209864
number of connected components	1
size of largest component	5000 (100.00 %)
tot:  23769.39947063079
__glovexmax40alpha0.2+Louvain__
PLM(balanced,pc,turbo) detected communities in 0.18726086616516113 [s]
solution properties:
-------------------  ----------
# communities         32
min community size   100
max community size   215
avg. community size  156.25
modularity             0.674844
-------------------  ----------
32 community detected
NMI:0.008015783480821992
ARI:0.009487237116712177
__glovexmax40alpha0.2+PLP__
PLP detected communities in 0.05089163780212402 [s]
solution properties:
-------------------  ----------
# communities         32
min community size   100
max community size   215
avg. community size  156.25
modularity             0.674844
-------------------  ----------
32 community detected
NMI:0.00801578348082188
ARI:0.009487237116712177
__glovexmax30alpha0.3__
Network Properties for:		G#87
nodes, edges			5000, 41894
directed?			False
weighted?			True
isolated nodes			0
self-loops			0
density				0.003352
clustering coefficient		0.300233
min/max/avg degree		2, 220, 16.757600
degree assortativity		0.209864
number of connected components	1
size of largest component	5000 (100.00 %)
tot:  21163.098836317833
__glovexmax30alpha0.3+Louvain__
PLM(balanced,pc,turbo) detected communities in 0.17184734344482422 [s]
solution properties:
-------------------  ----------
# communities         32
min community size   101
max community size   216
avg. community size  156.25
modularity             0.672586
-------------------  ----------
32 community detected
NMI:0.013605632992645278
ARI:0.01582943707712081
__glovexmax30alpha0.3+PLP__
PLP detected communities in 0.09395503997802734 [s]
solution properties:
-------------------  ----------
# communities         32
min community size   101
max community size   216
avg. community size  156.25
modularity             0.672585
-------------------  ----------
32 community detected
NMI:0.013959314371604581
ARI:0.016251017614685503
NMI classement:
[('NMIglovexmax40alpha0.2+PLP', 0.00801578348082188), ('NMIglovexmax50alpha0.2+PLP', 0.008015783480821992), ('NMIglovexmax40alpha0.2+Louvain', 0.008015783480821992), ('NMIglovexmax30alpha0.3+Louvain', 0.013605632992645278), ('NMIglovexmax30alpha0.3+PLP', 0.013959314371604581), ('NMIglovexmax50alpha0.2+Louvain', 0.022607576815635633), ('NMIppmi+PLP', 0.04566882286183749), ('NMIglove+Louvain', 0.05774064715805505), ('NMIglove+PLP', 0.058853128664590804), ('NMIppmi+Louvain', 0.07156118042934179), ('NMILouvain', 0.07733191116371707), ('NMIPLP', 0.0796366838000293), ('NMIpmi+PLP', 0.16877294770583795), ('NMIpmi+Louvain', 0.20593100902844863), ('NMISingleton', 0.42370093147868537), ('NMIstandard+PLP', 0.4548940231498192), ('NMIiterative_rev_degree_order+PLP', 0.47137118508494213), ('NMIstandard+Louvain', 0.4870079880314605), ('NMIiterative_rev_degree_order+Louvain', 0.7060259015895385), ('NMIAllInOne', 1.0), ('NMIfake_pmi+Louvain', 1), ('NMIfake_pmi+PLP', 1)]
ARI classement:
[('ARIglovexmax50alpha0.2+PLP', 0.009487237116712177), ('ARIglovexmax40alpha0.2+Louvain', 0.009487237116712177), ('ARIglovexmax40alpha0.2+PLP', 0.009487237116712177), ('ARIglovexmax30alpha0.3+Louvain', 0.01582943707712081), ('ARIglovexmax30alpha0.3+PLP', 0.016251017614685503), ('ARIppmi+PLP', 0.05793295748222205), ('ARIglovexmax50alpha0.2+Louvain', 0.060532196312178765), ('ARIglove+Louvain', 0.06907271094463596), ('ARIglove+PLP', 0.07012482095355022), ('ARILouvain', 0.0919007293303189), ('ARIPLP', 0.09521372255953964), ('ARIppmi+Louvain', 0.18164836554636432), ('ARIpmi+PLP', 0.225490775897078), ('ARIpmi+Louvain', 0.35547673472677044), ('ARIstandard+Louvain', 0.6276483546811624), ('ARIiterative_rev_degree_order+Louvain', 0.8948789564112795), ('ARIstandard+PLP', 0.9325324699912908), ('ARIiterative_rev_degree_order+PLP', 0.9853719372035017), ('ARISingleton', 1.0), ('ARIAllInOne', 1.0), ('ARIfake_pmi+Louvain', 1), ('ARIfake_pmi+PLP', 1)]
