__LOADINGS__
4993/61370 8.135897018087013 % of nul weighted edges removed
0/5000 0.0 % of nul degree nodes removed
Network Properties for:		network
nodes, edges			5000, 56377
directed?			False
weighted?			True
isolated nodes			0
self-loops			0
density				0.004511
clustering coefficient		0.238915
min/max/avg degree		1, 346, 22.550800
degree assortativity		0.312479
number of connected components	1
size of largest component	5000 (100.00 %)
521145.34949742927
__Groundtruth__
read communities from: ../../lfr_5000/mk500/k25/muw0.4/11/community.dat
-------------------  ----------
# communities         45
min community size     6
max community size   473
avg. community size  111.111
modularity             0.451656
-------------------  ----------
45 community detected
__CLASSIC_METHODS__
__Louvain__
PLM(balanced,pc,turbo) detected communities in 0.40642714500427246 [s]
solution properties:
-------------------  ----------
# communities         21
min community size    52
max community size   474
avg. community size  238.095
modularity             0.457003
-------------------  ----------
45 community detected
NMI:0.1614998773206976
ARI:0.18391662932908515
__Singleton__
45 community detected
NMI:0.4614604625731926
ARI:1.0
__AllInOne__
45 community detected
NMI:1.0
ARI:1.0
__PLP__
PLP detected communities in 0.1971743106842041 [s]
solution properties:
-------------------  ----------
# communities         32
min community size     2
max community size   765
avg. community size  156.25
modularity             0.449288
-------------------  ----------
45 community detected
NMI:0.18874605437213254
ARI:0.28576397194298087
__NORMALIZATION__
__glove__
Network Properties for:		G#21
nodes, edges			5000, 56377
directed?			False
weighted?			True
isolated nodes			0
self-loops			0
density				0.004511
clustering coefficient		0.238915
min/max/avg degree		1, 346, 22.550800
degree assortativity		0.312479
number of connected components	1
size of largest component	5000 (100.00 %)
tot:  8043.002234928878
__glove+Louvain__
PLM(balanced,pc,turbo) detected communities in 0.3869192600250244 [s]
solution properties:
-------------------  ---------
# communities         22
min community size    67
max community size   457
avg. community size  227.273
modularity             0.48276
-------------------  ---------
45 community detected
NMI:0.11979065704124203
ARI:0.13808098574796646
__glove+PLP__
PLP detected communities in 0.16804766654968262 [s]
solution properties:
-------------------  ----------
# communities         41
min community size     3
max community size   474
avg. community size  121.951
modularity             0.482161
-------------------  ----------
45 community detected
NMI:0.10216981456001806
ARI:0.1334258728341956
__fake_pmi__
Network Properties for:		G#30
nodes, edges			5000, 56377
directed?			False
weighted?			True
isolated nodes			0
self-loops			0
density				0.004511
clustering coefficient		0.238915
min/max/avg degree		1, 346, 22.550800
degree assortativity		0.312479
number of connected components	1
size of largest component	5000 (100.00 %)
tot:  0.0
__fake_pmi+Louvain__
1 community detected due to total edge weight equal 0
NMI:1
ARI:1
__fake_pmi+PLP__
1 community detected due to total edge weight equal 0
NMI:1
ARI:1
__iterative_rev_degree_order__
Network Properties for:		G#33
nodes, edges			5000, 56377
directed?			False
weighted?			True
isolated nodes			0
self-loops			0
density				0.004511
clustering coefficient		0.238915
min/max/avg degree		1, 346, 22.550800
degree assortativity		0.312479
number of connected components	1
size of largest component	5000 (100.00 %)
tot:  1361.939837967122
__iterative_rev_degree_order+Louvain__
PLM(balanced,pc,turbo) detected communities in 0.8827774524688721 [s]
solution properties:
-------------------  ----------
# communities         65
min community size    22
max community size   149
avg. community size   76.9231
modularity             0.832447
-------------------  ----------
45 community detected
NMI:0.7883317123467257
ARI:0.972745257534219
__iterative_rev_degree_order+PLP__
PLP detected communities in 0.06162834167480469 [s]
solution properties:
-------------------  -----------
# communities        1531
min community size      2
max community size     12
avg. community size     3.26584
modularity              0.718272
-------------------  -----------
45 community detected
NMI:0.5392339906771694
ARI:0.9941977212153892
__pmi__
Network Properties for:		G#48
nodes, edges			5000, 56377
directed?			False
weighted?			True
isolated nodes			0
self-loops			0
density				0.004511
clustering coefficient		0.238915
min/max/avg degree		1, 346, 22.550800
degree assortativity		0.312479
number of connected components	1
size of largest component	5000 (100.00 %)
tot:  127581.94557328263
__pmi+Louvain__
PLM(balanced,pc,turbo) detected communities in 0.7232649326324463 [s]
solution properties:
-------------------  ----------
# communities         26
min community size    46
max community size   555
avg. community size  192.308
modularity             0.745308
-------------------  ----------
45 community detected
NMI:0.39271110724233627
ARI:0.5833571231849302
__pmi+PLP__
PLP detected communities in 0.233534574508667 [s]
solution properties:
-------------------  -----------
# communities         110
min community size      2
max community size   1914
avg. community size    45.4545
modularity              0.683138
-------------------  -----------
45 community detected
NMI:0.40581733050232827
ARI:0.7789338117571717
__standard__
Network Properties for:		G#60
nodes, edges			5000, 56377
directed?			False
weighted?			True
isolated nodes			0
self-loops			0
density				0.004511
clustering coefficient		0.238915
min/max/avg degree		1, 346, 22.550800
degree assortativity		0.312479
number of connected components	1
size of largest component	5000 (100.00 %)
tot:  13.353442862431047
__standard+Louvain__
PLM(balanced,pc,turbo) detected communities in 0.8612890243530273 [s]
solution properties:
-------------------  ----------
# communities         79
min community size     2
max community size   243
avg. community size   63.2911
modularity             0.827442
-------------------  ----------
45 community detected
NMI:0.7284179257716714
ARI:0.9356845192794231
__standard+PLP__
PLP detected communities in 0.23811984062194824 [s]
solution properties:
-------------------  -----------
# communities        1178
min community size      2
max community size     67
avg. community size     4.24448
modularity              0.694039
-------------------  -----------
45 community detected
NMI:0.5726247711954167
ARI:0.9878183341675677
__ppmi__
Network Properties for:		G#72
nodes, edges			5000, 56377
directed?			False
weighted?			True
isolated nodes			0
self-loops			0
density				0.004511
clustering coefficient		0.238915
min/max/avg degree		1, 346, 22.550800
degree assortativity		0.312479
number of connected components	1
size of largest component	5000 (100.00 %)
tot:  196856.27413942356
__ppmi+Louvain__
PLM(balanced,pc,turbo) detected communities in 0.4383697509765625 [s]
solution properties:
-------------------  ----------
# communities         31
min community size     7
max community size   431
avg. community size  161.29
modularity             0.564898
-------------------  ----------
45 community detected
NMI:0.1594637575106317
ARI:0.20266318793414062
__ppmi+PLP__
PLP detected communities in 0.12418055534362793 [s]
solution properties:
-------------------  -----------
# communities          65
min community size      1
max community size   1513
avg. community size    76.9231
modularity              0.521587
-------------------  -----------
45 community detected
NMI:0.21865412327451583
ARI:0.5609798711394146
__glovexmax50alpha0.2__
Network Properties for:		G#81
nodes, edges			5000, 56377
directed?			False
weighted?			True
isolated nodes			0
self-loops			0
density				0.004511
clustering coefficient		0.238915
min/max/avg degree		1, 346, 22.550800
degree assortativity		0.312479
number of connected components	1
size of largest component	5000 (100.00 %)
tot:  31755.873352172875
__glovexmax50alpha0.2+Louvain__
PLM(balanced,pc,turbo) detected communities in 0.3576815128326416 [s]
solution properties:
-------------------  ----------
# communities         22
min community size    80
max community size   465
avg. community size  227.273
modularity             0.531854
-------------------  ----------
45 community detected
NMI:0.04624427318265145
ARI:0.04168018629495962
__glovexmax50alpha0.2+PLP__
PLP detected communities in 0.09649372100830078 [s]
solution properties:
-------------------  ----------
# communities         42
min community size     6
max community size   476
avg. community size  119.048
modularity             0.531601
-------------------  ----------
45 community detected
NMI:0.01840221323505553
ARI:0.025322874101470494
__glovexmax40alpha0.2__
Network Properties for:		G#90
nodes, edges			5000, 56377
directed?			False
weighted?			True
isolated nodes			0
self-loops			0
density				0.004511
clustering coefficient		0.238915
min/max/avg degree		1, 346, 22.550800
degree assortativity		0.312479
number of connected components	1
size of largest component	5000 (100.00 %)
tot:  33148.792608596064
__glovexmax40alpha0.2+Louvain__
PLM(balanced,pc,turbo) detected communities in 0.338057279586792 [s]
solution properties:
-------------------  ----------
# communities         20
min community size   111
max community size   465
avg. community size  250
modularity             0.531993
-------------------  ----------
45 community detected
NMI:0.05500731316588281
ARI:0.05337167587018565
__glovexmax40alpha0.2+PLP__
PLP detected communities in 0.09704256057739258 [s]
solution properties:
-------------------  ---------
# communities         42
min community size     6
max community size   476
avg. community size  119.048
modularity             0.53203
-------------------  ---------
45 community detected
NMI:0.017474367777441935
ARI:0.02425979415298951
__glovexmax30alpha0.3__
Network Properties for:		G#99
nodes, edges			5000, 56377
directed?			False
weighted?			True
isolated nodes			0
self-loops			0
density				0.004511
clustering coefficient		0.238915
min/max/avg degree		1, 346, 22.550800
degree assortativity		0.312479
number of connected components	1
size of largest component	5000 (100.00 %)
tot:  29933.96284662349
__glovexmax30alpha0.3+Louvain__
PLM(balanced,pc,turbo) detected communities in 0.3050541877746582 [s]
solution properties:
-------------------  ---------
# communities         24
min community size    55
max community size   458
avg. community size  208.333
modularity             0.52721
-------------------  ---------
45 community detected
NMI:0.05189643206349803
ARI:0.053632716037990025
__glovexmax30alpha0.3+PLP__
PLP detected communities in 0.07271647453308105 [s]
solution properties:
-------------------  ----------
# communities         43
min community size     6
max community size   472
avg. community size  116.279
modularity             0.526958
-------------------  ----------
45 community detected
NMI:0.028316157629402983
ARI:0.0368278946620495
NMI classement:
[('NMIglovexmax40alpha0.2+PLP', 0.017474367777441935), ('NMIglovexmax50alpha0.2+PLP', 0.01840221323505553), ('NMIglovexmax30alpha0.3+PLP', 0.028316157629402983), ('NMIglovexmax50alpha0.2+Louvain', 0.04624427318265145), ('NMIglovexmax30alpha0.3+Louvain', 0.05189643206349803), ('NMIglovexmax40alpha0.2+Louvain', 0.05500731316588281), ('NMIglove+PLP', 0.10216981456001806), ('NMIglove+Louvain', 0.11979065704124203), ('NMIppmi+Louvain', 0.1594637575106317), ('NMILouvain', 0.1614998773206976), ('NMIPLP', 0.18874605437213254), ('NMIppmi+PLP', 0.21865412327451583), ('NMIpmi+Louvain', 0.39271110724233627), ('NMIpmi+PLP', 0.40581733050232827), ('NMISingleton', 0.4614604625731926), ('NMIiterative_rev_degree_order+PLP', 0.5392339906771694), ('NMIstandard+PLP', 0.5726247711954167), ('NMIstandard+Louvain', 0.7284179257716714), ('NMIiterative_rev_degree_order+Louvain', 0.7883317123467257), ('NMIAllInOne', 1.0), ('NMIfake_pmi+Louvain', 1), ('NMIfake_pmi+PLP', 1)]
ARI classement:
[('ARIglovexmax40alpha0.2+PLP', 0.02425979415298951), ('ARIglovexmax50alpha0.2+PLP', 0.025322874101470494), ('ARIglovexmax30alpha0.3+PLP', 0.0368278946620495), ('ARIglovexmax50alpha0.2+Louvain', 0.04168018629495962), ('ARIglovexmax40alpha0.2+Louvain', 0.05337167587018565), ('ARIglovexmax30alpha0.3+Louvain', 0.053632716037990025), ('ARIglove+PLP', 0.1334258728341956), ('ARIglove+Louvain', 0.13808098574796646), ('ARILouvain', 0.18391662932908515), ('ARIppmi+Louvain', 0.20266318793414062), ('ARIPLP', 0.28576397194298087), ('ARIppmi+PLP', 0.5609798711394146), ('ARIpmi+Louvain', 0.5833571231849302), ('ARIpmi+PLP', 0.7789338117571717), ('ARIstandard+Louvain', 0.9356845192794231), ('ARIiterative_rev_degree_order+Louvain', 0.972745257534219), ('ARIstandard+PLP', 0.9878183341675677), ('ARIiterative_rev_degree_order+PLP', 0.9941977212153892), ('ARISingleton', 1.0), ('ARIAllInOne', 1.0), ('ARIfake_pmi+Louvain', 1), ('ARIfake_pmi+PLP', 1)]
