__LOADINGS__
Network Properties for:		network
nodes, edges			5000, 56557
directed?			False
weighted?			True
isolated nodes			1
self-loops			0
density				0.004525
clustering coefficient		0.484024
min/max/avg degree		0, 390, 22.622800
degree assortativity		0.186473
number of connected components	2
size of largest component	4999 (99.98 %)
520486.57553039753
__Groundtruth__
read communities from: ../../lfr_5000/mk500/k25/muw0.2/7/community.dat
-------------------  ----------
# communities         45
min community size     6
max community size   473
avg. community size  111.111
modularity             0.649358
-------------------  ----------
45 community detected
__CLASSIC_METHODS__
__Louvain__
PLM(balanced,pc,turbo) detected communities in 0.5037052631378174 [s]
solution properties:
-------------------  ----------
# communities         28
min community size     1
max community size   479
avg. community size  178.571
modularity             0.651754
-------------------  ----------
45 community detected
NMI:0.04270599586776658
ARM:0.04209801798714696
__Singleton__
45 community detected
NMI:0.4611691217645686
ARM:1.0
__AllInOne__
45 community detected
NMI:1.0
ARM:1.0
__PLP__
PLP detected communities in 0.07529258728027344 [s]
solution properties:
-------------------  ----------
# communities         46
min community size     1
max community size   479
avg. community size  108.696
modularity             0.651644
-------------------  ----------
45 community detected
NMI:0.014155902244223473
ARM:0.018184014708491736
__NORMALIZATION__
__glove__
Network Properties for:		G#24cc
nodes, edges			4999, 56557
directed?			False
weighted?			True
isolated nodes			0
self-loops			0
density				0.004527
clustering coefficient		0.484121
min/max/avg degree		5, 390, 22.627325
degree assortativity		0.186473
number of connected components	1
size of largest component	4999 (100.00 %)
tot:  7672.675002855133
__glove+Louvain__
PLM(balanced,pc,turbo) detected communities in 0.23033380508422852 [s]
solution properties:
-------------------  ----------
# communities         33
min community size     6
max community size   476
avg. community size  151.485
modularity             0.690623
-------------------  ----------
45 community detected
NMI:0.023910088126389506
ARM:0.02216974001852845
__glove+PLP__
PLP detected communities in 0.07863473892211914 [s]
solution properties:
-------------------  ----------
# communities         45
min community size     6
max community size   477
avg. community size  111.089
modularity             0.690508
-------------------  ----------
45 community detected
NMI:0.009853540848230868
ARM:0.012316543632171717
__fake_pmi__
Network Properties for:		G#43cc
nodes, edges			4999, 56557
directed?			False
weighted?			True
isolated nodes			0
self-loops			0
density				0.004527
clustering coefficient		0.484121
min/max/avg degree		5, 390, 22.627325
degree assortativity		0.186473
number of connected components	1
size of largest component	4999 (100.00 %)
tot:  0.0
__fake_pmi+Louvain__
1 community detected due to total edge weight equal 0
NMI:1
ARM:0.012316543632171717
__fake_pmi+PLP__
1 community detected due to total edge weight equal 0
NMI:1
ARM:0.012316543632171717
__iterative_rev_degree_order__
Network Properties for:		G#56cc
nodes, edges			4999, 56557
directed?			False
weighted?			True
isolated nodes			0
self-loops			0
density				0.004527
clustering coefficient		0.484121
min/max/avg degree		5, 390, 22.627325
degree assortativity		0.186473
number of connected components	1
size of largest component	4999 (100.00 %)
tot:  1544.0182904671274
__iterative_rev_degree_order+Louvain__
PLM(balanced,pc,turbo) detected communities in 0.5239067077636719 [s]
solution properties:
-------------------  ----------
# communities         63
min community size     2
max community size   235
avg. community size   79.3492
modularity             0.865667
-------------------  ----------
45 community detected
NMI:0.6091670769740004
ARM:0.8549451698219718
__iterative_rev_degree_order+PLP__
PLP detected communities in 0.08619213104248047 [s]
solution properties:
-------------------  -----------
# communities        1486
min community size      2
max community size     13
avg. community size     3.36406
modularity              0.733174
-------------------  -----------
45 community detected
NMI:0.5011366819953085
ARM:0.9890909809925456
__pmi__
Network Properties for:		G#81cc
nodes, edges			4999, 56557
directed?			False
weighted?			True
isolated nodes			0
self-loops			0
density				0.004527
clustering coefficient		0.484121
min/max/avg degree		5, 390, 22.627325
degree assortativity		0.186473
number of connected components	1
size of largest component	4999 (100.00 %)
tot:  109510.88671241463
__pmi+Louvain__
PLM(balanced,pc,turbo) detected communities in 0.3004741668701172 [s]
solution properties:
-------------------  ----------
# communities          32
min community size      7
max community size   1071
avg. community size   156.219
modularity              1.20698
-------------------  ----------
45 community detected
NMI:0.17044213068309233
ARM:0.377657210610859
__pmi+PLP__
PLP detected communities in 0.1107170581817627 [s]
solution properties:
-------------------  ---------
# communities         51
min community size     2
max community size   791
avg. community size   98.0196
modularity             1.20395
-------------------  ---------
45 community detected
NMI:0.13082017835334203
ARM:0.25897623537912595
__standard__
Network Properties for:		G#100cc
nodes, edges			4999, 56557
directed?			False
weighted?			True
isolated nodes			0
self-loops			0
density				0.004527
clustering coefficient		0.484121
min/max/avg degree		5, 390, 22.627325
degree assortativity		0.186473
number of connected components	1
size of largest component	4999 (100.00 %)
tot:  12.31619670018919
__standard+Louvain__
PLM(balanced,pc,turbo) detected communities in 0.5172977447509766 [s]
solution properties:
-------------------  -----------
# communities          45
min community size      2
max community size   1240
avg. community size   111.089
modularity              0.913956
-------------------  -----------
45 community detected
NMI:0.412537770909019
ARM:0.675201847826274
__standard+PLP__
PLP detected communities in 0.07750105857849121 [s]
solution properties:
-------------------  ----------
# communities        763
min community size     1
max community size   207
avg. community size    6.55177
modularity             0.827674
-------------------  ----------
45 community detected
NMI:0.4208505066736039
ARM:0.7374215892046845
__ppmi__
Network Properties for:		G#122cc
nodes, edges			4999, 56557
directed?			False
weighted?			True
isolated nodes			0
self-loops			0
density				0.004527
clustering coefficient		0.484121
min/max/avg degree		5, 390, 22.627325
degree assortativity		0.186473
number of connected components	1
size of largest component	4999 (100.00 %)
tot:  190543.44768572418
__ppmi+Louvain__
PLM(balanced,pc,turbo) detected communities in 0.2652294635772705 [s]
solution properties:
-------------------  ----------
# communities         40
min community size     7
max community size   465
avg. community size  124.975
modularity             0.777216
-------------------  ----------
45 community detected
NMI:0.01884651448998631
ARM:0.020948003656312664
__ppmi+PLP__
PLP detected communities in 0.06849122047424316 [s]
solution properties:
-------------------  ----------
# communities         45
min community size     2
max community size   898
avg. community size  111.089
modularity             0.772783
-------------------  ----------
45 community detected
NMI:0.029799384611641222
ARM:0.14476568319374616
__glovexmax50alpha0.2__
Network Properties for:		G#141cc
nodes, edges			4999, 56557
directed?			False
weighted?			True
isolated nodes			0
self-loops			0
density				0.004527
clustering coefficient		0.484121
min/max/avg degree		5, 390, 22.627325
degree assortativity		0.186473
number of connected components	1
size of largest component	4999 (100.00 %)
tot:  30603.289608275132
__glovexmax50alpha0.2+Louvain__
PLM(balanced,pc,turbo) detected communities in 0.2488880157470703 [s]
solution properties:
-------------------  ---------
# communities         34
min community size     6
max community size   473
avg. community size  147.029
modularity             0.74442
-------------------  ---------
45 community detected
NMI:0.012139711239285589
ARM:0.008290552701012754
__glovexmax50alpha0.2+PLP__
PLP detected communities in 0.046983957290649414 [s]
solution properties:
-------------------  ----------
# communities         45
min community size     6
max community size   473
avg. community size  111.089
modularity             0.744299
-------------------  ----------
45 community detected
NMI:0.0
ARM:0.0
__glovexmax40alpha0.2__
Network Properties for:		G#160cc
nodes, edges			4999, 56557
directed?			False
weighted?			True
isolated nodes			0
self-loops			0
density				0.004527
clustering coefficient		0.484121
min/max/avg degree		5, 390, 22.627325
degree assortativity		0.186473
number of connected components	1
size of largest component	4999 (100.00 %)
tot:  31913.575881315206
__glovexmax40alpha0.2+Louvain__
PLM(balanced,pc,turbo) detected communities in 0.23459601402282715 [s]
solution properties:
-------------------  ----------
# communities         26
min community size     7
max community size   473
avg. community size  192.269
modularity             0.744888
-------------------  ----------
45 community detected
NMI:0.024274394286524226
ARM:0.018949436465664826
__glovexmax40alpha0.2+PLP__
PLP detected communities in 0.058722734451293945 [s]
solution properties:
-------------------  ----------
# communities         45
min community size     6
max community size   473
avg. community size  111.089
modularity             0.744891
-------------------  ----------
45 community detected
NMI:0.0
ARM:0.0
__glovexmax30alpha0.3__
Network Properties for:		G#179cc
nodes, edges			4999, 56557
directed?			False
weighted?			True
isolated nodes			0
self-loops			0
density				0.004527
clustering coefficient		0.484121
min/max/avg degree		5, 390, 22.627325
degree assortativity		0.186473
number of connected components	1
size of largest component	4999 (100.00 %)
tot:  28319.426315684
__glovexmax30alpha0.3+Louvain__
PLM(balanced,pc,turbo) detected communities in 0.25858569145202637 [s]
solution properties:
-------------------  ----------
# communities         24
min community size    48
max community size   474
avg. community size  208.292
modularity             0.742119
-------------------  ----------
45 community detected
NMI:0.027290966257364047
ARM:0.022712672430847958
__glovexmax30alpha0.3+PLP__
PLP detected communities in 0.03668928146362305 [s]
solution properties:
-------------------  ---------
# communities         45
min community size     6
max community size   474
avg. community size  111.089
modularity             0.74217
-------------------  ---------
45 community detected
NMI:0.000453123973539693
ARM:0.000683953690666983
