__LOADINGS__
Network Properties for:		network
nodes, edges			5000, 56245
directed?			False
weighted?			True
isolated nodes			1
self-loops			0
density				0.004501
clustering coefficient		0.313886
min/max/avg degree		0, 83, 22.498000
degree assortativity		0.392818
number of connected components	2
size of largest component	4999 (99.98 %)
337698.64591871476
__Groundtruth__
read communities from: ../../lfr_5000/mk100/k25/muw0.3/16/community.dat
-------------------  ----------
# communities        104
min community size    20
max community size    99
avg. community size   48.0769
modularity             0.708015
-------------------  ----------
104 community detected
__CLASSIC_METHODS__
__Louvain__
PLM(balanced,pc,turbo) detected communities in 0.5219771862030029 [s]
solution properties:
-------------------  ----------
# communities         58
min community size     1
max community size   161
avg. community size   86.2069
modularity             0.708693
-------------------  ----------
104 community detected
NMI:0.06253488938915253
ARM:0.2348636458675588
__Singleton__
104 community detected
NMI:0.3047814955401703
ARM:1.0
__AllInOne__
104 community detected
NMI:1.0
ARM:1.0
__PLP__
PLP detected communities in 0.060724735260009766 [s]
solution properties:
-------------------  ----------
# communities        105
min community size     1
max community size    99
avg. community size   47.619
modularity             0.708293
-------------------  ----------
104 community detected
NMI:0.0012911693779668054
ARM:0.002920082507265054
__NORMALIZATION__
__glove__
Network Properties for:		G#21cc
nodes, edges			4999, 56245
directed?			False
weighted?			True
isolated nodes			0
self-loops			0
density				0.004502
clustering coefficient		0.313948
min/max/avg degree		1, 83, 22.502501
degree assortativity		0.392818
number of connected components	1
size of largest component	4999 (100.00 %)
tot:  6601.456418691188
__glove+Louvain__
PLM(balanced,pc,turbo) detected communities in 0.5692892074584961 [s]
solution properties:
-------------------  ---------
# communities         62
min community size    41
max community size   138
avg. community size   80.629
modularity             0.71133
-------------------  ---------
104 community detected
NMI:0.05166520403868635
ARM:0.18910346650424914
__glove+PLP__
PLP detected communities in 0.0401310920715332 [s]
solution properties:
-------------------  ----------
# communities        104
min community size    20
max community size    99
avg. community size   48.0673
modularity             0.710965
-------------------  ----------
104 community detected
NMI:0.0011757316955851582
ARM:0.002674745969428516
__fake_pmi__
Network Properties for:		G#40cc
nodes, edges			4999, 56245
directed?			False
weighted?			True
isolated nodes			0
self-loops			0
density				0.004502
clustering coefficient		0.313948
min/max/avg degree		1, 83, 22.502501
degree assortativity		0.392818
number of connected components	1
size of largest component	4999 (100.00 %)
tot:  0.0
__fake_pmi+Louvain__
1 community detected due to total edge weight equal 0
NMI:1
ARM:0.002674745969428516
__fake_pmi+PLP__
1 community detected due to total edge weight equal 0
NMI:1
ARM:0.002674745969428516
__iterative_rev_degree_order__
Network Properties for:		G#53cc
nodes, edges			4999, 56245
directed?			False
weighted?			True
isolated nodes			0
self-loops			0
density				0.004502
clustering coefficient		0.313948
min/max/avg degree		1, 83, 22.502501
degree assortativity		0.392818
number of connected components	1
size of largest component	4999 (100.00 %)
tot:  1099.1840954784568
__iterative_rev_degree_order+Louvain__
PLM(balanced,pc,turbo) detected communities in 0.6627101898193359 [s]
solution properties:
-------------------  ----------
# communities         61
min community size    29
max community size   133
avg. community size   81.9508
modularity             0.733444
-------------------  ----------
104 community detected
NMI:0.510769949755587
ARM:0.8336658416739446
__iterative_rev_degree_order+PLP__
PLP detected communities in 0.06634283065795898 [s]
solution properties:
-------------------  -----------
# communities        1061
min community size      2
max community size     19
avg. community size     4.71159
modularity              0.602608
-------------------  -----------
104 community detected
NMI:0.33189271544832055
ARM:0.925022239166349
__pmi__
Network Properties for:		G#78cc
nodes, edges			4999, 56245
directed?			False
weighted?			True
isolated nodes			0
self-loops			0
density				0.004502
clustering coefficient		0.313948
min/max/avg degree		1, 83, 22.502501
degree assortativity		0.392818
number of connected components	1
size of largest component	4999 (100.00 %)
tot:  334631.00700765784
__pmi+Louvain__
PLM(balanced,pc,turbo) detected communities in 0.4385654926300049 [s]
solution properties:
-------------------  ----------
# communities         60
min community size    51
max community size   125
avg. community size   83.3167
modularity             0.714527
-------------------  ----------
104 community detected
NMI:0.054552617871231
ARM:0.19956582855329086
__pmi+PLP__
PLP detected communities in 0.12868237495422363 [s]
solution properties:
-------------------  ----------
# communities        100
min community size    20
max community size   191
avg. community size   49.99
modularity             0.715038
-------------------  ----------
104 community detected
NMI:0.0073002330363878265
ARM:0.04964192163141712
__standard__
Network Properties for:		G#97cc
nodes, edges			4999, 56245
directed?			False
weighted?			True
isolated nodes			0
self-loops			0
density				0.004502
clustering coefficient		0.313948
min/max/avg degree		1, 83, 22.502501
degree assortativity		0.392818
number of connected components	1
size of largest component	4999 (100.00 %)
tot:  17.52851769592785
__standard+Louvain__
PLM(balanced,pc,turbo) detected communities in 0.623028039932251 [s]
solution properties:
-------------------  ----------
# communities         45
min community size    46
max community size   251
avg. community size  111.089
modularity             0.715955
-------------------  ----------
104 community detected
NMI:0.1476264365260076
ARM:0.4546647845135524
__standard+PLP__
PLP detected communities in 0.09652304649353027 [s]
solution properties:
-------------------  ----------
# communities        162
min community size     2
max community size   173
avg. community size   30.858
modularity             0.706806
-------------------  ----------
104 community detected
NMI:0.058164661175689525
ARM:0.14180395270366064
__ppmi__
Network Properties for:		G#119cc
nodes, edges			4999, 56245
directed?			False
weighted?			True
isolated nodes			0
self-loops			0
density				0.004502
clustering coefficient		0.313948
min/max/avg degree		1, 83, 22.502501
degree assortativity		0.392818
number of connected components	1
size of largest component	4999 (100.00 %)
tot:  336391.6757769469
__ppmi+Louvain__
PLM(balanced,pc,turbo) detected communities in 0.40632009506225586 [s]
solution properties:
-------------------  ---------
# communities         73
min community size    39
max community size   108
avg. community size   68.4795
modularity             0.71386
-------------------  ---------
104 community detected
NMI:0.032250212836340886
ARM:0.11091649873501952
__ppmi+PLP__
PLP detected communities in 0.08004641532897949 [s]
solution properties:
-------------------  ----------
# communities        101
min community size    12
max community size   191
avg. community size   49.495
modularity             0.712084
-------------------  ----------
104 community detected
NMI:0.0076439500912701686
ARM:0.050402712445891784
__glovexmax50alpha0.2__
Network Properties for:		G#138cc
nodes, edges			4999, 56245
directed?			False
weighted?			True
isolated nodes			0
self-loops			0
density				0.004502
clustering coefficient		0.313948
min/max/avg degree		1, 83, 22.502501
degree assortativity		0.392818
number of connected components	1
size of largest component	4999 (100.00 %)
tot:  35493.75621104696
__glovexmax50alpha0.2+Louvain__
PLM(balanced,pc,turbo) detected communities in 0.4438185691833496 [s]
solution properties:
-------------------  ----------
# communities         52
min community size    62
max community size   146
avg. community size   96.1346
modularity             0.709281
-------------------  ----------
104 community detected
NMI:0.0734379178958029
ARM:0.2773047988891484
__glovexmax50alpha0.2+PLP__
PLP detected communities in 0.08774447441101074 [s]
solution properties:
-------------------  ----------
# communities        104
min community size    20
max community size    99
avg. community size   48.0673
modularity             0.710711
-------------------  ----------
104 community detected
NMI:0.0007093774559288057
ARM:0.001655413835885522
__glovexmax40alpha0.2__
Network Properties for:		G#157cc
nodes, edges			4999, 56245
directed?			False
weighted?			True
isolated nodes			0
self-loops			0
density				0.004502
clustering coefficient		0.313948
min/max/avg degree		1, 83, 22.502501
degree assortativity		0.392818
number of connected components	1
size of largest component	4999 (100.00 %)
tot:  37113.67536430306
__glovexmax40alpha0.2+Louvain__
PLM(balanced,pc,turbo) detected communities in 0.37683558464050293 [s]
solution properties:
-------------------  ----------
# communities         62
min community size    51
max community size   112
avg. community size   80.629
modularity             0.710485
-------------------  ----------
104 community detected
NMI:0.05005710835705268
ARM:0.1793355962125326
__glovexmax40alpha0.2+PLP__
PLP detected communities in 0.07413625717163086 [s]
solution properties:
-------------------  ----------
# communities        104
min community size    20
max community size    99
avg. community size   48.0673
modularity             0.710711
-------------------  ----------
104 community detected
NMI:0.0007093774559288057
ARM:0.001655413835885522
__glovexmax30alpha0.3__
Network Properties for:		G#176cc
nodes, edges			4999, 56245
directed?			False
weighted?			True
isolated nodes			0
self-loops			0
density				0.004502
clustering coefficient		0.313948
min/max/avg degree		1, 83, 22.502501
degree assortativity		0.392818
number of connected components	1
size of largest component	4999 (100.00 %)
tot:  33197.85897836203
__glovexmax30alpha0.3+Louvain__
PLM(balanced,pc,turbo) detected communities in 0.277754545211792 [s]
solution properties:
-------------------  ----------
# communities         52
min community size    62
max community size   168
avg. community size   96.1346
modularity             0.710892
-------------------  ----------
104 community detected
NMI:0.07279112188605641
ARM:0.2729244225973181
__glovexmax30alpha0.3+PLP__
PLP detected communities in 0.04226398468017578 [s]
solution properties:
-------------------  ---------
# communities        104
min community size    20
max community size    99
avg. community size   48.0673
modularity             0.71194
-------------------  ---------
104 community detected
NMI:0.0007093774559286947
ARM:0.001655413835885522
