__LOADINGS__
Network Properties for:		network
nodes, edges			5000, 56252
directed?			False
weighted?			True
isolated nodes			0
self-loops			0
density				0.004501
clustering coefficient		0.447707
min/max/avg degree		2, 87, 22.500800
degree assortativity		0.409931
number of connected components	1
size of largest component	5000 (100.00 %)
337213.31007433764
__Groundtruth__
read communities from: ../../lfr_5000/mk100/k25/muw0.2/33/community.dat
-------------------  ----------
# communities        104
min community size    20
max community size    99
avg. community size   48.0769
modularity             0.817437
-------------------  ----------
104 community detected
__CLASSIC_METHODS__
__Louvain__
PLM(balanced,pc,turbo) detected communities in 0.5365347862243652 [s]
solution properties:
-------------------  ----------
# communities         66
min community size    43
max community size   122
avg. community size   75.7576
modularity             0.817698
-------------------  ----------
104 community detected
NMI:0.043332811638651214
ARM:0.15642111911529
__Singleton__
104 community detected
NMI:0.30478149554017087
ARM:1.0
__AllInOne__
104 community detected
NMI:1.0
ARM:1.0
__PLP__
PLP detected communities in 0.11145639419555664 [s]
solution properties:
-------------------  ----------
# communities        104
min community size    20
max community size   101
avg. community size   48.0769
modularity             0.817479
-------------------  ----------
104 community detected
NMI:0.0004849823870245462
ARM:0.0012679256946371842
__NORMALIZATION__
__glove__
Network Properties for:		G#21cc
nodes, edges			5000, 56252
directed?			False
weighted?			True
isolated nodes			0
self-loops			0
density				0.004501
clustering coefficient		0.447707
min/max/avg degree		2, 87, 22.500800
degree assortativity		0.409931
number of connected components	1
size of largest component	5000 (100.00 %)
tot:  6589.782112459165
__glove+Louvain__
PLM(balanced,pc,turbo) detected communities in 0.4108729362487793 [s]
solution properties:
-------------------  ----------
# communities         59
min community size    52
max community size   143
avg. community size   84.7458
modularity             0.819009
-------------------  ----------
104 community detected
NMI:0.057061500257099995
ARM:0.21379586635915215
__glove+PLP__
PLP detected communities in 0.0898585319519043 [s]
solution properties:
-------------------  ----------
# communities        104
min community size    20
max community size   101
avg. community size   48.0769
modularity             0.819364
-------------------  ----------
104 community detected
NMI:0.0004849823870245462
ARM:0.0012679256946371842
__fake_pmi__
Network Properties for:		G#40cc
nodes, edges			5000, 56252
directed?			False
weighted?			True
isolated nodes			0
self-loops			0
density				0.004501
clustering coefficient		0.447707
min/max/avg degree		2, 87, 22.500800
degree assortativity		0.409931
number of connected components	1
size of largest component	5000 (100.00 %)
tot:  0.0
__fake_pmi+Louvain__
1 community detected due to total edge weight equal 0
NMI:1
ARM:0.0012679256946371842
__fake_pmi+PLP__
1 community detected due to total edge weight equal 0
NMI:1
ARM:0.0012679256946371842
__iterative_rev_degree_order__
Network Properties for:		G#53cc
nodes, edges			5000, 56252
directed?			False
weighted?			True
isolated nodes			0
self-loops			0
density				0.004501
clustering coefficient		0.447707
min/max/avg degree		2, 87, 22.500800
degree assortativity		0.409931
number of connected components	1
size of largest component	5000 (100.00 %)
tot:  1155.7024762138512
__iterative_rev_degree_order+Louvain__
PLM(balanced,pc,turbo) detected communities in 0.8381342887878418 [s]
solution properties:
-------------------  ----------
# communities         39
min community size    66
max community size   217
avg. community size  128.205
modularity             0.786204
-------------------  ----------
104 community detected
NMI:0.4246809767735593
ARM:0.7602932358132818
__iterative_rev_degree_order+PLP__
PLP detected communities in 0.09004712104797363 [s]
solution properties:
-------------------  -----------
# communities        1078
min community size      2
max community size     33
avg. community size     4.63822
modularity              0.620672
-------------------  -----------
104 community detected
NMI:0.2983610506276624
ARM:0.8968084703625648
__pmi__
Network Properties for:		G#78cc
nodes, edges			5000, 56252
directed?			False
weighted?			True
isolated nodes			0
self-loops			0
density				0.004501
clustering coefficient		0.447707
min/max/avg degree		2, 87, 22.500800
degree assortativity		0.409931
number of connected components	1
size of largest component	5000 (100.00 %)
tot:  335514.76424942346
__pmi+Louvain__
PLM(balanced,pc,turbo) detected communities in 0.4428746700286865 [s]
solution properties:
-------------------  ----------
# communities         79
min community size    31
max community size   109
avg. community size   63.2911
modularity             0.821174
-------------------  ----------
104 community detected
NMI:0.023457098651743058
ARM:0.0770415874408854
__pmi+PLP__
PLP detected communities in 0.08132004737854004 [s]
solution properties:
-------------------  ---------
# communities        101
min community size    20
max community size   113
avg. community size   49.505
modularity             0.82107
-------------------  ---------
104 community detected
NMI:0.00367059904473499
ARM:0.01693766937669372
__standard__
Network Properties for:		G#97cc
nodes, edges			5000, 56252
directed?			False
weighted?			True
isolated nodes			0
self-loops			0
density				0.004501
clustering coefficient		0.447707
min/max/avg degree		2, 87, 22.500800
degree assortativity		0.409931
number of connected components	1
size of largest component	5000 (100.00 %)
tot:  18.340756248022466
__standard+Louvain__
PLM(balanced,pc,turbo) detected communities in 0.5292618274688721 [s]
solution properties:
-------------------  ----------
# communities         80
min community size    21
max community size   254
avg. community size   62.5
modularity             0.825375
-------------------  ----------
104 community detected
NMI:0.08161368854823614
ARM:0.29833618938643225
__standard+PLP__
PLP detected communities in 0.13979029655456543 [s]
solution properties:
-------------------  ----------
# communities        160
min community size     1
max community size    95
avg. community size   31.25
modularity             0.817308
-------------------  ----------
104 community detected
NMI:0.043935340800823064
ARM:0.09068255208717324
__ppmi__
Network Properties for:		G#119cc
nodes, edges			5000, 56252
directed?			False
weighted?			True
isolated nodes			0
self-loops			0
density				0.004501
clustering coefficient		0.447707
min/max/avg degree		2, 87, 22.500800
degree assortativity		0.409931
number of connected components	1
size of largest component	5000 (100.00 %)
tot:  336462.75511678885
__ppmi+Louvain__
PLM(balanced,pc,turbo) detected communities in 0.3524153232574463 [s]
solution properties:
-------------------  ----------
# communities         87
min community size    22
max community size   109
avg. community size   57.4713
modularity             0.820273
-------------------  ----------
104 community detected
NMI:0.0147662727679031
ARM:0.04742718658134759
__ppmi+PLP__
PLP detected communities in 0.11580538749694824 [s]
solution properties:
-------------------  ----------
# communities        104
min community size     1
max community size   109
avg. community size   48.0769
modularity             0.820093
-------------------  ----------
104 community detected
NMI:0.0017579031205505746
ARM:0.009035325613335421
__glovexmax50alpha0.2__
Network Properties for:		G#138cc
nodes, edges			5000, 56252
directed?			False
weighted?			True
isolated nodes			0
self-loops			0
density				0.004501
clustering coefficient		0.447707
min/max/avg degree		2, 87, 22.500800
degree assortativity		0.409931
number of connected components	1
size of largest component	5000 (100.00 %)
tot:  35506.4123400506
__glovexmax50alpha0.2+Louvain__
PLM(balanced,pc,turbo) detected communities in 0.31905436515808105 [s]
solution properties:
-------------------  ----------
# communities         56
min community size    59
max community size   139
avg. community size   89.2857
modularity             0.815965
-------------------  ----------
104 community detected
NMI:0.06276968130806349
ARM:0.23263252002032608
__glovexmax50alpha0.2+PLP__
PLP detected communities in 0.08430123329162598 [s]
solution properties:
-------------------  ---------
# communities        104
min community size    20
max community size   101
avg. community size   48.0769
modularity             0.81742
-------------------  ---------
104 community detected
NMI:0.0004849823870245462
ARM:0.0012679256946371842
__glovexmax40alpha0.2__
Network Properties for:		G#157cc
nodes, edges			5000, 56252
directed?			False
weighted?			True
isolated nodes			0
self-loops			0
density				0.004501
clustering coefficient		0.447707
min/max/avg degree		2, 87, 22.500800
degree assortativity		0.409931
number of connected components	1
size of largest component	5000 (100.00 %)
tot:  37126.90911337224
__glovexmax40alpha0.2+Louvain__
PLM(balanced,pc,turbo) detected communities in 0.22459864616394043 [s]
solution properties:
-------------------  ----------
# communities         56
min community size    59
max community size   136
avg. community size   89.2857
modularity             0.816043
-------------------  ----------
104 community detected
NMI:0.06278499891027634
ARM:0.23262626427317534
__glovexmax40alpha0.2+PLP__
PLP detected communities in 0.061430931091308594 [s]
solution properties:
-------------------  ---------
# communities        104
min community size    20
max community size   101
avg. community size   48.0769
modularity             0.81742
-------------------  ---------
104 community detected
NMI:0.0004849823870245462
ARM:0.0012679256946371842
__glovexmax30alpha0.3__
Network Properties for:		G#176cc
nodes, edges			5000, 56252
directed?			False
weighted?			True
isolated nodes			0
self-loops			0
density				0.004501
clustering coefficient		0.447707
min/max/avg degree		2, 87, 22.500800
degree assortativity		0.409931
number of connected components	1
size of largest component	5000 (100.00 %)
tot:  33191.21641282592
__glovexmax30alpha0.3+Louvain__
PLM(balanced,pc,turbo) detected communities in 0.3081696033477783 [s]
solution properties:
-------------------  ----------
# communities         76
min community size    32
max community size   101
avg. community size   65.7895
modularity             0.819169
-------------------  ----------
104 community detected
NMI:0.027452974694663568
ARM:0.09079488790042434
__glovexmax30alpha0.3+PLP__
PLP detected communities in 0.033400774002075195 [s]
solution properties:
-------------------  ---------
# communities        104
min community size    20
max community size   101
avg. community size   48.0769
modularity             0.81898
-------------------  ---------
104 community detected
NMI:0.00048498238702476826
ARM:0.0012679256946371842
