__LOADINGS__
4993/38801 12.868225045746243 % of nul weighted edges removed
0/5000 0.0 % of nul degree nodes removed
Network Properties for:		network
nodes, edges			5000, 33808
directed?			False
weighted?			True
isolated nodes			0
self-loops			0
density				0.002705
clustering coefficient		0.292150
min/max/avg degree		1, 217, 13.523200
degree assortativity		0.183008
number of connected components	1
size of largest component	5000 (100.00 %)
250726.48647717867
__Groundtruth__
read communities from: ../../lfr_5000/mk300/k15/muw0.3/17/community.dat
-------------------  ----------
# communities         32
min community size   100
max community size   215
avg. community size  156.25
modularity             0.588183
-------------------  ----------
32 community detected
__CLASSIC_METHODS__
__Louvain__
PLM(balanced,pc,turbo) detected communities in 0.42459583282470703 [s]
solution properties:
-------------------  ----------
# communities         30
min community size    92
max community size   326
avg. community size  166.667
modularity             0.595093
-------------------  ----------
32 community detected
NMI:0.12493979273199252
ARI:0.1763910746982572
__Singleton__
32 community detected
NMI:0.42370093147868315
ARI:1.0
__AllInOne__
32 community detected
NMI:1.0
ARI:1.0
__PLP__
PLP detected communities in 0.14876461029052734 [s]
solution properties:
-------------------  ----------
# communities         34
min community size     2
max community size   233
avg. community size  147.059
modularity             0.594546
-------------------  ----------
32 community detected
NMI:0.11555328669154186
ARI:0.13618860370708052
__NORMALIZATION__
__glove__
Network Properties for:		G#21
nodes, edges			5000, 33808
directed?			False
weighted?			True
isolated nodes			0
self-loops			0
density				0.002705
clustering coefficient		0.292150
min/max/avg degree		1, 217, 13.523200
degree assortativity		0.183008
number of connected components	1
size of largest component	5000 (100.00 %)
tot:  3966.619593052101
__glove+Louvain__
PLM(balanced,pc,turbo) detected communities in 0.3687593936920166 [s]
solution properties:
-------------------  ---------
# communities         24
min community size   127
max community size   354
avg. community size  208.333
modularity             0.62115
-------------------  ---------
32 community detected
NMI:0.14139367834989003
ARI:0.2514341934326606
__glove+PLP__
PLP detected communities in 0.08065414428710938 [s]
solution properties:
-------------------  ----------
# communities         34
min community size     2
max community size   229
avg. community size  147.059
modularity             0.623482
-------------------  ----------
32 community detected
NMI:0.09695163890898217
ARI:0.11279656429687579
__fake_pmi__
Network Properties for:		G#30
nodes, edges			5000, 33808
directed?			False
weighted?			True
isolated nodes			0
self-loops			0
density				0.002705
clustering coefficient		0.292150
min/max/avg degree		1, 217, 13.523200
degree assortativity		0.183008
number of connected components	1
size of largest component	5000 (100.00 %)
tot:  0.0
__fake_pmi+Louvain__
1 community detected due to total edge weight equal 0
NMI:1
ARI:1
__fake_pmi+PLP__
1 community detected due to total edge weight equal 0
NMI:1
ARI:1
__iterative_rev_degree_order__
Network Properties for:		G#33
nodes, edges			5000, 33808
directed?			False
weighted?			True
isolated nodes			0
self-loops			0
density				0.002705
clustering coefficient		0.292150
min/max/avg degree		1, 217, 13.523200
degree assortativity		0.183008
number of connected components	1
size of largest component	5000 (100.00 %)
tot:  1484.2692169428233
__iterative_rev_degree_order+Louvain__
PLM(balanced,pc,turbo) detected communities in 0.6783373355865479 [s]
solution properties:
-------------------  ----------
# communities         86
min community size     2
max community size   132
avg. community size   58.1395
modularity             0.883962
-------------------  ----------
32 community detected
NMI:0.6782593125185259
ARI:0.901262255033461
__iterative_rev_degree_order+PLP__
PLP detected communities in 0.07333660125732422 [s]
solution properties:
-------------------  -----------
# communities        1514
min community size      2
max community size     16
avg. community size     3.30251
modularity              0.780894
-------------------  -----------
32 community detected
NMI:0.46444927429231553
ARI:0.9812418372453525
__pmi__
Network Properties for:		G#48
nodes, edges			5000, 33808
directed?			False
weighted?			True
isolated nodes			0
self-loops			0
density				0.002705
clustering coefficient		0.292150
min/max/avg degree		1, 217, 13.523200
degree assortativity		0.183008
number of connected components	1
size of largest component	5000 (100.00 %)
tot:  72523.98511975973
__pmi+Louvain__
PLM(balanced,pc,turbo) detected communities in 0.6363341808319092 [s]
solution properties:
-------------------  ---------
# communities         27
min community size     2
max community size   485
avg. community size  185.185
modularity             1.08222
-------------------  ---------
32 community detected
NMI:0.3426640667238514
ARI:0.5077037055906528
__pmi+PLP__
PLP detected communities in 0.18661022186279297 [s]
solution properties:
-------------------  ---------
# communities        287
min community size     1
max community size   244
avg. community size   17.4216
modularity             1.02312
-------------------  ---------
32 community detected
NMI:0.2776520424286931
ARI:0.3917583882060447
__standard__
Network Properties for:		G#60
nodes, edges			5000, 33808
directed?			False
weighted?			True
isolated nodes			0
self-loops			0
density				0.002705
clustering coefficient		0.292150
min/max/avg degree		1, 217, 13.523200
degree assortativity		0.183008
number of connected components	1
size of largest component	5000 (100.00 %)
tot:  18.113349165934977
__standard+Louvain__
PLM(balanced,pc,turbo) detected communities in 0.778810977935791 [s]
solution properties:
-------------------  ----------
# communities         54
min community size     2
max community size   207
avg. community size   92.5926
modularity             0.855111
-------------------  ----------
32 community detected
NMI:0.49574408757957644
ARI:0.6435605420850089
__standard+PLP__
PLP detected communities in 0.12234354019165039 [s]
solution properties:
-------------------  -----------
# communities        1243
min community size      2
max community size     69
avg. community size     4.02253
modularity              0.739943
-------------------  -----------
32 community detected
NMI:0.44701868206748685
ARI:0.9329988902064881
__ppmi__
Network Properties for:		G#75
nodes, edges			5000, 33808
directed?			False
weighted?			True
isolated nodes			0
self-loops			0
density				0.002705
clustering coefficient		0.292150
min/max/avg degree		1, 217, 13.523200
degree assortativity		0.183008
number of connected components	1
size of largest component	5000 (100.00 %)
tot:  132341.00002269362
__ppmi+Louvain__
PLM(balanced,pc,turbo) detected communities in 0.590874195098877 [s]
solution properties:
-------------------  ---------
# communities         32
min community size   102
max community size   212
avg. community size  156.25
modularity             0.69129
-------------------  ---------
32 community detected
NMI:0.124576468134178
ARI:0.15253143814176262
__ppmi+PLP__
PLP detected communities in 0.15845704078674316 [s]
solution properties:
-------------------  ----------
# communities        107
min community size     2
max community size   210
avg. community size   46.729
modularity             0.683723
-------------------  ----------
32 community detected
NMI:0.12694727654675697
ARI:0.1571739773839267
__glovexmax50alpha0.2__
Network Properties for:		G#87
nodes, edges			5000, 33808
directed?			False
weighted?			True
isolated nodes			0
self-loops			0
density				0.002705
clustering coefficient		0.292150
min/max/avg degree		1, 217, 13.523200
degree assortativity		0.183008
number of connected components	1
size of largest component	5000 (100.00 %)
tot:  17408.452645433714
__glovexmax50alpha0.2+Louvain__
PLM(balanced,pc,turbo) detected communities in 0.4236643314361572 [s]
solution properties:
-------------------  ----------
# communities         25
min community size   121
max community size   299
avg. community size  200
modularity             0.665841
-------------------  ----------
32 community detected
NMI:0.07718269842564485
ARI:0.1768403787037709
__glovexmax50alpha0.2+PLP__
PLP detected communities in 0.13824915885925293 [s]
solution properties:
-------------------  ----------
# communities         33
min community size     2
max community size   217
avg. community size  151.515
modularity             0.669371
-------------------  ----------
32 community detected
NMI:0.03529735229619313
ARI:0.041082647383132054
__glovexmax40alpha0.2__
Network Properties for:		G#96
nodes, edges			5000, 33808
directed?			False
weighted?			True
isolated nodes			0
self-loops			0
density				0.002705
clustering coefficient		0.292150
min/max/avg degree		1, 217, 13.523200
degree assortativity		0.183008
number of connected components	1
size of largest component	5000 (100.00 %)
tot:  18175.67179176199
__glovexmax40alpha0.2+Louvain__
PLM(balanced,pc,turbo) detected communities in 0.4225482940673828 [s]
solution properties:
-------------------  ----------
# communities         20
min community size   160
max community size   365
avg. community size  250
modularity             0.659208
-------------------  ----------
32 community detected
NMI:0.11291935695656186
ARI:0.2813840969395388
__glovexmax40alpha0.2+PLP__
PLP detected communities in 0.11199140548706055 [s]
solution properties:
-------------------  ----------
# communities         33
min community size     2
max community size   217
avg. community size  151.515
modularity             0.669716
-------------------  ----------
32 community detected
NMI:0.035640283902924064
ARI:0.04143245461072931
__glovexmax30alpha0.3__
Network Properties for:		G#105
nodes, edges			5000, 33808
directed?			False
weighted?			True
isolated nodes			0
self-loops			0
density				0.002705
clustering coefficient		0.292150
min/max/avg degree		1, 217, 13.523200
degree assortativity		0.183008
number of connected components	1
size of largest component	5000 (100.00 %)
tot:  16086.946825098265
__glovexmax30alpha0.3+Louvain__
PLM(balanced,pc,turbo) detected communities in 0.21663260459899902 [s]
solution properties:
-------------------  ----------
# communities         32
min community size    98
max community size   218
avg. community size  156.25
modularity             0.666909
-------------------  ----------
32 community detected
NMI:0.04915982619781856
ARI:0.056975939734030256
__glovexmax30alpha0.3+PLP__
PLP detected communities in 0.07441043853759766 [s]
solution properties:
-------------------  ----------
# communities         33
min community size     2
max community size   218
avg. community size  151.515
modularity             0.666914
-------------------  ----------
32 community detected
NMI:0.04793875057764552
ARI:0.055301545830611754
NMI classement:
[('NMIglovexmax50alpha0.2+PLP', 0.03529735229619313), ('NMIglovexmax40alpha0.2+PLP', 0.035640283902924064), ('NMIglovexmax30alpha0.3+PLP', 0.04793875057764552), ('NMIglovexmax30alpha0.3+Louvain', 0.04915982619781856), ('NMIglovexmax50alpha0.2+Louvain', 0.07718269842564485), ('NMIglove+PLP', 0.09695163890898217), ('NMIglovexmax40alpha0.2+Louvain', 0.11291935695656186), ('NMIPLP', 0.11555328669154186), ('NMIppmi+Louvain', 0.124576468134178), ('NMILouvain', 0.12493979273199252), ('NMIppmi+PLP', 0.12694727654675697), ('NMIglove+Louvain', 0.14139367834989003), ('NMIpmi+PLP', 0.2776520424286931), ('NMIpmi+Louvain', 0.3426640667238514), ('NMISingleton', 0.42370093147868315), ('NMIstandard+PLP', 0.44701868206748685), ('NMIiterative_rev_degree_order+PLP', 0.46444927429231553), ('NMIstandard+Louvain', 0.49574408757957644), ('NMIiterative_rev_degree_order+Louvain', 0.6782593125185259), ('NMIAllInOne', 1.0), ('NMIfake_pmi+Louvain', 1), ('NMIfake_pmi+PLP', 1)]
ARI classement:
[('ARIglovexmax50alpha0.2+PLP', 0.041082647383132054), ('ARIglovexmax40alpha0.2+PLP', 0.04143245461072931), ('ARIglovexmax30alpha0.3+PLP', 0.055301545830611754), ('ARIglovexmax30alpha0.3+Louvain', 0.056975939734030256), ('ARIglove+PLP', 0.11279656429687579), ('ARIPLP', 0.13618860370708052), ('ARIppmi+Louvain', 0.15253143814176262), ('ARIppmi+PLP', 0.1571739773839267), ('ARILouvain', 0.1763910746982572), ('ARIglovexmax50alpha0.2+Louvain', 0.1768403787037709), ('ARIglove+Louvain', 0.2514341934326606), ('ARIglovexmax40alpha0.2+Louvain', 0.2813840969395388), ('ARIpmi+PLP', 0.3917583882060447), ('ARIpmi+Louvain', 0.5077037055906528), ('ARIstandard+Louvain', 0.6435605420850089), ('ARIiterative_rev_degree_order+Louvain', 0.901262255033461), ('ARIstandard+PLP', 0.9329988902064881), ('ARIiterative_rev_degree_order+PLP', 0.9812418372453525), ('ARISingleton', 1.0), ('ARIAllInOne', 1.0), ('ARIfake_pmi+Louvain', 1), ('ARIfake_pmi+PLP', 1)]
