__LOADINGS__
Network Properties for:		network
nodes, edges			5000, 31044
directed?			False
weighted?			True
isolated nodes			1
self-loops			0
density				0.002484
clustering coefficient		0.391590
min/max/avg degree		0, 80, 12.417600
degree assortativity		0.306274
number of connected components	2
size of largest component	4999 (99.98 %)
164321.43546958535
__Groundtruth__
read communities from: ../../lfr_5000/mk100/k15/muw0.2/37/community.dat
-------------------  ----------
# communities        104
min community size    20
max community size    99
avg. community size   48.0769
modularity             0.800845
-------------------  ----------
104 community detected
__CLASSIC_METHODS__
__Louvain__
PLM(balanced,pc,turbo) detected communities in 0.4845693111419678 [s]
solution properties:
-------------------  ---------
# communities         63
min community size     1
max community size   159
avg. community size   79.3651
modularity             0.80277
-------------------  ---------
104 community detected
NMI:0.06092477466450941
ARM:0.21772681864610344
__Singleton__
104 community detected
NMI:0.3047814955401733
ARM:1.0
__AllInOne__
104 community detected
NMI:1.0
ARM:1.0
__PLP__
PLP detected communities in 0.13328790664672852 [s]
solution properties:
-------------------  ----------
# communities        107
min community size     1
max community size   100
avg. community size   46.729
modularity             0.800988
-------------------  ----------
104 community detected
NMI:0.008066828313143093
ARM:0.01599955010052445
__NORMALIZATION__
__glove__
Network Properties for:		G#21cc
nodes, edges			4999, 31044
directed?			False
weighted?			True
isolated nodes			0
self-loops			0
density				0.002485
clustering coefficient		0.391669
min/max/avg degree		2, 80, 12.420084
degree assortativity		0.306274
number of connected components	1
size of largest component	4999 (100.00 %)
tot:  3183.6892404816745
__glove+Louvain__
PLM(balanced,pc,turbo) detected communities in 0.2811429500579834 [s]
solution properties:
-------------------  ----------
# communities         54
min community size    43
max community size   163
avg. community size   92.5741
modularity             0.810569
-------------------  ----------
104 community detected
NMI:0.07303307513295454
ARM:0.2719266284262797
__glove+PLP__
PLP detected communities in 0.15607929229736328 [s]
solution properties:
-------------------  ----------
# communities        107
min community size     9
max community size   100
avg. community size   46.7196
modularity             0.808443
-------------------  ----------
104 community detected
NMI:0.005298324607510896
ARM:0.010940287635609947
__fake_pmi__
Network Properties for:		G#40cc
nodes, edges			4999, 31044
directed?			False
weighted?			True
isolated nodes			0
self-loops			0
density				0.002485
clustering coefficient		0.391669
min/max/avg degree		2, 80, 12.420084
degree assortativity		0.306274
number of connected components	1
size of largest component	4999 (100.00 %)
tot:  0.0
__fake_pmi+Louvain__
1 community detected due to total edge weight equal 0
NMI:1
ARM:0.010940287635609947
__fake_pmi+PLP__
1 community detected due to total edge weight equal 0
NMI:1
ARM:0.010940287635609947
__iterative_rev_degree_order__
Network Properties for:		G#53cc
nodes, edges			4999, 31044
directed?			False
weighted?			True
isolated nodes			0
self-loops			0
density				0.002485
clustering coefficient		0.391669
min/max/avg degree		2, 80, 12.420084
degree assortativity		0.306274
number of connected components	1
size of largest component	4999 (100.00 %)
tot:  1548.0427533339318
__iterative_rev_degree_order+Louvain__
PLM(balanced,pc,turbo) detected communities in 0.288607120513916 [s]
solution properties:
-------------------  ----------
# communities         42
min community size    59
max community size   185
avg. community size  119.024
modularity             0.843591
-------------------  ----------
104 community detected
NMI:0.42537224992614
ARM:0.7538056186512652
__iterative_rev_degree_order+PLP__
PLP detected communities in 0.05879092216491699 [s]
solution properties:
-------------------  -----------
# communities        1424
min community size      2
max community size     12
avg. community size     3.51053
modularity              0.682207
-------------------  -----------
104 community detected
NMI:0.3043287775579704
ARM:0.938587889995196
__pmi__
Network Properties for:		G#78cc
nodes, edges			4999, 31044
directed?			False
weighted?			True
isolated nodes			0
self-loops			0
density				0.002485
clustering coefficient		0.391669
min/max/avg degree		2, 80, 12.420084
degree assortativity		0.306274
number of connected components	1
size of largest component	4999 (100.00 %)
tot:  182396.74786884442
__pmi+Louvain__
PLM(balanced,pc,turbo) detected communities in 0.4568648338317871 [s]
solution properties:
-------------------  ----------
# communities         70
min community size    37
max community size   144
avg. community size   71.4143
modularity             0.820867
-------------------  ----------
104 community detected
NMI:0.04169750370207137
ARM:0.1503802154856897
__pmi+PLP__
PLP detected communities in 0.0688624382019043 [s]
solution properties:
-------------------  ----------
# communities        111
min community size     2
max community size   100
avg. community size   45.036
modularity             0.816101
-------------------  ----------
104 community detected
NMI:0.005287436691113978
ARM:0.01053142885301761
__standard__
Network Properties for:		G#97cc
nodes, edges			4999, 31044
directed?			False
weighted?			True
isolated nodes			0
self-loops			0
density				0.002485
clustering coefficient		0.391669
min/max/avg degree		2, 80, 12.420084
degree assortativity		0.306274
number of connected components	1
size of largest component	4999 (100.00 %)
tot:  33.90761600365918
__standard+Louvain__
PLM(balanced,pc,turbo) detected communities in 0.6396257877349854 [s]
solution properties:
-------------------  ----------
# communities         58
min community size    25
max community size   513
avg. community size   86.1897
modularity             0.854123
-------------------  ----------
104 community detected
NMI:0.20698966713802736
ARM:0.5742275748526233
__standard+PLP__
PLP detected communities in 0.2001953125 [s]
solution properties:
-------------------  ----------
# communities        564
min community size     1
max community size    74
avg. community size    8.86348
modularity             0.698203
-------------------  ----------
104 community detected
NMI:0.1722982222344288
ARM:0.4122482873157567
__ppmi__
Network Properties for:		G#119cc
nodes, edges			4999, 31044
directed?			False
weighted?			True
isolated nodes			0
self-loops			0
density				0.002485
clustering coefficient		0.391669
min/max/avg degree		2, 80, 12.420084
degree assortativity		0.306274
number of connected components	1
size of largest component	4999 (100.00 %)
tot:  187000.93710105584
__ppmi+Louvain__
PLM(balanced,pc,turbo) detected communities in 0.38036465644836426 [s]
solution properties:
-------------------  ----------
# communities         84
min community size    21
max community size   100
avg. community size   59.5119
modularity             0.818401
-------------------  ----------
104 community detected
NMI:0.019091292382557024
ARM:0.061061439364555214
__ppmi+PLP__
PLP detected communities in 0.13115596771240234 [s]
solution properties:
-------------------  ----------
# communities        106
min community size    20
max community size   100
avg. community size   47.1604
modularity             0.809396
-------------------  ----------
104 community detected
NMI:0.0037867533759031735
ARM:0.014391555438743597
__glovexmax50alpha0.2__
Network Properties for:		G#138cc
nodes, edges			4999, 31044
directed?			False
weighted?			True
isolated nodes			0
self-loops			0
density				0.002485
clustering coefficient		0.391669
min/max/avg degree		2, 80, 12.420084
degree assortativity		0.306274
number of connected components	1
size of largest component	4999 (100.00 %)
tot:  18136.795746897587
__glovexmax50alpha0.2+Louvain__
PLM(balanced,pc,turbo) detected communities in 0.4986124038696289 [s]
solution properties:
-------------------  ----------
# communities         60
min community size    43
max community size   124
avg. community size   83.3167
modularity             0.815281
-------------------  ----------
104 community detected
NMI:0.0552965762546499
ARM:0.20210815765352885
__glovexmax50alpha0.2+PLP__
PLP detected communities in 0.05861258506774902 [s]
solution properties:
-------------------  ----------
# communities        104
min community size    20
max community size   100
avg. community size   48.0673
modularity             0.815372
-------------------  ----------
104 community detected
NMI:0.0012072680729663388
ARM:0.00308912060222033
__glovexmax40alpha0.2__
Network Properties for:		G#157cc
nodes, edges			4999, 31044
directed?			False
weighted?			True
isolated nodes			0
self-loops			0
density				0.002485
clustering coefficient		0.391669
min/max/avg degree		2, 80, 12.420084
degree assortativity		0.306274
number of connected components	1
size of largest component	4999 (100.00 %)
tot:  18964.354840543925
__glovexmax40alpha0.2+Louvain__
PLM(balanced,pc,turbo) detected communities in 0.3891918659210205 [s]
solution properties:
-------------------  ---------
# communities         57
min community size    46
max community size   148
avg. community size   87.7018
modularity             0.81503
-------------------  ---------
104 community detected
NMI:0.06230110247635745
ARM:0.23339918689895012
__glovexmax40alpha0.2+PLP__
PLP detected communities in 0.10830473899841309 [s]
solution properties:
-------------------  ----------
# communities        104
min community size    20
max community size   100
avg. community size   48.0673
modularity             0.815373
-------------------  ----------
104 community detected
NMI:0.0012072680729665608
ARM:0.00308912060222033
__glovexmax30alpha0.3__
Network Properties for:		G#176cc
nodes, edges			4999, 31044
directed?			False
weighted?			True
isolated nodes			0
self-loops			0
density				0.002485
clustering coefficient		0.391669
min/max/avg degree		2, 80, 12.420084
degree assortativity		0.306274
number of connected components	1
size of largest component	4999 (100.00 %)
tot:  16592.3187560347
__glovexmax30alpha0.3+Louvain__
PLM(balanced,pc,turbo) detected communities in 0.4203813076019287 [s]
solution properties:
-------------------  ----------
# communities         60
min community size    43
max community size   123
avg. community size   83.3167
modularity             0.817103
-------------------  ----------
104 community detected
NMI:0.055628042870415784
ARM:0.20201699716713883
__glovexmax30alpha0.3+PLP__
PLP detected communities in 0.13573884963989258 [s]
solution properties:
-------------------  ----------
# communities        104
min community size    20
max community size   100
avg. community size   48.0673
modularity             0.817175
-------------------  ----------
104 community detected
NMI:0.001686299529822466
ARM:0.004280864045662525
