__LOADINGS__
4987/36163 13.79033819096867 % of nul weighted edges removed
1/5000 0.02 % of nul degree nodes removed
Network Properties for:		network
nodes, edges			4999, 31176
directed?			False
weighted?			True
isolated nodes			1
self-loops			0
density				0.002496
clustering coefficient		0.164325
min/max/avg degree		0, 75, 12.472895
degree assortativity		0.383725
number of connected components	1
size of largest component	4999 (100.00 %)
167693.060348957
__Groundtruth__
read communities from: ../../lfr_5000/mk100/k15/muw0.4/14/community.dat
-------------------  ----------
# communities        104
min community size    20
max community size    99
avg. community size   48.0769
modularity             0.584412
-------------------  ----------
104 community detected
__CLASSIC_METHODS__
__Louvain__
PLM(balanced,pc,turbo) detected communities in 0.158186674118042 [s]
solution properties:
-------------------  ----------
# communities         42
min community size    40
max community size   182
avg. community size  119.024
modularity             0.591286
-------------------  ----------
104 community detected
NMI:0.1709821951460334
ARI:0.4502917712691771
__Singleton__
104 community detected
NMI:0.3047653125958608
ARI:1.0
__AllInOne__
104 community detected
NMI:1.0
ARI:1.0
__PLP__
PLP detected communities in 0.2141587734222412 [s]
solution properties:
-------------------  ---------
# communities        119
min community size     1
max community size   140
avg. community size   42.0168
modularity             0.57858
-------------------  ---------
104 community detected
NMI:0.08034928733888624
ARI:0.16703457400508337
__NORMALIZATION__
__glove__
Network Properties for:		G#21
nodes, edges			4999, 31176
directed?			False
weighted?			True
isolated nodes			1
self-loops			0
density				0.002496
clustering coefficient		0.164325
min/max/avg degree		0, 75, 12.472895
degree assortativity		0.383725
number of connected components	1
size of largest component	4999 (100.00 %)
tot:  3274.1210807038187
__glove+Louvain__
PLM(balanced,pc,turbo) detected communities in 0.5217764377593994 [s]
solution properties:
-------------------  ----------
# communities         48
min community size    59
max community size   159
avg. community size  104.146
modularity             0.597421
-------------------  ----------
104 community detected
NMI:0.13370617278713204
ARI:0.3799627145727913
__glove+PLP__
PLP detected communities in 0.17608356475830078 [s]
solution properties:
-------------------  ----------
# communities        106
min community size     1
max community size   135
avg. community size   47.1698
modularity             0.591734
-------------------  ----------
104 community detected
NMI:0.04720249847317459
ARI:0.10694976247735599
__fake_pmi__
Network Properties for:		G#30
nodes, edges			4999, 31176
directed?			False
weighted?			True
isolated nodes			1
self-loops			0
density				0.002496
clustering coefficient		0.164325
min/max/avg degree		0, 75, 12.472895
degree assortativity		0.383725
number of connected components	1
size of largest component	4999 (100.00 %)
tot:  0.0
__fake_pmi+Louvain__
1 community detected due to total edge weight equal 0
NMI:1
ARI:1
__fake_pmi+PLP__
1 community detected due to total edge weight equal 0
NMI:1
ARI:1
__iterative_rev_degree_order__
Network Properties for:		G#33
nodes, edges			4999, 31176
directed?			False
weighted?			True
isolated nodes			1
self-loops			0
density				0.002496
clustering coefficient		0.164325
min/max/avg degree		0, 75, 12.472895
degree assortativity		0.383725
number of connected components	1
size of largest component	4999 (100.00 %)
tot:  1402.2389410944602
__iterative_rev_degree_order+Louvain__
PLM(balanced,pc,turbo) detected communities in 0.7624542713165283 [s]
solution properties:
-------------------  ----------
# communities         68
min community size    33
max community size   129
avg. community size   73.5147
modularity             0.800495
-------------------  ----------
104 community detected
NMI:0.6259874975077746
ARI:0.9340077042252672
__iterative_rev_degree_order+PLP__
PLP detected communities in 0.04111146926879883 [s]
solution properties:
-------------------  -----------
# communities        1429
min community size      1
max community size     11
avg. community size     3.49895
modularity              0.685378
-------------------  -----------
104 community detected
NMI:0.3474057110313927
ARI:0.9637274615156409
__pmi__
Network Properties for:		G#48
nodes, edges			4999, 31176
directed?			False
weighted?			True
isolated nodes			1
self-loops			0
density				0.002496
clustering coefficient		0.164325
min/max/avg degree		0, 75, 12.472895
degree assortativity		0.383725
number of connected components	1
size of largest component	4999 (100.00 %)
tot:  182530.45015212052
__pmi+Louvain__
PLM(balanced,pc,turbo) detected communities in 0.7278537750244141 [s]
solution properties:
-------------------  ----------
# communities         51
min community size    38
max community size   179
avg. community size   98.0196
modularity             0.621857
-------------------  ----------
104 community detected
NMI:0.10074362245181956
ARI:0.32912675156374016
__pmi+PLP__
PLP detected communities in 0.08597636222839355 [s]
solution properties:
-------------------  ----------
# communities        132
min community size     1
max community size   115
avg. community size   37.8788
modularity             0.613597
-------------------  ----------
104 community detected
NMI:0.029383940844726064
ARI:0.06344670913849915
__standard__
Network Properties for:		G#57
nodes, edges			4999, 31176
directed?			False
weighted?			True
isolated nodes			1
self-loops			0
density				0.002496
clustering coefficient		0.164325
min/max/avg degree		0, 75, 12.472895
degree assortativity		0.383725
number of connected components	1
size of largest component	4999 (100.00 %)
tot:  36.45966937294655
__standard+Louvain__
PLM(balanced,pc,turbo) detected communities in 0.870185375213623 [s]
solution properties:
-------------------  ----------
# communities         51
min community size    12
max community size   191
avg. community size   98.0196
modularity             0.696893
-------------------  ----------
104 community detected
NMI:0.539996917435623
ARI:0.8476522045699931
__standard+PLP__
PLP detected communities in 0.14360451698303223 [s]
solution properties:
-------------------  -----------
# communities        1145
min community size      1
max community size     36
avg. community size     4.36681
modularity              0.546452
-------------------  -----------
104 community detected
NMI:0.34809883016947374
ARI:0.9233044288105516
__ppmi__
Network Properties for:		G#72
nodes, edges			4999, 31176
directed?			False
weighted?			True
isolated nodes			1
self-loops			0
density				0.002496
clustering coefficient		0.164325
min/max/avg degree		0, 75, 12.472895
degree assortativity		0.383725
number of connected components	1
size of largest component	4999 (100.00 %)
tot:  189513.00524861555
__ppmi+Louvain__
PLM(balanced,pc,turbo) detected communities in 0.7559628486633301 [s]
solution properties:
-------------------  ----------
# communities         52
min community size    32
max community size   162
avg. community size   96.1346
modularity             0.611455
-------------------  ----------
104 community detected
NMI:0.08819790726118082
ARI:0.30931964289312996
__ppmi+PLP__
PLP detected communities in 0.09319162368774414 [s]
solution properties:
-------------------  ----------
# communities        124
min community size     1
max community size   118
avg. community size   40.3226
modularity             0.605052
-------------------  ----------
104 community detected
NMI:0.018040721773969093
ARI:0.04060322785989867
__glovexmax50alpha0.2__
Network Properties for:		G#84
nodes, edges			4999, 31176
directed?			False
weighted?			True
isolated nodes			1
self-loops			0
density				0.002496
clustering coefficient		0.164325
min/max/avg degree		0, 75, 12.472895
degree assortativity		0.383725
number of connected components	1
size of largest component	4999 (100.00 %)
tot:  18395.876376914595
__glovexmax50alpha0.2+Louvain__
PLM(balanced,pc,turbo) detected communities in 0.5547513961791992 [s]
solution properties:
-------------------  ----------
# communities         48
min community size    55
max community size   167
avg. community size  104.146
modularity             0.604856
-------------------  ----------
104 community detected
NMI:0.0919912412739774
ARI:0.3213761481401479
__glovexmax50alpha0.2+PLP__
PLP detected communities in 0.13080167770385742 [s]
solution properties:
-------------------  ----------
# communities        108
min community size     1
max community size   101
avg. community size   46.2963
modularity             0.596194
-------------------  ----------
104 community detected
NMI:0.012950687699456176
ARI:0.03207141969721172
__glovexmax40alpha0.2__
Network Properties for:		G#93
nodes, edges			4999, 31176
directed?			False
weighted?			True
isolated nodes			1
self-loops			0
density				0.002496
clustering coefficient		0.164325
min/max/avg degree		0, 75, 12.472895
degree assortativity		0.383725
number of connected components	1
size of largest component	4999 (100.00 %)
tot:  19235.38404131157
__glovexmax40alpha0.2+Louvain__
PLM(balanced,pc,turbo) detected communities in 0.560408353805542 [s]
solution properties:
-------------------  ----------
# communities         48
min community size    48
max community size   180
avg. community size  104.146
modularity             0.604654
-------------------  ----------
104 community detected
NMI:0.09360520926640037
ARI:0.32931193228887035
__glovexmax40alpha0.2+PLP__
PLP detected communities in 0.1558547019958496 [s]
solution properties:
-------------------  ----------
# communities        108
min community size     1
max community size   100
avg. community size   46.2963
modularity             0.596502
-------------------  ----------
104 community detected
NMI:0.011908038473027016
ARI:0.02830680419974685
__glovexmax30alpha0.3__
Network Properties for:		G#102
nodes, edges			4999, 31176
directed?			False
weighted?			True
isolated nodes			1
self-loops			0
density				0.002496
clustering coefficient		0.164325
min/max/avg degree		0, 75, 12.472895
degree assortativity		0.383725
number of connected components	1
size of largest component	4999 (100.00 %)
tot:  16935.904177502947
__glovexmax30alpha0.3+Louvain__
PLM(balanced,pc,turbo) detected communities in 0.5778858661651611 [s]
solution properties:
-------------------  ----------
# communities         50
min community size    58
max community size   167
avg. community size   99.98
modularity             0.605827
-------------------  ----------
104 community detected
NMI:0.09078929488464427
ARI:0.31049604420444554
__glovexmax30alpha0.3+PLP__
PLP detected communities in 0.1578686237335205 [s]
solution properties:
-------------------  ---------
# communities        109
min community size     1
max community size   100
avg. community size   45.8716
modularity             0.59934
-------------------  ---------
104 community detected
NMI:0.01396084162290212
ARI:0.02921619561227662
NMI classement:
[('NMIglovexmax40alpha0.2+PLP', 0.011908038473027016), ('NMIglovexmax50alpha0.2+PLP', 0.012950687699456176), ('NMIglovexmax30alpha0.3+PLP', 0.01396084162290212), ('NMIppmi+PLP', 0.018040721773969093), ('NMIpmi+PLP', 0.029383940844726064), ('NMIglove+PLP', 0.04720249847317459), ('NMIPLP', 0.08034928733888624), ('NMIppmi+Louvain', 0.08819790726118082), ('NMIglovexmax30alpha0.3+Louvain', 0.09078929488464427), ('NMIglovexmax50alpha0.2+Louvain', 0.0919912412739774), ('NMIglovexmax40alpha0.2+Louvain', 0.09360520926640037), ('NMIpmi+Louvain', 0.10074362245181956), ('NMIglove+Louvain', 0.13370617278713204), ('NMILouvain', 0.1709821951460334), ('NMISingleton', 0.3047653125958608), ('NMIiterative_rev_degree_order+PLP', 0.3474057110313927), ('NMIstandard+PLP', 0.34809883016947374), ('NMIstandard+Louvain', 0.539996917435623), ('NMIiterative_rev_degree_order+Louvain', 0.6259874975077746), ('NMIAllInOne', 1.0), ('NMIfake_pmi+Louvain', 1), ('NMIfake_pmi+PLP', 1)]
ARI classement:
[('ARIglovexmax40alpha0.2+PLP', 0.02830680419974685), ('ARIglovexmax30alpha0.3+PLP', 0.02921619561227662), ('ARIglovexmax50alpha0.2+PLP', 0.03207141969721172), ('ARIppmi+PLP', 0.04060322785989867), ('ARIpmi+PLP', 0.06344670913849915), ('ARIglove+PLP', 0.10694976247735599), ('ARIPLP', 0.16703457400508337), ('ARIppmi+Louvain', 0.30931964289312996), ('ARIglovexmax30alpha0.3+Louvain', 0.31049604420444554), ('ARIglovexmax50alpha0.2+Louvain', 0.3213761481401479), ('ARIpmi+Louvain', 0.32912675156374016), ('ARIglovexmax40alpha0.2+Louvain', 0.32931193228887035), ('ARIglove+Louvain', 0.3799627145727913), ('ARILouvain', 0.4502917712691771), ('ARIstandard+Louvain', 0.8476522045699931), ('ARIstandard+PLP', 0.9233044288105516), ('ARIiterative_rev_degree_order+Louvain', 0.9340077042252672), ('ARIiterative_rev_degree_order+PLP', 0.9637274615156409), ('ARISingleton', 1.0), ('ARIAllInOne', 1.0), ('ARIfake_pmi+Louvain', 1), ('ARIfake_pmi+PLP', 1)]
