__LOADINGS__
Network Properties for:		network
nodes, edges			5000, 33477
directed?			False
weighted?			True
isolated nodes			1
self-loops			0
density				0.002679
clustering coefficient		0.197367
min/max/avg degree		0, 204, 13.390800
degree assortativity		0.270690
number of connected components	2
size of largest component	4999 (99.98 %)
245127.99555277813
__Groundtruth__
read communities from: ../../lfr_5000/mk300/k15/muw0.4/20/community.dat
-------------------  ----------
# communities         40
min community size    89
max community size   180
avg. community size  125
modularity             0.492086
-------------------  ----------
40 community detected
__CLASSIC_METHODS__
__Louvain__
PLM(balanced,pc,turbo) detected communities in 0.5785074234008789 [s]
solution properties:
-------------------  ----------
# communities         25
min community size     1
max community size   385
avg. community size  200
modularity             0.504632
-------------------  ----------
40 community detected
NMI:0.2571651634193213
ARM:0.45372576354227134
__Singleton__
40 community detected
NMI:0.3983004112753793
ARM:1.0
__AllInOne__
40 community detected
NMI:1.0
ARM:1.0
__PLP__
PLP detected communities in 0.1369168758392334 [s]
solution properties:
-------------------  ----------
# communities         45
min community size     1
max community size   205
avg. community size  111.111
modularity             0.501656
-------------------  ----------
40 community detected
NMI:0.17478622025643997
ARM:0.22797829919049817
__NORMALIZATION__
__glove__
Network Properties for:		G#24cc
nodes, edges			4999, 33477
directed?			False
weighted?			True
isolated nodes			0
self-loops			0
density				0.002680
clustering coefficient		0.197407
min/max/avg degree		3, 204, 13.393479
degree assortativity		0.270690
number of connected components	1
size of largest component	4999 (100.00 %)
tot:  3963.939050343743
__glove+Louvain__
PLM(balanced,pc,turbo) detected communities in 0.46173548698425293 [s]
solution properties:
-------------------  ----------
# communities         27
min community size    90
max community size   381
avg. community size  185.148
modularity             0.529619
-------------------  ----------
40 community detected
NMI:0.21363924027959003
ARM:0.37560672151543917
__glove+PLP__
PLP detected communities in 0.16573405265808105 [s]
solution properties:
-------------------  ----------
# communities         44
min community size     2
max community size   206
avg. community size  113.614
modularity             0.529332
-------------------  ----------
40 community detected
NMI:0.1511522813529691
ARM:0.19560486258555687
__fake_pmi__
Network Properties for:		G#43cc
nodes, edges			4999, 33477
directed?			False
weighted?			True
isolated nodes			0
self-loops			0
density				0.002680
clustering coefficient		0.197407
min/max/avg degree		3, 204, 13.393479
degree assortativity		0.270690
number of connected components	1
size of largest component	4999 (100.00 %)
tot:  0.0
__fake_pmi+Louvain__
1 community detected due to total edge weight equal 0
NMI:1
ARM:0.19560486258555687
__fake_pmi+PLP__
1 community detected due to total edge weight equal 0
NMI:1
ARM:0.19560486258555687
__iterative_rev_degree_order__
Network Properties for:		G#56cc
nodes, edges			4999, 33477
directed?			False
weighted?			True
isolated nodes			0
self-loops			0
density				0.002680
clustering coefficient		0.197407
min/max/avg degree		3, 204, 13.393479
degree assortativity		0.270690
number of connected components	1
size of largest component	4999 (100.00 %)
tot:  1408.8429785671183
__iterative_rev_degree_order+Louvain__
PLM(balanced,pc,turbo) detected communities in 0.7787628173828125 [s]
solution properties:
-------------------  ---------
# communities         86
min community size    29
max community size   105
avg. community size   58.1279
modularity             0.86747
-------------------  ---------
40 community detected
NMI:0.746880558999262
ARM:0.9574286786229819
__iterative_rev_degree_order+PLP__
PLP detected communities in 0.09096026420593262 [s]
solution properties:
-------------------  -----------
# communities        1582
min community size      2
max community size     10
avg. community size     3.15992
modularity              0.756802
-------------------  -----------
40 community detected
NMI:0.46330459870025253
ARM:0.9861132476118948
__pmi__
Network Properties for:		G#81cc
nodes, edges			4999, 33477
directed?			False
weighted?			True
isolated nodes			0
self-loops			0
density				0.002680
clustering coefficient		0.197407
min/max/avg degree		3, 204, 13.393479
degree assortativity		0.270690
number of connected components	1
size of largest component	4999 (100.00 %)
tot:  98775.29118985613
__pmi+Louvain__
PLM(balanced,pc,turbo) detected communities in 0.5713794231414795 [s]
solution properties:
-------------------  ----------
# communities         35
min community size     1
max community size   403
avg. community size  142.829
modularity             0.776343
-------------------  ----------
40 community detected
NMI:0.4008739959552008
ARM:0.5798774356247467
__pmi+PLP__
PLP detected communities in 0.194108247756958 [s]
solution properties:
-------------------  ----------
# communities        349
min community size     1
max community size   250
avg. community size   14.3238
modularity             0.734954
-------------------  ----------
40 community detected
NMI:0.3342668463850129
ARM:0.5093882082021307
__standard__
Network Properties for:		G#103cc
nodes, edges			4999, 33477
directed?			False
weighted?			True
isolated nodes			0
self-loops			0
density				0.002680
clustering coefficient		0.197407
min/max/avg degree		3, 204, 13.393479
degree assortativity		0.270690
number of connected components	1
size of largest component	4999 (100.00 %)
tot:  27.01532069564013
__standard+Louvain__
PLM(balanced,pc,turbo) detected communities in 0.9511590003967285 [s]
solution properties:
-------------------  ----------
# communities         63
min community size    18
max community size   197
avg. community size   79.3492
modularity             0.854037
-------------------  ----------
40 community detected
NMI:0.6675731988485569
ARM:0.8587672449440712
__standard+PLP__
PLP detected communities in 0.07948064804077148 [s]
solution properties:
-------------------  -----------
# communities        1361
min community size      2
max community size     24
avg. community size     3.67303
modularity              0.762008
-------------------  -----------
40 community detected
NMI:0.4671898662557237
ARM:0.9754947655241646
__ppmi__
Network Properties for:		G#128cc
nodes, edges			4999, 33477
directed?			False
weighted?			True
isolated nodes			0
self-loops			0
density				0.002680
clustering coefficient		0.197407
min/max/avg degree		3, 204, 13.393479
degree assortativity		0.270690
number of connected components	1
size of largest component	4999 (100.00 %)
tot:  143308.58253177674
__ppmi+Louvain__
PLM(balanced,pc,turbo) detected communities in 0.5012755393981934 [s]
solution properties:
-------------------  ----------
# communities         35
min community size    95
max community size   303
avg. community size  142.829
modularity             0.599408
-------------------  ----------
40 community detected
NMI:0.24213165875677578
ARM:0.3730340405662419
__ppmi+PLP__
PLP detected communities in 0.19748830795288086 [s]
solution properties:
-------------------  ----------
# communities        202
min community size     1
max community size   171
avg. community size   24.7475
modularity             0.584218
-------------------  ----------
40 community detected
NMI:0.2224019411711926
ARM:0.3143008565127451
__glovexmax50alpha0.2__
Network Properties for:		G#147cc
nodes, edges			4999, 33477
directed?			False
weighted?			True
isolated nodes			0
self-loops			0
density				0.002680
clustering coefficient		0.197407
min/max/avg degree		3, 204, 13.393479
degree assortativity		0.270690
number of connected components	1
size of largest component	4999 (100.00 %)
tot:  17964.18236642499
__glovexmax50alpha0.2+Louvain__
PLM(balanced,pc,turbo) detected communities in 0.4510352611541748 [s]
solution properties:
-------------------  ----------
# communities         25
min community size   137
max community size   318
avg. community size  199.96
modularity             0.566856
-------------------  ----------
40 community detected
NMI:0.15077822267498986
ARM:0.31473965048382024
__glovexmax50alpha0.2+PLP__
PLP detected communities in 0.16242027282714844 [s]
solution properties:
-------------------  ----------
# communities         43
min community size     2
max community size   191
avg. community size  116.256
modularity             0.571882
-------------------  ----------
40 community detected
NMI:0.07313445918743033
ARM:0.09401357033157931
__glovexmax40alpha0.2__
Network Properties for:		G#166cc
nodes, edges			4999, 33477
directed?			False
weighted?			True
isolated nodes			0
self-loops			0
density				0.002680
clustering coefficient		0.197407
min/max/avg degree		3, 204, 13.393479
degree assortativity		0.270690
number of connected components	1
size of largest component	4999 (100.00 %)
tot:  18760.862129043482
__glovexmax40alpha0.2+Louvain__
PLM(balanced,pc,turbo) detected communities in 0.3821136951446533 [s]
solution properties:
-------------------  ----------
# communities         26
min community size   107
max community size   277
avg. community size  192.269
modularity             0.567763
-------------------  ----------
40 community detected
NMI:0.1425223618936583
ARM:0.29781254215777875
__glovexmax40alpha0.2+PLP__
PLP detected communities in 0.1340954303741455 [s]
solution properties:
-------------------  ----------
# communities         43
min community size     2
max community size   191
avg. community size  116.256
modularity             0.572102
-------------------  ----------
40 community detected
NMI:0.07313445918743067
ARM:0.09401357033157931
__glovexmax30alpha0.3__
Network Properties for:		G#185cc
nodes, edges			4999, 33477
directed?			False
weighted?			True
isolated nodes			0
self-loops			0
density				0.002680
clustering coefficient		0.197407
min/max/avg degree		3, 204, 13.393479
degree assortativity		0.270690
number of connected components	1
size of largest component	4999 (100.00 %)
tot:  16614.88626537595
__glovexmax30alpha0.3+Louvain__
PLM(balanced,pc,turbo) detected communities in 0.5978343486785889 [s]
solution properties:
-------------------  ----------
# communities         21
min community size   167
max community size   317
avg. community size  238.048
modularity             0.560937
-------------------  ----------
40 community detected
NMI:0.19457540934912654
ARM:0.39724751930904223
__glovexmax30alpha0.3+PLP__
PLP detected communities in 0.0678248405456543 [s]
solution properties:
-------------------  ----------
# communities         43
min community size     2
max community size   193
avg. community size  116.256
modularity             0.568536
-------------------  ----------
40 community detected
NMI:0.08978549644258027
ARM:0.11531812438314482
