__LOADINGS__
4993/46791 10.670855506400803 % of nul weighted edges removed
1/5000 0.02 % of nul degree nodes removed
Network Properties for:		network
nodes, edges			4999, 41798
directed?			False
weighted?			True
isolated nodes			1
self-loops			0
density				0.003346
clustering coefficient		0.415260
min/max/avg degree		0, 235, 16.722545
degree assortativity		0.148925
number of connected components	1
size of largest component	4999 (100.00 %)
312280.7541406028
__Groundtruth__
read communities from: ../../lfr_5000/mk300/k20/muw0.2/23/community.dat
-------------------  ----------
# communities         30
min community size   122
max community size   240
avg. community size  166.667
modularity             0.725913
-------------------  ----------
30 community detected
__CLASSIC_METHODS__
__Louvain__
PLM(balanced,pc,turbo) detected communities in 0.2789452075958252 [s]
solution properties:
-------------------  ----------
# communities         30
min community size   120
max community size   245
avg. community size  166.633
modularity             0.727212
-------------------  ----------
30 community detected
NMI:0.03407881653215261
ARI:0.038104994215194754
__Singleton__
30 community detected
NMI:0.4312749414218585
ARI:1.0
__AllInOne__
30 community detected
NMI:1.0
ARI:1.0
__PLP__
PLP detected communities in 0.1216127872467041 [s]
solution properties:
-------------------  ----------
# communities         31
min community size     1
max community size   245
avg. community size  161.29
modularity             0.727202
-------------------  ----------
30 community detected
NMI:0.03643823592946149
ARI:0.04089327705177137
__NORMALIZATION__
__glove__
Network Properties for:		G#18
nodes, edges			4999, 41798
directed?			False
weighted?			True
isolated nodes			1
self-loops			0
density				0.003346
clustering coefficient		0.415260
min/max/avg degree		0, 235, 16.722545
degree assortativity		0.148925
number of connected components	1
size of largest component	4999 (100.00 %)
tot:  5037.179805290888
__glove+Louvain__
PLM(balanced,pc,turbo) detected communities in 0.19770240783691406 [s]
solution properties:
-------------------  ----------
# communities         30
min community size   121
max community size   242
avg. community size  166.633
modularity             0.747892
-------------------  ----------
30 community detected
NMI:0.02286594503611572
ARI:0.025448657466282776
__glove+PLP__
PLP detected communities in 0.06955528259277344 [s]
solution properties:
-------------------  ----------
# communities         31
min community size     1
max community size   242
avg. community size  161.29
modularity             0.747889
-------------------  ----------
30 community detected
NMI:0.023859951705909932
ARI:0.026608089785716715
__fake_pmi__
Network Properties for:		G#24
nodes, edges			4999, 41798
directed?			False
weighted?			True
isolated nodes			1
self-loops			0
density				0.003346
clustering coefficient		0.415260
min/max/avg degree		0, 235, 16.722545
degree assortativity		0.148925
number of connected components	1
size of largest component	4999 (100.00 %)
tot:  0.0
__fake_pmi+Louvain__
1 community detected due to total edge weight equal 0
NMI:1
ARI:1
__fake_pmi+PLP__
1 community detected due to total edge weight equal 0
NMI:1
ARI:1
__iterative_rev_degree_order__
Network Properties for:		G#27
nodes, edges			4999, 41798
directed?			False
weighted?			True
isolated nodes			1
self-loops			0
density				0.003346
clustering coefficient		0.415260
min/max/avg degree		0, 235, 16.722545
degree assortativity		0.148925
number of connected components	1
size of largest component	4999 (100.00 %)
tot:  1623.636967681665
__iterative_rev_degree_order+Louvain__
PLM(balanced,pc,turbo) detected communities in 0.5079140663146973 [s]
solution properties:
-------------------  ----------
# communities         42
min community size     2
max community size   274
avg. community size  119.024
modularity             0.857796
-------------------  ----------
30 community detected
NMI:0.5841147596074215
ARI:0.746956577412101
__iterative_rev_degree_order+PLP__
PLP detected communities in 0.07782506942749023 [s]
solution properties:
-------------------  -----------
# communities        1542
min community size      1
max community size     16
avg. community size     3.24254
modularity              0.727686
-------------------  -----------
30 community detected
NMI:0.4512197898588981
ARI:0.9806779038258393
__pmi__
Network Properties for:		G#42
nodes, edges			4999, 41798
directed?			False
weighted?			True
isolated nodes			1
self-loops			0
density				0.003346
clustering coefficient		0.415260
min/max/avg degree		0, 235, 16.722545
degree assortativity		0.148925
number of connected components	1
size of largest component	4999 (100.00 %)
tot:  116692.59942177487
__pmi+Louvain__
PLM(balanced,pc,turbo) detected communities in 0.3990015983581543 [s]
solution properties:
-------------------  ---------
# communities         29
min community size   132
max community size   352
avg. community size  172.379
modularity             1.00792
-------------------  ---------
30 community detected
NMI:0.09804229763737093
ARI:0.15408280339646985
__pmi+PLP__
PLP detected communities in 0.15435075759887695 [s]
solution properties:
-------------------  ---------
# communities         42
min community size     1
max community size   219
avg. community size  119.048
modularity             1.00444
-------------------  ---------
30 community detected
NMI:0.09415550166809838
ARI:0.12801186134413012
__standard__
Network Properties for:		G#51
nodes, edges			4999, 41798
directed?			False
weighted?			True
isolated nodes			1
self-loops			0
density				0.003346
clustering coefficient		0.415260
min/max/avg degree		0, 235, 16.722545
degree assortativity		0.148925
number of connected components	1
size of largest component	4999 (100.00 %)
tot:  10.53031585263825
__standard+Louvain__
PLM(balanced,pc,turbo) detected communities in 0.6196720600128174 [s]
solution properties:
-------------------  ----------
# communities         30
min community size     4
max community size   240
avg. community size  166.633
modularity             0.839213
-------------------  ----------
30 community detected
NMI:0.29138613360853016
ARI:0.38121425455240876
__standard+PLP__
PLP detected communities in 0.23483920097351074 [s]
solution properties:
-------------------  ----------
# communities        978
min community size     1
max community size   131
avg. community size    5.11247
modularity             0.656206
-------------------  ----------
30 community detected
NMI:0.3698573999379
ARI:0.6980221639716663
__ppmi__
Network Properties for:		G#63
nodes, edges			4999, 41798
directed?			False
weighted?			True
isolated nodes			1
self-loops			0
density				0.003346
clustering coefficient		0.415260
min/max/avg degree		0, 235, 16.722545
degree assortativity		0.148925
number of connected components	1
size of largest component	4999 (100.00 %)
tot:  167770.4413900096
__ppmi+Louvain__
PLM(balanced,pc,turbo) detected communities in 0.5724673271179199 [s]
solution properties:
-------------------  ----------
# communities         20
min community size   123
max community size   455
avg. community size  249.95
modularity             0.773734
-------------------  ----------
30 community detected
NMI:0.07901723323574883
ARI:0.27443895773385196
__ppmi+PLP__
PLP detected communities in 0.11298346519470215 [s]
solution properties:
-------------------  ----------
# communities         31
min community size     1
max community size   238
avg. community size  161.29
modularity             0.787671
-------------------  ----------
30 community detected
NMI:0.004779670523414992
ARI:0.005902508263753381
__glovexmax50alpha0.2__
Network Properties for:		G#72
nodes, edges			4999, 41798
directed?			False
weighted?			True
isolated nodes			1
self-loops			0
density				0.003346
clustering coefficient		0.415260
min/max/avg degree		0, 235, 16.722545
degree assortativity		0.148925
number of connected components	1
size of largest component	4999 (100.00 %)
tot:  22467.673829845553
__glovexmax50alpha0.2+Louvain__
PLM(balanced,pc,turbo) detected communities in 0.30686092376708984 [s]
solution properties:
-------------------  ----------
# communities         29
min community size   126
max community size   255
avg. community size  172.379
modularity             0.776802
-------------------  ----------
30 community detected
NMI:0.005244148014591055
ARI:0.019262045010458473
__glovexmax50alpha0.2+PLP__
PLP detected communities in 0.08172321319580078 [s]
solution properties:
-------------------  ----------
# communities         31
min community size     1
max community size   239
avg. community size  161.29
modularity             0.777287
-------------------  ----------
30 community detected
NMI:0.0
ARI:0.0
__glovexmax40alpha0.2__
Network Properties for:		G#81
nodes, edges			4999, 41798
directed?			False
weighted?			True
isolated nodes			1
self-loops			0
density				0.003346
clustering coefficient		0.415260
min/max/avg degree		0, 235, 16.722545
degree assortativity		0.148925
number of connected components	1
size of largest component	4999 (100.00 %)
tot:  23463.070343337
__glovexmax40alpha0.2+Louvain__
PLM(balanced,pc,turbo) detected communities in 0.3291501998901367 [s]
solution properties:
-------------------  ----------
# communities         30
min community size   122
max community size   239
avg. community size  166.633
modularity             0.777499
-------------------  ----------
30 community detected
NMI:0.0
ARI:0.0
__glovexmax40alpha0.2+PLP__
PLP detected communities in 0.11247706413269043 [s]
solution properties:
-------------------  ----------
# communities         31
min community size     1
max community size   239
avg. community size  161.29
modularity             0.777499
-------------------  ----------
30 community detected
NMI:0.0
ARI:0.0
__glovexmax30alpha0.3__
Network Properties for:		G#87
nodes, edges			4999, 41798
directed?			False
weighted?			True
isolated nodes			1
self-loops			0
density				0.003346
clustering coefficient		0.415260
min/max/avg degree		0, 235, 16.722545
degree assortativity		0.148925
number of connected components	1
size of largest component	4999 (100.00 %)
tot:  20763.072400504618
__glovexmax30alpha0.3+Louvain__
PLM(balanced,pc,turbo) detected communities in 0.24605131149291992 [s]
solution properties:
-------------------  ----------
# communities         30
min community size   122
max community size   239
avg. community size  166.633
modularity             0.776341
-------------------  ----------
30 community detected
NMI:0.0017961516855820037
ARI:0.0019690488249166638
__glovexmax30alpha0.3+PLP__
PLP detected communities in 0.10710978507995605 [s]
solution properties:
-------------------  ----------
# communities         31
min community size     1
max community size   239
avg. community size  161.29
modularity             0.776341
-------------------  ----------
30 community detected
NMI:0.0017961516855820037
ARI:0.0019690488249166638
NMI classement:
[('NMIglovexmax50alpha0.2+PLP', 0.0), ('NMIglovexmax40alpha0.2+Louvain', 0.0), ('NMIglovexmax40alpha0.2+PLP', 0.0), ('NMIglovexmax30alpha0.3+Louvain', 0.0017961516855820037), ('NMIglovexmax30alpha0.3+PLP', 0.0017961516855820037), ('NMIppmi+PLP', 0.004779670523414992), ('NMIglovexmax50alpha0.2+Louvain', 0.005244148014591055), ('NMIglove+Louvain', 0.02286594503611572), ('NMIglove+PLP', 0.023859951705909932), ('NMILouvain', 0.03407881653215261), ('NMIPLP', 0.03643823592946149), ('NMIppmi+Louvain', 0.07901723323574883), ('NMIpmi+PLP', 0.09415550166809838), ('NMIpmi+Louvain', 0.09804229763737093), ('NMIstandard+Louvain', 0.29138613360853016), ('NMIstandard+PLP', 0.3698573999379), ('NMISingleton', 0.4312749414218585), ('NMIiterative_rev_degree_order+PLP', 0.4512197898588981), ('NMIiterative_rev_degree_order+Louvain', 0.5841147596074215), ('NMIAllInOne', 1.0), ('NMIfake_pmi+Louvain', 1), ('NMIfake_pmi+PLP', 1)]
ARI classement:
[('ARIglovexmax50alpha0.2+PLP', 0.0), ('ARIglovexmax40alpha0.2+Louvain', 0.0), ('ARIglovexmax40alpha0.2+PLP', 0.0), ('ARIglovexmax30alpha0.3+Louvain', 0.0019690488249166638), ('ARIglovexmax30alpha0.3+PLP', 0.0019690488249166638), ('ARIppmi+PLP', 0.005902508263753381), ('ARIglovexmax50alpha0.2+Louvain', 0.019262045010458473), ('ARIglove+Louvain', 0.025448657466282776), ('ARIglove+PLP', 0.026608089785716715), ('ARILouvain', 0.038104994215194754), ('ARIPLP', 0.04089327705177137), ('ARIpmi+PLP', 0.12801186134413012), ('ARIpmi+Louvain', 0.15408280339646985), ('ARIppmi+Louvain', 0.27443895773385196), ('ARIstandard+Louvain', 0.38121425455240876), ('ARIstandard+PLP', 0.6980221639716663), ('ARIiterative_rev_degree_order+Louvain', 0.746956577412101), ('ARIiterative_rev_degree_order+PLP', 0.9806779038258393), ('ARISingleton', 1.0), ('ARIAllInOne', 1.0), ('ARIfake_pmi+Louvain', 1), ('ARIfake_pmi+PLP', 1)]
