__LOADINGS__
4991/61548 8.109118086696562 % of nul weighted edges removed
1/5000 0.02 % of nul degree nodes removed
Network Properties for:		network
nodes, edges			4999, 56557
directed?			False
weighted?			True
isolated nodes			1
self-loops			0
density				0.004527
clustering coefficient		0.484121
min/max/avg degree		0, 390, 22.627325
degree assortativity		0.186473
number of connected components	1
size of largest component	4999 (100.00 %)
520486.57553039753
__Groundtruth__
read communities from: ../../lfr_5000/mk500/k25/muw0.2/48/community.dat
-------------------  ----------
# communities         45
min community size     6
max community size   473
avg. community size  111.111
modularity             0.649358
-------------------  ----------
45 community detected
__CLASSIC_METHODS__
__Louvain__
PLM(balanced,pc,turbo) detected communities in 0.34355759620666504 [s]
solution properties:
-------------------  ----------
# communities         25
min community size     7
max community size   479
avg. community size  199.96
modularity             0.651756
-------------------  ----------
45 community detected
NMI:0.04357472266100204
ARI:0.04310472041696922
__Singleton__
45 community detected
NMI:0.46114231974357534
ARI:1.0
__AllInOne__
45 community detected
NMI:1.0
ARI:1.0
__PLP__
PLP detected communities in 0.05232048034667969 [s]
solution properties:
-------------------  ----------
# communities         46
min community size     1
max community size   479
avg. community size  108.696
modularity             0.651644
-------------------  ----------
45 community detected
NMI:0.013935931303255433
ARI:0.01786121605515467
__NORMALIZATION__
__glove__
Network Properties for:		G#21
nodes, edges			4999, 56557
directed?			False
weighted?			True
isolated nodes			1
self-loops			0
density				0.004527
clustering coefficient		0.484121
min/max/avg degree		0, 390, 22.627325
degree assortativity		0.186473
number of connected components	1
size of largest component	4999 (100.00 %)
tot:  7672.675002855133
__glove+Louvain__
PLM(balanced,pc,turbo) detected communities in 0.39026618003845215 [s]
solution properties:
-------------------  ----------
# communities         28
min community size     7
max community size   476
avg. community size  178.536
modularity             0.690598
-------------------  ----------
45 community detected
NMI:0.030577491667796886
ARI:0.027079740295538612
__glove+PLP__
PLP detected communities in 0.06569099426269531 [s]
solution properties:
-------------------  ----------
# communities         46
min community size     1
max community size   477
avg. community size  108.696
modularity             0.690508
-------------------  ----------
45 community detected
NMI:0.009853540848230646
ARI:0.012316543632171717
__fake_pmi__
Network Properties for:		G#30
nodes, edges			4999, 56557
directed?			False
weighted?			True
isolated nodes			1
self-loops			0
density				0.004527
clustering coefficient		0.484121
min/max/avg degree		0, 390, 22.627325
degree assortativity		0.186473
number of connected components	1
size of largest component	4999 (100.00 %)
tot:  0.0
__fake_pmi+Louvain__
1 community detected due to total edge weight equal 0
NMI:1
ARI:1
__fake_pmi+PLP__
1 community detected due to total edge weight equal 0
NMI:1
ARI:1
__iterative_rev_degree_order__
Network Properties for:		G#33
nodes, edges			4999, 56557
directed?			False
weighted?			True
isolated nodes			1
self-loops			0
density				0.004527
clustering coefficient		0.484121
min/max/avg degree		0, 390, 22.627325
degree assortativity		0.186473
number of connected components	1
size of largest component	4999 (100.00 %)
tot:  1544.0182904671274
__iterative_rev_degree_order+Louvain__
PLM(balanced,pc,turbo) detected communities in 0.7896437644958496 [s]
solution properties:
-------------------  ---------
# communities         58
min community size     2
max community size   278
avg. community size   86.1897
modularity             0.86549
-------------------  ---------
45 community detected
NMI:0.6179679272027265
ARI:0.8533656299610843
__iterative_rev_degree_order+PLP__
PLP detected communities in 0.0479280948638916 [s]
solution properties:
-------------------  -----------
# communities        1486
min community size      1
max community size     13
avg. community size     3.36474
modularity              0.733171
-------------------  -----------
45 community detected
NMI:0.5011059720565463
ARI:0.9890656976161187
__pmi__
Network Properties for:		G#48
nodes, edges			4999, 56557
directed?			False
weighted?			True
isolated nodes			1
self-loops			0
density				0.004527
clustering coefficient		0.484121
min/max/avg degree		0, 390, 22.627325
degree assortativity		0.186473
number of connected components	1
size of largest component	4999 (100.00 %)
tot:  109510.88671241463
__pmi+Louvain__
PLM(balanced,pc,turbo) detected communities in 0.5139758586883545 [s]
solution properties:
-------------------  ----------
# communities          37
min community size      7
max community size   1470
avg. community size   135.108
modularity              1.21431
-------------------  ----------
45 community detected
NMI:0.18525991204775683
ARI:0.5096121810968137
__pmi+PLP__
PLP detected communities in 0.19349265098571777 [s]
solution properties:
-------------------  ---------
# communities         51
min community size     1
max community size   518
avg. community size   98.0392
modularity             1.20526
-------------------  ---------
45 community detected
NMI:0.11900969864890043
ARI:0.17975556310567642
__standard__
Network Properties for:		G#57
nodes, edges			4999, 56557
directed?			False
weighted?			True
isolated nodes			1
self-loops			0
density				0.004527
clustering coefficient		0.484121
min/max/avg degree		0, 390, 22.627325
degree assortativity		0.186473
number of connected components	1
size of largest component	4999 (100.00 %)
tot:  12.31619670018919
__standard+Louvain__
PLM(balanced,pc,turbo) detected communities in 0.665663480758667 [s]
solution properties:
-------------------  -----------
# communities          40
min community size      2
max community size   1243
avg. community size   124.975
modularity              0.914181
-------------------  -----------
45 community detected
NMI:0.40843765247768615
ARI:0.671134727225529
__standard+PLP__
PLP detected communities in 0.16127347946166992 [s]
solution properties:
-------------------  ----------
# communities        765
min community size     1
max community size   207
avg. community size    6.53595
modularity             0.821899
-------------------  ----------
45 community detected
NMI:0.42102785469582604
ARI:0.7383974877480135
__ppmi__
Network Properties for:		G#69
nodes, edges			4999, 56557
directed?			False
weighted?			True
isolated nodes			1
self-loops			0
density				0.004527
clustering coefficient		0.484121
min/max/avg degree		0, 390, 22.627325
degree assortativity		0.186473
number of connected components	1
size of largest component	4999 (100.00 %)
tot:  190543.44768572418
__ppmi+Louvain__
PLM(balanced,pc,turbo) detected communities in 0.3276853561401367 [s]
solution properties:
-------------------  ----------
# communities         29
min community size    11
max community size   465
avg. community size  172.379
modularity             0.776524
-------------------  ----------
45 community detected
NMI:0.03142494290426323
ARI:0.031127204271292896
__ppmi+PLP__
PLP detected communities in 0.09995508193969727 [s]
solution properties:
-------------------  ----------
# communities         48
min community size     1
max community size   468
avg. community size  104.167
modularity             0.776026
-------------------  ----------
45 community detected
NMI:0.010289576920414767
ARI:0.012572887125939514
__glovexmax50alpha0.2__
Network Properties for:		G#78
nodes, edges			4999, 56557
directed?			False
weighted?			True
isolated nodes			1
self-loops			0
density				0.004527
clustering coefficient		0.484121
min/max/avg degree		0, 390, 22.627325
degree assortativity		0.186473
number of connected components	1
size of largest component	4999 (100.00 %)
tot:  30603.289608275132
__glovexmax50alpha0.2+Louvain__
PLM(balanced,pc,turbo) detected communities in 0.15442228317260742 [s]
solution properties:
-------------------  ----------
# communities         27
min community size     7
max community size   473
avg. community size  185.148
modularity             0.744293
-------------------  ----------
45 community detected
NMI:0.02256037317081927
ARI:0.0189114439128929
__glovexmax50alpha0.2+PLP__
PLP detected communities in 0.001789093017578125 [s]
solution properties:
-------------------  ----------
# communities         46
min community size     1
max community size   473
avg. community size  108.696
modularity             0.744299
-------------------  ----------
45 community detected
NMI:0.0
ARI:0.0
__glovexmax40alpha0.2__
Network Properties for:		G#87
nodes, edges			4999, 56557
directed?			False
weighted?			True
isolated nodes			1
self-loops			0
density				0.004527
clustering coefficient		0.484121
min/max/avg degree		0, 390, 22.627325
degree assortativity		0.186473
number of connected components	1
size of largest component	4999 (100.00 %)
tot:  31913.575881315206
__glovexmax40alpha0.2+Louvain__
PLM(balanced,pc,turbo) detected communities in 0.11487960815429688 [s]
solution properties:
-------------------  ----------
# communities         29
min community size     7
max community size   473
avg. community size  172.379
modularity             0.744938
-------------------  ----------
45 community detected
NMI:0.02007777775485342
ARI:0.0151705729506455
__glovexmax40alpha0.2+PLP__
PLP detected communities in 0.024544715881347656 [s]
solution properties:
-------------------  ----------
# communities         46
min community size     1
max community size   473
avg. community size  108.696
modularity             0.744891
-------------------  ----------
45 community detected
NMI:0.0
ARI:0.0
__glovexmax30alpha0.3__
Network Properties for:		G#96
nodes, edges			4999, 56557
directed?			False
weighted?			True
isolated nodes			1
self-loops			0
density				0.004527
clustering coefficient		0.484121
min/max/avg degree		0, 390, 22.627325
degree assortativity		0.186473
number of connected components	1
size of largest component	4999 (100.00 %)
tot:  28319.426315684
__glovexmax30alpha0.3+Louvain__
PLM(balanced,pc,turbo) detected communities in 0.14660239219665527 [s]
solution properties:
-------------------  ----------
# communities         20
min community size    98
max community size   474
avg. community size  249.95
modularity             0.741682
-------------------  ----------
45 community detected
NMI:0.04180352290040612
ARI:0.04078101540748946
__glovexmax30alpha0.3+PLP__
PLP detected communities in 0.017043352127075195 [s]
solution properties:
-------------------  ---------
# communities         46
min community size     1
max community size   474
avg. community size  108.696
modularity             0.74217
-------------------  ---------
45 community detected
NMI:0.000453123973539471
ARI:0.000683953690666983
NMI classement:
[('NMIglovexmax50alpha0.2+PLP', 0.0), ('NMIglovexmax40alpha0.2+PLP', 0.0), ('NMIglovexmax30alpha0.3+PLP', 0.000453123973539471), ('NMIglove+PLP', 0.009853540848230646), ('NMIppmi+PLP', 0.010289576920414767), ('NMIPLP', 0.013935931303255433), ('NMIglovexmax40alpha0.2+Louvain', 0.02007777775485342), ('NMIglovexmax50alpha0.2+Louvain', 0.02256037317081927), ('NMIglove+Louvain', 0.030577491667796886), ('NMIppmi+Louvain', 0.03142494290426323), ('NMIglovexmax30alpha0.3+Louvain', 0.04180352290040612), ('NMILouvain', 0.04357472266100204), ('NMIpmi+PLP', 0.11900969864890043), ('NMIpmi+Louvain', 0.18525991204775683), ('NMIstandard+Louvain', 0.40843765247768615), ('NMIstandard+PLP', 0.42102785469582604), ('NMISingleton', 0.46114231974357534), ('NMIiterative_rev_degree_order+PLP', 0.5011059720565463), ('NMIiterative_rev_degree_order+Louvain', 0.6179679272027265), ('NMIAllInOne', 1.0), ('NMIfake_pmi+Louvain', 1), ('NMIfake_pmi+PLP', 1)]
ARI classement:
[('ARIglovexmax50alpha0.2+PLP', 0.0), ('ARIglovexmax40alpha0.2+PLP', 0.0), ('ARIglovexmax30alpha0.3+PLP', 0.000683953690666983), ('ARIglove+PLP', 0.012316543632171717), ('ARIppmi+PLP', 0.012572887125939514), ('ARIglovexmax40alpha0.2+Louvain', 0.0151705729506455), ('ARIPLP', 0.01786121605515467), ('ARIglovexmax50alpha0.2+Louvain', 0.0189114439128929), ('ARIglove+Louvain', 0.027079740295538612), ('ARIppmi+Louvain', 0.031127204271292896), ('ARIglovexmax30alpha0.3+Louvain', 0.04078101540748946), ('ARILouvain', 0.04310472041696922), ('ARIpmi+PLP', 0.17975556310567642), ('ARIpmi+Louvain', 0.5096121810968137), ('ARIstandard+Louvain', 0.671134727225529), ('ARIstandard+PLP', 0.7383974877480135), ('ARIiterative_rev_degree_order+Louvain', 0.8533656299610843), ('ARIiterative_rev_degree_order+PLP', 0.9890656976161187), ('ARISingleton', 1.0), ('ARIAllInOne', 1.0), ('ARIfake_pmi+Louvain', 1), ('ARIfake_pmi+PLP', 1)]
