__LOADINGS__
Network Properties for:		network
nodes, edges			5000, 27633
directed?			False
weighted?			True
isolated nodes			1
self-loops			0
density				0.002211
clustering coefficient		0.414399
min/max/avg degree		0, 357, 11.053200
degree assortativity		0.162374
number of connected components	9
size of largest component	4974 (99.48 %)
236216.53044496043
__Groundtruth__
read communities from: ../../lfr_5000/mk500/k15/muw0.2/14/community.dat
-------------------  ---------
# communities         50
min community size     3
max community size   469
avg. community size  100
modularity             0.58299
-------------------  ---------
50 community detected
__CLASSIC_METHODS__
__Louvain__
PLM(balanced,pc,turbo) detected communities in 0.527855396270752 [s]
solution properties:
-------------------  ----------
# communities         33
min community size     1
max community size   497
avg. community size  151.515
modularity             0.593057
-------------------  ----------
50 community detected
NMI:0.15549528735714557
ARM:0.1753710390215688
__Singleton__
50 community detected
NMI:0.46195834337911923
ARM:1.0
__AllInOne__
50 community detected
NMI:1.0
ARM:1.0
__PLP__
PLP detected communities in 0.14710259437561035 [s]
solution properties:
-------------------  ----------
# communities         71
min community size     1
max community size   513
avg. community size   70.4225
modularity             0.587039
-------------------  ----------
50 community detected
NMI:0.13469452934232395
ARM:0.15386518577662434
__NORMALIZATION__
__glove__
Network Properties for:		G#24cc
nodes, edges			4974, 27606
directed?			False
weighted?			True
isolated nodes			0
self-loops			0
density				0.002232
clustering coefficient		0.413147
min/max/avg degree		1, 357, 11.100121
degree assortativity		0.161784
number of connected components	1
size of largest component	4974 (100.00 %)
tot:  3207.066624133135
__glove+Louvain__
PLM(balanced,pc,turbo) detected communities in 0.48705577850341797 [s]
solution properties:
-------------------  ----------
# communities         29
min community size     7
max community size   493
avg. community size  171.517
modularity             0.648363
-------------------  ----------
50 community detected
NMI:0.9603361835175003
ARM:0.9992704336705034
__glove+PLP__
PLP detected communities in 0.13413786888122559 [s]
solution properties:
-------------------  ----------
# communities         67
min community size     2
max community size   506
avg. community size   74.2388
modularity             0.645617
-------------------  ----------
50 community detected
NMI:0.9426995656846605
ARM:0.999297333328423
__fake_pmi__
Network Properties for:		G#46cc
nodes, edges			4974, 27606
directed?			False
weighted?			True
isolated nodes			0
self-loops			0
density				0.002232
clustering coefficient		0.413147
min/max/avg degree		1, 357, 11.100121
degree assortativity		0.161784
number of connected components	1
size of largest component	4974 (100.00 %)
tot:  0.0
__fake_pmi+Louvain__
1 community detected due to total edge weight equal 0
NMI:1
ARM:0.999297333328423
__fake_pmi+PLP__
1 community detected due to total edge weight equal 0
NMI:1
ARM:0.999297333328423
__iterative_rev_degree_order__
Network Properties for:		G#59cc
nodes, edges			4974, 27606
directed?			False
weighted?			True
isolated nodes			0
self-loops			0
density				0.002232
clustering coefficient		0.413147
min/max/avg degree		1, 357, 11.100121
degree assortativity		0.161784
number of connected components	1
size of largest component	4974 (100.00 %)
tot:  1691.3778098927692
__iterative_rev_degree_order+Louvain__
PLM(balanced,pc,turbo) detected communities in 0.7533626556396484 [s]
solution properties:
-------------------  ----------
# communities        118
min community size     2
max community size   205
avg. community size   42.1525
modularity             0.936046
-------------------  ----------
50 community detected
NMI:0.9070613654913152
ARM:0.9996738118483316
__iterative_rev_degree_order+PLP__
PLP detected communities in 0.09959030151367188 [s]
solution properties:
-------------------  -----------
# communities        1388
min community size      2
max community size     29
avg. community size     3.58357
modularity              0.843987
-------------------  -----------
50 community detected
NMI:0.6394799969468999
ARM:0.9999408402376532
__pmi__
Network Properties for:		G#84cc
nodes, edges			4974, 27606
directed?			False
weighted?			True
isolated nodes			0
self-loops			0
density				0.002232
clustering coefficient		0.413147
min/max/avg degree		1, 357, 11.100121
degree assortativity		0.161784
number of connected components	1
size of largest component	4974 (100.00 %)
tot:  35776.767798562796
__pmi+Louvain__
PLM(balanced,pc,turbo) detected communities in 0.5131382942199707 [s]
solution properties:
-------------------  --------
# communities         36
min community size     1
max community size   594
avg. community size  138.167
modularity             1.8701
-------------------  --------
50 community detected
NMI:0.9554786597260622
ARM:1.0000789054727908
__pmi+PLP__
PLP detected communities in 0.1668720245361328 [s]
solution properties:
-------------------  ---------
# communities        540
min community size     1
max community size   329
avg. community size    9.21111
modularity             1.60266
-------------------  ---------
50 community detected
NMI:0.7995496132816241
ARM:1.000319023129177
__standard__
Network Properties for:		G#106cc
nodes, edges			4974, 27606
directed?			False
weighted?			True
isolated nodes			0
self-loops			0
density				0.002232
clustering coefficient		0.413147
min/max/avg degree		1, 357, 11.100121
degree assortativity		0.161784
number of connected components	1
size of largest component	4974 (100.00 %)
tot:  38.433557364548165
__standard+Louvain__
PLM(balanced,pc,turbo) detected communities in 0.7499270439147949 [s]
solution properties:
-------------------  ----------
# communities         76
min community size     2
max community size   966
avg. community size   65.4474
modularity             0.943547
-------------------  ----------
50 community detected
NMI:0.931212251340741
ARM:1.000105005945607
__standard+PLP__
PLP detected communities in 0.10336780548095703 [s]
solution properties:
-------------------  -----------
# communities        1072
min community size      2
max community size    149
avg. community size     4.63993
modularity              0.812138
-------------------  -----------
50 community detected
NMI:0.6878441123404854
ARM:0.9998038457137564
__ppmi__
Network Properties for:		G#131cc
nodes, edges			4974, 27606
directed?			False
weighted?			True
isolated nodes			0
self-loops			0
density				0.002232
clustering coefficient		0.413147
min/max/avg degree		1, 357, 11.100121
degree assortativity		0.161784
number of connected components	1
size of largest component	4974 (100.00 %)
tot:  94406.65315170372
__ppmi+Louvain__
PLM(balanced,pc,turbo) detected communities in 0.580643892288208 [s]
solution properties:
-------------------  ----------
# communities         36
min community size     8
max community size   405
avg. community size  138.167
modularity             0.766642
-------------------  ----------
50 community detected
NMI:0.9551691813323842
ARM:0.9997475693628587
__ppmi+PLP__
PLP detected communities in 0.14939308166503906 [s]
solution properties:
-------------------  ----------
# communities        498
min community size     1
max community size   394
avg. community size    9.98795
modularity             0.645851
-------------------  ----------
50 community detected
NMI:0.8093379035032854
ARM:1.000324518990156
__glovexmax50alpha0.2__
Network Properties for:		G#153cc
nodes, edges			4974, 27606
directed?			False
weighted?			True
isolated nodes			0
self-loops			0
density				0.002232
clustering coefficient		0.413147
min/max/avg degree		1, 357, 11.100121
degree assortativity		0.161784
number of connected components	1
size of largest component	4974 (100.00 %)
tot:  13229.137474914718
__glovexmax50alpha0.2+Louvain__
PLM(balanced,pc,turbo) detected communities in 0.5755398273468018 [s]
solution properties:
-------------------  ----------
# communities         31
min community size     7
max community size   473
avg. community size  160.452
modularity             0.727457
-------------------  ----------
50 community detected
NMI:0.9600295605527693
ARM:0.9997625875271848
__glovexmax50alpha0.2+PLP__
PLP detected communities in 0.12233686447143555 [s]
solution properties:
-------------------  ----------
# communities         67
min community size     2
max community size   486
avg. community size   74.2388
modularity             0.723572
-------------------  ----------
50 community detected
NMI:0.943046440731235
ARM:0.9996015038379509
__glovexmax40alpha0.2__
Network Properties for:		G#175cc
nodes, edges			4974, 27606
directed?			False
weighted?			True
isolated nodes			0
self-loops			0
density				0.002232
clustering coefficient		0.413147
min/max/avg degree		1, 357, 11.100121
degree assortativity		0.161784
number of connected components	1
size of largest component	4974 (100.00 %)
tot:  13783.686314911965
__glovexmax40alpha0.2+Louvain__
PLM(balanced,pc,turbo) detected communities in 0.4820261001586914 [s]
solution properties:
-------------------  ----------
# communities         28
min community size     7
max community size   470
avg. community size  177.643
modularity             0.728327
-------------------  ----------
50 community detected
NMI:0.9609948607000697
ARM:0.9995217247615122
__glovexmax40alpha0.2+PLP__
PLP detected communities in 0.1264021396636963 [s]
solution properties:
-------------------  ----------
# communities         71
min community size     2
max community size   487
avg. community size   70.0563
modularity             0.722628
-------------------  ----------
50 community detected
NMI:0.9410804511304216
ARM:0.999611994735067
__glovexmax30alpha0.3__
Network Properties for:		G#197cc
nodes, edges			4974, 27606
directed?			False
weighted?			True
isolated nodes			0
self-loops			0
density				0.002232
clustering coefficient		0.413147
min/max/avg degree		1, 357, 11.100121
degree assortativity		0.161784
number of connected components	1
size of largest component	4974 (100.00 %)
tot:  11860.46309551421
__glovexmax30alpha0.3+Louvain__
PLM(balanced,pc,turbo) detected communities in 0.4777638912200928 [s]
solution properties:
-------------------  ----------
# communities         32
min community size     7
max community size   475
avg. community size  155.438
modularity             0.723348
-------------------  ----------
50 community detected
NMI:0.9583377266103449
ARM:0.9995022603193432
__glovexmax30alpha0.3+PLP__
PLP detected communities in 0.12850546836853027 [s]
solution properties:
-------------------  ----------
# communities         70
min community size     2
max community size   492
avg. community size   71.0571
modularity             0.718026
-------------------  ----------
50 community detected
NMI:0.9413490812291573
ARM:0.9995230113486034
