__LOADINGS__
Network Properties for:		network
nodes, edges			5000, 27604
directed?			False
weighted?			True
isolated nodes			0
self-loops			0
density				0.002209
clustering coefficient		0.290535
min/max/avg degree		1, 341, 11.041600
degree assortativity		0.233045
number of connected components	6
size of largest component	4984 (99.68 %)
236508.52028918432
__Groundtruth__
read communities from: ../../lfr_5000/mk500/k15/muw0.3/39/community.dat
-------------------  ----------
# communities         51
min community size     3
max community size   469
avg. community size   98.0392
modularity             0.475463
-------------------  ----------
51 community detected
__CLASSIC_METHODS__
__Louvain__
PLM(balanced,pc,turbo) detected communities in 0.3168301582336426 [s]
solution properties:
-------------------  ----------
# communities         23
min community size     3
max community size   501
avg. community size  217.391
modularity             0.491876
-------------------  ----------
51 community detected
NMI:0.26929282026664225
ARM:0.32812295551540505
__Singleton__
51 community detected
NMI:0.45964250499882586
ARM:1.0
__AllInOne__
51 community detected
NMI:1.0
ARM:1.0
__PLP__
PLP detected communities in 0.14312314987182617 [s]
solution properties:
-------------------  ----------
# communities         80
min community size     2
max community size   640
avg. community size   62.5
modularity             0.468851
-------------------  ----------
51 community detected
NMI:0.24269392398213374
ARM:0.3267070262916384
__NORMALIZATION__
__glove__
Network Properties for:		G#24cc
nodes, edges			4984, 27588
directed?			False
weighted?			True
isolated nodes			0
self-loops			0
density				0.002222
clustering coefficient		0.289060
min/max/avg degree		1, 341, 11.070626
degree assortativity		0.232721
number of connected components	1
size of largest component	4984 (100.00 %)
tot:  3321.238213128721
__glove+Louvain__
PLM(balanced,pc,turbo) detected communities in 0.618323802947998 [s]
solution properties:
-------------------  ----------
# communities         23
min community size     3
max community size   488
avg. community size  216.696
modularity             0.551047
-------------------  ----------
51 community detected
NMI:0.9693047664843548
ARM:0.99949138406035
__glove+PLP__
PLP detected communities in 0.12871527671813965 [s]
solution properties:
-------------------  ----------
# communities         76
min community size     2
max community size   520
avg. community size   65.5789
modularity             0.542332
-------------------  ----------
51 community detected
NMI:0.9400731183281937
ARM:0.9991638435226886
__fake_pmi__
Network Properties for:		G#46cc
nodes, edges			4984, 27588
directed?			False
weighted?			True
isolated nodes			0
self-loops			0
density				0.002222
clustering coefficient		0.289060
min/max/avg degree		1, 341, 11.070626
degree assortativity		0.232721
number of connected components	1
size of largest component	4984 (100.00 %)
tot:  0.0
__fake_pmi+Louvain__
1 community detected due to total edge weight equal 0
NMI:1
ARM:0.9991638435226886
__fake_pmi+PLP__
1 community detected due to total edge weight equal 0
NMI:1
ARM:0.9991638435226886
__iterative_rev_degree_order__
Network Properties for:		G#59cc
nodes, edges			4984, 27588
directed?			False
weighted?			True
isolated nodes			0
self-loops			0
density				0.002222
clustering coefficient		0.289060
min/max/avg degree		1, 341, 11.070626
degree assortativity		0.232721
number of connected components	1
size of largest component	4984 (100.00 %)
tot:  1671.0147889919067
__iterative_rev_degree_order+Louvain__
PLM(balanced,pc,turbo) detected communities in 0.7779920101165771 [s]
solution properties:
-------------------  ---------
# communities        112
min community size     2
max community size   143
avg. community size   44.5
modularity             0.93335
-------------------  ---------
51 community detected
NMI:0.9038059068578516
ARM:1.0000676134154676
__iterative_rev_degree_order+PLP__
PLP detected communities in 0.048449039459228516 [s]
solution properties:
-------------------  -----------
# communities        1447
min community size      2
max community size     26
avg. community size     3.44437
modularity              0.849147
-------------------  -----------
51 community detected
NMI:0.6300144643854604
ARM:1.0000657673693767
__pmi__
Network Properties for:		G#84cc
nodes, edges			4984, 27588
directed?			False
weighted?			True
isolated nodes			0
self-loops			0
density				0.002222
clustering coefficient		0.289060
min/max/avg degree		1, 341, 11.070626
degree assortativity		0.232721
number of connected components	1
size of largest component	4984 (100.00 %)
tot:  36581.03939134369
__pmi+Louvain__
PLM(balanced,pc,turbo) detected communities in 0.7142364978790283 [s]
solution properties:
-------------------  ---------
# communities         33
min community size     3
max community size   490
avg. community size  151.03
modularity             1.67169
-------------------  ---------
51 community detected
NMI:0.9602259472963338
ARM:1.0000123529993081
__pmi+PLP__
PLP detected communities in 0.0874793529510498 [s]
solution properties:
-------------------  ---------
# communities        954
min community size     1
max community size   176
avg. community size    5.22432
modularity             1.22369
-------------------  ---------
51 community detected
NMI:0.7080540233445399
ARM:0.9994041132078969
__standard__
Network Properties for:		G#106cc
nodes, edges			4984, 27588
directed?			False
weighted?			True
isolated nodes			0
self-loops			0
density				0.002222
clustering coefficient		0.289060
min/max/avg degree		1, 341, 11.070626
degree assortativity		0.232721
number of connected components	1
size of largest component	4984 (100.00 %)
tot:  40.81822802214929
__standard+Louvain__
PLM(balanced,pc,turbo) detected communities in 0.6588561534881592 [s]
solution properties:
-------------------  ---------
# communities        124
min community size     2
max community size   984
avg. community size   40.1935
modularity             0.94842
-------------------  ---------
51 community detected
NMI:0.9043392861286577
ARM:0.9990849250363418
__standard+PLP__
PLP detected communities in 0.11241841316223145 [s]
solution properties:
-------------------  -----------
# communities        1182
min community size      2
max community size     75
avg. community size     4.21658
modularity              0.846957
-------------------  -----------
51 community detected
NMI:0.664962684780229
ARM:0.999957620175057
__ppmi__
Network Properties for:		G#128cc
nodes, edges			4984, 27588
directed?			False
weighted?			True
isolated nodes			0
self-loops			0
density				0.002222
clustering coefficient		0.289060
min/max/avg degree		1, 341, 11.070626
degree assortativity		0.232721
number of connected components	1
size of largest component	4984 (100.00 %)
tot:  96650.37024319018
__ppmi+Louvain__
PLM(balanced,pc,turbo) detected communities in 0.6054682731628418 [s]
solution properties:
-------------------  ----------
# communities         33
min community size     8
max community size   400
avg. community size  151.03
modularity             0.681259
-------------------  ----------
51 community detected
NMI:0.9590399421902738
ARM:0.9997798114635656
__ppmi+PLP__
PLP detected communities in 0.1827716827392578 [s]
solution properties:
-------------------  ----------
# communities        824
min community size     1
max community size   216
avg. community size    6.04854
modularity             0.522822
-------------------  ----------
51 community detected
NMI:0.7356355365757844
ARM:0.9995594233891727
__glovexmax50alpha0.2__
Network Properties for:		G#150cc
nodes, edges			4984, 27588
directed?			False
weighted?			True
isolated nodes			0
self-loops			0
density				0.002222
clustering coefficient		0.289060
min/max/avg degree		1, 341, 11.070626
degree assortativity		0.232721
number of connected components	1
size of largest component	4984 (100.00 %)
tot:  13492.38646033549
__glovexmax50alpha0.2+Louvain__
PLM(balanced,pc,turbo) detected communities in 0.5273323059082031 [s]
solution properties:
-------------------  ----------
# communities         31
min community size     5
max community size   442
avg. community size  160.774
modularity             0.629774
-------------------  ----------
51 community detected
NMI:0.9614877145169394
ARM:0.9993485223301944
__glovexmax50alpha0.2+PLP__
PLP detected communities in 0.14406967163085938 [s]
solution properties:
-------------------  ----------
# communities         78
min community size     1
max community size   467
avg. community size   63.8974
modularity             0.618414
-------------------  ----------
51 community detected
NMI:0.9402897212308798
ARM:0.9992134180553963
__glovexmax40alpha0.2__
Network Properties for:		G#172cc
nodes, edges			4984, 27588
directed?			False
weighted?			True
isolated nodes			0
self-loops			0
density				0.002222
clustering coefficient		0.289060
min/max/avg degree		1, 341, 11.070626
degree assortativity		0.232721
number of connected components	1
size of largest component	4984 (100.00 %)
tot:  14065.132011821825
__glovexmax40alpha0.2+Louvain__
PLM(balanced,pc,turbo) detected communities in 0.5781669616699219 [s]
solution properties:
-------------------  ----------
# communities         27
min community size     5
max community size   440
avg. community size  184.593
modularity             0.630442
-------------------  ----------
51 community detected
NMI:0.9644761700996737
ARM:0.9993115302824764
__glovexmax40alpha0.2+PLP__
PLP detected communities in 0.156907320022583 [s]
solution properties:
-------------------  ----------
# communities         74
min community size     2
max community size   467
avg. community size   67.3514
modularity             0.622786
-------------------  ----------
51 community detected
NMI:0.9416222802197093
ARM:0.9991087977848556
__glovexmax30alpha0.3__
Network Properties for:		G#194cc
nodes, edges			4984, 27588
directed?			False
weighted?			True
isolated nodes			0
self-loops			0
density				0.002222
clustering coefficient		0.289060
min/max/avg degree		1, 341, 11.070626
degree assortativity		0.232721
number of connected components	1
size of largest component	4984 (100.00 %)
tot:  12273.01383164317
__glovexmax30alpha0.3+Louvain__
PLM(balanced,pc,turbo) detected communities in 0.6785597801208496 [s]
solution properties:
-------------------  ----------
# communities         29
min community size     5
max community size   455
avg. community size  171.862
modularity             0.625311
-------------------  ----------
51 community detected
NMI:0.9620689006121959
ARM:0.9994162868017632
__glovexmax30alpha0.3+PLP__
PLP detected communities in 0.1427147388458252 [s]
solution properties:
-------------------  ----------
# communities         78
min community size     1
max community size   474
avg. community size   63.8974
modularity             0.606571
-------------------  ----------
51 community detected
NMI:0.9402138944261641
ARM:0.999491521506329
