__LOADINGS__
Network Properties for:		network
nodes, edges			5000, 33303
directed?			False
weighted?			True
isolated nodes			1
self-loops			0
density				0.002665
clustering coefficient		0.390982
min/max/avg degree		0, 237, 13.321200
degree assortativity		0.125698
number of connected components	2
size of largest component	4999 (99.98 %)
241720.1186862698
__Groundtruth__
read communities from: ../../lfr_5000/mk300/k15/muw0.2/18/community.dat
-------------------  ----------
# communities         30
min community size   122
max community size   240
avg. community size  166.667
modularity             0.704068
-------------------  ----------
30 community detected
__CLASSIC_METHODS__
__Louvain__
PLM(balanced,pc,turbo) detected communities in 0.23032832145690918 [s]
solution properties:
-------------------  ----------
# communities         31
min community size     1
max community size   247
avg. community size  161.29
modularity             0.707794
-------------------  ----------
30 community detected
NMI:0.06551592286998753
ARM:0.07489958219935744
__Singleton__
30 community detected
NMI:0.431292815329661
ARM:1.0
__AllInOne__
30 community detected
NMI:1.0
ARM:1.0
__PLP__
PLP detected communities in 0.04669475555419922 [s]
solution properties:
-------------------  ----------
# communities         31
min community size     1
max community size   247
avg. community size  161.29
modularity             0.707794
-------------------  ----------
30 community detected
NMI:0.06576398795805005
ARM:0.07528815321951643
__NORMALIZATION__
__glove__
Network Properties for:		G#18cc
nodes, edges			4999, 33303
directed?			False
weighted?			True
isolated nodes			0
self-loops			0
density				0.002666
clustering coefficient		0.391060
min/max/avg degree		3, 237, 13.323865
degree assortativity		0.125698
number of connected components	1
size of largest component	4999 (100.00 %)
tot:  3816.210325828703
__glove+Louvain__
PLM(balanced,pc,turbo) detected communities in 0.12279105186462402 [s]
solution properties:
-------------------  ----------
# communities         30
min community size   121
max community size   245
avg. community size  166.633
modularity             0.735373
-------------------  ----------
30 community detected
NMI:0.050815307696264855
ARM:0.0577393652286069
__glove+PLP__
PLP detected communities in 0.047731637954711914 [s]
solution properties:
-------------------  ----------
# communities         30
min community size   121
max community size   246
avg. community size  166.633
modularity             0.735371
-------------------  ----------
30 community detected
NMI:0.051551790639184136
ARM:0.05863877248233418
__fake_pmi__
Network Properties for:		G#34cc
nodes, edges			4999, 33303
directed?			False
weighted?			True
isolated nodes			0
self-loops			0
density				0.002666
clustering coefficient		0.391060
min/max/avg degree		3, 237, 13.323865
degree assortativity		0.125698
number of connected components	1
size of largest component	4999 (100.00 %)
tot:  0.0
__fake_pmi+Louvain__
1 community detected due to total edge weight equal 0
NMI:1
ARM:0.05863877248233418
__fake_pmi+PLP__
1 community detected due to total edge weight equal 0
NMI:1
ARM:0.05863877248233418
__iterative_rev_degree_order__
Network Properties for:		G#47cc
nodes, edges			4999, 33303
directed?			False
weighted?			True
isolated nodes			0
self-loops			0
density				0.002666
clustering coefficient		0.391060
min/max/avg degree		3, 237, 13.323865
degree assortativity		0.125698
number of connected components	1
size of largest component	4999 (100.00 %)
tot:  1702.4836074448085
__iterative_rev_degree_order+Louvain__
PLM(balanced,pc,turbo) detected communities in 0.3377871513366699 [s]
solution properties:
-------------------  ----------
# communities         50
min community size     2
max community size   217
avg. community size   99.98
modularity             0.881217
-------------------  ----------
30 community detected
NMI:0.5711362948106539
ARM:0.7433428799461028
__iterative_rev_degree_order+PLP__
PLP detected communities in 0.03792858123779297 [s]
solution properties:
-------------------  -----------
# communities        1517
min community size      2
max community size     23
avg. community size     3.29532
modularity              0.763334
-------------------  -----------
30 community detected
NMI:0.45393318565377516
ARM:0.9784976820895831
__pmi__
Network Properties for:		G#72cc
nodes, edges			4999, 33303
directed?			False
weighted?			True
isolated nodes			0
self-loops			0
density				0.002666
clustering coefficient		0.391060
min/max/avg degree		3, 237, 13.323865
degree assortativity		0.125698
number of connected components	1
size of largest component	4999 (100.00 %)
tot:  97309.61047926306
__pmi+Louvain__
PLM(balanced,pc,turbo) detected communities in 0.13951468467712402 [s]
solution properties:
-------------------  ----------
# communities         27
min community size   126
max community size   529
avg. community size  185.148
modularity             0.983779
-------------------  ----------
30 community detected
NMI:0.14850596944331385
ARM:0.2768786170300086
__pmi+PLP__
PLP detected communities in 0.04928183555603027 [s]
solution properties:
-------------------  ----------
# communities         96
min community size     1
max community size   206
avg. community size   52.0729
modularity             0.970889
-------------------  ----------
30 community detected
NMI:0.13031594436498828
ARM:0.1743337396355319
__standard__
Network Properties for:		G#91cc
nodes, edges			4999, 33303
directed?			False
weighted?			True
isolated nodes			0
self-loops			0
density				0.002666
clustering coefficient		0.391060
min/max/avg degree		3, 237, 13.323865
degree assortativity		0.125698
number of connected components	1
size of largest component	4999 (100.00 %)
tot:  15.903931177740395
__standard+Louvain__
PLM(balanced,pc,turbo) detected communities in 0.23195815086364746 [s]
solution properties:
-------------------  ---------
# communities         42
min community size     2
max community size   508
avg. community size  119.024
modularity             0.86881
-------------------  ---------
30 community detected
NMI:0.3576320569304827
ARM:0.49159705072082593
__standard+PLP__
PLP detected communities in 0.038768768310546875 [s]
solution properties:
-------------------  -----------
# communities        1143
min community size      1
max community size     92
avg. community size     4.37358
modularity              0.702612
-------------------  -----------
30 community detected
NMI:0.41140135403433276
ARM:0.8501986245781897
__ppmi__
Network Properties for:		G#113cc
nodes, edges			4999, 33303
directed?			False
weighted?			True
isolated nodes			0
self-loops			0
density				0.002666
clustering coefficient		0.391060
min/max/avg degree		3, 237, 13.323865
degree assortativity		0.125698
number of connected components	1
size of largest component	4999 (100.00 %)
tot:  135525.42941063986
__ppmi+Louvain__
PLM(balanced,pc,turbo) detected communities in 0.042510032653808594 [s]
solution properties:
-------------------  ----------
# communities         22
min community size   127
max community size   420
avg. community size  227.227
modularity             0.768337
-------------------  ----------
30 community detected
NMI:0.09725663107181837
ARM:0.2597833862720159
__ppmi+PLP__
PLP detected communities in 0.0021486282348632812 [s]
solution properties:
-------------------  ----------
# communities         62
min community size     1
max community size   216
avg. community size   80.629
modularity             0.773906
-------------------  ----------
30 community detected
NMI:0.045206698361988096
ARM:0.05619483198490116
__glovexmax50alpha0.2__
Network Properties for:		G#132cc
nodes, edges			4999, 33303
directed?			False
weighted?			True
isolated nodes			0
self-loops			0
density				0.002666
clustering coefficient		0.391060
min/max/avg degree		3, 237, 13.323865
degree assortativity		0.125698
number of connected components	1
size of largest component	4999 (100.00 %)
tot:  17436.48707724031
__glovexmax50alpha0.2+Louvain__
PLM(balanced,pc,turbo) detected communities in 0.004822731018066406 [s]
solution properties:
-------------------  ----------
# communities         26
min community size   122
max community size   301
avg. community size  192.269
modularity             0.766755
-------------------  ----------
30 community detected
NMI:0.02686069610167474
ARM:0.08708760290756745
__glovexmax50alpha0.2+PLP__
PLP detected communities in 0.0014495849609375 [s]
solution properties:
-------------------  ----------
# communities         30
min community size   122
max community size   240
avg. community size  166.633
modularity             0.769895
-------------------  ----------
30 community detected
NMI:0.0045943487215885925
ARM:0.005151523942136582
__glovexmax40alpha0.2__
Network Properties for:		G#151cc
nodes, edges			4999, 33303
directed?			False
weighted?			True
isolated nodes			0
self-loops			0
density				0.002666
clustering coefficient		0.391060
min/max/avg degree		3, 237, 13.323865
degree assortativity		0.125698
number of connected components	1
size of largest component	4999 (100.00 %)
tot:  18205.486756017737
__glovexmax40alpha0.2+Louvain__
PLM(balanced,pc,turbo) detected communities in 0.12060022354125977 [s]
solution properties:
-------------------  ----------
# communities         25
min community size   122
max community size   318
avg. community size  199.96
modularity             0.765942
-------------------  ----------
30 community detected
NMI:0.03327585952016088
ARM:0.10920416915180942
__glovexmax40alpha0.2+PLP__
PLP detected communities in 0.03829789161682129 [s]
solution properties:
-------------------  ----------
# communities         30
min community size   122
max community size   240
avg. community size  166.633
modularity             0.770126
-------------------  ----------
30 community detected
NMI:0.0045943487215885925
ARM:0.005151523942136582
__glovexmax30alpha0.3__
Network Properties for:		G#170cc
nodes, edges			4999, 33303
directed?			False
weighted?			True
isolated nodes			0
self-loops			0
density				0.002666
clustering coefficient		0.391060
min/max/avg degree		3, 237, 13.323865
degree assortativity		0.125698
number of connected components	1
size of largest component	4999 (100.00 %)
tot:  15920.035126459583
__glovexmax30alpha0.3+Louvain__
PLM(balanced,pc,turbo) detected communities in 0.0040280818939208984 [s]
solution properties:
-------------------  ----------
# communities         30
min community size   121
max community size   241
avg. community size  166.633
modularity             0.768341
-------------------  ----------
30 community detected
NMI:0.01645650133844534
ARM:0.018622345122854322
__glovexmax30alpha0.3+PLP__
PLP detected communities in 0.002168893814086914 [s]
solution properties:
-------------------  ----------
# communities         30
min community size   121
max community size   241
avg. community size  166.633
modularity             0.768297
-------------------  ----------
30 community detected
NMI:0.017068110229725764
ARM:0.019242129016125542
