__LOADINGS__
Network Properties for:		network
nodes, edges			5000, 31176
directed?			False
weighted?			True
isolated nodes			1
self-loops			0
density				0.002495
clustering coefficient		0.164293
min/max/avg degree		0, 75, 12.470400
degree assortativity		0.383725
number of connected components	2
size of largest component	4999 (99.98 %)
167693.060348957
__Groundtruth__
read communities from: ../../lfr_5000/mk100/k15/muw0.4/28/community.dat
-------------------  ----------
# communities        104
min community size    20
max community size    99
avg. community size   48.0769
modularity             0.584412
-------------------  ----------
104 community detected
__CLASSIC_METHODS__
__Louvain__
PLM(balanced,pc,turbo) detected communities in 0.6335725784301758 [s]
solution properties:
-------------------  ----------
# communities         43
min community size     1
max community size   184
avg. community size  116.279
modularity             0.591551
-------------------  ----------
104 community detected
NMI:0.16972021418067773
ARM:0.4481762142914657
__Singleton__
104 community detected
NMI:0.3047814955401724
ARM:1.0
__AllInOne__
104 community detected
NMI:1.0
ARM:1.0
__PLP__
PLP detected communities in 0.1681208610534668 [s]
solution properties:
-------------------  ----------
# communities        111
min community size     1
max community size   138
avg. community size   45.045
modularity             0.584953
-------------------  ----------
104 community detected
NMI:0.06928252438887383
ARM:0.14186242279165961
__NORMALIZATION__
__glove__
Network Properties for:		G#21cc
nodes, edges			4999, 31176
directed?			False
weighted?			True
isolated nodes			0
self-loops			0
density				0.002496
clustering coefficient		0.164325
min/max/avg degree		4, 75, 12.472895
degree assortativity		0.383725
number of connected components	1
size of largest component	4999 (100.00 %)
tot:  3274.1210807038187
__glove+Louvain__
PLM(balanced,pc,turbo) detected communities in 0.4556436538696289 [s]
solution properties:
-------------------  ----------
# communities         50
min community size    32
max community size   159
avg. community size   99.98
modularity             0.597582
-------------------  ----------
104 community detected
NMI:0.12858221935717118
ARM:0.36260981790059754
__glove+PLP__
PLP detected communities in 0.16909193992614746 [s]
solution properties:
-------------------  ----------
# communities        108
min community size     4
max community size   137
avg. community size   46.287
modularity             0.590317
-------------------  ----------
104 community detected
NMI:0.047199103324603864
ARM:0.10420280093667011
__fake_pmi__
Network Properties for:		G#40cc
nodes, edges			4999, 31176
directed?			False
weighted?			True
isolated nodes			0
self-loops			0
density				0.002496
clustering coefficient		0.164325
min/max/avg degree		4, 75, 12.472895
degree assortativity		0.383725
number of connected components	1
size of largest component	4999 (100.00 %)
tot:  0.0
__fake_pmi+Louvain__
1 community detected due to total edge weight equal 0
NMI:1
ARM:0.10420280093667011
__fake_pmi+PLP__
1 community detected due to total edge weight equal 0
NMI:1
ARM:0.10420280093667011
__iterative_rev_degree_order__
Network Properties for:		G#53cc
nodes, edges			4999, 31176
directed?			False
weighted?			True
isolated nodes			0
self-loops			0
density				0.002496
clustering coefficient		0.164325
min/max/avg degree		4, 75, 12.472895
degree assortativity		0.383725
number of connected components	1
size of largest component	4999 (100.00 %)
tot:  1402.2389410944602
__iterative_rev_degree_order+Louvain__
PLM(balanced,pc,turbo) detected communities in 0.8844289779663086 [s]
solution properties:
-------------------  ----------
# communities         71
min community size    33
max community size   113
avg. community size   70.4085
modularity             0.800916
-------------------  ----------
104 community detected
NMI:0.6182984620646581
ARM:0.9323604167509232
__iterative_rev_degree_order+PLP__
PLP detected communities in 0.07532429695129395 [s]
solution properties:
-------------------  -----------
# communities        1425
min community size      2
max community size     11
avg. community size     3.50807
modularity              0.686371
-------------------  -----------
104 community detected
NMI:0.3477417341687097
ARM:0.9637144871854014
__pmi__
Network Properties for:		G#78cc
nodes, edges			4999, 31176
directed?			False
weighted?			True
isolated nodes			0
self-loops			0
density				0.002496
clustering coefficient		0.164325
min/max/avg degree		4, 75, 12.472895
degree assortativity		0.383725
number of connected components	1
size of largest component	4999 (100.00 %)
tot:  182530.45015212052
__pmi+Louvain__
PLM(balanced,pc,turbo) detected communities in 0.5492081642150879 [s]
solution properties:
-------------------  ---------
# communities         51
min community size    44
max community size   161
avg. community size   98.0196
modularity             0.62242
-------------------  ---------
104 community detected
NMI:0.10009278637963304
ARM:0.33017017335975385
__pmi+PLP__
PLP detected communities in 0.21359825134277344 [s]
solution properties:
-------------------  ----------
# communities        133
min community size     1
max community size   118
avg. community size   37.5865
modularity             0.609471
-------------------  ----------
104 community detected
NMI:0.03158603477248623
ARM:0.0768063081107293
__standard__
Network Properties for:		G#97cc
nodes, edges			4999, 31176
directed?			False
weighted?			True
isolated nodes			0
self-loops			0
density				0.002496
clustering coefficient		0.164325
min/max/avg degree		4, 75, 12.472895
degree assortativity		0.383725
number of connected components	1
size of largest component	4999 (100.00 %)
tot:  36.45966937294655
__standard+Louvain__
PLM(balanced,pc,turbo) detected communities in 0.8816800117492676 [s]
solution properties:
-------------------  ----------
# communities         49
min community size    47
max community size   159
avg. community size  102.02
modularity             0.697037
-------------------  ----------
104 community detected
NMI:0.5428236699666344
ARM:0.8490391384522443
__standard+PLP__
PLP detected communities in 0.18134450912475586 [s]
solution properties:
-------------------  -----------
# communities        1157
min community size      1
max community size     36
avg. community size     4.32066
modularity              0.543101
-------------------  -----------
104 community detected
NMI:0.34710792742350727
ARM:0.9248791325313371
__ppmi__
Network Properties for:		G#122cc
nodes, edges			4999, 31176
directed?			False
weighted?			True
isolated nodes			0
self-loops			0
density				0.002496
clustering coefficient		0.164325
min/max/avg degree		4, 75, 12.472895
degree assortativity		0.383725
number of connected components	1
size of largest component	4999 (100.00 %)
tot:  189513.00524861555
__ppmi+Louvain__
PLM(balanced,pc,turbo) detected communities in 0.5253250598907471 [s]
solution properties:
-------------------  ----------
# communities         55
min community size    37
max community size   163
avg. community size   90.8909
modularity             0.611419
-------------------  ----------
104 community detected
NMI:0.07969546703894825
ARM:0.27963088074326625
__ppmi+PLP__
PLP detected communities in 0.15169358253479004 [s]
solution properties:
-------------------  ----------
# communities        127
min community size     1
max community size   143
avg. community size   39.3622
modularity             0.601457
-------------------  ----------
104 community detected
NMI:0.0225879285644931
ARM:0.06270059525881577
__glovexmax50alpha0.2__
Network Properties for:		G#141cc
nodes, edges			4999, 31176
directed?			False
weighted?			True
isolated nodes			0
self-loops			0
density				0.002496
clustering coefficient		0.164325
min/max/avg degree		4, 75, 12.472895
degree assortativity		0.383725
number of connected components	1
size of largest component	4999 (100.00 %)
tot:  18395.876376914595
__glovexmax50alpha0.2+Louvain__
PLM(balanced,pc,turbo) detected communities in 0.5065696239471436 [s]
solution properties:
-------------------  ----------
# communities         52
min community size    48
max community size   169
avg. community size   96.1346
modularity             0.605079
-------------------  ----------
104 community detected
NMI:0.0821549576658237
ARM:0.2861655964295653
__glovexmax50alpha0.2+PLP__
PLP detected communities in 0.14275789260864258 [s]
solution properties:
-------------------  ----------
# communities        108
min community size     1
max community size   102
avg. community size   46.287
modularity             0.596853
-------------------  ----------
104 community detected
NMI:0.013768224075490276
ARM:0.034217507573309325
__glovexmax40alpha0.2__
Network Properties for:		G#160cc
nodes, edges			4999, 31176
directed?			False
weighted?			True
isolated nodes			0
self-loops			0
density				0.002496
clustering coefficient		0.164325
min/max/avg degree		4, 75, 12.472895
degree assortativity		0.383725
number of connected components	1
size of largest component	4999 (100.00 %)
tot:  19235.38404131157
__glovexmax40alpha0.2+Louvain__
PLM(balanced,pc,turbo) detected communities in 0.4813258647918701 [s]
solution properties:
-------------------  ----------
# communities         54
min community size    32
max community size   142
avg. community size   92.5741
modularity             0.605229
-------------------  ----------
104 community detected
NMI:0.07917923531524562
ARM:0.2756694762806262
__glovexmax40alpha0.2+PLP__
PLP detected communities in 0.15714406967163086 [s]
solution properties:
-------------------  ---------
# communities        106
min community size    18
max community size   100
avg. community size   47.1604
modularity             0.60063
-------------------  ---------
104 community detected
NMI:0.010085471078590591
ARM:0.021889933169931708
__glovexmax30alpha0.3__
Network Properties for:		G#179cc
nodes, edges			4999, 31176
directed?			False
weighted?			True
isolated nodes			0
self-loops			0
density				0.002496
clustering coefficient		0.164325
min/max/avg degree		4, 75, 12.472895
degree assortativity		0.383725
number of connected components	1
size of largest component	4999 (100.00 %)
tot:  16935.904177502947
__glovexmax30alpha0.3+Louvain__
PLM(balanced,pc,turbo) detected communities in 0.5178718566894531 [s]
solution properties:
-------------------  ----------
# communities         56
min community size    32
max community size   141
avg. community size   89.2679
modularity             0.605967
-------------------  ----------
104 community detected
NMI:0.07771411029027886
ARM:0.2659308299235533
__glovexmax30alpha0.3+PLP__
PLP detected communities in 0.10756278038024902 [s]
solution properties:
-------------------  ----------
# communities        111
min community size     1
max community size   100
avg. community size   45.036
modularity             0.595498
-------------------  ----------
104 community detected
NMI:0.01746708806328523
ARM:0.03903630888118648
