__LOADINGS__
Network Properties for:		network
nodes, edges			5000, 56557
directed?			False
weighted?			True
isolated nodes			1
self-loops			0
density				0.004525
clustering coefficient		0.484024
min/max/avg degree		0, 390, 22.622800
degree assortativity		0.186473
number of connected components	2
size of largest component	4999 (99.98 %)
520486.57553039753
__Groundtruth__
read communities from: ../../lfr_5000/mk500/k25/muw0.2/34/community.dat
-------------------  ----------
# communities         45
min community size     6
max community size   473
avg. community size  111.111
modularity             0.649358
-------------------  ----------
45 community detected
__CLASSIC_METHODS__
__Louvain__
PLM(balanced,pc,turbo) detected communities in 0.3591141700744629 [s]
solution properties:
-------------------  ----------
# communities         28
min community size     1
max community size   479
avg. community size  178.571
modularity             0.651753
-------------------  ----------
45 community detected
NMI:0.04094906830588785
ARM:0.04079476329306819
__Singleton__
45 community detected
NMI:0.4611691217645686
ARM:1.0
__AllInOne__
45 community detected
NMI:1.0
ARM:1.0
__PLP__
PLP detected communities in 0.09211158752441406 [s]
solution properties:
-------------------  ----------
# communities         46
min community size     1
max community size   479
avg. community size  108.696
modularity             0.651644
-------------------  ----------
45 community detected
NMI:0.014155902244223473
ARM:0.018184014708491736
__NORMALIZATION__
__glove__
Network Properties for:		G#21cc
nodes, edges			4999, 56557
directed?			False
weighted?			True
isolated nodes			0
self-loops			0
density				0.004527
clustering coefficient		0.484121
min/max/avg degree		5, 390, 22.627325
degree assortativity		0.186473
number of connected components	1
size of largest component	4999 (100.00 %)
tot:  7672.675002855133
__glove+Louvain__
PLM(balanced,pc,turbo) detected communities in 0.3225986957550049 [s]
solution properties:
-------------------  ----------
# communities         30
min community size     7
max community size   476
avg. community size  166.633
modularity             0.690611
-------------------  ----------
45 community detected
NMI:0.02700536980149093
ARM:0.024285023948924844
__glove+PLP__
PLP detected communities in 0.0752105712890625 [s]
solution properties:
-------------------  ----------
# communities         45
min community size     6
max community size   477
avg. community size  111.089
modularity             0.690508
-------------------  ----------
45 community detected
NMI:0.009853540848230646
ARM:0.012316543632171717
__fake_pmi__
Network Properties for:		G#40cc
nodes, edges			4999, 56557
directed?			False
weighted?			True
isolated nodes			0
self-loops			0
density				0.004527
clustering coefficient		0.484121
min/max/avg degree		5, 390, 22.627325
degree assortativity		0.186473
number of connected components	1
size of largest component	4999 (100.00 %)
tot:  0.0
__fake_pmi+Louvain__
1 community detected due to total edge weight equal 0
NMI:1
ARM:0.012316543632171717
__fake_pmi+PLP__
1 community detected due to total edge weight equal 0
NMI:1
ARM:0.012316543632171717
__iterative_rev_degree_order__
Network Properties for:		G#53cc
nodes, edges			4999, 56557
directed?			False
weighted?			True
isolated nodes			0
self-loops			0
density				0.004527
clustering coefficient		0.484121
min/max/avg degree		5, 390, 22.627325
degree assortativity		0.186473
number of connected components	1
size of largest component	4999 (100.00 %)
tot:  1544.0182904671274
__iterative_rev_degree_order+Louvain__
PLM(balanced,pc,turbo) detected communities in 0.6834349632263184 [s]
solution properties:
-------------------  ----------
# communities         53
min community size     2
max community size   262
avg. community size   94.3208
modularity             0.864751
-------------------  ----------
45 community detected
NMI:0.6206043330669846
ARM:0.8586379899046093
__iterative_rev_degree_order+PLP__
PLP detected communities in 0.07095670700073242 [s]
solution properties:
-------------------  -----------
# communities        1484
min community size      2
max community size     13
avg. community size     3.3686
modularity              0.733298
-------------------  -----------
45 community detected
NMI:0.5011298229056138
ARM:0.9890601409781471
__pmi__
Network Properties for:		G#78cc
nodes, edges			4999, 56557
directed?			False
weighted?			True
isolated nodes			0
self-loops			0
density				0.004527
clustering coefficient		0.484121
min/max/avg degree		5, 390, 22.627325
degree assortativity		0.186473
number of connected components	1
size of largest component	4999 (100.00 %)
tot:  109510.88671241463
__pmi+Louvain__
PLM(balanced,pc,turbo) detected communities in 0.37732625007629395 [s]
solution properties:
-------------------  ----------
# communities          37
min community size      7
max community size   1128
avg. community size   135.108
modularity              1.21282
-------------------  ----------
45 community detected
NMI:0.16284722293126208
ARM:0.39256580060108504
__pmi+PLP__
PLP detected communities in 0.15834617614746094 [s]
solution properties:
-------------------  ---------
# communities         51
min community size     2
max community size   484
avg. community size   98.0196
modularity             1.20255
-------------------  ---------
45 community detected
NMI:0.12059187080783662
ARM:0.17728243597335658
__standard__
Network Properties for:		G#97cc
nodes, edges			4999, 56557
directed?			False
weighted?			True
isolated nodes			0
self-loops			0
density				0.004527
clustering coefficient		0.484121
min/max/avg degree		5, 390, 22.627325
degree assortativity		0.186473
number of connected components	1
size of largest component	4999 (100.00 %)
tot:  12.31619670018919
__standard+Louvain__
PLM(balanced,pc,turbo) detected communities in 0.5164861679077148 [s]
solution properties:
-------------------  -----------
# communities          49
min community size      2
max community size   1229
avg. community size   102.02
modularity              0.914555
-------------------  -----------
45 community detected
NMI:0.3996857523175851
ARM:0.6611665996790497
__standard+PLP__
PLP detected communities in 0.1409766674041748 [s]
solution properties:
-------------------  ----------
# communities        757
min community size     1
max community size   207
avg. community size    6.6037
modularity             0.831988
-------------------  ----------
45 community detected
NMI:0.42088260157805546
ARM:0.736791876848663
__ppmi__
Network Properties for:		G#119cc
nodes, edges			4999, 56557
directed?			False
weighted?			True
isolated nodes			0
self-loops			0
density				0.004527
clustering coefficient		0.484121
min/max/avg degree		5, 390, 22.627325
degree assortativity		0.186473
number of connected components	1
size of largest component	4999 (100.00 %)
tot:  190543.44768572418
__ppmi+Louvain__
PLM(balanced,pc,turbo) detected communities in 0.30840396881103516 [s]
solution properties:
-------------------  ----------
# communities         40
min community size     7
max community size   465
avg. community size  124.975
modularity             0.777216
-------------------  ----------
45 community detected
NMI:0.01884651448998642
ARM:0.020948003656312664
__ppmi+PLP__
PLP detected communities in 0.0800635814666748 [s]
solution properties:
-------------------  ----------
# communities         45
min community size     2
max community size   898
avg. community size  111.089
modularity             0.772783
-------------------  ----------
45 community detected
NMI:0.029799384611641
ARM:0.14476568319374616
__glovexmax50alpha0.2__
Network Properties for:		G#138cc
nodes, edges			4999, 56557
directed?			False
weighted?			True
isolated nodes			0
self-loops			0
density				0.004527
clustering coefficient		0.484121
min/max/avg degree		5, 390, 22.627325
degree assortativity		0.186473
number of connected components	1
size of largest component	4999 (100.00 %)
tot:  30603.289608275132
__glovexmax50alpha0.2+Louvain__
PLM(balanced,pc,turbo) detected communities in 0.37378478050231934 [s]
solution properties:
-------------------  ---------
# communities         34
min community size     6
max community size   473
avg. community size  147.029
modularity             0.74442
-------------------  ---------
45 community detected
NMI:0.01213971123928581
ARM:0.008290552701012754
__glovexmax50alpha0.2+PLP__
PLP detected communities in 0.07753109931945801 [s]
solution properties:
-------------------  ----------
# communities         45
min community size     6
max community size   473
avg. community size  111.089
modularity             0.744299
-------------------  ----------
45 community detected
NMI:0.0
ARM:0.0
__glovexmax40alpha0.2__
Network Properties for:		G#157cc
nodes, edges			4999, 56557
directed?			False
weighted?			True
isolated nodes			0
self-loops			0
density				0.004527
clustering coefficient		0.484121
min/max/avg degree		5, 390, 22.627325
degree assortativity		0.186473
number of connected components	1
size of largest component	4999 (100.00 %)
tot:  31913.575881315206
__glovexmax40alpha0.2+Louvain__
PLM(balanced,pc,turbo) detected communities in 0.3948652744293213 [s]
solution properties:
-------------------  ----------
# communities         34
min community size     6
max community size   473
avg. community size  147.029
modularity             0.745012
-------------------  ----------
45 community detected
NMI:0.01213971123928581
ARM:0.008290552701012754
__glovexmax40alpha0.2+PLP__
PLP detected communities in 0.0587615966796875 [s]
solution properties:
-------------------  ----------
# communities         45
min community size     6
max community size   473
avg. community size  111.089
modularity             0.744891
-------------------  ----------
45 community detected
NMI:0.0
ARM:0.0
__glovexmax30alpha0.3__
Network Properties for:		G#176cc
nodes, edges			4999, 56557
directed?			False
weighted?			True
isolated nodes			0
self-loops			0
density				0.004527
clustering coefficient		0.484121
min/max/avg degree		5, 390, 22.627325
degree assortativity		0.186473
number of connected components	1
size of largest component	4999 (100.00 %)
tot:  28319.426315684
__glovexmax30alpha0.3+Louvain__
PLM(balanced,pc,turbo) detected communities in 0.32682013511657715 [s]
solution properties:
-------------------  ----------
# communities         34
min community size     6
max community size   474
avg. community size  147.029
modularity             0.742293
-------------------  ----------
45 community detected
NMI:0.013347066963993348
ARM:0.009579164567288134
__glovexmax30alpha0.3+PLP__
PLP detected communities in 0.09781241416931152 [s]
solution properties:
-------------------  ---------
# communities         45
min community size     6
max community size   474
avg. community size  111.089
modularity             0.74217
-------------------  ---------
45 community detected
NMI:0.000453123973539471
ARM:0.000683953690666983
