__LOADINGS__
4994/32649 15.296027443413273 % of nul weighted edges removed
0/5000 0.0 % of nul degree nodes removed
Network Properties for:		network
nodes, edges			5000, 27655
directed?			False
weighted?			True
isolated nodes			0
self-loops			0
density				0.002213
clustering coefficient		0.205761
min/max/avg degree		1, 286, 11.062000
degree assortativity		0.306133
number of connected components	2
size of largest component	4997 (99.94 %)
238041.44501592824
__Groundtruth__
read communities from: ../../lfr_5000/mk500/k15/muw0.4/3/community.dat
-------------------  ----------
# communities         53
min community size     3
max community size   469
avg. community size   94.3396
modularity             0.409189
-------------------  ----------
53 community detected
__CLASSIC_METHODS__
__Louvain__
PLM(balanced,pc,turbo) detected communities in 0.399151086807251 [s]
solution properties:
-------------------  ----------
# communities         20
min community size     2
max community size   562
avg. community size  250
modularity             0.425951
-------------------  ----------
53 community detected
NMI:0.42048057751678536
ARI:0.4932631588508669
__Singleton__
53 community detected
NMI:0.45522622314942107
ARI:1.0
__AllInOne__
53 community detected
NMI:1.0
ARI:1.0
__PLP__
PLP detected communities in 0.1416184902191162 [s]
solution properties:
-------------------  -----------
# communities          70
min community size      1
max community size   1120
avg. community size    71.4286
modularity              0.393122
-------------------  -----------
53 community detected
NMI:0.4088810296448856
ARI:0.6011374968081817
__NORMALIZATION__
__glove__
Network Properties for:		G#21
nodes, edges			5000, 27655
directed?			False
weighted?			True
isolated nodes			0
self-loops			0
density				0.002213
clustering coefficient		0.205761
min/max/avg degree		1, 286, 11.062000
degree assortativity		0.306133
number of connected components	2
size of largest component	4997 (99.94 %)
tot:  3433.471805995347
__glove+Louvain__
PLM(balanced,pc,turbo) detected communities in 0.41013550758361816 [s]
solution properties:
-------------------  ----------
# communities         19
min community size     3
max community size   534
avg. community size  263.158
modularity             0.468391
-------------------  ----------
53 community detected
NMI:0.3586216655711504
ARI:0.42850993664366843
__glove+PLP__
PLP detected communities in 0.2434999942779541 [s]
solution properties:
-------------------  -----------
# communities          69
min community size      2
max community size   1517
avg. community size    72.4638
modularity              0.423564
-------------------  -----------
53 community detected
NMI:0.38632067637661727
ARI:0.6475906913388219
__fake_pmi__
Network Properties for:		G#30
nodes, edges			5000, 27655
directed?			False
weighted?			True
isolated nodes			0
self-loops			0
density				0.002213
clustering coefficient		0.205761
min/max/avg degree		1, 286, 11.062000
degree assortativity		0.306133
number of connected components	2
size of largest component	4997 (99.94 %)
tot:  0.0
__fake_pmi+Louvain__
1 community detected due to total edge weight equal 0
NMI:1
ARI:1
__fake_pmi+PLP__
1 community detected due to total edge weight equal 0
NMI:1
ARI:1
__iterative_rev_degree_order__
Network Properties for:		G#33
nodes, edges			5000, 27655
directed?			False
weighted?			True
isolated nodes			0
self-loops			0
density				0.002213
clustering coefficient		0.205761
min/max/avg degree		1, 286, 11.062000
degree assortativity		0.306133
number of connected components	2
size of largest component	4997 (99.94 %)
tot:  1451.3078405405195
__iterative_rev_degree_order+Louvain__
PLM(balanced,pc,turbo) detected communities in 0.7570395469665527 [s]
solution properties:
-------------------  ----------
# communities        109
min community size     2
max community size    95
avg. community size   45.8716
modularity             0.919062
-------------------  ----------
53 community detected
NMI:0.7355514777399319
ARI:0.9733459425672684
__iterative_rev_degree_order+PLP__
PLP detected communities in 0.0874323844909668 [s]
solution properties:
-------------------  -----------
# communities        1501
min community size      2
max community size     16
avg. community size     3.33111
modularity              0.822364
-------------------  -----------
53 community detected
NMI:0.5140175475438822
ARI:0.9904688103136527
__pmi__
Network Properties for:		G#48
nodes, edges			5000, 27655
directed?			False
weighted?			True
isolated nodes			0
self-loops			0
density				0.002213
clustering coefficient		0.205761
min/max/avg degree		1, 286, 11.062000
degree assortativity		0.306133
number of connected components	2
size of largest component	4997 (99.94 %)
tot:  41601.523785995116
__pmi+Louvain__
PLM(balanced,pc,turbo) detected communities in 0.7625353336334229 [s]
solution properties:
-------------------  -------
# communities         30
min community size     3
max community size   581
avg. community size  166.667
modularity             1.43
-------------------  -------
53 community detected
NMI:0.6314083878983752
ARI:0.8297368198358297
__pmi+PLP__
PLP detected communities in 0.21361899375915527 [s]
solution properties:
-------------------  ----------
# communities        1064
min community size      1
max community size    173
avg. community size     4.69925
modularity              1.05887
-------------------  ----------
53 community detected
NMI:0.4954078358184829
ARI:0.9224595370775405
__standard__
Network Properties for:		G#63
nodes, edges			5000, 27655
directed?			False
weighted?			True
isolated nodes			0
self-loops			0
density				0.002213
clustering coefficient		0.205761
min/max/avg degree		1, 286, 11.062000
degree assortativity		0.306133
number of connected components	2
size of largest component	4997 (99.94 %)
tot:  50.898635516001555
__standard+Louvain__
PLM(balanced,pc,turbo) detected communities in 0.646733283996582 [s]
solution properties:
-------------------  ----------
# communities        148
min community size     2
max community size   427
avg. community size   33.7838
modularity             0.947592
-------------------  ----------
53 community detected
NMI:0.647511642242742
ARI:0.911175169569797
__standard+PLP__
PLP detected communities in 0.10105729103088379 [s]
solution properties:
-------------------  -----------
# communities        1292
min community size      2
max community size     42
avg. community size     3.86997
modularity              0.862647
-------------------  -----------
53 community detected
NMI:0.5093820567104033
ARI:0.9809874642938469
__ppmi__
Network Properties for:		G#78
nodes, edges			5000, 27655
directed?			False
weighted?			True
isolated nodes			0
self-loops			0
density				0.002213
clustering coefficient		0.205761
min/max/avg degree		1, 286, 11.062000
degree assortativity		0.306133
number of connected components	2
size of largest component	4997 (99.94 %)
tot:  102264.21935459219
__ppmi+Louvain__
PLM(balanced,pc,turbo) detected communities in 0.7579972743988037 [s]
solution properties:
-------------------  ----------
# communities         25
min community size     3
max community size   373
avg. community size  200
modularity             0.612745
-------------------  ----------
53 community detected
NMI:0.5204483418323325
ARI:0.6624768150775514
__ppmi+PLP__
PLP detected communities in 0.2208399772644043 [s]
solution properties:
-------------------  ----------
# communities        982
min community size     2
max community size   179
avg. community size    5.09165
modularity             0.459405
-------------------  ----------
53 community detected
NMI:0.4912862104263487
ARI:0.9000968487907077
__glovexmax50alpha0.2__
Network Properties for:		G#90
nodes, edges			5000, 27655
directed?			False
weighted?			True
isolated nodes			0
self-loops			0
density				0.002213
clustering coefficient		0.205761
min/max/avg degree		1, 286, 11.062000
degree assortativity		0.306133
number of connected components	2
size of largest component	4997 (99.94 %)
tot:  14019.457612784285
__glovexmax50alpha0.2+Louvain__
PLM(balanced,pc,turbo) detected communities in 0.6619904041290283 [s]
solution properties:
-------------------  ----------
# communities         23
min community size     3
max community size   511
avg. community size  217.391
modularity             0.540589
-------------------  ----------
53 community detected
NMI:0.27322742390239596
ARI:0.31343229788480165
__glovexmax50alpha0.2+PLP__
PLP detected communities in 0.14192461967468262 [s]
solution properties:
-------------------  ----------
# communities         84
min community size     1
max community size   503
avg. community size   59.5238
modularity             0.538059
-------------------  ----------
53 community detected
NMI:0.23666982905800127
ARI:0.2949931260000015
__glovexmax40alpha0.2__
Network Properties for:		G#102
nodes, edges			5000, 27655
directed?			False
weighted?			True
isolated nodes			0
self-loops			0
density				0.002213
clustering coefficient		0.205761
min/max/avg degree		1, 286, 11.062000
degree assortativity		0.306133
number of connected components	2
size of largest component	4997 (99.94 %)
tot:  14624.229298653228
__glovexmax40alpha0.2+Louvain__
PLM(balanced,pc,turbo) detected communities in 0.47428131103515625 [s]
solution properties:
-------------------  ----------
# communities         27
min community size     3
max community size   511
avg. community size  185.185
modularity             0.541206
-------------------  ----------
53 community detected
NMI:0.2613981399051486
ARI:0.3024740099886316
__glovexmax40alpha0.2+PLP__
PLP detected communities in 0.15365362167358398 [s]
solution properties:
-------------------  ----------
# communities         80
min community size     2
max community size   670
avg. community size   62.5
modularity             0.535806
-------------------  ----------
53 community detected
NMI:0.2485589496724565
ARI:0.33916965744127725
__glovexmax30alpha0.3__
Network Properties for:		G#111
nodes, edges			5000, 27655
directed?			False
weighted?			True
isolated nodes			0
self-loops			0
density				0.002213
clustering coefficient		0.205761
min/max/avg degree		1, 286, 11.062000
degree assortativity		0.306133
number of connected components	2
size of largest component	4997 (99.94 %)
tot:  12926.175814719498
__glovexmax30alpha0.3+Louvain__
PLM(balanced,pc,turbo) detected communities in 0.5054762363433838 [s]
solution properties:
-------------------  ----------
# communities         29
min community size     3
max community size   477
avg. community size  172.414
modularity             0.537362
-------------------  ----------
53 community detected
NMI:0.26433224120353505
ARI:0.3076731149124554
__glovexmax30alpha0.3+PLP__
PLP detected communities in 0.14916110038757324 [s]
solution properties:
-------------------  -----------
# communities          81
min community size      2
max community size   1133
avg. community size    61.7284
modularity              0.515733
-------------------  -----------
53 community detected
NMI:0.28432312763058154
ARI:0.4766634666412255
NMI classement:
[('NMIglovexmax50alpha0.2+PLP', 0.23666982905800127), ('NMIglovexmax40alpha0.2+PLP', 0.2485589496724565), ('NMIglovexmax40alpha0.2+Louvain', 0.2613981399051486), ('NMIglovexmax30alpha0.3+Louvain', 0.26433224120353505), ('NMIglovexmax50alpha0.2+Louvain', 0.27322742390239596), ('NMIglovexmax30alpha0.3+PLP', 0.28432312763058154), ('NMIglove+Louvain', 0.3586216655711504), ('NMIglove+PLP', 0.38632067637661727), ('NMIPLP', 0.4088810296448856), ('NMILouvain', 0.42048057751678536), ('NMISingleton', 0.45522622314942107), ('NMIppmi+PLP', 0.4912862104263487), ('NMIpmi+PLP', 0.4954078358184829), ('NMIstandard+PLP', 0.5093820567104033), ('NMIiterative_rev_degree_order+PLP', 0.5140175475438822), ('NMIppmi+Louvain', 0.5204483418323325), ('NMIpmi+Louvain', 0.6314083878983752), ('NMIstandard+Louvain', 0.647511642242742), ('NMIiterative_rev_degree_order+Louvain', 0.7355514777399319), ('NMIAllInOne', 1.0), ('NMIfake_pmi+Louvain', 1), ('NMIfake_pmi+PLP', 1)]
ARI classement:
[('ARIglovexmax50alpha0.2+PLP', 0.2949931260000015), ('ARIglovexmax40alpha0.2+Louvain', 0.3024740099886316), ('ARIglovexmax30alpha0.3+Louvain', 0.3076731149124554), ('ARIglovexmax50alpha0.2+Louvain', 0.31343229788480165), ('ARIglovexmax40alpha0.2+PLP', 0.33916965744127725), ('ARIglove+Louvain', 0.42850993664366843), ('ARIglovexmax30alpha0.3+PLP', 0.4766634666412255), ('ARILouvain', 0.4932631588508669), ('ARIPLP', 0.6011374968081817), ('ARIglove+PLP', 0.6475906913388219), ('ARIppmi+Louvain', 0.6624768150775514), ('ARIpmi+Louvain', 0.8297368198358297), ('ARIppmi+PLP', 0.9000968487907077), ('ARIstandard+Louvain', 0.911175169569797), ('ARIpmi+PLP', 0.9224595370775405), ('ARIiterative_rev_degree_order+Louvain', 0.9733459425672684), ('ARIstandard+PLP', 0.9809874642938469), ('ARIiterative_rev_degree_order+PLP', 0.9904688103136527), ('ARISingleton', 1.0), ('ARIAllInOne', 1.0), ('ARIfake_pmi+Louvain', 1), ('ARIfake_pmi+PLP', 1)]
