__LOADINGS__
4990/52384 9.525809407452657 % of nul weighted edges removed
0/5000 0.0 % of nul degree nodes removed
Network Properties for:		network
nodes, edges			5000, 47394
directed?			False
weighted?			True
isolated nodes			0
self-loops			0
density				0.003792
clustering coefficient		0.460965
min/max/avg degree		1, 386, 18.957600
degree assortativity		0.195578
number of connected components	8
size of largest component	4962 (99.24 %)
425748.560164296
__Groundtruth__
read communities from: ../../lfr_5000/mk500/k20/muw0.2/38/community.dat
-------------------  ----------
# communities         46
min community size     5
max community size   472
avg. community size  108.696
modularity             0.636866
-------------------  ----------
46 community detected
__CLASSIC_METHODS__
__Louvain__
PLM(balanced,pc,turbo) detected communities in 0.2328345775604248 [s]
solution properties:
-------------------  ----------
# communities         22
min community size     5
max community size   483
avg. community size  227.273
modularity             0.637425
-------------------  ----------
46 community detected
NMI:0.10036580217453228
ARI:0.1315699989639425
__Singleton__
46 community detected
NMI:0.4646126258031138
ARI:1.0
__AllInOne__
46 community detected
NMI:1.0
ARI:1.0
__PLP__
PLP detected communities in 0.10827517509460449 [s]
solution properties:
-------------------  ----------
# communities         47
min community size     5
max community size   487
avg. community size  106.383
modularity             0.637882
-------------------  ----------
46 community detected
NMI:0.03196124967788405
ARI:0.04039499001633695
__NORMALIZATION__
__glove__
Network Properties for:		G#21
nodes, edges			5000, 47394
directed?			False
weighted?			True
isolated nodes			0
self-loops			0
density				0.003792
clustering coefficient		0.460965
min/max/avg degree		1, 386, 18.957600
degree assortativity		0.195578
number of connected components	8
size of largest component	4962 (99.24 %)
tot:  6237.722888710514
__glove+Louvain__
PLM(balanced,pc,turbo) detected communities in 0.39469075202941895 [s]
solution properties:
-------------------  ----------
# communities         34
min community size     5
max community size   480
avg. community size  147.059
modularity             0.676905
-------------------  ----------
46 community detected
NMI:0.03315930260865296
ARI:0.03229405646648753
__glove+PLP__
PLP detected communities in 0.1167137622833252 [s]
solution properties:
-------------------  ----------
# communities         47
min community size     5
max community size   482
avg. community size  106.383
modularity             0.675518
-------------------  ----------
46 community detected
NMI:0.022461623581505163
ARI:0.02715930155354962
__fake_pmi__
Network Properties for:		G#30
nodes, edges			5000, 47394
directed?			False
weighted?			True
isolated nodes			0
self-loops			0
density				0.003792
clustering coefficient		0.460965
min/max/avg degree		1, 386, 18.957600
degree assortativity		0.195578
number of connected components	8
size of largest component	4962 (99.24 %)
tot:  0.0
__fake_pmi+Louvain__
1 community detected due to total edge weight equal 0
NMI:1
ARI:1
__fake_pmi+PLP__
1 community detected due to total edge weight equal 0
NMI:1
ARI:1
__iterative_rev_degree_order__
Network Properties for:		G#33
nodes, edges			5000, 47394
directed?			False
weighted?			True
isolated nodes			0
self-loops			0
density				0.003792
clustering coefficient		0.460965
min/max/avg degree		1, 386, 18.957600
degree assortativity		0.195578
number of connected components	8
size of largest component	4962 (99.24 %)
tot:  1587.2621524278704
__iterative_rev_degree_order+Louvain__
PLM(balanced,pc,turbo) detected communities in 0.8431129455566406 [s]
solution properties:
-------------------  ----------
# communities         79
min community size     2
max community size   201
avg. community size   63.2911
modularity             0.882199
-------------------  ----------
46 community detected
NMI:0.5918614059757015
ARI:0.8615541058494078
__iterative_rev_degree_order+PLP__
PLP detected communities in 0.05473184585571289 [s]
solution properties:
-------------------  ----------
# communities        1458
min community size      2
max community size     20
avg. community size     3.42936
modularity              0.7587
-------------------  ----------
46 community detected
NMI:0.49501304579723004
ARI:0.9877784203995297
__pmi__
Network Properties for:		G#48
nodes, edges			5000, 47394
directed?			False
weighted?			True
isolated nodes			0
self-loops			0
density				0.003792
clustering coefficient		0.460965
min/max/avg degree		1, 386, 18.957600
degree assortativity		0.195578
number of connected components	8
size of largest component	4962 (99.24 %)
tot:  80348.11074795283
__pmi+Louvain__
PLM(balanced,pc,turbo) detected communities in 0.5544698238372803 [s]
solution properties:
-------------------  ---------
# communities         41
min community size     5
max community size   758
avg. community size  121.951
modularity             1.34571
-------------------  ---------
46 community detected
NMI:0.2295613408632472
ARI:0.3805251293597077
__pmi+PLP__
PLP detected communities in 0.27051472663879395 [s]
solution properties:
-------------------  ---------
# communities         99
min community size     2
max community size   708
avg. community size   50.5051
modularity             1.33447
-------------------  ---------
46 community detected
NMI:0.18389388933811868
ARI:0.3087363225745947
__standard__
Network Properties for:		G#57
nodes, edges			5000, 47394
directed?			False
weighted?			True
isolated nodes			0
self-loops			0
density				0.003792
clustering coefficient		0.460965
min/max/avg degree		1, 386, 18.957600
degree assortativity		0.195578
number of connected components	8
size of largest component	4962 (99.24 %)
tot:  15.635729425781912
__standard+Louvain__
PLM(balanced,pc,turbo) detected communities in 0.6623117923736572 [s]
solution properties:
-------------------  -----------
# communities          48
min community size      2
max community size   1123
avg. community size   104.167
modularity              0.923447
-------------------  -----------
46 community detected
NMI:0.41330064550015333
ARI:0.6602689902399456
__standard+PLP__
PLP detected communities in 0.2522752285003662 [s]
solution properties:
-------------------  ----------
# communities        878
min community size     2
max community size   197
avg. community size    5.69476
modularity             0.783247
-------------------  ----------
46 community detected
NMI:0.4505336352537458
ARI:0.8509844299223344
__ppmi__
Network Properties for:		G#69
nodes, edges			5000, 47394
directed?			False
weighted?			True
isolated nodes			0
self-loops			0
density				0.003792
clustering coefficient		0.460965
min/max/avg degree		1, 386, 18.957600
degree assortativity		0.195578
number of connected components	8
size of largest component	4962 (99.24 %)
tot:  158546.44867401113
__ppmi+Louvain__
PLM(balanced,pc,turbo) detected communities in 0.4430551528930664 [s]
solution properties:
-------------------  ----------
# communities         39
min community size     5
max community size   479
avg. community size  128.205
modularity             0.771267
-------------------  ----------
46 community detected
NMI:0.06608886558854421
ARI:0.08306853891893784
__ppmi+PLP__
PLP detected communities in 0.16950774192810059 [s]
solution properties:
-------------------  ----------
# communities         52
min community size     2
max community size   750
avg. community size   96.1538
modularity             0.772402
-------------------  ----------
46 community detected
NMI:0.0357514843200164
ARI:0.11441462215980336
__glovexmax50alpha0.2__
Network Properties for:		G#78
nodes, edges			5000, 47394
directed?			False
weighted?			True
isolated nodes			0
self-loops			0
density				0.003792
clustering coefficient		0.460965
min/max/avg degree		1, 386, 18.957600
degree assortativity		0.195578
number of connected components	8
size of largest component	4962 (99.24 %)
tot:  24830.85282458567
__glovexmax50alpha0.2+Louvain__
PLM(balanced,pc,turbo) detected communities in 0.2757883071899414 [s]
solution properties:
-------------------  ----------
# communities         26
min community size     5
max community size   472
avg. community size  192.308
modularity             0.735814
-------------------  ----------
46 community detected
NMI:0.04327589995202097
ARI:0.04495795027893257
__glovexmax50alpha0.2+PLP__
PLP detected communities in 0.10516810417175293 [s]
solution properties:
-------------------  ----------
# communities         46
min community size     5
max community size   472
avg. community size  108.696
modularity             0.736974
-------------------  ----------
46 community detected
NMI:0.0
ARI:0.0
__glovexmax40alpha0.2__
Network Properties for:		G#87
nodes, edges			5000, 47394
directed?			False
weighted?			True
isolated nodes			0
self-loops			0
density				0.003792
clustering coefficient		0.460965
min/max/avg degree		1, 386, 18.957600
degree assortativity		0.195578
number of connected components	8
size of largest component	4962 (99.24 %)
tot:  25883.972184888327
__glovexmax40alpha0.2+Louvain__
PLM(balanced,pc,turbo) detected communities in 0.3449831008911133 [s]
solution properties:
-------------------  ----------
# communities         38
min community size     5
max community size   472
avg. community size  131.579
modularity             0.737761
-------------------  ----------
46 community detected
NMI:0.008472608056262376
ARI:0.004226824845457888
__glovexmax40alpha0.2+PLP__
PLP detected communities in 0.10947775840759277 [s]
solution properties:
-------------------  ---------
# communities         46
min community size     5
max community size   472
avg. community size  108.696
modularity             0.73766
-------------------  ---------
46 community detected
NMI:0.0
ARI:0.0
__glovexmax30alpha0.3__
Network Properties for:		G#96
nodes, edges			5000, 47394
directed?			False
weighted?			True
isolated nodes			0
self-loops			0
density				0.003792
clustering coefficient		0.460965
min/max/avg degree		1, 386, 18.957600
degree assortativity		0.195578
number of connected components	8
size of largest component	4962 (99.24 %)
tot:  22828.913502547508
__glovexmax30alpha0.3+Louvain__
PLM(balanced,pc,turbo) detected communities in 0.3891420364379883 [s]
solution properties:
-------------------  ----------
# communities         38
min community size     5
max community size   472
avg. community size  131.579
modularity             0.734273
-------------------  ----------
46 community detected
NMI:0.01065629099781873
ARI:0.006717304135490099
__glovexmax30alpha0.3+PLP__
PLP detected communities in 0.08152008056640625 [s]
solution properties:
-------------------  ----------
# communities         46
min community size     5
max community size   472
avg. community size  108.696
modularity             0.734158
-------------------  ----------
46 community detected
NMI:0.002176704562526055
ARI:0.002529377706080971
NMI classement:
[('NMIglovexmax50alpha0.2+PLP', 0.0), ('NMIglovexmax40alpha0.2+PLP', 0.0), ('NMIglovexmax30alpha0.3+PLP', 0.002176704562526055), ('NMIglovexmax40alpha0.2+Louvain', 0.008472608056262376), ('NMIglovexmax30alpha0.3+Louvain', 0.01065629099781873), ('NMIglove+PLP', 0.022461623581505163), ('NMIPLP', 0.03196124967788405), ('NMIglove+Louvain', 0.03315930260865296), ('NMIppmi+PLP', 0.0357514843200164), ('NMIglovexmax50alpha0.2+Louvain', 0.04327589995202097), ('NMIppmi+Louvain', 0.06608886558854421), ('NMILouvain', 0.10036580217453228), ('NMIpmi+PLP', 0.18389388933811868), ('NMIpmi+Louvain', 0.2295613408632472), ('NMIstandard+Louvain', 0.41330064550015333), ('NMIstandard+PLP', 0.4505336352537458), ('NMISingleton', 0.4646126258031138), ('NMIiterative_rev_degree_order+PLP', 0.49501304579723004), ('NMIiterative_rev_degree_order+Louvain', 0.5918614059757015), ('NMIAllInOne', 1.0), ('NMIfake_pmi+Louvain', 1), ('NMIfake_pmi+PLP', 1)]
ARI classement:
[('ARIglovexmax50alpha0.2+PLP', 0.0), ('ARIglovexmax40alpha0.2+PLP', 0.0), ('ARIglovexmax30alpha0.3+PLP', 0.002529377706080971), ('ARIglovexmax40alpha0.2+Louvain', 0.004226824845457888), ('ARIglovexmax30alpha0.3+Louvain', 0.006717304135490099), ('ARIglove+PLP', 0.02715930155354962), ('ARIglove+Louvain', 0.03229405646648753), ('ARIPLP', 0.04039499001633695), ('ARIglovexmax50alpha0.2+Louvain', 0.04495795027893257), ('ARIppmi+Louvain', 0.08306853891893784), ('ARIppmi+PLP', 0.11441462215980336), ('ARILouvain', 0.1315699989639425), ('ARIpmi+PLP', 0.3087363225745947), ('ARIpmi+Louvain', 0.3805251293597077), ('ARIstandard+Louvain', 0.6602689902399456), ('ARIstandard+PLP', 0.8509844299223344), ('ARIiterative_rev_degree_order+Louvain', 0.8615541058494078), ('ARIiterative_rev_degree_order+PLP', 0.9877784203995297), ('ARISingleton', 1.0), ('ARIAllInOne', 1.0), ('ARIfake_pmi+Louvain', 1), ('ARIfake_pmi+PLP', 1)]
