__LOADINGS__
Network Properties for:		network
nodes, edges			5000, 47510
directed?			False
weighted?			True
isolated nodes			0
self-loops			0
density				0.003802
clustering coefficient		0.242096
min/max/avg degree		1, 343, 19.004000
degree assortativity		0.286771
number of connected components	1
size of largest component	5000 (100.00 %)
430577.5410640363
__Groundtruth__
read communities from: ../../lfr_5000/mk500/k20/muw0.4/32/community.dat
-------------------  ----------
# communities         46
min community size     5
max community size   472
avg. community size  108.696
modularity             0.438322
-------------------  ----------
46 community detected
__CLASSIC_METHODS__
__Louvain__
PLM(balanced,pc,turbo) detected communities in 0.576171875 [s]
solution properties:
-------------------  ----------
# communities         19
min community size    95
max community size   497
avg. community size  263.158
modularity             0.445888
-------------------  ----------
46 community detected
NMI:0.19987975317922924
ARM:0.2456026488925137
__Singleton__
46 community detected
NMI:0.4615053837445433
ARM:1.0
__AllInOne__
46 community detected
NMI:1.0
ARM:1.0
__PLP__
PLP detected communities in 0.13385748863220215 [s]
solution properties:
-------------------  ----------
# communities         38
min community size     2
max community size   567
avg. community size  131.579
modularity             0.443599
-------------------  ----------
46 community detected
NMI:0.17465681359670926
ARM:0.23284842715213794
__NORMALIZATION__
__glove__
Network Properties for:		G#24cc
nodes, edges			5000, 47510
directed?			False
weighted?			True
isolated nodes			0
self-loops			0
density				0.003802
clustering coefficient		0.242096
min/max/avg degree		1, 343, 19.004000
degree assortativity		0.286771
number of connected components	1
size of largest component	5000 (100.00 %)
tot:  6498.1735316812465
__glove+Louvain__
PLM(balanced,pc,turbo) detected communities in 0.5726191997528076 [s]
solution properties:
-------------------  ----------
# communities         21
min community size    52
max community size   484
avg. community size  238.095
modularity             0.476518
-------------------  ----------
46 community detected
NMI:0.15938319064320805
ARM:0.19713267446708227
__glove+PLP__
PLP detected communities in 0.1581740379333496 [s]
solution properties:
-------------------  ----------
# communities         43
min community size     2
max community size   509
avg. community size  116.279
modularity             0.475072
-------------------  ----------
46 community detected
NMI:0.1306023454732066
ARM:0.17789904624528285
__fake_pmi__
Network Properties for:		G#46cc
nodes, edges			5000, 47510
directed?			False
weighted?			True
isolated nodes			0
self-loops			0
density				0.003802
clustering coefficient		0.242096
min/max/avg degree		1, 343, 19.004000
degree assortativity		0.286771
number of connected components	1
size of largest component	5000 (100.00 %)
tot:  0.0
__fake_pmi+Louvain__
1 community detected due to total edge weight equal 0
NMI:1
ARM:0.17789904624528285
__fake_pmi+PLP__
1 community detected due to total edge weight equal 0
NMI:1
ARM:0.17789904624528285
__iterative_rev_degree_order__
Network Properties for:		G#59cc
nodes, edges			5000, 47510
directed?			False
weighted?			True
isolated nodes			0
self-loops			0
density				0.003802
clustering coefficient		0.242096
min/max/avg degree		1, 343, 19.004000
degree assortativity		0.286771
number of connected components	1
size of largest component	5000 (100.00 %)
tot:  1281.512367395057
__iterative_rev_degree_order+Louvain__
PLM(balanced,pc,turbo) detected communities in 0.871422529220581 [s]
solution properties:
-------------------  ---------
# communities         80
min community size    20
max community size   115
avg. community size   62.5
modularity             0.86726
-------------------  ---------
46 community detected
NMI:0.7865507333125208
ARM:0.9775559471734834
__iterative_rev_degree_order+PLP__
PLP detected communities in 0.0852975845336914 [s]
solution properties:
-------------------  ----------
# communities        1595
min community size      1
max community size     11
avg. community size     3.1348
modularity              0.75345
-------------------  ----------
46 community detected
NMI:0.5286488878035005
ARM:0.9935555374276721
__pmi__
Network Properties for:		G#84cc
nodes, edges			5000, 47510
directed?			False
weighted?			True
isolated nodes			0
self-loops			0
density				0.003802
clustering coefficient		0.242096
min/max/avg degree		1, 343, 19.004000
degree assortativity		0.286771
number of connected components	1
size of largest component	5000 (100.00 %)
tot:  56074.20777610619
__pmi+Louvain__
PLM(balanced,pc,turbo) detected communities in 0.6700010299682617 [s]
solution properties:
-------------------  ---------
# communities         31
min community size     2
max community size   881
avg. community size  161.29
modularity             1.36318
-------------------  ---------
46 community detected
NMI:0.5668223963148915
ARM:0.8004615062909887
__pmi+PLP__
PLP detected communities in 0.24736881256103516 [s]
solution properties:
-------------------  ---------
# communities        399
min community size     2
max community size   746
avg. community size   12.5313
modularity             1.24806
-------------------  ---------
46 community detected
NMI:0.5138575313789142
ARM:0.8074413793155676
__standard__
Network Properties for:		G#106cc
nodes, edges			5000, 47510
directed?			False
weighted?			True
isolated nodes			0
self-loops			0
density				0.003802
clustering coefficient		0.242096
min/max/avg degree		1, 343, 19.004000
degree assortativity		0.286771
number of connected components	1
size of largest component	5000 (100.00 %)
tot:  16.77310943032269
__standard+Louvain__
PLM(balanced,pc,turbo) detected communities in 0.6726181507110596 [s]
solution properties:
-------------------  ----------
# communities         92
min community size     2
max community size   243
avg. community size   54.3478
modularity             0.870785
-------------------  ----------
46 community detected
NMI:0.7223144441650617
ARM:0.9339533150568258
__standard+PLP__
PLP detected communities in 0.1702098846435547 [s]
solution properties:
-------------------  ----------
# communities        1268
min community size      2
max community size     53
avg. community size     3.94322
modularity              0.74728
-------------------  ----------
46 community detected
NMI:0.5552502918715194
ARM:0.9889910355176472
__ppmi__
Network Properties for:		G#128cc
nodes, edges			5000, 47510
directed?			False
weighted?			True
isolated nodes			0
self-loops			0
density				0.003802
clustering coefficient		0.242096
min/max/avg degree		1, 343, 19.004000
degree assortativity		0.286771
number of connected components	1
size of largest component	5000 (100.00 %)
tot:  157513.6551980143
__ppmi+Louvain__
PLM(balanced,pc,turbo) detected communities in 0.5685627460479736 [s]
solution properties:
-------------------  ----------
# communities         20
min community size   106
max community size   455
avg. community size  250
modularity             0.576538
-------------------  ----------
46 community detected
NMI:0.2974059146697896
ARM:0.37609572074598385
__ppmi+PLP__
PLP detected communities in 0.10789942741394043 [s]
solution properties:
-------------------  -----------
# communities          99
min community size      1
max community size   2605
avg. community size    50.5051
modularity              0.464959
-------------------  -----------
46 community detected
NMI:0.3568106259359829
ARM:0.8136166754436636
__glovexmax50alpha0.2__
Network Properties for:		G#150cc
nodes, edges			5000, 47510
directed?			False
weighted?			True
isolated nodes			0
self-loops			0
density				0.003802
clustering coefficient		0.242096
min/max/avg degree		1, 343, 19.004000
degree assortativity		0.286771
number of connected components	1
size of largest component	5000 (100.00 %)
tot:  25050.279987292663
__glovexmax50alpha0.2+Louvain__
PLM(balanced,pc,turbo) detected communities in 0.327742338180542 [s]
solution properties:
-------------------  ----------
# communities         22
min community size    85
max community size   471
avg. community size  227.273
modularity             0.531671
-------------------  ----------
46 community detected
NMI:0.06964574290419423
ARM:0.07138185936038433
__glovexmax50alpha0.2+PLP__
PLP detected communities in 0.05217337608337402 [s]
solution properties:
-------------------  ---------
# communities         44
min community size     5
max community size   480
avg. community size  113.636
modularity             0.53121
-------------------  ---------
46 community detected
NMI:0.03579357749375234
ARM:0.04586610379755984
__glovexmax40alpha0.2__
Network Properties for:		G#169cc
nodes, edges			5000, 47510
directed?			False
weighted?			True
isolated nodes			0
self-loops			0
density				0.003802
clustering coefficient		0.242096
min/max/avg degree		1, 343, 19.004000
degree assortativity		0.286771
number of connected components	1
size of largest component	5000 (100.00 %)
tot:  26134.120139684062
__glovexmax40alpha0.2+Louvain__
PLM(balanced,pc,turbo) detected communities in 0.339385986328125 [s]
solution properties:
-------------------  ----------
# communities         19
min community size   120
max community size   473
avg. community size  263.158
modularity             0.531851
-------------------  ----------
46 community detected
NMI:0.0842349386153981
ARM:0.09336684254172656
__glovexmax40alpha0.2+PLP__
PLP detected communities in 0.09654474258422852 [s]
solution properties:
-------------------  ----------
# communities         45
min community size     5
max community size   480
avg. community size  111.111
modularity             0.531195
-------------------  ----------
46 community detected
NMI:0.03660055147381136
ARM:0.04613839788092311
__glovexmax30alpha0.3__
Network Properties for:		G#188cc
nodes, edges			5000, 47510
directed?			False
weighted?			True
isolated nodes			0
self-loops			0
density				0.003802
clustering coefficient		0.242096
min/max/avg degree		1, 343, 19.004000
degree assortativity		0.286771
number of connected components	1
size of largest component	5000 (100.00 %)
tot:  23550.73387008627
__glovexmax30alpha0.3+Louvain__
PLM(balanced,pc,turbo) detected communities in 0.35383152961730957 [s]
solution properties:
-------------------  --------
# communities         14
min community size   259
max community size   476
avg. community size  357.143
modularity             0.5225
-------------------  --------
46 community detected
NMI:0.14685083438784596
ARM:0.21103728591329995
__glovexmax30alpha0.3+PLP__
PLP detected communities in 0.06440925598144531 [s]
solution properties:
-------------------  ----------
# communities         46
min community size     5
max community size   488
avg. community size  108.696
modularity             0.525735
-------------------  ----------
46 community detected
NMI:0.05741941544641227
ARM:0.07500538453080785
