__LOADINGS__
Network Properties for:		network
nodes, edges			5000, 56557
directed?			False
weighted?			True
isolated nodes			1
self-loops			0
density				0.004525
clustering coefficient		0.484024
min/max/avg degree		0, 390, 22.622800
degree assortativity		0.186473
number of connected components	2
size of largest component	4999 (99.98 %)
520486.57553039753
__Groundtruth__
read communities from: ../../lfr_5000/mk500/k25/muw0.2/6/community.dat
-------------------  ----------
# communities         45
min community size     6
max community size   473
avg. community size  111.111
modularity             0.649358
-------------------  ----------
45 community detected
__CLASSIC_METHODS__
__Louvain__
PLM(balanced,pc,turbo) detected communities in 0.4903569221496582 [s]
solution properties:
-------------------  ----------
# communities         29
min community size     1
max community size   479
avg. community size  172.414
modularity             0.651742
-------------------  ----------
45 community detected
NMI:0.04190058557791543
ARM:0.041937308974663856
__Singleton__
45 community detected
NMI:0.4611691217645686
ARM:1.0
__AllInOne__
45 community detected
NMI:1.0
ARM:1.0
__PLP__
PLP detected communities in 0.08910560607910156 [s]
solution properties:
-------------------  ----------
# communities         46
min community size     1
max community size   479
avg. community size  108.696
modularity             0.651644
-------------------  ----------
45 community detected
NMI:0.014155902244223473
ARM:0.018184014708491736
__NORMALIZATION__
__glove__
Network Properties for:		G#21cc
nodes, edges			4999, 56557
directed?			False
weighted?			True
isolated nodes			0
self-loops			0
density				0.004527
clustering coefficient		0.484121
min/max/avg degree		5, 390, 22.627325
degree assortativity		0.186473
number of connected components	1
size of largest component	4999 (100.00 %)
tot:  7672.675002855133
__glove+Louvain__
PLM(balanced,pc,turbo) detected communities in 0.48776745796203613 [s]
solution properties:
-------------------  ----------
# communities         25
min community size     6
max community size   476
avg. community size  199.96
modularity             0.690551
-------------------  ----------
45 community detected
NMI:0.037771594984056245
ARM:0.03530641806484247
__glove+PLP__
PLP detected communities in 0.0714564323425293 [s]
solution properties:
-------------------  ----------
# communities         45
min community size     6
max community size   477
avg. community size  111.089
modularity             0.690508
-------------------  ----------
45 community detected
NMI:0.009853540848230646
ARM:0.012316543632171717
__fake_pmi__
Network Properties for:		G#40cc
nodes, edges			4999, 56557
directed?			False
weighted?			True
isolated nodes			0
self-loops			0
density				0.004527
clustering coefficient		0.484121
min/max/avg degree		5, 390, 22.627325
degree assortativity		0.186473
number of connected components	1
size of largest component	4999 (100.00 %)
tot:  0.0
__fake_pmi+Louvain__
1 community detected due to total edge weight equal 0
NMI:1
ARM:0.012316543632171717
__fake_pmi+PLP__
1 community detected due to total edge weight equal 0
NMI:1
ARM:0.012316543632171717
__iterative_rev_degree_order__
Network Properties for:		G#53cc
nodes, edges			4999, 56557
directed?			False
weighted?			True
isolated nodes			0
self-loops			0
density				0.004527
clustering coefficient		0.484121
min/max/avg degree		5, 390, 22.627325
degree assortativity		0.186473
number of connected components	1
size of largest component	4999 (100.00 %)
tot:  1544.0182904671274
__iterative_rev_degree_order+Louvain__
PLM(balanced,pc,turbo) detected communities in 0.7105929851531982 [s]
solution properties:
-------------------  ----------
# communities         83
min community size     2
max community size   206
avg. community size   60.2289
modularity             0.865981
-------------------  ----------
45 community detected
NMI:0.6052878454513702
ARM:0.86342612274049
__iterative_rev_degree_order+PLP__
PLP detected communities in 0.07056832313537598 [s]
solution properties:
-------------------  -----------
# communities        1484
min community size      2
max community size     13
avg. community size     3.3686
modularity              0.733296
-------------------  -----------
45 community detected
NMI:0.5011150960098336
ARM:0.9890516824987925
__pmi__
Network Properties for:		G#78cc
nodes, edges			4999, 56557
directed?			False
weighted?			True
isolated nodes			0
self-loops			0
density				0.004527
clustering coefficient		0.484121
min/max/avg degree		5, 390, 22.627325
degree assortativity		0.186473
number of connected components	1
size of largest component	4999 (100.00 %)
tot:  109510.88671241463
__pmi+Louvain__
PLM(balanced,pc,turbo) detected communities in 0.4720275402069092 [s]
solution properties:
-------------------  --------
# communities          31
min community size      7
max community size   1471
avg. community size   161.258
modularity              1.212
-------------------  --------
45 community detected
NMI:0.1923710207707
ARM:0.5121485090700141
__pmi+PLP__
PLP detected communities in 0.12532639503479004 [s]
solution properties:
-------------------  --------
# communities         51
min community size     2
max community size   474
avg. community size   98.0196
modularity             1.1976
-------------------  --------
45 community detected
NMI:0.11692533056634724
ARM:0.17141586402132958
__standard__
Network Properties for:		G#97cc
nodes, edges			4999, 56557
directed?			False
weighted?			True
isolated nodes			0
self-loops			0
density				0.004527
clustering coefficient		0.484121
min/max/avg degree		5, 390, 22.627325
degree assortativity		0.186473
number of connected components	1
size of largest component	4999 (100.00 %)
tot:  12.31619670018919
__standard+Louvain__
PLM(balanced,pc,turbo) detected communities in 0.6085610389709473 [s]
solution properties:
-------------------  -----------
# communities          41
min community size      2
max community size   1339
avg. community size   121.927
modularity              0.913781
-------------------  -----------
45 community detected
NMI:0.4063730961043356
ARM:0.6814336930081979
__standard+PLP__
PLP detected communities in 0.15501737594604492 [s]
solution properties:
-------------------  ----------
# communities        730
min community size     2
max community size   206
avg. community size    6.84795
modularity             0.839946
-------------------  ----------
45 community detected
NMI:0.4130848164250811
ARM:0.7167942135986998
__ppmi__
Network Properties for:		G#119cc
nodes, edges			4999, 56557
directed?			False
weighted?			True
isolated nodes			0
self-loops			0
density				0.004527
clustering coefficient		0.484121
min/max/avg degree		5, 390, 22.627325
degree assortativity		0.186473
number of connected components	1
size of largest component	4999 (100.00 %)
tot:  190543.44768572418
__ppmi+Louvain__
PLM(balanced,pc,turbo) detected communities in 0.3798050880432129 [s]
solution properties:
-------------------  ----------
# communities         31
min community size     7
max community size   465
avg. community size  161.258
modularity             0.776733
-------------------  ----------
45 community detected
NMI:0.028660713679734662
ARM:0.028384465221257038
__ppmi+PLP__
PLP detected communities in 0.10196328163146973 [s]
solution properties:
-------------------  ----------
# communities         46
min community size     2
max community size   468
avg. community size  108.674
modularity             0.776999
-------------------  ----------
45 community detected
NMI:0.010007079002639419
ARM:0.012540695876757435
__glovexmax50alpha0.2__
Network Properties for:		G#138cc
nodes, edges			4999, 56557
directed?			False
weighted?			True
isolated nodes			0
self-loops			0
density				0.004527
clustering coefficient		0.484121
min/max/avg degree		5, 390, 22.627325
degree assortativity		0.186473
number of connected components	1
size of largest component	4999 (100.00 %)
tot:  30603.289608275132
__glovexmax50alpha0.2+Louvain__
PLM(balanced,pc,turbo) detected communities in 0.32506251335144043 [s]
solution properties:
-------------------  ---------
# communities         30
min community size     7
max community size   473
avg. community size  166.633
modularity             0.74439
-------------------  ---------
45 community detected
NMI:0.01618501672024919
ARM:0.011997924327687093
__glovexmax50alpha0.2+PLP__
PLP detected communities in 0.0770413875579834 [s]
solution properties:
-------------------  ----------
# communities         45
min community size     6
max community size   473
avg. community size  111.089
modularity             0.744299
-------------------  ----------
45 community detected
NMI:0.0
ARM:0.0
__glovexmax40alpha0.2__
Network Properties for:		G#157cc
nodes, edges			4999, 56557
directed?			False
weighted?			True
isolated nodes			0
self-loops			0
density				0.004527
clustering coefficient		0.484121
min/max/avg degree		5, 390, 22.627325
degree assortativity		0.186473
number of connected components	1
size of largest component	4999 (100.00 %)
tot:  31913.575881315206
__glovexmax40alpha0.2+Louvain__
PLM(balanced,pc,turbo) detected communities in 0.2626972198486328 [s]
solution properties:
-------------------  ----------
# communities         34
min community size     6
max community size   473
avg. community size  147.029
modularity             0.745012
-------------------  ----------
45 community detected
NMI:0.01213971123928581
ARM:0.008290552701012754
__glovexmax40alpha0.2+PLP__
PLP detected communities in 0.09199094772338867 [s]
solution properties:
-------------------  ----------
# communities         46
min community size     6
max community size   473
avg. community size  108.674
modularity             0.743593
-------------------  ----------
45 community detected
NMI:0.0010087549182354882
ARM:0.0003969199015638747
__glovexmax30alpha0.3__
Network Properties for:		G#176cc
nodes, edges			4999, 56557
directed?			False
weighted?			True
isolated nodes			0
self-loops			0
density				0.004527
clustering coefficient		0.484121
min/max/avg degree		5, 390, 22.627325
degree assortativity		0.186473
number of connected components	1
size of largest component	4999 (100.00 %)
tot:  28319.426315684
__glovexmax30alpha0.3+Louvain__
PLM(balanced,pc,turbo) detected communities in 0.173325777053833 [s]
solution properties:
-------------------  ----------
# communities         34
min community size     6
max community size   474
avg. community size  147.029
modularity             0.742293
-------------------  ----------
45 community detected
NMI:0.013347066963993681
ARM:0.009579164567288134
__glovexmax30alpha0.3+PLP__
PLP detected communities in 0.024862289428710938 [s]
solution properties:
-------------------  ---------
# communities         45
min community size     6
max community size   474
avg. community size  111.089
modularity             0.74217
-------------------  ---------
45 community detected
NMI:0.000453123973539693
ARM:0.000683953690666983
