__LOADINGS__
4976/46939 10.600992777860627 % of nul weighted edges removed
2/5000 0.04 % of nul degree nodes removed
Network Properties for:		network
nodes, edges			4998, 41963
directed?			False
weighted?			True
isolated nodes			2
self-loops			0
density				0.003360
clustering coefficient		0.424739
min/max/avg degree		0, 84, 16.791917
degree assortativity		0.345729
number of connected components	1
size of largest component	4998 (100.00 %)
235448.77397713254
__Groundtruth__
read communities from: ../../lfr_5000/mk100/k20/muw0.2/1/community.dat
-------------------  ----------
# communities        104
min community size    20
max community size    99
avg. community size   48.0769
modularity             0.812683
-------------------  ----------
104 community detected
__CLASSIC_METHODS__
__Louvain__
PLM(balanced,pc,turbo) detected communities in 0.3053243160247803 [s]
solution properties:
-------------------  ----------
# communities         59
min community size    42
max community size   145
avg. community size   84.7119
modularity             0.813703
-------------------  ----------
104 community detected
NMI:0.05782119419600806
ARI:0.212732294205783
__Singleton__
104 community detected
NMI:0.30473990857077926
ARI:1.0
__AllInOne__
104 community detected
NMI:1.0
ARI:1.0
__PLP__
PLP detected communities in 0.06807565689086914 [s]
solution properties:
-------------------  ----------
# communities        107
min community size     1
max community size    99
avg. community size   46.729
modularity             0.812811
-------------------  ----------
104 community detected
NMI:0.001753495018862239
ARI:0.0038070708776670736
__NORMALIZATION__
__glove__
Network Properties for:		G#21
nodes, edges			4998, 41963
directed?			False
weighted?			True
isolated nodes			2
self-loops			0
density				0.003360
clustering coefficient		0.424739
min/max/avg degree		0, 84, 16.791917
degree assortativity		0.345729
number of connected components	1
size of largest component	4998 (100.00 %)
tot:  4590.192734666051
__glove+Louvain__
PLM(balanced,pc,turbo) detected communities in 0.21945738792419434 [s]
solution properties:
-------------------  ----------
# communities         37
min community size    79
max community size   221
avg. community size  135.081
modularity             0.812736
-------------------  ----------
104 community detected
NMI:0.11934242458363031
ARI:0.434380701316465
__glove+PLP__
PLP detected communities in 0.03214120864868164 [s]
solution properties:
-------------------  ----------
# communities        106
min community size     1
max community size    99
avg. community size   47.1698
modularity             0.817731
-------------------  ----------
104 community detected
NMI:0.00141794288640118
ARI:0.003379934933614659
__fake_pmi__
Network Properties for:		G#30
nodes, edges			4998, 41963
directed?			False
weighted?			True
isolated nodes			2
self-loops			0
density				0.003360
clustering coefficient		0.424739
min/max/avg degree		0, 84, 16.791917
degree assortativity		0.345729
number of connected components	1
size of largest component	4998 (100.00 %)
tot:  0.0
__fake_pmi+Louvain__
1 community detected due to total edge weight equal 0
NMI:1
ARI:1
__fake_pmi+PLP__
1 community detected due to total edge weight equal 0
NMI:1
ARI:1
__iterative_rev_degree_order__
Network Properties for:		G#33
nodes, edges			4998, 41963
directed?			False
weighted?			True
isolated nodes			2
self-loops			0
density				0.003360
clustering coefficient		0.424739
min/max/avg degree		0, 84, 16.791917
degree assortativity		0.345729
number of connected components	1
size of largest component	4998 (100.00 %)
tot:  1405.3228766642994
__iterative_rev_degree_order+Louvain__
PLM(balanced,pc,turbo) detected communities in 0.7699646949768066 [s]
solution properties:
-------------------  ----------
# communities         57
min community size    33
max community size   193
avg. community size   87.6842
modularity             0.822636
-------------------  ----------
104 community detected
NMI:0.3762955387233129
ARI:0.7017485943921249
__iterative_rev_degree_order+PLP__
PLP detected communities in 0.05931591987609863 [s]
solution properties:
-------------------  -----------
# communities        1349
min community size      1
max community size     14
avg. community size     3.70645
modularity              0.641544
-------------------  -----------
104 community detected
NMI:0.30030436979452013
ARI:0.9283786521332836
__pmi__
Network Properties for:		G#48
nodes, edges			4998, 41963
directed?			False
weighted?			True
isolated nodes			2
self-loops			0
density				0.003360
clustering coefficient		0.424739
min/max/avg degree		0, 84, 16.791917
degree assortativity		0.345729
number of connected components	1
size of largest component	4998 (100.00 %)
tot:  247446.5494809843
__pmi+Louvain__
PLM(balanced,pc,turbo) detected communities in 0.44270896911621094 [s]
solution properties:
-------------------  ----------
# communities         78
min community size    31
max community size   100
avg. community size   64.0769
modularity             0.824877
-------------------  ----------
104 community detected
NMI:0.026193815489089278
ARI:0.08637651566796012
__pmi+PLP__
PLP detected communities in 0.14829444885253906 [s]
solution properties:
-------------------  ----------
# communities        106
min community size     1
max community size    98
avg. community size   47.1698
modularity             0.824833
-------------------  ----------
104 community detected
NMI:0.0013970843220287854
ARI:0.003243075927371941
__standard__
Network Properties for:		G#57
nodes, edges			4998, 41963
directed?			False
weighted?			True
isolated nodes			2
self-loops			0
density				0.003360
clustering coefficient		0.424739
min/max/avg degree		0, 84, 16.791917
degree assortativity		0.345729
number of connected components	1
size of largest component	4998 (100.00 %)
tot:  24.441991562147226
__standard+Louvain__
PLM(balanced,pc,turbo) detected communities in 0.6005229949951172 [s]
solution properties:
-------------------  ---------
# communities         56
min community size    25
max community size   229
avg. community size   89.25
modularity             0.83778
-------------------  ---------
104 community detected
NMI:0.14927176375764273
ARI:0.42850583157314726
__standard+PLP__
PLP detected communities in 0.21535515785217285 [s]
solution properties:
-------------------  ---------
# communities        253
min community size     1
max community size    81
avg. community size   19.7628
modularity             0.80493
-------------------  ---------
104 community detected
NMI:0.08860924049401031
ARI:0.18952006687656742
__ppmi__
Network Properties for:		G#69
nodes, edges			4998, 41963
directed?			False
weighted?			True
isolated nodes			2
self-loops			0
density				0.003360
clustering coefficient		0.424739
min/max/avg degree		0, 84, 16.791917
degree assortativity		0.345729
number of connected components	1
size of largest component	4998 (100.00 %)
tot:  251611.3216002954
__ppmi+Louvain__
PLM(balanced,pc,turbo) detected communities in 0.2914290428161621 [s]
solution properties:
-------------------  ----------
# communities         58
min community size    58
max community size   116
avg. community size   86.1724
modularity             0.819859
-------------------  ----------
104 community detected
NMI:0.05870509064754825
ARI:0.21319540422442795
__ppmi+PLP__
PLP detected communities in 0.10489296913146973 [s]
solution properties:
-------------------  ----------
# communities        106
min community size     1
max community size    98
avg. community size   47.1698
modularity             0.821921
-------------------  ----------
104 community detected
NMI:0.0011600793255944764
ARI:0.0026872832410606007
__glovexmax50alpha0.2__
Network Properties for:		G#78
nodes, edges			4998, 41963
directed?			False
weighted?			True
isolated nodes			2
self-loops			0
density				0.003360
clustering coefficient		0.424739
min/max/avg degree		0, 84, 16.791917
degree assortativity		0.345729
number of connected components	1
size of largest component	4998 (100.00 %)
tot:  25455.872185876706
__glovexmax50alpha0.2+Louvain__
PLM(balanced,pc,turbo) detected communities in 0.3736715316772461 [s]
solution properties:
-------------------  ----------
# communities         77
min community size    32
max community size   103
avg. community size   64.9091
modularity             0.819025
-------------------  ----------
104 community detected
NMI:0.026996685571628376
ARI:0.09006607610810113
__glovexmax50alpha0.2+PLP__
PLP detected communities in 0.105865478515625 [s]
solution properties:
-------------------  ---------
# communities        106
min community size     1
max community size    98
avg. community size   47.1698
modularity             0.81866
-------------------  ---------
104 community detected
NMI:0.0009541956226982728
ARI:0.0023461875331965976
__glovexmax40alpha0.2__
Network Properties for:		G#87
nodes, edges			4998, 41963
directed?			False
weighted?			True
isolated nodes			2
self-loops			0
density				0.003360
clustering coefficient		0.424739
min/max/avg degree		0, 84, 16.791917
degree assortativity		0.345729
number of connected components	1
size of largest component	4998 (100.00 %)
tot:  26617.666803260603
__glovexmax40alpha0.2+Louvain__
PLM(balanced,pc,turbo) detected communities in 0.4807107448577881 [s]
solution properties:
-------------------  ---------
# communities         61
min community size    51
max community size   133
avg. community size   81.9344
modularity             0.81821
-------------------  ---------
104 community detected
NMI:0.05292715162959982
ARI:0.19335882206596
__glovexmax40alpha0.2+PLP__
PLP detected communities in 0.09233951568603516 [s]
solution properties:
-------------------  ----------
# communities        108
min community size     1
max community size    98
avg. community size   46.2963
modularity             0.814034
-------------------  ----------
104 community detected
NMI:0.002367110832686259
ARI:0.006427370710966107
__glovexmax30alpha0.3__
Network Properties for:		G#96
nodes, edges			4998, 41963
directed?			False
weighted?			True
isolated nodes			2
self-loops			0
density				0.003360
clustering coefficient		0.424739
min/max/avg degree		0, 84, 16.791917
degree assortativity		0.345729
number of connected components	1
size of largest component	4998 (100.00 %)
tot:  23546.373937688262
__glovexmax30alpha0.3+Louvain__
PLM(balanced,pc,turbo) detected communities in 0.37690234184265137 [s]
solution properties:
-------------------  ---------
# communities        77
min community size   32
max community size   98
avg. community size  64.9091
modularity            0.820691
-------------------  ---------
104 community detected
NMI:0.02661169667056651
ARI:0.08677947288262478
__glovexmax30alpha0.3+PLP__
PLP detected communities in 0.10693740844726562 [s]
solution properties:
-------------------  ----------
# communities        106
min community size     1
max community size    98
avg. community size   47.1698
modularity             0.820328
-------------------  ----------
104 community detected
NMI:0.0009541956226982728
ARI:0.0023461875331965976
NMI classement:
[('NMIglovexmax50alpha0.2+PLP', 0.0009541956226982728), ('NMIglovexmax30alpha0.3+PLP', 0.0009541956226982728), ('NMIppmi+PLP', 0.0011600793255944764), ('NMIpmi+PLP', 0.0013970843220287854), ('NMIglove+PLP', 0.00141794288640118), ('NMIPLP', 0.001753495018862239), ('NMIglovexmax40alpha0.2+PLP', 0.002367110832686259), ('NMIpmi+Louvain', 0.026193815489089278), ('NMIglovexmax30alpha0.3+Louvain', 0.02661169667056651), ('NMIglovexmax50alpha0.2+Louvain', 0.026996685571628376), ('NMIglovexmax40alpha0.2+Louvain', 0.05292715162959982), ('NMILouvain', 0.05782119419600806), ('NMIppmi+Louvain', 0.05870509064754825), ('NMIstandard+PLP', 0.08860924049401031), ('NMIglove+Louvain', 0.11934242458363031), ('NMIstandard+Louvain', 0.14927176375764273), ('NMIiterative_rev_degree_order+PLP', 0.30030436979452013), ('NMISingleton', 0.30473990857077926), ('NMIiterative_rev_degree_order+Louvain', 0.3762955387233129), ('NMIAllInOne', 1.0), ('NMIfake_pmi+Louvain', 1), ('NMIfake_pmi+PLP', 1)]
ARI classement:
[('ARIglovexmax50alpha0.2+PLP', 0.0023461875331965976), ('ARIglovexmax30alpha0.3+PLP', 0.0023461875331965976), ('ARIppmi+PLP', 0.0026872832410606007), ('ARIpmi+PLP', 0.003243075927371941), ('ARIglove+PLP', 0.003379934933614659), ('ARIPLP', 0.0038070708776670736), ('ARIglovexmax40alpha0.2+PLP', 0.006427370710966107), ('ARIpmi+Louvain', 0.08637651566796012), ('ARIglovexmax30alpha0.3+Louvain', 0.08677947288262478), ('ARIglovexmax50alpha0.2+Louvain', 0.09006607610810113), ('ARIstandard+PLP', 0.18952006687656742), ('ARIglovexmax40alpha0.2+Louvain', 0.19335882206596), ('ARILouvain', 0.212732294205783), ('ARIppmi+Louvain', 0.21319540422442795), ('ARIstandard+Louvain', 0.42850583157314726), ('ARIglove+Louvain', 0.434380701316465), ('ARIiterative_rev_degree_order+Louvain', 0.7017485943921249), ('ARIiterative_rev_degree_order+PLP', 0.9283786521332836), ('ARISingleton', 1.0), ('ARIAllInOne', 1.0), ('ARIfake_pmi+Louvain', 1), ('ARIfake_pmi+PLP', 1)]
