__LOADINGS__
Network Properties for:		network
nodes, edges			5000, 27655
directed?			False
weighted?			True
isolated nodes			0
self-loops			0
density				0.002213
clustering coefficient		0.205761
min/max/avg degree		1, 286, 11.062000
degree assortativity		0.306133
number of connected components	2
size of largest component	4997 (99.94 %)
238041.44501592824
__Groundtruth__
read communities from: ../../lfr_5000/mk500/k15/muw0.4/46/community.dat
-------------------  ----------
# communities         53
min community size     3
max community size   469
avg. community size   94.3396
modularity             0.409189
-------------------  ----------
53 community detected
__CLASSIC_METHODS__
__Louvain__
PLM(balanced,pc,turbo) detected communities in 0.42255592346191406 [s]
solution properties:
-------------------  ----------
# communities         17
min community size     2
max community size   560
avg. community size  294.118
modularity             0.425887
-------------------  ----------
53 community detected
NMI:0.4284066672247947
ARM:0.5003231173959282
__Singleton__
53 community detected
NMI:0.45522622314942107
ARM:1.0
__AllInOne__
53 community detected
NMI:1.0
ARM:1.0
__PLP__
PLP detected communities in 0.1619248390197754 [s]
solution properties:
-------------------  -----------
# communities          70
min community size      1
max community size   1421
avg. community size    71.4286
modularity              0.390704
-------------------  -----------
53 community detected
NMI:0.40863268915914774
ARM:0.6356270987161028
__NORMALIZATION__
__glove__
Network Properties for:		G#21cc
nodes, edges			4997, 27652
directed?			False
weighted?			True
isolated nodes			0
self-loops			0
density				0.002215
clustering coefficient		0.205285
min/max/avg degree		1, 286, 11.067440
degree assortativity		0.306079
number of connected components	1
size of largest component	4997 (100.00 %)
tot:  3433.318209891922
__glove+Louvain__
PLM(balanced,pc,turbo) detected communities in 0.5924837589263916 [s]
solution properties:
-------------------  ----------
# communities         16
min community size     9
max community size   532
avg. community size  312.312
modularity             0.467999
-------------------  ----------
53 community detected
NMI:0.9617203227158516
ARM:0.9929589148635689
__glove+PLP__
PLP detected communities in 0.25083374977111816 [s]
solution properties:
-------------------  -----------
# communities          65
min community size      2
max community size   1826
avg. community size    76.8769
modularity              0.411765
-------------------  -----------
53 community detected
NMI:0.9289831669273981
ARM:0.99376581483462
__fake_pmi__
Network Properties for:		G#43cc
nodes, edges			4997, 27652
directed?			False
weighted?			True
isolated nodes			0
self-loops			0
density				0.002215
clustering coefficient		0.205285
min/max/avg degree		1, 286, 11.067440
degree assortativity		0.306079
number of connected components	1
size of largest component	4997 (100.00 %)
tot:  0.0
__fake_pmi+Louvain__
1 community detected due to total edge weight equal 0
NMI:1
ARM:0.99376581483462
__fake_pmi+PLP__
1 community detected due to total edge weight equal 0
NMI:1
ARM:0.99376581483462
__iterative_rev_degree_order__
Network Properties for:		G#56cc
nodes, edges			4997, 27652
directed?			False
weighted?			True
isolated nodes			0
self-loops			0
density				0.002215
clustering coefficient		0.205285
min/max/avg degree		1, 286, 11.067440
degree assortativity		0.306079
number of connected components	1
size of largest component	4997 (100.00 %)
tot:  1450.4066604757545
__iterative_rev_degree_order+Louvain__
PLM(balanced,pc,turbo) detected communities in 0.6275310516357422 [s]
solution properties:
-------------------  ----------
# communities        122
min community size     2
max community size   100
avg. community size   40.959
modularity             0.919226
-------------------  ----------
53 community detected
NMI:0.8888824139446211
ARM:0.9998325359762201
__iterative_rev_degree_order+PLP__
PLP detected communities in 0.09968161582946777 [s]
solution properties:
-------------------  -----------
# communities        1500
min community size      2
max community size     16
avg. community size     3.33133
modularity              0.822254
-------------------  -----------
53 community detected
NMI:0.6125776257576674
ARM:0.9995696492204981
__pmi__
Network Properties for:		G#81cc
nodes, edges			4997, 27652
directed?			False
weighted?			True
isolated nodes			0
self-loops			0
density				0.002215
clustering coefficient		0.205285
min/max/avg degree		1, 286, 11.067440
degree assortativity		0.306079
number of connected components	1
size of largest component	4997 (100.00 %)
tot:  41556.75219200997
__pmi+Louvain__
PLM(balanced,pc,turbo) detected communities in 0.5235707759857178 [s]
solution properties:
-------------------  ---------
# communities         34
min community size     8
max community size   430
avg. community size  146.971
modularity             1.43033
-------------------  ---------
53 community detected
NMI:0.9438895778610018
ARM:0.9958585212148882
__pmi+PLP__
PLP detected communities in 0.22106409072875977 [s]
solution properties:
-------------------  ---------
# communities        969
min community size     1
max community size   239
avg. community size    5.15686
modularity             1.12645
-------------------  ---------
53 community detected
NMI:0.6946362748957566
ARM:0.9988059514307027
__standard__
Network Properties for:		G#103cc
nodes, edges			4997, 27652
directed?			False
weighted?			True
isolated nodes			0
self-loops			0
density				0.002215
clustering coefficient		0.205285
min/max/avg degree		1, 286, 11.067440
degree assortativity		0.306079
number of connected components	1
size of largest component	4997 (100.00 %)
tot:  50.50587686233725
__standard+Louvain__
PLM(balanced,pc,turbo) detected communities in 0.3703482151031494 [s]
solution properties:
-------------------  ---------
# communities        132
min community size     2
max community size   478
avg. community size   37.8561
modularity             0.94711
-------------------  ---------
53 community detected
NMI:0.8828496557274051
ARM:0.9945327846364883
__standard+PLP__
PLP detected communities in 0.08330893516540527 [s]
solution properties:
-------------------  -----------
# communities        1292
min community size      2
max community size     42
avg. community size     3.86765
modularity              0.861191
-------------------  -----------
53 community detected
NMI:0.63464828451957
ARM:0.9989661381360742
__ppmi__
Network Properties for:		G#125cc
nodes, edges			4997, 27652
directed?			False
weighted?			True
isolated nodes			0
self-loops			0
density				0.002215
clustering coefficient		0.205285
min/max/avg degree		1, 286, 11.067440
degree assortativity		0.306079
number of connected components	1
size of largest component	4997 (100.00 %)
tot:  102219.44776060703
__ppmi+Louvain__
PLM(balanced,pc,turbo) detected communities in 0.327747106552124 [s]
solution properties:
-------------------  ----------
# communities         20
min community size   147
max community size   558
avg. community size  249.85
modularity             0.608718
-------------------  ----------
53 community detected
NMI:0.9567782257716526
ARM:0.9935251967650245
__ppmi+PLP__
PLP detected communities in 0.053949594497680664 [s]
solution properties:
-------------------  ----------
# communities        991
min community size     1
max community size   175
avg. community size    5.04238
modularity             0.458318
-------------------  ----------
53 community detected
NMI:0.6929256733843712
ARM:0.999014894425547
__glovexmax50alpha0.2__
Network Properties for:		G#147cc
nodes, edges			4997, 27652
directed?			False
weighted?			True
isolated nodes			0
self-loops			0
density				0.002215
clustering coefficient		0.205285
min/max/avg degree		1, 286, 11.067440
degree assortativity		0.306079
number of connected components	1
size of largest component	4997 (100.00 %)
tot:  14017.899121320486
__glovexmax50alpha0.2+Louvain__
PLM(balanced,pc,turbo) detected communities in 0.4411764144897461 [s]
solution properties:
-------------------  ----------
# communities         28
min community size     9
max community size   456
avg. community size  178.464
modularity             0.542126
-------------------  ----------
53 community detected
NMI:0.9427430269311236
ARM:0.9901106473917723
__glovexmax50alpha0.2+PLP__
PLP detected communities in 0.047843217849731445 [s]
solution properties:
-------------------  ----------
# communities         87
min community size     1
max community size   502
avg. community size   57.4368
modularity             0.537761
-------------------  ----------
53 community detected
NMI:0.9148705011957118
ARM:0.9898308670167474
__glovexmax40alpha0.2__
Network Properties for:		G#169cc
nodes, edges			4997, 27652
directed?			False
weighted?			True
isolated nodes			0
self-loops			0
density				0.002215
clustering coefficient		0.205285
min/max/avg degree		1, 286, 11.067440
degree assortativity		0.306079
number of connected components	1
size of largest component	4997 (100.00 %)
tot:  14622.5996783363
__glovexmax40alpha0.2+Louvain__
PLM(balanced,pc,turbo) detected communities in 0.44130778312683105 [s]
solution properties:
-------------------  ----------
# communities         27
min community size     9
max community size   518
avg. community size  185.074
modularity             0.541179
-------------------  ----------
53 community detected
NMI:0.9434744626556824
ARM:0.9899374359044951
__glovexmax40alpha0.2+PLP__
PLP detected communities in 0.043630361557006836 [s]
solution properties:
-------------------  ---------
# communities         87
min community size     1
max community size   669
avg. community size   57.4368
modularity             0.53545
-------------------  ---------
53 community detected
NMI:0.9162908234670856
ARM:0.9902819630954228
__glovexmax30alpha0.3__
Network Properties for:		G#191cc
nodes, edges			4997, 27652
directed?			False
weighted?			True
isolated nodes			0
self-loops			0
density				0.002215
clustering coefficient		0.205285
min/max/avg degree		1, 286, 11.067440
degree assortativity		0.306079
number of connected components	1
size of largest component	4997 (100.00 %)
tot:  12924.866124843642
__glovexmax30alpha0.3+Louvain__
PLM(balanced,pc,turbo) detected communities in 0.370603084564209 [s]
solution properties:
-------------------  ----------
# communities         25
min community size     9
max community size   478
avg. community size  199.88
modularity             0.537158
-------------------  ----------
53 community detected
NMI:0.9458937066821786
ARM:0.990265876278774
__glovexmax30alpha0.3+PLP__
PLP detected communities in 0.12028217315673828 [s]
solution properties:
-------------------  ----------
# communities         84
min community size     1
max community size   668
avg. community size   59.4881
modularity             0.529124
-------------------  ----------
53 community detected
NMI:0.9164747377043155
ARM:0.9903812321779731
