__LOADINGS__
4992/52502 9.508209211077673 % of nul weighted edges removed
0/5000 0.0 % of nul degree nodes removed
Network Properties for:		network
nodes, edges			5000, 47510
directed?			False
weighted?			True
isolated nodes			0
self-loops			0
density				0.003802
clustering coefficient		0.242096
min/max/avg degree		1, 343, 19.004000
degree assortativity		0.286771
number of connected components	1
size of largest component	5000 (100.00 %)
430577.5410640363
__Groundtruth__
read communities from: ../../lfr_5000/mk500/k20/muw0.4/18/community.dat
-------------------  ----------
# communities         46
min community size     5
max community size   472
avg. community size  108.696
modularity             0.438322
-------------------  ----------
46 community detected
__CLASSIC_METHODS__
__Louvain__
PLM(balanced,pc,turbo) detected communities in 0.2242600917816162 [s]
solution properties:
-------------------  ----------
# communities         19
min community size    98
max community size   494
avg. community size  263.158
modularity             0.446008
-------------------  ----------
46 community detected
NMI:0.19793753413269266
ARI:0.24406827094538108
__Singleton__
46 community detected
NMI:0.4615053837445433
ARI:1.0
__AllInOne__
46 community detected
NMI:1.0
ARI:1.0
__PLP__
PLP detected communities in 0.1456754207611084 [s]
solution properties:
-------------------  ----------
# communities         40
min community size     2
max community size   535
avg. community size  125
modularity             0.443725
-------------------  ----------
46 community detected
NMI:0.1685552298350792
ARI:0.22103571777399333
__NORMALIZATION__
__glove__
Network Properties for:		G#21
nodes, edges			5000, 47510
directed?			False
weighted?			True
isolated nodes			0
self-loops			0
density				0.003802
clustering coefficient		0.242096
min/max/avg degree		1, 343, 19.004000
degree assortativity		0.286771
number of connected components	1
size of largest component	5000 (100.00 %)
tot:  6498.1735316812465
__glove+Louvain__
PLM(balanced,pc,turbo) detected communities in 0.3532388210296631 [s]
solution properties:
-------------------  ----------
# communities         21
min community size    52
max community size   484
avg. community size  238.095
modularity             0.476522
-------------------  ----------
46 community detected
NMI:0.15905963692975722
ARI:0.19704229204718926
__glove+PLP__
PLP detected communities in 0.15527582168579102 [s]
solution properties:
-------------------  ----------
# communities         42
min community size     2
max community size   513
avg. community size  119.048
modularity             0.475018
-------------------  ----------
46 community detected
NMI:0.133094368283193
ARI:0.18068873733477953
__fake_pmi__
Network Properties for:		G#30
nodes, edges			5000, 47510
directed?			False
weighted?			True
isolated nodes			0
self-loops			0
density				0.003802
clustering coefficient		0.242096
min/max/avg degree		1, 343, 19.004000
degree assortativity		0.286771
number of connected components	1
size of largest component	5000 (100.00 %)
tot:  0.0
__fake_pmi+Louvain__
1 community detected due to total edge weight equal 0
NMI:1
ARI:1
__fake_pmi+PLP__
1 community detected due to total edge weight equal 0
NMI:1
ARI:1
__iterative_rev_degree_order__
Network Properties for:		G#33
nodes, edges			5000, 47510
directed?			False
weighted?			True
isolated nodes			0
self-loops			0
density				0.003802
clustering coefficient		0.242096
min/max/avg degree		1, 343, 19.004000
degree assortativity		0.286771
number of connected components	1
size of largest component	5000 (100.00 %)
tot:  1281.512367395057
__iterative_rev_degree_order+Louvain__
PLM(balanced,pc,turbo) detected communities in 0.6627967357635498 [s]
solution properties:
-------------------  ---------
# communities         78
min community size    21
max community size   115
avg. community size   64.1026
modularity             0.86704
-------------------  ---------
46 community detected
NMI:0.7908286414575645
ARI:0.9782048179313426
__iterative_rev_degree_order+PLP__
PLP detected communities in 0.07897782325744629 [s]
solution properties:
-------------------  -----------
# communities        1600
min community size      2
max community size     11
avg. community size     3.125
modularity              0.752977
-------------------  -----------
46 community detected
NMI:0.5283183033898488
ARI:0.9936057388001969
__pmi__
Network Properties for:		G#48
nodes, edges			5000, 47510
directed?			False
weighted?			True
isolated nodes			0
self-loops			0
density				0.003802
clustering coefficient		0.242096
min/max/avg degree		1, 343, 19.004000
degree assortativity		0.286771
number of connected components	1
size of largest component	5000 (100.00 %)
tot:  56074.20777610619
__pmi+Louvain__
PLM(balanced,pc,turbo) detected communities in 0.5318942070007324 [s]
solution properties:
-------------------  ---------
# communities         32
min community size     1
max community size   930
avg. community size  156.25
modularity             1.33932
-------------------  ---------
46 community detected
NMI:0.5690032513538528
ARI:0.7979486915839803
__pmi+PLP__
PLP detected communities in 0.28632616996765137 [s]
solution properties:
-------------------  ----------
# communities         294
min community size      2
max community size   1556
avg. community size    17.0068
modularity              1.28399
-------------------  ----------
46 community detected
NMI:0.5260356037503277
ARI:0.8579189849399502
__standard__
Network Properties for:		G#60
nodes, edges			5000, 47510
directed?			False
weighted?			True
isolated nodes			0
self-loops			0
density				0.003802
clustering coefficient		0.242096
min/max/avg degree		1, 343, 19.004000
degree assortativity		0.286771
number of connected components	1
size of largest component	5000 (100.00 %)
tot:  16.77310943032269
__standard+Louvain__
PLM(balanced,pc,turbo) detected communities in 0.7489409446716309 [s]
solution properties:
-------------------  ----------
# communities         99
min community size     2
max community size   256
avg. community size   50.5051
modularity             0.872074
-------------------  ----------
46 community detected
NMI:0.7120250758023008
ARI:0.926863853118501
__standard+PLP__
PLP detected communities in 0.14898014068603516 [s]
solution properties:
-------------------  -----------
# communities        1253
min community size      2
max community size     42
avg. community size     3.99042
modularity              0.756006
-------------------  -----------
46 community detected
NMI:0.5569475100538177
ARI:0.9888793197153775
__ppmi__
Network Properties for:		G#75
nodes, edges			5000, 47510
directed?			False
weighted?			True
isolated nodes			0
self-loops			0
density				0.003802
clustering coefficient		0.242096
min/max/avg degree		1, 343, 19.004000
degree assortativity		0.286771
number of connected components	1
size of largest component	5000 (100.00 %)
tot:  157513.6551980143
__ppmi+Louvain__
PLM(balanced,pc,turbo) detected communities in 0.743706226348877 [s]
solution properties:
-------------------  ----------
# communities         25
min community size    51
max community size   458
avg. community size  200
modularity             0.578022
-------------------  ----------
46 community detected
NMI:0.2817154787606154
ARI:0.36321580579364987
__ppmi+PLP__
PLP detected communities in 0.1722095012664795 [s]
solution properties:
-------------------  -----------
# communities          97
min community size      2
max community size   2600
avg. community size    51.5464
modularity              0.465869
-------------------  -----------
46 community detected
NMI:0.3556427035607469
ARI:0.8121508543936553
__glovexmax50alpha0.2__
Network Properties for:		G#87
nodes, edges			5000, 47510
directed?			False
weighted?			True
isolated nodes			0
self-loops			0
density				0.003802
clustering coefficient		0.242096
min/max/avg degree		1, 343, 19.004000
degree assortativity		0.286771
number of connected components	1
size of largest component	5000 (100.00 %)
tot:  25050.279987292663
__glovexmax50alpha0.2+Louvain__
PLM(balanced,pc,turbo) detected communities in 0.39483189582824707 [s]
solution properties:
-------------------  ----------
# communities         22
min community size    52
max community size   471
avg. community size  227.273
modularity             0.531673
-------------------  ----------
46 community detected
NMI:0.071025526329213
ARI:0.07560902743712405
__glovexmax50alpha0.2+PLP__
PLP detected communities in 0.0935966968536377 [s]
solution properties:
-------------------  ----------
# communities         45
min community size     5
max community size   480
avg. community size  111.111
modularity             0.530041
-------------------  ----------
46 community detected
NMI:0.0370482480928469
ARI:0.046403348943667266
__glovexmax40alpha0.2__
Network Properties for:		G#96
nodes, edges			5000, 47510
directed?			False
weighted?			True
isolated nodes			0
self-loops			0
density				0.003802
clustering coefficient		0.242096
min/max/avg degree		1, 343, 19.004000
degree assortativity		0.286771
number of connected components	1
size of largest component	5000 (100.00 %)
tot:  26134.120139684062
__glovexmax40alpha0.2+Louvain__
PLM(balanced,pc,turbo) detected communities in 0.23249197006225586 [s]
solution properties:
-------------------  ----------
# communities         23
min community size    52
max community size   471
avg. community size  217.391
modularity             0.532262
-------------------  ----------
46 community detected
NMI:0.06587294704916669
ARI:0.06718804805983103
__glovexmax40alpha0.2+PLP__
PLP detected communities in 0.05274462699890137 [s]
solution properties:
-------------------  ----------
# communities         45
min community size     5
max community size   480
avg. community size  111.111
modularity             0.530293
-------------------  ----------
46 community detected
NMI:0.035995793212171834
ARI:0.04515135271868753
__glovexmax30alpha0.3__
Network Properties for:		G#105
nodes, edges			5000, 47510
directed?			False
weighted?			True
isolated nodes			0
self-loops			0
density				0.003802
clustering coefficient		0.242096
min/max/avg degree		1, 343, 19.004000
degree assortativity		0.286771
number of connected components	1
size of largest component	5000 (100.00 %)
tot:  23550.73387008627
__glovexmax30alpha0.3+Louvain__
PLM(balanced,pc,turbo) detected communities in 0.22362184524536133 [s]
solution properties:
-------------------  ----------
# communities         23
min community size    52
max community size   476
avg. community size  217.391
modularity             0.527612
-------------------  ----------
46 community detected
NMI:0.08368947968908336
ARI:0.09441434007853511
__glovexmax30alpha0.3+PLP__
PLP detected communities in 0.058841705322265625 [s]
solution properties:
-------------------  ----------
# communities         46
min community size     2
max community size   488
avg. community size  108.696
modularity             0.525687
-------------------  ----------
46 community detected
NMI:0.05813545848126389
ARI:0.07513057876119511
NMI classement:
[('NMIglovexmax40alpha0.2+PLP', 0.035995793212171834), ('NMIglovexmax50alpha0.2+PLP', 0.0370482480928469), ('NMIglovexmax30alpha0.3+PLP', 0.05813545848126389), ('NMIglovexmax40alpha0.2+Louvain', 0.06587294704916669), ('NMIglovexmax50alpha0.2+Louvain', 0.071025526329213), ('NMIglovexmax30alpha0.3+Louvain', 0.08368947968908336), ('NMIglove+PLP', 0.133094368283193), ('NMIglove+Louvain', 0.15905963692975722), ('NMIPLP', 0.1685552298350792), ('NMILouvain', 0.19793753413269266), ('NMIppmi+Louvain', 0.2817154787606154), ('NMIppmi+PLP', 0.3556427035607469), ('NMISingleton', 0.4615053837445433), ('NMIpmi+PLP', 0.5260356037503277), ('NMIiterative_rev_degree_order+PLP', 0.5283183033898488), ('NMIstandard+PLP', 0.5569475100538177), ('NMIpmi+Louvain', 0.5690032513538528), ('NMIstandard+Louvain', 0.7120250758023008), ('NMIiterative_rev_degree_order+Louvain', 0.7908286414575645), ('NMIAllInOne', 1.0), ('NMIfake_pmi+Louvain', 1), ('NMIfake_pmi+PLP', 1)]
ARI classement:
[('ARIglovexmax40alpha0.2+PLP', 0.04515135271868753), ('ARIglovexmax50alpha0.2+PLP', 0.046403348943667266), ('ARIglovexmax40alpha0.2+Louvain', 0.06718804805983103), ('ARIglovexmax30alpha0.3+PLP', 0.07513057876119511), ('ARIglovexmax50alpha0.2+Louvain', 0.07560902743712405), ('ARIglovexmax30alpha0.3+Louvain', 0.09441434007853511), ('ARIglove+PLP', 0.18068873733477953), ('ARIglove+Louvain', 0.19704229204718926), ('ARIPLP', 0.22103571777399333), ('ARILouvain', 0.24406827094538108), ('ARIppmi+Louvain', 0.36321580579364987), ('ARIpmi+Louvain', 0.7979486915839803), ('ARIppmi+PLP', 0.8121508543936553), ('ARIpmi+PLP', 0.8579189849399502), ('ARIstandard+Louvain', 0.926863853118501), ('ARIiterative_rev_degree_order+Louvain', 0.9782048179313426), ('ARIstandard+PLP', 0.9888793197153775), ('ARIiterative_rev_degree_order+PLP', 0.9936057388001969), ('ARISingleton', 1.0), ('ARIAllInOne', 1.0), ('ARIfake_pmi+Louvain', 1), ('ARIfake_pmi+PLP', 1)]
