__LOADINGS__
4991/61548 8.109118086696562 % of nul weighted edges removed
1/5000 0.02 % of nul degree nodes removed
Network Properties for:		network
nodes, edges			4999, 56557
directed?			False
weighted?			True
isolated nodes			1
self-loops			0
density				0.004527
clustering coefficient		0.484121
min/max/avg degree		0, 390, 22.627325
degree assortativity		0.186473
number of connected components	1
size of largest component	4999 (100.00 %)
520486.57553039753
__Groundtruth__
read communities from: ../../lfr_5000/mk500/k25/muw0.2/42/community.dat
-------------------  ----------
# communities         45
min community size     6
max community size   473
avg. community size  111.111
modularity             0.649358
-------------------  ----------
45 community detected
__CLASSIC_METHODS__
__Louvain__
PLM(balanced,pc,turbo) detected communities in 0.43082571029663086 [s]
solution properties:
-------------------  ----------
# communities         30
min community size     6
max community size   479
avg. community size  166.633
modularity             0.651761
-------------------  ----------
45 community detected
NMI:0.039018529508997535
ARI:0.03897327419942587
__Singleton__
45 community detected
NMI:0.46114231974357534
ARI:1.0
__AllInOne__
45 community detected
NMI:1.0
ARI:1.0
__PLP__
PLP detected communities in 0.0875852108001709 [s]
solution properties:
-------------------  ----------
# communities         46
min community size     1
max community size   479
avg. community size  108.696
modularity             0.651644
-------------------  ----------
45 community detected
NMI:0.013935931303255433
ARI:0.01786121605515467
__NORMALIZATION__
__glove__
Network Properties for:		G#21
nodes, edges			4999, 56557
directed?			False
weighted?			True
isolated nodes			1
self-loops			0
density				0.004527
clustering coefficient		0.484121
min/max/avg degree		0, 390, 22.627325
degree assortativity		0.186473
number of connected components	1
size of largest component	4999 (100.00 %)
tot:  7672.675002855133
__glove+Louvain__
PLM(balanced,pc,turbo) detected communities in 0.37485837936401367 [s]
solution properties:
-------------------  ----------
# communities         34
min community size     6
max community size   476
avg. community size  147.029
modularity             0.690624
-------------------  ----------
45 community detected
NMI:0.022528846395521107
ARI:0.02043572632045998
__glove+PLP__
PLP detected communities in 0.08870577812194824 [s]
solution properties:
-------------------  ----------
# communities         46
min community size     1
max community size   477
avg. community size  108.696
modularity             0.690508
-------------------  ----------
45 community detected
NMI:0.009853540848230868
ARI:0.012316543632171717
__fake_pmi__
Network Properties for:		G#30
nodes, edges			4999, 56557
directed?			False
weighted?			True
isolated nodes			1
self-loops			0
density				0.004527
clustering coefficient		0.484121
min/max/avg degree		0, 390, 22.627325
degree assortativity		0.186473
number of connected components	1
size of largest component	4999 (100.00 %)
tot:  0.0
__fake_pmi+Louvain__
1 community detected due to total edge weight equal 0
NMI:1
ARI:1
__fake_pmi+PLP__
1 community detected due to total edge weight equal 0
NMI:1
ARI:1
__iterative_rev_degree_order__
Network Properties for:		G#33
nodes, edges			4999, 56557
directed?			False
weighted?			True
isolated nodes			1
self-loops			0
density				0.004527
clustering coefficient		0.484121
min/max/avg degree		0, 390, 22.627325
degree assortativity		0.186473
number of connected components	1
size of largest component	4999 (100.00 %)
tot:  1544.0182904671274
__iterative_rev_degree_order+Louvain__
PLM(balanced,pc,turbo) detected communities in 0.8238561153411865 [s]
solution properties:
-------------------  ----------
# communities         66
min community size     2
max community size   303
avg. community size   75.7424
modularity             0.866217
-------------------  ----------
45 community detected
NMI:0.6110733330659425
ARI:0.8538941524650456
__iterative_rev_degree_order+PLP__
PLP detected communities in 0.09165382385253906 [s]
solution properties:
-------------------  ----------
# communities        1485
min community size      1
max community size     14
avg. community size     3.367
modularity              0.73362
-------------------  ----------
45 community detected
NMI:0.5013573663818537
ARI:0.9890575326911154
__pmi__
Network Properties for:		G#48
nodes, edges			4999, 56557
directed?			False
weighted?			True
isolated nodes			1
self-loops			0
density				0.004527
clustering coefficient		0.484121
min/max/avg degree		0, 390, 22.627325
degree assortativity		0.186473
number of connected components	1
size of largest component	4999 (100.00 %)
tot:  109510.88671241463
__pmi+Louvain__
PLM(balanced,pc,turbo) detected communities in 0.43796777725219727 [s]
solution properties:
-------------------  ----------
# communities          39
min community size      7
max community size   1467
avg. community size   128.179
modularity              1.20992
-------------------  ----------
45 community detected
NMI:0.18515274907010126
ARI:0.5087760844114422
__pmi+PLP__
PLP detected communities in 0.19205760955810547 [s]
solution properties:
-------------------  ---------
# communities         52
min community size     1
max community size   793
avg. community size   96.1538
modularity             1.20737
-------------------  ---------
45 community detected
NMI:0.13051224065145195
ARI:0.26209469064269153
__standard__
Network Properties for:		G#57
nodes, edges			4999, 56557
directed?			False
weighted?			True
isolated nodes			1
self-loops			0
density				0.004527
clustering coefficient		0.484121
min/max/avg degree		0, 390, 22.627325
degree assortativity		0.186473
number of connected components	1
size of largest component	4999 (100.00 %)
tot:  12.31619670018919
__standard+Louvain__
PLM(balanced,pc,turbo) detected communities in 0.7054934501647949 [s]
solution properties:
-------------------  -----------
# communities          45
min community size      2
max community size   1170
avg. community size   111.089
modularity              0.914088
-------------------  -----------
45 community detected
NMI:0.40080796158282106
ARI:0.6529124472484064
__standard+PLP__
PLP detected communities in 0.17299699783325195 [s]
solution properties:
-------------------  ---------
# communities        768
min community size     1
max community size   207
avg. community size    6.51042
modularity             0.82052
-------------------  ---------
45 community detected
NMI:0.4212696583240555
ARI:0.7382274582970911
__ppmi__
Network Properties for:		G#69
nodes, edges			4999, 56557
directed?			False
weighted?			True
isolated nodes			1
self-loops			0
density				0.004527
clustering coefficient		0.484121
min/max/avg degree		0, 390, 22.627325
degree assortativity		0.186473
number of connected components	1
size of largest component	4999 (100.00 %)
tot:  190543.44768572418
__ppmi+Louvain__
PLM(balanced,pc,turbo) detected communities in 0.33406829833984375 [s]
solution properties:
-------------------  ---------
# communities         33
min community size     7
max community size   465
avg. community size  151.485
modularity             0.77686
-------------------  ---------
45 community detected
NMI:0.026241945825117408
ARI:0.028138239781306806
__ppmi+PLP__
PLP detected communities in 0.11512517929077148 [s]
solution properties:
-------------------  ----------
# communities         46
min community size     1
max community size   898
avg. community size  108.696
modularity             0.772783
-------------------  ----------
45 community detected
NMI:0.029799384611641
ARI:0.14476568319374616
__glovexmax50alpha0.2__
Network Properties for:		G#78
nodes, edges			4999, 56557
directed?			False
weighted?			True
isolated nodes			1
self-loops			0
density				0.004527
clustering coefficient		0.484121
min/max/avg degree		0, 390, 22.627325
degree assortativity		0.186473
number of connected components	1
size of largest component	4999 (100.00 %)
tot:  30603.289608275132
__glovexmax50alpha0.2+Louvain__
PLM(balanced,pc,turbo) detected communities in 0.35409045219421387 [s]
solution properties:
-------------------  ----------
# communities         18
min community size   163
max community size   473
avg. community size  277.722
modularity             0.742973
-------------------  ----------
45 community detected
NMI:0.052369421774957625
ARI:0.05809045946527136
__glovexmax50alpha0.2+PLP__
PLP detected communities in 0.06893491744995117 [s]
solution properties:
-------------------  ----------
# communities         46
min community size     1
max community size   473
avg. community size  108.696
modularity             0.744299
-------------------  ----------
45 community detected
NMI:0.0
ARI:0.0
__glovexmax40alpha0.2__
Network Properties for:		G#87
nodes, edges			4999, 56557
directed?			False
weighted?			True
isolated nodes			1
self-loops			0
density				0.004527
clustering coefficient		0.484121
min/max/avg degree		0, 390, 22.627325
degree assortativity		0.186473
number of connected components	1
size of largest component	4999 (100.00 %)
tot:  31913.575881315206
__glovexmax40alpha0.2+Louvain__
PLM(balanced,pc,turbo) detected communities in 0.2884988784790039 [s]
solution properties:
-------------------  ----------
# communities         23
min community size    50
max community size   473
avg. community size  217.348
modularity             0.744716
-------------------  ----------
45 community detected
NMI:0.02933954506823344
ARI:0.024321312556706665
__glovexmax40alpha0.2+PLP__
PLP detected communities in 0.06340265274047852 [s]
solution properties:
-------------------  ----------
# communities         46
min community size     1
max community size   473
avg. community size  108.696
modularity             0.744891
-------------------  ----------
45 community detected
NMI:0.0
ARI:0.0
__glovexmax30alpha0.3__
Network Properties for:		G#96
nodes, edges			4999, 56557
directed?			False
weighted?			True
isolated nodes			1
self-loops			0
density				0.004527
clustering coefficient		0.484121
min/max/avg degree		0, 390, 22.627325
degree assortativity		0.186473
number of connected components	1
size of largest component	4999 (100.00 %)
tot:  28319.426315684
__glovexmax30alpha0.3+Louvain__
PLM(balanced,pc,turbo) detected communities in 0.46331048011779785 [s]
solution properties:
-------------------  ----------
# communities         21
min community size    87
max community size   474
avg. community size  238.048
modularity             0.741822
-------------------  ----------
45 community detected
NMI:0.0369701106481759
ARI:0.033545002659623235
__glovexmax30alpha0.3+PLP__
PLP detected communities in 0.07152342796325684 [s]
solution properties:
-------------------  ---------
# communities         46
min community size     1
max community size   474
avg. community size  108.696
modularity             0.74217
-------------------  ---------
45 community detected
NMI:0.000453123973539471
ARI:0.000683953690666983
NMI classement:
[('NMIglovexmax50alpha0.2+PLP', 0.0), ('NMIglovexmax40alpha0.2+PLP', 0.0), ('NMIglovexmax30alpha0.3+PLP', 0.000453123973539471), ('NMIglove+PLP', 0.009853540848230868), ('NMIPLP', 0.013935931303255433), ('NMIglove+Louvain', 0.022528846395521107), ('NMIppmi+Louvain', 0.026241945825117408), ('NMIglovexmax40alpha0.2+Louvain', 0.02933954506823344), ('NMIppmi+PLP', 0.029799384611641), ('NMIglovexmax30alpha0.3+Louvain', 0.0369701106481759), ('NMILouvain', 0.039018529508997535), ('NMIglovexmax50alpha0.2+Louvain', 0.052369421774957625), ('NMIpmi+PLP', 0.13051224065145195), ('NMIpmi+Louvain', 0.18515274907010126), ('NMIstandard+Louvain', 0.40080796158282106), ('NMIstandard+PLP', 0.4212696583240555), ('NMISingleton', 0.46114231974357534), ('NMIiterative_rev_degree_order+PLP', 0.5013573663818537), ('NMIiterative_rev_degree_order+Louvain', 0.6110733330659425), ('NMIAllInOne', 1.0), ('NMIfake_pmi+Louvain', 1), ('NMIfake_pmi+PLP', 1)]
ARI classement:
[('ARIglovexmax50alpha0.2+PLP', 0.0), ('ARIglovexmax40alpha0.2+PLP', 0.0), ('ARIglovexmax30alpha0.3+PLP', 0.000683953690666983), ('ARIglove+PLP', 0.012316543632171717), ('ARIPLP', 0.01786121605515467), ('ARIglove+Louvain', 0.02043572632045998), ('ARIglovexmax40alpha0.2+Louvain', 0.024321312556706665), ('ARIppmi+Louvain', 0.028138239781306806), ('ARIglovexmax30alpha0.3+Louvain', 0.033545002659623235), ('ARILouvain', 0.03897327419942587), ('ARIglovexmax50alpha0.2+Louvain', 0.05809045946527136), ('ARIppmi+PLP', 0.14476568319374616), ('ARIpmi+PLP', 0.26209469064269153), ('ARIpmi+Louvain', 0.5087760844114422), ('ARIstandard+Louvain', 0.6529124472484064), ('ARIstandard+PLP', 0.7382274582970911), ('ARIiterative_rev_degree_order+Louvain', 0.8538941524650456), ('ARIiterative_rev_degree_order+PLP', 0.9890575326911154), ('ARISingleton', 1.0), ('ARIAllInOne', 1.0), ('ARIfake_pmi+Louvain', 1), ('ARIfake_pmi+PLP', 1)]
