__LOADINGS__
4972/61220 8.121528912120223 % of nul weighted edges removed
1/5000 0.02 % of nul degree nodes removed
Network Properties for:		network
nodes, edges			4999, 56248
directed?			False
weighted?			True
isolated nodes			1
self-loops			0
density				0.004503
clustering coefficient		0.203000
min/max/avg degree		0, 79, 22.503701
degree assortativity		0.412022
number of connected components	1
size of largest component	4999 (100.00 %)
337996.1593510498
__Groundtruth__
read communities from: ../../lfr_5000/mk100/k25/muw0.4/33/community.dat
-------------------  ----------
# communities        104
min community size    20
max community size    99
avg. community size   48.0769
modularity             0.599109
-------------------  ----------
104 community detected
__CLASSIC_METHODS__
__Louvain__
PLM(balanced,pc,turbo) detected communities in 0.5331120491027832 [s]
solution properties:
-------------------  ----------
# communities         51
min community size    59
max community size   158
avg. community size   98.0196
modularity             0.599896
-------------------  ----------
104 community detected
NMI:0.07580915982726077
ARI:0.2858635874748868
__Singleton__
104 community detected
NMI:0.3047653125958629
ARI:1.0
__AllInOne__
104 community detected
NMI:1.0
ARI:1.0
__PLP__
PLP detected communities in 0.10150623321533203 [s]
solution properties:
-------------------  ----------
# communities        105
min community size     1
max community size    99
avg. community size   47.619
modularity             0.599222
-------------------  ----------
104 community detected
NMI:0.0006915952067411135
ARI:0.001458571303048939
__NORMALIZATION__
__glove__
Network Properties for:		G#21
nodes, edges			4999, 56248
directed?			False
weighted?			True
isolated nodes			1
self-loops			0
density				0.004503
clustering coefficient		0.203000
min/max/avg degree		0, 79, 22.503701
degree assortativity		0.412022
number of connected components	1
size of largest component	4999 (100.00 %)
tot:  6616.221653359341
__glove+Louvain__
PLM(balanced,pc,turbo) detected communities in 0.5044450759887695 [s]
solution properties:
-------------------  ----------
# communities         49
min community size    59
max community size   170
avg. community size  102.02
modularity             0.602362
-------------------  ----------
104 community detected
NMI:0.08201719339281166
ARI:0.31221900974018035
__glove+PLP__
PLP detected communities in 0.0891716480255127 [s]
solution properties:
-------------------  ----------
# communities        105
min community size     1
max community size    99
avg. community size   47.619
modularity             0.602182
-------------------  ----------
104 community detected
NMI:0.0006915952067411135
ARI:0.001458571303048939
__fake_pmi__
Network Properties for:		G#30
nodes, edges			4999, 56248
directed?			False
weighted?			True
isolated nodes			1
self-loops			0
density				0.004503
clustering coefficient		0.203000
min/max/avg degree		0, 79, 22.503701
degree assortativity		0.412022
number of connected components	1
size of largest component	4999 (100.00 %)
tot:  0.0
__fake_pmi+Louvain__
1 community detected due to total edge weight equal 0
NMI:1
ARI:1
__fake_pmi+PLP__
1 community detected due to total edge weight equal 0
NMI:1
ARI:1
__iterative_rev_degree_order__
Network Properties for:		G#33
nodes, edges			4999, 56248
directed?			False
weighted?			True
isolated nodes			1
self-loops			0
density				0.004503
clustering coefficient		0.203000
min/max/avg degree		0, 79, 22.503701
degree assortativity		0.412022
number of connected components	1
size of largest component	4999 (100.00 %)
tot:  1125.7843022803008
__iterative_rev_degree_order+Louvain__
PLM(balanced,pc,turbo) detected communities in 0.6785714626312256 [s]
solution properties:
-------------------  ----------
# communities         62
min community size    33
max community size   150
avg. community size   80.629
modularity             0.694202
-------------------  ----------
104 community detected
NMI:0.6077253907420147
ARI:0.9101374960545333
__iterative_rev_degree_order+PLP__
PLP detected communities in 0.07058477401733398 [s]
solution properties:
-------------------  -----------
# communities        1008
min community size      1
max community size     21
avg. community size     4.96032
modularity              0.591463
-------------------  -----------
104 community detected
NMI:0.3637817886413035
ARI:0.9436306723302667
__pmi__
Network Properties for:		G#48
nodes, edges			4999, 56248
directed?			False
weighted?			True
isolated nodes			1
self-loops			0
density				0.004503
clustering coefficient		0.203000
min/max/avg degree		0, 79, 22.503701
degree assortativity		0.412022
number of connected components	1
size of largest component	4999 (100.00 %)
tot:  336115.9832529625
__pmi+Louvain__
PLM(balanced,pc,turbo) detected communities in 0.43547606468200684 [s]
solution properties:
-------------------  ----------
# communities         57
min community size    57
max community size   144
avg. community size   87.7018
modularity             0.607067
-------------------  ----------
104 community detected
NMI:0.061271784696764864
ARI:0.22847900333879312
__pmi+PLP__
PLP detected communities in 0.031079530715942383 [s]
solution properties:
-------------------  ----------
# communities         98
min community size     1
max community size   195
avg. community size   51.0204
modularity             0.606447
-------------------  ----------
104 community detected
NMI:0.010647978335783348
ARI:0.06416957026713122
__standard__
Network Properties for:		G#57
nodes, edges			4999, 56248
directed?			False
weighted?			True
isolated nodes			1
self-loops			0
density				0.004503
clustering coefficient		0.203000
min/max/avg degree		0, 79, 22.503701
degree assortativity		0.412022
number of connected components	1
size of largest component	4999 (100.00 %)
tot:  17.024403654438306
__standard+Louvain__
PLM(balanced,pc,turbo) detected communities in 0.7516226768493652 [s]
solution properties:
-------------------  ----------
# communities         38
min community size    44
max community size   232
avg. community size  131.553
modularity             0.604118
-------------------  ----------
104 community detected
NMI:0.20636755442942412
ARI:0.5384263112413735
__standard+PLP__
PLP detected communities in 0.25969600677490234 [s]
solution properties:
-------------------  ----------
# communities        201
min community size     1
max community size   181
avg. community size   24.8756
modularity             0.589175
-------------------  ----------
104 community detected
NMI:0.08885109685262205
ARI:0.21594269935382593
__ppmi__
Network Properties for:		G#69
nodes, edges			4999, 56248
directed?			False
weighted?			True
isolated nodes			1
self-loops			0
density				0.004503
clustering coefficient		0.203000
min/max/avg degree		0, 79, 22.503701
degree assortativity		0.412022
number of connected components	1
size of largest component	4999 (100.00 %)
tot:  337726.63084282674
__ppmi+Louvain__
PLM(balanced,pc,turbo) detected communities in 0.4120969772338867 [s]
solution properties:
-------------------  ----------
# communities         43
min community size    73
max community size   160
avg. community size  116.256
modularity             0.603467
-------------------  ----------
104 community detected
NMI:0.09675586649613988
ARI:0.355582306805181
__ppmi+PLP__
PLP detected communities in 0.0812079906463623 [s]
solution properties:
-------------------  ----------
# communities         98
min community size     1
max community size   206
avg. community size   51.0204
modularity             0.604176
-------------------  ----------
104 community detected
NMI:0.013786698412186382
ARI:0.1002324488422015
__glovexmax50alpha0.2__
Network Properties for:		G#78
nodes, edges			4999, 56248
directed?			False
weighted?			True
isolated nodes			1
self-loops			0
density				0.004503
clustering coefficient		0.203000
min/max/avg degree		0, 79, 22.503701
degree assortativity		0.412022
number of connected components	1
size of largest component	4999 (100.00 %)
tot:  35560.72811933756
__glovexmax50alpha0.2+Louvain__
PLM(balanced,pc,turbo) detected communities in 0.38550686836242676 [s]
solution properties:
-------------------  ----------
# communities         56
min community size    59
max community size   143
avg. community size   89.2679
modularity             0.603067
-------------------  ----------
104 community detected
NMI:0.06348129766358368
ARI:0.23545378864504718
__glovexmax50alpha0.2+PLP__
PLP detected communities in 0.08384132385253906 [s]
solution properties:
-------------------  ----------
# communities        106
min community size     1
max community size    99
avg. community size   47.1698
modularity             0.599283
-------------------  ----------
104 community detected
NMI:0.0018104785168295834
ARI:0.006242849677264406
__glovexmax40alpha0.2__
Network Properties for:		G#87
nodes, edges			4999, 56248
directed?			False
weighted?			True
isolated nodes			1
self-loops			0
density				0.004503
clustering coefficient		0.203000
min/max/avg degree		0, 79, 22.503701
degree assortativity		0.412022
number of connected components	1
size of largest component	4999 (100.00 %)
tot:  37183.703840524235
__glovexmax40alpha0.2+Louvain__
PLM(balanced,pc,turbo) detected communities in 0.2057480812072754 [s]
solution properties:
-------------------  ----------
# communities         31
min community size   108
max community size   208
avg. community size  161.258
modularity             0.597636
-------------------  ----------
104 community detected
NMI:0.14084379014163562
ARI:0.4885860877019671
__glovexmax40alpha0.2+PLP__
PLP detected communities in 0.02638077735900879 [s]
solution properties:
-------------------  ----------
# communities        105
min community size     1
max community size    99
avg. community size   47.619
modularity             0.603043
-------------------  ----------
104 community detected
NMI:0.0006915952067411135
ARI:0.001458571303048939
__glovexmax30alpha0.3__
Network Properties for:		G#96
nodes, edges			4999, 56248
directed?			False
weighted?			True
isolated nodes			1
self-loops			0
density				0.004503
clustering coefficient		0.203000
min/max/avg degree		0, 79, 22.503701
degree assortativity		0.412022
number of connected components	1
size of largest component	4999 (100.00 %)
tot:  33275.0391912256
__glovexmax30alpha0.3+Louvain__
PLM(balanced,pc,turbo) detected communities in 0.2236480712890625 [s]
solution properties:
-------------------  ----------
# communities         43
min community size    72
max community size   171
avg. community size  116.256
modularity             0.602339
-------------------  ----------
104 community detected
NMI:0.09776041239946553
ARI:0.36098559632316396
__glovexmax30alpha0.3+PLP__
PLP detected communities in 0.025246858596801758 [s]
solution properties:
-------------------  ----------
# communities        105
min community size     1
max community size    99
avg. community size   47.619
modularity             0.603939
-------------------  ----------
104 community detected
NMI:0.0006915952067411135
ARI:0.001458571303048939
NMI classement:
[('NMIPLP', 0.0006915952067411135), ('NMIglove+PLP', 0.0006915952067411135), ('NMIglovexmax40alpha0.2+PLP', 0.0006915952067411135), ('NMIglovexmax30alpha0.3+PLP', 0.0006915952067411135), ('NMIglovexmax50alpha0.2+PLP', 0.0018104785168295834), ('NMIpmi+PLP', 0.010647978335783348), ('NMIppmi+PLP', 0.013786698412186382), ('NMIpmi+Louvain', 0.061271784696764864), ('NMIglovexmax50alpha0.2+Louvain', 0.06348129766358368), ('NMILouvain', 0.07580915982726077), ('NMIglove+Louvain', 0.08201719339281166), ('NMIstandard+PLP', 0.08885109685262205), ('NMIppmi+Louvain', 0.09675586649613988), ('NMIglovexmax30alpha0.3+Louvain', 0.09776041239946553), ('NMIglovexmax40alpha0.2+Louvain', 0.14084379014163562), ('NMIstandard+Louvain', 0.20636755442942412), ('NMISingleton', 0.3047653125958629), ('NMIiterative_rev_degree_order+PLP', 0.3637817886413035), ('NMIiterative_rev_degree_order+Louvain', 0.6077253907420147), ('NMIAllInOne', 1.0), ('NMIfake_pmi+Louvain', 1), ('NMIfake_pmi+PLP', 1)]
ARI classement:
[('ARIPLP', 0.001458571303048939), ('ARIglove+PLP', 0.001458571303048939), ('ARIglovexmax40alpha0.2+PLP', 0.001458571303048939), ('ARIglovexmax30alpha0.3+PLP', 0.001458571303048939), ('ARIglovexmax50alpha0.2+PLP', 0.006242849677264406), ('ARIpmi+PLP', 0.06416957026713122), ('ARIppmi+PLP', 0.1002324488422015), ('ARIstandard+PLP', 0.21594269935382593), ('ARIpmi+Louvain', 0.22847900333879312), ('ARIglovexmax50alpha0.2+Louvain', 0.23545378864504718), ('ARILouvain', 0.2858635874748868), ('ARIglove+Louvain', 0.31221900974018035), ('ARIppmi+Louvain', 0.355582306805181), ('ARIglovexmax30alpha0.3+Louvain', 0.36098559632316396), ('ARIglovexmax40alpha0.2+Louvain', 0.4885860877019671), ('ARIstandard+Louvain', 0.5384263112413735), ('ARIiterative_rev_degree_order+Louvain', 0.9101374960545333), ('ARIiterative_rev_degree_order+PLP', 0.9436306723302667), ('ARISingleton', 1.0), ('ARIAllInOne', 1.0), ('ARIfake_pmi+Louvain', 1), ('ARIfake_pmi+PLP', 1)]
