__LOADINGS__
4992/62242 8.020307830725233 % of nul weighted edges removed
1/5000 0.02 % of nul degree nodes removed
Network Properties for:		network
nodes, edges			4999, 57250
directed?			False
weighted?			True
isolated nodes			1
self-loops			0
density				0.004583
clustering coefficient		0.315327
min/max/avg degree		0, 230, 22.904581
degree assortativity		0.236355
number of connected components	1
size of largest component	4999 (100.00 %)
453017.4023682407
__Groundtruth__
read communities from: ../../lfr_5000/mk300/k25/muw0.3/21/community.dat
-------------------  ---------
# communities         32
min community size   100
max community size   215
avg. community size  156.25
modularity             0.62618
-------------------  ---------
32 community detected
__CLASSIC_METHODS__
__Louvain__
PLM(balanced,pc,turbo) detected communities in 0.24150514602661133 [s]
solution properties:
-------------------  ----------
# communities         32
min community size   100
max community size   219
avg. community size  156.219
modularity             0.627155
-------------------  ----------
32 community detected
NMI:0.022974020014939645
ARI:0.028239339046543854
__Singleton__
32 community detected
NMI:0.4236841828226895
ARI:1.0
__AllInOne__
32 community detected
NMI:1.0
ARI:1.0
__PLP__
PLP detected communities in 0.06676697731018066 [s]
solution properties:
-------------------  ----------
# communities         33
min community size     1
max community size   219
avg. community size  151.515
modularity             0.627151
-------------------  ----------
32 community detected
NMI:0.023884878212647842
ARI:0.029581609171812406
__NORMALIZATION__
__glove__
Network Properties for:		G#18
nodes, edges			4999, 57250
directed?			False
weighted?			True
isolated nodes			1
self-loops			0
density				0.004583
clustering coefficient		0.315327
min/max/avg degree		0, 230, 22.904581
degree assortativity		0.236355
number of connected components	1
size of largest component	4999 (100.00 %)
tot:  7504.885269874634
__glove+Louvain__
PLM(balanced,pc,turbo) detected communities in 0.25391554832458496 [s]
solution properties:
-------------------  ----------
# communities         32
min community size   100
max community size   216
avg. community size  156.219
modularity             0.644812
-------------------  ----------
32 community detected
NMI:0.012839179093905972
ARI:0.015863962984942748
__glove+PLP__
PLP detected communities in 0.06252002716064453 [s]
solution properties:
-------------------  ----------
# communities         33
min community size     1
max community size   219
avg. community size  151.515
modularity             0.644808
-------------------  ----------
32 community detected
NMI:0.014967279698306024
ARI:0.01846822727873887
__fake_pmi__
Network Properties for:		G#24
nodes, edges			4999, 57250
directed?			False
weighted?			True
isolated nodes			1
self-loops			0
density				0.004583
clustering coefficient		0.315327
min/max/avg degree		0, 230, 22.904581
degree assortativity		0.236355
number of connected components	1
size of largest component	4999 (100.00 %)
tot:  0.0
__fake_pmi+Louvain__
1 community detected due to total edge weight equal 0
NMI:1
ARI:1
__fake_pmi+PLP__
1 community detected due to total edge weight equal 0
NMI:1
ARI:1
__iterative_rev_degree_order__
Network Properties for:		G#27
nodes, edges			4999, 57250
directed?			False
weighted?			True
isolated nodes			1
self-loops			0
density				0.004583
clustering coefficient		0.315327
min/max/avg degree		0, 230, 22.904581
degree assortativity		0.236355
number of connected components	1
size of largest component	4999 (100.00 %)
tot:  1366.7117333150118
__iterative_rev_degree_order+Louvain__
PLM(balanced,pc,turbo) detected communities in 0.8097119331359863 [s]
solution properties:
-------------------  ----------
# communities         54
min community size    29
max community size   252
avg. community size   92.5741
modularity             0.807813
-------------------  ----------
32 community detected
NMI:0.7301611822659129
ARI:0.8962777848868281
__iterative_rev_degree_order+PLP__
PLP detected communities in 0.052300453186035156 [s]
solution properties:
-------------------  -----------
# communities        1534
min community size      1
max community size     13
avg. community size     3.25945
modularity              0.688808
-------------------  -----------
32 community detected
NMI:0.48529089912528867
ARI:0.9874180929095354
__pmi__
Network Properties for:		G#42
nodes, edges			4999, 57250
directed?			False
weighted?			True
isolated nodes			1
self-loops			0
density				0.004583
clustering coefficient		0.315327
min/max/avg degree		0, 230, 22.904581
degree assortativity		0.236355
number of connected components	1
size of largest component	4999 (100.00 %)
tot:  176111.99515152458
__pmi+Louvain__
PLM(balanced,pc,turbo) detected communities in 0.4929924011230469 [s]
solution properties:
-------------------  ----------
# communities         31
min community size   104
max community size   371
avg. community size  161.258
modularity             0.780727
-------------------  ----------
32 community detected
NMI:0.10926956954848477
ARI:0.18275414934553635
__pmi+PLP__
PLP detected communities in 0.15006399154663086 [s]
solution properties:
-------------------  ----------
# communities         40
min community size     1
max community size   218
avg. community size  125
modularity             0.779587
-------------------  ----------
32 community detected
NMI:0.10247387819722764
ARI:0.1447785169118515
__standard__
Network Properties for:		G#51
nodes, edges			4999, 57250
directed?			False
weighted?			True
isolated nodes			1
self-loops			0
density				0.004583
clustering coefficient		0.315327
min/max/avg degree		0, 230, 22.904581
degree assortativity		0.236355
number of connected components	1
size of largest component	4999 (100.00 %)
tot:  8.856242689270262
__standard+Louvain__
PLM(balanced,pc,turbo) detected communities in 0.764411211013794 [s]
solution properties:
-------------------  ----------
# communities         33
min community size     2
max community size   228
avg. community size  151.485
modularity             0.761037
-------------------  ----------
32 community detected
NMI:0.4039235556346956
ARI:0.5253080408391197
__standard+PLP__
PLP detected communities in 0.2277665138244629 [s]
solution properties:
-------------------  ----------
# communities        922
min community size     1
max community size   149
avg. community size    5.42299
modularity             0.634302
-------------------  ----------
32 community detected
NMI:0.4026457637590575
ARI:0.7074988911673273
__ppmi__
Network Properties for:		G#63
nodes, edges			4999, 57250
directed?			False
weighted?			True
isolated nodes			1
self-loops			0
density				0.004583
clustering coefficient		0.315327
min/max/avg degree		0, 230, 22.904581
degree assortativity		0.236355
number of connected components	1
size of largest component	4999 (100.00 %)
tot:  232158.45915200433
__ppmi+Louvain__
PLM(balanced,pc,turbo) detected communities in 0.23053312301635742 [s]
solution properties:
-------------------  ----------
# communities         32
min community size   101
max community size   215
avg. community size  156.219
modularity             0.685475
-------------------  ----------
32 community detected
NMI:0.0039215058760269095
ARI:0.004919168561538401
__ppmi+PLP__
PLP detected communities in 0.10106253623962402 [s]
solution properties:
-------------------  ----------
# communities         32
min community size     1
max community size   335
avg. community size  156.25
modularity             0.684104
-------------------  ----------
32 community detected
NMI:0.010326835115819333
ARI:0.0369361001851356
__glovexmax50alpha0.2__
Network Properties for:		G#69
nodes, edges			4999, 57250
directed?			False
weighted?			True
isolated nodes			1
self-loops			0
density				0.004583
clustering coefficient		0.315327
min/max/avg degree		0, 230, 22.904581
degree assortativity		0.236355
number of connected components	1
size of largest component	4999 (100.00 %)
tot:  32641.375980874385
__glovexmax50alpha0.2+Louvain__
PLM(balanced,pc,turbo) detected communities in 0.38465452194213867 [s]
solution properties:
-------------------  ----------
# communities         29
min community size   121
max community size   262
avg. community size  172.379
modularity             0.673166
-------------------  ----------
32 community detected
NMI:0.015272770615308184
ARI:0.05505356833651598
__glovexmax50alpha0.2+PLP__
PLP detected communities in 0.07343673706054688 [s]
solution properties:
-------------------  ----------
# communities         33
min community size     1
max community size   214
avg. community size  151.515
modularity             0.674828
-------------------  ----------
32 community detected
NMI:0.0
ARI:0.0
__glovexmax40alpha0.2__
Network Properties for:		G#78
nodes, edges			4999, 57250
directed?			False
weighted?			True
isolated nodes			1
self-loops			0
density				0.004583
clustering coefficient		0.315327
min/max/avg degree		0, 230, 22.904581
degree assortativity		0.236355
number of connected components	1
size of largest component	4999 (100.00 %)
tot:  34100.99993707267
__glovexmax40alpha0.2+Louvain__
PLM(balanced,pc,turbo) detected communities in 0.21347761154174805 [s]
solution properties:
-------------------  ----------
# communities         32
min community size   100
max community size   214
avg. community size  156.219
modularity             0.674957
-------------------  ----------
32 community detected
NMI:0.0
ARI:0.0
__glovexmax40alpha0.2+PLP__
PLP detected communities in 0.07486081123352051 [s]
solution properties:
-------------------  ----------
# communities         33
min community size     1
max community size   214
avg. community size  151.515
modularity             0.674957
-------------------  ----------
32 community detected
NMI:0.0
ARI:0.0
__glovexmax30alpha0.3__
Network Properties for:		G#84
nodes, edges			4999, 57250
directed?			False
weighted?			True
isolated nodes			1
self-loops			0
density				0.004583
clustering coefficient		0.315327
min/max/avg degree		0, 230, 22.904581
degree assortativity		0.236355
number of connected components	1
size of largest component	4999 (100.00 %)
tot:  30698.333172912255
__glovexmax30alpha0.3+Louvain__
PLM(balanced,pc,turbo) detected communities in 0.27895283699035645 [s]
solution properties:
-------------------  ----------
# communities         32
min community size   100
max community size   215
avg. community size  156.219
modularity             0.672457
-------------------  ----------
32 community detected
NMI:0.0003681098493909518
ARI:0.0005371217981501308
__glovexmax30alpha0.3+PLP__
PLP detected communities in 0.048290252685546875 [s]
solution properties:
-------------------  ----------
# communities         33
min community size     1
max community size   215
avg. community size  151.515
modularity             0.672457
-------------------  ----------
32 community detected
NMI:0.0003681098493909518
ARI:0.0005371217981501308
NMI classement:
[('NMIglovexmax50alpha0.2+PLP', 0.0), ('NMIglovexmax40alpha0.2+Louvain', 0.0), ('NMIglovexmax40alpha0.2+PLP', 0.0), ('NMIglovexmax30alpha0.3+Louvain', 0.0003681098493909518), ('NMIglovexmax30alpha0.3+PLP', 0.0003681098493909518), ('NMIppmi+Louvain', 0.0039215058760269095), ('NMIppmi+PLP', 0.010326835115819333), ('NMIglove+Louvain', 0.012839179093905972), ('NMIglove+PLP', 0.014967279698306024), ('NMIglovexmax50alpha0.2+Louvain', 0.015272770615308184), ('NMILouvain', 0.022974020014939645), ('NMIPLP', 0.023884878212647842), ('NMIpmi+PLP', 0.10247387819722764), ('NMIpmi+Louvain', 0.10926956954848477), ('NMIstandard+PLP', 0.4026457637590575), ('NMIstandard+Louvain', 0.4039235556346956), ('NMISingleton', 0.4236841828226895), ('NMIiterative_rev_degree_order+PLP', 0.48529089912528867), ('NMIiterative_rev_degree_order+Louvain', 0.7301611822659129), ('NMIAllInOne', 1.0), ('NMIfake_pmi+Louvain', 1), ('NMIfake_pmi+PLP', 1)]
ARI classement:
[('ARIglovexmax50alpha0.2+PLP', 0.0), ('ARIglovexmax40alpha0.2+Louvain', 0.0), ('ARIglovexmax40alpha0.2+PLP', 0.0), ('ARIglovexmax30alpha0.3+Louvain', 0.0005371217981501308), ('ARIglovexmax30alpha0.3+PLP', 0.0005371217981501308), ('ARIppmi+Louvain', 0.004919168561538401), ('ARIglove+Louvain', 0.015863962984942748), ('ARIglove+PLP', 0.01846822727873887), ('ARILouvain', 0.028239339046543854), ('ARIPLP', 0.029581609171812406), ('ARIppmi+PLP', 0.0369361001851356), ('ARIglovexmax50alpha0.2+Louvain', 0.05505356833651598), ('ARIpmi+PLP', 0.1447785169118515), ('ARIpmi+Louvain', 0.18275414934553635), ('ARIstandard+Louvain', 0.5253080408391197), ('ARIstandard+PLP', 0.7074988911673273), ('ARIiterative_rev_degree_order+Louvain', 0.8962777848868281), ('ARIiterative_rev_degree_order+PLP', 0.9874180929095354), ('ARISingleton', 1.0), ('ARIAllInOne', 1.0), ('ARIfake_pmi+Louvain', 1), ('ARIfake_pmi+PLP', 1)]
