__LOADINGS__
Network Properties for:		network
nodes, edges			5000, 33303
directed?			False
weighted?			True
isolated nodes			1
self-loops			0
density				0.002665
clustering coefficient		0.390982
min/max/avg degree		0, 237, 13.321200
degree assortativity		0.125698
number of connected components	2
size of largest component	4999 (99.98 %)
241720.1186862698
__Groundtruth__
read communities from: ../../lfr_5000/mk300/k15/muw0.2/47/community.dat
-------------------  ----------
# communities         30
min community size   122
max community size   240
avg. community size  166.667
modularity             0.704068
-------------------  ----------
30 community detected
__CLASSIC_METHODS__
__Louvain__
PLM(balanced,pc,turbo) detected communities in 0.27379655838012695 [s]
solution properties:
-------------------  ----------
# communities         31
min community size     1
max community size   247
avg. community size  161.29
modularity             0.707794
-------------------  ----------
30 community detected
NMI:0.06551592286998775
ARM:0.07489958219935744
__Singleton__
30 community detected
NMI:0.431292815329661
ARM:1.0
__AllInOne__
30 community detected
NMI:1.0
ARM:1.0
__PLP__
PLP detected communities in 0.1369338035583496 [s]
solution properties:
-------------------  ----------
# communities         31
min community size     1
max community size   247
avg. community size  161.29
modularity             0.707794
-------------------  ----------
30 community detected
NMI:0.06576398795805027
ARM:0.07528815321951643
__NORMALIZATION__
__glove__
Network Properties for:		G#18cc
nodes, edges			4999, 33303
directed?			False
weighted?			True
isolated nodes			0
self-loops			0
density				0.002666
clustering coefficient		0.391060
min/max/avg degree		3, 237, 13.323865
degree assortativity		0.125698
number of connected components	1
size of largest component	4999 (100.00 %)
tot:  3816.210325828703
__glove+Louvain__
PLM(balanced,pc,turbo) detected communities in 0.16535711288452148 [s]
solution properties:
-------------------  ----------
# communities         30
min community size   121
max community size   245
avg. community size  166.633
modularity             0.735373
-------------------  ----------
30 community detected
NMI:0.050815307696264855
ARM:0.0577393652286069
__glove+PLP__
PLP detected communities in 0.12630724906921387 [s]
solution properties:
-------------------  ----------
# communities         30
min community size   121
max community size   246
avg. community size  166.633
modularity             0.735371
-------------------  ----------
30 community detected
NMI:0.05155179063918447
ARM:0.05863877248233418
__fake_pmi__
Network Properties for:		G#34cc
nodes, edges			4999, 33303
directed?			False
weighted?			True
isolated nodes			0
self-loops			0
density				0.002666
clustering coefficient		0.391060
min/max/avg degree		3, 237, 13.323865
degree assortativity		0.125698
number of connected components	1
size of largest component	4999 (100.00 %)
tot:  0.0
__fake_pmi+Louvain__
1 community detected due to total edge weight equal 0
NMI:1
ARM:0.05863877248233418
__fake_pmi+PLP__
1 community detected due to total edge weight equal 0
NMI:1
ARM:0.05863877248233418
__iterative_rev_degree_order__
Network Properties for:		G#47cc
nodes, edges			4999, 33303
directed?			False
weighted?			True
isolated nodes			0
self-loops			0
density				0.002666
clustering coefficient		0.391060
min/max/avg degree		3, 237, 13.323865
degree assortativity		0.125698
number of connected components	1
size of largest component	4999 (100.00 %)
tot:  1702.4836074448085
__iterative_rev_degree_order+Louvain__
PLM(balanced,pc,turbo) detected communities in 0.3160889148712158 [s]
solution properties:
-------------------  ----------
# communities         48
min community size     2
max community size   202
avg. community size  104.146
modularity             0.880394
-------------------  ----------
30 community detected
NMI:0.5678228524277865
ARM:0.7381950196013473
__iterative_rev_degree_order+PLP__
PLP detected communities in 0.10570597648620605 [s]
solution properties:
-------------------  -----------
# communities        1514
min community size      2
max community size     23
avg. community size     3.30185
modularity              0.763756
-------------------  -----------
30 community detected
NMI:0.45415737407660417
ARM:0.9784809110405175
__pmi__
Network Properties for:		G#72cc
nodes, edges			4999, 33303
directed?			False
weighted?			True
isolated nodes			0
self-loops			0
density				0.002666
clustering coefficient		0.391060
min/max/avg degree		3, 237, 13.323865
degree assortativity		0.125698
number of connected components	1
size of largest component	4999 (100.00 %)
tot:  97309.61047926306
__pmi+Louvain__
PLM(balanced,pc,turbo) detected communities in 0.4959681034088135 [s]
solution properties:
-------------------  ----------
# communities         25
min community size   125
max community size   528
avg. community size  199.96
modularity             0.980492
-------------------  ----------
30 community detected
NMI:0.16480985917586
ARM:0.3220642617812256
__pmi+PLP__
PLP detected communities in 0.04531407356262207 [s]
solution properties:
-------------------  ----------
# communities         93
min community size     1
max community size   205
avg. community size   53.7527
modularity             0.972322
-------------------  ----------
30 community detected
NMI:0.13203196550258334
ARM:0.17653086919319538
__standard__
Network Properties for:		G#91cc
nodes, edges			4999, 33303
directed?			False
weighted?			True
isolated nodes			0
self-loops			0
density				0.002666
clustering coefficient		0.391060
min/max/avg degree		3, 237, 13.323865
degree assortativity		0.125698
number of connected components	1
size of largest component	4999 (100.00 %)
tot:  15.903931177740395
__standard+Louvain__
PLM(balanced,pc,turbo) detected communities in 0.7299604415893555 [s]
solution properties:
-------------------  ----------
# communities         52
min community size     2
max community size   227
avg. community size   96.1346
modularity             0.869436
-------------------  ----------
30 community detected
NMI:0.34443390713136024
ARM:0.44503794570162536
__standard+PLP__
PLP detected communities in 0.14244675636291504 [s]
solution properties:
-------------------  -----------
# communities        1142
min community size      2
max community size     92
avg. community size     4.37741
modularity              0.702673
-------------------  -----------
30 community detected
NMI:0.4112696343543216
ARM:0.8498416677521091
__ppmi__
Network Properties for:		G#113cc
nodes, edges			4999, 33303
directed?			False
weighted?			True
isolated nodes			0
self-loops			0
density				0.002666
clustering coefficient		0.391060
min/max/avg degree		3, 237, 13.323865
degree assortativity		0.125698
number of connected components	1
size of largest component	4999 (100.00 %)
tot:  135525.42941063986
__ppmi+Louvain__
PLM(balanced,pc,turbo) detected communities in 0.47418951988220215 [s]
solution properties:
-------------------  ----------
# communities         26
min community size   123
max community size   406
avg. community size  192.269
modularity             0.773238
-------------------  ----------
30 community detected
NMI:0.0696123519002445
ARM:0.17645272376081922
__ppmi+PLP__
PLP detected communities in 0.1490330696105957 [s]
solution properties:
-------------------  ----------
# communities         58
min community size     1
max community size   216
avg. community size   86.1897
modularity             0.774361
-------------------  ----------
30 community detected
NMI:0.04539255961674027
ARM:0.05640746409230046
__glovexmax50alpha0.2__
Network Properties for:		G#132cc
nodes, edges			4999, 33303
directed?			False
weighted?			True
isolated nodes			0
self-loops			0
density				0.002666
clustering coefficient		0.391060
min/max/avg degree		3, 237, 13.323865
degree assortativity		0.125698
number of connected components	1
size of largest component	4999 (100.00 %)
tot:  17436.48707724031
__glovexmax50alpha0.2+Louvain__
PLM(balanced,pc,turbo) detected communities in 0.37469911575317383 [s]
solution properties:
-------------------  ----------
# communities         28
min community size   122
max community size   262
avg. community size  178.536
modularity             0.768498
-------------------  ----------
30 community detected
NMI:0.014745725894622308
ARM:0.043409489310403115
__glovexmax50alpha0.2+PLP__
PLP detected communities in 0.1444687843322754 [s]
solution properties:
-------------------  ----------
# communities         30
min community size   122
max community size   240
avg. community size  166.633
modularity             0.769895
-------------------  ----------
30 community detected
NMI:0.004594348721588815
ARM:0.005151523942136582
__glovexmax40alpha0.2__
Network Properties for:		G#151cc
nodes, edges			4999, 33303
directed?			False
weighted?			True
isolated nodes			0
self-loops			0
density				0.002666
clustering coefficient		0.391060
min/max/avg degree		3, 237, 13.323865
degree assortativity		0.125698
number of connected components	1
size of largest component	4999 (100.00 %)
tot:  18205.486756017737
__glovexmax40alpha0.2+Louvain__
PLM(balanced,pc,turbo) detected communities in 0.38329482078552246 [s]
solution properties:
-------------------  ----------
# communities         16
min community size   179
max community size   435
avg. community size  312.438
modularity             0.747241
-------------------  ----------
30 community detected
NMI:0.1067434530449951
ARM:0.324056629347502
__glovexmax40alpha0.2+PLP__
PLP detected communities in 0.14474034309387207 [s]
solution properties:
-------------------  ----------
# communities         30
min community size   122
max community size   240
avg. community size  166.633
modularity             0.770126
-------------------  ----------
30 community detected
NMI:0.0045943487215885925
ARM:0.005151523942136582
__glovexmax30alpha0.3__
Network Properties for:		G#170cc
nodes, edges			4999, 33303
directed?			False
weighted?			True
isolated nodes			0
self-loops			0
density				0.002666
clustering coefficient		0.391060
min/max/avg degree		3, 237, 13.323865
degree assortativity		0.125698
number of connected components	1
size of largest component	4999 (100.00 %)
tot:  15920.035126459583
__glovexmax30alpha0.3+Louvain__
PLM(balanced,pc,turbo) detected communities in 0.2126166820526123 [s]
solution properties:
-------------------  ----------
# communities         30
min community size   121
max community size   241
avg. community size  166.633
modularity             0.768321
-------------------  ----------
30 community detected
NMI:0.01707047714503951
ARM:0.019257415874895045
__glovexmax30alpha0.3+PLP__
PLP detected communities in 0.14257097244262695 [s]
solution properties:
-------------------  ---------
# communities         30
min community size   121
max community size   241
avg. community size  166.633
modularity             0.76832
-------------------  ---------
30 community detected
NMI:0.01669975261913792
ARM:0.018788009113730797
