__LOADINGS__
4993/61264 8.149973883520502 % of nul weighted edges removed
1/5000 0.02 % of nul degree nodes removed
Network Properties for:		network
nodes, edges			4999, 56271
directed?			False
weighted?			True
isolated nodes			1
self-loops			0
density				0.004504
clustering coefficient		0.350719
min/max/avg degree		0, 371, 22.512903
degree assortativity		0.262199
number of connected components	1
size of largest component	4999 (100.00 %)
517241.37928829936
__Groundtruth__
read communities from: ../../lfr_5000/mk500/k25/muw0.3/38/community.dat
-------------------  ----------
# communities         45
min community size     6
max community size   473
avg. community size  111.111
modularity             0.557781
-------------------  ----------
45 community detected
__CLASSIC_METHODS__
__Louvain__
PLM(balanced,pc,turbo) detected communities in 0.35495615005493164 [s]
solution properties:
-------------------  ----------
# communities         17
min community size   141
max community size   483
avg. community size  294.059
modularity             0.560241
-------------------  ----------
45 community detected
NMI:0.1050326217354618
ARI:0.1306007527850095
__Singleton__
45 community detected
NMI:0.4611246391521382
ARI:1.0
__AllInOne__
45 community detected
NMI:1.0
ARI:1.0
__PLP__
PLP detected communities in 0.10872673988342285 [s]
solution properties:
-------------------  ----------
# communities         45
min community size     1
max community size   488
avg. community size  111.111
modularity             0.560274
-------------------  ----------
45 community detected
NMI:0.04363035988243591
ARI:0.059645430430475654
__NORMALIZATION__
__glove__
Network Properties for:		G#21
nodes, edges			4999, 56271
directed?			False
weighted?			True
isolated nodes			1
self-loops			0
density				0.004504
clustering coefficient		0.350719
min/max/avg degree		0, 371, 22.512903
degree assortativity		0.262199
number of connected components	1
size of largest component	4999 (100.00 %)
tot:  7853.004561046084
__glove+Louvain__
PLM(balanced,pc,turbo) detected communities in 0.4771287441253662 [s]
solution properties:
-------------------  ----------
# communities         20
min community size     7
max community size   483
avg. community size  249.95
modularity             0.588009
-------------------  ----------
45 community detected
NMI:0.08153462595268834
ARI:0.09108818452564038
__glove+PLP__
PLP detected communities in 0.11489033699035645 [s]
solution properties:
-------------------  ----------
# communities         46
min community size     1
max community size   486
avg. community size  108.696
modularity             0.587946
-------------------  ----------
45 community detected
NMI:0.036253621274044634
ARI:0.04845818961035442
__fake_pmi__
Network Properties for:		G#30
nodes, edges			4999, 56271
directed?			False
weighted?			True
isolated nodes			1
self-loops			0
density				0.004504
clustering coefficient		0.350719
min/max/avg degree		0, 371, 22.512903
degree assortativity		0.262199
number of connected components	1
size of largest component	4999 (100.00 %)
tot:  0.0
__fake_pmi+Louvain__
1 community detected due to total edge weight equal 0
NMI:1
ARI:1
__fake_pmi+PLP__
1 community detected due to total edge weight equal 0
NMI:1
ARI:1
__iterative_rev_degree_order__
Network Properties for:		G#33
nodes, edges			4999, 56271
directed?			False
weighted?			True
isolated nodes			1
self-loops			0
density				0.004504
clustering coefficient		0.350719
min/max/avg degree		0, 371, 22.512903
degree assortativity		0.262199
number of connected components	1
size of largest component	4999 (100.00 %)
tot:  1347.0100517989722
__iterative_rev_degree_order+Louvain__
PLM(balanced,pc,turbo) detected communities in 0.6225154399871826 [s]
solution properties:
-------------------  ----------
# communities         67
min community size    26
max community size   187
avg. community size   74.6119
modularity             0.859587
-------------------  ----------
45 community detected
NMI:0.7093586801723123
ARI:0.9370014418291143
__iterative_rev_degree_order+PLP__
PLP detected communities in 0.09029078483581543 [s]
solution properties:
-------------------  -----------
# communities        1541
min community size      1
max community size     12
avg. community size     3.24465
modularity              0.743401
-------------------  -----------
45 community detected
NMI:0.5132245645859399
ARI:0.9916233150122808
__pmi__
Network Properties for:		G#48
nodes, edges			4999, 56271
directed?			False
weighted?			True
isolated nodes			1
self-loops			0
density				0.004504
clustering coefficient		0.350719
min/max/avg degree		0, 371, 22.512903
degree assortativity		0.262199
number of connected components	1
size of largest component	4999 (100.00 %)
tot:  93207.86051938849
__pmi+Louvain__
PLM(balanced,pc,turbo) detected communities in 0.5787534713745117 [s]
solution properties:
-------------------  ---------
# communities         34
min community size     7
max community size   887
avg. community size  147.029
modularity             1.15791
-------------------  ---------
45 community detected
NMI:0.3338253175492365
ARI:0.6034517245680049
__pmi+PLP__
PLP detected communities in 0.23068523406982422 [s]
solution properties:
-------------------  ---------
# communities        110
min community size     1
max community size   842
avg. community size   45.4545
modularity             1.12243
-------------------  ---------
45 community detected
NMI:0.29792910319038124
ARI:0.5330635331374065
__standard__
Network Properties for:		G#60
nodes, edges			4999, 56271
directed?			False
weighted?			True
isolated nodes			1
self-loops			0
density				0.004504
clustering coefficient		0.350719
min/max/avg degree		0, 371, 22.512903
degree assortativity		0.262199
number of connected components	1
size of largest component	4999 (100.00 %)
tot:  12.636289132304345
__standard+Louvain__
PLM(balanced,pc,turbo) detected communities in 0.7151830196380615 [s]
solution properties:
-------------------  ----------
# communities         63
min community size     2
max community size   582
avg. community size   79.3492
modularity             0.873659
-------------------  ----------
45 community detected
NMI:0.5563573830269195
ARI:0.7597677510934768
__standard+PLP__
PLP detected communities in 0.21648001670837402 [s]
solution properties:
-------------------  -----------
# communities        1105
min community size      1
max community size    155
avg. community size     4.52489
modularity              0.742382
-------------------  -----------
45 community detected
NMI:0.5227883602562566
ARI:0.9404359037950244
__ppmi__
Network Properties for:		G#72
nodes, edges			4999, 56271
directed?			False
weighted?			True
isolated nodes			1
self-loops			0
density				0.004504
clustering coefficient		0.350719
min/max/avg degree		0, 371, 22.512903
degree assortativity		0.262199
number of connected components	1
size of largest component	4999 (100.00 %)
tot:  186957.42003575794
__ppmi+Louvain__
PLM(balanced,pc,turbo) detected communities in 0.46693873405456543 [s]
solution properties:
-------------------  ----------
# communities         28
min community size    14
max community size   439
avg. community size  178.536
modularity             0.679504
-------------------  ----------
45 community detected
NMI:0.07941396899171582
ARI:0.09431928834190073
__ppmi+PLP__
PLP detected communities in 0.1408522129058838 [s]
solution properties:
-------------------  -----------
# communities          56
min community size      1
max community size   1325
avg. community size    89.2857
modularity              0.659332
-------------------  -----------
45 community detected
NMI:0.10637498725898831
ARI:0.3773719407735381
__glovexmax50alpha0.2__
Network Properties for:		G#81
nodes, edges			4999, 56271
directed?			False
weighted?			True
isolated nodes			1
self-loops			0
density				0.004504
clustering coefficient		0.350719
min/max/avg degree		0, 371, 22.512903
degree assortativity		0.262199
number of connected components	1
size of largest component	4999 (100.00 %)
tot:  30476.728421654705
__glovexmax50alpha0.2+Louvain__
PLM(balanced,pc,turbo) detected communities in 0.3442676067352295 [s]
solution properties:
-------------------  ----------
# communities         27
min community size    20
max community size   473
avg. community size  185.148
modularity             0.638442
-------------------  ----------
45 community detected
NMI:0.022321956501348605
ARI:0.01812291362753604
__glovexmax50alpha0.2+PLP__
PLP detected communities in 0.10476136207580566 [s]
solution properties:
-------------------  ----------
# communities         45
min community size     1
max community size   473
avg. community size  111.111
modularity             0.638298
-------------------  ----------
45 community detected
NMI:0.003124712706052968
ARI:0.004064706197601353
__glovexmax40alpha0.2__
Network Properties for:		G#90
nodes, edges			4999, 56271
directed?			False
weighted?			True
isolated nodes			1
self-loops			0
density				0.004504
clustering coefficient		0.350719
min/max/avg degree		0, 371, 22.512903
degree assortativity		0.262199
number of connected components	1
size of largest component	4999 (100.00 %)
tot:  31791.576557843655
__glovexmax40alpha0.2+Louvain__
PLM(balanced,pc,turbo) detected communities in 0.3658630847930908 [s]
solution properties:
-------------------  ----------
# communities         25
min community size    13
max community size   473
avg. community size  199.96
modularity             0.638915
-------------------  ----------
45 community detected
NMI:0.027108141401197217
ARI:0.02139038228448631
__glovexmax40alpha0.2+PLP__
PLP detected communities in 0.10137391090393066 [s]
solution properties:
-------------------  ---------
# communities         46
min community size     1
max community size   473
avg. community size  108.696
modularity             0.63861
-------------------  ---------
45 community detected
NMI:0.003365474227205012
ARI:0.004087437188205589
__glovexmax30alpha0.3__
Network Properties for:		G#99
nodes, edges			4999, 56271
directed?			False
weighted?			True
isolated nodes			1
self-loops			0
density				0.004504
clustering coefficient		0.350719
min/max/avg degree		0, 371, 22.512903
degree assortativity		0.262199
number of connected components	1
size of largest component	4999 (100.00 %)
tot:  28583.60158323978
__glovexmax30alpha0.3+Louvain__
PLM(balanced,pc,turbo) detected communities in 0.3134634494781494 [s]
solution properties:
-------------------  ----------
# communities         31
min community size     6
max community size   472
avg. community size  161.258
modularity             0.634989
-------------------  ----------
45 community detected
NMI:0.020125576694594915
ARI:0.01480374888032554
__glovexmax30alpha0.3+PLP__
PLP detected communities in 0.0704200267791748 [s]
solution properties:
-------------------  ----------
# communities         46
min community size     1
max community size   475
avg. community size  108.696
modularity             0.634638
-------------------  ----------
45 community detected
NMI:0.008959454029390801
ARI:0.011237159554076892
NMI classement:
[('NMIglovexmax50alpha0.2+PLP', 0.003124712706052968), ('NMIglovexmax40alpha0.2+PLP', 0.003365474227205012), ('NMIglovexmax30alpha0.3+PLP', 0.008959454029390801), ('NMIglovexmax30alpha0.3+Louvain', 0.020125576694594915), ('NMIglovexmax50alpha0.2+Louvain', 0.022321956501348605), ('NMIglovexmax40alpha0.2+Louvain', 0.027108141401197217), ('NMIglove+PLP', 0.036253621274044634), ('NMIPLP', 0.04363035988243591), ('NMIppmi+Louvain', 0.07941396899171582), ('NMIglove+Louvain', 0.08153462595268834), ('NMILouvain', 0.1050326217354618), ('NMIppmi+PLP', 0.10637498725898831), ('NMIpmi+PLP', 0.29792910319038124), ('NMIpmi+Louvain', 0.3338253175492365), ('NMISingleton', 0.4611246391521382), ('NMIiterative_rev_degree_order+PLP', 0.5132245645859399), ('NMIstandard+PLP', 0.5227883602562566), ('NMIstandard+Louvain', 0.5563573830269195), ('NMIiterative_rev_degree_order+Louvain', 0.7093586801723123), ('NMIAllInOne', 1.0), ('NMIfake_pmi+Louvain', 1), ('NMIfake_pmi+PLP', 1)]
ARI classement:
[('ARIglovexmax50alpha0.2+PLP', 0.004064706197601353), ('ARIglovexmax40alpha0.2+PLP', 0.004087437188205589), ('ARIglovexmax30alpha0.3+PLP', 0.011237159554076892), ('ARIglovexmax30alpha0.3+Louvain', 0.01480374888032554), ('ARIglovexmax50alpha0.2+Louvain', 0.01812291362753604), ('ARIglovexmax40alpha0.2+Louvain', 0.02139038228448631), ('ARIglove+PLP', 0.04845818961035442), ('ARIPLP', 0.059645430430475654), ('ARIglove+Louvain', 0.09108818452564038), ('ARIppmi+Louvain', 0.09431928834190073), ('ARILouvain', 0.1306007527850095), ('ARIppmi+PLP', 0.3773719407735381), ('ARIpmi+PLP', 0.5330635331374065), ('ARIpmi+Louvain', 0.6034517245680049), ('ARIstandard+Louvain', 0.7597677510934768), ('ARIiterative_rev_degree_order+Louvain', 0.9370014418291143), ('ARIstandard+PLP', 0.9404359037950244), ('ARIiterative_rev_degree_order+PLP', 0.9916233150122808), ('ARISingleton', 1.0), ('ARIAllInOne', 1.0), ('ARIfake_pmi+Louvain', 1), ('ARIfake_pmi+PLP', 1)]
