__LOADINGS__
4976/36126 13.774013176105852 % of nul weighted edges removed
1/5000 0.02 % of nul degree nodes removed
Network Properties for:		network
nodes, edges			4999, 31150
directed?			False
weighted?			True
isolated nodes			1
self-loops			0
density				0.002493
clustering coefficient		0.268457
min/max/avg degree		0, 76, 12.462492
degree assortativity		0.339588
number of connected components	1
size of largest component	4999 (100.00 %)
166777.49922952824
__Groundtruth__
read communities from: ../../lfr_5000/mk100/k15/muw0.3/34/community.dat
-------------------  ----------
# communities        104
min community size    20
max community size    99
avg. community size   48.0769
modularity             0.689347
-------------------  ----------
104 community detected
__CLASSIC_METHODS__
__Louvain__
PLM(balanced,pc,turbo) detected communities in 0.6033353805541992 [s]
solution properties:
-------------------  ---------
# communities         52
min community size    39
max community size   204
avg. community size   96.1346
modularity             0.69435
-------------------  ---------
104 community detected
NMI:0.1084625070022659
ARI:0.33437845998993454
__Singleton__
104 community detected
NMI:0.3047653125958608
ARI:1.0
__AllInOne__
104 community detected
NMI:1.0
ARI:1.0
__PLP__
PLP detected communities in 0.11575746536254883 [s]
solution properties:
-------------------  ----------
# communities        111
min community size     1
max community size   104
avg. community size   45.045
modularity             0.690599
-------------------  ----------
104 community detected
NMI:0.03484665736604742
ARI:0.06814927369294488
__NORMALIZATION__
__glove__
Network Properties for:		G#24
nodes, edges			4999, 31150
directed?			False
weighted?			True
isolated nodes			1
self-loops			0
density				0.002493
clustering coefficient		0.268457
min/max/avg degree		0, 76, 12.462492
degree assortativity		0.339588
number of connected components	1
size of largest component	4999 (100.00 %)
tot:  3241.026607300015
__glove+Louvain__
PLM(balanced,pc,turbo) detected communities in 0.5549383163452148 [s]
solution properties:
-------------------  ----------
# communities         52
min community size    52
max community size   153
avg. community size   96.1346
modularity             0.702293
-------------------  ----------
104 community detected
NMI:0.09547091610409231
ARI:0.30522749995502174
__glove+PLP__
PLP detected communities in 0.14725065231323242 [s]
solution properties:
-------------------  ---------
# communities        108
min community size     1
max community size   102
avg. community size   46.2963
modularity             0.69945
-------------------  ---------
104 community detected
NMI:0.022799126530686054
ARI:0.045268471325291104
__fake_pmi__
Network Properties for:		G#33
nodes, edges			4999, 31150
directed?			False
weighted?			True
isolated nodes			1
self-loops			0
density				0.002493
clustering coefficient		0.268457
min/max/avg degree		0, 76, 12.462492
degree assortativity		0.339588
number of connected components	1
size of largest component	4999 (100.00 %)
tot:  0.0
__fake_pmi+Louvain__
1 community detected due to total edge weight equal 0
NMI:1
ARI:1
__fake_pmi+PLP__
1 community detected due to total edge weight equal 0
NMI:1
ARI:1
__iterative_rev_degree_order__
Network Properties for:		G#36
nodes, edges			4999, 31150
directed?			False
weighted?			True
isolated nodes			1
self-loops			0
density				0.002493
clustering coefficient		0.268457
min/max/avg degree		0, 76, 12.462492
degree assortativity		0.339588
number of connected components	1
size of largest component	4999 (100.00 %)
tot:  1470.2034249451071
__iterative_rev_degree_order+Louvain__
PLM(balanced,pc,turbo) detected communities in 0.6953420639038086 [s]
solution properties:
-------------------  ----------
# communities         59
min community size    41
max community size   149
avg. community size   84.7288
modularity             0.821735
-------------------  ----------
104 community detected
NMI:0.5262774843834181
ARI:0.8535412842013573
__iterative_rev_degree_order+PLP__
PLP detected communities in 0.10190200805664062 [s]
solution properties:
-------------------  -----------
# communities        1470
min community size      1
max community size     11
avg. community size     3.40136
modularity              0.686853
-------------------  -----------
104 community detected
NMI:0.32175615173537686
ARI:0.9512304664280148
__pmi__
Network Properties for:		G#51
nodes, edges			4999, 31150
directed?			False
weighted?			True
isolated nodes			1
self-loops			0
density				0.002493
clustering coefficient		0.268457
min/max/avg degree		0, 76, 12.462492
degree assortativity		0.339588
number of connected components	1
size of largest component	4999 (100.00 %)
tot:  181889.62738560166
__pmi+Louvain__
PLM(balanced,pc,turbo) detected communities in 0.44861388206481934 [s]
solution properties:
-------------------  ----------
# communities         54
min community size    48
max community size   158
avg. community size   92.5741
modularity             0.719942
-------------------  ----------
104 community detected
NMI:0.08160910115013975
ARI:0.28174130289346044
__pmi+PLP__
PLP detected communities in 0.15397906303405762 [s]
solution properties:
-------------------  ----------
# communities        110
min community size     1
max community size    98
avg. community size   45.4545
modularity             0.718338
-------------------  ----------
104 community detected
NMI:0.012332267007253983
ARI:0.023304868026087888
__standard__
Network Properties for:		G#60
nodes, edges			4999, 31150
directed?			False
weighted?			True
isolated nodes			1
self-loops			0
density				0.002493
clustering coefficient		0.268457
min/max/avg degree		0, 76, 12.462492
degree assortativity		0.339588
number of connected components	1
size of largest component	4999 (100.00 %)
tot:  33.16759084319361
__standard+Louvain__
PLM(balanced,pc,turbo) detected communities in 0.7104072570800781 [s]
solution properties:
-------------------  ----------
# communities         51
min community size    27
max community size   276
avg. community size   98.0196
modularity             0.764364
-------------------  ----------
104 community detected
NMI:0.37313851603505965
ARI:0.7070088978606791
__standard+PLP__
PLP detected communities in 0.25450587272644043 [s]
solution properties:
-------------------  ----------
# communities        988
min community size     1
max community size    56
avg. community size    5.06073
modularity             0.577168
-------------------  ----------
104 community detected
NMI:0.2919501512441742
ARI:0.775770279971285
__ppmi__
Network Properties for:		G#72
nodes, edges			4999, 31150
directed?			False
weighted?			True
isolated nodes			1
self-loops			0
density				0.002493
clustering coefficient		0.268457
min/max/avg degree		0, 76, 12.462492
degree assortativity		0.339588
number of connected components	1
size of largest component	4999 (100.00 %)
tot:  187688.30418279156
__ppmi+Louvain__
PLM(balanced,pc,turbo) detected communities in 0.422987699508667 [s]
solution properties:
-------------------  ----------
# communities         56
min community size    43
max community size   155
avg. community size   89.2679
modularity             0.713659
-------------------  ----------
104 community detected
NMI:0.07081829026393205
ARI:0.24968369711537164
__ppmi+PLP__
PLP detected communities in 0.15108537673950195 [s]
solution properties:
-------------------  ----------
# communities        110
min community size     1
max community size    98
avg. community size   45.4545
modularity             0.707971
-------------------  ----------
104 community detected
NMI:0.00955822222622893
ARI:0.020256640738355314
__glovexmax50alpha0.2__
Network Properties for:		G#81
nodes, edges			4999, 31150
directed?			False
weighted?			True
isolated nodes			1
self-loops			0
density				0.002493
clustering coefficient		0.268457
min/max/avg degree		0, 76, 12.462492
degree assortativity		0.339588
number of connected components	1
size of largest component	4999 (100.00 %)
tot:  18270.230883870478
__glovexmax50alpha0.2+Louvain__
PLM(balanced,pc,turbo) detected communities in 0.5180869102478027 [s]
solution properties:
-------------------  ----------
# communities         56
min community size    49
max community size   163
avg. community size   89.2679
modularity             0.709071
-------------------  ----------
104 community detected
NMI:0.06732693770156628
ARI:0.24843161856963614
__glovexmax50alpha0.2+PLP__
PLP detected communities in 0.12548208236694336 [s]
solution properties:
-------------------  ----------
# communities        107
min community size     1
max community size    98
avg. community size   46.729
modularity             0.707352
-------------------  ----------
104 community detected
NMI:0.0038968258170424264
ARI:0.007783565527210823
__glovexmax40alpha0.2__
Network Properties for:		G#90
nodes, edges			4999, 31150
directed?			False
weighted?			True
isolated nodes			1
self-loops			0
density				0.002493
clustering coefficient		0.268457
min/max/avg degree		0, 76, 12.462492
degree assortativity		0.339588
number of connected components	1
size of largest component	4999 (100.00 %)
tot:  19104.07604714942
__glovexmax40alpha0.2+Louvain__
PLM(balanced,pc,turbo) detected communities in 0.46537351608276367 [s]
solution properties:
-------------------  ----------
# communities         51
min community size    62
max community size   163
avg. community size   98.0196
modularity             0.708704
-------------------  ----------
104 community detected
NMI:0.07823897467289787
ARI:0.2850887277669625
__glovexmax40alpha0.2+PLP__
PLP detected communities in 0.14835691452026367 [s]
solution properties:
-------------------  ----------
# communities        106
min community size     1
max community size    98
avg. community size   47.1698
modularity             0.707919
-------------------  ----------
104 community detected
NMI:0.0035528839175755778
ARI:0.007301836181529908
__glovexmax30alpha0.3__
Network Properties for:		G#99
nodes, edges			4999, 31150
directed?			False
weighted?			True
isolated nodes			1
self-loops			0
density				0.002493
clustering coefficient		0.268457
min/max/avg degree		0, 76, 12.462492
degree assortativity		0.339588
number of connected components	1
size of largest component	4999 (100.00 %)
tot:  16775.998928236448
__glovexmax30alpha0.3+Louvain__
PLM(balanced,pc,turbo) detected communities in 0.5290865898132324 [s]
solution properties:
-------------------  ----------
# communities         59
min community size    24
max community size   128
avg. community size   84.7288
modularity             0.710567
-------------------  ----------
104 community detected
NMI:0.06235025213838963
ARI:0.22093644888958186
__glovexmax30alpha0.3+PLP__
PLP detected communities in 0.15547394752502441 [s]
solution properties:
-------------------  ----------
# communities        105
min community size     1
max community size    99
avg. community size   47.619
modularity             0.709529
-------------------  ----------
104 community detected
NMI:0.005747208874679832
ARI:0.012270736068516586
NMI classement:
[('NMIglovexmax40alpha0.2+PLP', 0.0035528839175755778), ('NMIglovexmax50alpha0.2+PLP', 0.0038968258170424264), ('NMIglovexmax30alpha0.3+PLP', 0.005747208874679832), ('NMIppmi+PLP', 0.00955822222622893), ('NMIpmi+PLP', 0.012332267007253983), ('NMIglove+PLP', 0.022799126530686054), ('NMIPLP', 0.03484665736604742), ('NMIglovexmax30alpha0.3+Louvain', 0.06235025213838963), ('NMIglovexmax50alpha0.2+Louvain', 0.06732693770156628), ('NMIppmi+Louvain', 0.07081829026393205), ('NMIglovexmax40alpha0.2+Louvain', 0.07823897467289787), ('NMIpmi+Louvain', 0.08160910115013975), ('NMIglove+Louvain', 0.09547091610409231), ('NMILouvain', 0.1084625070022659), ('NMIstandard+PLP', 0.2919501512441742), ('NMISingleton', 0.3047653125958608), ('NMIiterative_rev_degree_order+PLP', 0.32175615173537686), ('NMIstandard+Louvain', 0.37313851603505965), ('NMIiterative_rev_degree_order+Louvain', 0.5262774843834181), ('NMIAllInOne', 1.0), ('NMIfake_pmi+Louvain', 1), ('NMIfake_pmi+PLP', 1)]
ARI classement:
[('ARIglovexmax40alpha0.2+PLP', 0.007301836181529908), ('ARIglovexmax50alpha0.2+PLP', 0.007783565527210823), ('ARIglovexmax30alpha0.3+PLP', 0.012270736068516586), ('ARIppmi+PLP', 0.020256640738355314), ('ARIpmi+PLP', 0.023304868026087888), ('ARIglove+PLP', 0.045268471325291104), ('ARIPLP', 0.06814927369294488), ('ARIglovexmax30alpha0.3+Louvain', 0.22093644888958186), ('ARIglovexmax50alpha0.2+Louvain', 0.24843161856963614), ('ARIppmi+Louvain', 0.24968369711537164), ('ARIpmi+Louvain', 0.28174130289346044), ('ARIglovexmax40alpha0.2+Louvain', 0.2850887277669625), ('ARIglove+Louvain', 0.30522749995502174), ('ARILouvain', 0.33437845998993454), ('ARIstandard+Louvain', 0.7070088978606791), ('ARIstandard+PLP', 0.775770279971285), ('ARIiterative_rev_degree_order+Louvain', 0.8535412842013573), ('ARIiterative_rev_degree_order+PLP', 0.9512304664280148), ('ARISingleton', 1.0), ('ARIAllInOne', 1.0), ('ARIfake_pmi+Louvain', 1), ('ARIfake_pmi+PLP', 1)]
