__LOADINGS__
4980/47037 10.587409911346386 % of nul weighted edges removed
1/5000 0.02 % of nul degree nodes removed
Network Properties for:		network
nodes, edges			4999, 42057
directed?			False
weighted?			True
isolated nodes			1
self-loops			0
density				0.003367
clustering coefficient		0.188297
min/max/avg degree		0, 80, 16.826165
degree assortativity		0.389876
number of connected components	1
size of largest component	4999 (100.00 %)
238181.79002959278
__Groundtruth__
read communities from: ../../lfr_5000/mk100/k20/muw0.4/22/community.dat
-------------------  ----------
# communities        104
min community size    20
max community size    99
avg. community size   48.0769
modularity             0.595166
-------------------  ----------
104 community detected
__CLASSIC_METHODS__
__Louvain__
PLM(balanced,pc,turbo) detected communities in 0.5023744106292725 [s]
solution properties:
-------------------  ---------
# communities         51
min community size    43
max community size   166
avg. community size   98.0196
modularity             0.59779
-------------------  ---------
104 community detected
NMI:0.08956087410920799
ARI:0.3161825684806132
__Singleton__
104 community detected
NMI:0.3047653125958617
ARI:1.0
__AllInOne__
104 community detected
NMI:1.0
ARI:1.0
__PLP__
PLP detected communities in 0.11609673500061035 [s]
solution properties:
-------------------  ----------
# communities        106
min community size     1
max community size    99
avg. community size   47.1698
modularity             0.594305
-------------------  ----------
104 community detected
NMI:0.012308769807715447
ARI:0.02678401689843335
__NORMALIZATION__
__glove__
Network Properties for:		G#21
nodes, edges			4999, 42057
directed?			False
weighted?			True
isolated nodes			1
self-loops			0
density				0.003367
clustering coefficient		0.188297
min/max/avg degree		0, 80, 16.826165
degree assortativity		0.389876
number of connected components	1
size of largest component	4999 (100.00 %)
tot:  4667.094802963346
__glove+Louvain__
PLM(balanced,pc,turbo) detected communities in 0.4541318416595459 [s]
solution properties:
-------------------  ---------
# communities         59
min community size    42
max community size   135
avg. community size   84.7288
modularity             0.60239
-------------------  ---------
104 community detected
NMI:0.06322667694462425
ARI:0.22875528183600757
__glove+PLP__
PLP detected communities in 0.14802789688110352 [s]
solution properties:
-------------------  ----------
# communities        106
min community size     1
max community size    99
avg. community size   47.1698
modularity             0.600147
-------------------  ----------
104 community detected
NMI:0.005786722528842381
ARI:0.012534608253914614
__fake_pmi__
Network Properties for:		G#30
nodes, edges			4999, 42057
directed?			False
weighted?			True
isolated nodes			1
self-loops			0
density				0.003367
clustering coefficient		0.188297
min/max/avg degree		0, 80, 16.826165
degree assortativity		0.389876
number of connected components	1
size of largest component	4999 (100.00 %)
tot:  0.0
__fake_pmi+Louvain__
1 community detected due to total edge weight equal 0
NMI:1
ARI:1
__fake_pmi+PLP__
1 community detected due to total edge weight equal 0
NMI:1
ARI:1
__iterative_rev_degree_order__
Network Properties for:		G#33
nodes, edges			4999, 42057
directed?			False
weighted?			True
isolated nodes			1
self-loops			0
density				0.003367
clustering coefficient		0.188297
min/max/avg degree		0, 80, 16.826165
degree assortativity		0.389876
number of connected components	1
size of largest component	4999 (100.00 %)
tot:  1326.2941047543793
__iterative_rev_degree_order+Louvain__
PLM(balanced,pc,turbo) detected communities in 0.7547469139099121 [s]
solution properties:
-------------------  ----------
# communities         58
min community size    49
max community size   145
avg. community size   86.1897
modularity             0.750098
-------------------  ----------
104 community detected
NMI:0.6450984827976589
ARI:0.934527270295427
__iterative_rev_degree_order+PLP__
PLP detected communities in 0.09242057800292969 [s]
solution properties:
-------------------  -----------
# communities        1276
min community size      1
max community size     17
avg. community size     3.9185
modularity              0.634545
-------------------  -----------
104 community detected
NMI:0.35698208666026066
ARI:0.9594969700918746
__pmi__
Network Properties for:		G#48
nodes, edges			4999, 42057
directed?			False
weighted?			True
isolated nodes			1
self-loops			0
density				0.003367
clustering coefficient		0.188297
min/max/avg degree		0, 80, 16.826165
degree assortativity		0.389876
number of connected components	1
size of largest component	4999 (100.00 %)
tot:  251107.28687433005
__pmi+Louvain__
PLM(balanced,pc,turbo) detected communities in 0.6599891185760498 [s]
solution properties:
-------------------  ---------
# communities         47
min community size    65
max community size   176
avg. community size  106.362
modularity             0.61236
-------------------  ---------
104 community detected
NMI:0.08698178700923453
ARI:0.32822042595334755
__pmi+PLP__
PLP detected communities in 0.1065518856048584 [s]
solution properties:
-------------------  ----------
# communities        105
min community size     1
max community size   122
avg. community size   47.619
modularity             0.611544
-------------------  ----------
104 community detected
NMI:0.003057431266806354
ARI:0.012067275321567261
__standard__
Network Properties for:		G#60
nodes, edges			4999, 42057
directed?			False
weighted?			True
isolated nodes			1
self-loops			0
density				0.003367
clustering coefficient		0.188297
min/max/avg degree		0, 80, 16.826165
degree assortativity		0.389876
number of connected components	1
size of largest component	4999 (100.00 %)
tot:  23.720400866667287
__standard+Louvain__
PLM(balanced,pc,turbo) detected communities in 0.8097572326660156 [s]
solution properties:
-------------------  ----------
# communities         44
min community size    35
max community size   197
avg. community size  113.614
modularity             0.615661
-------------------  ----------
104 community detected
NMI:0.40451352696089393
ARI:0.7224934242539078
__standard+PLP__
PLP detected communities in 0.12396812438964844 [s]
solution properties:
-------------------  ----------
# communities        706
min community size     1
max community size    67
avg. community size    7.08215
modularity             0.503065
-------------------  ----------
104 community detected
NMI:0.293306127257697
ARI:0.6739052643417273
__ppmi__
Network Properties for:		G#72
nodes, edges			4999, 42057
directed?			False
weighted?			True
isolated nodes			1
self-loops			0
density				0.003367
clustering coefficient		0.188297
min/max/avg degree		0, 80, 16.826165
degree assortativity		0.389876
number of connected components	1
size of largest component	4999 (100.00 %)
tot:  254611.08864003725
__ppmi+Louvain__
PLM(balanced,pc,turbo) detected communities in 0.5379900932312012 [s]
solution properties:
-------------------  ----------
# communities         50
min community size    66
max community size   146
avg. community size   99.98
modularity             0.608531
-------------------  ----------
104 community detected
NMI:0.07732765614252346
ARI:0.2849922713960299
__ppmi+PLP__
PLP detected communities in 0.09958267211914062 [s]
solution properties:
-------------------  ----------
# communities        105
min community size     1
max community size    99
avg. community size   47.619
modularity             0.608409
-------------------  ----------
104 community detected
NMI:0.0011424419286015786
ARI:0.0023691851268603514
__glovexmax50alpha0.2__
Network Properties for:		G#81
nodes, edges			4999, 42057
directed?			False
weighted?			True
isolated nodes			1
self-loops			0
density				0.003367
clustering coefficient		0.188297
min/max/avg degree		0, 80, 16.826165
degree assortativity		0.389876
number of connected components	1
size of largest component	4999 (100.00 %)
tot:  25737.66386976494
__glovexmax50alpha0.2+Louvain__
PLM(balanced,pc,turbo) detected communities in 0.4971029758453369 [s]
solution properties:
-------------------  ----------
# communities         57
min community size    49
max community size   146
avg. community size   87.7018
modularity             0.605224
-------------------  ----------
104 community detected
NMI:0.06231460742436867
ARI:0.23264832597127438
__glovexmax50alpha0.2+PLP__
PLP detected communities in 0.11148452758789062 [s]
solution properties:
-------------------  ----------
# communities        105
min community size     1
max community size    99
avg. community size   47.619
modularity             0.604103
-------------------  ----------
104 community detected
NMI:0.0011748301797983585
ARI:0.0026715410573677767
__glovexmax40alpha0.2__
Network Properties for:		G#90
nodes, edges			4999, 42057
directed?			False
weighted?			True
isolated nodes			1
self-loops			0
density				0.003367
clustering coefficient		0.188297
min/max/avg degree		0, 80, 16.826165
degree assortativity		0.389876
number of connected components	1
size of largest component	4999 (100.00 %)
tot:  26912.319333525043
__glovexmax40alpha0.2+Louvain__
PLM(balanced,pc,turbo) detected communities in 0.517956018447876 [s]
solution properties:
-------------------  ----------
# communities         49
min community size    51
max community size   157
avg. community size  102.02
modularity             0.604735
-------------------  ----------
104 community detected
NMI:0.08181441566026615
ARI:0.30735540002663386
__glovexmax40alpha0.2+PLP__
PLP detected communities in 0.1120901107788086 [s]
solution properties:
-------------------  ----------
# communities        106
min community size     1
max community size    99
avg. community size   47.1698
modularity             0.600563
-------------------  ----------
104 community detected
NMI:0.0023918145267225466
ARI:0.008327442386540373
__glovexmax30alpha0.3__
Network Properties for:		G#99
nodes, edges			4999, 42057
directed?			False
weighted?			True
isolated nodes			1
self-loops			0
density				0.003367
clustering coefficient		0.188297
min/max/avg degree		0, 80, 16.826165
degree assortativity		0.389876
number of connected components	1
size of largest component	4999 (100.00 %)
tot:  23877.962520684192
__glovexmax30alpha0.3+Louvain__
PLM(balanced,pc,turbo) detected communities in 0.48282480239868164 [s]
solution properties:
-------------------  ----------
# communities         48
min community size    59
max community size   173
avg. community size  104.146
modularity             0.605707
-------------------  ----------
104 community detected
NMI:0.08471055871947386
ARI:0.31943605969136024
__glovexmax30alpha0.3+PLP__
PLP detected communities in 0.057251691818237305 [s]
solution properties:
-------------------  ----------
# communities        105
min community size     1
max community size    99
avg. community size   47.619
modularity             0.605067
-------------------  ----------
104 community detected
NMI:0.0011748301797984695
ARI:0.0026715410573677767
NMI classement:
[('NMIppmi+PLP', 0.0011424419286015786), ('NMIglovexmax50alpha0.2+PLP', 0.0011748301797983585), ('NMIglovexmax30alpha0.3+PLP', 0.0011748301797984695), ('NMIglovexmax40alpha0.2+PLP', 0.0023918145267225466), ('NMIpmi+PLP', 0.003057431266806354), ('NMIglove+PLP', 0.005786722528842381), ('NMIPLP', 0.012308769807715447), ('NMIglovexmax50alpha0.2+Louvain', 0.06231460742436867), ('NMIglove+Louvain', 0.06322667694462425), ('NMIppmi+Louvain', 0.07732765614252346), ('NMIglovexmax40alpha0.2+Louvain', 0.08181441566026615), ('NMIglovexmax30alpha0.3+Louvain', 0.08471055871947386), ('NMIpmi+Louvain', 0.08698178700923453), ('NMILouvain', 0.08956087410920799), ('NMIstandard+PLP', 0.293306127257697), ('NMISingleton', 0.3047653125958617), ('NMIiterative_rev_degree_order+PLP', 0.35698208666026066), ('NMIstandard+Louvain', 0.40451352696089393), ('NMIiterative_rev_degree_order+Louvain', 0.6450984827976589), ('NMIAllInOne', 1.0), ('NMIfake_pmi+Louvain', 1), ('NMIfake_pmi+PLP', 1)]
ARI classement:
[('ARIppmi+PLP', 0.0023691851268603514), ('ARIglovexmax50alpha0.2+PLP', 0.0026715410573677767), ('ARIglovexmax30alpha0.3+PLP', 0.0026715410573677767), ('ARIglovexmax40alpha0.2+PLP', 0.008327442386540373), ('ARIpmi+PLP', 0.012067275321567261), ('ARIglove+PLP', 0.012534608253914614), ('ARIPLP', 0.02678401689843335), ('ARIglove+Louvain', 0.22875528183600757), ('ARIglovexmax50alpha0.2+Louvain', 0.23264832597127438), ('ARIppmi+Louvain', 0.2849922713960299), ('ARIglovexmax40alpha0.2+Louvain', 0.30735540002663386), ('ARILouvain', 0.3161825684806132), ('ARIglovexmax30alpha0.3+Louvain', 0.31943605969136024), ('ARIpmi+Louvain', 0.32822042595334755), ('ARIstandard+PLP', 0.6739052643417273), ('ARIstandard+Louvain', 0.7224934242539078), ('ARIiterative_rev_degree_order+Louvain', 0.934527270295427), ('ARIiterative_rev_degree_order+PLP', 0.9594969700918746), ('ARISingleton', 1.0), ('ARIAllInOne', 1.0), ('ARIfake_pmi+Louvain', 1), ('ARIfake_pmi+PLP', 1)]
