__LOADINGS__
Network Properties for:		network
nodes, edges			5000, 56557
directed?			False
weighted?			True
isolated nodes			1
self-loops			0
density				0.004525
clustering coefficient		0.484024
min/max/avg degree		0, 390, 22.622800
degree assortativity		0.186473
number of connected components	2
size of largest component	4999 (99.98 %)
520486.57553039753
__Groundtruth__
read communities from: ../../lfr_5000/mk500/k25/muw0.2/24/community.dat
-------------------  ----------
# communities         45
min community size     6
max community size   473
avg. community size  111.111
modularity             0.649358
-------------------  ----------
45 community detected
__CLASSIC_METHODS__
__Louvain__
PLM(balanced,pc,turbo) detected communities in 0.4305100440979004 [s]
solution properties:
-------------------  ----------
# communities         29
min community size     1
max community size   479
avg. community size  172.414
modularity             0.651757
-------------------  ----------
45 community detected
NMI:0.04133885725343167
ARM:0.04070355140242199
__Singleton__
45 community detected
NMI:0.4611691217645686
ARM:1.0
__AllInOne__
45 community detected
NMI:1.0
ARM:1.0
__PLP__
PLP detected communities in 0.0827631950378418 [s]
solution properties:
-------------------  ----------
# communities         46
min community size     1
max community size   479
avg. community size  108.696
modularity             0.651644
-------------------  ----------
45 community detected
NMI:0.01415590224422325
ARM:0.018184014708491736
__NORMALIZATION__
__glove__
Network Properties for:		G#21cc
nodes, edges			4999, 56557
directed?			False
weighted?			True
isolated nodes			0
self-loops			0
density				0.004527
clustering coefficient		0.484121
min/max/avg degree		5, 390, 22.627325
degree assortativity		0.186473
number of connected components	1
size of largest component	4999 (100.00 %)
tot:  7672.675002855133
__glove+Louvain__
PLM(balanced,pc,turbo) detected communities in 0.3692812919616699 [s]
solution properties:
-------------------  ----------
# communities         33
min community size     6
max community size   476
avg. community size  151.485
modularity             0.690611
-------------------  ----------
45 community detected
NMI:0.02503628652666612
ARM:0.022665394097513114
__glove+PLP__
PLP detected communities in 0.0967714786529541 [s]
solution properties:
-------------------  ----------
# communities         45
min community size     6
max community size   477
avg. community size  111.089
modularity             0.690508
-------------------  ----------
45 community detected
NMI:0.009853540848230646
ARM:0.012316543632171717
__fake_pmi__
Network Properties for:		G#40cc
nodes, edges			4999, 56557
directed?			False
weighted?			True
isolated nodes			0
self-loops			0
density				0.004527
clustering coefficient		0.484121
min/max/avg degree		5, 390, 22.627325
degree assortativity		0.186473
number of connected components	1
size of largest component	4999 (100.00 %)
tot:  0.0
__fake_pmi+Louvain__
1 community detected due to total edge weight equal 0
NMI:1
ARM:0.012316543632171717
__fake_pmi+PLP__
1 community detected due to total edge weight equal 0
NMI:1
ARM:0.012316543632171717
__iterative_rev_degree_order__
Network Properties for:		G#53cc
nodes, edges			4999, 56557
directed?			False
weighted?			True
isolated nodes			0
self-loops			0
density				0.004527
clustering coefficient		0.484121
min/max/avg degree		5, 390, 22.627325
degree assortativity		0.186473
number of connected components	1
size of largest component	4999 (100.00 %)
tot:  1544.0182904671274
__iterative_rev_degree_order+Louvain__
PLM(balanced,pc,turbo) detected communities in 0.8050663471221924 [s]
solution properties:
-------------------  ----------
# communities         68
min community size     2
max community size   229
avg. community size   73.5147
modularity             0.865417
-------------------  ----------
45 community detected
NMI:0.6130993374461642
ARM:0.8593115096225022
__iterative_rev_degree_order+PLP__
PLP detected communities in 0.07616925239562988 [s]
solution properties:
-------------------  ----------
# communities        1484
min community size      2
max community size     13
avg. community size     3.3686
modularity              0.73326
-------------------  ----------
45 community detected
NMI:0.501134957982984
ARM:0.9890685531651058
__pmi__
Network Properties for:		G#78cc
nodes, edges			4999, 56557
directed?			False
weighted?			True
isolated nodes			0
self-loops			0
density				0.004527
clustering coefficient		0.484121
min/max/avg degree		5, 390, 22.627325
degree assortativity		0.186473
number of connected components	1
size of largest component	4999 (100.00 %)
tot:  109510.88671241463
__pmi+Louvain__
PLM(balanced,pc,turbo) detected communities in 0.5984435081481934 [s]
solution properties:
-------------------  ----------
# communities          29
min community size      7
max community size   1472
avg. community size   172.379
modularity              1.20906
-------------------  ----------
45 community detected
NMI:0.19478378579442845
ARM:0.5098602719181498
__pmi+PLP__
PLP detected communities in 0.1662743091583252 [s]
solution properties:
-------------------  ---------
# communities         50
min community size     1
max community size   793
avg. community size   99.98
modularity             1.20433
-------------------  ---------
45 community detected
NMI:0.13659869015209902
ARM:0.2629886808558146
__standard__
Network Properties for:		G#100cc
nodes, edges			4999, 56557
directed?			False
weighted?			True
isolated nodes			0
self-loops			0
density				0.004527
clustering coefficient		0.484121
min/max/avg degree		5, 390, 22.627325
degree assortativity		0.186473
number of connected components	1
size of largest component	4999 (100.00 %)
tot:  12.31619670018919
__standard+Louvain__
PLM(balanced,pc,turbo) detected communities in 0.6729817390441895 [s]
solution properties:
-------------------  -----------
# communities          42
min community size      2
max community size   1445
avg. community size   119.024
modularity              0.913923
-------------------  -----------
45 community detected
NMI:0.42708765917812885
ARM:0.7165067668252056
__standard+PLP__
PLP detected communities in 0.19255995750427246 [s]
solution properties:
-------------------  ---------
# communities        738
min community size     1
max community size   206
avg. community size    6.77371
modularity             0.82927
-------------------  ---------
45 community detected
NMI:0.4124360234989424
ARM:0.7173167741616684
__ppmi__
Network Properties for:		G#122cc
nodes, edges			4999, 56557
directed?			False
weighted?			True
isolated nodes			0
self-loops			0
density				0.004527
clustering coefficient		0.484121
min/max/avg degree		5, 390, 22.627325
degree assortativity		0.186473
number of connected components	1
size of largest component	4999 (100.00 %)
tot:  190543.44768572418
__ppmi+Louvain__
PLM(balanced,pc,turbo) detected communities in 0.32138657569885254 [s]
solution properties:
-------------------  ----------
# communities         35
min community size     7
max community size   465
avg. community size  142.829
modularity             0.777003
-------------------  ----------
45 community detected
NMI:0.02378944969223329
ARM:0.02604939612215107
__ppmi+PLP__
PLP detected communities in 0.07566285133361816 [s]
solution properties:
-------------------  ----------
# communities         46
min community size     2
max community size   898
avg. community size  108.674
modularity             0.766182
-------------------  ----------
45 community detected
NMI:0.03145445133615443
ARM:0.1458535272123863
__glovexmax50alpha0.2__
Network Properties for:		G#141cc
nodes, edges			4999, 56557
directed?			False
weighted?			True
isolated nodes			0
self-loops			0
density				0.004527
clustering coefficient		0.484121
min/max/avg degree		5, 390, 22.627325
degree assortativity		0.186473
number of connected components	1
size of largest component	4999 (100.00 %)
tot:  30603.289608275132
__glovexmax50alpha0.2+Louvain__
PLM(balanced,pc,turbo) detected communities in 0.1729118824005127 [s]
solution properties:
-------------------  ----------
# communities         23
min community size     7
max community size   473
avg. community size  217.348
modularity             0.744099
-------------------  ----------
45 community detected
NMI:0.0313569364061379
ARM:0.02656028384495379
__glovexmax50alpha0.2+PLP__
PLP detected communities in 0.05865478515625 [s]
solution properties:
-------------------  ----------
# communities         45
min community size     6
max community size   473
avg. community size  111.089
modularity             0.744299
-------------------  ----------
45 community detected
NMI:0.0
ARM:0.0
__glovexmax40alpha0.2__
Network Properties for:		G#160cc
nodes, edges			4999, 56557
directed?			False
weighted?			True
isolated nodes			0
self-loops			0
density				0.004527
clustering coefficient		0.484121
min/max/avg degree		5, 390, 22.627325
degree assortativity		0.186473
number of connected components	1
size of largest component	4999 (100.00 %)
tot:  31913.575881315206
__glovexmax40alpha0.2+Louvain__
PLM(balanced,pc,turbo) detected communities in 0.1683793067932129 [s]
solution properties:
-------------------  ----------
# communities         22
min community size    76
max community size   473
avg. community size  227.227
modularity             0.744673
-------------------  ----------
45 community detected
NMI:0.03242580839019915
ARM:0.027538669228517665
__glovexmax40alpha0.2+PLP__
PLP detected communities in 0.08415508270263672 [s]
solution properties:
-------------------  ----------
# communities         45
min community size     6
max community size   473
avg. community size  111.089
modularity             0.744891
-------------------  ----------
45 community detected
NMI:0.0
ARM:0.0
__glovexmax30alpha0.3__
Network Properties for:		G#179cc
nodes, edges			4999, 56557
directed?			False
weighted?			True
isolated nodes			0
self-loops			0
density				0.004527
clustering coefficient		0.484121
min/max/avg degree		5, 390, 22.627325
degree assortativity		0.186473
number of connected components	1
size of largest component	4999 (100.00 %)
tot:  28319.426315684
__glovexmax30alpha0.3+Louvain__
PLM(balanced,pc,turbo) detected communities in 0.24917054176330566 [s]
solution properties:
-------------------  ----------
# communities         34
min community size     6
max community size   474
avg. community size  147.029
modularity             0.742293
-------------------  ----------
45 community detected
NMI:0.013347066963993681
ARM:0.009579164567288134
__glovexmax30alpha0.3+PLP__
PLP detected communities in 0.05892586708068848 [s]
solution properties:
-------------------  ---------
# communities         45
min community size     6
max community size   474
avg. community size  111.089
modularity             0.74217
-------------------  ---------
45 community detected
NMI:0.000453123973539471
ARM:0.000683953690666983
