__LOADINGS__
Network Properties for:		network
nodes, edges			5000, 47554
directed?			False
weighted?			True
isolated nodes			1
self-loops			0
density				0.003805
clustering coefficient		0.340701
min/max/avg degree		0, 360, 19.021600
degree assortativity		0.259490
number of connected components	2
size of largest component	4999 (99.98 %)
429561.4226880868
__Groundtruth__
read communities from: ../../lfr_5000/mk500/k20/muw0.3/26/community.dat
-------------------  ----------
# communities         46
min community size     5
max community size   472
avg. community size  108.696
modularity             0.539673
-------------------  ----------
46 community detected
__CLASSIC_METHODS__
__Louvain__
PLM(balanced,pc,turbo) detected communities in 0.43660712242126465 [s]
solution properties:
-------------------  ----------
# communities         22
min community size     1
max community size   484
avg. community size  227.273
modularity             0.543985
-------------------  ----------
46 community detected
NMI:0.11449259569723647
ARM:0.13101136241523437
__Singleton__
46 community detected
NMI:0.4626433730173759
ARM:1.0
__AllInOne__
46 community detected
NMI:1.0
ARM:1.0
__PLP__
PLP detected communities in 0.1497201919555664 [s]
solution properties:
-------------------  ----------
# communities         48
min community size     1
max community size   574
avg. community size  104.167
modularity             0.542325
-------------------  ----------
46 community detected
NMI:0.08512886783523566
ARM:0.12435868694498664
__NORMALIZATION__
__glove__
Network Properties for:		G#21cc
nodes, edges			4999, 47554
directed?			False
weighted?			True
isolated nodes			0
self-loops			0
density				0.003807
clustering coefficient		0.340769
min/max/avg degree		3, 360, 19.025405
degree assortativity		0.259490
number of connected components	1
size of largest component	4999 (100.00 %)
tot:  6429.417882565148
__glove+Louvain__
PLM(balanced,pc,turbo) detected communities in 0.3137035369873047 [s]
solution properties:
-------------------  ----------
# communities         25
min community size     5
max community size   483
avg. community size  199.96
modularity             0.580112
-------------------  ----------
46 community detected
NMI:0.08518827363008574
ARM:0.09512401403766246
__glove+PLP__
PLP detected communities in 0.08933520317077637 [s]
solution properties:
-------------------  ----------
# communities         47
min community size     4
max community size   490
avg. community size  106.362
modularity             0.578903
-------------------  ----------
46 community detected
NMI:0.06579865638173787
ARM:0.09097947335050727
__fake_pmi__
Network Properties for:		G#40cc
nodes, edges			4999, 47554
directed?			False
weighted?			True
isolated nodes			0
self-loops			0
density				0.003807
clustering coefficient		0.340769
min/max/avg degree		3, 360, 19.025405
degree assortativity		0.259490
number of connected components	1
size of largest component	4999 (100.00 %)
tot:  0.0
__fake_pmi+Louvain__
1 community detected due to total edge weight equal 0
NMI:1
ARM:0.09097947335050727
__fake_pmi+PLP__
1 community detected due to total edge weight equal 0
NMI:1
ARM:0.09097947335050727
__iterative_rev_degree_order__
Network Properties for:		G#53cc
nodes, edges			4999, 47554
directed?			False
weighted?			True
isolated nodes			0
self-loops			0
density				0.003807
clustering coefficient		0.340769
min/max/avg degree		3, 360, 19.025405
degree assortativity		0.259490
number of connected components	1
size of largest component	4999 (100.00 %)
tot:  1410.2480445210515
__iterative_rev_degree_order+Louvain__
PLM(balanced,pc,turbo) detected communities in 0.6776297092437744 [s]
solution properties:
-------------------  ----------
# communities         68
min community size    19
max community size   191
avg. community size   73.5147
modularity             0.865604
-------------------  ----------
46 community detected
NMI:0.6901903719226808
ARM:0.9241991531097643
__iterative_rev_degree_order+PLP__
PLP detected communities in 0.07337665557861328 [s]
solution properties:
-------------------  -----------
# communities        1533
min community size      2
max community size     13
avg. community size     3.26093
modularity              0.744293
-------------------  -----------
46 community detected
NMI:0.5152020673882023
ARM:0.9914149867186264
__pmi__
Network Properties for:		G#78cc
nodes, edges			4999, 47554
directed?			False
weighted?			True
isolated nodes			0
self-loops			0
density				0.003807
clustering coefficient		0.340769
min/max/avg degree		3, 360, 19.025405
degree assortativity		0.259490
number of connected components	1
size of largest component	4999 (100.00 %)
tot:  91064.02466502716
__pmi+Louvain__
PLM(balanced,pc,turbo) detected communities in 0.7039568424224854 [s]
solution properties:
-------------------  ----------
# communities          29
min community size      1
max community size   1189
avg. community size   172.379
modularity              1.09746
-------------------  ----------
46 community detected
NMI:0.33602158707098917
ARM:0.598450504974527
__pmi+PLP__
PLP detected communities in 9.703674793243408 [s]
solution properties:
-------------------  --------
# communities        157
min community size     1
max community size   576
avg. community size   31.8408
modularity             1.0654
-------------------  --------
46 community detected
NMI:0.3006094373182079
ARM:0.4872523871855222
__standard__
Network Properties for:		G#100cc
nodes, edges			4999, 47554
directed?			False
weighted?			True
isolated nodes			0
self-loops			0
density				0.003807
clustering coefficient		0.340769
min/max/avg degree		3, 360, 19.025405
degree assortativity		0.259490
number of connected components	1
size of largest component	4999 (100.00 %)
tot:  16.71473960866726
__standard+Louvain__
PLM(balanced,pc,turbo) detected communities in 0.21131587028503418 [s]
solution properties:
-------------------  ----------
# communities         53
min community size     2
max community size   479
avg. community size   94.3208
modularity             0.890935
-------------------  ----------
46 community detected
NMI:0.5323828156245414
ARM:0.7394515618093727
__standard+PLP__
PLP detected communities in 0.0420534610748291 [s]
solution properties:
-------------------  -----------
# communities        1163
min community size      1
max community size     76
avg. community size     4.29837
modularity              0.719684
-------------------  -----------
46 community detected
NMI:0.5245032552229849
ARM:0.9739146448765782
__ppmi__
Network Properties for:		G#122cc
nodes, edges			4999, 47554
directed?			False
weighted?			True
isolated nodes			0
self-loops			0
density				0.003807
clustering coefficient		0.340769
min/max/avg degree		3, 360, 19.025405
degree assortativity		0.259490
number of connected components	1
size of largest component	4999 (100.00 %)
tot:  163881.54419444103
__ppmi+Louvain__
PLM(balanced,pc,turbo) detected communities in 0.16826415061950684 [s]
solution properties:
-------------------  ----------
# communities         27
min community size    43
max community size   458
avg. community size  185.148
modularity             0.671977
-------------------  ----------
46 community detected
NMI:0.17384759010798378
ARM:0.23431869648425885
__ppmi+PLP__
PLP detected communities in 0.06685686111450195 [s]
solution properties:
-------------------  ----------
# communities         75
min community size     1
max community size   847
avg. community size   66.6533
modularity             0.669857
-------------------  ----------
46 community detected
NMI:0.14129908624898757
ARM:0.32593845674077626
__glovexmax50alpha0.2__
Network Properties for:		G#141cc
nodes, edges			4999, 47554
directed?			False
weighted?			True
isolated nodes			0
self-loops			0
density				0.003807
clustering coefficient		0.340769
min/max/avg degree		3, 360, 19.025405
degree assortativity		0.259490
number of connected components	1
size of largest component	4999 (100.00 %)
tot:  25549.50578983707
__glovexmax50alpha0.2+Louvain__
PLM(balanced,pc,turbo) detected communities in 0.30324411392211914 [s]
solution properties:
-------------------  ----------
# communities         23
min community size     5
max community size   471
avg. community size  217.348
modularity             0.638292
-------------------  ----------
46 community detected
NMI:0.038798338093340434
ARM:0.033624709175684386
__glovexmax50alpha0.2+PLP__
PLP detected communities in 0.05513906478881836 [s]
solution properties:
-------------------  ----------
# communities         47
min community size     4
max community size   475
avg. community size  106.362
modularity             0.638179
-------------------  ----------
46 community detected
NMI:0.006426360663678854
ARM:0.007828916202975655
__glovexmax40alpha0.2__
Network Properties for:		G#160cc
nodes, edges			4999, 47554
directed?			False
weighted?			True
isolated nodes			0
self-loops			0
density				0.003807
clustering coefficient		0.340769
min/max/avg degree		3, 360, 19.025405
degree assortativity		0.259490
number of connected components	1
size of largest component	4999 (100.00 %)
tot:  26650.641699725547
__glovexmax40alpha0.2+Louvain__
PLM(balanced,pc,turbo) detected communities in 0.3662102222442627 [s]
solution properties:
-------------------  ----------
# communities         29
min community size     5
max community size   471
avg. community size  172.379
modularity             0.639084
-------------------  ----------
46 community detected
NMI:0.022698838133765276
ARM:0.01737890186300295
__glovexmax40alpha0.2+PLP__
PLP detected communities in 0.09273529052734375 [s]
solution properties:
-------------------  ----------
# communities         46
min community size     4
max community size   475
avg. community size  108.674
modularity             0.638868
-------------------  ----------
46 community detected
NMI:0.006185629029562878
ARM:0.007806478917161019
__glovexmax30alpha0.3__
Network Properties for:		G#179cc
nodes, edges			4999, 47554
directed?			False
weighted?			True
isolated nodes			0
self-loops			0
density				0.003807
clustering coefficient		0.340769
min/max/avg degree		3, 360, 19.025405
degree assortativity		0.259490
number of connected components	1
size of largest component	4999 (100.00 %)
tot:  23739.22529898177
__glovexmax30alpha0.3+Louvain__
PLM(balanced,pc,turbo) detected communities in 0.333101749420166 [s]
solution properties:
-------------------  ----------
# communities         24
min community size     5
max community size   474
avg. community size  208.292
modularity             0.634993
-------------------  ----------
46 community detected
NMI:0.04510683328213039
ARM:0.04209129097695963
__glovexmax30alpha0.3+PLP__
PLP detected communities in 0.09354853630065918 [s]
solution properties:
-------------------  ----------
# communities         47
min community size     4
max community size   475
avg. community size  106.362
modularity             0.634454
-------------------  ----------
46 community detected
NMI:0.017800590173672637
ARM:0.022021042692585757
