__LOADINGS__
4992/62242 8.020307830725233 % of nul weighted edges removed
1/5000 0.02 % of nul degree nodes removed
Network Properties for:		network
nodes, edges			4999, 57250
directed?			False
weighted?			True
isolated nodes			1
self-loops			0
density				0.004583
clustering coefficient		0.315327
min/max/avg degree		0, 230, 22.904581
degree assortativity		0.236355
number of connected components	1
size of largest component	4999 (100.00 %)
453017.4023682407
__Groundtruth__
read communities from: ../../lfr_5000/mk300/k25/muw0.3/38/community.dat
-------------------  ---------
# communities         32
min community size   100
max community size   215
avg. community size  156.25
modularity             0.62618
-------------------  ---------
32 community detected
__CLASSIC_METHODS__
__Louvain__
PLM(balanced,pc,turbo) detected communities in 0.24859309196472168 [s]
solution properties:
-------------------  ----------
# communities         32
min community size   100
max community size   219
avg. community size  156.219
modularity             0.627155
-------------------  ----------
32 community detected
NMI:0.022974020014939867
ARI:0.028239339046543854
__Singleton__
32 community detected
NMI:0.4236841828226895
ARI:1.0
__AllInOne__
32 community detected
NMI:1.0
ARI:1.0
__PLP__
PLP detected communities in 0.09724950790405273 [s]
solution properties:
-------------------  ----------
# communities         33
min community size     1
max community size   219
avg. community size  151.515
modularity             0.627151
-------------------  ----------
32 community detected
NMI:0.023884878212647842
ARI:0.029581609171812406
__NORMALIZATION__
__glove__
Network Properties for:		G#18
nodes, edges			4999, 57250
directed?			False
weighted?			True
isolated nodes			1
self-loops			0
density				0.004583
clustering coefficient		0.315327
min/max/avg degree		0, 230, 22.904581
degree assortativity		0.236355
number of connected components	1
size of largest component	4999 (100.00 %)
tot:  7504.885269874634
__glove+Louvain__
PLM(balanced,pc,turbo) detected communities in 0.13468623161315918 [s]
solution properties:
-------------------  ----------
# communities         32
min community size   100
max community size   216
avg. community size  156.219
modularity             0.644812
-------------------  ----------
32 community detected
NMI:0.012839179093905972
ARI:0.015863962984942748
__glove+PLP__
PLP detected communities in 0.09779739379882812 [s]
solution properties:
-------------------  ----------
# communities         33
min community size     1
max community size   219
avg. community size  151.515
modularity             0.644808
-------------------  ----------
32 community detected
NMI:0.014967279698305802
ARI:0.01846822727873887
__fake_pmi__
Network Properties for:		G#24
nodes, edges			4999, 57250
directed?			False
weighted?			True
isolated nodes			1
self-loops			0
density				0.004583
clustering coefficient		0.315327
min/max/avg degree		0, 230, 22.904581
degree assortativity		0.236355
number of connected components	1
size of largest component	4999 (100.00 %)
tot:  0.0
__fake_pmi+Louvain__
1 community detected due to total edge weight equal 0
NMI:1
ARI:1
__fake_pmi+PLP__
1 community detected due to total edge weight equal 0
NMI:1
ARI:1
__iterative_rev_degree_order__
Network Properties for:		G#27
nodes, edges			4999, 57250
directed?			False
weighted?			True
isolated nodes			1
self-loops			0
density				0.004583
clustering coefficient		0.315327
min/max/avg degree		0, 230, 22.904581
degree assortativity		0.236355
number of connected components	1
size of largest component	4999 (100.00 %)
tot:  1366.7117333150118
__iterative_rev_degree_order+Louvain__
PLM(balanced,pc,turbo) detected communities in 0.6977357864379883 [s]
solution properties:
-------------------  ----------
# communities         58
min community size    35
max community size   191
avg. community size   86.1897
modularity             0.807903
-------------------  ----------
32 community detected
NMI:0.7296246657940362
ARI:0.9037557724815926
__iterative_rev_degree_order+PLP__
PLP detected communities in 0.1043398380279541 [s]
solution properties:
-------------------  -----------
# communities        1533
min community size      1
max community size     13
avg. community size     3.26158
modularity              0.688962
-------------------  -----------
32 community detected
NMI:0.4852553439271068
ARI:0.9873892463864494
__pmi__
Network Properties for:		G#42
nodes, edges			4999, 57250
directed?			False
weighted?			True
isolated nodes			1
self-loops			0
density				0.004583
clustering coefficient		0.315327
min/max/avg degree		0, 230, 22.904581
degree assortativity		0.236355
number of connected components	1
size of largest component	4999 (100.00 %)
tot:  176111.99515152458
__pmi+Louvain__
PLM(balanced,pc,turbo) detected communities in 0.3648533821105957 [s]
solution properties:
-------------------  ----------
# communities         27
min community size   108
max community size   401
avg. community size  185.148
modularity             0.779176
-------------------  ----------
32 community detected
NMI:0.1475055266048082
ARI:0.28911901334080004
__pmi+PLP__
PLP detected communities in 0.16489148139953613 [s]
solution properties:
-------------------  ----------
# communities         45
min community size     1
max community size   207
avg. community size  111.111
modularity             0.780463
-------------------  ----------
32 community detected
NMI:0.10311457776002897
ARI:0.1458666966228731
__standard__
Network Properties for:		G#51
nodes, edges			4999, 57250
directed?			False
weighted?			True
isolated nodes			1
self-loops			0
density				0.004583
clustering coefficient		0.315327
min/max/avg degree		0, 230, 22.904581
degree assortativity		0.236355
number of connected components	1
size of largest component	4999 (100.00 %)
tot:  8.856242689270262
__standard+Louvain__
PLM(balanced,pc,turbo) detected communities in 0.7985610961914062 [s]
solution properties:
-------------------  ----------
# communities         30
min community size     3
max community size   228
avg. community size  166.633
modularity             0.760944
-------------------  ----------
32 community detected
NMI:0.4072412728430118
ARI:0.5316156445122457
__standard+PLP__
PLP detected communities in 0.15675973892211914 [s]
solution properties:
-------------------  ----------
# communities        925
min community size     1
max community size   150
avg. community size    5.40541
modularity             0.631721
-------------------  ----------
32 community detected
NMI:0.4010828680377072
ARI:0.7060990798104045
__ppmi__
Network Properties for:		G#63
nodes, edges			4999, 57250
directed?			False
weighted?			True
isolated nodes			1
self-loops			0
density				0.004583
clustering coefficient		0.315327
min/max/avg degree		0, 230, 22.904581
degree assortativity		0.236355
number of connected components	1
size of largest component	4999 (100.00 %)
tot:  232158.45915200433
__ppmi+Louvain__
PLM(balanced,pc,turbo) detected communities in 0.18286848068237305 [s]
solution properties:
-------------------  ----------
# communities         32
min community size   101
max community size   215
avg. community size  156.219
modularity             0.685475
-------------------  ----------
32 community detected
NMI:0.0039215058760269095
ARI:0.004919168561538401
__ppmi+PLP__
PLP detected communities in 0.11266374588012695 [s]
solution properties:
-------------------  ---------
# communities         33
min community size     1
max community size   232
avg. community size  151.515
modularity             0.68219
-------------------  ---------
32 community detected
NMI:0.00855291988969642
ARI:0.018836076166448112
__glovexmax50alpha0.2__
Network Properties for:		G#69
nodes, edges			4999, 57250
directed?			False
weighted?			True
isolated nodes			1
self-loops			0
density				0.004583
clustering coefficient		0.315327
min/max/avg degree		0, 230, 22.904581
degree assortativity		0.236355
number of connected components	1
size of largest component	4999 (100.00 %)
tot:  32641.375980874385
__glovexmax50alpha0.2+Louvain__
PLM(balanced,pc,turbo) detected communities in 0.2300734519958496 [s]
solution properties:
-------------------  ----------
# communities         32
min community size   100
max community size   214
avg. community size  156.219
modularity             0.674828
-------------------  ----------
32 community detected
NMI:0.0
ARI:0.0
__glovexmax50alpha0.2+PLP__
PLP detected communities in 0.1041266918182373 [s]
solution properties:
-------------------  ----------
# communities         33
min community size     1
max community size   214
avg. community size  151.515
modularity             0.674828
-------------------  ----------
32 community detected
NMI:0.0
ARI:0.0
__glovexmax40alpha0.2__
Network Properties for:		G#75
nodes, edges			4999, 57250
directed?			False
weighted?			True
isolated nodes			1
self-loops			0
density				0.004583
clustering coefficient		0.315327
min/max/avg degree		0, 230, 22.904581
degree assortativity		0.236355
number of connected components	1
size of largest component	4999 (100.00 %)
tot:  34100.99993707267
__glovexmax40alpha0.2+Louvain__
PLM(balanced,pc,turbo) detected communities in 0.21361422538757324 [s]
solution properties:
-------------------  ----------
# communities         32
min community size   100
max community size   214
avg. community size  156.219
modularity             0.674957
-------------------  ----------
32 community detected
NMI:0.0
ARI:0.0
__glovexmax40alpha0.2+PLP__
PLP detected communities in 0.06762123107910156 [s]
solution properties:
-------------------  ----------
# communities         33
min community size     1
max community size   214
avg. community size  151.515
modularity             0.674957
-------------------  ----------
32 community detected
NMI:0.0
ARI:0.0
__glovexmax30alpha0.3__
Network Properties for:		G#81
nodes, edges			4999, 57250
directed?			False
weighted?			True
isolated nodes			1
self-loops			0
density				0.004583
clustering coefficient		0.315327
min/max/avg degree		0, 230, 22.904581
degree assortativity		0.236355
number of connected components	1
size of largest component	4999 (100.00 %)
tot:  30698.333172912255
__glovexmax30alpha0.3+Louvain__
PLM(balanced,pc,turbo) detected communities in 0.25226283073425293 [s]
solution properties:
-------------------  ----------
# communities         32
min community size   100
max community size   215
avg. community size  156.219
modularity             0.672457
-------------------  ----------
32 community detected
NMI:0.0003681098493909518
ARI:0.0005371217981501308
__glovexmax30alpha0.3+PLP__
PLP detected communities in 0.04848647117614746 [s]
solution properties:
-------------------  ----------
# communities         33
min community size     1
max community size   215
avg. community size  151.515
modularity             0.672457
-------------------  ----------
32 community detected
NMI:0.00036810984939072977
ARI:0.0005371217981501308
NMI classement:
[('NMIglovexmax50alpha0.2+Louvain', 0.0), ('NMIglovexmax50alpha0.2+PLP', 0.0), ('NMIglovexmax40alpha0.2+Louvain', 0.0), ('NMIglovexmax40alpha0.2+PLP', 0.0), ('NMIglovexmax30alpha0.3+PLP', 0.00036810984939072977), ('NMIglovexmax30alpha0.3+Louvain', 0.0003681098493909518), ('NMIppmi+Louvain', 0.0039215058760269095), ('NMIppmi+PLP', 0.00855291988969642), ('NMIglove+Louvain', 0.012839179093905972), ('NMIglove+PLP', 0.014967279698305802), ('NMILouvain', 0.022974020014939867), ('NMIPLP', 0.023884878212647842), ('NMIpmi+PLP', 0.10311457776002897), ('NMIpmi+Louvain', 0.1475055266048082), ('NMIstandard+PLP', 0.4010828680377072), ('NMIstandard+Louvain', 0.4072412728430118), ('NMISingleton', 0.4236841828226895), ('NMIiterative_rev_degree_order+PLP', 0.4852553439271068), ('NMIiterative_rev_degree_order+Louvain', 0.7296246657940362), ('NMIAllInOne', 1.0), ('NMIfake_pmi+Louvain', 1), ('NMIfake_pmi+PLP', 1)]
ARI classement:
[('ARIglovexmax50alpha0.2+Louvain', 0.0), ('ARIglovexmax50alpha0.2+PLP', 0.0), ('ARIglovexmax40alpha0.2+Louvain', 0.0), ('ARIglovexmax40alpha0.2+PLP', 0.0), ('ARIglovexmax30alpha0.3+Louvain', 0.0005371217981501308), ('ARIglovexmax30alpha0.3+PLP', 0.0005371217981501308), ('ARIppmi+Louvain', 0.004919168561538401), ('ARIglove+Louvain', 0.015863962984942748), ('ARIglove+PLP', 0.01846822727873887), ('ARIppmi+PLP', 0.018836076166448112), ('ARILouvain', 0.028239339046543854), ('ARIPLP', 0.029581609171812406), ('ARIpmi+PLP', 0.1458666966228731), ('ARIpmi+Louvain', 0.28911901334080004), ('ARIstandard+Louvain', 0.5316156445122457), ('ARIstandard+PLP', 0.7060990798104045), ('ARIiterative_rev_degree_order+Louvain', 0.9037557724815926), ('ARIiterative_rev_degree_order+PLP', 0.9873892463864494), ('ARISingleton', 1.0), ('ARIAllInOne', 1.0), ('ARIfake_pmi+Louvain', 1), ('ARIfake_pmi+PLP', 1)]
