__LOADINGS__
Network Properties for:		network
nodes, edges			5000, 33303
directed?			False
weighted?			True
isolated nodes			1
self-loops			0
density				0.002665
clustering coefficient		0.390982
min/max/avg degree		0, 237, 13.321200
degree assortativity		0.125698
number of connected components	2
size of largest component	4999 (99.98 %)
241720.1186862698
__Groundtruth__
read communities from: ../../lfr_5000/mk300/k15/muw0.2/43/community.dat
-------------------  ----------
# communities         30
min community size   122
max community size   240
avg. community size  166.667
modularity             0.704068
-------------------  ----------
30 community detected
__CLASSIC_METHODS__
__Louvain__
PLM(balanced,pc,turbo) detected communities in 0.20092511177062988 [s]
solution properties:
-------------------  ----------
# communities         31
min community size     1
max community size   247
avg. community size  161.29
modularity             0.707794
-------------------  ----------
30 community detected
NMI:0.06551592286998775
ARM:0.07489958219935744
__Singleton__
30 community detected
NMI:0.431292815329661
ARM:1.0
__AllInOne__
30 community detected
NMI:1.0
ARM:1.0
__PLP__
PLP detected communities in 0.1451737880706787 [s]
solution properties:
-------------------  ----------
# communities         31
min community size     1
max community size   247
avg. community size  161.29
modularity             0.707793
-------------------  ----------
30 community detected
NMI:0.06612037127434178
ARM:0.07565333359010895
__NORMALIZATION__
__glove__
Network Properties for:		G#18cc
nodes, edges			4999, 33303
directed?			False
weighted?			True
isolated nodes			0
self-loops			0
density				0.002666
clustering coefficient		0.391060
min/max/avg degree		3, 237, 13.323865
degree assortativity		0.125698
number of connected components	1
size of largest component	4999 (100.00 %)
tot:  3816.210325828703
__glove+Louvain__
PLM(balanced,pc,turbo) detected communities in 0.2226560115814209 [s]
solution properties:
-------------------  ----------
# communities         30
min community size   121
max community size   245
avg. community size  166.633
modularity             0.735373
-------------------  ----------
30 community detected
NMI:0.050815307696264855
ARM:0.0577393652286069
__glove+PLP__
PLP detected communities in 0.11943721771240234 [s]
solution properties:
-------------------  ----------
# communities         30
min community size   121
max community size   246
avg. community size  166.633
modularity             0.735371
-------------------  ----------
30 community detected
NMI:0.05155179063918447
ARM:0.05863877248233418
__fake_pmi__
Network Properties for:		G#34cc
nodes, edges			4999, 33303
directed?			False
weighted?			True
isolated nodes			0
self-loops			0
density				0.002666
clustering coefficient		0.391060
min/max/avg degree		3, 237, 13.323865
degree assortativity		0.125698
number of connected components	1
size of largest component	4999 (100.00 %)
tot:  0.0
__fake_pmi+Louvain__
1 community detected due to total edge weight equal 0
NMI:1
ARM:0.05863877248233418
__fake_pmi+PLP__
1 community detected due to total edge weight equal 0
NMI:1
ARM:0.05863877248233418
__iterative_rev_degree_order__
Network Properties for:		G#47cc
nodes, edges			4999, 33303
directed?			False
weighted?			True
isolated nodes			0
self-loops			0
density				0.002666
clustering coefficient		0.391060
min/max/avg degree		3, 237, 13.323865
degree assortativity		0.125698
number of connected components	1
size of largest component	4999 (100.00 %)
tot:  1702.4836074448085
__iterative_rev_degree_order+Louvain__
PLM(balanced,pc,turbo) detected communities in 0.3364846706390381 [s]
solution properties:
-------------------  ----------
# communities         54
min community size     2
max community size   197
avg. community size   92.5741
modularity             0.880649
-------------------  ----------
30 community detected
NMI:0.5658125249506132
ARM:0.7476013653113556
__iterative_rev_degree_order+PLP__
PLP detected communities in 0.09719514846801758 [s]
solution properties:
-------------------  -----------
# communities        1517
min community size      2
max community size     23
avg. community size     3.29532
modularity              0.763334
-------------------  -----------
30 community detected
NMI:0.4539331856537753
ARM:0.9784976820895831
__pmi__
Network Properties for:		G#72cc
nodes, edges			4999, 33303
directed?			False
weighted?			True
isolated nodes			0
self-loops			0
density				0.002666
clustering coefficient		0.391060
min/max/avg degree		3, 237, 13.323865
degree assortativity		0.125698
number of connected components	1
size of largest component	4999 (100.00 %)
tot:  97309.61047926306
__pmi+Louvain__
PLM(balanced,pc,turbo) detected communities in 0.44759130477905273 [s]
solution properties:
-------------------  ----------
# communities         26
min community size   126
max community size   527
avg. community size  192.269
modularity             0.981382
-------------------  ----------
30 community detected
NMI:0.15444843782605988
ARM:0.2917045032994937
__pmi+PLP__
PLP detected communities in 0.1284797191619873 [s]
solution properties:
-------------------  ----------
# communities         90
min community size     1
max community size   208
avg. community size   55.5444
modularity             0.968091
-------------------  ----------
30 community detected
NMI:0.13250714053437995
ARM:0.1794142227863692
__standard__
Network Properties for:		G#91cc
nodes, edges			4999, 33303
directed?			False
weighted?			True
isolated nodes			0
self-loops			0
density				0.002666
clustering coefficient		0.391060
min/max/avg degree		3, 237, 13.323865
degree assortativity		0.125698
number of connected components	1
size of largest component	4999 (100.00 %)
tot:  15.903931177740395
__standard+Louvain__
PLM(balanced,pc,turbo) detected communities in 0.652440071105957 [s]
solution properties:
-------------------  ----------
# communities         54
min community size     2
max community size   267
avg. community size   92.5741
modularity             0.866843
-------------------  ----------
30 community detected
NMI:0.34859901567079177
ARM:0.4533206677814311
__standard+PLP__
PLP detected communities in 0.11544370651245117 [s]
solution properties:
-------------------  -----------
# communities        1138
min community size      2
max community size     92
avg. community size     4.39279
modularity              0.702428
-------------------  -----------
30 community detected
NMI:0.41230732956236804
ARM:0.8514514043953461
__ppmi__
Network Properties for:		G#113cc
nodes, edges			4999, 33303
directed?			False
weighted?			True
isolated nodes			0
self-loops			0
density				0.002666
clustering coefficient		0.391060
min/max/avg degree		3, 237, 13.323865
degree assortativity		0.125698
number of connected components	1
size of largest component	4999 (100.00 %)
tot:  135525.42941063986
__ppmi+Louvain__
PLM(balanced,pc,turbo) detected communities in 0.43186521530151367 [s]
solution properties:
-------------------  ----------
# communities         27
min community size   127
max community size   406
avg. community size  185.148
modularity             0.774444
-------------------  ----------
30 community detected
NMI:0.060031229881534864
ARM:0.1327245022733632
__ppmi+PLP__
PLP detected communities in 0.14253020286560059 [s]
solution properties:
-------------------  ----------
# communities         58
min community size     1
max community size   216
avg. community size   86.1897
modularity             0.774399
-------------------  ----------
30 community detected
NMI:0.04503503611209525
ARM:0.05600292287245778
__glovexmax50alpha0.2__
Network Properties for:		G#132cc
nodes, edges			4999, 33303
directed?			False
weighted?			True
isolated nodes			0
self-loops			0
density				0.002666
clustering coefficient		0.391060
min/max/avg degree		3, 237, 13.323865
degree assortativity		0.125698
number of connected components	1
size of largest component	4999 (100.00 %)
tot:  17436.48707724031
__glovexmax50alpha0.2+Louvain__
PLM(balanced,pc,turbo) detected communities in 0.3720543384552002 [s]
solution properties:
-------------------  ---------
# communities         30
min community size   122
max community size   240
avg. community size  166.633
modularity             0.76992
-------------------  ---------
30 community detected
NMI:0.003980011081304191
ARM:0.0045134230216000715
__glovexmax50alpha0.2+PLP__
PLP detected communities in 0.11936116218566895 [s]
solution properties:
-------------------  ----------
# communities         30
min community size   122
max community size   240
avg. community size  166.633
modularity             0.769895
-------------------  ----------
30 community detected
NMI:0.0045943487215885925
ARM:0.005151523942136582
__glovexmax40alpha0.2__
Network Properties for:		G#151cc
nodes, edges			4999, 33303
directed?			False
weighted?			True
isolated nodes			0
self-loops			0
density				0.002666
clustering coefficient		0.391060
min/max/avg degree		3, 237, 13.323865
degree assortativity		0.125698
number of connected components	1
size of largest component	4999 (100.00 %)
tot:  18205.486756017737
__glovexmax40alpha0.2+Louvain__
PLM(balanced,pc,turbo) detected communities in 0.3682997226715088 [s]
solution properties:
-------------------  ----------
# communities         30
min community size   122
max community size   240
avg. community size  166.633
modularity             0.770151
-------------------  ----------
30 community detected
NMI:0.003980011081304191
ARM:0.0045134230216000715
__glovexmax40alpha0.2+PLP__
PLP detected communities in 0.10304021835327148 [s]
solution properties:
-------------------  ----------
# communities         30
min community size   122
max community size   240
avg. community size  166.633
modularity             0.770102
-------------------  ----------
30 community detected
NMI:0.004955520340607089
ARM:0.005564337959807153
__glovexmax30alpha0.3__
Network Properties for:		G#170cc
nodes, edges			4999, 33303
directed?			False
weighted?			True
isolated nodes			0
self-loops			0
density				0.002666
clustering coefficient		0.391060
min/max/avg degree		3, 237, 13.323865
degree assortativity		0.125698
number of connected components	1
size of largest component	4999 (100.00 %)
tot:  15920.035126459583
__glovexmax30alpha0.3+Louvain__
PLM(balanced,pc,turbo) detected communities in 0.411881685256958 [s]
solution properties:
-------------------  ----------
# communities         30
min community size   121
max community size   241
avg. community size  166.633
modularity             0.768341
-------------------  ----------
30 community detected
NMI:0.01645650133844545
ARM:0.018622345122854322
__glovexmax30alpha0.3+PLP__
PLP detected communities in 0.11921501159667969 [s]
solution properties:
-------------------  ---------
# communities         30
min community size   121
max community size   241
avg. community size  166.633
modularity             0.76832
-------------------  ---------
30 community detected
NMI:0.01669975261913803
ARM:0.018788009113730797
