__LOADINGS__
Network Properties for:		network
nodes, edges			5000, 41894
directed?			False
weighted?			True
isolated nodes			0
self-loops			0
density				0.003352
clustering coefficient		0.300233
min/max/avg degree		2, 220, 16.757600
degree assortativity		0.209864
number of connected components	1
size of largest component	5000 (100.00 %)
315493.25764802744
__Groundtruth__
read communities from: ../../lfr_5000/mk300/k20/muw0.3/48/community.dat
-------------------  ----------
# communities         32
min community size   100
max community size   215
avg. community size  156.25
modularity             0.612028
-------------------  ----------
32 community detected
__CLASSIC_METHODS__
__Louvain__
PLM(balanced,pc,turbo) detected communities in 0.3571009635925293 [s]
solution properties:
-------------------  ----------
# communities         32
min community size   100
max community size   225
avg. community size  156.25
modularity             0.615664
-------------------  ----------
32 community detected
NMI:0.0785113843585894
ARM:0.09327486761575565
__Singleton__
32 community detected
NMI:0.42370093147868537
ARM:1.0
__AllInOne__
32 community detected
NMI:1.0
ARM:1.0
__PLP__
PLP detected communities in 0.10131311416625977 [s]
solution properties:
-------------------  ----------
# communities         32
min community size   100
max community size   225
avg. community size  156.25
modularity             0.615673
-------------------  ----------
32 community detected
NMI:0.0796366838000293
ARM:0.09521372255953964
__NORMALIZATION__
__glove__
Network Properties for:		G#21cc
nodes, edges			5000, 41894
directed?			False
weighted?			True
isolated nodes			0
self-loops			0
density				0.003352
clustering coefficient		0.300233
min/max/avg degree		2, 220, 16.757600
degree assortativity		0.209864
number of connected components	1
size of largest component	5000 (100.00 %)
tot:  5124.533187612409
__glove+Louvain__
PLM(balanced,pc,turbo) detected communities in 0.2548685073852539 [s]
solution properties:
-------------------  ----------
# communities         32
min community size   101
max community size   224
avg. community size  156.25
modularity             0.638303
-------------------  ----------
32 community detected
NMI:0.05774064715805516
ARM:0.06907271094463596
__glove+PLP__
PLP detected communities in 0.11406517028808594 [s]
solution properties:
-------------------  ----------
# communities         32
min community size   101
max community size   224
avg. community size  156.25
modularity             0.638299
-------------------  ----------
32 community detected
NMI:0.05885312866459114
ARM:0.07012482095355022
__fake_pmi__
Network Properties for:		G#37cc
nodes, edges			5000, 41894
directed?			False
weighted?			True
isolated nodes			0
self-loops			0
density				0.003352
clustering coefficient		0.300233
min/max/avg degree		2, 220, 16.757600
degree assortativity		0.209864
number of connected components	1
size of largest component	5000 (100.00 %)
tot:  0.0
__fake_pmi+Louvain__
1 community detected due to total edge weight equal 0
NMI:1
ARM:0.07012482095355022
__fake_pmi+PLP__
1 community detected due to total edge weight equal 0
NMI:1
ARM:0.07012482095355022
__iterative_rev_degree_order__
Network Properties for:		G#50cc
nodes, edges			5000, 41894
directed?			False
weighted?			True
isolated nodes			0
self-loops			0
density				0.003352
clustering coefficient		0.300233
min/max/avg degree		2, 220, 16.757600
degree assortativity		0.209864
number of connected components	1
size of largest component	5000 (100.00 %)
tot:  1503.597910135453
__iterative_rev_degree_order+Louvain__
PLM(balanced,pc,turbo) detected communities in 0.8399624824523926 [s]
solution properties:
-------------------  ----------
# communities         75
min community size     2
max community size   175
avg. community size   66.6667
modularity             0.855881
-------------------  ----------
32 community detected
NMI:0.6925313188228313
ARM:0.8980405609654203
__iterative_rev_degree_order+PLP__
PLP detected communities in 0.06492805480957031 [s]
solution properties:
-------------------  -----------
# communities        1564
min community size      2
max community size     12
avg. community size     3.19693
modularity              0.743813
-------------------  -----------
32 community detected
NMI:0.47134956834509356
ARM:0.985391142738366
__pmi__
Network Properties for:		G#75cc
nodes, edges			5000, 41894
directed?			False
weighted?			True
isolated nodes			0
self-loops			0
density				0.003352
clustering coefficient		0.300233
min/max/avg degree		2, 220, 16.757600
degree assortativity		0.209864
number of connected components	1
size of largest component	5000 (100.00 %)
tot:  117937.31738414227
__pmi+Louvain__
PLM(balanced,pc,turbo) detected communities in 0.5003046989440918 [s]
solution properties:
-------------------  ----------
# communities         28
min community size   116
max community size   431
avg. community size  178.571
modularity             0.867563
-------------------  ----------
32 community detected
NMI:0.19036861087069945
ARM:0.32571896767289865
__pmi+PLP__
PLP detected communities in 0.15707778930664062 [s]
solution properties:
-------------------  ----------
# communities         70
min community size     2
max community size   242
avg. community size   71.4286
modularity             0.862909
-------------------  ----------
32 community detected
NMI:0.17176591745401493
ARM:0.23187089498387892
__standard__
Network Properties for:		G#94cc
nodes, edges			5000, 41894
directed?			False
weighted?			True
isolated nodes			0
self-loops			0
density				0.003352
clustering coefficient		0.300233
min/max/avg degree		2, 220, 16.757600
degree assortativity		0.209864
number of connected components	1
size of largest component	5000 (100.00 %)
tot:  13.015612682698366
__standard+Louvain__
PLM(balanced,pc,turbo) detected communities in 0.7005388736724854 [s]
solution properties:
-------------------  ----------
# communities         44
min community size     2
max community size   344
avg. community size  113.636
modularity             0.805568
-------------------  ----------
32 community detected
NMI:0.4861132026345102
ARM:0.6264844475921723
__standard+PLP__
PLP detected communities in 0.12405276298522949 [s]
solution properties:
-------------------  -----------
# communities        1308
min community size      2
max community size     94
avg. community size     3.82263
modularity              0.651036
-------------------  -----------
32 community detected
NMI:0.4548940231498193
ARM:0.9325324699912908
__ppmi__
Network Properties for:		G#116cc
nodes, edges			5000, 41894
directed?			False
weighted?			True
isolated nodes			0
self-loops			0
density				0.003352
clustering coefficient		0.300233
min/max/avg degree		2, 220, 16.757600
degree assortativity		0.209864
number of connected components	1
size of largest component	5000 (100.00 %)
tot:  169792.56156598887
__ppmi+Louvain__
PLM(balanced,pc,turbo) detected communities in 0.4596843719482422 [s]
solution properties:
-------------------  ---------
# communities         29
min community size   104
max community size   299
avg. community size  172.414
modularity             0.68764
-------------------  ---------
32 community detected
NMI:0.055595122406682185
ARM:0.11171966785359377
__ppmi+PLP__
PLP detected communities in 0.13230514526367188 [s]
solution properties:
-------------------  ----------
# communities         48
min community size     1
max community size   208
avg. community size  104.167
modularity             0.681822
-------------------  ----------
32 community detected
NMI:0.0493942754171266
ARM:0.06479438576371466
__glovexmax50alpha0.2__
Network Properties for:		G#135cc
nodes, edges			5000, 41894
directed?			False
weighted?			True
isolated nodes			0
self-loops			0
density				0.003352
clustering coefficient		0.300233
min/max/avg degree		2, 220, 16.757600
degree assortativity		0.209864
number of connected components	1
size of largest component	5000 (100.00 %)
tot:  22756.67882291087
__glovexmax50alpha0.2+Louvain__
PLM(balanced,pc,turbo) detected communities in 0.1902027130126953 [s]
solution properties:
-------------------  ---------
# communities         32
min community size   100
max community size   215
avg. community size  156.25
modularity             0.67463
-------------------  ---------
32 community detected
NMI:0.008015783480821992
ARM:0.009487237116712177
__glovexmax50alpha0.2+PLP__
PLP detected communities in 0.08826947212219238 [s]
solution properties:
-------------------  ---------
# communities         32
min community size   100
max community size   215
avg. community size  156.25
modularity             0.67463
-------------------  ---------
32 community detected
NMI:0.008015783480821992
ARM:0.009487237116712177
__glovexmax40alpha0.2__
Network Properties for:		G#151cc
nodes, edges			5000, 41894
directed?			False
weighted?			True
isolated nodes			0
self-loops			0
density				0.003352
clustering coefficient		0.300233
min/max/avg degree		2, 220, 16.757600
degree assortativity		0.209864
number of connected components	1
size of largest component	5000 (100.00 %)
tot:  23769.39947063079
__glovexmax40alpha0.2+Louvain__
PLM(balanced,pc,turbo) detected communities in 0.14116358757019043 [s]
solution properties:
-------------------  ----------
# communities         32
min community size   100
max community size   215
avg. community size  156.25
modularity             0.674844
-------------------  ----------
32 community detected
NMI:0.00801578348082188
ARM:0.009487237116712177
__glovexmax40alpha0.2+PLP__
PLP detected communities in 0.11107540130615234 [s]
solution properties:
-------------------  ----------
# communities         32
min community size   100
max community size   215
avg. community size  156.25
modularity             0.674844
-------------------  ----------
32 community detected
NMI:0.00801578348082188
ARM:0.009487237116712177
__glovexmax30alpha0.3__
Network Properties for:		G#167cc
nodes, edges			5000, 41894
directed?			False
weighted?			True
isolated nodes			0
self-loops			0
density				0.003352
clustering coefficient		0.300233
min/max/avg degree		2, 220, 16.757600
degree assortativity		0.209864
number of connected components	1
size of largest component	5000 (100.00 %)
tot:  21163.098836317833
__glovexmax30alpha0.3+Louvain__
PLM(balanced,pc,turbo) detected communities in 0.0777900218963623 [s]
solution properties:
-------------------  ----------
# communities         32
min community size   101
max community size   216
avg. community size  156.25
modularity             0.672586
-------------------  ----------
32 community detected
NMI:0.013605632992645278
ARM:0.01582943707712081
__glovexmax30alpha0.3+PLP__
PLP detected communities in 0.06365418434143066 [s]
solution properties:
-------------------  ---------
# communities         32
min community size   101
max community size   216
avg. community size  156.25
modularity             0.67258
-------------------  ---------
32 community detected
NMI:0.01431294349887724
ARM:0.0166698768570952
