__LOADINGS__
Network Properties for:		network
nodes, edges			5000, 56248
directed?			False
weighted?			True
isolated nodes			1
self-loops			0
density				0.004501
clustering coefficient		0.202959
min/max/avg degree		0, 79, 22.499200
degree assortativity		0.412022
number of connected components	2
size of largest component	4999 (99.98 %)
337996.1593510498
__Groundtruth__
read communities from: ../../lfr_5000/mk100/k25/muw0.4/25/community.dat
-------------------  ----------
# communities        104
min community size    20
max community size    99
avg. community size   48.0769
modularity             0.599109
-------------------  ----------
104 community detected
__CLASSIC_METHODS__
__Louvain__
PLM(balanced,pc,turbo) detected communities in 0.30655479431152344 [s]
solution properties:
-------------------  ----------
# communities         55
min community size     1
max community size   161
avg. community size   90.9091
modularity             0.600211
-------------------  ----------
104 community detected
NMI:0.06977085106339609
ARM:0.26687569114681586
__Singleton__
104 community detected
NMI:0.30478149554017175
ARM:1.0
__AllInOne__
104 community detected
NMI:1.0
ARM:1.0
__PLP__
PLP detected communities in 0.0829775333404541 [s]
solution properties:
-------------------  ----------
# communities        105
min community size     1
max community size    99
avg. community size   47.619
modularity             0.599222
-------------------  ----------
104 community detected
NMI:0.0008071801818931856
ARM:0.0017041761099105823
__NORMALIZATION__
__glove__
Network Properties for:		G#21cc
nodes, edges			4999, 56248
directed?			False
weighted?			True
isolated nodes			0
self-loops			0
density				0.004503
clustering coefficient		0.203000
min/max/avg degree		3, 79, 22.503701
degree assortativity		0.412022
number of connected components	1
size of largest component	4999 (100.00 %)
tot:  6616.221653359341
__glove+Louvain__
PLM(balanced,pc,turbo) detected communities in 0.48181796073913574 [s]
solution properties:
-------------------  ----------
# communities         51
min community size    59
max community size   165
avg. community size   98.0196
modularity             0.602491
-------------------  ----------
104 community detected
NMI:0.07604008863501066
ARM:0.2882794959444973
__glove+PLP__
PLP detected communities in 0.08643674850463867 [s]
solution properties:
-------------------  ----------
# communities        104
min community size    20
max community size    99
avg. community size   48.0673
modularity             0.602182
-------------------  ----------
104 community detected
NMI:0.0006915952067411135
ARM:0.001458571303048939
__fake_pmi__
Network Properties for:		G#40cc
nodes, edges			4999, 56248
directed?			False
weighted?			True
isolated nodes			0
self-loops			0
density				0.004503
clustering coefficient		0.203000
min/max/avg degree		3, 79, 22.503701
degree assortativity		0.412022
number of connected components	1
size of largest component	4999 (100.00 %)
tot:  0.0
__fake_pmi+Louvain__
1 community detected due to total edge weight equal 0
NMI:1
ARM:0.001458571303048939
__fake_pmi+PLP__
1 community detected due to total edge weight equal 0
NMI:1
ARM:0.001458571303048939
__iterative_rev_degree_order__
Network Properties for:		G#53cc
nodes, edges			4999, 56248
directed?			False
weighted?			True
isolated nodes			0
self-loops			0
density				0.004503
clustering coefficient		0.203000
min/max/avg degree		3, 79, 22.503701
degree assortativity		0.412022
number of connected components	1
size of largest component	4999 (100.00 %)
tot:  1125.7843022803008
__iterative_rev_degree_order+Louvain__
PLM(balanced,pc,turbo) detected communities in 0.6368551254272461 [s]
solution properties:
-------------------  ----------
# communities         54
min community size    48
max community size   179
avg. community size   92.5741
modularity             0.693409
-------------------  ----------
104 community detected
NMI:0.6247039503778034
ARM:0.916032559446731
__iterative_rev_degree_order+PLP__
PLP detected communities in 0.06539130210876465 [s]
solution properties:
-------------------  ----------
# communities        999
min community size     2
max community size    21
avg. community size    5.004
modularity             0.593093
-------------------  ----------
104 community detected
NMI:0.3652145301170395
ARM:0.9437324916657159
__pmi__
Network Properties for:		G#78cc
nodes, edges			4999, 56248
directed?			False
weighted?			True
isolated nodes			0
self-loops			0
density				0.004503
clustering coefficient		0.203000
min/max/avg degree		3, 79, 22.503701
degree assortativity		0.412022
number of connected components	1
size of largest component	4999 (100.00 %)
tot:  336115.9832529625
__pmi+Louvain__
PLM(balanced,pc,turbo) detected communities in 0.45169973373413086 [s]
solution properties:
-------------------  ----------
# communities         63
min community size    32
max community size   134
avg. community size   79.3492
modularity             0.607454
-------------------  ----------
104 community detected
NMI:0.050575633387779484
ARM:0.1908168701061398
__pmi+PLP__
PLP detected communities in 0.04163718223571777 [s]
solution properties:
-------------------  ----------
# communities         99
min community size    20
max community size   129
avg. community size   50.4949
modularity             0.606902
-------------------  ----------
104 community detected
NMI:0.0068261239289787445
ARM:0.033149397097894995
__standard__
Network Properties for:		G#97cc
nodes, edges			4999, 56248
directed?			False
weighted?			True
isolated nodes			0
self-loops			0
density				0.004503
clustering coefficient		0.203000
min/max/avg degree		3, 79, 22.503701
degree assortativity		0.412022
number of connected components	1
size of largest component	4999 (100.00 %)
tot:  17.024403654438306
__standard+Louvain__
PLM(balanced,pc,turbo) detected communities in 0.7784121036529541 [s]
solution properties:
-------------------  ----------
# communities         34
min community size    63
max community size   225
avg. community size  147.029
modularity             0.606003
-------------------  ----------
104 community detected
NMI:0.20777383226105461
ARM:0.5498493250328274
__standard+PLP__
PLP detected communities in 0.22273683547973633 [s]
solution properties:
-------------------  ---------
# communities        200
min community size     1
max community size   242
avg. community size   24.995
modularity             0.58779
-------------------  ---------
104 community detected
NMI:0.09059530016612671
ARM:0.2350016595437452
__ppmi__
Network Properties for:		G#119cc
nodes, edges			4999, 56248
directed?			False
weighted?			True
isolated nodes			0
self-loops			0
density				0.004503
clustering coefficient		0.203000
min/max/avg degree		3, 79, 22.503701
degree assortativity		0.412022
number of connected components	1
size of largest component	4999 (100.00 %)
tot:  337726.63084282674
__ppmi+Louvain__
PLM(balanced,pc,turbo) detected communities in 0.48032188415527344 [s]
solution properties:
-------------------  ----------
# communities         47
min community size    65
max community size   170
avg. community size  106.362
modularity             0.604333
-------------------  ----------
104 community detected
NMI:0.08578670614908412
ARM:0.3199102655008603
__ppmi+PLP__
PLP detected communities in 0.09297609329223633 [s]
solution properties:
-------------------  ---------
# communities        103
min community size    20
max community size    99
avg. community size   48.534
modularity             0.60566
-------------------  ---------
104 community detected
NMI:0.0015657116835753326
ARM:0.004458246002649657
__glovexmax50alpha0.2__
Network Properties for:		G#138cc
nodes, edges			4999, 56248
directed?			False
weighted?			True
isolated nodes			0
self-loops			0
density				0.004503
clustering coefficient		0.203000
min/max/avg degree		3, 79, 22.503701
degree assortativity		0.412022
number of connected components	1
size of largest component	4999 (100.00 %)
tot:  35560.72811933756
__glovexmax50alpha0.2+Louvain__
PLM(balanced,pc,turbo) detected communities in 0.47809338569641113 [s]
solution properties:
-------------------  ----------
# communities         57
min community size    59
max community size   143
avg. community size   87.7018
modularity             0.603196
-------------------  ----------
104 community detected
NMI:0.06083323874620916
ARM:0.22347143840330352
__glovexmax50alpha0.2+PLP__
PLP detected communities in 0.10285663604736328 [s]
solution properties:
-------------------  ----------
# communities        104
min community size    20
max community size    99
avg. community size   48.0673
modularity             0.603043
-------------------  ----------
104 community detected
NMI:0.0006915952067412245
ARM:0.001458571303048939
__glovexmax40alpha0.2__
Network Properties for:		G#157cc
nodes, edges			4999, 56248
directed?			False
weighted?			True
isolated nodes			0
self-loops			0
density				0.004503
clustering coefficient		0.203000
min/max/avg degree		3, 79, 22.503701
degree assortativity		0.412022
number of connected components	1
size of largest component	4999 (100.00 %)
tot:  37183.703840524235
__glovexmax40alpha0.2+Louvain__
PLM(balanced,pc,turbo) detected communities in 0.5096302032470703 [s]
solution properties:
-------------------  ----------
# communities         58
min community size    49
max community size   144
avg. community size   86.1897
modularity             0.603322
-------------------  ----------
104 community detected
NMI:0.05951639537421349
ARM:0.22139819105685443
__glovexmax40alpha0.2+PLP__
PLP detected communities in 0.0817563533782959 [s]
solution properties:
-------------------  ----------
# communities        104
min community size    20
max community size    99
avg. community size   48.0673
modularity             0.603043
-------------------  ----------
104 community detected
NMI:0.0006915952067411135
ARM:0.001458571303048939
__glovexmax30alpha0.3__
Network Properties for:		G#176cc
nodes, edges			4999, 56248
directed?			False
weighted?			True
isolated nodes			0
self-loops			0
density				0.004503
clustering coefficient		0.203000
min/max/avg degree		3, 79, 22.503701
degree assortativity		0.412022
number of connected components	1
size of largest component	4999 (100.00 %)
tot:  33275.0391912256
__glovexmax30alpha0.3+Louvain__
PLM(balanced,pc,turbo) detected communities in 0.45053720474243164 [s]
solution properties:
-------------------  ----------
# communities         55
min community size    52
max community size   170
avg. community size   90.8909
modularity             0.604093
-------------------  ----------
104 community detected
NMI:0.06607243014167008
ARM:0.2473405462863797
__glovexmax30alpha0.3+PLP__
PLP detected communities in 0.07319879531860352 [s]
solution properties:
-------------------  ----------
# communities        104
min community size    20
max community size    99
avg. community size   48.0673
modularity             0.603939
-------------------  ----------
104 community detected
NMI:0.0006915952067411135
ARM:0.001458571303048939
