__LOADINGS__
4987/36163 13.79033819096867 % of nul weighted edges removed
1/5000 0.02 % of nul degree nodes removed
Network Properties for:		network
nodes, edges			4999, 31176
directed?			False
weighted?			True
isolated nodes			1
self-loops			0
density				0.002496
clustering coefficient		0.164325
min/max/avg degree		0, 75, 12.472895
degree assortativity		0.383725
number of connected components	1
size of largest component	4999 (100.00 %)
167693.060348957
__Groundtruth__
read communities from: ../../lfr_5000/mk100/k15/muw0.4/48/community.dat
-------------------  ----------
# communities        104
min community size    20
max community size    99
avg. community size   48.0769
modularity             0.584412
-------------------  ----------
104 community detected
__CLASSIC_METHODS__
__Louvain__
PLM(balanced,pc,turbo) detected communities in 0.5936925411224365 [s]
solution properties:
-------------------  ----------
# communities         44
min community size    58
max community size   187
avg. community size  113.614
modularity             0.591536
-------------------  ----------
104 community detected
NMI:0.1637062578926629
ARI:0.43035354549293536
__Singleton__
104 community detected
NMI:0.3047653125958607
ARI:1.0
__AllInOne__
104 community detected
NMI:1.0
ARI:1.0
__PLP__
PLP detected communities in 0.1639697551727295 [s]
solution properties:
-------------------  ----------
# communities        116
min community size     1
max community size   140
avg. community size   43.1034
modularity             0.580553
-------------------  ----------
104 community detected
NMI:0.07591481534169742
ARI:0.15820213129264504
__NORMALIZATION__
__glove__
Network Properties for:		G#21
nodes, edges			4999, 31176
directed?			False
weighted?			True
isolated nodes			1
self-loops			0
density				0.002496
clustering coefficient		0.164325
min/max/avg degree		0, 75, 12.472895
degree assortativity		0.383725
number of connected components	1
size of largest component	4999 (100.00 %)
tot:  3274.1210807038187
__glove+Louvain__
PLM(balanced,pc,turbo) detected communities in 0.5434322357177734 [s]
solution properties:
-------------------  ----------
# communities         46
min community size    59
max community size   159
avg. community size  108.674
modularity             0.597283
-------------------  ----------
104 community detected
NMI:0.13735682956247375
ARI:0.39077040064635715
__glove+PLP__
PLP detected communities in 0.1567676067352295 [s]
solution properties:
-------------------  ----------
# communities        108
min community size     1
max community size   138
avg. community size   46.2963
modularity             0.588087
-------------------  ----------
104 community detected
NMI:0.04761155327743749
ARI:0.10980694439578154
__fake_pmi__
Network Properties for:		G#30
nodes, edges			4999, 31176
directed?			False
weighted?			True
isolated nodes			1
self-loops			0
density				0.002496
clustering coefficient		0.164325
min/max/avg degree		0, 75, 12.472895
degree assortativity		0.383725
number of connected components	1
size of largest component	4999 (100.00 %)
tot:  0.0
__fake_pmi+Louvain__
1 community detected due to total edge weight equal 0
NMI:1
ARI:1
__fake_pmi+PLP__
1 community detected due to total edge weight equal 0
NMI:1
ARI:1
__iterative_rev_degree_order__
Network Properties for:		G#33
nodes, edges			4999, 31176
directed?			False
weighted?			True
isolated nodes			1
self-loops			0
density				0.002496
clustering coefficient		0.164325
min/max/avg degree		0, 75, 12.472895
degree assortativity		0.383725
number of connected components	1
size of largest component	4999 (100.00 %)
tot:  1402.2389410944602
__iterative_rev_degree_order+Louvain__
PLM(balanced,pc,turbo) detected communities in 0.8362889289855957 [s]
solution properties:
-------------------  ----------
# communities         63
min community size    42
max community size   146
avg. community size   79.3492
modularity             0.800298
-------------------  ----------
104 community detected
NMI:0.6327668931709789
ARI:0.935330738400767
__iterative_rev_degree_order+PLP__
PLP detected communities in 0.08707714080810547 [s]
solution properties:
-------------------  -----------
# communities        1426
min community size      1
max community size     11
avg. community size     3.50631
modularity              0.686051
-------------------  -----------
104 community detected
NMI:0.3476560864991616
ARI:0.9636965219053394
__pmi__
Network Properties for:		G#48
nodes, edges			4999, 31176
directed?			False
weighted?			True
isolated nodes			1
self-loops			0
density				0.002496
clustering coefficient		0.164325
min/max/avg degree		0, 75, 12.472895
degree assortativity		0.383725
number of connected components	1
size of largest component	4999 (100.00 %)
tot:  182530.45015212052
__pmi+Louvain__
PLM(balanced,pc,turbo) detected communities in 0.6426610946655273 [s]
solution properties:
-------------------  ----------
# communities         49
min community size    52
max community size   179
avg. community size  102.02
modularity             0.622679
-------------------  ----------
104 community detected
NMI:0.10289100696506104
ARI:0.33899815619099993
__pmi+PLP__
PLP detected communities in 0.16036009788513184 [s]
solution properties:
-------------------  ----------
# communities        135
min community size     1
max community size   101
avg. community size   37.037
modularity             0.612322
-------------------  ----------
104 community detected
NMI:0.026738716954729846
ARI:0.05276294114710722
__standard__
Network Properties for:		G#57
nodes, edges			4999, 31176
directed?			False
weighted?			True
isolated nodes			1
self-loops			0
density				0.002496
clustering coefficient		0.164325
min/max/avg degree		0, 75, 12.472895
degree assortativity		0.383725
number of connected components	1
size of largest component	4999 (100.00 %)
tot:  36.45966937294655
__standard+Louvain__
PLM(balanced,pc,turbo) detected communities in 0.6517798900604248 [s]
solution properties:
-------------------  ----------
# communities         54
min community size    36
max community size   184
avg. community size   92.5741
modularity             0.697496
-------------------  ----------
104 community detected
NMI:0.5296716938518142
ARI:0.8395507844424159
__standard+PLP__
PLP detected communities in 0.13347077369689941 [s]
solution properties:
-------------------  -----------
# communities        1152
min community size      1
max community size     30
avg. community size     4.34028
modularity              0.543467
-------------------  -----------
104 community detected
NMI:0.3478376083601682
ARI:0.9257897629289924
__ppmi__
Network Properties for:		G#69
nodes, edges			4999, 31176
directed?			False
weighted?			True
isolated nodes			1
self-loops			0
density				0.002496
clustering coefficient		0.164325
min/max/avg degree		0, 75, 12.472895
degree assortativity		0.383725
number of connected components	1
size of largest component	4999 (100.00 %)
tot:  189513.00524861555
__ppmi+Louvain__
PLM(balanced,pc,turbo) detected communities in 0.7280545234680176 [s]
solution properties:
-------------------  ----------
# communities         48
min community size    37
max community size   181
avg. community size  104.146
modularity             0.611022
-------------------  ----------
104 community detected
NMI:0.09909173567019813
ARI:0.34444947762750133
__ppmi+PLP__
PLP detected communities in 0.13874459266662598 [s]
solution properties:
-------------------  ----------
# communities        128
min community size     1
max community size   118
avg. community size   39.0625
modularity             0.604014
-------------------  ----------
104 community detected
NMI:0.01832381574569597
ARI:0.04140422607193839
__glovexmax50alpha0.2__
Network Properties for:		G#78
nodes, edges			4999, 31176
directed?			False
weighted?			True
isolated nodes			1
self-loops			0
density				0.002496
clustering coefficient		0.164325
min/max/avg degree		0, 75, 12.472895
degree assortativity		0.383725
number of connected components	1
size of largest component	4999 (100.00 %)
tot:  18395.876376914595
__glovexmax50alpha0.2+Louvain__
PLM(balanced,pc,turbo) detected communities in 0.5904133319854736 [s]
solution properties:
-------------------  ----------
# communities         50
min community size    64
max community size   199
avg. community size   99.98
modularity             0.604924
-------------------  ----------
104 community detected
NMI:0.08918125752200756
ARI:0.3131096254819715
__glovexmax50alpha0.2+PLP__
PLP detected communities in 0.16167902946472168 [s]
solution properties:
-------------------  ----------
# communities        106
min community size     1
max community size   100
avg. community size   47.1698
modularity             0.601727
-------------------  ----------
104 community detected
NMI:0.009272534346707384
ARI:0.020150157764255106
__glovexmax40alpha0.2__
Network Properties for:		G#87
nodes, edges			4999, 31176
directed?			False
weighted?			True
isolated nodes			1
self-loops			0
density				0.002496
clustering coefficient		0.164325
min/max/avg degree		0, 75, 12.472895
degree assortativity		0.383725
number of connected components	1
size of largest component	4999 (100.00 %)
tot:  19235.38404131157
__glovexmax40alpha0.2+Louvain__
PLM(balanced,pc,turbo) detected communities in 0.5113174915313721 [s]
solution properties:
-------------------  ----------
# communities         49
min community size    59
max community size   167
avg. community size  102.02
modularity             0.604743
-------------------  ----------
104 community detected
NMI:0.09010754949586841
ARI:0.31299312485697517
__glovexmax40alpha0.2+PLP__
PLP detected communities in 0.15367913246154785 [s]
solution properties:
-------------------  ----------
# communities        106
min community size     1
max community size   100
avg. community size   47.1698
modularity             0.600831
-------------------  ----------
104 community detected
NMI:0.009454876540758717
ARI:0.021638974141884537
__glovexmax30alpha0.3__
Network Properties for:		G#96
nodes, edges			4999, 31176
directed?			False
weighted?			True
isolated nodes			1
self-loops			0
density				0.002496
clustering coefficient		0.164325
min/max/avg degree		0, 75, 12.472895
degree assortativity		0.383725
number of connected components	1
size of largest component	4999 (100.00 %)
tot:  16935.904177502947
__glovexmax30alpha0.3+Louvain__
PLM(balanced,pc,turbo) detected communities in 0.4869370460510254 [s]
solution properties:
-------------------  ----------
# communities         55
min community size    32
max community size   139
avg. community size   90.8909
modularity             0.605976
-------------------  ----------
104 community detected
NMI:0.07961413452732735
ARI:0.27091355773639314
__glovexmax30alpha0.3+PLP__
PLP detected communities in 0.08794808387756348 [s]
solution properties:
-------------------  ----------
# communities        109
min community size     1
max community size   100
avg. community size   45.8716
modularity             0.601865
-------------------  ----------
104 community detected
NMI:0.013116403290044154
ARI:0.026905750624302227
NMI classement:
[('NMIglovexmax50alpha0.2+PLP', 0.009272534346707384), ('NMIglovexmax40alpha0.2+PLP', 0.009454876540758717), ('NMIglovexmax30alpha0.3+PLP', 0.013116403290044154), ('NMIppmi+PLP', 0.01832381574569597), ('NMIpmi+PLP', 0.026738716954729846), ('NMIglove+PLP', 0.04761155327743749), ('NMIPLP', 0.07591481534169742), ('NMIglovexmax30alpha0.3+Louvain', 0.07961413452732735), ('NMIglovexmax50alpha0.2+Louvain', 0.08918125752200756), ('NMIglovexmax40alpha0.2+Louvain', 0.09010754949586841), ('NMIppmi+Louvain', 0.09909173567019813), ('NMIpmi+Louvain', 0.10289100696506104), ('NMIglove+Louvain', 0.13735682956247375), ('NMILouvain', 0.1637062578926629), ('NMISingleton', 0.3047653125958607), ('NMIiterative_rev_degree_order+PLP', 0.3476560864991616), ('NMIstandard+PLP', 0.3478376083601682), ('NMIstandard+Louvain', 0.5296716938518142), ('NMIiterative_rev_degree_order+Louvain', 0.6327668931709789), ('NMIAllInOne', 1.0), ('NMIfake_pmi+Louvain', 1), ('NMIfake_pmi+PLP', 1)]
ARI classement:
[('ARIglovexmax50alpha0.2+PLP', 0.020150157764255106), ('ARIglovexmax40alpha0.2+PLP', 0.021638974141884537), ('ARIglovexmax30alpha0.3+PLP', 0.026905750624302227), ('ARIppmi+PLP', 0.04140422607193839), ('ARIpmi+PLP', 0.05276294114710722), ('ARIglove+PLP', 0.10980694439578154), ('ARIPLP', 0.15820213129264504), ('ARIglovexmax30alpha0.3+Louvain', 0.27091355773639314), ('ARIglovexmax40alpha0.2+Louvain', 0.31299312485697517), ('ARIglovexmax50alpha0.2+Louvain', 0.3131096254819715), ('ARIpmi+Louvain', 0.33899815619099993), ('ARIppmi+Louvain', 0.34444947762750133), ('ARIglove+Louvain', 0.39077040064635715), ('ARILouvain', 0.43035354549293536), ('ARIstandard+Louvain', 0.8395507844424159), ('ARIstandard+PLP', 0.9257897629289924), ('ARIiterative_rev_degree_order+Louvain', 0.935330738400767), ('ARIiterative_rev_degree_order+PLP', 0.9636965219053394), ('ARISingleton', 1.0), ('ARIAllInOne', 1.0), ('ARIfake_pmi+Louvain', 1), ('ARIfake_pmi+PLP', 1)]
