__LOADINGS__
4976/46939 10.600992777860627 % of nul weighted edges removed
2/5000 0.04 % of nul degree nodes removed
Network Properties for:		network
nodes, edges			4998, 41963
directed?			False
weighted?			True
isolated nodes			2
self-loops			0
density				0.003360
clustering coefficient		0.424739
min/max/avg degree		0, 84, 16.791917
degree assortativity		0.345729
number of connected components	1
size of largest component	4998 (100.00 %)
235448.77397713254
__Groundtruth__
read communities from: ../../lfr_5000/mk100/k20/muw0.2/15/community.dat
-------------------  ----------
# communities        104
min community size    20
max community size    99
avg. community size   48.0769
modularity             0.812683
-------------------  ----------
104 community detected
__CLASSIC_METHODS__
__Louvain__
PLM(balanced,pc,turbo) detected communities in 0.4483034610748291 [s]
solution properties:
-------------------  ----------
# communities         55
min community size    58
max community size   161
avg. community size   90.8727
modularity             0.813388
-------------------  ----------
104 community detected
NMI:0.06652176587297987
ARI:0.24825659873037087
__Singleton__
104 community detected
NMI:0.30473990857077915
ARI:1.0
__AllInOne__
104 community detected
NMI:1.0
ARI:1.0
__PLP__
PLP detected communities in 0.09717869758605957 [s]
solution properties:
-------------------  ---------
# communities        107
min community size     1
max community size    99
avg. community size   46.729
modularity             0.81287
-------------------  ---------
104 community detected
NMI:0.0017207960656245858
ARI:0.003729400340571676
__NORMALIZATION__
__glove__
Network Properties for:		G#21
nodes, edges			4998, 41963
directed?			False
weighted?			True
isolated nodes			2
self-loops			0
density				0.003360
clustering coefficient		0.424739
min/max/avg degree		0, 84, 16.791917
degree assortativity		0.345729
number of connected components	1
size of largest component	4998 (100.00 %)
tot:  4590.192734666051
__glove+Louvain__
PLM(balanced,pc,turbo) detected communities in 0.430661678314209 [s]
solution properties:
-------------------  ----------
# communities         59
min community size    49
max community size   116
avg. community size   84.7119
modularity             0.817787
-------------------  ----------
104 community detected
NMI:0.05728146685756619
ARI:0.20983049326348147
__glove+PLP__
PLP detected communities in 0.07964253425598145 [s]
solution properties:
-------------------  ----------
# communities        106
min community size     1
max community size    99
avg. community size   47.1698
modularity             0.817731
-------------------  ----------
104 community detected
NMI:0.001417942886401069
ARI:0.003379934933614659
__fake_pmi__
Network Properties for:		G#30
nodes, edges			4998, 41963
directed?			False
weighted?			True
isolated nodes			2
self-loops			0
density				0.003360
clustering coefficient		0.424739
min/max/avg degree		0, 84, 16.791917
degree assortativity		0.345729
number of connected components	1
size of largest component	4998 (100.00 %)
tot:  0.0
__fake_pmi+Louvain__
1 community detected due to total edge weight equal 0
NMI:1
ARI:1
__fake_pmi+PLP__
1 community detected due to total edge weight equal 0
NMI:1
ARI:1
__iterative_rev_degree_order__
Network Properties for:		G#33
nodes, edges			4998, 41963
directed?			False
weighted?			True
isolated nodes			2
self-loops			0
density				0.003360
clustering coefficient		0.424739
min/max/avg degree		0, 84, 16.791917
degree assortativity		0.345729
number of connected components	1
size of largest component	4998 (100.00 %)
tot:  1405.3228766642994
__iterative_rev_degree_order+Louvain__
PLM(balanced,pc,turbo) detected communities in 0.7805607318878174 [s]
solution properties:
-------------------  ----------
# communities         45
min community size    49
max community size   171
avg. community size  111.067
modularity             0.822422
-------------------  ----------
104 community detected
NMI:0.39469916298651864
ARI:0.7223823711722672
__iterative_rev_degree_order+PLP__
PLP detected communities in 0.11229348182678223 [s]
solution properties:
-------------------  -----------
# communities        1347
min community size      1
max community size     14
avg. community size     3.71195
modularity              0.642004
-------------------  -----------
104 community detected
NMI:0.30049294424536144
ARI:0.9281995675774539
__pmi__
Network Properties for:		G#48
nodes, edges			4998, 41963
directed?			False
weighted?			True
isolated nodes			2
self-loops			0
density				0.003360
clustering coefficient		0.424739
min/max/avg degree		0, 84, 16.791917
degree assortativity		0.345729
number of connected components	1
size of largest component	4998 (100.00 %)
tot:  247446.5494809843
__pmi+Louvain__
PLM(balanced,pc,turbo) detected communities in 0.4313035011291504 [s]
solution properties:
-------------------  ---------
# communities        71
min community size   41
max community size   98
avg. community size  70.3944
modularity            0.824489
-------------------  ---------
104 community detected
NMI:0.03546244138849908
ARI:0.11965822619144073
__pmi+PLP__
PLP detected communities in 0.14067625999450684 [s]
solution properties:
-------------------  ----------
# communities        107
min community size     1
max community size    98
avg. community size   46.729
modularity             0.823847
-------------------  ----------
104 community detected
NMI:0.0016999384677799378
ARI:0.003592502542196896
__standard__
Network Properties for:		G#57
nodes, edges			4998, 41963
directed?			False
weighted?			True
isolated nodes			2
self-loops			0
density				0.003360
clustering coefficient		0.424739
min/max/avg degree		0, 84, 16.791917
degree assortativity		0.345729
number of connected components	1
size of largest component	4998 (100.00 %)
tot:  24.441991562147226
__standard+Louvain__
PLM(balanced,pc,turbo) detected communities in 0.5462162494659424 [s]
solution properties:
-------------------  ----------
# communities         50
min community size    25
max community size   219
avg. community size   99.96
modularity             0.836978
-------------------  ----------
104 community detected
NMI:0.16357200319108034
ARI:0.46416559096776544
__standard+PLP__
PLP detected communities in 0.09186005592346191 [s]
solution properties:
-------------------  ----------
# communities        256
min community size     1
max community size    81
avg. community size   19.5312
modularity             0.800737
-------------------  ----------
104 community detected
NMI:0.08934338590864987
ARI:0.19076785881911196
__ppmi__
Network Properties for:		G#69
nodes, edges			4998, 41963
directed?			False
weighted?			True
isolated nodes			2
self-loops			0
density				0.003360
clustering coefficient		0.424739
min/max/avg degree		0, 84, 16.791917
degree assortativity		0.345729
number of connected components	1
size of largest component	4998 (100.00 %)
tot:  251611.3216002954
__ppmi+Louvain__
PLM(balanced,pc,turbo) detected communities in 0.35781097412109375 [s]
solution properties:
-------------------  ----------
# communities         64
min community size    49
max community size   119
avg. community size   78.0938
modularity             0.820878
-------------------  ----------
104 community detected
NMI:0.04685165148367021
ARI:0.16580764138452808
__ppmi+PLP__
PLP detected communities in 0.08402061462402344 [s]
solution properties:
-------------------  ----------
# communities        105
min community size     1
max community size   142
avg. community size   47.619
modularity             0.821648
-------------------  ----------
104 community detected
NMI:0.0033169027067364576
ARI:0.019853716736119464
__glovexmax50alpha0.2__
Network Properties for:		G#78
nodes, edges			4998, 41963
directed?			False
weighted?			True
isolated nodes			2
self-loops			0
density				0.003360
clustering coefficient		0.424739
min/max/avg degree		0, 84, 16.791917
degree assortativity		0.345729
number of connected components	1
size of largest component	4998 (100.00 %)
tot:  25455.872185876706
__glovexmax50alpha0.2+Louvain__
PLM(balanced,pc,turbo) detected communities in 0.3162548542022705 [s]
solution properties:
-------------------  ---------
# communities         71
min community size    32
max community size   110
avg. community size   70.3944
modularity             0.81883
-------------------  ---------
104 community detected
NMI:0.035792100545090966
ARI:0.1250897477160754
__glovexmax50alpha0.2+PLP__
PLP detected communities in 0.07639575004577637 [s]
solution properties:
-------------------  -------
# communities        107
min community size     1
max community size    98
avg. community size   46.729
modularity             0.818
-------------------  -------
104 community detected
NMI:0.0012898991834778828
ARI:0.0027729684838759816
__glovexmax40alpha0.2__
Network Properties for:		G#87
nodes, edges			4998, 41963
directed?			False
weighted?			True
isolated nodes			2
self-loops			0
density				0.003360
clustering coefficient		0.424739
min/max/avg degree		0, 84, 16.791917
degree assortativity		0.345729
number of connected components	1
size of largest component	4998 (100.00 %)
tot:  26617.666803260603
__glovexmax40alpha0.2+Louvain__
PLM(balanced,pc,turbo) detected communities in 0.3539137840270996 [s]
solution properties:
-------------------  ----------
# communities         68
min community size    38
max community size   110
avg. community size   73.5
modularity             0.818678
-------------------  ----------
104 community detected
NMI:0.04011071618047879
ARI:0.14086523990355815
__glovexmax40alpha0.2+PLP__
PLP detected communities in 0.0635232925415039 [s]
solution properties:
-------------------  ---------
# communities        106
min community size     1
max community size    98
avg. community size   47.1698
modularity             0.81866
-------------------  ---------
104 community detected
NMI:0.0009541956226982728
ARI:0.0023461875331965976
__glovexmax30alpha0.3__
Network Properties for:		G#96
nodes, edges			4998, 41963
directed?			False
weighted?			True
isolated nodes			2
self-loops			0
density				0.003360
clustering coefficient		0.424739
min/max/avg degree		0, 84, 16.791917
degree assortativity		0.345729
number of connected components	1
size of largest component	4998 (100.00 %)
tot:  23546.373937688262
__glovexmax30alpha0.3+Louvain__
PLM(balanced,pc,turbo) detected communities in 0.3834352493286133 [s]
solution properties:
-------------------  ----------
# communities         51
min community size    63
max community size   141
avg. community size   98
modularity             0.818758
-------------------  ----------
104 community detected
NMI:0.07575441541325267
ARI:0.2836327584405257
__glovexmax30alpha0.3+PLP__
PLP detected communities in 0.07891130447387695 [s]
solution properties:
-------------------  ----------
# communities        106
min community size     1
max community size    98
avg. community size   47.1698
modularity             0.820328
-------------------  ----------
104 community detected
NMI:0.0009541956226982728
ARI:0.0023461875331965976
NMI classement:
[('NMIglovexmax40alpha0.2+PLP', 0.0009541956226982728), ('NMIglovexmax30alpha0.3+PLP', 0.0009541956226982728), ('NMIglovexmax50alpha0.2+PLP', 0.0012898991834778828), ('NMIglove+PLP', 0.001417942886401069), ('NMIpmi+PLP', 0.0016999384677799378), ('NMIPLP', 0.0017207960656245858), ('NMIppmi+PLP', 0.0033169027067364576), ('NMIpmi+Louvain', 0.03546244138849908), ('NMIglovexmax50alpha0.2+Louvain', 0.035792100545090966), ('NMIglovexmax40alpha0.2+Louvain', 0.04011071618047879), ('NMIppmi+Louvain', 0.04685165148367021), ('NMIglove+Louvain', 0.05728146685756619), ('NMILouvain', 0.06652176587297987), ('NMIglovexmax30alpha0.3+Louvain', 0.07575441541325267), ('NMIstandard+PLP', 0.08934338590864987), ('NMIstandard+Louvain', 0.16357200319108034), ('NMIiterative_rev_degree_order+PLP', 0.30049294424536144), ('NMISingleton', 0.30473990857077915), ('NMIiterative_rev_degree_order+Louvain', 0.39469916298651864), ('NMIAllInOne', 1.0), ('NMIfake_pmi+Louvain', 1), ('NMIfake_pmi+PLP', 1)]
ARI classement:
[('ARIglovexmax40alpha0.2+PLP', 0.0023461875331965976), ('ARIglovexmax30alpha0.3+PLP', 0.0023461875331965976), ('ARIglovexmax50alpha0.2+PLP', 0.0027729684838759816), ('ARIglove+PLP', 0.003379934933614659), ('ARIpmi+PLP', 0.003592502542196896), ('ARIPLP', 0.003729400340571676), ('ARIppmi+PLP', 0.019853716736119464), ('ARIpmi+Louvain', 0.11965822619144073), ('ARIglovexmax50alpha0.2+Louvain', 0.1250897477160754), ('ARIglovexmax40alpha0.2+Louvain', 0.14086523990355815), ('ARIppmi+Louvain', 0.16580764138452808), ('ARIstandard+PLP', 0.19076785881911196), ('ARIglove+Louvain', 0.20983049326348147), ('ARILouvain', 0.24825659873037087), ('ARIglovexmax30alpha0.3+Louvain', 0.2836327584405257), ('ARIstandard+Louvain', 0.46416559096776544), ('ARIiterative_rev_degree_order+Louvain', 0.7223823711722672), ('ARIiterative_rev_degree_order+PLP', 0.9281995675774539), ('ARISingleton', 1.0), ('ARIAllInOne', 1.0), ('ARIfake_pmi+Louvain', 1), ('ARIfake_pmi+PLP', 1)]
