__LOADINGS__
Network Properties for:		network
nodes, edges			5000, 56248
directed?			False
weighted?			True
isolated nodes			1
self-loops			0
density				0.004501
clustering coefficient		0.202959
min/max/avg degree		0, 79, 22.499200
degree assortativity		0.412022
number of connected components	2
size of largest component	4999 (99.98 %)
337996.1593510498
__Groundtruth__
read communities from: ../../lfr_5000/mk100/k25/muw0.4/19/community.dat
-------------------  ----------
# communities        104
min community size    20
max community size    99
avg. community size   48.0769
modularity             0.599109
-------------------  ----------
104 community detected
__CLASSIC_METHODS__
__Louvain__
PLM(balanced,pc,turbo) detected communities in 0.5113315582275391 [s]
solution properties:
-------------------  ---------
# communities         56
min community size     1
max community size   147
avg. community size   89.2857
modularity             0.60005
-------------------  ---------
104 community detected
NMI:0.0669591749588867
ARM:0.25378254470761374
__Singleton__
104 community detected
NMI:0.30478149554017175
ARM:1.0
__AllInOne__
104 community detected
NMI:1.0
ARM:1.0
__PLP__
PLP detected communities in 0.0852653980255127 [s]
solution properties:
-------------------  ----------
# communities        105
min community size     1
max community size    99
avg. community size   47.619
modularity             0.599222
-------------------  ----------
104 community detected
NMI:0.0008071801818929636
ARM:0.0017041761099105823
__NORMALIZATION__
__glove__
Network Properties for:		G#21cc
nodes, edges			4999, 56248
directed?			False
weighted?			True
isolated nodes			0
self-loops			0
density				0.004503
clustering coefficient		0.203000
min/max/avg degree		3, 79, 22.503701
degree assortativity		0.412022
number of connected components	1
size of largest component	4999 (100.00 %)
tot:  6616.221653359341
__glove+Louvain__
PLM(balanced,pc,turbo) detected communities in 0.3725168704986572 [s]
solution properties:
-------------------  ---------
# communities         60
min community size    44
max community size   145
avg. community size   83.3167
modularity             0.60306
-------------------  ---------
104 community detected
NMI:0.055773568692877196
ARM:0.20976619887786652
__glove+PLP__
PLP detected communities in 0.11822724342346191 [s]
solution properties:
-------------------  ----------
# communities        104
min community size    20
max community size    99
avg. community size   48.0673
modularity             0.602182
-------------------  ----------
104 community detected
NMI:0.0006915952067411135
ARM:0.001458571303048939
__fake_pmi__
Network Properties for:		G#40cc
nodes, edges			4999, 56248
directed?			False
weighted?			True
isolated nodes			0
self-loops			0
density				0.004503
clustering coefficient		0.203000
min/max/avg degree		3, 79, 22.503701
degree assortativity		0.412022
number of connected components	1
size of largest component	4999 (100.00 %)
tot:  0.0
__fake_pmi+Louvain__
1 community detected due to total edge weight equal 0
NMI:1
ARM:0.001458571303048939
__fake_pmi+PLP__
1 community detected due to total edge weight equal 0
NMI:1
ARM:0.001458571303048939
__iterative_rev_degree_order__
Network Properties for:		G#53cc
nodes, edges			4999, 56248
directed?			False
weighted?			True
isolated nodes			0
self-loops			0
density				0.004503
clustering coefficient		0.203000
min/max/avg degree		3, 79, 22.503701
degree assortativity		0.412022
number of connected components	1
size of largest component	4999 (100.00 %)
tot:  1125.7843022803008
__iterative_rev_degree_order+Louvain__
PLM(balanced,pc,turbo) detected communities in 0.9718372821807861 [s]
solution properties:
-------------------  ----------
# communities         44
min community size    63
max community size   175
avg. community size  113.614
modularity             0.691692
-------------------  ----------
104 community detected
NMI:0.6462982686491097
ARM:0.9240163509701191
__iterative_rev_degree_order+PLP__
PLP detected communities in 0.057747840881347656 [s]
solution properties:
-------------------  -----------
# communities        1007
min community size      2
max community size     21
avg. community size     4.96425
modularity              0.591688
-------------------  -----------
104 community detected
NMI:0.36370475082529097
ARM:0.9434620901509285
__pmi__
Network Properties for:		G#78cc
nodes, edges			4999, 56248
directed?			False
weighted?			True
isolated nodes			0
self-loops			0
density				0.004503
clustering coefficient		0.203000
min/max/avg degree		3, 79, 22.503701
degree assortativity		0.412022
number of connected components	1
size of largest component	4999 (100.00 %)
tot:  336115.9832529625
__pmi+Louvain__
PLM(balanced,pc,turbo) detected communities in 0.7415242195129395 [s]
solution properties:
-------------------  ----------
# communities         50
min community size    62
max community size   164
avg. community size   99.98
modularity             0.606394
-------------------  ----------
104 community detected
NMI:0.07781915599641553
ARM:0.29261962488850923
__pmi+PLP__
PLP detected communities in 0.0827784538269043 [s]
solution properties:
-------------------  ----------
# communities        101
min community size    20
max community size   140
avg. community size   49.495
modularity             0.607134
-------------------  ----------
104 community detected
NMI:0.004569458820816497
ARM:0.023874357070165275
__standard__
Network Properties for:		G#97cc
nodes, edges			4999, 56248
directed?			False
weighted?			True
isolated nodes			0
self-loops			0
density				0.004503
clustering coefficient		0.203000
min/max/avg degree		3, 79, 22.503701
degree assortativity		0.412022
number of connected components	1
size of largest component	4999 (100.00 %)
tot:  17.024403654438306
__standard+Louvain__
PLM(balanced,pc,turbo) detected communities in 0.7331109046936035 [s]
solution properties:
-------------------  ---------
# communities         40
min community size    50
max community size   239
avg. community size  124.975
modularity             0.60509
-------------------  ---------
104 community detected
NMI:0.19800918048270677
ARM:0.517742396559653
__standard+PLP__
PLP detected communities in 0.11558294296264648 [s]
solution properties:
-------------------  ----------
# communities        208
min community size     2
max community size   181
avg. community size   24.0337
modularity             0.585992
-------------------  ----------
104 community detected
NMI:0.08308487951242949
ARM:0.18971012072858207
__ppmi__
Network Properties for:		G#119cc
nodes, edges			4999, 56248
directed?			False
weighted?			True
isolated nodes			0
self-loops			0
density				0.004503
clustering coefficient		0.203000
min/max/avg degree		3, 79, 22.503701
degree assortativity		0.412022
number of connected components	1
size of largest component	4999 (100.00 %)
tot:  337726.63084282674
__ppmi+Louvain__
PLM(balanced,pc,turbo) detected communities in 0.48200201988220215 [s]
solution properties:
-------------------  --------
# communities         55
min community size    58
max community size   134
avg. community size   90.8909
modularity             0.6054
-------------------  --------
104 community detected
NMI:0.06546788548014593
ARM:0.24358341559723595
__ppmi+PLP__
PLP detected communities in 0.10268878936767578 [s]
solution properties:
-------------------  ---------
# communities        104
min community size     1
max community size    99
avg. community size   48.0673
modularity             0.60556
-------------------  ---------
104 community detected
NMI:0.0019406569121623862
ARM:0.006898143937538959
__glovexmax50alpha0.2__
Network Properties for:		G#138cc
nodes, edges			4999, 56248
directed?			False
weighted?			True
isolated nodes			0
self-loops			0
density				0.004503
clustering coefficient		0.203000
min/max/avg degree		3, 79, 22.503701
degree assortativity		0.412022
number of connected components	1
size of largest component	4999 (100.00 %)
tot:  35560.72811933756
__glovexmax50alpha0.2+Louvain__
PLM(balanced,pc,turbo) detected communities in 0.39601659774780273 [s]
solution properties:
-------------------  ----------
# communities         58
min community size    58
max community size   126
avg. community size   86.1897
modularity             0.603331
-------------------  ----------
104 community detected
NMI:0.058483028952573846
ARM:0.2128702928870293
__glovexmax50alpha0.2+PLP__
PLP detected communities in 0.08446216583251953 [s]
solution properties:
-------------------  ----------
# communities        104
min community size    20
max community size    99
avg. community size   48.0673
modularity             0.603043
-------------------  ----------
104 community detected
NMI:0.0006915952067413356
ARM:0.001458571303048939
__glovexmax40alpha0.2__
Network Properties for:		G#157cc
nodes, edges			4999, 56248
directed?			False
weighted?			True
isolated nodes			0
self-loops			0
density				0.004503
clustering coefficient		0.203000
min/max/avg degree		3, 79, 22.503701
degree assortativity		0.412022
number of connected components	1
size of largest component	4999 (100.00 %)
tot:  37183.703840524235
__glovexmax40alpha0.2+Louvain__
PLM(balanced,pc,turbo) detected communities in 0.48244738578796387 [s]
solution properties:
-------------------  ----------
# communities         50
min community size    65
max community size   145
avg. community size   99.98
modularity             0.602435
-------------------  ----------
104 community detected
NMI:0.07816597228801647
ARM:0.2923292137997665
__glovexmax40alpha0.2+PLP__
PLP detected communities in 0.07068490982055664 [s]
solution properties:
-------------------  ----------
# communities        104
min community size    20
max community size    99
avg. community size   48.0673
modularity             0.603043
-------------------  ----------
104 community detected
NMI:0.0006915952067411135
ARM:0.001458571303048939
__glovexmax30alpha0.3__
Network Properties for:		G#176cc
nodes, edges			4999, 56248
directed?			False
weighted?			True
isolated nodes			0
self-loops			0
density				0.004503
clustering coefficient		0.203000
min/max/avg degree		3, 79, 22.503701
degree assortativity		0.412022
number of connected components	1
size of largest component	4999 (100.00 %)
tot:  33275.0391912256
__glovexmax30alpha0.3+Louvain__
PLM(balanced,pc,turbo) detected communities in 0.44481420516967773 [s]
solution properties:
-------------------  ----------
# communities         34
min community size    21
max community size   336
avg. community size  147.029
modularity             0.591591
-------------------  ----------
104 community detected
NMI:0.13922861975292555
ARM:0.5107363235172158
__glovexmax30alpha0.3+PLP__
PLP detected communities in 0.02724456787109375 [s]
solution properties:
-------------------  ----------
# communities        104
min community size    20
max community size    99
avg. community size   48.0673
modularity             0.603939
-------------------  ----------
104 community detected
NMI:0.0006915952067411135
ARM:0.001458571303048939
