__LOADINGS__
4970/61222 8.117996798536474 % of nul weighted edges removed
0/5000 0.0 % of nul degree nodes removed
Network Properties for:		network
nodes, edges			5000, 56252
directed?			False
weighted?			True
isolated nodes			0
self-loops			0
density				0.004501
clustering coefficient		0.447707
min/max/avg degree		2, 87, 22.500800
degree assortativity		0.409931
number of connected components	1
size of largest component	5000 (100.00 %)
337213.31007433764
__Groundtruth__
read communities from: ../../lfr_5000/mk100/k25/muw0.2/15/community.dat
-------------------  ----------
# communities        104
min community size    20
max community size    99
avg. community size   48.0769
modularity             0.817437
-------------------  ----------
104 community detected
__CLASSIC_METHODS__
__Louvain__
PLM(balanced,pc,turbo) detected communities in 0.5066092014312744 [s]
solution properties:
-------------------  ----------
# communities         65
min community size    43
max community size   122
avg. community size   76.9231
modularity             0.817696
-------------------  ----------
104 community detected
NMI:0.0451681199444397
ARI:0.16445541135252084
__Singleton__
104 community detected
NMI:0.30478149554017087
ARI:1.0
__AllInOne__
104 community detected
NMI:1.0
ARI:1.0
__PLP__
PLP detected communities in 0.0505678653717041 [s]
solution properties:
-------------------  ----------
# communities        104
min community size    20
max community size   101
avg. community size   48.0769
modularity             0.817479
-------------------  ----------
104 community detected
NMI:0.00048498238702465724
ARI:0.0012679256946371842
__NORMALIZATION__
__glove__
Network Properties for:		G#21
nodes, edges			5000, 56252
directed?			False
weighted?			True
isolated nodes			0
self-loops			0
density				0.004501
clustering coefficient		0.447707
min/max/avg degree		2, 87, 22.500800
degree assortativity		0.409931
number of connected components	1
size of largest component	5000 (100.00 %)
tot:  6589.782112459165
__glove+Louvain__
PLM(balanced,pc,turbo) detected communities in 0.4052307605743408 [s]
solution properties:
-------------------  ----------
# communities         66
min community size    43
max community size   122
avg. community size   75.7576
modularity             0.819497
-------------------  ----------
104 community detected
NMI:0.04332283365741285
ARI:0.15669339178708852
__glove+PLP__
PLP detected communities in 0.06006217002868652 [s]
solution properties:
-------------------  ----------
# communities        104
min community size    20
max community size   101
avg. community size   48.0769
modularity             0.819364
-------------------  ----------
104 community detected
NMI:0.00048498238702465724
ARI:0.0012679256946371842
__fake_pmi__
Network Properties for:		G#30
nodes, edges			5000, 56252
directed?			False
weighted?			True
isolated nodes			0
self-loops			0
density				0.004501
clustering coefficient		0.447707
min/max/avg degree		2, 87, 22.500800
degree assortativity		0.409931
number of connected components	1
size of largest component	5000 (100.00 %)
tot:  0.0
__fake_pmi+Louvain__
1 community detected due to total edge weight equal 0
NMI:1
ARI:1
__fake_pmi+PLP__
1 community detected due to total edge weight equal 0
NMI:1
ARI:1
__iterative_rev_degree_order__
Network Properties for:		G#33
nodes, edges			5000, 56252
directed?			False
weighted?			True
isolated nodes			0
self-loops			0
density				0.004501
clustering coefficient		0.447707
min/max/avg degree		2, 87, 22.500800
degree assortativity		0.409931
number of connected components	1
size of largest component	5000 (100.00 %)
tot:  1155.7024762138512
__iterative_rev_degree_order+Louvain__
PLM(balanced,pc,turbo) detected communities in 0.7256813049316406 [s]
solution properties:
-------------------  ----------
# communities         56
min community size    22
max community size   159
avg. community size   89.2857
modularity             0.789252
-------------------  ----------
104 community detected
NMI:0.38418371710898436
ARI:0.709789506787027
__iterative_rev_degree_order+PLP__
PLP detected communities in 0.1176459789276123 [s]
solution properties:
-------------------  ----------
# communities        1079
min community size      2
max community size     33
avg. community size     4.63392
modularity              0.62064
-------------------  ----------
104 community detected
NMI:0.2979955670949551
ARI:0.8966516236942594
__pmi__
Network Properties for:		G#45
nodes, edges			5000, 56252
directed?			False
weighted?			True
isolated nodes			0
self-loops			0
density				0.004501
clustering coefficient		0.447707
min/max/avg degree		2, 87, 22.500800
degree assortativity		0.409931
number of connected components	1
size of largest component	5000 (100.00 %)
tot:  335514.76424942346
__pmi+Louvain__
PLM(balanced,pc,turbo) detected communities in 0.3688313961029053 [s]
solution properties:
-------------------  ---------
# communities         84
min community size    30
max community size   100
avg. community size   59.5238
modularity             0.82139
-------------------  ---------
104 community detected
NMI:0.01707984532882334
ARI:0.05147942425294416
__pmi+PLP__
PLP detected communities in 0.08406233787536621 [s]
solution properties:
-------------------  ----------
# communities        103
min community size    20
max community size   109
avg. community size   48.5437
modularity             0.821233
-------------------  ----------
104 community detected
NMI:0.0016378870322433237
ARI:0.008736500590680873
__standard__
Network Properties for:		G#54
nodes, edges			5000, 56252
directed?			False
weighted?			True
isolated nodes			0
self-loops			0
density				0.004501
clustering coefficient		0.447707
min/max/avg degree		2, 87, 22.500800
degree assortativity		0.409931
number of connected components	1
size of largest component	5000 (100.00 %)
tot:  18.340756248022466
__standard+Louvain__
PLM(balanced,pc,turbo) detected communities in 0.5299293994903564 [s]
solution properties:
-------------------  ----------
# communities         54
min community size    21
max community size   267
avg. community size   92.5926
modularity             0.823904
-------------------  ----------
104 community detected
NMI:0.12173250713605133
ARI:0.4057535820867857
__standard+PLP__
PLP detected communities in 0.13019537925720215 [s]
solution properties:
-------------------  ----------
# communities        157
min community size     2
max community size   127
avg. community size   31.8471
modularity             0.817331
-------------------  ----------
104 community detected
NMI:0.04714493470800796
ARI:0.10984490361506649
__ppmi__
Network Properties for:		G#66
nodes, edges			5000, 56252
directed?			False
weighted?			True
isolated nodes			0
self-loops			0
density				0.004501
clustering coefficient		0.447707
min/max/avg degree		2, 87, 22.500800
degree assortativity		0.409931
number of connected components	1
size of largest component	5000 (100.00 %)
tot:  336462.75511678885
__ppmi+Louvain__
PLM(balanced,pc,turbo) detected communities in 0.4354064464569092 [s]
solution properties:
-------------------  ----------
# communities         67
min community size    43
max community size   109
avg. community size   74.6269
modularity             0.819243
-------------------  ----------
104 community detected
NMI:0.04034717332944948
ARI:0.14062997425892065
__ppmi+PLP__
PLP detected communities in 0.09691762924194336 [s]
solution properties:
-------------------  ----------
# communities        103
min community size    20
max community size   109
avg. community size   48.5437
modularity             0.820124
-------------------  ----------
104 community detected
NMI:0.0016378870322433237
ARI:0.008736500590680873
__glovexmax50alpha0.2__
Network Properties for:		G#75
nodes, edges			5000, 56252
directed?			False
weighted?			True
isolated nodes			0
self-loops			0
density				0.004501
clustering coefficient		0.447707
min/max/avg degree		2, 87, 22.500800
degree assortativity		0.409931
number of connected components	1
size of largest component	5000 (100.00 %)
tot:  35506.4123400506
__glovexmax50alpha0.2+Louvain__
PLM(balanced,pc,turbo) detected communities in 0.4174931049346924 [s]
solution properties:
-------------------  ----------
# communities         71
min community size    38
max community size   101
avg. community size   70.4225
modularity             0.817414
-------------------  ----------
104 community detected
NMI:0.03477858731708616
ARI:0.12001763230436835
__glovexmax50alpha0.2+PLP__
PLP detected communities in 0.08508062362670898 [s]
solution properties:
-------------------  ---------
# communities        104
min community size    20
max community size   101
avg. community size   48.0769
modularity             0.81742
-------------------  ---------
104 community detected
NMI:0.0004849823870245462
ARI:0.0012679256946371842
__glovexmax40alpha0.2__
Network Properties for:		G#84
nodes, edges			5000, 56252
directed?			False
weighted?			True
isolated nodes			0
self-loops			0
density				0.004501
clustering coefficient		0.447707
min/max/avg degree		2, 87, 22.500800
degree assortativity		0.409931
number of connected components	1
size of largest component	5000 (100.00 %)
tot:  37126.90911337224
__glovexmax40alpha0.2+Louvain__
PLM(balanced,pc,turbo) detected communities in 0.38767552375793457 [s]
solution properties:
-------------------  ---------
# communities         77
min community size    32
max community size   101
avg. community size   64.9351
modularity             0.81761
-------------------  ---------
104 community detected
NMI:0.025575275684414978
ARI:0.08153384081611514
__glovexmax40alpha0.2+PLP__
PLP detected communities in 0.0923454761505127 [s]
solution properties:
-------------------  ---------
# communities        104
min community size    20
max community size   101
avg. community size   48.0769
modularity             0.81742
-------------------  ---------
104 community detected
NMI:0.00048498238702465724
ARI:0.0012679256946371842
__glovexmax30alpha0.3__
Network Properties for:		G#93
nodes, edges			5000, 56252
directed?			False
weighted?			True
isolated nodes			0
self-loops			0
density				0.004501
clustering coefficient		0.447707
min/max/avg degree		2, 87, 22.500800
degree assortativity		0.409931
number of connected components	1
size of largest component	5000 (100.00 %)
tot:  33191.21641282592
__glovexmax30alpha0.3+Louvain__
PLM(balanced,pc,turbo) detected communities in 0.4035458564758301 [s]
solution properties:
-------------------  ----------
# communities         67
min community size    43
max community size   102
avg. community size   74.6269
modularity             0.818781
-------------------  ----------
104 community detected
NMI:0.0407512168807026
ARI:0.14211042736699298
__glovexmax30alpha0.3+PLP__
PLP detected communities in 0.08594059944152832 [s]
solution properties:
-------------------  ---------
# communities        104
min community size    20
max community size   101
avg. community size   48.0769
modularity             0.81898
-------------------  ---------
104 community detected
NMI:0.0004849823870245462
ARI:0.0012679256946371842
NMI classement:
[('NMIglovexmax50alpha0.2+PLP', 0.0004849823870245462), ('NMIglovexmax30alpha0.3+PLP', 0.0004849823870245462), ('NMIPLP', 0.00048498238702465724), ('NMIglove+PLP', 0.00048498238702465724), ('NMIglovexmax40alpha0.2+PLP', 0.00048498238702465724), ('NMIpmi+PLP', 0.0016378870322433237), ('NMIppmi+PLP', 0.0016378870322433237), ('NMIpmi+Louvain', 0.01707984532882334), ('NMIglovexmax40alpha0.2+Louvain', 0.025575275684414978), ('NMIglovexmax50alpha0.2+Louvain', 0.03477858731708616), ('NMIppmi+Louvain', 0.04034717332944948), ('NMIglovexmax30alpha0.3+Louvain', 0.0407512168807026), ('NMIglove+Louvain', 0.04332283365741285), ('NMILouvain', 0.0451681199444397), ('NMIstandard+PLP', 0.04714493470800796), ('NMIstandard+Louvain', 0.12173250713605133), ('NMIiterative_rev_degree_order+PLP', 0.2979955670949551), ('NMISingleton', 0.30478149554017087), ('NMIiterative_rev_degree_order+Louvain', 0.38418371710898436), ('NMIAllInOne', 1.0), ('NMIfake_pmi+Louvain', 1), ('NMIfake_pmi+PLP', 1)]
ARI classement:
[('ARIPLP', 0.0012679256946371842), ('ARIglove+PLP', 0.0012679256946371842), ('ARIglovexmax50alpha0.2+PLP', 0.0012679256946371842), ('ARIglovexmax40alpha0.2+PLP', 0.0012679256946371842), ('ARIglovexmax30alpha0.3+PLP', 0.0012679256946371842), ('ARIpmi+PLP', 0.008736500590680873), ('ARIppmi+PLP', 0.008736500590680873), ('ARIpmi+Louvain', 0.05147942425294416), ('ARIglovexmax40alpha0.2+Louvain', 0.08153384081611514), ('ARIstandard+PLP', 0.10984490361506649), ('ARIglovexmax50alpha0.2+Louvain', 0.12001763230436835), ('ARIppmi+Louvain', 0.14062997425892065), ('ARIglovexmax30alpha0.3+Louvain', 0.14211042736699298), ('ARIglove+Louvain', 0.15669339178708852), ('ARILouvain', 0.16445541135252084), ('ARIstandard+Louvain', 0.4057535820867857), ('ARIiterative_rev_degree_order+Louvain', 0.709789506787027), ('ARIiterative_rev_degree_order+PLP', 0.8966516236942594), ('ARISingleton', 1.0), ('ARIAllInOne', 1.0), ('ARIfake_pmi+Louvain', 1), ('ARIfake_pmi+PLP', 1)]
