__LOADINGS__
Network Properties for:		network
nodes, edges			5000, 57250
directed?			False
weighted?			True
isolated nodes			1
self-loops			0
density				0.004581
clustering coefficient		0.315264
min/max/avg degree		0, 230, 22.900000
degree assortativity		0.236355
number of connected components	2
size of largest component	4999 (99.98 %)
453017.4023682407
__Groundtruth__
read communities from: ../../lfr_5000/mk300/k25/muw0.3/40/community.dat
-------------------  ---------
# communities         32
min community size   100
max community size   215
avg. community size  156.25
modularity             0.62618
-------------------  ---------
32 community detected
__CLASSIC_METHODS__
__Louvain__
PLM(balanced,pc,turbo) detected communities in 0.18356871604919434 [s]
solution properties:
-------------------  ----------
# communities         33
min community size     1
max community size   219
avg. community size  151.515
modularity             0.627155
-------------------  ----------
32 community detected
NMI:0.023150302126006994
ARM:0.02850620118252123
__Singleton__
32 community detected
NMI:0.42370093147868493
ARM:1.0
__AllInOne__
32 community detected
NMI:1.0
ARM:1.0
__PLP__
PLP detected communities in 0.03726506233215332 [s]
solution properties:
-------------------  ----------
# communities         33
min community size     1
max community size   219
avg. community size  151.515
modularity             0.627151
-------------------  ----------
32 community detected
NMI:0.024060829823483232
ARM:0.02984806672343221
__NORMALIZATION__
__glove__
Network Properties for:		G#18cc
nodes, edges			4999, 57250
directed?			False
weighted?			True
isolated nodes			0
self-loops			0
density				0.004583
clustering coefficient		0.315327
min/max/avg degree		6, 230, 22.904581
degree assortativity		0.236355
number of connected components	1
size of largest component	4999 (100.00 %)
tot:  7504.885269874634
__glove+Louvain__
PLM(balanced,pc,turbo) detected communities in 0.11873435974121094 [s]
solution properties:
-------------------  ----------
# communities         32
min community size   100
max community size   216
avg. community size  156.219
modularity             0.644812
-------------------  ----------
32 community detected
NMI:0.012839179093905972
ARM:0.015863962984942748
__glove+PLP__
PLP detected communities in 0.05962538719177246 [s]
solution properties:
-------------------  ----------
# communities         32
min community size   100
max community size   219
avg. community size  156.219
modularity             0.644808
-------------------  ----------
32 community detected
NMI:0.014967279698306024
ARM:0.01846822727873887
__fake_pmi__
Network Properties for:		G#34cc
nodes, edges			4999, 57250
directed?			False
weighted?			True
isolated nodes			0
self-loops			0
density				0.004583
clustering coefficient		0.315327
min/max/avg degree		6, 230, 22.904581
degree assortativity		0.236355
number of connected components	1
size of largest component	4999 (100.00 %)
tot:  0.0
__fake_pmi+Louvain__
1 community detected due to total edge weight equal 0
NMI:1
ARM:0.01846822727873887
__fake_pmi+PLP__
1 community detected due to total edge weight equal 0
NMI:1
ARM:0.01846822727873887
__iterative_rev_degree_order__
Network Properties for:		G#47cc
nodes, edges			4999, 57250
directed?			False
weighted?			True
isolated nodes			0
self-loops			0
density				0.004583
clustering coefficient		0.315327
min/max/avg degree		6, 230, 22.904581
degree assortativity		0.236355
number of connected components	1
size of largest component	4999 (100.00 %)
tot:  1366.7117333150118
__iterative_rev_degree_order+Louvain__
PLM(balanced,pc,turbo) detected communities in 0.7707159519195557 [s]
solution properties:
-------------------  ----------
# communities         66
min community size    17
max community size   189
avg. community size   75.7424
modularity             0.808186
-------------------  ----------
32 community detected
NMI:0.7223988569084473
ARM:0.9073047416401507
__iterative_rev_degree_order+PLP__
PLP detected communities in 0.08294057846069336 [s]
solution properties:
-------------------  -----------
# communities        1533
min community size      2
max community size     13
avg. community size     3.26093
modularity              0.688821
-------------------  -----------
32 community detected
NMI:0.48531179624282494
ARM:0.9873990259549749
__pmi__
Network Properties for:		G#72cc
nodes, edges			4999, 57250
directed?			False
weighted?			True
isolated nodes			0
self-loops			0
density				0.004583
clustering coefficient		0.315327
min/max/avg degree		6, 230, 22.904581
degree assortativity		0.236355
number of connected components	1
size of largest component	4999 (100.00 %)
tot:  176111.99515152458
__pmi+Louvain__
PLM(balanced,pc,turbo) detected communities in 0.4165322780609131 [s]
solution properties:
-------------------  ----------
# communities         22
min community size   106
max community size   397
avg. community size  227.227
modularity             0.775738
-------------------  ----------
32 community detected
NMI:0.1743807810152872
ARM:0.35959878401305545
__pmi+PLP__
PLP detected communities in 0.15108823776245117 [s]
solution properties:
-------------------  ----------
# communities         42
min community size     1
max community size   205
avg. community size  119.024
modularity             0.779603
-------------------  ----------
32 community detected
NMI:0.10737295703812744
ARM:0.151991352682052
__standard__
Network Properties for:		G#91cc
nodes, edges			4999, 57250
directed?			False
weighted?			True
isolated nodes			0
self-loops			0
density				0.004583
clustering coefficient		0.315327
min/max/avg degree		6, 230, 22.904581
degree assortativity		0.236355
number of connected components	1
size of largest component	4999 (100.00 %)
tot:  8.856242689270262
__standard+Louvain__
PLM(balanced,pc,turbo) detected communities in 0.7440283298492432 [s]
solution properties:
-------------------  ---------
# communities         36
min community size     3
max community size   226
avg. community size  138.861
modularity             0.76113
-------------------  ---------
32 community detected
NMI:0.4023688943190534
ARM:0.5242311288412391
__standard+PLP__
PLP detected communities in 0.28417110443115234 [s]
solution properties:
-------------------  ----------
# communities        903
min community size     1
max community size   150
avg. community size    5.53599
modularity             0.638897
-------------------  ----------
32 community detected
NMI:0.40014690510179396
ARM:0.6997923957530103
__ppmi__
Network Properties for:		G#113cc
nodes, edges			4999, 57250
directed?			False
weighted?			True
isolated nodes			0
self-loops			0
density				0.004583
clustering coefficient		0.315327
min/max/avg degree		6, 230, 22.904581
degree assortativity		0.236355
number of connected components	1
size of largest component	4999 (100.00 %)
tot:  232158.45915200433
__ppmi+Louvain__
PLM(balanced,pc,turbo) detected communities in 0.22609853744506836 [s]
solution properties:
-------------------  ----------
# communities         32
min community size   101
max community size   215
avg. community size  156.219
modularity             0.685475
-------------------  ----------
32 community detected
NMI:0.0039215058760269095
ARM:0.004919168561538401
__ppmi+PLP__
PLP detected communities in 0.11049032211303711 [s]
solution properties:
-------------------  ----------
# communities         33
min community size     1
max community size   232
avg. community size  151.485
modularity             0.682046
-------------------  ----------
32 community detected
NMI:0.008719714633469988
ARM:0.01899426985636099
__glovexmax50alpha0.2__
Network Properties for:		G#129cc
nodes, edges			4999, 57250
directed?			False
weighted?			True
isolated nodes			0
self-loops			0
density				0.004583
clustering coefficient		0.315327
min/max/avg degree		6, 230, 22.904581
degree assortativity		0.236355
number of connected components	1
size of largest component	4999 (100.00 %)
tot:  32641.375980874385
__glovexmax50alpha0.2+Louvain__
PLM(balanced,pc,turbo) detected communities in 0.2770731449127197 [s]
solution properties:
-------------------  ----------
# communities         32
min community size   100
max community size   214
avg. community size  156.219
modularity             0.674828
-------------------  ----------
32 community detected
NMI:0.0
ARM:0.0
__glovexmax50alpha0.2+PLP__
PLP detected communities in 0.08971261978149414 [s]
solution properties:
-------------------  ----------
# communities         32
min community size   100
max community size   214
avg. community size  156.219
modularity             0.674828
-------------------  ----------
32 community detected
NMI:0.0
ARM:0.0
__glovexmax40alpha0.2__
Network Properties for:		G#145cc
nodes, edges			4999, 57250
directed?			False
weighted?			True
isolated nodes			0
self-loops			0
density				0.004583
clustering coefficient		0.315327
min/max/avg degree		6, 230, 22.904581
degree assortativity		0.236355
number of connected components	1
size of largest component	4999 (100.00 %)
tot:  34100.99993707267
__glovexmax40alpha0.2+Louvain__
PLM(balanced,pc,turbo) detected communities in 0.20050311088562012 [s]
solution properties:
-------------------  ----------
# communities         32
min community size   100
max community size   214
avg. community size  156.219
modularity             0.674957
-------------------  ----------
32 community detected
NMI:0.0
ARM:0.0
__glovexmax40alpha0.2+PLP__
PLP detected communities in 0.07624554634094238 [s]
solution properties:
-------------------  ----------
# communities         32
min community size   100
max community size   214
avg. community size  156.219
modularity             0.674957
-------------------  ----------
32 community detected
NMI:0.0
ARM:0.0
__glovexmax30alpha0.3__
Network Properties for:		G#164cc
nodes, edges			4999, 57250
directed?			False
weighted?			True
isolated nodes			0
self-loops			0
density				0.004583
clustering coefficient		0.315327
min/max/avg degree		6, 230, 22.904581
degree assortativity		0.236355
number of connected components	1
size of largest component	4999 (100.00 %)
tot:  30698.333172912255
__glovexmax30alpha0.3+Louvain__
PLM(balanced,pc,turbo) detected communities in 0.18270325660705566 [s]
solution properties:
-------------------  ----------
# communities         32
min community size   100
max community size   215
avg. community size  156.219
modularity             0.672457
-------------------  ----------
32 community detected
NMI:0.00036810984939072977
ARM:0.0005371217981501308
__glovexmax30alpha0.3+PLP__
PLP detected communities in 0.057401180267333984 [s]
solution properties:
-------------------  ----------
# communities         32
min community size   100
max community size   215
avg. community size  156.219
modularity             0.672457
-------------------  ----------
32 community detected
NMI:0.0003681098493909518
ARM:0.0005371217981501308
