__LOADINGS__
4994/32649 15.296027443413273 % of nul weighted edges removed
0/5000 0.0 % of nul degree nodes removed
Network Properties for:		network
nodes, edges			5000, 27655
directed?			False
weighted?			True
isolated nodes			0
self-loops			0
density				0.002213
clustering coefficient		0.205761
min/max/avg degree		1, 286, 11.062000
degree assortativity		0.306133
number of connected components	2
size of largest component	4997 (99.94 %)
238041.44501592824
__Groundtruth__
read communities from: ../../lfr_5000/mk500/k15/muw0.4/47/community.dat
-------------------  ----------
# communities         53
min community size     3
max community size   469
avg. community size   94.3396
modularity             0.409189
-------------------  ----------
53 community detected
__CLASSIC_METHODS__
__Louvain__
PLM(balanced,pc,turbo) detected communities in 0.5692305564880371 [s]
solution properties:
-------------------  ----------
# communities         21
min community size     2
max community size   565
avg. community size  238.095
modularity             0.426016
-------------------  ----------
53 community detected
NMI:0.41877723663588895
ARI:0.49336776495234536
__Singleton__
53 community detected
NMI:0.45522622314942107
ARI:1.0
__AllInOne__
53 community detected
NMI:1.0
ARI:1.0
__PLP__
PLP detected communities in 0.19736933708190918 [s]
solution properties:
-------------------  -----------
# communities          69
min community size      2
max community size   1421
avg. community size    72.4638
modularity              0.390718
-------------------  -----------
53 community detected
NMI:0.40836545670729374
ARI:0.6355152825281196
__NORMALIZATION__
__glove__
Network Properties for:		G#24
nodes, edges			5000, 27655
directed?			False
weighted?			True
isolated nodes			0
self-loops			0
density				0.002213
clustering coefficient		0.205761
min/max/avg degree		1, 286, 11.062000
degree assortativity		0.306133
number of connected components	2
size of largest component	4997 (99.94 %)
tot:  3433.471805995347
__glove+Louvain__
PLM(balanced,pc,turbo) detected communities in 0.4921746253967285 [s]
solution properties:
-------------------  ----------
# communities         21
min community size     3
max community size   535
avg. community size  238.095
modularity             0.468437
-------------------  ----------
53 community detected
NMI:0.3561995110727707
ARI:0.42728370431868534
__glove+PLP__
PLP detected communities in 0.19888973236083984 [s]
solution properties:
-------------------  -----------
# communities          71
min community size      1
max community size   1715
avg. community size    70.4225
modularity              0.405226
-------------------  -----------
53 community detected
NMI:0.39955405353964646
ARI:0.6917828068603946
__fake_pmi__
Network Properties for:		G#33
nodes, edges			5000, 27655
directed?			False
weighted?			True
isolated nodes			0
self-loops			0
density				0.002213
clustering coefficient		0.205761
min/max/avg degree		1, 286, 11.062000
degree assortativity		0.306133
number of connected components	2
size of largest component	4997 (99.94 %)
tot:  0.0
__fake_pmi+Louvain__
1 community detected due to total edge weight equal 0
NMI:1
ARI:1
__fake_pmi+PLP__
1 community detected due to total edge weight equal 0
NMI:1
ARI:1
__iterative_rev_degree_order__
Network Properties for:		G#36
nodes, edges			5000, 27655
directed?			False
weighted?			True
isolated nodes			0
self-loops			0
density				0.002213
clustering coefficient		0.205761
min/max/avg degree		1, 286, 11.062000
degree assortativity		0.306133
number of connected components	2
size of largest component	4997 (99.94 %)
tot:  1451.3078405405195
__iterative_rev_degree_order+Louvain__
PLM(balanced,pc,turbo) detected communities in 0.7083232402801514 [s]
solution properties:
-------------------  ----------
# communities        110
min community size     2
max community size    94
avg. community size   45.4545
modularity             0.919156
-------------------  ----------
53 community detected
NMI:0.7304663845693868
ARI:0.9710297695470372
__iterative_rev_degree_order+PLP__
PLP detected communities in 0.08177614212036133 [s]
solution properties:
-------------------  -----------
# communities        1501
min community size      2
max community size     16
avg. community size     3.33111
modularity              0.822364
-------------------  -----------
53 community detected
NMI:0.5140175475438822
ARI:0.9904688103136527
__pmi__
Network Properties for:		G#51
nodes, edges			5000, 27655
directed?			False
weighted?			True
isolated nodes			0
self-loops			0
density				0.002213
clustering coefficient		0.205761
min/max/avg degree		1, 286, 11.062000
degree assortativity		0.306133
number of connected components	2
size of largest component	4997 (99.94 %)
tot:  41601.523785995116
__pmi+Louvain__
PLM(balanced,pc,turbo) detected communities in 0.6252145767211914 [s]
solution properties:
-------------------  ---------
# communities         31
min community size     3
max community size   489
avg. community size  161.29
modularity             1.43037
-------------------  ---------
53 community detected
NMI:0.6283989524187185
ARI:0.8369843864687925
__pmi+PLP__
PLP detected communities in 0.22072720527648926 [s]
solution properties:
-------------------  ----------
# communities        1060
min community size      2
max community size    172
avg. community size     4.71698
modularity              1.0606
-------------------  ----------
53 community detected
NMI:0.49480113417728677
ARI:0.9224967391407619
__standard__
Network Properties for:		G#63
nodes, edges			5000, 27655
directed?			False
weighted?			True
isolated nodes			0
self-loops			0
density				0.002213
clustering coefficient		0.205761
min/max/avg degree		1, 286, 11.062000
degree assortativity		0.306133
number of connected components	2
size of largest component	4997 (99.94 %)
tot:  50.898635516001555
__standard+Louvain__
PLM(balanced,pc,turbo) detected communities in 0.6089458465576172 [s]
solution properties:
-------------------  ----------
# communities        154
min community size     2
max community size   638
avg. community size   32.4675
modularity             0.947921
-------------------  ----------
53 community detected
NMI:0.6487744275052292
ARI:0.9050676619266999
__standard+PLP__
PLP detected communities in 0.10694003105163574 [s]
solution properties:
-------------------  -----------
# communities        1286
min community size      2
max community size     42
avg. community size     3.88802
modularity              0.863152
-------------------  -----------
53 community detected
NMI:0.5095730018908537
ARI:0.9807322383427304
__ppmi__
Network Properties for:		G#75
nodes, edges			5000, 27655
directed?			False
weighted?			True
isolated nodes			0
self-loops			0
density				0.002213
clustering coefficient		0.205761
min/max/avg degree		1, 286, 11.062000
degree assortativity		0.306133
number of connected components	2
size of largest component	4997 (99.94 %)
tot:  102264.21935459219
__ppmi+Louvain__
PLM(balanced,pc,turbo) detected communities in 0.5491797924041748 [s]
solution properties:
-------------------  ---------
# communities         33
min community size     3
max community size   354
avg. community size  151.515
modularity             0.61309
-------------------  ---------
53 community detected
NMI:0.5080107292325823
ARI:0.6633358380349554
__ppmi+PLP__
PLP detected communities in 0.21697568893432617 [s]
solution properties:
-------------------  ----------
# communities        987
min community size     1
max community size   179
avg. community size    5.06586
modularity             0.458001
-------------------  ----------
53 community detected
NMI:0.49087388229605144
ARI:0.899770384020204
__glovexmax50alpha0.2__
Network Properties for:		G#87
nodes, edges			5000, 27655
directed?			False
weighted?			True
isolated nodes			0
self-loops			0
density				0.002213
clustering coefficient		0.205761
min/max/avg degree		1, 286, 11.062000
degree assortativity		0.306133
number of connected components	2
size of largest component	4997 (99.94 %)
tot:  14019.457612784285
__glovexmax50alpha0.2+Louvain__
PLM(balanced,pc,turbo) detected communities in 0.6325161457061768 [s]
solution properties:
-------------------  ----------
# communities         25
min community size     3
max community size   456
avg. community size  200
modularity             0.542448
-------------------  ----------
53 community detected
NMI:0.2582534564411425
ARI:0.29693473924194924
__glovexmax50alpha0.2+PLP__
PLP detected communities in 0.10910415649414062 [s]
solution properties:
-------------------  ----------
# communities         81
min community size     1
max community size   673
avg. community size   61.7284
modularity             0.535244
-------------------  ----------
53 community detected
NMI:0.24707400930844892
ARI:0.3384303235917526
__glovexmax40alpha0.2__
Network Properties for:		G#99
nodes, edges			5000, 27655
directed?			False
weighted?			True
isolated nodes			0
self-loops			0
density				0.002213
clustering coefficient		0.205761
min/max/avg degree		1, 286, 11.062000
degree assortativity		0.306133
number of connected components	2
size of largest component	4997 (99.94 %)
tot:  14624.229298653228
__glovexmax40alpha0.2+Louvain__
PLM(balanced,pc,turbo) detected communities in 0.5598855018615723 [s]
solution properties:
-------------------  ----------
# communities         29
min community size     3
max community size   517
avg. community size  172.414
modularity             0.541437
-------------------  ----------
53 community detected
NMI:0.25790682709311163
ARI:0.3026790468861692
__glovexmax40alpha0.2+PLP__
PLP detected communities in 0.1565866470336914 [s]
solution properties:
-------------------  ----------
# communities         82
min community size     2
max community size   508
avg. community size   60.9756
modularity             0.538755
-------------------  ----------
53 community detected
NMI:0.2381067267480983
ARI:0.29769579099440335
__glovexmax30alpha0.3__
Network Properties for:		G#111
nodes, edges			5000, 27655
directed?			False
weighted?			True
isolated nodes			0
self-loops			0
density				0.002213
clustering coefficient		0.205761
min/max/avg degree		1, 286, 11.062000
degree assortativity		0.306133
number of connected components	2
size of largest component	4997 (99.94 %)
tot:  12926.175814719498
__glovexmax30alpha0.3+Louvain__
PLM(balanced,pc,turbo) detected communities in 0.5570032596588135 [s]
solution properties:
-------------------  ----------
# communities         29
min community size     3
max community size   477
avg. community size  172.414
modularity             0.537442
-------------------  ----------
53 community detected
NMI:0.2657596966463792
ARI:0.30896274468660956
__glovexmax30alpha0.3+PLP__
PLP detected communities in 0.0786135196685791 [s]
solution properties:
-------------------  -----------
# communities          81
min community size      1
max community size   1131
avg. community size    61.7284
modularity              0.514818
-------------------  -----------
53 community detected
NMI:0.28325631536050355
ARI:0.4775041386645431
NMI classement:
[('NMIglovexmax40alpha0.2+PLP', 0.2381067267480983), ('NMIglovexmax50alpha0.2+PLP', 0.24707400930844892), ('NMIglovexmax40alpha0.2+Louvain', 0.25790682709311163), ('NMIglovexmax50alpha0.2+Louvain', 0.2582534564411425), ('NMIglovexmax30alpha0.3+Louvain', 0.2657596966463792), ('NMIglovexmax30alpha0.3+PLP', 0.28325631536050355), ('NMIglove+Louvain', 0.3561995110727707), ('NMIglove+PLP', 0.39955405353964646), ('NMIPLP', 0.40836545670729374), ('NMILouvain', 0.41877723663588895), ('NMISingleton', 0.45522622314942107), ('NMIppmi+PLP', 0.49087388229605144), ('NMIpmi+PLP', 0.49480113417728677), ('NMIppmi+Louvain', 0.5080107292325823), ('NMIstandard+PLP', 0.5095730018908537), ('NMIiterative_rev_degree_order+PLP', 0.5140175475438822), ('NMIpmi+Louvain', 0.6283989524187185), ('NMIstandard+Louvain', 0.6487744275052292), ('NMIiterative_rev_degree_order+Louvain', 0.7304663845693868), ('NMIAllInOne', 1.0), ('NMIfake_pmi+Louvain', 1), ('NMIfake_pmi+PLP', 1)]
ARI classement:
[('ARIglovexmax50alpha0.2+Louvain', 0.29693473924194924), ('ARIglovexmax40alpha0.2+PLP', 0.29769579099440335), ('ARIglovexmax40alpha0.2+Louvain', 0.3026790468861692), ('ARIglovexmax30alpha0.3+Louvain', 0.30896274468660956), ('ARIglovexmax50alpha0.2+PLP', 0.3384303235917526), ('ARIglove+Louvain', 0.42728370431868534), ('ARIglovexmax30alpha0.3+PLP', 0.4775041386645431), ('ARILouvain', 0.49336776495234536), ('ARIPLP', 0.6355152825281196), ('ARIppmi+Louvain', 0.6633358380349554), ('ARIglove+PLP', 0.6917828068603946), ('ARIpmi+Louvain', 0.8369843864687925), ('ARIppmi+PLP', 0.899770384020204), ('ARIstandard+Louvain', 0.9050676619266999), ('ARIpmi+PLP', 0.9224967391407619), ('ARIiterative_rev_degree_order+Louvain', 0.9710297695470372), ('ARIstandard+PLP', 0.9807322383427304), ('ARIiterative_rev_degree_order+PLP', 0.9904688103136527), ('ARISingleton', 1.0), ('ARIAllInOne', 1.0), ('ARIfake_pmi+Louvain', 1), ('ARIfake_pmi+PLP', 1)]
