__LOADINGS__
Network Properties for:		network
nodes, edges			5000, 33808
directed?			False
weighted?			True
isolated nodes			0
self-loops			0
density				0.002705
clustering coefficient		0.292150
min/max/avg degree		1, 217, 13.523200
degree assortativity		0.183008
number of connected components	1
size of largest component	5000 (100.00 %)
250726.48647717867
__Groundtruth__
read communities from: ../../lfr_5000/mk300/k15/muw0.3/3/community.dat
-------------------  ----------
# communities         32
min community size   100
max community size   215
avg. community size  156.25
modularity             0.588183
-------------------  ----------
32 community detected
__CLASSIC_METHODS__
__Louvain__
PLM(balanced,pc,turbo) detected communities in 0.38741326332092285 [s]
solution properties:
-------------------  ----------
# communities         18
min community size   146
max community size   428
avg. community size  277.778
modularity             0.589333
-------------------  ----------
32 community detected
NMI:0.20993171743990235
ARM:0.4071741207711661
__Singleton__
32 community detected
NMI:0.42370093147868315
ARM:1.0
__AllInOne__
32 community detected
NMI:1.0
ARM:1.0
__PLP__
PLP detected communities in 0.07268977165222168 [s]
solution properties:
-------------------  ----------
# communities         34
min community size     2
max community size   233
avg. community size  147.059
modularity             0.594546
-------------------  ----------
32 community detected
NMI:0.11555328669154186
ARM:0.13618860370708052
__NORMALIZATION__
__glove__
Network Properties for:		G#21cc
nodes, edges			5000, 33808
directed?			False
weighted?			True
isolated nodes			0
self-loops			0
density				0.002705
clustering coefficient		0.292150
min/max/avg degree		1, 217, 13.523200
degree assortativity		0.183008
number of connected components	1
size of largest component	5000 (100.00 %)
tot:  3966.619593052101
__glove+Louvain__
PLM(balanced,pc,turbo) detected communities in 0.4641447067260742 [s]
solution properties:
-------------------  ---------
# communities         23
min community size   144
max community size   327
avg. community size  217.391
modularity             0.62078
-------------------  ---------
32 community detected
NMI:0.14705804950430024
ARM:0.2607169829995718
__glove+PLP__
PLP detected communities in 0.12044477462768555 [s]
solution properties:
-------------------  ----------
# communities         35
min community size     2
max community size   229
avg. community size  142.857
modularity             0.619796
-------------------  ----------
32 community detected
NMI:0.10078208243170961
ARM:0.12060485961732947
__fake_pmi__
Network Properties for:		G#40cc
nodes, edges			5000, 33808
directed?			False
weighted?			True
isolated nodes			0
self-loops			0
density				0.002705
clustering coefficient		0.292150
min/max/avg degree		1, 217, 13.523200
degree assortativity		0.183008
number of connected components	1
size of largest component	5000 (100.00 %)
tot:  0.0
__fake_pmi+Louvain__
1 community detected due to total edge weight equal 0
NMI:1
ARM:0.12060485961732947
__fake_pmi+PLP__
1 community detected due to total edge weight equal 0
NMI:1
ARM:0.12060485961732947
__iterative_rev_degree_order__
Network Properties for:		G#53cc
nodes, edges			5000, 33808
directed?			False
weighted?			True
isolated nodes			0
self-loops			0
density				0.002705
clustering coefficient		0.292150
min/max/avg degree		1, 217, 13.523200
degree assortativity		0.183008
number of connected components	1
size of largest component	5000 (100.00 %)
tot:  1484.2692169428233
__iterative_rev_degree_order+Louvain__
PLM(balanced,pc,turbo) detected communities in 0.751258134841919 [s]
solution properties:
-------------------  ----------
# communities         70
min community size     2
max community size   138
avg. community size   71.4286
modularity             0.883115
-------------------  ----------
32 community detected
NMI:0.6870193032167514
ARM:0.8930829440063986
__iterative_rev_degree_order+PLP__
PLP detected communities in 0.06253385543823242 [s]
solution properties:
-------------------  -----------
# communities        1515
min community size      2
max community size     16
avg. community size     3.30033
modularity              0.780708
-------------------  -----------
32 community detected
NMI:0.4644389643288963
ARM:0.9812754197772581
__pmi__
Network Properties for:		G#78cc
nodes, edges			5000, 33808
directed?			False
weighted?			True
isolated nodes			0
self-loops			0
density				0.002705
clustering coefficient		0.292150
min/max/avg degree		1, 217, 13.523200
degree assortativity		0.183008
number of connected components	1
size of largest component	5000 (100.00 %)
tot:  72523.98511975973
__pmi+Louvain__
PLM(balanced,pc,turbo) detected communities in 0.675776481628418 [s]
solution properties:
-------------------  ---------
# communities         27
min community size   108
max community size   362
avg. community size  185.185
modularity             1.08328
-------------------  ---------
32 community detected
NMI:0.33421512125859276
ARM:0.48058583448379
__pmi+PLP__
PLP detected communities in 0.19453835487365723 [s]
solution properties:
-------------------  ---------
# communities        282
min community size     2
max community size   243
avg. community size   17.7305
modularity             1.02845
-------------------  ---------
32 community detected
NMI:0.2753980181295125
ARM:0.38927136911096516
__standard__
Network Properties for:		G#100cc
nodes, edges			5000, 33808
directed?			False
weighted?			True
isolated nodes			0
self-loops			0
density				0.002705
clustering coefficient		0.292150
min/max/avg degree		1, 217, 13.523200
degree assortativity		0.183008
number of connected components	1
size of largest component	5000 (100.00 %)
tot:  18.113349165934977
__standard+Louvain__
PLM(balanced,pc,turbo) detected communities in 0.7245540618896484 [s]
solution properties:
-------------------  ----------
# communities         64
min community size     2
max community size   207
avg. community size   78.125
modularity             0.854613
-------------------  ----------
32 community detected
NMI:0.49283490211527725
ARM:0.6440186197603823
__standard+PLP__
PLP detected communities in 0.11556649208068848 [s]
solution properties:
-------------------  -----------
# communities        1248
min community size      2
max community size     69
avg. community size     4.00641
modularity              0.739468
-------------------  -----------
32 community detected
NMI:0.4468237583399507
ARM:0.9331770947224308
__ppmi__
Network Properties for:		G#125cc
nodes, edges			5000, 33808
directed?			False
weighted?			True
isolated nodes			0
self-loops			0
density				0.002705
clustering coefficient		0.292150
min/max/avg degree		1, 217, 13.523200
degree assortativity		0.183008
number of connected components	1
size of largest component	5000 (100.00 %)
tot:  132341.00002269362
__ppmi+Louvain__
PLM(balanced,pc,turbo) detected communities in 0.43612003326416016 [s]
solution properties:
-------------------  ----------
# communities         30
min community size   102
max community size   327
avg. community size  166.667
modularity             0.689808
-------------------  ----------
32 community detected
NMI:0.13934813885000796
ARM:0.20797763696991634
__ppmi+PLP__
PLP detected communities in 0.11803913116455078 [s]
solution properties:
-------------------  ----------
# communities        111
min community size     1
max community size   210
avg. community size   45.045
modularity             0.683422
-------------------  ----------
32 community detected
NMI:0.1269243944030164
ARM:0.15716008409190352
__glovexmax50alpha0.2__
Network Properties for:		G#144cc
nodes, edges			5000, 33808
directed?			False
weighted?			True
isolated nodes			0
self-loops			0
density				0.002705
clustering coefficient		0.292150
min/max/avg degree		1, 217, 13.523200
degree assortativity		0.183008
number of connected components	1
size of largest component	5000 (100.00 %)
tot:  17408.452645433714
__glovexmax50alpha0.2+Louvain__
PLM(balanced,pc,turbo) detected communities in 0.2761383056640625 [s]
solution properties:
-------------------  ----------
# communities         23
min community size   141
max community size   323
avg. community size  217.391
modularity             0.663098
-------------------  ----------
32 community detected
NMI:0.09121143574005786
ARM:0.21931490274715115
__glovexmax50alpha0.2+PLP__
PLP detected communities in 0.11247634887695312 [s]
solution properties:
-------------------  ----------
# communities         33
min community size     2
max community size   217
avg. community size  151.515
modularity             0.669371
-------------------  ----------
32 community detected
NMI:0.03529735229619313
ARM:0.041082647383132054
__glovexmax40alpha0.2__
Network Properties for:		G#163cc
nodes, edges			5000, 33808
directed?			False
weighted?			True
isolated nodes			0
self-loops			0
density				0.002705
clustering coefficient		0.292150
min/max/avg degree		1, 217, 13.523200
degree assortativity		0.183008
number of connected components	1
size of largest component	5000 (100.00 %)
tot:  18175.67179176199
__glovexmax40alpha0.2+Louvain__
PLM(balanced,pc,turbo) detected communities in 0.28949499130249023 [s]
solution properties:
-------------------  ----------
# communities         24
min community size   141
max community size   322
avg. community size  208.333
modularity             0.665353
-------------------  ----------
32 community detected
NMI:0.0836152488628007
ARM:0.19631114535204752
__glovexmax40alpha0.2+PLP__
PLP detected communities in 0.08923602104187012 [s]
solution properties:
-------------------  ---------
# communities         33
min community size     2
max community size   217
avg. community size  151.515
modularity             0.66972
-------------------  ---------
32 community detected
NMI:0.03529735229619335
ARM:0.041082647383132054
__glovexmax30alpha0.3__
Network Properties for:		G#182cc
nodes, edges			5000, 33808
directed?			False
weighted?			True
isolated nodes			0
self-loops			0
density				0.002705
clustering coefficient		0.292150
min/max/avg degree		1, 217, 13.523200
degree assortativity		0.183008
number of connected components	1
size of largest component	5000 (100.00 %)
tot:  16086.946825098265
__glovexmax30alpha0.3+Louvain__
PLM(balanced,pc,turbo) detected communities in 0.17160248756408691 [s]
solution properties:
-------------------  ----------
# communities         32
min community size    98
max community size   216
avg. community size  156.25
modularity             0.666958
-------------------  ----------
32 community detected
NMI:0.0477692356572319
ARM:0.05545717573312903
__glovexmax30alpha0.3+PLP__
PLP detected communities in 0.06593084335327148 [s]
solution properties:
-------------------  ----------
# communities         33
min community size     2
max community size   218
avg. community size  151.515
modularity             0.666925
-------------------  ----------
32 community detected
NMI:0.047588840606496374
ARM:0.05491155877105691
