__LOADINGS__
Network Properties for:		network
nodes, edges			5000, 31150
directed?			False
weighted?			True
isolated nodes			1
self-loops			0
density				0.002492
clustering coefficient		0.268403
min/max/avg degree		0, 76, 12.460000
degree assortativity		0.339588
number of connected components	2
size of largest component	4999 (99.98 %)
166777.49922952824
__Groundtruth__
read communities from: ../../lfr_5000/mk100/k15/muw0.3/40/community.dat
-------------------  ----------
# communities        104
min community size    20
max community size    99
avg. community size   48.0769
modularity             0.689347
-------------------  ----------
104 community detected
__CLASSIC_METHODS__
__Louvain__
PLM(balanced,pc,turbo) detected communities in 0.5229012966156006 [s]
solution properties:
-------------------  ----------
# communities         48
min community size     1
max community size   227
avg. community size  104.167
modularity             0.693951
-------------------  ----------
104 community detected
NMI:0.122634507576316
ARM:0.3830363506771205
__Singleton__
104 community detected
NMI:0.30478149554017153
ARM:1.0
__AllInOne__
104 community detected
NMI:1.0
ARM:1.0
__PLP__
PLP detected communities in 0.13832306861877441 [s]
solution properties:
-------------------  ----------
# communities        111
min community size     1
max community size   104
avg. community size   45.045
modularity             0.690599
-------------------  ----------
104 community detected
NMI:0.03495180397304731
ARM:0.06837807281293429
__NORMALIZATION__
__glove__
Network Properties for:		G#21cc
nodes, edges			4999, 31150
directed?			False
weighted?			True
isolated nodes			0
self-loops			0
density				0.002493
clustering coefficient		0.268457
min/max/avg degree		2, 76, 12.462492
degree assortativity		0.339588
number of connected components	1
size of largest component	4999 (100.00 %)
tot:  3241.026607300015
__glove+Louvain__
PLM(balanced,pc,turbo) detected communities in 0.533409833908081 [s]
solution properties:
-------------------  ----------
# communities         51
min community size    30
max community size   190
avg. community size   98.0196
modularity             0.702226
-------------------  ----------
104 community detected
NMI:0.0997526921977765
ARM:0.32624886240384976
__glove+PLP__
PLP detected communities in 0.1531221866607666 [s]
solution properties:
-------------------  ----------
# communities        107
min community size     3
max community size   102
avg. community size   46.7196
modularity             0.699009
-------------------  ----------
104 community detected
NMI:0.023039371181592716
ARM:0.04621434213991049
__fake_pmi__
Network Properties for:		G#40cc
nodes, edges			4999, 31150
directed?			False
weighted?			True
isolated nodes			0
self-loops			0
density				0.002493
clustering coefficient		0.268457
min/max/avg degree		2, 76, 12.462492
degree assortativity		0.339588
number of connected components	1
size of largest component	4999 (100.00 %)
tot:  0.0
__fake_pmi+Louvain__
1 community detected due to total edge weight equal 0
NMI:1
ARM:0.04621434213991049
__fake_pmi+PLP__
1 community detected due to total edge weight equal 0
NMI:1
ARM:0.04621434213991049
__iterative_rev_degree_order__
Network Properties for:		G#53cc
nodes, edges			4999, 31150
directed?			False
weighted?			True
isolated nodes			0
self-loops			0
density				0.002493
clustering coefficient		0.268457
min/max/avg degree		2, 76, 12.462492
degree assortativity		0.339588
number of connected components	1
size of largest component	4999 (100.00 %)
tot:  1470.2034249451071
__iterative_rev_degree_order+Louvain__
PLM(balanced,pc,turbo) detected communities in 0.4567444324493408 [s]
solution properties:
-------------------  ----------
# communities         56
min community size    42
max community size   159
avg. community size   89.2679
modularity             0.821243
-------------------  ----------
104 community detected
NMI:0.5348343650019137
ARM:0.8592741238853376
__iterative_rev_degree_order+PLP__
PLP detected communities in 0.1089639663696289 [s]
solution properties:
-------------------  -----------
# communities        1475
min community size      2
max community size      9
avg. community size     3.38915
modularity              0.685686
-------------------  -----------
104 community detected
NMI:0.32172616228988715
ARM:0.9517260067546579
__pmi__
Network Properties for:		G#78cc
nodes, edges			4999, 31150
directed?			False
weighted?			True
isolated nodes			0
self-loops			0
density				0.002493
clustering coefficient		0.268457
min/max/avg degree		2, 76, 12.462492
degree assortativity		0.339588
number of connected components	1
size of largest component	4999 (100.00 %)
tot:  181889.62738560166
__pmi+Louvain__
PLM(balanced,pc,turbo) detected communities in 0.4127354621887207 [s]
solution properties:
-------------------  ----------
# communities         61
min community size    46
max community size   122
avg. community size   81.9508
modularity             0.720619
-------------------  ----------
104 community detected
NMI:0.06400230294135156
ARM:0.21169528570531804
__pmi+PLP__
PLP detected communities in 0.03906059265136719 [s]
solution properties:
-------------------  ---------
# communities        109
min community size     1
max community size    98
avg. community size   45.8624
modularity             0.71857
-------------------  ---------
104 community detected
NMI:0.012155489609500747
ARM:0.023517035907428596
__standard__
Network Properties for:		G#97cc
nodes, edges			4999, 31150
directed?			False
weighted?			True
isolated nodes			0
self-loops			0
density				0.002493
clustering coefficient		0.268457
min/max/avg degree		2, 76, 12.462492
degree assortativity		0.339588
number of connected components	1
size of largest component	4999 (100.00 %)
tot:  33.16759084319361
__standard+Louvain__
PLM(balanced,pc,turbo) detected communities in 0.7125229835510254 [s]
solution properties:
-------------------  ----------
# communities         52
min community size    31
max community size   353
avg. community size   96.1346
modularity             0.763961
-------------------  ----------
104 community detected
NMI:0.37241567561151667
ARM:0.7075301191243482
__standard+PLP__
PLP detected communities in 0.22030234336853027 [s]
solution properties:
-------------------  ----------
# communities        987
min community size     2
max community size    56
avg. community size    5.06484
modularity             0.571929
-------------------  ----------
104 community detected
NMI:0.28978579211996625
ARM:0.7735673133924614
__ppmi__
Network Properties for:		G#119cc
nodes, edges			4999, 31150
directed?			False
weighted?			True
isolated nodes			0
self-loops			0
density				0.002493
clustering coefficient		0.268457
min/max/avg degree		2, 76, 12.462492
degree assortativity		0.339588
number of connected components	1
size of largest component	4999 (100.00 %)
tot:  187688.30418279156
__ppmi+Louvain__
PLM(balanced,pc,turbo) detected communities in 0.4965963363647461 [s]
solution properties:
-------------------  ----------
# communities         64
min community size    41
max community size   155
avg. community size   78.1094
modularity             0.714399
-------------------  ----------
104 community detected
NMI:0.053236814856362225
ARM:0.18652359940779695
__ppmi+PLP__
PLP detected communities in 0.1494588851928711 [s]
solution properties:
-------------------  ---------
# communities        108
min community size     2
max community size    98
avg. community size   46.287
modularity             0.71165
-------------------  ---------
104 community detected
NMI:0.007656587899096401
ARM:0.01497365778020543
__glovexmax50alpha0.2__
Network Properties for:		G#138cc
nodes, edges			4999, 31150
directed?			False
weighted?			True
isolated nodes			0
self-loops			0
density				0.002493
clustering coefficient		0.268457
min/max/avg degree		2, 76, 12.462492
degree assortativity		0.339588
number of connected components	1
size of largest component	4999 (100.00 %)
tot:  18270.230883870478
__glovexmax50alpha0.2+Louvain__
PLM(balanced,pc,turbo) detected communities in 0.24270248413085938 [s]
solution properties:
-------------------  ----------
# communities         48
min community size    62
max community size   164
avg. community size  104.146
modularity             0.708226
-------------------  ----------
104 community detected
NMI:0.08607522102713339
ARM:0.31332889372713135
__glovexmax50alpha0.2+PLP__
PLP detected communities in 0.13318729400634766 [s]
solution properties:
-------------------  ----------
# communities        104
min community size    20
max community size    98
avg. community size   48.0673
modularity             0.708468
-------------------  ----------
104 community detected
NMI:0.0032199862981783234
ARM:0.006877115055505367
__glovexmax40alpha0.2__
Network Properties for:		G#157cc
nodes, edges			4999, 31150
directed?			False
weighted?			True
isolated nodes			0
self-loops			0
density				0.002493
clustering coefficient		0.268457
min/max/avg degree		2, 76, 12.462492
degree assortativity		0.339588
number of connected components	1
size of largest component	4999 (100.00 %)
tot:  19104.07604714942
__glovexmax40alpha0.2+Louvain__
PLM(balanced,pc,turbo) detected communities in 0.43433523178100586 [s]
solution properties:
-------------------  ----------
# communities         57
min community size    52
max community size   128
avg. community size   87.7018
modularity             0.709032
-------------------  ----------
104 community detected
NMI:0.06414261374768027
ARM:0.232051292580699
__glovexmax40alpha0.2+PLP__
PLP detected communities in 0.06575584411621094 [s]
solution properties:
-------------------  ----------
# communities        104
min community size    20
max community size    98
avg. community size   48.0673
modularity             0.708468
-------------------  ----------
104 community detected
NMI:0.0032199862981783234
ARM:0.006877115055505367
__glovexmax30alpha0.3__
Network Properties for:		G#176cc
nodes, edges			4999, 31150
directed?			False
weighted?			True
isolated nodes			0
self-loops			0
density				0.002493
clustering coefficient		0.268457
min/max/avg degree		2, 76, 12.462492
degree assortativity		0.339588
number of connected components	1
size of largest component	4999 (100.00 %)
tot:  16775.998928236448
__glovexmax30alpha0.3+Louvain__
PLM(balanced,pc,turbo) detected communities in 0.40984177589416504 [s]
solution properties:
-------------------  ----------
# communities         57
min community size    46
max community size   142
avg. community size   87.7018
modularity             0.710483
-------------------  ----------
104 community detected
NMI:0.06750124458890638
ARM:0.24284567486060182
__glovexmax30alpha0.3+PLP__
PLP detected communities in 0.10689735412597656 [s]
solution properties:
-------------------  ----------
# communities        105
min community size    10
max community size    99
avg. community size   47.6095
modularity             0.709013
-------------------  ----------
104 community detected
NMI:0.0060792733785910436
ARM:0.012697553621069613
