__LOADINGS__
4980/47037 10.587409911346386 % of nul weighted edges removed
1/5000 0.02 % of nul degree nodes removed
Network Properties for:		network
nodes, edges			4999, 42057
directed?			False
weighted?			True
isolated nodes			1
self-loops			0
density				0.003367
clustering coefficient		0.188297
min/max/avg degree		0, 80, 16.826165
degree assortativity		0.389876
number of connected components	1
size of largest component	4999 (100.00 %)
238181.79002959278
__Groundtruth__
read communities from: ../../lfr_5000/mk100/k20/muw0.4/42/community.dat
-------------------  ----------
# communities        104
min community size    20
max community size    99
avg. community size   48.0769
modularity             0.595166
-------------------  ----------
104 community detected
__CLASSIC_METHODS__
__Louvain__
PLM(balanced,pc,turbo) detected communities in 0.6125533580780029 [s]
solution properties:
-------------------  ----------
# communities         50
min community size    59
max community size   166
avg. community size   99.98
modularity             0.597724
-------------------  ----------
104 community detected
NMI:0.09194013801869194
ARI:0.32468644153263004
__Singleton__
104 community detected
NMI:0.3047653125958617
ARI:1.0
__AllInOne__
104 community detected
NMI:1.0
ARI:1.0
__PLP__
PLP detected communities in 0.1259164810180664 [s]
solution properties:
-------------------  ----------
# communities        106
min community size     1
max community size    99
avg. community size   47.1698
modularity             0.595408
-------------------  ----------
104 community detected
NMI:0.012520769348048688
ARI:0.026633326651262723
__NORMALIZATION__
__glove__
Network Properties for:		G#21
nodes, edges			4999, 42057
directed?			False
weighted?			True
isolated nodes			1
self-loops			0
density				0.003367
clustering coefficient		0.188297
min/max/avg degree		0, 80, 16.826165
degree assortativity		0.389876
number of connected components	1
size of largest component	4999 (100.00 %)
tot:  4667.094802963346
__glove+Louvain__
PLM(balanced,pc,turbo) detected communities in 0.4335165023803711 [s]
solution properties:
-------------------  ----------
# communities         57
min community size    37
max community size   169
avg. community size   87.7018
modularity             0.602223
-------------------  ----------
104 community detected
NMI:0.0681092639140336
ARI:0.2523175685089327
__glove+PLP__
PLP detected communities in 0.1285843849182129 [s]
solution properties:
-------------------  ----------
# communities        106
min community size     1
max community size    99
avg. community size   47.1698
modularity             0.600147
-------------------  ----------
104 community detected
NMI:0.005786722528842492
ARI:0.012534608253914614
__fake_pmi__
Network Properties for:		G#30
nodes, edges			4999, 42057
directed?			False
weighted?			True
isolated nodes			1
self-loops			0
density				0.003367
clustering coefficient		0.188297
min/max/avg degree		0, 80, 16.826165
degree assortativity		0.389876
number of connected components	1
size of largest component	4999 (100.00 %)
tot:  0.0
__fake_pmi+Louvain__
1 community detected due to total edge weight equal 0
NMI:1
ARI:1
__fake_pmi+PLP__
1 community detected due to total edge weight equal 0
NMI:1
ARI:1
__iterative_rev_degree_order__
Network Properties for:		G#33
nodes, edges			4999, 42057
directed?			False
weighted?			True
isolated nodes			1
self-loops			0
density				0.003367
clustering coefficient		0.188297
min/max/avg degree		0, 80, 16.826165
degree assortativity		0.389876
number of connected components	1
size of largest component	4999 (100.00 %)
tot:  1326.2941047543793
__iterative_rev_degree_order+Louvain__
PLM(balanced,pc,turbo) detected communities in 0.8925504684448242 [s]
solution properties:
-------------------  ----------
# communities         58
min community size    56
max community size   133
avg. community size   86.1897
modularity             0.749892
-------------------  ----------
104 community detected
NMI:0.6427459707547097
ARI:0.9325892857142857
__iterative_rev_degree_order+PLP__
PLP detected communities in 0.09304380416870117 [s]
solution properties:
-------------------  -----------
# communities        1275
min community size      1
max community size     17
avg. community size     3.92157
modularity              0.634803
-------------------  -----------
104 community detected
NMI:0.3569732137246927
ARI:0.9594621007779212
__pmi__
Network Properties for:		G#48
nodes, edges			4999, 42057
directed?			False
weighted?			True
isolated nodes			1
self-loops			0
density				0.003367
clustering coefficient		0.188297
min/max/avg degree		0, 80, 16.826165
degree assortativity		0.389876
number of connected components	1
size of largest component	4999 (100.00 %)
tot:  251107.28687433005
__pmi+Louvain__
PLM(balanced,pc,turbo) detected communities in 0.6076228618621826 [s]
solution properties:
-------------------  ----------
# communities         50
min community size    55
max community size   146
avg. community size   99.98
modularity             0.613267
-------------------  ----------
104 community detected
NMI:0.07861970551205655
ARI:0.2947315629780085
__pmi+PLP__
PLP detected communities in 0.15474939346313477 [s]
solution properties:
-------------------  --------
# communities        105
min community size     1
max community size   100
avg. community size   47.619
modularity             0.6127
-------------------  --------
104 community detected
NMI:0.0015567340880965341
ARI:0.0035143208574942575
__standard__
Network Properties for:		G#57
nodes, edges			4999, 42057
directed?			False
weighted?			True
isolated nodes			1
self-loops			0
density				0.003367
clustering coefficient		0.188297
min/max/avg degree		0, 80, 16.826165
degree assortativity		0.389876
number of connected components	1
size of largest component	4999 (100.00 %)
tot:  23.720400866667287
__standard+Louvain__
PLM(balanced,pc,turbo) detected communities in 0.8517413139343262 [s]
solution properties:
-------------------  ----------
# communities         43
min community size    55
max community size   184
avg. community size  116.256
modularity             0.614203
-------------------  ----------
104 community detected
NMI:0.41405554877789963
ARI:0.7303640241687264
__standard+PLP__
PLP detected communities in 0.1957700252532959 [s]
solution properties:
-------------------  ---------
# communities        709
min community size     1
max community size    66
avg. community size    7.05219
modularity             0.5042
-------------------  ---------
104 community detected
NMI:0.2989751059573351
ARI:0.6901516507684833
__ppmi__
Network Properties for:		G#69
nodes, edges			4999, 42057
directed?			False
weighted?			True
isolated nodes			1
self-loops			0
density				0.003367
clustering coefficient		0.188297
min/max/avg degree		0, 80, 16.826165
degree assortativity		0.389876
number of connected components	1
size of largest component	4999 (100.00 %)
tot:  254611.08864003725
__ppmi+Louvain__
PLM(balanced,pc,turbo) detected communities in 0.5354583263397217 [s]
solution properties:
-------------------  ----------
# communities         54
min community size    51
max community size   146
avg. community size   92.5741
modularity             0.608956
-------------------  ----------
104 community detected
NMI:0.06936813937517827
ARI:0.26109139773657797
__ppmi+PLP__
PLP detected communities in 0.14177513122558594 [s]
solution properties:
-------------------  ----------
# communities        104
min community size     1
max community size   122
avg. community size   48.0769
modularity             0.608306
-------------------  ----------
104 community detected
NMI:0.0025389031003959506
ARI:0.01104822182877696
__glovexmax50alpha0.2__
Network Properties for:		G#78
nodes, edges			4999, 42057
directed?			False
weighted?			True
isolated nodes			1
self-loops			0
density				0.003367
clustering coefficient		0.188297
min/max/avg degree		0, 80, 16.826165
degree assortativity		0.389876
number of connected components	1
size of largest component	4999 (100.00 %)
tot:  25737.66386976494
__glovexmax50alpha0.2+Louvain__
PLM(balanced,pc,turbo) detected communities in 0.5220410823822021 [s]
solution properties:
-------------------  ----------
# communities         53
min community size    59
max community size   148
avg. community size   94.3208
modularity             0.604984
-------------------  ----------
104 community detected
NMI:0.07041316247859786
ARI:0.2605880050335879
__glovexmax50alpha0.2+PLP__
PLP detected communities in 0.1273822784423828 [s]
solution properties:
-------------------  ----------
# communities        106
min community size     1
max community size    99
avg. community size   47.1698
modularity             0.603452
-------------------  ----------
104 community detected
NMI:0.0016816428393263694
ARI:0.0036593175372793274
__glovexmax40alpha0.2__
Network Properties for:		G#87
nodes, edges			4999, 42057
directed?			False
weighted?			True
isolated nodes			1
self-loops			0
density				0.003367
clustering coefficient		0.188297
min/max/avg degree		0, 80, 16.826165
degree assortativity		0.389876
number of connected components	1
size of largest component	4999 (100.00 %)
tot:  26912.319333525043
__glovexmax40alpha0.2+Louvain__
PLM(balanced,pc,turbo) detected communities in 0.40459704399108887 [s]
solution properties:
-------------------  ----------
# communities         61
min community size    37
max community size   125
avg. community size   81.9508
modularity             0.605334
-------------------  ----------
104 community detected
NMI:0.05414656669974616
ARI:0.20028461034745704
__glovexmax40alpha0.2+PLP__
PLP detected communities in 0.10351276397705078 [s]
solution properties:
-------------------  ----------
# communities        105
min community size     1
max community size    99
avg. community size   47.619
modularity             0.604103
-------------------  ----------
104 community detected
NMI:0.0011748301797984695
ARI:0.0026715410573677767
__glovexmax30alpha0.3__
Network Properties for:		G#96
nodes, edges			4999, 42057
directed?			False
weighted?			True
isolated nodes			1
self-loops			0
density				0.003367
clustering coefficient		0.188297
min/max/avg degree		0, 80, 16.826165
degree assortativity		0.389876
number of connected components	1
size of largest component	4999 (100.00 %)
tot:  23877.962520684192
__glovexmax30alpha0.3+Louvain__
PLM(balanced,pc,turbo) detected communities in 0.47106099128723145 [s]
solution properties:
-------------------  ----------
# communities         57
min community size    44
max community size   148
avg. community size   87.7018
modularity             0.606351
-------------------  ----------
104 community detected
NMI:0.06271866750403565
ARI:0.23579736562289777
__glovexmax30alpha0.3+PLP__
PLP detected communities in 0.17560601234436035 [s]
solution properties:
-------------------  ----------
# communities        105
min community size     1
max community size    99
avg. community size   47.619
modularity             0.605067
-------------------  ----------
104 community detected
NMI:0.0011748301797984695
ARI:0.0026715410573677767
NMI classement:
[('NMIglovexmax40alpha0.2+PLP', 0.0011748301797984695), ('NMIglovexmax30alpha0.3+PLP', 0.0011748301797984695), ('NMIpmi+PLP', 0.0015567340880965341), ('NMIglovexmax50alpha0.2+PLP', 0.0016816428393263694), ('NMIppmi+PLP', 0.0025389031003959506), ('NMIglove+PLP', 0.005786722528842492), ('NMIPLP', 0.012520769348048688), ('NMIglovexmax40alpha0.2+Louvain', 0.05414656669974616), ('NMIglovexmax30alpha0.3+Louvain', 0.06271866750403565), ('NMIglove+Louvain', 0.0681092639140336), ('NMIppmi+Louvain', 0.06936813937517827), ('NMIglovexmax50alpha0.2+Louvain', 0.07041316247859786), ('NMIpmi+Louvain', 0.07861970551205655), ('NMILouvain', 0.09194013801869194), ('NMIstandard+PLP', 0.2989751059573351), ('NMISingleton', 0.3047653125958617), ('NMIiterative_rev_degree_order+PLP', 0.3569732137246927), ('NMIstandard+Louvain', 0.41405554877789963), ('NMIiterative_rev_degree_order+Louvain', 0.6427459707547097), ('NMIAllInOne', 1.0), ('NMIfake_pmi+Louvain', 1), ('NMIfake_pmi+PLP', 1)]
ARI classement:
[('ARIglovexmax40alpha0.2+PLP', 0.0026715410573677767), ('ARIglovexmax30alpha0.3+PLP', 0.0026715410573677767), ('ARIpmi+PLP', 0.0035143208574942575), ('ARIglovexmax50alpha0.2+PLP', 0.0036593175372793274), ('ARIppmi+PLP', 0.01104822182877696), ('ARIglove+PLP', 0.012534608253914614), ('ARIPLP', 0.026633326651262723), ('ARIglovexmax40alpha0.2+Louvain', 0.20028461034745704), ('ARIglovexmax30alpha0.3+Louvain', 0.23579736562289777), ('ARIglove+Louvain', 0.2523175685089327), ('ARIglovexmax50alpha0.2+Louvain', 0.2605880050335879), ('ARIppmi+Louvain', 0.26109139773657797), ('ARIpmi+Louvain', 0.2947315629780085), ('ARILouvain', 0.32468644153263004), ('ARIstandard+PLP', 0.6901516507684833), ('ARIstandard+Louvain', 0.7303640241687264), ('ARIiterative_rev_degree_order+Louvain', 0.9325892857142857), ('ARIiterative_rev_degree_order+PLP', 0.9594621007779212), ('ARISingleton', 1.0), ('ARIAllInOne', 1.0), ('ARIfake_pmi+Louvain', 1), ('ARIfake_pmi+PLP', 1)]
