__LOADINGS__
4976/36020 13.814547473625764 % of nul weighted edges removed
1/5000 0.02 % of nul degree nodes removed
Network Properties for:		network
nodes, edges			4999, 31044
directed?			False
weighted?			True
isolated nodes			1
self-loops			0
density				0.002485
clustering coefficient		0.391669
min/max/avg degree		0, 80, 12.420084
degree assortativity		0.306274
number of connected components	1
size of largest component	4999 (100.00 %)
164321.43546958535
__Groundtruth__
read communities from: ../../lfr_5000/mk100/k15/muw0.2/0/community.dat
-------------------  ----------
# communities        104
min community size    20
max community size    99
avg. community size   48.0769
modularity             0.800845
-------------------  ----------
104 community detected
__CLASSIC_METHODS__
__Louvain__
PLM(balanced,pc,turbo) detected communities in 0.4669182300567627 [s]
solution properties:
-------------------  ----------
# communities         60
min community size    39
max community size   149
avg. community size   83.3167
modularity             0.803009
-------------------  ----------
104 community detected
NMI:0.06375575395510491
ARI:0.22860179577737672
__Singleton__
104 community detected
NMI:0.304762170037969
ARI:1.0
__AllInOne__
104 community detected
NMI:1.0
ARI:1.0
__PLP__
PLP detected communities in 0.13142967224121094 [s]
solution properties:
-------------------  ----------
# communities        106
min community size     1
max community size   100
avg. community size   47.1698
modularity             0.801569
-------------------  ----------
104 community detected
NMI:0.007597491543624435
ARI:0.015223395955890062
__NORMALIZATION__
__glove__
Network Properties for:		G#21
nodes, edges			4999, 31044
directed?			False
weighted?			True
isolated nodes			1
self-loops			0
density				0.002485
clustering coefficient		0.391669
min/max/avg degree		0, 80, 12.420084
degree assortativity		0.306274
number of connected components	1
size of largest component	4999 (100.00 %)
tot:  3183.6892404816745
__glove+Louvain__
PLM(balanced,pc,turbo) detected communities in 0.46856260299682617 [s]
solution properties:
-------------------  ----------
# communities         52
min community size    60
max community size   147
avg. community size   96.1346
modularity             0.810322
-------------------  ----------
104 community detected
NMI:0.07648001662469806
ARI:0.27901436990518025
__glove+PLP__
PLP detected communities in 0.11094212532043457 [s]
solution properties:
-------------------  ----------
# communities        107
min community size     1
max community size   100
avg. community size   46.729
modularity             0.807366
-------------------  ----------
104 community detected
NMI:0.0054857335699139975
ARI:0.013302658414548918
__fake_pmi__
Network Properties for:		G#30
nodes, edges			4999, 31044
directed?			False
weighted?			True
isolated nodes			1
self-loops			0
density				0.002485
clustering coefficient		0.391669
min/max/avg degree		0, 80, 12.420084
degree assortativity		0.306274
number of connected components	1
size of largest component	4999 (100.00 %)
tot:  0.0
__fake_pmi+Louvain__
1 community detected due to total edge weight equal 0
NMI:1
ARI:1
__fake_pmi+PLP__
1 community detected due to total edge weight equal 0
NMI:1
ARI:1
__iterative_rev_degree_order__
Network Properties for:		G#33
nodes, edges			4999, 31044
directed?			False
weighted?			True
isolated nodes			1
self-loops			0
density				0.002485
clustering coefficient		0.391669
min/max/avg degree		0, 80, 12.420084
degree assortativity		0.306274
number of connected components	1
size of largest component	4999 (100.00 %)
tot:  1548.0427533339318
__iterative_rev_degree_order+Louvain__
PLM(balanced,pc,turbo) detected communities in 0.7494337558746338 [s]
solution properties:
-------------------  ----------
# communities         57
min community size    34
max community size   145
avg. community size   87.7018
modularity             0.845679
-------------------  ----------
104 community detected
NMI:0.3956782702713322
ARI:0.7143493569787663
__iterative_rev_degree_order+PLP__
PLP detected communities in 0.08848953247070312 [s]
solution properties:
-------------------  -----------
# communities        1433
min community size      1
max community size     10
avg. community size     3.48918
modularity              0.680843
-------------------  -----------
104 community detected
NMI:0.30444914669678746
ARI:0.9394330575899679
__pmi__
Network Properties for:		G#48
nodes, edges			4999, 31044
directed?			False
weighted?			True
isolated nodes			1
self-loops			0
density				0.002485
clustering coefficient		0.391669
min/max/avg degree		0, 80, 12.420084
degree assortativity		0.306274
number of connected components	1
size of largest component	4999 (100.00 %)
tot:  182396.74786884442
__pmi+Louvain__
PLM(balanced,pc,turbo) detected communities in 0.4370687007904053 [s]
solution properties:
-------------------  ----------
# communities         75
min community size    32
max community size   144
avg. community size   66.6533
modularity             0.821152
-------------------  ----------
104 community detected
NMI:0.03398723925353464
ARI:0.11961446809310128
__pmi+PLP__
PLP detected communities in 0.13780856132507324 [s]
solution properties:
-------------------  ----------
# communities        110
min community size     1
max community size   100
avg. community size   45.4545
modularity             0.817661
-------------------  ----------
104 community detected
NMI:0.0055413102783911095
ARI:0.014214954776967437
__standard__
Network Properties for:		G#57
nodes, edges			4999, 31044
directed?			False
weighted?			True
isolated nodes			1
self-loops			0
density				0.002485
clustering coefficient		0.391669
min/max/avg degree		0, 80, 12.420084
degree assortativity		0.306274
number of connected components	1
size of largest component	4999 (100.00 %)
tot:  33.90761600365918
__standard+Louvain__
PLM(balanced,pc,turbo) detected communities in 0.6963555812835693 [s]
solution properties:
-------------------  ----------
# communities         61
min community size    25
max community size   339
avg. community size   81.9508
modularity             0.854348
-------------------  ----------
104 community detected
NMI:0.1948232579136966
ARI:0.5229207144812049
__standard+PLP__
PLP detected communities in 0.19844579696655273 [s]
solution properties:
-------------------  ----------
# communities        536
min community size     1
max community size    74
avg. community size    9.32836
modularity             0.717427
-------------------  ----------
104 community detected
NMI:0.16440440801176537
ARI:0.3882261328600727
__ppmi__
Network Properties for:		G#69
nodes, edges			4999, 31044
directed?			False
weighted?			True
isolated nodes			1
self-loops			0
density				0.002485
clustering coefficient		0.391669
min/max/avg degree		0, 80, 12.420084
degree assortativity		0.306274
number of connected components	1
size of largest component	4999 (100.00 %)
tot:  187000.93710105584
__ppmi+Louvain__
PLM(balanced,pc,turbo) detected communities in 0.5252091884613037 [s]
solution properties:
-------------------  ----------
# communities         66
min community size    42
max community size   116
avg. community size   75.7424
modularity             0.817627
-------------------  ----------
104 community detected
NMI:0.0443784337762394
ARI:0.15953872479726205
__ppmi+PLP__
PLP detected communities in 0.11301875114440918 [s]
solution properties:
-------------------  ----------
# communities        106
min community size     1
max community size   100
avg. community size   47.1698
modularity             0.816843
-------------------  ----------
104 community detected
NMI:0.0027421992434724096
ARI:0.008748762545081834
__glovexmax50alpha0.2__
Network Properties for:		G#78
nodes, edges			4999, 31044
directed?			False
weighted?			True
isolated nodes			1
self-loops			0
density				0.002485
clustering coefficient		0.391669
min/max/avg degree		0, 80, 12.420084
degree assortativity		0.306274
number of connected components	1
size of largest component	4999 (100.00 %)
tot:  18136.795746897587
__glovexmax50alpha0.2+Louvain__
PLM(balanced,pc,turbo) detected communities in 0.4412527084350586 [s]
solution properties:
-------------------  ----------
# communities         70
min community size    37
max community size   127
avg. community size   71.4143
modularity             0.815755
-------------------  ----------
104 community detected
NMI:0.038435700783151505
ARI:0.14003608691286507
__glovexmax50alpha0.2+PLP__
PLP detected communities in 0.12551283836364746 [s]
solution properties:
-------------------  ----------
# communities        106
min community size     1
max community size   100
avg. community size   47.1698
modularity             0.814767
-------------------  ----------
104 community detected
NMI:0.001534791000862179
ARI:0.003501691077719249
__glovexmax40alpha0.2__
Network Properties for:		G#87
nodes, edges			4999, 31044
directed?			False
weighted?			True
isolated nodes			1
self-loops			0
density				0.002485
clustering coefficient		0.391669
min/max/avg degree		0, 80, 12.420084
degree assortativity		0.306274
number of connected components	1
size of largest component	4999 (100.00 %)
tot:  18964.354840543925
__glovexmax40alpha0.2+Louvain__
PLM(balanced,pc,turbo) detected communities in 0.4466550350189209 [s]
solution properties:
-------------------  ----------
# communities         69
min community size    37
max community size   116
avg. community size   72.4493
modularity             0.815842
-------------------  ----------
104 community detected
NMI:0.03910969513761697
ARI:0.13778724105217244
__glovexmax40alpha0.2+PLP__
PLP detected communities in 0.11649560928344727 [s]
solution properties:
-------------------  ----------
# communities        107
min community size     1
max community size   100
avg. community size   46.729
modularity             0.813793
-------------------  ----------
104 community detected
NMI:0.0020101008980109025
ARI:0.004352614559618884
__glovexmax30alpha0.3__
Network Properties for:		G#96
nodes, edges			4999, 31044
directed?			False
weighted?			True
isolated nodes			1
self-loops			0
density				0.002485
clustering coefficient		0.391669
min/max/avg degree		0, 80, 12.420084
degree assortativity		0.306274
number of connected components	1
size of largest component	4999 (100.00 %)
tot:  16592.3187560347
__glovexmax30alpha0.3+Louvain__
PLM(balanced,pc,turbo) detected communities in 0.41394996643066406 [s]
solution properties:
-------------------  ----------
# communities         62
min community size    43
max community size   132
avg. community size   80.629
modularity             0.817315
-------------------  ----------
104 community detected
NMI:0.05213446893362439
ARI:0.18965983264801445
__glovexmax30alpha0.3+PLP__
PLP detected communities in 0.12227082252502441 [s]
solution properties:
-------------------  ----------
# communities        106
min community size     1
max community size   100
avg. community size   47.1698
modularity             0.816484
-------------------  ----------
104 community detected
NMI:0.0020355170283873347
ARI:0.004757567979070898
NMI classement:
[('NMIglovexmax50alpha0.2+PLP', 0.001534791000862179), ('NMIglovexmax40alpha0.2+PLP', 0.0020101008980109025), ('NMIglovexmax30alpha0.3+PLP', 0.0020355170283873347), ('NMIppmi+PLP', 0.0027421992434724096), ('NMIglove+PLP', 0.0054857335699139975), ('NMIpmi+PLP', 0.0055413102783911095), ('NMIPLP', 0.007597491543624435), ('NMIpmi+Louvain', 0.03398723925353464), ('NMIglovexmax50alpha0.2+Louvain', 0.038435700783151505), ('NMIglovexmax40alpha0.2+Louvain', 0.03910969513761697), ('NMIppmi+Louvain', 0.0443784337762394), ('NMIglovexmax30alpha0.3+Louvain', 0.05213446893362439), ('NMILouvain', 0.06375575395510491), ('NMIglove+Louvain', 0.07648001662469806), ('NMIstandard+PLP', 0.16440440801176537), ('NMIstandard+Louvain', 0.1948232579136966), ('NMIiterative_rev_degree_order+PLP', 0.30444914669678746), ('NMISingleton', 0.304762170037969), ('NMIiterative_rev_degree_order+Louvain', 0.3956782702713322), ('NMIAllInOne', 1.0), ('NMIfake_pmi+Louvain', 1), ('NMIfake_pmi+PLP', 1)]
ARI classement:
[('ARIglovexmax50alpha0.2+PLP', 0.003501691077719249), ('ARIglovexmax40alpha0.2+PLP', 0.004352614559618884), ('ARIglovexmax30alpha0.3+PLP', 0.004757567979070898), ('ARIppmi+PLP', 0.008748762545081834), ('ARIglove+PLP', 0.013302658414548918), ('ARIpmi+PLP', 0.014214954776967437), ('ARIPLP', 0.015223395955890062), ('ARIpmi+Louvain', 0.11961446809310128), ('ARIglovexmax40alpha0.2+Louvain', 0.13778724105217244), ('ARIglovexmax50alpha0.2+Louvain', 0.14003608691286507), ('ARIppmi+Louvain', 0.15953872479726205), ('ARIglovexmax30alpha0.3+Louvain', 0.18965983264801445), ('ARILouvain', 0.22860179577737672), ('ARIglove+Louvain', 0.27901436990518025), ('ARIstandard+PLP', 0.3882261328600727), ('ARIstandard+Louvain', 0.5229207144812049), ('ARIiterative_rev_degree_order+Louvain', 0.7143493569787663), ('ARIiterative_rev_degree_order+PLP', 0.9394330575899679), ('ARISingleton', 1.0), ('ARIAllInOne', 1.0), ('ARIfake_pmi+Louvain', 1), ('ARIfake_pmi+PLP', 1)]
