__LOADINGS__
Network Properties for:		network
nodes, edges			5000, 47554
directed?			False
weighted?			True
isolated nodes			1
self-loops			0
density				0.003805
clustering coefficient		0.340701
min/max/avg degree		0, 360, 19.021600
degree assortativity		0.259490
number of connected components	2
size of largest component	4999 (99.98 %)
429561.4226880868
__Groundtruth__
read communities from: ../../lfr_5000/mk300/k20/muw0.2/48/community.dat
-------------------  -----------
# communities         30
min community size   122
max community size   240
avg. community size  166.667
modularity            -0.0051482
-------------------  -----------
30 community detected
__CLASSIC_METHODS__
__Louvain__
PLM(balanced,pc,turbo) detected communities in 0.3515889644622803 [s]
solution properties:
-------------------  ----------
# communities         23
min community size     1
max community size   485
avg. community size  217.391
modularity             0.543267
-------------------  ----------
30 community detected
NMI:0.9797822815695765
ARM:0.9998785226298653
__Singleton__
30 community detected
NMI:0.4312928153296596
ARM:1.0
__AllInOne__
30 community detected
NMI:1.0
ARM:1.0
__PLP__
PLP detected communities in 0.0907132625579834 [s]
solution properties:
-------------------  ----------
# communities         45
min community size     1
max community size   582
avg. community size  111.111
modularity             0.542297
-------------------  ----------
30 community detected
NMI:0.9606235997826863
ARM:0.999816441793433
__NORMALIZATION__
__glove__
Network Properties for:		G#21cc
nodes, edges			4999, 47554
directed?			False
weighted?			True
isolated nodes			0
self-loops			0
density				0.003807
clustering coefficient		0.340769
min/max/avg degree		3, 360, 19.025405
degree assortativity		0.259490
number of connected components	1
size of largest component	4999 (100.00 %)
tot:  6429.417882565148
__glove+Louvain__
PLM(balanced,pc,turbo) detected communities in 0.3140552043914795 [s]
solution properties:
-------------------  ----------
# communities         25
min community size     5
max community size   483
avg. community size  199.96
modularity             0.580134
-------------------  ----------
30 community detected
NMI:0.9768240313049109
ARM:0.9998194698253547
__glove+PLP__
PLP detected communities in 0.06522512435913086 [s]
solution properties:
-------------------  ----------
# communities         48
min community size     3
max community size   583
avg. community size  104.146
modularity             0.577813
-------------------  ----------
30 community detected
NMI:0.9579360256213953
ARM:0.9997191386103292
__fake_pmi__
Network Properties for:		G#40cc
nodes, edges			4999, 47554
directed?			False
weighted?			True
isolated nodes			0
self-loops			0
density				0.003807
clustering coefficient		0.340769
min/max/avg degree		3, 360, 19.025405
degree assortativity		0.259490
number of connected components	1
size of largest component	4999 (100.00 %)
tot:  0.0
__fake_pmi+Louvain__
1 community detected due to total edge weight equal 0
NMI:1
ARM:0.9997191386103292
__fake_pmi+PLP__
1 community detected due to total edge weight equal 0
NMI:1
ARM:0.9997191386103292
__iterative_rev_degree_order__
Network Properties for:		G#53cc
nodes, edges			4999, 47554
directed?			False
weighted?			True
isolated nodes			0
self-loops			0
density				0.003807
clustering coefficient		0.340769
min/max/avg degree		3, 360, 19.025405
degree assortativity		0.259490
number of connected components	1
size of largest component	4999 (100.00 %)
tot:  1410.2480445210515
__iterative_rev_degree_order+Louvain__
PLM(balanced,pc,turbo) detected communities in 0.6007635593414307 [s]
solution properties:
-------------------  ----------
# communities         75
min community size    13
max community size   157
avg. community size   66.6533
modularity             0.865652
-------------------  ----------
30 community detected
NMI:0.9364399675100366
ARM:0.999926384216776
__iterative_rev_degree_order+PLP__
PLP detected communities in 0.036951541900634766 [s]
solution properties:
-------------------  -----------
# communities        1532
min community size      2
max community size     13
avg. community size     3.26305
modularity              0.744208
-------------------  -----------
30 community detected
NMI:0.591787603130657
ARM:1.000101072981584
__pmi__
Network Properties for:		G#78cc
nodes, edges			4999, 47554
directed?			False
weighted?			True
isolated nodes			0
self-loops			0
density				0.003807
clustering coefficient		0.340769
min/max/avg degree		3, 360, 19.025405
degree assortativity		0.259490
number of connected components	1
size of largest component	4999 (100.00 %)
tot:  91064.02466502716
__pmi+Louvain__
PLM(balanced,pc,turbo) detected communities in 0.6820752620697021 [s]
solution properties:
-------------------  --------
# communities          33
min community size      1
max community size   1421
avg. community size   151.485
modularity              1.096
-------------------  --------
30 community detected
NMI:0.9654049594952192
ARM:0.9998347838508098
__pmi+PLP__
PLP detected communities in 127.09888958930969 [s]
solution properties:
-------------------  ---------
# communities        158
min community size     2
max community size   838
avg. community size   31.6392
modularity             1.05924
-------------------  ---------
30 community detected
NMI:0.9175915740307004
ARM:0.9993629265498248
__standard__
Network Properties for:		G#100cc
nodes, edges			4999, 47554
directed?			False
weighted?			True
isolated nodes			0
self-loops			0
density				0.003807
clustering coefficient		0.340769
min/max/avg degree		3, 360, 19.025405
degree assortativity		0.259490
number of connected components	1
size of largest component	4999 (100.00 %)
tot:  16.71473960866726
__standard+Louvain__
PLM(balanced,pc,turbo) detected communities in 0.5426976680755615 [s]
solution properties:
-------------------  ----------
# communities         62
min community size     2
max community size   469
avg. community size   80.629
modularity             0.890883
-------------------  ----------
30 community detected
NMI:0.9484673999542381
ARM:0.9994293108596835
__standard+PLP__
PLP detected communities in 0.13155484199523926 [s]
solution properties:
-------------------  -----------
# communities        1153
min community size      2
max community size     76
avg. community size     4.33565
modularity              0.728142
-------------------  -----------
30 community detected
NMI:0.6471273513153746
ARM:0.9998712175712522
__ppmi__
Network Properties for:		G#122cc
nodes, edges			4999, 47554
directed?			False
weighted?			True
isolated nodes			0
self-loops			0
density				0.003807
clustering coefficient		0.340769
min/max/avg degree		3, 360, 19.025405
degree assortativity		0.259490
number of connected components	1
size of largest component	4999 (100.00 %)
tot:  163881.54419444103
__ppmi+Louvain__
PLM(balanced,pc,turbo) detected communities in 0.39090538024902344 [s]
solution properties:
-------------------  ----------
# communities         32
min community size    10
max community size   458
avg. community size  156.219
modularity             0.672472
-------------------  ----------
30 community detected
NMI:0.968953766397647
ARM:0.9997409799089271
__ppmi+PLP__
PLP detected communities in 0.07179784774780273 [s]
solution properties:
-------------------  ----------
# communities         73
min community size     2
max community size   836
avg. community size   68.4795
modularity             0.668448
-------------------  ----------
30 community detected
NMI:0.9491970432844311
ARM:0.9997961763265402
__glovexmax50alpha0.2__
Network Properties for:		G#141cc
nodes, edges			4999, 47554
directed?			False
weighted?			True
isolated nodes			0
self-loops			0
density				0.003807
clustering coefficient		0.340769
min/max/avg degree		3, 360, 19.025405
degree assortativity		0.259490
number of connected components	1
size of largest component	4999 (100.00 %)
tot:  25549.50578983707
__glovexmax50alpha0.2+Louvain__
PLM(balanced,pc,turbo) detected communities in 0.40018630027770996 [s]
solution properties:
-------------------  ----------
# communities         27
min community size     8
max community size   471
avg. community size  185.148
modularity             0.638525
-------------------  ----------
30 community detected
NMI:0.9731832786968456
ARM:0.999724079724729
__glovexmax50alpha0.2+PLP__
PLP detected communities in 0.10788083076477051 [s]
solution properties:
-------------------  ----------
# communities         46
min community size     4
max community size   475
avg. community size  108.674
modularity             0.638326
-------------------  ----------
30 community detected
NMI:0.9582008895618664
ARM:0.999700165822926
__glovexmax40alpha0.2__
Network Properties for:		G#160cc
nodes, edges			4999, 47554
directed?			False
weighted?			True
isolated nodes			0
self-loops			0
density				0.003807
clustering coefficient		0.340769
min/max/avg degree		3, 360, 19.025405
degree assortativity		0.259490
number of connected components	1
size of largest component	4999 (100.00 %)
tot:  26650.641699725547
__glovexmax40alpha0.2+Louvain__
PLM(balanced,pc,turbo) detected communities in 0.39598679542541504 [s]
solution properties:
-------------------  ----------
# communities         24
min community size    68
max community size   471
avg. community size  208.292
modularity             0.639017
-------------------  ----------
30 community detected
NMI:0.9768055582812887
ARM:0.9997525440444703
__glovexmax40alpha0.2+PLP__
PLP detected communities in 0.10545563697814941 [s]
solution properties:
-------------------  ----------
# communities         47
min community size     4
max community size   475
avg. community size  106.362
modularity             0.638399
-------------------  ----------
30 community detected
NMI:0.9576526118760618
ARM:0.9997001406048017
__glovexmax30alpha0.3__
Network Properties for:		G#179cc
nodes, edges			4999, 47554
directed?			False
weighted?			True
isolated nodes			0
self-loops			0
density				0.003807
clustering coefficient		0.340769
min/max/avg degree		3, 360, 19.025405
degree assortativity		0.259490
number of connected components	1
size of largest component	4999 (100.00 %)
tot:  23739.22529898177
__glovexmax30alpha0.3+Louvain__
PLM(balanced,pc,turbo) detected communities in 0.5509209632873535 [s]
solution properties:
-------------------  ---------
# communities         22
min community size     8
max community size   474
avg. community size  227.227
modularity             0.63484
-------------------  ---------
30 community detected
NMI:0.9781153033773966
ARM:0.9995771408351026
__glovexmax30alpha0.3+PLP__
PLP detected communities in 0.07792448997497559 [s]
solution properties:
-------------------  ----------
# communities         46
min community size     4
max community size   475
avg. community size  108.674
modularity             0.634892
-------------------  ----------
30 community detected
NMI:0.9580814646698493
ARM:0.9996655652860422
