__LOADINGS__
Network Properties for:		network
nodes, edges			5000, 47554
directed?			False
weighted?			True
isolated nodes			1
self-loops			0
density				0.003805
clustering coefficient		0.340701
min/max/avg degree		0, 360, 19.021600
degree assortativity		0.259490
number of connected components	2
size of largest component	4999 (99.98 %)
429561.4226880868
__Groundtruth__
read communities from: ../../lfr_5000/mk300/k20/muw0.2/48/community.dat
-------------------  -----------
# communities         30
min community size   122
max community size   240
avg. community size  166.667
modularity            -0.0051482
-------------------  -----------
30 community detected
[1/90]: reference_model/mk300k25muw0.4.model0.dat
             precision    recall  f1-score   support

          0       0.96      0.25      0.39     45841
          1       0.04      0.74      0.07      1713

avg / total       0.93      0.26      0.38     47554

Confusion matrix:
[[11259 34582]
 [  447  1266]]
Importance of features:
[0.19764012 0.21533923 0.21386431 0.19075713 0.18239921]
[2/90]: reference_model/mk100k20muw0.4.model1.dat
             precision    recall  f1-score   support

          0       0.96      0.33      0.50     45841
          1       0.03      0.64      0.07      1713

avg / total       0.93      0.34      0.48     47554

Confusion matrix:
[[15298 30543]
 [  618  1095]]
Importance of features:
[0.14987469 0.21353383 0.20701754 0.23909774 0.1904762 ]
[3/90]: reference_model/mk300k20muw0.4.model2.dat
             precision    recall  f1-score   support

          0       0.96      0.24      0.39     45841
          1       0.04      0.76      0.07      1713

avg / total       0.93      0.26      0.37     47554

Confusion matrix:
[[11058 34783]
 [  414  1299]]
Importance of features:
[0.21138996 0.22635135 0.19111969 0.1722973  0.1988417 ]
[4/90]: reference_model/mk300k20muw0.4.model3.dat
             precision    recall  f1-score   support

          0       0.96      0.24      0.39     45841
          1       0.04      0.76      0.07      1713

avg / total       0.93      0.26      0.37     47554

Confusion matrix:
[[11058 34783]
 [  414  1299]]
Importance of features:
[0.21138996 0.22635135 0.19111969 0.1722973  0.1988417 ]
[5/90]: reference_model/mk300k15muw0.4.model4.dat
             precision    recall  f1-score   support

          0       0.96      0.23      0.37     45841
          1       0.04      0.77      0.07      1713

avg / total       0.93      0.25      0.36     47554

Confusion matrix:
[[10349 35492]
 [  399  1314]]
Importance of features:
[0.23644578 0.21636546 0.17921686 0.18624498 0.1817269 ]
[6/90]: reference_model/mk500k15muw0.4.model5.dat
             precision    recall  f1-score   support

          0       0.96      0.19      0.32     45841
          1       0.04      0.80      0.07      1713

avg / total       0.93      0.21      0.31     47554

Confusion matrix:
[[ 8752 37089]
 [  340  1373]]
Importance of features:
[0.23721163 0.20962888 0.17352057 0.16449349 0.21514544]
[7/90]: reference_model/mk100k15muw0.4.model6.dat
             precision    recall  f1-score   support

          0       0.96      0.19      0.32     45841
          1       0.03      0.78      0.07      1713

avg / total       0.93      0.21      0.31     47554

Confusion matrix:
[[ 8787 37054]
 [  373  1340]]
Importance of features:
[0.20738493 0.18462317 0.19221042 0.21598381 0.19979768]
[8/90]: reference_model/mk500k20muw0.4.model7.dat
             precision    recall  f1-score   support

          0       0.96      0.20      0.34     45841
          1       0.04      0.78      0.07      1713

avg / total       0.93      0.23      0.33     47554

Confusion matrix:
[[ 9392 36449]
 [  378  1335]]
Importance of features:
[0.19845486 0.21583776 0.1921777  0.19652341 0.19700627]
[9/90]: reference_model/mk100k20muw0.4.model8.dat
             precision    recall  f1-score   support

          0       0.96      0.33      0.50     45841
          1       0.03      0.64      0.07      1713

avg / total       0.93      0.34      0.48     47554

Confusion matrix:
[[15298 30543]
 [  618  1095]]
Importance of features:
[0.14987469 0.21353383 0.20701754 0.23909774 0.1904762 ]
[10/90]: reference_model/mk500k20muw0.4.model9.dat
             precision    recall  f1-score   support

          0       0.96      0.20      0.34     45841
          1       0.04      0.78      0.07      1713

avg / total       0.93      0.23      0.33     47554

Confusion matrix:
[[ 9392 36449]
 [  378  1335]]
Importance of features:
[0.19845486 0.21583776 0.1921777  0.19652341 0.19700627]
[11/90]: reference_model/mk500k20muw0.2.model10.dat
             precision    recall  f1-score   support

          0       0.95      0.06      0.11     45841
          1       0.04      0.92      0.07      1713

avg / total       0.92      0.09      0.11     47554

Confusion matrix:
[[ 2782 43059]
 [  132  1581]]
Importance of features:
[0.2188952  0.20650491 0.1765617  0.21218379 0.18585442]
[12/90]: reference_model/mk300k15muw0.2.model11.dat
             precision    recall  f1-score   support

          0       0.96      0.09      0.16     45841
          1       0.04      0.91      0.07      1713

avg / total       0.93      0.12      0.15     47554

Confusion matrix:
[[ 3935 41906]
 [  154  1559]]
Importance of features:
[0.26180905 0.19849247 0.14522614 0.16733669 0.22713567]
[13/90]: reference_model/mk100k20muw0.2.model12.dat
             precision    recall  f1-score   support

          0       0.96      0.38      0.55     45841
          1       0.04      0.63      0.07      1713

avg / total       0.93      0.39      0.53     47554

Confusion matrix:
[[17439 28402]
 [  636  1077]]
Importance of features:
[0.18442623 0.20133197 0.19467214 0.23155738 0.1880123 ]
[14/90]: reference_model/mk500k15muw0.2.model13.dat
             precision    recall  f1-score   support

          0       0.96      0.07      0.14     45841
          1       0.04      0.91      0.07      1713

avg / total       0.92      0.10      0.14     47554

Confusion matrix:
[[ 3402 42439]
 [  151  1562]]
Importance of features:
[0.2821758  0.1845556  0.1457018  0.1704711  0.21709567]
[15/90]: reference_model/mk500k25muw0.2.model14.dat
             precision    recall  f1-score   support

          0       0.96      0.09      0.17     45841
          1       0.04      0.90      0.07      1713

avg / total       0.93      0.12      0.16     47554

Confusion matrix:
[[ 4196 41645]
 [  179  1534]]
Importance of features:
[0.18267795 0.25833747 0.17869587 0.20856148 0.17172723]
[16/90]: reference_model/mk300k15muw0.2.model15.dat
             precision    recall  f1-score   support

          0       0.96      0.09      0.16     45841
          1       0.04      0.91      0.07      1713

avg / total       0.93      0.12      0.15     47554

Confusion matrix:
[[ 3935 41906]
 [  154  1559]]
Importance of features:
[0.26180905 0.19849247 0.14522614 0.16733669 0.22713567]
[17/90]: reference_model/mk100k15muw0.2.model16.dat
             precision    recall  f1-score   support

          0       0.96      0.23      0.37     45841
          1       0.04      0.76      0.07      1713

avg / total       0.93      0.25      0.36     47554

Confusion matrix:
[[10465 35376]
 [  419  1294]]
Importance of features:
[0.22274144 0.1879543  0.1827622  0.23364486 0.17289719]
[18/90]: reference_model/mk300k15muw0.2.model17.dat
             precision    recall  f1-score   support

          0       0.96      0.09      0.16     45841
          1       0.04      0.91      0.07      1713

avg / total       0.93      0.12      0.15     47554

Confusion matrix:
[[ 3935 41906]
 [  154  1559]]
Importance of features:
[0.26180905 0.19849247 0.14522614 0.16733669 0.22713567]
[19/90]: reference_model/mk100k20muw0.2.model18.dat
             precision    recall  f1-score   support

          0       0.96      0.38      0.55     45841
          1       0.04      0.63      0.07      1713

avg / total       0.93      0.39      0.53     47554

Confusion matrix:
[[17439 28402]
 [  636  1077]]
Importance of features:
[0.18442623 0.20133197 0.19467214 0.23155738 0.1880123 ]
[20/90]: reference_model/mk500k20muw0.2.model19.dat
             precision    recall  f1-score   support

          0       0.95      0.06      0.11     45841
          1       0.04      0.92      0.07      1713

avg / total       0.92      0.09      0.11     47554

Confusion matrix:
[[ 2782 43059]
 [  132  1581]]
Importance of features:
[0.2188952  0.20650491 0.1765617  0.21218379 0.18585442]
[21/90]: reference_model/mk300k20muw0.3.model20.dat
             precision    recall  f1-score   support

          0       0.96      0.15      0.26     45841
          1       0.04      0.83      0.07      1713

avg / total       0.93      0.17      0.25     47554

Confusion matrix:
[[ 6878 38963]
 [  283  1430]]
Importance of features:
[0.2446289  0.19091797 0.17138672 0.19238281 0.2006836 ]
[22/90]: reference_model/mk300k20muw0.3.model21.dat
             precision    recall  f1-score   support

          0       0.96      0.15      0.26     45841
          1       0.04      0.83      0.07      1713

avg / total       0.93      0.17      0.25     47554

Confusion matrix:
[[ 6878 38963]
 [  283  1430]]
Importance of features:
[0.2446289  0.19091797 0.17138672 0.19238281 0.2006836 ]
[23/90]: reference_model/mk300k20muw0.3.model22.dat
             precision    recall  f1-score   support

          0       0.96      0.15      0.26     45841
          1       0.04      0.83      0.07      1713

avg / total       0.93      0.17      0.25     47554

Confusion matrix:
[[ 6878 38963]
 [  283  1430]]
Importance of features:
[0.2446289  0.19091797 0.17138672 0.19238281 0.2006836 ]
[24/90]: reference_model/mk300k20muw0.3.model23.dat
             precision    recall  f1-score   support

          0       0.96      0.15      0.26     45841
          1       0.04      0.83      0.07      1713

avg / total       0.93      0.17      0.25     47554

Confusion matrix:
[[ 6878 38963]
 [  283  1430]]
Importance of features:
[0.2446289  0.19091797 0.17138672 0.19238281 0.2006836 ]
[25/90]: reference_model/mk300k15muw0.3.model24.dat
             precision    recall  f1-score   support

          0       0.96      0.12      0.22     45841
          1       0.04      0.87      0.07      1713

avg / total       0.93      0.15      0.21     47554

Confusion matrix:
[[ 5594 40247]
 [  229  1484]]
Importance of features:
[0.25915948 0.1950431  0.15894397 0.20905173 0.17780173]
[26/90]: reference_model/mk300k25muw0.3.model25.dat
             precision    recall  f1-score   support

          0       0.96      0.23      0.37     45841
          1       0.04      0.76      0.07      1713

avg / total       0.93      0.24      0.35     47554

Confusion matrix:
[[10328 35513]
 [  413  1300]]
Importance of features:
[0.16503428 0.21057786 0.2238002  0.22575906 0.1748286 ]
[27/90]: reference_model/mk100k15muw0.3.model26.dat
             precision    recall  f1-score   support

          0       0.96      0.21      0.35     45841
          1       0.04      0.77      0.07      1713

avg / total       0.93      0.23      0.34     47554

Confusion matrix:
[[ 9770 36071]
 [  398  1315]]
Importance of features:
[0.20265618 0.19134285 0.18445647 0.23413675 0.18740778]
[28/90]: reference_model/mk500k15muw0.3.model27.dat
             precision    recall  f1-score   support

          0       0.96      0.12      0.21     45841
          1       0.04      0.87      0.07      1713

avg / total       0.93      0.14      0.20     47554

Confusion matrix:
[[ 5369 40472]
 [  221  1492]]
Importance of features:
[0.25457242 0.16757292 0.1507662  0.19327731 0.23381117]
[29/90]: reference_model/mk300k25muw0.3.model28.dat
             precision    recall  f1-score   support

          0       0.96      0.23      0.37     45841
          1       0.04      0.76      0.07      1713

avg / total       0.93      0.24      0.35     47554

Confusion matrix:
[[10328 35513]
 [  413  1300]]
Importance of features:
[0.16503428 0.21057786 0.2238002  0.22575906 0.1748286 ]
[30/90]: reference_model/mk300k20muw0.3.model29.dat
             precision    recall  f1-score   support

          0       0.96      1.00      0.98     45841
          1       0.00      0.00      0.00      1713

avg / total       0.93      0.96      0.95     47554

Confusion matrix:
[[45841     0]
 [ 1713     0]]
Importance of features:
[0.20055866 0.20726258 0.20167598 0.16927375 0.22122905]
[31/90]: reference_model/mk300k15muw0.2.model30.dat
             precision    recall  f1-score   support

          0       0.96      0.09      0.16     45841
          1       0.04      0.91      0.07      1713

avg / total       0.93      0.12      0.15     47554

Confusion matrix:
[[ 3935 41906]
 [  154  1559]]
Importance of features:
[0.26180905 0.19849247 0.14522614 0.16733669 0.22713567]
[32/90]: reference_model/mk300k15muw0.4.model31.dat
             precision    recall  f1-score   support

          0       0.96      0.27      0.42     45841
          1       0.04      0.72      0.07      1713

avg / total       0.93      0.28      0.40     47554

Confusion matrix:
[[12194 33647]
 [  473  1240]]
Importance of features:
[0.2353823  0.20589705 0.1884058  0.16791604 0.2023988 ]
[33/90]: reference_model/mk500k15muw0.2.model32.dat
             precision    recall  f1-score   support

          0       0.96      0.07      0.14     45841
          1       0.04      0.91      0.07      1713

avg / total       0.92      0.10      0.14     47554

Confusion matrix:
[[ 3402 42439]
 [  151  1562]]
Importance of features:
[0.2821758  0.1845556  0.1457018  0.1704711  0.21709567]
[34/90]: reference_model/mk500k15muw0.3.model33.dat
             precision    recall  f1-score   support

          0       0.96      0.12      0.21     45841
          1       0.04      0.87      0.07      1713

avg / total       0.93      0.14      0.20     47554

Confusion matrix:
[[ 5369 40472]
 [  221  1492]]
Importance of features:
[0.25457242 0.16757292 0.1507662  0.19327731 0.23381117]
[35/90]: reference_model/mk300k15muw0.2.model34.dat
             precision    recall  f1-score   support

          0       0.96      0.09      0.16     45841
          1       0.04      0.91      0.07      1713

avg / total       0.93      0.12      0.15     47554

Confusion matrix:
[[ 3935 41906]
 [  154  1559]]
Importance of features:
[0.26180905 0.19849247 0.14522614 0.16733669 0.22713567]
[36/90]: reference_model/mk500k15muw0.2.model35.dat
             precision    recall  f1-score   support

          0       0.96      0.07      0.14     45841
          1       0.04      0.91      0.07      1713

avg / total       0.92      0.10      0.14     47554

Confusion matrix:
[[ 3402 42439]
 [  151  1562]]
Importance of features:
[0.2821758  0.1845556  0.1457018  0.1704711  0.21709567]
[37/90]: reference_model/mk500k15muw0.2.model36.dat
             precision    recall  f1-score   support

          0       0.96      0.07      0.14     45841
          1       0.04      0.91      0.07      1713

avg / total       0.92      0.10      0.14     47554

Confusion matrix:
[[ 3402 42439]
 [  151  1562]]
Importance of features:
[0.2821758  0.1845556  0.1457018  0.1704711  0.21709567]
[38/90]: reference_model/mk300k15muw0.4.model37.dat
             precision    recall  f1-score   support

          0       0.96      0.23      0.37     45841
          1       0.04      0.77      0.07      1713

avg / total       0.93      0.25      0.36     47554

Confusion matrix:
[[10349 35492]
 [  399  1314]]
Importance of features:
[0.23644578 0.21636546 0.17921686 0.18624498 0.1817269 ]
[39/90]: reference_model/mk100k15muw0.3.model38.dat
             precision    recall  f1-score   support

          0       0.96      0.21      0.35     45841
          1       0.04      0.77      0.07      1713

avg / total       0.93      0.23      0.34     47554

Confusion matrix:
[[ 9770 36071]
 [  398  1315]]
Importance of features:
[0.20265618 0.19134285 0.18445647 0.23413675 0.18740778]
[40/90]: reference_model/mk100k15muw0.4.model39.dat
             precision    recall  f1-score   support

          0       0.96      0.19      0.32     45841
          1       0.03      0.78      0.07      1713

avg / total       0.93      0.21      0.31     47554

Confusion matrix:
[[ 8787 37054]
 [  373  1340]]
Importance of features:
[0.20738493 0.18462317 0.19221042 0.21598381 0.19979768]
[41/90]: reference_model/mk100k20muw0.3.model40.dat
             precision    recall  f1-score   support

          0       0.96      0.44      0.61     45841
          1       0.04      0.55      0.07      1713

avg / total       0.93      0.45      0.59     47554

Confusion matrix:
[[20397 25444]
 [  766   947]]
Importance of features:
[0.17603183 0.1735455  0.2347091  0.24017902 0.17553456]
[42/90]: reference_model/mk500k20muw0.4.model41.dat
             precision    recall  f1-score   support

          0       0.96      0.20      0.34     45841
          1       0.04      0.78      0.07      1713

avg / total       0.93      0.23      0.33     47554

Confusion matrix:
[[ 9392 36449]
 [  378  1335]]
Importance of features:
[0.19845486 0.21583776 0.1921777  0.19652341 0.19700627]
[43/90]: reference_model/mk500k20muw0.4.model42.dat
             precision    recall  f1-score   support

          0       0.96      0.20      0.34     45841
          1       0.04      0.78      0.07      1713

avg / total       0.93      0.23      0.33     47554

Confusion matrix:
[[ 9392 36449]
 [  378  1335]]
Importance of features:
[0.19845486 0.21583776 0.1921777  0.19652341 0.19700627]
[44/90]: reference_model/mk100k20muw0.4.model43.dat
             precision    recall  f1-score   support

          0       0.96      0.33      0.50     45841
          1       0.03      0.64      0.07      1713

avg / total       0.93      0.34      0.48     47554

Confusion matrix:
[[15298 30543]
 [  618  1095]]
Importance of features:
[0.14987469 0.21353383 0.20701754 0.23909774 0.1904762 ]
[45/90]: reference_model/mk500k20muw0.3.model44.dat
             precision    recall  f1-score   support

          0       0.96      0.14      0.24     45841
          1       0.04      0.85      0.07      1713

avg / total       0.93      0.16      0.23     47554

Confusion matrix:
[[ 6278 39563]
 [  260  1453]]
Importance of features:
[0.20040384 0.23220596 0.18980312 0.20545179 0.17213528]
[46/90]: reference_model/mk300k20muw0.2.model45.dat
             precision    recall  f1-score   support

          0       0.96      0.12      0.21     45841
          1       0.04      0.87      0.07      1713

avg / total       0.93      0.15      0.21     47554

Confusion matrix:
[[ 5492 40349]
 [  226  1487]]
Importance of features:
[0.18968213 0.2094841  0.19228765 0.22511725 0.18342887]
[47/90]: reference_model/mk300k20muw0.3.model46.dat
             precision    recall  f1-score   support

          0       0.96      0.15      0.26     45841
          1       0.04      0.83      0.07      1713

avg / total       0.93      0.17      0.25     47554

Confusion matrix:
[[ 6878 38963]
 [  283  1430]]
Importance of features:
[0.2446289  0.19091797 0.17138672 0.19238281 0.2006836 ]
[48/90]: reference_model/mk500k20muw0.3.model47.dat
             precision    recall  f1-score   support

          0       0.96      0.14      0.24     45841
          1       0.04      0.85      0.07      1713

avg / total       0.93      0.16      0.23     47554

Confusion matrix:
[[ 6278 39563]
 [  260  1453]]
Importance of features:
[0.20040384 0.23220596 0.18980312 0.20545179 0.17213528]
[49/90]: reference_model/mk300k20muw0.2.model48.dat
             precision    recall  f1-score   support

          0       0.96      0.12      0.21     45841
          1       0.04      0.87      0.07      1713

avg / total       0.93      0.15      0.21     47554

Confusion matrix:
[[ 5492 40349]
 [  226  1487]]
Importance of features:
[0.18968213 0.2094841  0.19228765 0.22511725 0.18342887]
[50/90]: reference_model/mk300k20muw0.3.model49.dat
             precision    recall  f1-score   support

          0       0.96      0.15      0.26     45841
          1       0.04      0.83      0.07      1713

avg / total       0.93      0.17      0.25     47554

Confusion matrix:
[[ 6878 38963]
 [  283  1430]]
Importance of features:
[0.2446289  0.19091797 0.17138672 0.19238281 0.2006836 ]
[51/90]: reference_model/mk500k25muw0.3.model50.dat
             precision    recall  f1-score   support

          0       0.96      0.12      0.21     45841
          1       0.04      0.86      0.07      1713

avg / total       0.92      0.14      0.21     47554

Confusion matrix:
[[ 5426 40415]
 [  244  1469]]
Importance of features:
[0.2168119  0.26550487 0.18657099 0.1768324  0.15427986]
[52/90]: reference_model/mk300k25muw0.2.model51.dat
             precision    recall  f1-score   support

          0       0.96      0.17      0.29     45841
          1       0.04      0.82      0.07      1713

avg / total       0.93      0.20      0.28     47554

Confusion matrix:
[[ 7907 37934]
 [  305  1408]]
Importance of features:
[0.20226377 0.21062993 0.17864174 0.22096457 0.1875    ]
[53/90]: reference_model/mk300k25muw0.3.model52.dat
             precision    recall  f1-score   support

          0       0.96      0.23      0.37     45841
          1       0.04      0.76      0.07      1713

avg / total       0.93      0.24      0.35     47554

Confusion matrix:
[[10328 35513]
 [  413  1300]]
Importance of features:
[0.16503428 0.21057786 0.2238002  0.22575906 0.1748286 ]
[54/90]: reference_model/mk300k25muw0.4.model53.dat
             precision    recall  f1-score   support

          0       0.96      0.25      0.39     45841
          1       0.04      0.74      0.07      1713

avg / total       0.93      0.26      0.38     47554

Confusion matrix:
[[11259 34582]
 [  447  1266]]
Importance of features:
[0.19764012 0.21533923 0.21386431 0.19075713 0.18239921]
[55/90]: reference_model/mk100k25muw0.4.model54.dat
             precision    recall  f1-score   support

          0       0.96      0.57      0.72     45841
          1       0.03      0.40      0.06      1713

avg / total       0.93      0.57      0.70     47554

Confusion matrix:
[[26356 19485]
 [ 1027   686]]
Importance of features:
[0.16218956 0.18398379 0.2321338  0.2584896  0.16320324]
[56/90]: reference_model/mk100k25muw0.4.model55.dat
             precision    recall  f1-score   support

          0       0.96      0.57      0.72     45841
          1       0.03      0.40      0.06      1713

avg / total       0.93      0.57      0.70     47554

Confusion matrix:
[[26356 19485]
 [ 1027   686]]
Importance of features:
[0.16218956 0.18398379 0.2321338  0.2584896  0.16320324]
[57/90]: reference_model/mk100k25muw0.2.model56.dat
             precision    recall  f1-score   support

          0       0.97      0.43      0.59     45841
          1       0.04      0.61      0.07      1713

avg / total       0.93      0.43      0.57     47554

Confusion matrix:
[[19557 26284]
 [  668  1045]]
Importance of features:
[0.1647586  0.19462419 0.19711299 0.2543554  0.18914883]
[58/90]: reference_model/mk300k25muw0.4.model57.dat
             precision    recall  f1-score   support

          0       0.96      0.25      0.39     45841
          1       0.04      0.74      0.07      1713

avg / total       0.93      0.26      0.38     47554

Confusion matrix:
[[11259 34582]
 [  447  1266]]
Importance of features:
[0.19764012 0.21533923 0.21386431 0.19075713 0.18239921]
[59/90]: reference_model/mk500k25muw0.2.model58.dat
             precision    recall  f1-score   support

          0       0.96      0.11      0.20     45841
          1       0.04      0.87      0.07      1713

avg / total       0.93      0.14      0.20     47554

Confusion matrix:
[[ 5135 40706]
 [  221  1492]]
Importance of features:
[0.22440746 0.2521432  0.16288452 0.1785174  0.1820474 ]
[60/90]: reference_model/mk100k25muw0.2.model59.dat
             precision    recall  f1-score   support

          0       0.97      0.43      0.59     45841
          1       0.04      0.61      0.07      1713

avg / total       0.93      0.43      0.57     47554

Confusion matrix:
[[19557 26284]
 [  668  1045]]
Importance of features:
[0.1647586  0.19462419 0.19711299 0.2543554  0.18914883]
[61/90]: reference_model/mk300k15muw0.3.model60.dat
             precision    recall  f1-score   support

          0       0.96      0.12      0.22     45841
          1       0.04      0.87      0.07      1713

avg / total       0.93      0.15      0.21     47554

Confusion matrix:
[[ 5594 40247]
 [  229  1484]]
Importance of features:
[0.25915948 0.1950431  0.15894397 0.20905173 0.17780173]
[62/90]: reference_model/mk300k15muw0.3.model61.dat
             precision    recall  f1-score   support

          0       0.96      0.12      0.22     45841
          1       0.04      0.87      0.07      1713

avg / total       0.93      0.15      0.21     47554

Confusion matrix:
[[ 5594 40247]
 [  229  1484]]
Importance of features:
[0.25915948 0.1950431  0.15894397 0.20905173 0.17780173]
[63/90]: reference_model/mk300k25muw0.2.model62.dat
             precision    recall  f1-score   support

          0       0.96      0.17      0.29     45841
          1       0.04      0.82      0.07      1713

avg / total       0.93      0.20      0.28     47554

Confusion matrix:
[[ 7907 37934]
 [  305  1408]]
Importance of features:
[0.20226377 0.21062993 0.17864174 0.22096457 0.1875    ]
[64/90]: reference_model/mk300k25muw0.4.model63.dat
             precision    recall  f1-score   support

          0       0.96      0.25      0.39     45841
          1       0.04      0.74      0.07      1713

avg / total       0.93      0.26      0.38     47554

Confusion matrix:
[[11259 34582]
 [  447  1266]]
Importance of features:
[0.19764012 0.21533923 0.21386431 0.19075713 0.18239921]
[65/90]: reference_model/mk300k20muw0.4.model64.dat
             precision    recall  f1-score   support

          0       0.96      0.24      0.39     45841
          1       0.04      0.76      0.07      1713

avg / total       0.93      0.26      0.37     47554

Confusion matrix:
[[11058 34783]
 [  414  1299]]
Importance of features:
[0.21138996 0.22635135 0.19111969 0.1722973  0.1988417 ]
[66/90]: reference_model/mk300k20muw0.2.model65.dat
             precision    recall  f1-score   support

          0       0.96      0.12      0.21     45841
          1       0.04      0.87      0.07      1713

avg / total       0.93      0.15      0.21     47554

Confusion matrix:
[[ 5492 40349]
 [  226  1487]]
Importance of features:
[0.18968213 0.2094841  0.19228765 0.22511725 0.18342887]
[67/90]: reference_model/mk300k20muw0.2.model66.dat
             precision    recall  f1-score   support

          0       0.96      0.12      0.21     45841
          1       0.04      0.87      0.07      1713

avg / total       0.93      0.15      0.21     47554

Confusion matrix:
[[ 5492 40349]
 [  226  1487]]
Importance of features:
[0.18968213 0.2094841  0.19228765 0.22511725 0.18342887]
[68/90]: reference_model/mk300k15muw0.3.model67.dat
             precision    recall  f1-score   support

          0       0.96      0.12      0.22     45841
          1       0.04      0.87      0.07      1713

avg / total       0.93      0.15      0.21     47554

Confusion matrix:
[[ 5594 40247]
 [  229  1484]]
Importance of features:
[0.25915948 0.1950431  0.15894397 0.20905173 0.17780173]
[69/90]: reference_model/mk300k15muw0.4.model68.dat
             precision    recall  f1-score   support

          0       0.96      0.23      0.37     45841
          1       0.04      0.77      0.07      1713

avg / total       0.93      0.25      0.36     47554

Confusion matrix:
[[10349 35492]
 [  399  1314]]
Importance of features:
[0.23644578 0.21636546 0.17921686 0.18624498 0.1817269 ]
[70/90]: reference_model/mk300k15muw0.4.model69.dat
             precision    recall  f1-score   support

          0       0.96      0.23      0.37     45841
          1       0.04      0.77      0.07      1713

avg / total       0.93      0.25      0.36     47554

Confusion matrix:
[[10349 35492]
 [  399  1314]]
Importance of features:
[0.23644578 0.21636546 0.17921686 0.18624498 0.1817269 ]
[71/90]: reference_model/mk500k25muw0.2.model70.dat
             precision    recall  f1-score   support

          0       0.96      0.09      0.17     45841
          1       0.04      0.90      0.07      1713

avg / total       0.93      0.12      0.16     47554

Confusion matrix:
[[ 4196 41645]
 [  179  1534]]
Importance of features:
[0.18267795 0.25833747 0.17869587 0.20856148 0.17172723]
[72/90]: reference_model/mk500k20muw0.3.model71.dat
             precision    recall  f1-score   support

          0       0.96      0.14      0.24     45841
          1       0.04      0.85      0.07      1713

avg / total       0.93      0.16      0.23     47554

Confusion matrix:
[[ 6278 39563]
 [  260  1453]]
Importance of features:
[0.20040384 0.23220596 0.18980312 0.20545179 0.17213528]
[73/90]: reference_model/mk500k15muw0.3.model72.dat
             precision    recall  f1-score   support

          0       0.96      0.12      0.21     45841
          1       0.04      0.87      0.07      1713

avg / total       0.93      0.14      0.20     47554

Confusion matrix:
[[ 5369 40472]
 [  221  1492]]
Importance of features:
[0.25457242 0.16757292 0.1507662  0.19327731 0.23381117]
[74/90]: reference_model/mk500k25muw0.3.model73.dat
             precision    recall  f1-score   support

          0       0.96      0.12      0.21     45841
          1       0.04      0.86      0.07      1713

avg / total       0.92      0.14      0.21     47554

Confusion matrix:
[[ 5426 40415]
 [  244  1469]]
Importance of features:
[0.2168119  0.26550487 0.18657099 0.1768324  0.15427986]
[75/90]: reference_model/mk500k25muw0.2.model74.dat
             precision    recall  f1-score   support

          0       0.96      0.09      0.17     45841
          1       0.04      0.90      0.07      1713

avg / total       0.93      0.12      0.16     47554

Confusion matrix:
[[ 4196 41645]
 [  179  1534]]
Importance of features:
[0.18267795 0.25833747 0.17869587 0.20856148 0.17172723]
[76/90]: reference_model/mk500k15muw0.2.model75.dat
             precision    recall  f1-score   support

          0       0.96      0.07      0.14     45841
          1       0.04      0.91      0.07      1713

avg / total       0.92      0.10      0.14     47554

Confusion matrix:
[[ 3402 42439]
 [  151  1562]]
Importance of features:
[0.2821758  0.1845556  0.1457018  0.1704711  0.21709567]
[77/90]: reference_model/mk500k25muw0.4.model76.dat
             precision    recall  f1-score   support

          0       0.96      0.26      0.41     45841
          1       0.04      0.73      0.07      1713

avg / total       0.93      0.28      0.40     47554

Confusion matrix:
[[11988 33853]
 [  463  1250]]
Importance of features:
[0.1406637  0.25903913 0.2060426  0.19019316 0.20406142]
[78/90]: reference_model/mk500k25muw0.4.model77.dat
             precision    recall  f1-score   support

          0       0.96      0.26      0.41     45841
          1       0.04      0.73      0.07      1713

avg / total       0.93      0.28      0.40     47554

Confusion matrix:
[[11988 33853]
 [  463  1250]]
Importance of features:
[0.1406637  0.25903913 0.2060426  0.19019316 0.20406142]
[79/90]: reference_model/mk500k25muw0.4.model78.dat
             precision    recall  f1-score   support

          0       0.96      0.26      0.41     45841
          1       0.04      0.73      0.07      1713

avg / total       0.93      0.28      0.40     47554

Confusion matrix:
[[11988 33853]
 [  463  1250]]
Importance of features:
[0.1406637  0.25903913 0.2060426  0.19019316 0.20406142]
[80/90]: reference_model/mk500k25muw0.3.model79.dat
             precision    recall  f1-score   support

          0       0.96      0.12      0.21     45841
          1       0.04      0.86      0.07      1713

avg / total       0.92      0.14      0.21     47554

Confusion matrix:
[[ 5426 40415]
 [  244  1469]]
Importance of features:
[0.2168119  0.26550487 0.18657099 0.1768324  0.15427986]
[81/90]: reference_model/mk100k15muw0.4.model80.dat
             precision    recall  f1-score   support

          0       0.96      0.19      0.32     45841
          1       0.03      0.78      0.07      1713

avg / total       0.93      0.21      0.31     47554

Confusion matrix:
[[ 8787 37054]
 [  373  1340]]
Importance of features:
[0.20738493 0.18462317 0.19221042 0.21598381 0.19979768]
[82/90]: reference_model/mk100k15muw0.4.model81.dat
             precision    recall  f1-score   support

          0       0.96      0.19      0.32     45841
          1       0.03      0.78      0.07      1713

avg / total       0.93      0.21      0.31     47554

Confusion matrix:
[[ 8787 37054]
 [  373  1340]]
Importance of features:
[0.20738493 0.18462317 0.19221042 0.21598381 0.19979768]
[83/90]: reference_model/mk100k20muw0.2.model82.dat
             precision    recall  f1-score   support

          0       0.96      0.38      0.55     45841
          1       0.04      0.63      0.07      1713

avg / total       0.93      0.39      0.53     47554

Confusion matrix:
[[17439 28402]
 [  636  1077]]
Importance of features:
[0.18442623 0.20133197 0.19467214 0.23155738 0.1880123 ]
[84/90]: reference_model/mk100k15muw0.2.model83.dat
             precision    recall  f1-score   support

          0       0.96      0.23      0.37     45841
          1       0.04      0.76      0.07      1713

avg / total       0.93      0.25      0.36     47554

Confusion matrix:
[[10465 35376]
 [  419  1294]]
Importance of features:
[0.22274144 0.1879543  0.1827622  0.23364486 0.17289719]
[85/90]: reference_model/mk100k15muw0.4.model84.dat
             precision    recall  f1-score   support

          0       0.96      0.19      0.32     45841
          1       0.03      0.78      0.07      1713

avg / total       0.93      0.21      0.31     47554

Confusion matrix:
[[ 8787 37054]
 [  373  1340]]
Importance of features:
[0.20738493 0.18462317 0.19221042 0.21598381 0.19979768]
[86/90]: reference_model/mk100k15muw0.3.model85.dat
             precision    recall  f1-score   support

          0       0.96      0.21      0.35     45841
          1       0.04      0.77      0.07      1713

avg / total       0.93      0.23      0.34     47554

Confusion matrix:
[[ 9770 36071]
 [  398  1315]]
Importance of features:
[0.20265618 0.19134285 0.18445647 0.23413675 0.18740778]
[87/90]: reference_model/mk100k20muw0.4.model86.dat
             precision    recall  f1-score   support

          0       0.96      0.33      0.50     45841
          1       0.03      0.64      0.07      1713

avg / total       0.93      0.34      0.48     47554

Confusion matrix:
[[15298 30543]
 [  618  1095]]
Importance of features:
[0.14987469 0.21353383 0.20701754 0.23909774 0.1904762 ]
[88/90]: reference_model/mk100k20muw0.4.model87.dat
             precision    recall  f1-score   support

          0       0.96      0.33      0.50     45841
          1       0.03      0.64      0.07      1713

avg / total       0.93      0.34      0.48     47554

Confusion matrix:
[[15298 30543]
 [  618  1095]]
Importance of features:
[0.14987469 0.21353383 0.20701754 0.23909774 0.1904762 ]
[89/90]: reference_model/mk100k20muw0.3.model88.dat
             precision    recall  f1-score   support

          0       0.96      0.44      0.61     45841
          1       0.04      0.55      0.07      1713

avg / total       0.93      0.45      0.59     47554

Confusion matrix:
[[20397 25444]
 [  766   947]]
Importance of features:
[0.17603183 0.1735455  0.2347091  0.24017902 0.17553456]
[90/90]: reference_model/mk100k25muw0.2.model89.dat
             precision    recall  f1-score   support

          0       0.97      0.43      0.59     45841
          1       0.04      0.61      0.07      1713

avg / total       0.93      0.43      0.57     47554

Confusion matrix:
[[19557 26284]
 [  668  1045]]
Importance of features:
[0.1647586  0.19462419 0.19711299 0.2543554  0.18914883]
