__LOADINGS__
Network Properties for:		network
nodes, edges			5000, 56557
directed?			False
weighted?			True
isolated nodes			1
self-loops			0
density				0.004525
clustering coefficient		0.484024
min/max/avg degree		0, 390, 22.622800
degree assortativity		0.186473
number of connected components	2
size of largest component	4999 (99.98 %)
520486.57553039753
__Groundtruth__
read communities from: ../../lfr_5000/mk500/k25/muw0.2/38/community.dat
-------------------  ----------
# communities         45
min community size     6
max community size   473
avg. community size  111.111
modularity             0.649358
-------------------  ----------
45 community detected
__CLASSIC_METHODS__
__Louvain__
PLM(balanced,pc,turbo) detected communities in 0.42119431495666504 [s]
solution properties:
-------------------  ----------
# communities         27
min community size     1
max community size   479
avg. community size  185.185
modularity             0.651737
-------------------  ----------
45 community detected
NMI:0.043975884621613726
ARM:0.043823526158814685
__Singleton__
45 community detected
NMI:0.4611691217645686
ARM:1.0
__AllInOne__
45 community detected
NMI:1.0
ARM:1.0
__PLP__
PLP detected communities in 0.08830690383911133 [s]
solution properties:
-------------------  ----------
# communities         46
min community size     1
max community size   479
avg. community size  108.696
modularity             0.651644
-------------------  ----------
45 community detected
NMI:0.014155902244223473
ARM:0.018184014708491736
__NORMALIZATION__
__glove__
Network Properties for:		G#21cc
nodes, edges			4999, 56557
directed?			False
weighted?			True
isolated nodes			0
self-loops			0
density				0.004527
clustering coefficient		0.484121
min/max/avg degree		5, 390, 22.627325
degree assortativity		0.186473
number of connected components	1
size of largest component	4999 (100.00 %)
tot:  7672.675002855133
__glove+Louvain__
PLM(balanced,pc,turbo) detected communities in 0.3464677333831787 [s]
solution properties:
-------------------  ----------
# communities         32
min community size     6
max community size   476
avg. community size  156.219
modularity             0.690608
-------------------  ----------
45 community detected
NMI:0.025998771918285035
ARM:0.023119632621994568
__glove+PLP__
PLP detected communities in 0.1026456356048584 [s]
solution properties:
-------------------  ----------
# communities         45
min community size     6
max community size   477
avg. community size  111.089
modularity             0.690508
-------------------  ----------
45 community detected
NMI:0.009853540848230646
ARM:0.012316543632171717
__fake_pmi__
Network Properties for:		G#40cc
nodes, edges			4999, 56557
directed?			False
weighted?			True
isolated nodes			0
self-loops			0
density				0.004527
clustering coefficient		0.484121
min/max/avg degree		5, 390, 22.627325
degree assortativity		0.186473
number of connected components	1
size of largest component	4999 (100.00 %)
tot:  0.0
__fake_pmi+Louvain__
1 community detected due to total edge weight equal 0
NMI:1
ARM:0.012316543632171717
__fake_pmi+PLP__
1 community detected due to total edge weight equal 0
NMI:1
ARM:0.012316543632171717
__iterative_rev_degree_order__
Network Properties for:		G#53cc
nodes, edges			4999, 56557
directed?			False
weighted?			True
isolated nodes			0
self-loops			0
density				0.004527
clustering coefficient		0.484121
min/max/avg degree		5, 390, 22.627325
degree assortativity		0.186473
number of connected components	1
size of largest component	4999 (100.00 %)
tot:  1544.0182904671274
__iterative_rev_degree_order+Louvain__
PLM(balanced,pc,turbo) detected communities in 0.7658746242523193 [s]
solution properties:
-------------------  ----------
# communities         65
min community size     2
max community size   209
avg. community size   76.9077
modularity             0.866317
-------------------  ----------
45 community detected
NMI:0.6158264939181026
ARM:0.859101700359617
__iterative_rev_degree_order+PLP__
PLP detected communities in 0.08730196952819824 [s]
solution properties:
-------------------  -----------
# communities        1483
min community size      2
max community size     13
avg. community size     3.37087
modularity              0.733549
-------------------  -----------
45 community detected
NMI:0.5012458200485685
ARM:0.989051868046199
__pmi__
Network Properties for:		G#78cc
nodes, edges			4999, 56557
directed?			False
weighted?			True
isolated nodes			0
self-loops			0
density				0.004527
clustering coefficient		0.484121
min/max/avg degree		5, 390, 22.627325
degree assortativity		0.186473
number of connected components	1
size of largest component	4999 (100.00 %)
tot:  109510.88671241463
__pmi+Louvain__
PLM(balanced,pc,turbo) detected communities in 0.42378926277160645 [s]
solution properties:
-------------------  ----------
# communities          37
min community size      7
max community size   1077
avg. community size   135.108
modularity              1.20856
-------------------  ----------
45 community detected
NMI:0.16165550162692444
ARM:0.37935811395821284
__pmi+PLP__
PLP detected communities in 0.15557456016540527 [s]
solution properties:
-------------------  ---------
# communities         53
min community size     2
max community size   466
avg. community size   94.3208
modularity             1.19269
-------------------  ---------
45 community detected
NMI:0.11613660920747981
ARM:0.1685152704477706
__standard__
Network Properties for:		G#97cc
nodes, edges			4999, 56557
directed?			False
weighted?			True
isolated nodes			0
self-loops			0
density				0.004527
clustering coefficient		0.484121
min/max/avg degree		5, 390, 22.627325
degree assortativity		0.186473
number of connected components	1
size of largest component	4999 (100.00 %)
tot:  12.31619670018919
__standard+Louvain__
PLM(balanced,pc,turbo) detected communities in 0.6151382923126221 [s]
solution properties:
-------------------  -----------
# communities          45
min community size      2
max community size   1247
avg. community size   111.089
modularity              0.914333
-------------------  -----------
45 community detected
NMI:0.4009236371029299
ARM:0.6646760562062971
__standard+PLP__
PLP detected communities in 0.20731496810913086 [s]
solution properties:
-------------------  ----------
# communities        736
min community size     2
max community size   206
avg. community size    6.79212
modularity             0.831169
-------------------  ----------
45 community detected
NMI:0.412603899631941
ARM:0.7172277469744441
__ppmi__
Network Properties for:		G#119cc
nodes, edges			4999, 56557
directed?			False
weighted?			True
isolated nodes			0
self-loops			0
density				0.004527
clustering coefficient		0.484121
min/max/avg degree		5, 390, 22.627325
degree assortativity		0.186473
number of connected components	1
size of largest component	4999 (100.00 %)
tot:  190543.44768572418
__ppmi+Louvain__
PLM(balanced,pc,turbo) detected communities in 0.3068094253540039 [s]
solution properties:
-------------------  ----------
# communities         40
min community size     7
max community size   465
avg. community size  124.975
modularity             0.777216
-------------------  ----------
45 community detected
NMI:0.018846514489986088
ARM:0.020948003656312664
__ppmi+PLP__
PLP detected communities in 0.11001944541931152 [s]
solution properties:
-------------------  ----------
# communities         46
min community size     2
max community size   468
avg. community size  108.674
modularity             0.776999
-------------------  ----------
45 community detected
NMI:0.01000707900263953
ARM:0.012540695876757435
__glovexmax50alpha0.2__
Network Properties for:		G#138cc
nodes, edges			4999, 56557
directed?			False
weighted?			True
isolated nodes			0
self-loops			0
density				0.004527
clustering coefficient		0.484121
min/max/avg degree		5, 390, 22.627325
degree assortativity		0.186473
number of connected components	1
size of largest component	4999 (100.00 %)
tot:  30603.289608275132
__glovexmax50alpha0.2+Louvain__
PLM(balanced,pc,turbo) detected communities in 0.31374096870422363 [s]
solution properties:
-------------------  ----------
# communities         30
min community size     7
max community size   473
avg. community size  166.633
modularity             0.744353
-------------------  ----------
45 community detected
NMI:0.01779385949977852
ARM:0.014251847054003952
__glovexmax50alpha0.2+PLP__
PLP detected communities in 0.06016349792480469 [s]
solution properties:
-------------------  ----------
# communities         45
min community size     6
max community size   473
avg. community size  111.089
modularity             0.744299
-------------------  ----------
45 community detected
NMI:0.0
ARM:0.0
__glovexmax40alpha0.2__
Network Properties for:		G#157cc
nodes, edges			4999, 56557
directed?			False
weighted?			True
isolated nodes			0
self-loops			0
density				0.004527
clustering coefficient		0.484121
min/max/avg degree		5, 390, 22.627325
degree assortativity		0.186473
number of connected components	1
size of largest component	4999 (100.00 %)
tot:  31913.575881315206
__glovexmax40alpha0.2+Louvain__
PLM(balanced,pc,turbo) detected communities in 0.4027740955352783 [s]
solution properties:
-------------------  ----------
# communities         29
min community size     6
max community size   473
avg. community size  172.379
modularity             0.744938
-------------------  ----------
45 community detected
NMI:0.018639998564749072
ARM:0.01416636505087665
__glovexmax40alpha0.2+PLP__
PLP detected communities in 0.06528210639953613 [s]
solution properties:
-------------------  ----------
# communities         45
min community size     6
max community size   473
avg. community size  111.089
modularity             0.744891
-------------------  ----------
45 community detected
NMI:0.0
ARM:0.0
__glovexmax30alpha0.3__
Network Properties for:		G#176cc
nodes, edges			4999, 56557
directed?			False
weighted?			True
isolated nodes			0
self-loops			0
density				0.004527
clustering coefficient		0.484121
min/max/avg degree		5, 390, 22.627325
degree assortativity		0.186473
number of connected components	1
size of largest component	4999 (100.00 %)
tot:  28319.426315684
__glovexmax30alpha0.3+Louvain__
PLM(balanced,pc,turbo) detected communities in 0.38199877738952637 [s]
solution properties:
-------------------  ----------
# communities         24
min community size    46
max community size   474
avg. community size  208.292
modularity             0.742119
-------------------  ----------
45 community detected
NMI:0.027299629365004074
ARM:0.02287891112918783
__glovexmax30alpha0.3+PLP__
PLP detected communities in 0.07610392570495605 [s]
solution properties:
-------------------  ---------
# communities         45
min community size     6
max community size   474
avg. community size  111.089
modularity             0.74217
-------------------  ---------
45 community detected
NMI:0.000453123973539471
ARM:0.000683953690666983
