__LOADINGS__
Network Properties for:		network
nodes, edges			5000, 56248
directed?			False
weighted?			True
isolated nodes			1
self-loops			0
density				0.004501
clustering coefficient		0.202959
min/max/avg degree		0, 79, 22.499200
degree assortativity		0.412022
number of connected components	2
size of largest component	4999 (99.98 %)
337996.1593510498
__Groundtruth__
read communities from: ../../lfr_5000/mk100/k25/muw0.4/2/community.dat
-------------------  ----------
# communities        104
min community size    20
max community size    99
avg. community size   48.0769
modularity             0.599109
-------------------  ----------
104 community detected
__CLASSIC_METHODS__
__Louvain__
PLM(balanced,pc,turbo) detected communities in 0.3622453212738037 [s]
solution properties:
-------------------  ---------
# communities         55
min community size     1
max community size   161
avg. community size   90.9091
modularity             0.60006
-------------------  ---------
104 community detected
NMI:0.07029521481816248
ARM:0.27090477583123485
__Singleton__
104 community detected
NMI:0.30478149554017175
ARM:1.0
__AllInOne__
104 community detected
NMI:1.0
ARM:1.0
__PLP__
PLP detected communities in 0.10343384742736816 [s]
solution properties:
-------------------  ----------
# communities        105
min community size     1
max community size    99
avg. community size   47.619
modularity             0.599222
-------------------  ----------
104 community detected
NMI:0.0008071801818929636
ARM:0.0017041761099105823
__NORMALIZATION__
__glove__
Network Properties for:		G#21cc
nodes, edges			4999, 56248
directed?			False
weighted?			True
isolated nodes			0
self-loops			0
density				0.004503
clustering coefficient		0.203000
min/max/avg degree		3, 79, 22.503701
degree assortativity		0.412022
number of connected components	1
size of largest component	4999 (100.00 %)
tot:  6616.221653359341
__glove+Louvain__
PLM(balanced,pc,turbo) detected communities in 0.34625744819641113 [s]
solution properties:
-------------------  ----------
# communities         46
min community size    65
max community size   166
avg. community size  108.674
modularity             0.601833
-------------------  ----------
104 community detected
NMI:0.08843850170926715
ARM:0.3289063209138118
__glove+PLP__
PLP detected communities in 0.10367178916931152 [s]
solution properties:
-------------------  ----------
# communities        104
min community size    20
max community size    99
avg. community size   48.0673
modularity             0.602182
-------------------  ----------
104 community detected
NMI:0.0006915952067408915
ARM:0.001458571303048939
__fake_pmi__
Network Properties for:		G#40cc
nodes, edges			4999, 56248
directed?			False
weighted?			True
isolated nodes			0
self-loops			0
density				0.004503
clustering coefficient		0.203000
min/max/avg degree		3, 79, 22.503701
degree assortativity		0.412022
number of connected components	1
size of largest component	4999 (100.00 %)
tot:  0.0
__fake_pmi+Louvain__
1 community detected due to total edge weight equal 0
NMI:1
ARM:0.001458571303048939
__fake_pmi+PLP__
1 community detected due to total edge weight equal 0
NMI:1
ARM:0.001458571303048939
__iterative_rev_degree_order__
Network Properties for:		G#53cc
nodes, edges			4999, 56248
directed?			False
weighted?			True
isolated nodes			0
self-loops			0
density				0.004503
clustering coefficient		0.203000
min/max/avg degree		3, 79, 22.503701
degree assortativity		0.412022
number of connected components	1
size of largest component	4999 (100.00 %)
tot:  1125.7843022803008
__iterative_rev_degree_order+Louvain__
PLM(balanced,pc,turbo) detected communities in 0.7630453109741211 [s]
solution properties:
-------------------  ----------
# communities         44
min community size    68
max community size   171
avg. community size  113.614
modularity             0.692146
-------------------  ----------
104 community detected
NMI:0.6529050480002151
ARM:0.9281016019198901
__iterative_rev_degree_order+PLP__
PLP detected communities in 0.06790995597839355 [s]
solution properties:
-------------------  ----------
# communities        996
min community size     2
max community size    21
avg. community size    5.01908
modularity             0.593568
-------------------  ----------
104 community detected
NMI:0.36528921524916946
ARM:0.9434712669883852
__pmi__
Network Properties for:		G#78cc
nodes, edges			4999, 56248
directed?			False
weighted?			True
isolated nodes			0
self-loops			0
density				0.004503
clustering coefficient		0.203000
min/max/avg degree		3, 79, 22.503701
degree assortativity		0.412022
number of connected components	1
size of largest component	4999 (100.00 %)
tot:  336115.9832529625
__pmi+Louvain__
PLM(balanced,pc,turbo) detected communities in 0.5596714019775391 [s]
solution properties:
-------------------  ----------
# communities         45
min community size    61
max community size   158
avg. community size  111.089
modularity             0.605638
-------------------  ----------
104 community detected
NMI:0.09101969431787049
ARM:0.3366079085954057
__pmi+PLP__
PLP detected communities in 0.08327269554138184 [s]
solution properties:
-------------------  ----------
# communities        102
min community size    20
max community size   117
avg. community size   49.0098
modularity             0.607047
-------------------  ----------
104 community detected
NMI:0.003646485946826039
ARM:0.01927640100164063
__standard__
Network Properties for:		G#97cc
nodes, edges			4999, 56248
directed?			False
weighted?			True
isolated nodes			0
self-loops			0
density				0.004503
clustering coefficient		0.203000
min/max/avg degree		3, 79, 22.503701
degree assortativity		0.412022
number of connected components	1
size of largest component	4999 (100.00 %)
tot:  17.024403654438306
__standard+Louvain__
PLM(balanced,pc,turbo) detected communities in 0.5518436431884766 [s]
solution properties:
-------------------  ----------
# communities         37
min community size    47
max community size   228
avg. community size  135.108
modularity             0.603878
-------------------  ----------
104 community detected
NMI:0.20855876735677337
ARM:0.5391295703521084
__standard+PLP__
PLP detected communities in 0.1767745018005371 [s]
solution properties:
-------------------  ----------
# communities        198
min community size     1
max community size   216
avg. community size   25.2475
modularity             0.589089
-------------------  ----------
104 community detected
NMI:0.09238740520545974
ARM:0.24226985005331136
__ppmi__
Network Properties for:		G#119cc
nodes, edges			4999, 56248
directed?			False
weighted?			True
isolated nodes			0
self-loops			0
density				0.004503
clustering coefficient		0.203000
min/max/avg degree		3, 79, 22.503701
degree assortativity		0.412022
number of connected components	1
size of largest component	4999 (100.00 %)
tot:  337726.63084282674
__ppmi+Louvain__
PLM(balanced,pc,turbo) detected communities in 0.25142884254455566 [s]
solution properties:
-------------------  ---------
# communities         76
min community size    28
max community size   122
avg. community size   65.7763
modularity             0.60619
-------------------  ---------
104 community detected
NMI:0.029172252751917482
ARM:0.10248417691445078
__ppmi+PLP__
PLP detected communities in 0.07039737701416016 [s]
solution properties:
-------------------  ----------
# communities         99
min community size    20
max community size   129
avg. community size   50.4949
modularity             0.605315
-------------------  ----------
104 community detected
NMI:0.0074302272905899525
ARM:0.03872429642224484
__glovexmax50alpha0.2__
Network Properties for:		G#138cc
nodes, edges			4999, 56248
directed?			False
weighted?			True
isolated nodes			0
self-loops			0
density				0.004503
clustering coefficient		0.203000
min/max/avg degree		3, 79, 22.503701
degree assortativity		0.412022
number of connected components	1
size of largest component	4999 (100.00 %)
tot:  35560.72811933756
__glovexmax50alpha0.2+Louvain__
PLM(balanced,pc,turbo) detected communities in 0.360302209854126 [s]
solution properties:
-------------------  ----------
# communities         54
min community size    51
max community size   139
avg. community size   92.5741
modularity             0.603068
-------------------  ----------
104 community detected
NMI:0.06803772207987446
ARM:0.2529583798445707
__glovexmax50alpha0.2+PLP__
PLP detected communities in 0.06153512001037598 [s]
solution properties:
-------------------  ----------
# communities        105
min community size    14
max community size    99
avg. community size   47.6095
modularity             0.602281
-------------------  ----------
104 community detected
NMI:0.0011614165096847096
ARM:0.0022969260586789275
__glovexmax40alpha0.2__
Network Properties for:		G#157cc
nodes, edges			4999, 56248
directed?			False
weighted?			True
isolated nodes			0
self-loops			0
density				0.004503
clustering coefficient		0.203000
min/max/avg degree		3, 79, 22.503701
degree assortativity		0.412022
number of connected components	1
size of largest component	4999 (100.00 %)
tot:  37183.703840524235
__glovexmax40alpha0.2+Louvain__
PLM(balanced,pc,turbo) detected communities in 0.4533884525299072 [s]
solution properties:
-------------------  ----------
# communities         47
min community size    59
max community size   150
avg. community size  106.362
modularity             0.602064
-------------------  ----------
104 community detected
NMI:0.08556083411193827
ARM:0.3165777560467735
__glovexmax40alpha0.2+PLP__
PLP detected communities in 0.10341835021972656 [s]
solution properties:
-------------------  ----------
# communities        104
min community size    20
max community size    99
avg. community size   48.0673
modularity             0.603043
-------------------  ----------
104 community detected
NMI:0.0006915952067408915
ARM:0.001458571303048939
__glovexmax30alpha0.3__
Network Properties for:		G#176cc
nodes, edges			4999, 56248
directed?			False
weighted?			True
isolated nodes			0
self-loops			0
density				0.004503
clustering coefficient		0.203000
min/max/avg degree		3, 79, 22.503701
degree assortativity		0.412022
number of connected components	1
size of largest component	4999 (100.00 %)
tot:  33275.0391912256
__glovexmax30alpha0.3+Louvain__
PLM(balanced,pc,turbo) detected communities in 0.3761563301086426 [s]
solution properties:
-------------------  ----------
# communities         48
min community size    59
max community size   158
avg. community size  104.146
modularity             0.603137
-------------------  ----------
104 community detected
NMI:0.08363072563292151
ARM:0.3127835399481038
__glovexmax30alpha0.3+PLP__
PLP detected communities in 0.09836006164550781 [s]
solution properties:
-------------------  ----------
# communities        104
min community size    20
max community size    99
avg. community size   48.0673
modularity             0.603939
-------------------  ----------
104 community detected
NMI:0.0006915952067411135
ARM:0.001458571303048939
