__LOADINGS__
4970/61222 8.117996798536474 % of nul weighted edges removed
0/5000 0.0 % of nul degree nodes removed
Network Properties for:		network
nodes, edges			5000, 56252
directed?			False
weighted?			True
isolated nodes			0
self-loops			0
density				0.004501
clustering coefficient		0.447707
min/max/avg degree		2, 87, 22.500800
degree assortativity		0.409931
number of connected components	1
size of largest component	5000 (100.00 %)
337213.31007433764
__Groundtruth__
read communities from: ../../lfr_5000/mk100/k25/muw0.2/9/community.dat
-------------------  ----------
# communities        104
min community size    20
max community size    99
avg. community size   48.0769
modularity             0.817437
-------------------  ----------
104 community detected
__CLASSIC_METHODS__
__Louvain__
PLM(balanced,pc,turbo) detected communities in 0.35523366928100586 [s]
solution properties:
-------------------  ----------
# communities         69
min community size    42
max community size   112
avg. community size   72.4638
modularity             0.817789
-------------------  ----------
104 community detected
NMI:0.03789473798681409
ARI:0.13271671063827184
__Singleton__
104 community detected
NMI:0.30478149554017087
ARI:1.0
__AllInOne__
104 community detected
NMI:1.0
ARI:1.0
__PLP__
PLP detected communities in 0.09155654907226562 [s]
solution properties:
-------------------  ----------
# communities        104
min community size    20
max community size   101
avg. community size   48.0769
modularity             0.817479
-------------------  ----------
104 community detected
NMI:0.00048498238702476826
ARI:0.0012679256946371842
__NORMALIZATION__
__glove__
Network Properties for:		G#21
nodes, edges			5000, 56252
directed?			False
weighted?			True
isolated nodes			0
self-loops			0
density				0.004501
clustering coefficient		0.447707
min/max/avg degree		2, 87, 22.500800
degree assortativity		0.409931
number of connected components	1
size of largest component	5000 (100.00 %)
tot:  6589.782112459165
__glove+Louvain__
PLM(balanced,pc,turbo) detected communities in 0.46401166915893555 [s]
solution properties:
-------------------  ----------
# communities         70
min community size    34
max community size   101
avg. community size   71.4286
modularity             0.819589
-------------------  ----------
104 community detected
NMI:0.036035972844660535
ARI:0.12369416078478657
__glove+PLP__
PLP detected communities in 0.09262251853942871 [s]
solution properties:
-------------------  ----------
# communities        104
min community size    20
max community size   101
avg. community size   48.0769
modularity             0.819364
-------------------  ----------
104 community detected
NMI:0.00048498238702476826
ARI:0.0012679256946371842
__fake_pmi__
Network Properties for:		G#30
nodes, edges			5000, 56252
directed?			False
weighted?			True
isolated nodes			0
self-loops			0
density				0.004501
clustering coefficient		0.447707
min/max/avg degree		2, 87, 22.500800
degree assortativity		0.409931
number of connected components	1
size of largest component	5000 (100.00 %)
tot:  0.0
__fake_pmi+Louvain__
1 community detected due to total edge weight equal 0
NMI:1
ARI:1
__fake_pmi+PLP__
1 community detected due to total edge weight equal 0
NMI:1
ARI:1
__iterative_rev_degree_order__
Network Properties for:		G#33
nodes, edges			5000, 56252
directed?			False
weighted?			True
isolated nodes			0
self-loops			0
density				0.004501
clustering coefficient		0.447707
min/max/avg degree		2, 87, 22.500800
degree assortativity		0.409931
number of connected components	1
size of largest component	5000 (100.00 %)
tot:  1155.7024762138512
__iterative_rev_degree_order+Louvain__
PLM(balanced,pc,turbo) detected communities in 0.718970537185669 [s]
solution properties:
-------------------  ----------
# communities         57
min community size     5
max community size   187
avg. community size   87.7193
modularity             0.787985
-------------------  ----------
104 community detected
NMI:0.3860621366928363
ARI:0.7149083852286904
__iterative_rev_degree_order+PLP__
PLP detected communities in 0.13376402854919434 [s]
solution properties:
-------------------  -----------
# communities        1079
min community size      2
max community size     33
avg. community size     4.63392
modularity              0.620359
-------------------  -----------
104 community detected
NMI:0.29780057229587187
ARI:0.89671195514925
__pmi__
Network Properties for:		G#45
nodes, edges			5000, 56252
directed?			False
weighted?			True
isolated nodes			0
self-loops			0
density				0.004501
clustering coefficient		0.447707
min/max/avg degree		2, 87, 22.500800
degree assortativity		0.409931
number of connected components	1
size of largest component	5000 (100.00 %)
tot:  335514.76424942346
__pmi+Louvain__
PLM(balanced,pc,turbo) detected communities in 0.3808894157409668 [s]
solution properties:
-------------------  ----------
# communities         48
min community size    79
max community size   138
avg. community size  104.167
modularity             0.816844
-------------------  ----------
104 community detected
NMI:0.08067253030793975
ARI:0.2962373715299025
__pmi+PLP__
PLP detected communities in 0.11778497695922852 [s]
solution properties:
-------------------  ----------
# communities        103
min community size    20
max community size   109
avg. community size   48.5437
modularity             0.821233
-------------------  ----------
104 community detected
NMI:0.0016378870322431016
ARI:0.008736500590680873
__standard__
Network Properties for:		G#54
nodes, edges			5000, 56252
directed?			False
weighted?			True
isolated nodes			0
self-loops			0
density				0.004501
clustering coefficient		0.447707
min/max/avg degree		2, 87, 22.500800
degree assortativity		0.409931
number of connected components	1
size of largest component	5000 (100.00 %)
tot:  18.340756248022466
__standard+Louvain__
PLM(balanced,pc,turbo) detected communities in 0.4271821975708008 [s]
solution properties:
-------------------  ----------
# communities         79
min community size    21
max community size   183
avg. community size   63.2911
modularity             0.825372
-------------------  ----------
104 community detected
NMI:0.07834803775521415
ARI:0.26720898448088426
__standard+PLP__
PLP detected communities in 0.1405322551727295 [s]
solution properties:
-------------------  ----------
# communities        159
min community size     2
max community size    95
avg. community size   31.4465
modularity             0.814132
-------------------  ----------
104 community detected
NMI:0.04415540594400058
ARI:0.0907248032729484
__ppmi__
Network Properties for:		G#66
nodes, edges			5000, 56252
directed?			False
weighted?			True
isolated nodes			0
self-loops			0
density				0.004501
clustering coefficient		0.447707
min/max/avg degree		2, 87, 22.500800
degree assortativity		0.409931
number of connected components	1
size of largest component	5000 (100.00 %)
tot:  336462.75511678885
__ppmi+Louvain__
PLM(balanced,pc,turbo) detected communities in 0.16518211364746094 [s]
solution properties:
-------------------  ----------
# communities         53
min community size    70
max community size   131
avg. community size   94.3396
modularity             0.817001
-------------------  ----------
104 community detected
NMI:0.06802243360240523
ARI:0.24862954644640067
__ppmi+PLP__
PLP detected communities in 0.03050374984741211 [s]
solution properties:
-------------------  ----------
# communities        105
min community size    14
max community size   100
avg. community size   47.619
modularity             0.818529
-------------------  ----------
104 community detected
NMI:0.0006864775785644373
ARI:0.0013954943459630886
__glovexmax50alpha0.2__
Network Properties for:		G#75
nodes, edges			5000, 56252
directed?			False
weighted?			True
isolated nodes			0
self-loops			0
density				0.004501
clustering coefficient		0.447707
min/max/avg degree		2, 87, 22.500800
degree assortativity		0.409931
number of connected components	1
size of largest component	5000 (100.00 %)
tot:  35506.4123400506
__glovexmax50alpha0.2+Louvain__
PLM(balanced,pc,turbo) detected communities in 0.4958052635192871 [s]
solution properties:
-------------------  ----------
# communities         70
min community size    43
max community size   101
avg. community size   71.4286
modularity             0.817377
-------------------  ----------
104 community detected
NMI:0.03570594786671122
ARI:0.1214901134320957
__glovexmax50alpha0.2+PLP__
PLP detected communities in 0.030862092971801758 [s]
solution properties:
-------------------  ---------
# communities        104
min community size    20
max community size   101
avg. community size   48.0769
modularity             0.81742
-------------------  ---------
104 community detected
NMI:0.00048498238702465724
ARI:0.0012679256946371842
__glovexmax40alpha0.2__
Network Properties for:		G#84
nodes, edges			5000, 56252
directed?			False
weighted?			True
isolated nodes			0
self-loops			0
density				0.004501
clustering coefficient		0.447707
min/max/avg degree		2, 87, 22.500800
degree assortativity		0.409931
number of connected components	1
size of largest component	5000 (100.00 %)
tot:  37126.90911337224
__glovexmax40alpha0.2+Louvain__
PLM(balanced,pc,turbo) detected communities in 0.5139708518981934 [s]
solution properties:
-------------------  ---------
# communities         69
min community size    43
max community size   102
avg. community size   72.4638
modularity             0.81734
-------------------  ---------
104 community detected
NMI:0.0375758018558674
ARI:0.13000712233219536
__glovexmax40alpha0.2+PLP__
PLP detected communities in 0.06102943420410156 [s]
solution properties:
-------------------  ---------
# communities        104
min community size    20
max community size   101
avg. community size   48.0769
modularity             0.81742
-------------------  ---------
104 community detected
NMI:0.0004849823870245462
ARI:0.0012679256946371842
__glovexmax30alpha0.3__
Network Properties for:		G#93
nodes, edges			5000, 56252
directed?			False
weighted?			True
isolated nodes			0
self-loops			0
density				0.004501
clustering coefficient		0.447707
min/max/avg degree		2, 87, 22.500800
degree assortativity		0.409931
number of connected components	1
size of largest component	5000 (100.00 %)
tot:  33191.21641282592
__glovexmax30alpha0.3+Louvain__
PLM(balanced,pc,turbo) detected communities in 0.4894444942474365 [s]
solution properties:
-------------------  ----------
# communities         65
min community size    48
max community size   120
avg. community size   76.9231
modularity             0.818602
-------------------  ----------
104 community detected
NMI:0.04427072252182662
ARI:0.15692533064962755
__glovexmax30alpha0.3+PLP__
PLP detected communities in 0.08155202865600586 [s]
solution properties:
-------------------  ---------
# communities        104
min community size    20
max community size   101
avg. community size   48.0769
modularity             0.81898
-------------------  ---------
104 community detected
NMI:0.0004849823870245462
ARI:0.0012679256946371842
NMI classement:
[('NMIglovexmax40alpha0.2+PLP', 0.0004849823870245462), ('NMIglovexmax30alpha0.3+PLP', 0.0004849823870245462), ('NMIglovexmax50alpha0.2+PLP', 0.00048498238702465724), ('NMIPLP', 0.00048498238702476826), ('NMIglove+PLP', 0.00048498238702476826), ('NMIppmi+PLP', 0.0006864775785644373), ('NMIpmi+PLP', 0.0016378870322431016), ('NMIglovexmax50alpha0.2+Louvain', 0.03570594786671122), ('NMIglove+Louvain', 0.036035972844660535), ('NMIglovexmax40alpha0.2+Louvain', 0.0375758018558674), ('NMILouvain', 0.03789473798681409), ('NMIstandard+PLP', 0.04415540594400058), ('NMIglovexmax30alpha0.3+Louvain', 0.04427072252182662), ('NMIppmi+Louvain', 0.06802243360240523), ('NMIstandard+Louvain', 0.07834803775521415), ('NMIpmi+Louvain', 0.08067253030793975), ('NMIiterative_rev_degree_order+PLP', 0.29780057229587187), ('NMISingleton', 0.30478149554017087), ('NMIiterative_rev_degree_order+Louvain', 0.3860621366928363), ('NMIAllInOne', 1.0), ('NMIfake_pmi+Louvain', 1), ('NMIfake_pmi+PLP', 1)]
ARI classement:
[('ARIPLP', 0.0012679256946371842), ('ARIglove+PLP', 0.0012679256946371842), ('ARIglovexmax50alpha0.2+PLP', 0.0012679256946371842), ('ARIglovexmax40alpha0.2+PLP', 0.0012679256946371842), ('ARIglovexmax30alpha0.3+PLP', 0.0012679256946371842), ('ARIppmi+PLP', 0.0013954943459630886), ('ARIpmi+PLP', 0.008736500590680873), ('ARIstandard+PLP', 0.0907248032729484), ('ARIglovexmax50alpha0.2+Louvain', 0.1214901134320957), ('ARIglove+Louvain', 0.12369416078478657), ('ARIglovexmax40alpha0.2+Louvain', 0.13000712233219536), ('ARILouvain', 0.13271671063827184), ('ARIglovexmax30alpha0.3+Louvain', 0.15692533064962755), ('ARIppmi+Louvain', 0.24862954644640067), ('ARIstandard+Louvain', 0.26720898448088426), ('ARIpmi+Louvain', 0.2962373715299025), ('ARIiterative_rev_degree_order+Louvain', 0.7149083852286904), ('ARIiterative_rev_degree_order+PLP', 0.89671195514925), ('ARISingleton', 1.0), ('ARIAllInOne', 1.0), ('ARIfake_pmi+Louvain', 1), ('ARIfake_pmi+PLP', 1)]
