__LOADINGS__
Network Properties for:		network
nodes, edges			5000, 56557
directed?			False
weighted?			True
isolated nodes			1
self-loops			0
density				0.004525
clustering coefficient		0.484024
min/max/avg degree		0, 390, 22.622800
degree assortativity		0.186473
number of connected components	2
size of largest component	4999 (99.98 %)
520486.57553039753
__Groundtruth__
read communities from: ../../lfr_5000/mk500/k25/muw0.2/9/community.dat
-------------------  ----------
# communities         45
min community size     6
max community size   473
avg. community size  111.111
modularity             0.649358
-------------------  ----------
45 community detected
__CLASSIC_METHODS__
__Louvain__
PLM(balanced,pc,turbo) detected communities in 0.29358410835266113 [s]
solution properties:
-------------------  ----------
# communities         30
min community size     1
max community size   479
avg. community size  166.667
modularity             0.651743
-------------------  ----------
45 community detected
NMI:0.040447452523116656
ARM:0.041385232502800795
__Singleton__
45 community detected
NMI:0.4611691217645686
ARM:1.0
__AllInOne__
45 community detected
NMI:1.0
ARM:1.0
__PLP__
PLP detected communities in 0.07719802856445312 [s]
solution properties:
-------------------  ----------
# communities         46
min community size     1
max community size   479
avg. community size  108.696
modularity             0.651644
-------------------  ----------
45 community detected
NMI:0.014155902244223473
ARM:0.018184014708491736
__NORMALIZATION__
__glove__
Network Properties for:		G#21cc
nodes, edges			4999, 56557
directed?			False
weighted?			True
isolated nodes			0
self-loops			0
density				0.004527
clustering coefficient		0.484121
min/max/avg degree		5, 390, 22.627325
degree assortativity		0.186473
number of connected components	1
size of largest component	4999 (100.00 %)
tot:  7672.675002855133
__glove+Louvain__
PLM(balanced,pc,turbo) detected communities in 0.29083871841430664 [s]
solution properties:
-------------------  ----------
# communities         26
min community size     7
max community size   476
avg. community size  192.269
modularity             0.690591
-------------------  ----------
45 community detected
NMI:0.03343821318660922
ARM:0.030208167734669722
__glove+PLP__
PLP detected communities in 0.0619044303894043 [s]
solution properties:
-------------------  ----------
# communities         45
min community size     6
max community size   477
avg. community size  111.089
modularity             0.690508
-------------------  ----------
45 community detected
NMI:0.009853540848230646
ARM:0.012316543632171717
__fake_pmi__
Network Properties for:		G#40cc
nodes, edges			4999, 56557
directed?			False
weighted?			True
isolated nodes			0
self-loops			0
density				0.004527
clustering coefficient		0.484121
min/max/avg degree		5, 390, 22.627325
degree assortativity		0.186473
number of connected components	1
size of largest component	4999 (100.00 %)
tot:  0.0
__fake_pmi+Louvain__
1 community detected due to total edge weight equal 0
NMI:1
ARM:0.012316543632171717
__fake_pmi+PLP__
1 community detected due to total edge weight equal 0
NMI:1
ARM:0.012316543632171717
__iterative_rev_degree_order__
Network Properties for:		G#53cc
nodes, edges			4999, 56557
directed?			False
weighted?			True
isolated nodes			0
self-loops			0
density				0.004527
clustering coefficient		0.484121
min/max/avg degree		5, 390, 22.627325
degree assortativity		0.186473
number of connected components	1
size of largest component	4999 (100.00 %)
tot:  1544.0182904671274
__iterative_rev_degree_order+Louvain__
PLM(balanced,pc,turbo) detected communities in 0.6092879772186279 [s]
solution properties:
-------------------  ----------
# communities         70
min community size     2
max community size   283
avg. community size   71.4143
modularity             0.865355
-------------------  ----------
45 community detected
NMI:0.6119985929324536
ARM:0.8565309459912781
__iterative_rev_degree_order+PLP__
PLP detected communities in 0.04859638214111328 [s]
solution properties:
-------------------  -----------
# communities        1483
min community size      2
max community size     13
avg. community size     3.37087
modularity              0.733541
-------------------  -----------
45 community detected
NMI:0.5011468962297956
ARM:0.9890321888169564
__pmi__
Network Properties for:		G#78cc
nodes, edges			4999, 56557
directed?			False
weighted?			True
isolated nodes			0
self-loops			0
density				0.004527
clustering coefficient		0.484121
min/max/avg degree		5, 390, 22.627325
degree assortativity		0.186473
number of connected components	1
size of largest component	4999 (100.00 %)
tot:  109510.88671241463
__pmi+Louvain__
PLM(balanced,pc,turbo) detected communities in 0.40889787673950195 [s]
solution properties:
-------------------  ----------
# communities          38
min community size      8
max community size   1126
avg. community size   131.553
modularity              1.21032
-------------------  ----------
45 community detected
NMI:0.16346472981938498
ARM:0.39435410937959314
__pmi+PLP__
PLP detected communities in 0.1820812225341797 [s]
solution properties:
-------------------  ---------
# communities         49
min community size     2
max community size   575
avg. community size  102.02
modularity             1.20853
-------------------  ---------
45 community detected
NMI:0.12200573988293073
ARM:0.19796177135926263
__standard__
Network Properties for:		G#97cc
nodes, edges			4999, 56557
directed?			False
weighted?			True
isolated nodes			0
self-loops			0
density				0.004527
clustering coefficient		0.484121
min/max/avg degree		5, 390, 22.627325
degree assortativity		0.186473
number of connected components	1
size of largest component	4999 (100.00 %)
tot:  12.31619670018919
__standard+Louvain__
PLM(balanced,pc,turbo) detected communities in 0.5421807765960693 [s]
solution properties:
-------------------  ----------
# communities          45
min community size      2
max community size   1186
avg. community size   111.089
modularity              0.91429
-------------------  ----------
45 community detected
NMI:0.3980064551115273
ARM:0.6512844061022849
__standard+PLP__
PLP detected communities in 0.17362618446350098 [s]
solution properties:
-------------------  ----------
# communities        762
min community size     1
max community size   207
avg. community size    6.56037
modularity             0.828472
-------------------  ----------
45 community detected
NMI:0.42019000459085676
ARM:0.7363035445739401
__ppmi__
Network Properties for:		G#119cc
nodes, edges			4999, 56557
directed?			False
weighted?			True
isolated nodes			0
self-loops			0
density				0.004527
clustering coefficient		0.484121
min/max/avg degree		5, 390, 22.627325
degree assortativity		0.186473
number of connected components	1
size of largest component	4999 (100.00 %)
tot:  190543.44768572418
__ppmi+Louvain__
PLM(balanced,pc,turbo) detected communities in 0.4207015037536621 [s]
solution properties:
-------------------  ----------
# communities         28
min community size     7
max community size   465
avg. community size  178.536
modularity             0.776486
-------------------  ----------
45 community detected
NMI:0.03306570881143711
ARM:0.032027791819353224
__ppmi+PLP__
PLP detected communities in 0.11663246154785156 [s]
solution properties:
-------------------  ----------
# communities         45
min community size     2
max community size   898
avg. community size  111.089
modularity             0.772783
-------------------  ----------
45 community detected
NMI:0.029799384611641
ARM:0.14476568319374616
__glovexmax50alpha0.2__
Network Properties for:		G#138cc
nodes, edges			4999, 56557
directed?			False
weighted?			True
isolated nodes			0
self-loops			0
density				0.004527
clustering coefficient		0.484121
min/max/avg degree		5, 390, 22.627325
degree assortativity		0.186473
number of connected components	1
size of largest component	4999 (100.00 %)
tot:  30603.289608275132
__glovexmax50alpha0.2+Louvain__
PLM(balanced,pc,turbo) detected communities in 0.2885251045227051 [s]
solution properties:
-------------------  ----------
# communities         22
min community size    76
max community size   473
avg. community size  227.227
modularity             0.744108
-------------------  ----------
45 community detected
NMI:0.032138512312873124
ARM:0.026122019894194937
__glovexmax50alpha0.2+PLP__
PLP detected communities in 0.09811782836914062 [s]
solution properties:
-------------------  ----------
# communities         45
min community size     6
max community size   473
avg. community size  111.089
modularity             0.744299
-------------------  ----------
45 community detected
NMI:0.0
ARM:0.0
__glovexmax40alpha0.2__
Network Properties for:		G#157cc
nodes, edges			4999, 56557
directed?			False
weighted?			True
isolated nodes			0
self-loops			0
density				0.004527
clustering coefficient		0.484121
min/max/avg degree		5, 390, 22.627325
degree assortativity		0.186473
number of connected components	1
size of largest component	4999 (100.00 %)
tot:  31913.575881315206
__glovexmax40alpha0.2+Louvain__
PLM(balanced,pc,turbo) detected communities in 0.2859187126159668 [s]
solution properties:
-------------------  ----------
# communities         25
min community size    10
max community size   473
avg. community size  199.96
modularity             0.744848
-------------------  ----------
45 community detected
NMI:0.025673874797847218
ARM:0.021448848155855793
__glovexmax40alpha0.2+PLP__
PLP detected communities in 0.059388160705566406 [s]
solution properties:
-------------------  ----------
# communities         45
min community size     6
max community size   473
avg. community size  111.089
modularity             0.744891
-------------------  ----------
45 community detected
NMI:0.0
ARM:0.0
__glovexmax30alpha0.3__
Network Properties for:		G#176cc
nodes, edges			4999, 56557
directed?			False
weighted?			True
isolated nodes			0
self-loops			0
density				0.004527
clustering coefficient		0.484121
min/max/avg degree		5, 390, 22.627325
degree assortativity		0.186473
number of connected components	1
size of largest component	4999 (100.00 %)
tot:  28319.426315684
__glovexmax30alpha0.3+Louvain__
PLM(balanced,pc,turbo) detected communities in 0.27868223190307617 [s]
solution properties:
-------------------  ----------
# communities         34
min community size     6
max community size   474
avg. community size  147.029
modularity             0.742293
-------------------  ----------
45 community detected
NMI:0.01334706696399346
ARM:0.009579164567288134
__glovexmax30alpha0.3+PLP__
PLP detected communities in 0.08285093307495117 [s]
solution properties:
-------------------  ---------
# communities         45
min community size     6
max community size   474
avg. community size  111.089
modularity             0.74217
-------------------  ---------
45 community detected
NMI:0.000453123973539471
ARM:0.000683953690666983
