__LOADINGS__
Network Properties for:		network
nodes, edges			5000, 47510
directed?			False
weighted?			True
isolated nodes			0
self-loops			0
density				0.003802
clustering coefficient		0.242096
min/max/avg degree		1, 343, 19.004000
degree assortativity		0.286771
number of connected components	1
size of largest component	5000 (100.00 %)
430577.5410640363
__Groundtruth__
read communities from: ../../lfr_5000/mk500/k20/muw0.4/34/community.dat
-------------------  ----------
# communities         46
min community size     5
max community size   472
avg. community size  108.696
modularity             0.438322
-------------------  ----------
46 community detected
__CLASSIC_METHODS__
__Louvain__
PLM(balanced,pc,turbo) detected communities in 0.49556827545166016 [s]
solution properties:
-------------------  ----------
# communities         19
min community size    98
max community size   492
avg. community size  263.158
modularity             0.446023
-------------------  ----------
46 community detected
NMI:0.1971851930559977
ARM:0.24284400241455628
__Singleton__
46 community detected
NMI:0.4615053837445434
ARM:1.0
__AllInOne__
46 community detected
NMI:1.0
ARM:1.0
__PLP__
PLP detected communities in 0.1483149528503418 [s]
solution properties:
-------------------  ----------
# communities         41
min community size     1
max community size   518
avg. community size  121.951
modularity             0.443905
-------------------  ----------
46 community detected
NMI:0.1666763350410042
ARM:0.22031142379761204
__NORMALIZATION__
__glove__
Network Properties for:		G#24cc
nodes, edges			5000, 47510
directed?			False
weighted?			True
isolated nodes			0
self-loops			0
density				0.003802
clustering coefficient		0.242096
min/max/avg degree		1, 343, 19.004000
degree assortativity		0.286771
number of connected components	1
size of largest component	5000 (100.00 %)
tot:  6498.1735316812465
__glove+Louvain__
PLM(balanced,pc,turbo) detected communities in 0.38066649436950684 [s]
solution properties:
-------------------  ----------
# communities         21
min community size    52
max community size   485
avg. community size  238.095
modularity             0.476503
-------------------  ----------
46 community detected
NMI:0.15984519754218462
ARM:0.1975622628528081
__glove+PLP__
PLP detected communities in 0.1432816982269287 [s]
solution properties:
-------------------  ----------
# communities         42
min community size     2
max community size   507
avg. community size  119.048
modularity             0.475016
-------------------  ----------
46 community detected
NMI:0.13317319723540288
ARM:0.18071875727321007
__fake_pmi__
Network Properties for:		G#43cc
nodes, edges			5000, 47510
directed?			False
weighted?			True
isolated nodes			0
self-loops			0
density				0.003802
clustering coefficient		0.242096
min/max/avg degree		1, 343, 19.004000
degree assortativity		0.286771
number of connected components	1
size of largest component	5000 (100.00 %)
tot:  0.0
__fake_pmi+Louvain__
1 community detected due to total edge weight equal 0
NMI:1
ARM:0.18071875727321007
__fake_pmi+PLP__
1 community detected due to total edge weight equal 0
NMI:1
ARM:0.18071875727321007
__iterative_rev_degree_order__
Network Properties for:		G#56cc
nodes, edges			5000, 47510
directed?			False
weighted?			True
isolated nodes			0
self-loops			0
density				0.003802
clustering coefficient		0.242096
min/max/avg degree		1, 343, 19.004000
degree assortativity		0.286771
number of connected components	1
size of largest component	5000 (100.00 %)
tot:  1281.512367395057
__iterative_rev_degree_order+Louvain__
PLM(balanced,pc,turbo) detected communities in 0.7709457874298096 [s]
solution properties:
-------------------  ---------
# communities         73
min community size    37
max community size   126
avg. community size   68.4932
modularity             0.86681
-------------------  ---------
46 community detected
NMI:0.7881260962459513
ARM:0.9763891851997071
__iterative_rev_degree_order+PLP__
PLP detected communities in 0.08594751358032227 [s]
solution properties:
-------------------  -----------
# communities        1601
min community size      1
max community size     11
avg. community size     3.12305
modularity              0.752686
-------------------  -----------
46 community detected
NMI:0.5283611216198245
ARM:0.9936169913496027
__pmi__
Network Properties for:		G#81cc
nodes, edges			5000, 47510
directed?			False
weighted?			True
isolated nodes			0
self-loops			0
density				0.003802
clustering coefficient		0.242096
min/max/avg degree		1, 343, 19.004000
degree assortativity		0.286771
number of connected components	1
size of largest component	5000 (100.00 %)
tot:  56074.20777610619
__pmi+Louvain__
PLM(balanced,pc,turbo) detected communities in 0.6647770404815674 [s]
solution properties:
-------------------  ---------
# communities         29
min community size     1
max community size   720
avg. community size  172.414
modularity             1.35773
-------------------  ---------
46 community detected
NMI:0.5656135657329121
ARM:0.7952473044690769
__pmi+PLP__
PLP detected communities in 0.2220909595489502 [s]
solution properties:
-------------------  ---------
# communities        392
min community size     1
max community size   817
avg. community size   12.7551
modularity             1.24434
-------------------  ---------
46 community detected
NMI:0.5215267068530973
ARM:0.821461779552165
__standard__
Network Properties for:		G#103cc
nodes, edges			5000, 47510
directed?			False
weighted?			True
isolated nodes			0
self-loops			0
density				0.003802
clustering coefficient		0.242096
min/max/avg degree		1, 343, 19.004000
degree assortativity		0.286771
number of connected components	1
size of largest component	5000 (100.00 %)
tot:  16.77310943032269
__standard+Louvain__
PLM(balanced,pc,turbo) detected communities in 0.6593129634857178 [s]
solution properties:
-------------------  ----------
# communities        102
min community size     2
max community size   266
avg. community size   49.0196
modularity             0.871523
-------------------  ----------
46 community detected
NMI:0.7192756512253387
ARM:0.9345837500340699
__standard+PLP__
PLP detected communities in 0.1581707000732422 [s]
solution properties:
-------------------  -----------
# communities        1268
min community size      2
max community size     53
avg. community size     3.94322
modularity              0.747314
-------------------  -----------
46 community detected
NMI:0.5552432563426279
ARM:0.9889882923904024
__ppmi__
Network Properties for:		G#125cc
nodes, edges			5000, 47510
directed?			False
weighted?			True
isolated nodes			0
self-loops			0
density				0.003802
clustering coefficient		0.242096
min/max/avg degree		1, 343, 19.004000
degree assortativity		0.286771
number of connected components	1
size of largest component	5000 (100.00 %)
tot:  157513.6551980143
__ppmi+Louvain__
PLM(balanced,pc,turbo) detected communities in 0.5706291198730469 [s]
solution properties:
-------------------  ----------
# communities         20
min community size   114
max community size   450
avg. community size  250
modularity             0.577042
-------------------  ----------
46 community detected
NMI:0.293749158751083
ARM:0.35952275675038325
__ppmi+PLP__
PLP detected communities in 0.13118267059326172 [s]
solution properties:
-------------------  -----------
# communities          99
min community size      1
max community size   2597
avg. community size    50.5051
modularity              0.465823
-------------------  -----------
46 community detected
NMI:0.3549385732588375
ARM:0.8118036149332309
__glovexmax50alpha0.2__
Network Properties for:		G#147cc
nodes, edges			5000, 47510
directed?			False
weighted?			True
isolated nodes			0
self-loops			0
density				0.003802
clustering coefficient		0.242096
min/max/avg degree		1, 343, 19.004000
degree assortativity		0.286771
number of connected components	1
size of largest component	5000 (100.00 %)
tot:  25050.279987292663
__glovexmax50alpha0.2+Louvain__
PLM(balanced,pc,turbo) detected communities in 0.29370903968811035 [s]
solution properties:
-------------------  ---------
# communities         27
min community size    34
max community size   471
avg. community size  185.185
modularity             0.53175
-------------------  ---------
46 community detected
NMI:0.056925187852182146
ARM:0.060483632594876324
__glovexmax50alpha0.2+PLP__
PLP detected communities in 0.06531620025634766 [s]
solution properties:
-------------------  ----------
# communities         45
min community size     5
max community size   480
avg. community size  111.111
modularity             0.531201
-------------------  ----------
46 community detected
NMI:0.03491454296486041
ARM:0.04529959977043663
__glovexmax40alpha0.2__
Network Properties for:		G#166cc
nodes, edges			5000, 47510
directed?			False
weighted?			True
isolated nodes			0
self-loops			0
density				0.003802
clustering coefficient		0.242096
min/max/avg degree		1, 343, 19.004000
degree assortativity		0.286771
number of connected components	1
size of largest component	5000 (100.00 %)
tot:  26134.120139684062
__glovexmax40alpha0.2+Louvain__
PLM(balanced,pc,turbo) detected communities in 0.35355496406555176 [s]
solution properties:
-------------------  ----------
# communities         26
min community size    34
max community size   471
avg. community size  192.308
modularity             0.532303
-------------------  ----------
46 community detected
NMI:0.059161580889839804
ARM:0.06254571618793425
__glovexmax40alpha0.2+PLP__
PLP detected communities in 0.08483266830444336 [s]
solution properties:
-------------------  ----------
# communities         44
min community size     5
max community size   480
avg. community size  113.636
modularity             0.531747
-------------------  ----------
46 community detected
NMI:0.035793577493752005
ARM:0.04586610379755984
__glovexmax30alpha0.3__
Network Properties for:		G#185cc
nodes, edges			5000, 47510
directed?			False
weighted?			True
isolated nodes			0
self-loops			0
density				0.003802
clustering coefficient		0.242096
min/max/avg degree		1, 343, 19.004000
degree assortativity		0.286771
number of connected components	1
size of largest component	5000 (100.00 %)
tot:  23550.73387008627
__glovexmax30alpha0.3+Louvain__
PLM(balanced,pc,turbo) detected communities in 0.30035948753356934 [s]
solution properties:
-------------------  ----------
# communities         25
min community size    34
max community size   476
avg. community size  200
modularity             0.527649
-------------------  ----------
46 community detected
NMI:0.07800509197892369
ARM:0.08748208036037275
__glovexmax30alpha0.3+PLP__
PLP detected communities in 0.05481123924255371 [s]
solution properties:
-------------------  ----------
# communities         46
min community size     5
max community size   488
avg. community size  108.696
modularity             0.525738
-------------------  ----------
46 community detected
NMI:0.056989520163407525
ARM:0.07449906141076779
