__LOADINGS__
Network Properties for:		network
nodes, edges			5000, 56252
directed?			False
weighted?			True
isolated nodes			0
self-loops			0
density				0.004501
clustering coefficient		0.447707
min/max/avg degree		2, 87, 22.500800
degree assortativity		0.409931
number of connected components	1
size of largest component	5000 (100.00 %)
337213.31007433764
__Groundtruth__
read communities from: ../../lfr_5000/mk100/k25/muw0.2/3/community.dat
-------------------  ----------
# communities        104
min community size    20
max community size    99
avg. community size   48.0769
modularity             0.817437
-------------------  ----------
104 community detected
__CLASSIC_METHODS__
__Louvain__
PLM(balanced,pc,turbo) detected communities in 0.4257035255432129 [s]
solution properties:
-------------------  ---------
# communities         62
min community size    43
max community size   145
avg. community size   80.6452
modularity             0.81752
-------------------  ---------
104 community detected
NMI:0.05097120892628615
ARM:0.1891963169783628
__Singleton__
104 community detected
NMI:0.30478149554017087
ARM:1.0
__AllInOne__
104 community detected
NMI:1.0
ARM:1.0
__PLP__
PLP detected communities in 0.09241533279418945 [s]
solution properties:
-------------------  ----------
# communities        104
min community size    20
max community size   101
avg. community size   48.0769
modularity             0.817479
-------------------  ----------
104 community detected
NMI:0.0004849823870245462
ARM:0.0012679256946371842
__NORMALIZATION__
__glove__
Network Properties for:		G#21cc
nodes, edges			5000, 56252
directed?			False
weighted?			True
isolated nodes			0
self-loops			0
density				0.004501
clustering coefficient		0.447707
min/max/avg degree		2, 87, 22.500800
degree assortativity		0.409931
number of connected components	1
size of largest component	5000 (100.00 %)
tot:  6589.782112459165
__glove+Louvain__
PLM(balanced,pc,turbo) detected communities in 0.4369850158691406 [s]
solution properties:
-------------------  ----------
# communities         65
min community size    43
max community size   119
avg. community size   76.9231
modularity             0.819442
-------------------  ----------
104 community detected
NMI:0.04529661680761099
ARM:0.16472511389656064
__glove+PLP__
PLP detected communities in 0.0809319019317627 [s]
solution properties:
-------------------  ----------
# communities        104
min community size    20
max community size   101
avg. community size   48.0769
modularity             0.819364
-------------------  ----------
104 community detected
NMI:0.00048498238702465724
ARM:0.0012679256946371842
__fake_pmi__
Network Properties for:		G#40cc
nodes, edges			5000, 56252
directed?			False
weighted?			True
isolated nodes			0
self-loops			0
density				0.004501
clustering coefficient		0.447707
min/max/avg degree		2, 87, 22.500800
degree assortativity		0.409931
number of connected components	1
size of largest component	5000 (100.00 %)
tot:  0.0
__fake_pmi+Louvain__
1 community detected due to total edge weight equal 0
NMI:1
ARM:0.0012679256946371842
__fake_pmi+PLP__
1 community detected due to total edge weight equal 0
NMI:1
ARM:0.0012679256946371842
__iterative_rev_degree_order__
Network Properties for:		G#53cc
nodes, edges			5000, 56252
directed?			False
weighted?			True
isolated nodes			0
self-loops			0
density				0.004501
clustering coefficient		0.447707
min/max/avg degree		2, 87, 22.500800
degree assortativity		0.409931
number of connected components	1
size of largest component	5000 (100.00 %)
tot:  1155.7024762138512
__iterative_rev_degree_order+Louvain__
PLM(balanced,pc,turbo) detected communities in 0.7382938861846924 [s]
solution properties:
-------------------  ----------
# communities         37
min community size    82
max community size   234
avg. community size  135.135
modularity             0.785476
-------------------  ----------
104 community detected
NMI:0.4326685676370844
ARM:0.7723099067401018
__iterative_rev_degree_order+PLP__
PLP detected communities in 0.11452031135559082 [s]
solution properties:
-------------------  -----------
# communities        1079
min community size      2
max community size     33
avg. community size     4.63392
modularity              0.620508
-------------------  -----------
104 community detected
NMI:0.2980784577313982
ARM:0.8969276511397424
__pmi__
Network Properties for:		G#78cc
nodes, edges			5000, 56252
directed?			False
weighted?			True
isolated nodes			0
self-loops			0
density				0.004501
clustering coefficient		0.447707
min/max/avg degree		2, 87, 22.500800
degree assortativity		0.409931
number of connected components	1
size of largest component	5000 (100.00 %)
tot:  335514.76424942346
__pmi+Louvain__
PLM(balanced,pc,turbo) detected communities in 0.3370213508605957 [s]
solution properties:
-------------------  ----------
# communities         70
min community size    43
max community size   102
avg. community size   71.4286
modularity             0.820663
-------------------  ----------
104 community detected
NMI:0.03545280764639003
ARM:0.12108318173788812
__pmi+PLP__
PLP detected communities in 0.08826494216918945 [s]
solution properties:
-------------------  --------
# communities        103
min community size    20
max community size   100
avg. community size   48.5437
modularity             0.8213
-------------------  --------
104 community detected
NMI:0.0010833840383925875
ARM:0.003296814947429616
__standard__
Network Properties for:		G#97cc
nodes, edges			5000, 56252
directed?			False
weighted?			True
isolated nodes			0
self-loops			0
density				0.004501
clustering coefficient		0.447707
min/max/avg degree		2, 87, 22.500800
degree assortativity		0.409931
number of connected components	1
size of largest component	5000 (100.00 %)
tot:  18.340756248022466
__standard+Louvain__
PLM(balanced,pc,turbo) detected communities in 0.5054807662963867 [s]
solution properties:
-------------------  ----------
# communities         56
min community size    22
max community size   241
avg. community size   89.2857
modularity             0.824249
-------------------  ----------
104 community detected
NMI:0.1155909536723404
ARM:0.3809010208932031
__standard+PLP__
PLP detected communities in 0.14095640182495117 [s]
solution properties:
-------------------  ----------
# communities        159
min community size     2
max community size    95
avg. community size   31.4465
modularity             0.817401
-------------------  ----------
104 community detected
NMI:0.044046559491078496
ARM:0.09084677047820877
__ppmi__
Network Properties for:		G#119cc
nodes, edges			5000, 56252
directed?			False
weighted?			True
isolated nodes			0
self-loops			0
density				0.004501
clustering coefficient		0.447707
min/max/avg degree		2, 87, 22.500800
degree assortativity		0.409931
number of connected components	1
size of largest component	5000 (100.00 %)
tot:  336462.75511678885
__ppmi+Louvain__
PLM(balanced,pc,turbo) detected communities in 0.15078067779541016 [s]
solution properties:
-------------------  ----------
# communities         52
min community size    71
max community size   142
avg. community size   96.1538
modularity             0.816793
-------------------  ----------
104 community detected
NMI:0.07064855077861132
ARM:0.2597234317130237
__ppmi+PLP__
PLP detected communities in 0.09170722961425781 [s]
solution properties:
-------------------  ----------
# communities        102
min community size    20
max community size   126
avg. community size   49.0196
modularity             0.819876
-------------------  ----------
104 community detected
NMI:0.003428627753777058
ARM:0.020919695362961566
__glovexmax50alpha0.2__
Network Properties for:		G#138cc
nodes, edges			5000, 56252
directed?			False
weighted?			True
isolated nodes			0
self-loops			0
density				0.004501
clustering coefficient		0.447707
min/max/avg degree		2, 87, 22.500800
degree assortativity		0.409931
number of connected components	1
size of largest component	5000 (100.00 %)
tot:  35506.4123400506
__glovexmax50alpha0.2+Louvain__
PLM(balanced,pc,turbo) detected communities in 0.45070457458496094 [s]
solution properties:
-------------------  ----------
# communities         66
min community size    43
max community size   109
avg. community size   75.7576
modularity             0.817167
-------------------  ----------
104 community detected
NMI:0.04273083796910637
ARM:0.15111894442146412
__glovexmax50alpha0.2+PLP__
PLP detected communities in 0.03379392623901367 [s]
solution properties:
-------------------  ---------
# communities        104
min community size    20
max community size   101
avg. community size   48.0769
modularity             0.81742
-------------------  ---------
104 community detected
NMI:0.0004849823870244352
ARM:0.0012679256946371842
__glovexmax40alpha0.2__
Network Properties for:		G#157cc
nodes, edges			5000, 56252
directed?			False
weighted?			True
isolated nodes			0
self-loops			0
density				0.004501
clustering coefficient		0.447707
min/max/avg degree		2, 87, 22.500800
degree assortativity		0.409931
number of connected components	1
size of largest component	5000 (100.00 %)
tot:  37126.90911337224
__glovexmax40alpha0.2+Louvain__
PLM(balanced,pc,turbo) detected communities in 0.4581930637359619 [s]
solution properties:
-------------------  ---------
# communities         63
min community size    51
max community size   110
avg. community size   79.3651
modularity             0.81682
-------------------  ---------
104 community detected
NMI:0.04804563274180407
ARM:0.17210633013594034
__glovexmax40alpha0.2+PLP__
PLP detected communities in 0.02345132827758789 [s]
solution properties:
-------------------  ---------
# communities        104
min community size    20
max community size   101
avg. community size   48.0769
modularity             0.81742
-------------------  ---------
104 community detected
NMI:0.00048498238702465724
ARM:0.0012679256946371842
__glovexmax30alpha0.3__
Network Properties for:		G#176cc
nodes, edges			5000, 56252
directed?			False
weighted?			True
isolated nodes			0
self-loops			0
density				0.004501
clustering coefficient		0.447707
min/max/avg degree		2, 87, 22.500800
degree assortativity		0.409931
number of connected components	1
size of largest component	5000 (100.00 %)
tot:  33191.21641282592
__glovexmax30alpha0.3+Louvain__
PLM(balanced,pc,turbo) detected communities in 0.4790501594543457 [s]
solution properties:
-------------------  ----------
# communities         62
min community size    51
max community size   120
avg. community size   80.6452
modularity             0.818371
-------------------  ----------
104 community detected
NMI:0.05045533490061915
ARM:0.1842791234140715
__glovexmax30alpha0.3+PLP__
PLP detected communities in 0.034816741943359375 [s]
solution properties:
-------------------  ---------
# communities        104
min community size    20
max community size   101
avg. community size   48.0769
modularity             0.81898
-------------------  ---------
104 community detected
NMI:0.0004849823870245462
ARM:0.0012679256946371842
