__LOADINGS__
Network Properties for:		network
nodes, edges			5000, 56252
directed?			False
weighted?			True
isolated nodes			0
self-loops			0
density				0.004501
clustering coefficient		0.447707
min/max/avg degree		2, 87, 22.500800
degree assortativity		0.409931
number of connected components	1
size of largest component	5000 (100.00 %)
337213.31007433764
__Groundtruth__
read communities from: ../../lfr_5000/mk100/k25/muw0.2/30/community.dat
-------------------  ----------
# communities        104
min community size    20
max community size    99
avg. community size   48.0769
modularity             0.817437
-------------------  ----------
104 community detected
__CLASSIC_METHODS__
__Louvain__
PLM(balanced,pc,turbo) detected communities in 0.4442105293273926 [s]
solution properties:
-------------------  ----------
# communities         66
min community size    42
max community size   122
avg. community size   75.7576
modularity             0.817729
-------------------  ----------
104 community detected
NMI:0.04383093582303155
ARM:0.16006325039383162
__Singleton__
104 community detected
NMI:0.30478149554017087
ARM:1.0
__AllInOne__
104 community detected
NMI:1.0
ARM:1.0
__PLP__
PLP detected communities in 0.06569623947143555 [s]
solution properties:
-------------------  ----------
# communities        104
min community size    20
max community size   101
avg. community size   48.0769
modularity             0.817479
-------------------  ----------
104 community detected
NMI:0.0004849823870245462
ARM:0.0012679256946371842
__NORMALIZATION__
__glove__
Network Properties for:		G#21cc
nodes, edges			5000, 56252
directed?			False
weighted?			True
isolated nodes			0
self-loops			0
density				0.004501
clustering coefficient		0.447707
min/max/avg degree		2, 87, 22.500800
degree assortativity		0.409931
number of connected components	1
size of largest component	5000 (100.00 %)
tot:  6589.782112459165
__glove+Louvain__
PLM(balanced,pc,turbo) detected communities in 0.3513209819793701 [s]
solution properties:
-------------------  ----------
# communities         58
min community size    51
max community size   139
avg. community size   86.2069
modularity             0.818901
-------------------  ----------
104 community detected
NMI:0.059130055929155656
ARM:0.22123322977856552
__glove+PLP__
PLP detected communities in 0.07337355613708496 [s]
solution properties:
-------------------  ----------
# communities        104
min community size    20
max community size   101
avg. community size   48.0769
modularity             0.819364
-------------------  ----------
104 community detected
NMI:0.0004849823870245462
ARM:0.0012679256946371842
__fake_pmi__
Network Properties for:		G#40cc
nodes, edges			5000, 56252
directed?			False
weighted?			True
isolated nodes			0
self-loops			0
density				0.004501
clustering coefficient		0.447707
min/max/avg degree		2, 87, 22.500800
degree assortativity		0.409931
number of connected components	1
size of largest component	5000 (100.00 %)
tot:  0.0
__fake_pmi+Louvain__
1 community detected due to total edge weight equal 0
NMI:1
ARM:0.0012679256946371842
__fake_pmi+PLP__
1 community detected due to total edge weight equal 0
NMI:1
ARM:0.0012679256946371842
__iterative_rev_degree_order__
Network Properties for:		G#53cc
nodes, edges			5000, 56252
directed?			False
weighted?			True
isolated nodes			0
self-loops			0
density				0.004501
clustering coefficient		0.447707
min/max/avg degree		2, 87, 22.500800
degree assortativity		0.409931
number of connected components	1
size of largest component	5000 (100.00 %)
tot:  1155.7024762138512
__iterative_rev_degree_order+Louvain__
PLM(balanced,pc,turbo) detected communities in 0.6077792644500732 [s]
solution properties:
-------------------  ----------
# communities         60
min community size    22
max community size   163
avg. community size   83.3333
modularity             0.787714
-------------------  ----------
104 community detected
NMI:0.3802977952690634
ARM:0.7059879464815154
__iterative_rev_degree_order+PLP__
PLP detected communities in 0.17968344688415527 [s]
solution properties:
-------------------  -----------
# communities        1077
min community size      2
max community size     33
avg. community size     4.64253
modularity              0.621122
-------------------  -----------
104 community detected
NMI:0.29794707296912626
ARM:0.8960037848919729
__pmi__
Network Properties for:		G#75cc
nodes, edges			5000, 56252
directed?			False
weighted?			True
isolated nodes			0
self-loops			0
density				0.004501
clustering coefficient		0.447707
min/max/avg degree		2, 87, 22.500800
degree assortativity		0.409931
number of connected components	1
size of largest component	5000 (100.00 %)
tot:  335514.76424942346
__pmi+Louvain__
PLM(balanced,pc,turbo) detected communities in 0.3744375705718994 [s]
solution properties:
-------------------  ---------
# communities         68
min community size    51
max community size   109
avg. community size   73.5294
modularity             0.82039
-------------------  ---------
104 community detected
NMI:0.038865610449987265
ARM:0.1358889478208387
__pmi+PLP__
PLP detected communities in 0.10828065872192383 [s]
solution properties:
-------------------  ----------
# communities        103
min community size    20
max community size   109
avg. community size   48.5437
modularity             0.821233
-------------------  ----------
104 community detected
NMI:0.0016378870322432126
ARM:0.008736500590680873
__standard__
Network Properties for:		G#94cc
nodes, edges			5000, 56252
directed?			False
weighted?			True
isolated nodes			0
self-loops			0
density				0.004501
clustering coefficient		0.447707
min/max/avg degree		2, 87, 22.500800
degree assortativity		0.409931
number of connected components	1
size of largest component	5000 (100.00 %)
tot:  18.340756248022466
__standard+Louvain__
PLM(balanced,pc,turbo) detected communities in 0.5077798366546631 [s]
solution properties:
-------------------  --------
# communities         75
min community size    21
max community size   231
avg. community size   66.6667
modularity             0.8254
-------------------  --------
104 community detected
NMI:0.08905290178887759
ARM:0.32169462790384473
__standard+PLP__
PLP detected communities in 0.13245153427124023 [s]
solution properties:
-------------------  ----------
# communities        159
min community size     2
max community size    95
avg. community size   31.4465
modularity             0.817401
-------------------  ----------
104 community detected
NMI:0.044046559491078496
ARM:0.09084677047820877
__ppmi__
Network Properties for:		G#116cc
nodes, edges			5000, 56252
directed?			False
weighted?			True
isolated nodes			0
self-loops			0
density				0.004501
clustering coefficient		0.447707
min/max/avg degree		2, 87, 22.500800
degree assortativity		0.409931
number of connected components	1
size of largest component	5000 (100.00 %)
tot:  336462.75511678885
__ppmi+Louvain__
PLM(balanced,pc,turbo) detected communities in 0.41757822036743164 [s]
solution properties:
-------------------  ----------
# communities         56
min community size    59
max community size   119
avg. community size   89.2857
modularity             0.817635
-------------------  ----------
104 community detected
NMI:0.0614998897461112
ARM:0.22421564052592569
__ppmi+PLP__
PLP detected communities in 0.09651732444763184 [s]
solution properties:
-------------------  ----------
# communities        102
min community size    20
max community size   109
avg. community size   49.0196
modularity             0.820039
-------------------  ----------
104 community detected
NMI:0.0028014602882491246
ARM:0.013728556715688178
__glovexmax50alpha0.2__
Network Properties for:		G#135cc
nodes, edges			5000, 56252
directed?			False
weighted?			True
isolated nodes			0
self-loops			0
density				0.004501
clustering coefficient		0.447707
min/max/avg degree		2, 87, 22.500800
degree assortativity		0.409931
number of connected components	1
size of largest component	5000 (100.00 %)
tot:  35506.4123400506
__glovexmax50alpha0.2+Louvain__
PLM(balanced,pc,turbo) detected communities in 0.4174504280090332 [s]
solution properties:
-------------------  ----------
# communities         56
min community size    52
max community size   145
avg. community size   89.2857
modularity             0.816067
-------------------  ----------
104 community detected
NMI:0.06319523971946783
ARM:0.23615773968137166
__glovexmax50alpha0.2+PLP__
PLP detected communities in 0.07415366172790527 [s]
solution properties:
-------------------  ---------
# communities        104
min community size    20
max community size   101
avg. community size   48.0769
modularity             0.81742
-------------------  ---------
104 community detected
NMI:0.0004849823870245462
ARM:0.0012679256946371842
__glovexmax40alpha0.2__
Network Properties for:		G#154cc
nodes, edges			5000, 56252
directed?			False
weighted?			True
isolated nodes			0
self-loops			0
density				0.004501
clustering coefficient		0.447707
min/max/avg degree		2, 87, 22.500800
degree assortativity		0.409931
number of connected components	1
size of largest component	5000 (100.00 %)
tot:  37126.90911337224
__glovexmax40alpha0.2+Louvain__
PLM(balanced,pc,turbo) detected communities in 0.3409285545349121 [s]
solution properties:
-------------------  ----------
# communities         71
min community size    41
max community size   102
avg. community size   70.4225
modularity             0.817431
-------------------  ----------
104 community detected
NMI:0.03462239269115497
ARM:0.11901920566846913
__glovexmax40alpha0.2+PLP__
PLP detected communities in 0.060663700103759766 [s]
solution properties:
-------------------  ---------
# communities        104
min community size    20
max community size   101
avg. community size   48.0769
modularity             0.81742
-------------------  ---------
104 community detected
NMI:0.0004849823870245462
ARM:0.0012679256946371842
__glovexmax30alpha0.3__
Network Properties for:		G#173cc
nodes, edges			5000, 56252
directed?			False
weighted?			True
isolated nodes			0
self-loops			0
density				0.004501
clustering coefficient		0.447707
min/max/avg degree		2, 87, 22.500800
degree assortativity		0.409931
number of connected components	1
size of largest component	5000 (100.00 %)
tot:  33191.21641282592
__glovexmax30alpha0.3+Louvain__
PLM(balanced,pc,turbo) detected communities in 0.2678375244140625 [s]
solution properties:
-------------------  ----------
# communities         64
min community size    49
max community size   118
avg. community size   78.125
modularity             0.818553
-------------------  ----------
104 community detected
NMI:0.046413317527798426
ARM:0.16676331801630218
__glovexmax30alpha0.3+PLP__
PLP detected communities in 0.07008171081542969 [s]
solution properties:
-------------------  ---------
# communities        104
min community size    20
max community size   101
avg. community size   48.0769
modularity             0.81898
-------------------  ---------
104 community detected
NMI:0.0004849823870245462
ARM:0.0012679256946371842
