__LOADINGS__
4980/47037 10.587409911346386 % of nul weighted edges removed
1/5000 0.02 % of nul degree nodes removed
Network Properties for:		network
nodes, edges			4999, 42057
directed?			False
weighted?			True
isolated nodes			1
self-loops			0
density				0.003367
clustering coefficient		0.188297
min/max/avg degree		0, 80, 16.826165
degree assortativity		0.389876
number of connected components	1
size of largest component	4999 (100.00 %)
238181.79002959278
__Groundtruth__
read communities from: ../../lfr_5000/mk100/k20/muw0.4/46/community.dat
-------------------  ----------
# communities        104
min community size    20
max community size    99
avg. community size   48.0769
modularity             0.595166
-------------------  ----------
104 community detected
__CLASSIC_METHODS__
__Louvain__
PLM(balanced,pc,turbo) detected communities in 0.8585643768310547 [s]
solution properties:
-------------------  --------
# communities         40
min community size    64
max community size   251
avg. community size  124.975
modularity             0.5962
-------------------  --------
104 community detected
NMI:0.12344181524466014
ARI:0.43732475672109516
__Singleton__
104 community detected
NMI:0.3047653125958617
ARI:1.0
__AllInOne__
104 community detected
NMI:1.0
ARI:1.0
__PLP__
PLP detected communities in 0.05850934982299805 [s]
solution properties:
-------------------  ----------
# communities        106
min community size     1
max community size    99
avg. community size   47.1698
modularity             0.595408
-------------------  ----------
104 community detected
NMI:0.012520769348048688
ARI:0.026633326651262723
__NORMALIZATION__
__glove__
Network Properties for:		G#24
nodes, edges			4999, 42057
directed?			False
weighted?			True
isolated nodes			1
self-loops			0
density				0.003367
clustering coefficient		0.188297
min/max/avg degree		0, 80, 16.826165
degree assortativity		0.389876
number of connected components	1
size of largest component	4999 (100.00 %)
tot:  4667.094802963346
__glove+Louvain__
PLM(balanced,pc,turbo) detected communities in 0.45066213607788086 [s]
solution properties:
-------------------  ----------
# communities         48
min community size    59
max community size   173
avg. community size  104.146
modularity             0.601795
-------------------  ----------
104 community detected
NMI:0.08903575451585144
ARI:0.32712816122807276
__glove+PLP__
PLP detected communities in 0.12891793251037598 [s]
solution properties:
-------------------  ----------
# communities        106
min community size     1
max community size    99
avg. community size   47.1698
modularity             0.600147
-------------------  ----------
104 community detected
NMI:0.005786722528842381
ARI:0.012534608253914614
__fake_pmi__
Network Properties for:		G#33
nodes, edges			4999, 42057
directed?			False
weighted?			True
isolated nodes			1
self-loops			0
density				0.003367
clustering coefficient		0.188297
min/max/avg degree		0, 80, 16.826165
degree assortativity		0.389876
number of connected components	1
size of largest component	4999 (100.00 %)
tot:  0.0
__fake_pmi+Louvain__
1 community detected due to total edge weight equal 0
NMI:1
ARI:1
__fake_pmi+PLP__
1 community detected due to total edge weight equal 0
NMI:1
ARI:1
__iterative_rev_degree_order__
Network Properties for:		G#36
nodes, edges			4999, 42057
directed?			False
weighted?			True
isolated nodes			1
self-loops			0
density				0.003367
clustering coefficient		0.188297
min/max/avg degree		0, 80, 16.826165
degree assortativity		0.389876
number of connected components	1
size of largest component	4999 (100.00 %)
tot:  1326.2941047543793
__iterative_rev_degree_order+Louvain__
PLM(balanced,pc,turbo) detected communities in 0.8745009899139404 [s]
solution properties:
-------------------  ----------
# communities         62
min community size    45
max community size   158
avg. community size   80.629
modularity             0.750027
-------------------  ----------
104 community detected
NMI:0.6330353165461331
ARI:0.9292443728078639
__iterative_rev_degree_order+PLP__
PLP detected communities in 0.08310985565185547 [s]
solution properties:
-------------------  -----------
# communities        1276
min community size      1
max community size     17
avg. community size     3.9185
modularity              0.634508
-------------------  -----------
104 community detected
NMI:0.35697658071566307
ARI:0.9597241954614772
__pmi__
Network Properties for:		G#51
nodes, edges			4999, 42057
directed?			False
weighted?			True
isolated nodes			1
self-loops			0
density				0.003367
clustering coefficient		0.188297
min/max/avg degree		0, 80, 16.826165
degree assortativity		0.389876
number of connected components	1
size of largest component	4999 (100.00 %)
tot:  251107.28687433005
__pmi+Louvain__
PLM(balanced,pc,turbo) detected communities in 0.48010897636413574 [s]
solution properties:
-------------------  ----------
# communities         49
min community size    51
max community size   169
avg. community size  102.02
modularity             0.613046
-------------------  ----------
104 community detected
NMI:0.0820258406000095
ARI:0.3104013425519282
__pmi+PLP__
PLP detected communities in 0.12385392189025879 [s]
solution properties:
-------------------  ----------
# communities        105
min community size     1
max community size    99
avg. community size   47.619
modularity             0.612821
-------------------  ----------
104 community detected
NMI:0.0011424419286016896
ARI:0.0023691851268603514
__standard__
Network Properties for:		G#60
nodes, edges			4999, 42057
directed?			False
weighted?			True
isolated nodes			1
self-loops			0
density				0.003367
clustering coefficient		0.188297
min/max/avg degree		0, 80, 16.826165
degree assortativity		0.389876
number of connected components	1
size of largest component	4999 (100.00 %)
tot:  23.720400866667287
__standard+Louvain__
PLM(balanced,pc,turbo) detected communities in 0.7139623165130615 [s]
solution properties:
-------------------  ----------
# communities         46
min community size    30
max community size   247
avg. community size  108.674
modularity             0.615263
-------------------  ----------
104 community detected
NMI:0.40356962943249686
ARI:0.7201151532434378
__standard+PLP__
PLP detected communities in 0.1999518871307373 [s]
solution properties:
-------------------  ----------
# communities        709
min community size     1
max community size    66
avg. community size    7.05219
modularity             0.503696
-------------------  ----------
104 community detected
NMI:0.29596900101755086
ARI:0.6847035406855654
__ppmi__
Network Properties for:		G#72
nodes, edges			4999, 42057
directed?			False
weighted?			True
isolated nodes			1
self-loops			0
density				0.003367
clustering coefficient		0.188297
min/max/avg degree		0, 80, 16.826165
degree assortativity		0.389876
number of connected components	1
size of largest component	4999 (100.00 %)
tot:  254611.08864003725
__ppmi+Louvain__
PLM(balanced,pc,turbo) detected communities in 0.5910391807556152 [s]
solution properties:
-------------------  ----------
# communities         48
min community size    59
max community size   169
avg. community size  104.146
modularity             0.608265
-------------------  ----------
104 community detected
NMI:0.08367566119693992
ARI:0.31209039880095224
__ppmi+PLP__
PLP detected communities in 0.12218117713928223 [s]
solution properties:
-------------------  ----------
# communities        104
min community size     1
max community size    99
avg. community size   48.0769
modularity             0.608231
-------------------  ----------
104 community detected
NMI:0.002461673449479229
ARI:0.006156077769096324
__glovexmax50alpha0.2__
Network Properties for:		G#81
nodes, edges			4999, 42057
directed?			False
weighted?			True
isolated nodes			1
self-loops			0
density				0.003367
clustering coefficient		0.188297
min/max/avg degree		0, 80, 16.826165
degree assortativity		0.389876
number of connected components	1
size of largest component	4999 (100.00 %)
tot:  25737.66386976494
__glovexmax50alpha0.2+Louvain__
PLM(balanced,pc,turbo) detected communities in 0.6826074123382568 [s]
solution properties:
-------------------  ----------
# communities         48
min community size    51
max community size   173
avg. community size  104.146
modularity             0.604251
-------------------  ----------
104 community detected
NMI:0.08477570439699822
ARI:0.32004893233046283
__glovexmax50alpha0.2+PLP__
PLP detected communities in 0.08668255805969238 [s]
solution properties:
-------------------  ----------
# communities        105
min community size     1
max community size    99
avg. community size   47.619
modularity             0.604103
-------------------  ----------
104 community detected
NMI:0.0011748301797983585
ARI:0.0026715410573677767
__glovexmax40alpha0.2__
Network Properties for:		G#90
nodes, edges			4999, 42057
directed?			False
weighted?			True
isolated nodes			1
self-loops			0
density				0.003367
clustering coefficient		0.188297
min/max/avg degree		0, 80, 16.826165
degree assortativity		0.389876
number of connected components	1
size of largest component	4999 (100.00 %)
tot:  26912.319333525043
__glovexmax40alpha0.2+Louvain__
PLM(balanced,pc,turbo) detected communities in 0.4693419933319092 [s]
solution properties:
-------------------  ----------
# communities         58
min community size    37
max community size   128
avg. community size   86.1897
modularity             0.605285
-------------------  ----------
104 community detected
NMI:0.06007511805773913
ARI:0.22257279812895436
__glovexmax40alpha0.2+PLP__
PLP detected communities in 0.08831977844238281 [s]
solution properties:
-------------------  ----------
# communities        105
min community size     1
max community size    99
avg. community size   47.619
modularity             0.604103
-------------------  ----------
104 community detected
NMI:0.0011748301797984695
ARI:0.0026715410573677767
__glovexmax30alpha0.3__
Network Properties for:		G#99
nodes, edges			4999, 42057
directed?			False
weighted?			True
isolated nodes			1
self-loops			0
density				0.003367
clustering coefficient		0.188297
min/max/avg degree		0, 80, 16.826165
degree assortativity		0.389876
number of connected components	1
size of largest component	4999 (100.00 %)
tot:  23877.962520684192
__glovexmax30alpha0.3+Louvain__
PLM(balanced,pc,turbo) detected communities in 0.6582951545715332 [s]
solution properties:
-------------------  ---------
# communities         49
min community size    59
max community size   178
avg. community size  102.02
modularity             0.60579
-------------------  ---------
104 community detected
NMI:0.08310060076334769
ARI:0.3176623288237267
__glovexmax30alpha0.3+PLP__
PLP detected communities in 0.0658879280090332 [s]
solution properties:
-------------------  ----------
# communities        105
min community size     1
max community size    99
avg. community size   47.619
modularity             0.605067
-------------------  ----------
104 community detected
NMI:0.0011748301797984695
ARI:0.0026715410573677767
NMI classement:
[('NMIpmi+PLP', 0.0011424419286016896), ('NMIglovexmax50alpha0.2+PLP', 0.0011748301797983585), ('NMIglovexmax40alpha0.2+PLP', 0.0011748301797984695), ('NMIglovexmax30alpha0.3+PLP', 0.0011748301797984695), ('NMIppmi+PLP', 0.002461673449479229), ('NMIglove+PLP', 0.005786722528842381), ('NMIPLP', 0.012520769348048688), ('NMIglovexmax40alpha0.2+Louvain', 0.06007511805773913), ('NMIpmi+Louvain', 0.0820258406000095), ('NMIglovexmax30alpha0.3+Louvain', 0.08310060076334769), ('NMIppmi+Louvain', 0.08367566119693992), ('NMIglovexmax50alpha0.2+Louvain', 0.08477570439699822), ('NMIglove+Louvain', 0.08903575451585144), ('NMILouvain', 0.12344181524466014), ('NMIstandard+PLP', 0.29596900101755086), ('NMISingleton', 0.3047653125958617), ('NMIiterative_rev_degree_order+PLP', 0.35697658071566307), ('NMIstandard+Louvain', 0.40356962943249686), ('NMIiterative_rev_degree_order+Louvain', 0.6330353165461331), ('NMIAllInOne', 1.0), ('NMIfake_pmi+Louvain', 1), ('NMIfake_pmi+PLP', 1)]
ARI classement:
[('ARIpmi+PLP', 0.0023691851268603514), ('ARIglovexmax50alpha0.2+PLP', 0.0026715410573677767), ('ARIglovexmax40alpha0.2+PLP', 0.0026715410573677767), ('ARIglovexmax30alpha0.3+PLP', 0.0026715410573677767), ('ARIppmi+PLP', 0.006156077769096324), ('ARIglove+PLP', 0.012534608253914614), ('ARIPLP', 0.026633326651262723), ('ARIglovexmax40alpha0.2+Louvain', 0.22257279812895436), ('ARIpmi+Louvain', 0.3104013425519282), ('ARIppmi+Louvain', 0.31209039880095224), ('ARIglovexmax30alpha0.3+Louvain', 0.3176623288237267), ('ARIglovexmax50alpha0.2+Louvain', 0.32004893233046283), ('ARIglove+Louvain', 0.32712816122807276), ('ARILouvain', 0.43732475672109516), ('ARIstandard+PLP', 0.6847035406855654), ('ARIstandard+Louvain', 0.7201151532434378), ('ARIiterative_rev_degree_order+Louvain', 0.9292443728078639), ('ARIiterative_rev_degree_order+PLP', 0.9597241954614772), ('ARISingleton', 1.0), ('ARIAllInOne', 1.0), ('ARIfake_pmi+Louvain', 1), ('ARIfake_pmi+PLP', 1)]
