__LOADINGS__
Network Properties for:		network
nodes, edges			5000, 31176
directed?			False
weighted?			True
isolated nodes			1
self-loops			0
density				0.002495
clustering coefficient		0.164293
min/max/avg degree		0, 75, 12.470400
degree assortativity		0.383725
number of connected components	2
size of largest component	4999 (99.98 %)
167693.060348957
__Groundtruth__
read communities from: ../../lfr_5000/mk100/k15/muw0.4/11/community.dat
-------------------  ----------
# communities        104
min community size    20
max community size    99
avg. community size   48.0769
modularity             0.584412
-------------------  ----------
104 community detected
5 features on 31176 samples
Trainning set:24940 samples
Testing set:6236 samples
             precision    recall  f1-score   support

          0       0.67      0.37      0.48      2487
          1       0.68      0.88      0.76      3749

avg / total       0.67      0.67      0.65      6236

Confusion matrix:
[[ 922 1565]
 [ 463 3286]]
Importance of features:
[0.22283702 0.17203219 0.18661971 0.2193159  0.19919518]
