__LOADINGS__
Network Properties for:		network
nodes, edges			5000, 33808
directed?			False
weighted?			True
isolated nodes			0
self-loops			0
density				0.002705
clustering coefficient		0.292150
min/max/avg degree		1, 217, 13.523200
degree assortativity		0.183008
number of connected components	1
size of largest component	5000 (100.00 %)
250726.48647717867
__Groundtruth__
read communities from: ../../lfr_5000/mk300/k15/muw0.3/47/community.dat
-------------------  ----------
# communities         32
min community size   100
max community size   215
avg. community size  156.25
modularity             0.588183
-------------------  ----------
32 community detected
__CLASSIC_METHODS__
__Louvain__
PLM(balanced,pc,turbo) detected communities in 0.25056910514831543 [s]
solution properties:
-------------------  ----------
# communities         21
min community size   146
max community size   389
avg. community size  238.095
modularity             0.592504
-------------------  ----------
32 community detected
NMI:0.18181838788524773
ARM:0.33605512978519925
__Singleton__
32 community detected
NMI:0.42370093147868315
ARM:1.0
__AllInOne__
32 community detected
NMI:1.0
ARM:1.0
__PLP__
PLP detected communities in 0.12321639060974121 [s]
solution properties:
-------------------  ----------
# communities         34
min community size     2
max community size   233
avg. community size  147.059
modularity             0.594546
-------------------  ----------
32 community detected
NMI:0.11555328669154186
ARM:0.13618860370708052
__NORMALIZATION__
__glove__
Network Properties for:		G#21cc
nodes, edges			5000, 33808
directed?			False
weighted?			True
isolated nodes			0
self-loops			0
density				0.002705
clustering coefficient		0.292150
min/max/avg degree		1, 217, 13.523200
degree assortativity		0.183008
number of connected components	1
size of largest component	5000 (100.00 %)
tot:  3966.619593052101
__glove+Louvain__
PLM(balanced,pc,turbo) detected communities in 0.4049046039581299 [s]
solution properties:
-------------------  ----------
# communities         19
min community size   171
max community size   403
avg. community size  263.158
modularity             0.615703
-------------------  ----------
32 community detected
NMI:0.1810417189252399
ARM:0.35661278902910454
__glove+PLP__
PLP detected communities in 0.15979409217834473 [s]
solution properties:
-------------------  ----------
# communities         34
min community size     2
max community size   229
avg. community size  147.059
modularity             0.623458
-------------------  ----------
32 community detected
NMI:0.0975565212920334
ARM:0.11346954614734572
__fake_pmi__
Network Properties for:		G#40cc
nodes, edges			5000, 33808
directed?			False
weighted?			True
isolated nodes			0
self-loops			0
density				0.002705
clustering coefficient		0.292150
min/max/avg degree		1, 217, 13.523200
degree assortativity		0.183008
number of connected components	1
size of largest component	5000 (100.00 %)
tot:  0.0
__fake_pmi+Louvain__
1 community detected due to total edge weight equal 0
NMI:1
ARM:0.11346954614734572
__fake_pmi+PLP__
1 community detected due to total edge weight equal 0
NMI:1
ARM:0.11346954614734572
__iterative_rev_degree_order__
Network Properties for:		G#53cc
nodes, edges			5000, 33808
directed?			False
weighted?			True
isolated nodes			0
self-loops			0
density				0.002705
clustering coefficient		0.292150
min/max/avg degree		1, 217, 13.523200
degree assortativity		0.183008
number of connected components	1
size of largest component	5000 (100.00 %)
tot:  1484.2692169428233
__iterative_rev_degree_order+Louvain__
PLM(balanced,pc,turbo) detected communities in 0.41518139839172363 [s]
solution properties:
-------------------  ----------
# communities         56
min community size    39
max community size   198
avg. community size   89.2857
modularity             0.881459
-------------------  ----------
32 community detected
NMI:0.7082827662259039
ARM:0.8911354667329173
__iterative_rev_degree_order+PLP__
PLP detected communities in 0.0789175033569336 [s]
solution properties:
-------------------  ----------
# communities        1517
min community size      2
max community size     16
avg. community size     3.29598
modularity              0.7803
-------------------  ----------
32 community detected
NMI:0.4644415512027622
ARM:0.9813282617558954
__pmi__
Network Properties for:		G#78cc
nodes, edges			5000, 33808
directed?			False
weighted?			True
isolated nodes			0
self-loops			0
density				0.002705
clustering coefficient		0.292150
min/max/avg degree		1, 217, 13.523200
degree assortativity		0.183008
number of connected components	1
size of largest component	5000 (100.00 %)
tot:  72523.98511975973
__pmi+Louvain__
PLM(balanced,pc,turbo) detected communities in 0.5627789497375488 [s]
solution properties:
-------------------  ---------
# communities         19
min community size   144
max community size   611
avg. community size  263.158
modularity             1.07603
-------------------  ---------
32 community detected
NMI:0.39630242791592707
ARM:0.604123499792625
__pmi+PLP__
PLP detected communities in 0.16708850860595703 [s]
solution properties:
-------------------  ---------
# communities        294
min community size     1
max community size   255
avg. community size   17.0068
modularity             1.01192
-------------------  ---------
32 community detected
NMI:0.2792732558969274
ARM:0.4026077920851119
__standard__
Network Properties for:		G#100cc
nodes, edges			5000, 33808
directed?			False
weighted?			True
isolated nodes			0
self-loops			0
density				0.002705
clustering coefficient		0.292150
min/max/avg degree		1, 217, 13.523200
degree assortativity		0.183008
number of connected components	1
size of largest component	5000 (100.00 %)
tot:  18.113349165934977
__standard+Louvain__
PLM(balanced,pc,turbo) detected communities in 0.779681921005249 [s]
solution properties:
-------------------  ----------
# communities         49
min community size     2
max community size   286
avg. community size  102.041
modularity             0.854078
-------------------  ----------
32 community detected
NMI:0.5059715994656824
ARM:0.6561206303858811
__standard+PLP__
PLP detected communities in 0.1421360969543457 [s]
solution properties:
-------------------  -----------
# communities        1248
min community size      2
max community size     69
avg. community size     4.00641
modularity              0.739468
-------------------  -----------
32 community detected
NMI:0.4468237583399507
ARM:0.9331770947224308
__ppmi__
Network Properties for:		G#125cc
nodes, edges			5000, 33808
directed?			False
weighted?			True
isolated nodes			0
self-loops			0
density				0.002705
clustering coefficient		0.292150
min/max/avg degree		1, 217, 13.523200
degree assortativity		0.183008
number of connected components	1
size of largest component	5000 (100.00 %)
tot:  132341.00002269362
__ppmi+Louvain__
PLM(balanced,pc,turbo) detected communities in 0.4408688545227051 [s]
solution properties:
-------------------  ---------
# communities         29
min community size   102
max community size   292
avg. community size  172.414
modularity             0.68865
-------------------  ---------
32 community detected
NMI:0.14230838586975547
ARM:0.21159737259474376
__ppmi+PLP__
PLP detected communities in 0.09231710433959961 [s]
solution properties:
-------------------  ----------
# communities        110
min community size     1
max community size   210
avg. community size   45.4545
modularity             0.683634
-------------------  ----------
32 community detected
NMI:0.1267866976387172
ARM:0.15702728479294636
__glovexmax50alpha0.2__
Network Properties for:		G#144cc
nodes, edges			5000, 33808
directed?			False
weighted?			True
isolated nodes			0
self-loops			0
density				0.002705
clustering coefficient		0.292150
min/max/avg degree		1, 217, 13.523200
degree assortativity		0.183008
number of connected components	1
size of largest component	5000 (100.00 %)
tot:  17408.452645433714
__glovexmax50alpha0.2+Louvain__
PLM(balanced,pc,turbo) detected communities in 0.4824371337890625 [s]
solution properties:
-------------------  ----------
# communities         15
min community size   263
max community size   424
avg. community size  333.333
modularity             0.649035
-------------------  ----------
32 community detected
NMI:0.16142631189512124
ARM:0.3991072295327266
__glovexmax50alpha0.2+PLP__
PLP detected communities in 0.14332294464111328 [s]
solution properties:
-------------------  ----------
# communities         33
min community size     2
max community size   217
avg. community size  151.515
modularity             0.669371
-------------------  ----------
32 community detected
NMI:0.03529735229619313
ARM:0.041082647383132054
__glovexmax40alpha0.2__
Network Properties for:		G#163cc
nodes, edges			5000, 33808
directed?			False
weighted?			True
isolated nodes			0
self-loops			0
density				0.002705
clustering coefficient		0.292150
min/max/avg degree		1, 217, 13.523200
degree assortativity		0.183008
number of connected components	1
size of largest component	5000 (100.00 %)
tot:  18175.67179176199
__glovexmax40alpha0.2+Louvain__
PLM(balanced,pc,turbo) detected communities in 0.3525552749633789 [s]
solution properties:
-------------------  ----------
# communities         32
min community size   101
max community size   216
avg. community size  156.25
modularity             0.669744
-------------------  ----------
32 community detected
NMI:0.037551140932106986
ARM:0.04387616176936693
__glovexmax40alpha0.2+PLP__
PLP detected communities in 0.15354347229003906 [s]
solution properties:
-------------------  ----------
# communities         33
min community size     2
max community size   217
avg. community size  151.515
modularity             0.669707
-------------------  ----------
32 community detected
NMI:0.03563546890393943
ARM:0.041401743460740104
__glovexmax30alpha0.3__
Network Properties for:		G#182cc
nodes, edges			5000, 33808
directed?			False
weighted?			True
isolated nodes			0
self-loops			0
density				0.002705
clustering coefficient		0.292150
min/max/avg degree		1, 217, 13.523200
degree assortativity		0.183008
number of connected components	1
size of largest component	5000 (100.00 %)
tot:  16086.946825098265
__glovexmax30alpha0.3+Louvain__
PLM(balanced,pc,turbo) detected communities in 0.3475341796875 [s]
solution properties:
-------------------  ---------
# communities         31
min community size    98
max community size   272
avg. community size  161.29
modularity             0.66666
-------------------  ---------
32 community detected
NMI:0.053521919119781325
ARM:0.07751285694400378
__glovexmax30alpha0.3+PLP__
PLP detected communities in 0.13681578636169434 [s]
solution properties:
-------------------  ----------
# communities         33
min community size     2
max community size   218
avg. community size  151.515
modularity             0.666925
-------------------  ----------
32 community detected
NMI:0.04758884060649671
ARM:0.05491155877105691
