__LOADINGS__
Network Properties for:		network
nodes, edges			5000, 41646
directed?			False
weighted?			True
isolated nodes			0
self-loops			0
density				0.003332
clustering coefficient		0.212311
min/max/avg degree		2, 210, 16.658400
degree assortativity		0.285559
number of connected components	1
size of largest component	5000 (100.00 %)
311162.4010280151
__Groundtruth__
read communities from: ../../lfr_5000/mk300/k20/muw0.4/1/community.dat
-------------------  ----------
# communities         40
min community size    89
max community size   180
avg. community size  125
modularity             0.507325
-------------------  ----------
40 community detected
__CLASSIC_METHODS__
__Louvain__
PLM(balanced,pc,turbo) detected communities in 0.4016249179840088 [s]
solution properties:
-------------------  ---------
# communities         34
min community size    78
max community size   298
avg. community size  147.059
modularity             0.51334
-------------------  ---------
40 community detected
NMI:0.1329031389735078
ARM:0.2288111365546992
__Singleton__
40 community detected
NMI:0.3983004112753792
ARM:1.0
__AllInOne__
40 community detected
NMI:1.0
ARM:1.0
__PLP__
PLP detected communities in 0.09352588653564453 [s]
solution properties:
-------------------  ----------
# communities         42
min community size     4
max community size   212
avg. community size  119.048
modularity             0.511274
-------------------  ----------
40 community detected
NMI:0.12302996726404392
ARM:0.16108360848891845
__NORMALIZATION__
__glove__
Network Properties for:		G#21cc
nodes, edges			5000, 41646
directed?			False
weighted?			True
isolated nodes			0
self-loops			0
density				0.003332
clustering coefficient		0.212311
min/max/avg degree		2, 210, 16.658400
degree assortativity		0.285559
number of connected components	1
size of largest component	5000 (100.00 %)
tot:  5143.474975718058
__glove+Louvain__
PLM(balanced,pc,turbo) detected communities in 0.3260221481323242 [s]
solution properties:
-------------------  ----------
# communities         31
min community size    92
max community size   381
avg. community size  161.29
modularity             0.534837
-------------------  ----------
40 community detected
NMI:0.1249296610095153
ARM:0.26018113567771617
__glove+PLP__
PLP detected communities in 0.16755938529968262 [s]
solution properties:
-------------------  ----------
# communities         40
min community size    76
max community size   201
avg. community size  125
modularity             0.535705
-------------------  ----------
40 community detected
NMI:0.08764448283427284
ARM:0.11520080608076189
__fake_pmi__
Network Properties for:		G#40cc
nodes, edges			5000, 41646
directed?			False
weighted?			True
isolated nodes			0
self-loops			0
density				0.003332
clustering coefficient		0.212311
min/max/avg degree		2, 210, 16.658400
degree assortativity		0.285559
number of connected components	1
size of largest component	5000 (100.00 %)
tot:  0.0
__fake_pmi+Louvain__
1 community detected due to total edge weight equal 0
NMI:1
ARM:0.11520080608076189
__fake_pmi+PLP__
1 community detected due to total edge weight equal 0
NMI:1
ARM:0.11520080608076189
__iterative_rev_degree_order__
Network Properties for:		G#53cc
nodes, edges			5000, 41646
directed?			False
weighted?			True
isolated nodes			0
self-loops			0
density				0.003332
clustering coefficient		0.212311
min/max/avg degree		2, 210, 16.658400
degree assortativity		0.285559
number of connected components	1
size of largest component	5000 (100.00 %)
tot:  1365.854521911309
__iterative_rev_degree_order+Louvain__
PLM(balanced,pc,turbo) detected communities in 0.7623772621154785 [s]
solution properties:
-------------------  ---------
# communities         83
min community size     4
max community size   130
avg. community size   60.241
modularity             0.84039
-------------------  ---------
40 community detected
NMI:0.7643109235720684
ARM:0.9641581948921398
__iterative_rev_degree_order+PLP__
PLP detected communities in 0.07267427444458008 [s]
solution properties:
-------------------  -----------
# communities        1579
min community size      2
max community size     10
avg. community size     3.16656
modularity              0.728262
-------------------  -----------
40 community detected
NMI:0.4666146718870642
ARM:0.9876900818350338
__pmi__
Network Properties for:		G#78cc
nodes, edges			5000, 41646
directed?			False
weighted?			True
isolated nodes			0
self-loops			0
density				0.003332
clustering coefficient		0.212311
min/max/avg degree		2, 210, 16.658400
degree assortativity		0.285559
number of connected components	1
size of largest component	5000 (100.00 %)
tot:  122296.99099491497
__pmi+Louvain__
PLM(balanced,pc,turbo) detected communities in 0.36383938789367676 [s]
solution properties:
-------------------  ----------
# communities         34
min community size    92
max community size   356
avg. community size  147.059
modularity             0.754819
-------------------  ----------
40 community detected
NMI:0.2561325316324976
ARM:0.41741211803181655
__pmi+PLP__
PLP detected communities in 0.15959692001342773 [s]
solution properties:
-------------------  ---------
# communities        126
min community size     2
max community size   180
avg. community size   39.6825
modularity             0.74534
-------------------  ---------
40 community detected
NMI:0.22514982536680206
ARM:0.3224090548855648
__standard__
Network Properties for:		G#97cc
nodes, edges			5000, 41646
directed?			False
weighted?			True
isolated nodes			0
self-loops			0
density				0.003332
clustering coefficient		0.212311
min/max/avg degree		2, 210, 16.658400
degree assortativity		0.285559
number of connected components	1
size of largest component	5000 (100.00 %)
tot:  18.41303833482568
__standard+Louvain__
PLM(balanced,pc,turbo) detected communities in 0.6852207183837891 [s]
solution properties:
-------------------  ---------
# communities         38
min community size    44
max community size   238
avg. community size  131.579
modularity             0.78862
-------------------  ---------
40 community detected
NMI:0.6851620249233459
ARM:0.8420043513536658
__standard+PLP__
PLP detected communities in 0.13378405570983887 [s]
solution properties:
-------------------  -----------
# communities        1337
min community size      2
max community size     55
avg. community size     3.73972
modularity              0.678686
-------------------  -----------
40 community detected
NMI:0.47619105022657415
ARM:0.9725263620908972
__ppmi__
Network Properties for:		G#122cc
nodes, edges			5000, 41646
directed?			False
weighted?			True
isolated nodes			0
self-loops			0
density				0.003332
clustering coefficient		0.212311
min/max/avg degree		2, 210, 16.658400
degree assortativity		0.285559
number of connected components	1
size of largest component	5000 (100.00 %)
tot:  177582.87907479634
__ppmi+Louvain__
PLM(balanced,pc,turbo) detected communities in 0.25892066955566406 [s]
solution properties:
-------------------  ----------
# communities         28
min community size    96
max community size   321
avg. community size  178.571
modularity             0.588554
-------------------  ----------
40 community detected
NMI:0.14972975574354241
ARM:0.32128363973815555
__ppmi+PLP__
PLP detected communities in 0.11261510848999023 [s]
solution properties:
-------------------  ----------
# communities         80
min community size     2
max community size   170
avg. community size   62.5
modularity             0.581624
-------------------  ----------
40 community detected
NMI:0.1044961210641987
ARM:0.1493346234436138
__glovexmax50alpha0.2__
Network Properties for:		G#141cc
nodes, edges			5000, 41646
directed?			False
weighted?			True
isolated nodes			0
self-loops			0
density				0.003332
clustering coefficient		0.212311
min/max/avg degree		2, 210, 16.658400
degree assortativity		0.285559
number of connected components	1
size of largest component	5000 (100.00 %)
tot:  23024.244126972844
__glovexmax50alpha0.2+Louvain__
PLM(balanced,pc,turbo) detected communities in 0.2783386707305908 [s]
solution properties:
-------------------  ----------
# communities         36
min community size    90
max community size   204
avg. community size  138.889
modularity             0.573205
-------------------  ----------
40 community detected
NMI:0.03531531062917015
ARM:0.08190907026497274
__glovexmax50alpha0.2+PLP__
PLP detected communities in 0.09834170341491699 [s]
solution properties:
-------------------  ----------
# communities         40
min community size    90
max community size   185
avg. community size  125
modularity             0.573746
-------------------  ----------
40 community detected
NMI:0.02052834478628751
ARM:0.02695818096592384
__glovexmax40alpha0.2__
Network Properties for:		G#160cc
nodes, edges			5000, 41646
directed?			False
weighted?			True
isolated nodes			0
self-loops			0
density				0.003332
clustering coefficient		0.212311
min/max/avg degree		2, 210, 16.658400
degree assortativity		0.285559
number of connected components	1
size of largest component	5000 (100.00 %)
tot:  24053.281156333804
__glovexmax40alpha0.2+Louvain__
PLM(balanced,pc,turbo) detected communities in 0.29223179817199707 [s]
solution properties:
-------------------  ----------
# communities         40
min community size    90
max community size   185
avg. community size  125
modularity             0.573921
-------------------  ----------
40 community detected
NMI:0.02070560470591798
ARM:0.027456898320763035
__glovexmax40alpha0.2+PLP__
PLP detected communities in 0.11961650848388672 [s]
solution properties:
-------------------  ----------
# communities         40
min community size    90
max community size   185
avg. community size  125
modularity             0.573933
-------------------  ----------
40 community detected
NMI:0.01959803663347237
ARM:0.025931222593690517
__glovexmax30alpha0.3__
Network Properties for:		G#179cc
nodes, edges			5000, 41646
directed?			False
weighted?			True
isolated nodes			0
self-loops			0
density				0.003332
clustering coefficient		0.212311
min/max/avg degree		2, 210, 16.658400
degree assortativity		0.285559
number of connected components	1
size of largest component	5000 (100.00 %)
tot:  21527.476513088804
__glovexmax30alpha0.3+Louvain__
PLM(balanced,pc,turbo) detected communities in 0.33637118339538574 [s]
solution properties:
-------------------  ----------
# communities         40
min community size    89
max community size   187
avg. community size  125
modularity             0.570273
-------------------  ----------
40 community detected
NMI:0.029695805332714764
ARM:0.03974778148429392
__glovexmax30alpha0.3+PLP__
PLP detected communities in 0.09569740295410156 [s]
solution properties:
-------------------  ----------
# communities         40
min community size    89
max community size   187
avg. community size  125
modularity             0.570253
-------------------  ----------
40 community detected
NMI:0.03221740209566293
ARM:0.04275869467811866
