__LOADINGS__
4990/52384 9.525809407452657 % of nul weighted edges removed
0/5000 0.0 % of nul degree nodes removed
Network Properties for:		network
nodes, edges			5000, 47394
directed?			False
weighted?			True
isolated nodes			0
self-loops			0
density				0.003792
clustering coefficient		0.460965
min/max/avg degree		1, 386, 18.957600
degree assortativity		0.195578
number of connected components	8
size of largest component	4962 (99.24 %)
425748.560164296
__Groundtruth__
read communities from: ../../lfr_5000/mk500/k20/muw0.2/47/community.dat
-------------------  ----------
# communities         46
min community size     5
max community size   472
avg. community size  108.696
modularity             0.636866
-------------------  ----------
46 community detected
__CLASSIC_METHODS__
__Louvain__
PLM(balanced,pc,turbo) detected communities in 0.43074679374694824 [s]
solution properties:
-------------------  ----------
# communities         34
min community size     5
max community size   483
avg. community size  147.059
modularity             0.638257
-------------------  ----------
46 community detected
NMI:0.05041064921713978
ARI:0.05327468510715094
__Singleton__
46 community detected
NMI:0.4646126258031138
ARI:1.0
__AllInOne__
46 community detected
NMI:1.0
ARI:1.0
__PLP__
PLP detected communities in 0.1267998218536377 [s]
solution properties:
-------------------  ----------
# communities         46
min community size     5
max community size   487
avg. community size  108.696
modularity             0.638115
-------------------  ----------
46 community detected
NMI:0.03147139515522146
ARI:0.04029726346848039
__NORMALIZATION__
__glove__
Network Properties for:		G#21
nodes, edges			5000, 47394
directed?			False
weighted?			True
isolated nodes			0
self-loops			0
density				0.003792
clustering coefficient		0.460965
min/max/avg degree		1, 386, 18.957600
degree assortativity		0.195578
number of connected components	8
size of largest component	4962 (99.24 %)
tot:  6237.722888710514
__glove+Louvain__
PLM(balanced,pc,turbo) detected communities in 0.4249885082244873 [s]
solution properties:
-------------------  ---------
# communities         32
min community size     5
max community size   480
avg. community size  156.25
modularity             0.67689
-------------------  ---------
46 community detected
NMI:0.03887094874534569
ARI:0.03651821530963406
__glove+PLP__
PLP detected communities in 0.07022786140441895 [s]
solution properties:
-------------------  ---------
# communities         46
min community size     5
max community size   482
avg. community size  108.696
modularity             0.67677
-------------------  ---------
46 community detected
NMI:0.02135907154041017
ARI:0.026679915881539173
__fake_pmi__
Network Properties for:		G#30
nodes, edges			5000, 47394
directed?			False
weighted?			True
isolated nodes			0
self-loops			0
density				0.003792
clustering coefficient		0.460965
min/max/avg degree		1, 386, 18.957600
degree assortativity		0.195578
number of connected components	8
size of largest component	4962 (99.24 %)
tot:  0.0
__fake_pmi+Louvain__
1 community detected due to total edge weight equal 0
NMI:1
ARI:1
__fake_pmi+PLP__
1 community detected due to total edge weight equal 0
NMI:1
ARI:1
__iterative_rev_degree_order__
Network Properties for:		G#33
nodes, edges			5000, 47394
directed?			False
weighted?			True
isolated nodes			0
self-loops			0
density				0.003792
clustering coefficient		0.460965
min/max/avg degree		1, 386, 18.957600
degree assortativity		0.195578
number of connected components	8
size of largest component	4962 (99.24 %)
tot:  1587.2621524278704
__iterative_rev_degree_order+Louvain__
PLM(balanced,pc,turbo) detected communities in 0.696331262588501 [s]
solution properties:
-------------------  ----------
# communities        101
min community size     2
max community size   198
avg. community size   49.505
modularity             0.882514
-------------------  ----------
46 community detected
NMI:0.5849285016286023
ARI:0.86323288249097
__iterative_rev_degree_order+PLP__
PLP detected communities in 0.0986030101776123 [s]
solution properties:
-------------------  -----------
# communities        1455
min community size      2
max community size     20
avg. community size     3.43643
modularity              0.759388
-------------------  -----------
46 community detected
NMI:0.4949792712476552
ARI:0.9877191839217155
__pmi__
Network Properties for:		G#48
nodes, edges			5000, 47394
directed?			False
weighted?			True
isolated nodes			0
self-loops			0
density				0.003792
clustering coefficient		0.460965
min/max/avg degree		1, 386, 18.957600
degree assortativity		0.195578
number of connected components	8
size of largest component	4962 (99.24 %)
tot:  80348.11074795283
__pmi+Louvain__
PLM(balanced,pc,turbo) detected communities in 0.33133935928344727 [s]
solution properties:
-------------------  ---------
# communities         41
min community size     5
max community size   466
avg. community size  121.951
modularity             1.34939
-------------------  ---------
46 community detected
NMI:0.19998257277282283
ARI:0.2889656606127039
__pmi+PLP__
PLP detected communities in 0.23249435424804688 [s]
solution properties:
-------------------  ---------
# communities        105
min community size     1
max community size   724
avg. community size   47.619
modularity             1.32599
-------------------  ---------
46 community detected
NMI:0.18582302050336552
ARI:0.31280780319158197
__standard__
Network Properties for:		G#57
nodes, edges			5000, 47394
directed?			False
weighted?			True
isolated nodes			0
self-loops			0
density				0.003792
clustering coefficient		0.460965
min/max/avg degree		1, 386, 18.957600
degree assortativity		0.195578
number of connected components	8
size of largest component	4962 (99.24 %)
tot:  15.635729425781912
__standard+Louvain__
PLM(balanced,pc,turbo) detected communities in 0.6611402034759521 [s]
solution properties:
-------------------  ----------
# communities         49
min community size     2
max community size   861
avg. community size  102.041
modularity             0.923446
-------------------  ----------
46 community detected
NMI:0.3995595471449799
ARI:0.613154743370925
__standard+PLP__
PLP detected communities in 0.19742059707641602 [s]
solution properties:
-------------------  ----------
# communities        875
min community size     1
max community size   197
avg. community size    5.71429
modularity             0.790728
-------------------  ----------
46 community detected
NMI:0.4515321094297663
ARI:0.8521112869900538
__ppmi__
Network Properties for:		G#69
nodes, edges			5000, 47394
directed?			False
weighted?			True
isolated nodes			0
self-loops			0
density				0.003792
clustering coefficient		0.460965
min/max/avg degree		1, 386, 18.957600
degree assortativity		0.195578
number of connected components	8
size of largest component	4962 (99.24 %)
tot:  158546.44867401113
__ppmi+Louvain__
PLM(balanced,pc,turbo) detected communities in 0.3449394702911377 [s]
solution properties:
-------------------  ----------
# communities         38
min community size     5
max community size   468
avg. community size  131.579
modularity             0.772289
-------------------  ----------
46 community detected
NMI:0.06314973121703704
ARI:0.07344597118042284
__ppmi+PLP__
PLP detected communities in 0.15880751609802246 [s]
solution properties:
-------------------  ----------
# communities         52
min community size     2
max community size   751
avg. community size   96.1538
modularity             0.761206
-------------------  ----------
46 community detected
NMI:0.04224948058480105
ARI:0.12486802761393245
__glovexmax50alpha0.2__
Network Properties for:		G#78
nodes, edges			5000, 47394
directed?			False
weighted?			True
isolated nodes			0
self-loops			0
density				0.003792
clustering coefficient		0.460965
min/max/avg degree		1, 386, 18.957600
degree assortativity		0.195578
number of connected components	8
size of largest component	4962 (99.24 %)
tot:  24830.85282458567
__glovexmax50alpha0.2+Louvain__
PLM(balanced,pc,turbo) detected communities in 0.39214444160461426 [s]
solution properties:
-------------------  ---------
# communities         35
min community size     5
max community size   472
avg. community size  142.857
modularity             0.73702
-------------------  ---------
46 community detected
NMI:0.013358222592801838
ARI:0.007675446528687124
__glovexmax50alpha0.2+PLP__
PLP detected communities in 0.0671854019165039 [s]
solution properties:
-------------------  ----------
# communities         46
min community size     5
max community size   472
avg. community size  108.696
modularity             0.736974
-------------------  ----------
46 community detected
NMI:0.0
ARI:0.0
__glovexmax40alpha0.2__
Network Properties for:		G#87
nodes, edges			5000, 47394
directed?			False
weighted?			True
isolated nodes			0
self-loops			0
density				0.003792
clustering coefficient		0.460965
min/max/avg degree		1, 386, 18.957600
degree assortativity		0.195578
number of connected components	8
size of largest component	4962 (99.24 %)
tot:  25883.972184888327
__glovexmax40alpha0.2+Louvain__
PLM(balanced,pc,turbo) detected communities in 0.35200023651123047 [s]
solution properties:
-------------------  ----------
# communities         38
min community size     5
max community size   472
avg. community size  131.579
modularity             0.737761
-------------------  ----------
46 community detected
NMI:0.008472608056262376
ARI:0.004226824845457888
__glovexmax40alpha0.2+PLP__
PLP detected communities in 0.11179447174072266 [s]
solution properties:
-------------------  ---------
# communities         46
min community size     5
max community size   472
avg. community size  108.696
modularity             0.73766
-------------------  ---------
46 community detected
NMI:0.0
ARI:0.0
__glovexmax30alpha0.3__
Network Properties for:		G#96
nodes, edges			5000, 47394
directed?			False
weighted?			True
isolated nodes			0
self-loops			0
density				0.003792
clustering coefficient		0.460965
min/max/avg degree		1, 386, 18.957600
degree assortativity		0.195578
number of connected components	8
size of largest component	4962 (99.24 %)
tot:  22828.913502547508
__glovexmax30alpha0.3+Louvain__
PLM(balanced,pc,turbo) detected communities in 0.3353428840637207 [s]
solution properties:
-------------------  ----------
# communities         37
min community size     5
max community size   472
avg. community size  135.135
modularity             0.734259
-------------------  ----------
46 community detected
NMI:0.01260955505815442
ARI:0.008215468103352608
__glovexmax30alpha0.3+PLP__
PLP detected communities in 0.11608004570007324 [s]
solution properties:
-------------------  ----------
# communities         46
min community size     5
max community size   472
avg. community size  108.696
modularity             0.734158
-------------------  ----------
46 community detected
NMI:0.002176704562526055
ARI:0.002529377706080971
NMI classement:
[('NMIglovexmax50alpha0.2+PLP', 0.0), ('NMIglovexmax40alpha0.2+PLP', 0.0), ('NMIglovexmax30alpha0.3+PLP', 0.002176704562526055), ('NMIglovexmax40alpha0.2+Louvain', 0.008472608056262376), ('NMIglovexmax30alpha0.3+Louvain', 0.01260955505815442), ('NMIglovexmax50alpha0.2+Louvain', 0.013358222592801838), ('NMIglove+PLP', 0.02135907154041017), ('NMIPLP', 0.03147139515522146), ('NMIglove+Louvain', 0.03887094874534569), ('NMIppmi+PLP', 0.04224948058480105), ('NMILouvain', 0.05041064921713978), ('NMIppmi+Louvain', 0.06314973121703704), ('NMIpmi+PLP', 0.18582302050336552), ('NMIpmi+Louvain', 0.19998257277282283), ('NMIstandard+Louvain', 0.3995595471449799), ('NMIstandard+PLP', 0.4515321094297663), ('NMISingleton', 0.4646126258031138), ('NMIiterative_rev_degree_order+PLP', 0.4949792712476552), ('NMIiterative_rev_degree_order+Louvain', 0.5849285016286023), ('NMIAllInOne', 1.0), ('NMIfake_pmi+Louvain', 1), ('NMIfake_pmi+PLP', 1)]
ARI classement:
[('ARIglovexmax50alpha0.2+PLP', 0.0), ('ARIglovexmax40alpha0.2+PLP', 0.0), ('ARIglovexmax30alpha0.3+PLP', 0.002529377706080971), ('ARIglovexmax40alpha0.2+Louvain', 0.004226824845457888), ('ARIglovexmax50alpha0.2+Louvain', 0.007675446528687124), ('ARIglovexmax30alpha0.3+Louvain', 0.008215468103352608), ('ARIglove+PLP', 0.026679915881539173), ('ARIglove+Louvain', 0.03651821530963406), ('ARIPLP', 0.04029726346848039), ('ARILouvain', 0.05327468510715094), ('ARIppmi+Louvain', 0.07344597118042284), ('ARIppmi+PLP', 0.12486802761393245), ('ARIpmi+Louvain', 0.2889656606127039), ('ARIpmi+PLP', 0.31280780319158197), ('ARIstandard+Louvain', 0.613154743370925), ('ARIstandard+PLP', 0.8521112869900538), ('ARIiterative_rev_degree_order+Louvain', 0.86323288249097), ('ARIiterative_rev_degree_order+PLP', 0.9877191839217155), ('ARISingleton', 1.0), ('ARIAllInOne', 1.0), ('ARIfake_pmi+Louvain', 1), ('ARIfake_pmi+PLP', 1)]
