__LOADINGS__
4994/32649 15.296027443413273 % of nul weighted edges removed
0/5000 0.0 % of nul degree nodes removed
Network Properties for:		network
nodes, edges			5000, 27655
directed?			False
weighted?			True
isolated nodes			0
self-loops			0
density				0.002213
clustering coefficient		0.205761
min/max/avg degree		1, 286, 11.062000
degree assortativity		0.306133
number of connected components	2
size of largest component	4997 (99.94 %)
238041.44501592824
__Groundtruth__
read communities from: ../../lfr_5000/mk500/k15/muw0.4/6/community.dat
-------------------  ----------
# communities         53
min community size     3
max community size   469
avg. community size   94.3396
modularity             0.409189
-------------------  ----------
53 community detected
__CLASSIC_METHODS__
__Louvain__
PLM(balanced,pc,turbo) detected communities in 0.5163702964782715 [s]
solution properties:
-------------------  -------
# communities         21
min community size     2
max community size   562
avg. community size  238.095
modularity             0.426
-------------------  -------
53 community detected
NMI:0.41867767157239133
ARI:0.49184981815681206
__Singleton__
53 community detected
NMI:0.45522622314942107
ARI:1.0
__AllInOne__
53 community detected
NMI:1.0
ARI:1.0
__PLP__
PLP detected communities in 0.23224139213562012 [s]
solution properties:
-------------------  -------------
# communities          34
min community size      1
max community size   4892
avg. community size   147.059
modularity              0.00304921
-------------------  -------------
53 community detected
NMI:0.93693277449524
ARI:0.9965936580028402
__NORMALIZATION__
__glove__
Network Properties for:		G#24
nodes, edges			5000, 27655
directed?			False
weighted?			True
isolated nodes			0
self-loops			0
density				0.002213
clustering coefficient		0.205761
min/max/avg degree		1, 286, 11.062000
degree assortativity		0.306133
number of connected components	2
size of largest component	4997 (99.94 %)
tot:  3433.471805995347
__glove+Louvain__
PLM(balanced,pc,turbo) detected communities in 0.5038230419158936 [s]
solution properties:
-------------------  ----------
# communities         21
min community size     3
max community size   536
avg. community size  238.095
modularity             0.468028
-------------------  ----------
53 community detected
NMI:0.35821404273854596
ARI:0.4240347801070189
__glove+PLP__
PLP detected communities in 0.18217897415161133 [s]
solution properties:
-------------------  -----------
# communities          74
min community size      1
max community size   1636
avg. community size    67.5676
modularity              0.412684
-------------------  -----------
53 community detected
NMI:0.38922221305198046
ARI:0.6717833254819954
__fake_pmi__
Network Properties for:		G#36
nodes, edges			5000, 27655
directed?			False
weighted?			True
isolated nodes			0
self-loops			0
density				0.002213
clustering coefficient		0.205761
min/max/avg degree		1, 286, 11.062000
degree assortativity		0.306133
number of connected components	2
size of largest component	4997 (99.94 %)
tot:  0.0
__fake_pmi+Louvain__
1 community detected due to total edge weight equal 0
NMI:1
ARI:1
__fake_pmi+PLP__
1 community detected due to total edge weight equal 0
NMI:1
ARI:1
__iterative_rev_degree_order__
Network Properties for:		G#39
nodes, edges			5000, 27655
directed?			False
weighted?			True
isolated nodes			0
self-loops			0
density				0.002213
clustering coefficient		0.205761
min/max/avg degree		1, 286, 11.062000
degree assortativity		0.306133
number of connected components	2
size of largest component	4997 (99.94 %)
tot:  1451.3078405405195
__iterative_rev_degree_order+Louvain__
PLM(balanced,pc,turbo) detected communities in 0.689612627029419 [s]
solution properties:
-------------------  ---------
# communities        99
min community size    2
max community size   95
avg. community size  50.5051
modularity            0.918709
-------------------  ---------
53 community detected
NMI:0.7358790343355535
ARI:0.9712132883016333
__iterative_rev_degree_order+PLP__
PLP detected communities in 0.08489608764648438 [s]
solution properties:
-------------------  -----------
# communities        1502
min community size      1
max community size     16
avg. community size     3.32889
modularity              0.822348
-------------------  -----------
53 community detected
NMI:0.5139339236670041
ARI:0.9904658526604189
__pmi__
Network Properties for:		G#54
nodes, edges			5000, 27655
directed?			False
weighted?			True
isolated nodes			0
self-loops			0
density				0.002213
clustering coefficient		0.205761
min/max/avg degree		1, 286, 11.062000
degree assortativity		0.306133
number of connected components	2
size of largest component	4997 (99.94 %)
tot:  41601.523785995116
__pmi+Louvain__
PLM(balanced,pc,turbo) detected communities in 0.7345635890960693 [s]
solution properties:
-------------------  ---------
# communities         33
min community size     3
max community size   448
avg. community size  151.515
modularity             1.42666
-------------------  ---------
53 community detected
NMI:0.626327409101846
ARI:0.8332383024868343
__pmi+PLP__
PLP detected communities in 0.19626283645629883 [s]
solution properties:
-------------------  ----------
# communities        1022
min community size      1
max community size    170
avg. community size     4.89237
modularity              1.09131
-------------------  ----------
53 community detected
NMI:0.4952967510187267
ARI:0.9155130164116161
__standard__
Network Properties for:		G#69
nodes, edges			5000, 27655
directed?			False
weighted?			True
isolated nodes			0
self-loops			0
density				0.002213
clustering coefficient		0.205761
min/max/avg degree		1, 286, 11.062000
degree assortativity		0.306133
number of connected components	2
size of largest component	4997 (99.94 %)
tot:  50.898635516001555
__standard+Louvain__
PLM(balanced,pc,turbo) detected communities in 0.5131900310516357 [s]
solution properties:
-------------------  ---------
# communities        147
min community size     2
max community size   533
avg. community size   34.0136
modularity             0.94778
-------------------  ---------
53 community detected
NMI:0.6440713336628167
ARI:0.8976869408332948
__standard+PLP__
PLP detected communities in 0.10444259643554688 [s]
solution properties:
-------------------  -----------
# communities        1292
min community size      2
max community size     42
avg. community size     3.86997
modularity              0.862647
-------------------  -----------
53 community detected
NMI:0.5093820567104033
ARI:0.9809874642938469
__ppmi__
Network Properties for:		G#81
nodes, edges			5000, 27655
directed?			False
weighted?			True
isolated nodes			0
self-loops			0
density				0.002213
clustering coefficient		0.205761
min/max/avg degree		1, 286, 11.062000
degree assortativity		0.306133
number of connected components	2
size of largest component	4997 (99.94 %)
tot:  102264.21935459219
__ppmi+Louvain__
PLM(balanced,pc,turbo) detected communities in 0.646665096282959 [s]
solution properties:
-------------------  ----------
# communities         33
min community size     3
max community size   379
avg. community size  151.515
modularity             0.613526
-------------------  ----------
53 community detected
NMI:0.5049214975100628
ARI:0.6546177879432294
__ppmi+PLP__
PLP detected communities in 0.217818021774292 [s]
solution properties:
-------------------  ----------
# communities        986
min community size     2
max community size   177
avg. community size    5.07099
modularity             0.457978
-------------------  ----------
53 community detected
NMI:0.49100019544589646
ARI:0.9001873530741857
__glovexmax50alpha0.2__
Network Properties for:		G#96
nodes, edges			5000, 27655
directed?			False
weighted?			True
isolated nodes			0
self-loops			0
density				0.002213
clustering coefficient		0.205761
min/max/avg degree		1, 286, 11.062000
degree assortativity		0.306133
number of connected components	2
size of largest component	4997 (99.94 %)
tot:  14019.457612784285
__glovexmax50alpha0.2+Louvain__
PLM(balanced,pc,turbo) detected communities in 0.334627628326416 [s]
solution properties:
-------------------  ----------
# communities         27
min community size     3
max community size   511
avg. community size  185.185
modularity             0.540651
-------------------  ----------
53 community detected
NMI:0.26191976659896143
ARI:0.30401233746837153
__glovexmax50alpha0.2+PLP__
PLP detected communities in 0.1385970115661621 [s]
solution properties:
-------------------  ----------
# communities         81
min community size     2
max community size   508
avg. community size   61.7284
modularity             0.538525
-------------------  ----------
53 community detected
NMI:0.23699727021705863
ARI:0.29655962048920936
__glovexmax40alpha0.2__
Network Properties for:		G#105
nodes, edges			5000, 27655
directed?			False
weighted?			True
isolated nodes			0
self-loops			0
density				0.002213
clustering coefficient		0.205761
min/max/avg degree		1, 286, 11.062000
degree assortativity		0.306133
number of connected components	2
size of largest component	4997 (99.94 %)
tot:  14624.229298653228
__glovexmax40alpha0.2+Louvain__
PLM(balanced,pc,turbo) detected communities in 0.38061094284057617 [s]
solution properties:
-------------------  ----------
# communities         27
min community size     3
max community size   453
avg. community size  185.185
modularity             0.542681
-------------------  ----------
53 community detected
NMI:0.2504628818972039
ARI:0.28714836303420477
__glovexmax40alpha0.2+PLP__
PLP detected communities in 0.11356902122497559 [s]
solution properties:
-------------------  ----------
# communities         82
min community size     1
max community size   673
avg. community size   60.9756
modularity             0.535601
-------------------  ----------
53 community detected
NMI:0.24782760873795817
ARI:0.33862160778878725
__glovexmax30alpha0.3__
Network Properties for:		G#117
nodes, edges			5000, 27655
directed?			False
weighted?			True
isolated nodes			0
self-loops			0
density				0.002213
clustering coefficient		0.205761
min/max/avg degree		1, 286, 11.062000
degree assortativity		0.306133
number of connected components	2
size of largest component	4997 (99.94 %)
tot:  12926.175814719498
__glovexmax30alpha0.3+Louvain__
PLM(balanced,pc,turbo) detected communities in 0.17711305618286133 [s]
solution properties:
-------------------  ---------
# communities         24
min community size     3
max community size   477
avg. community size  208.333
modularity             0.53739
-------------------  ---------
53 community detected
NMI:0.2803095393518932
ARI:0.32132247503719935
__glovexmax30alpha0.3+PLP__
PLP detected communities in 0.08890366554260254 [s]
solution properties:
-------------------  ----------
# communities         83
min community size     1
max community size   674
avg. community size   60.241
modularity             0.527738
-------------------  ----------
53 community detected
NMI:0.26447587941909145
ARI:0.3610153981964266
NMI classement:
[('NMIglovexmax50alpha0.2+PLP', 0.23699727021705863), ('NMIglovexmax40alpha0.2+PLP', 0.24782760873795817), ('NMIglovexmax40alpha0.2+Louvain', 0.2504628818972039), ('NMIglovexmax50alpha0.2+Louvain', 0.26191976659896143), ('NMIglovexmax30alpha0.3+PLP', 0.26447587941909145), ('NMIglovexmax30alpha0.3+Louvain', 0.2803095393518932), ('NMIglove+Louvain', 0.35821404273854596), ('NMIglove+PLP', 0.38922221305198046), ('NMILouvain', 0.41867767157239133), ('NMISingleton', 0.45522622314942107), ('NMIppmi+PLP', 0.49100019544589646), ('NMIpmi+PLP', 0.4952967510187267), ('NMIppmi+Louvain', 0.5049214975100628), ('NMIstandard+PLP', 0.5093820567104033), ('NMIiterative_rev_degree_order+PLP', 0.5139339236670041), ('NMIpmi+Louvain', 0.626327409101846), ('NMIstandard+Louvain', 0.6440713336628167), ('NMIiterative_rev_degree_order+Louvain', 0.7358790343355535), ('NMIPLP', 0.93693277449524), ('NMIAllInOne', 1.0), ('NMIfake_pmi+Louvain', 1), ('NMIfake_pmi+PLP', 1)]
ARI classement:
[('ARIglovexmax40alpha0.2+Louvain', 0.28714836303420477), ('ARIglovexmax50alpha0.2+PLP', 0.29655962048920936), ('ARIglovexmax50alpha0.2+Louvain', 0.30401233746837153), ('ARIglovexmax30alpha0.3+Louvain', 0.32132247503719935), ('ARIglovexmax40alpha0.2+PLP', 0.33862160778878725), ('ARIglovexmax30alpha0.3+PLP', 0.3610153981964266), ('ARIglove+Louvain', 0.4240347801070189), ('ARILouvain', 0.49184981815681206), ('ARIppmi+Louvain', 0.6546177879432294), ('ARIglove+PLP', 0.6717833254819954), ('ARIpmi+Louvain', 0.8332383024868343), ('ARIstandard+Louvain', 0.8976869408332948), ('ARIppmi+PLP', 0.9001873530741857), ('ARIpmi+PLP', 0.9155130164116161), ('ARIiterative_rev_degree_order+Louvain', 0.9712132883016333), ('ARIstandard+PLP', 0.9809874642938469), ('ARIiterative_rev_degree_order+PLP', 0.9904658526604189), ('ARIPLP', 0.9965936580028402), ('ARISingleton', 1.0), ('ARIAllInOne', 1.0), ('ARIfake_pmi+Louvain', 1), ('ARIfake_pmi+PLP', 1)]
