__LOADINGS__
Network Properties for:		network
nodes, edges			5000, 56252
directed?			False
weighted?			True
isolated nodes			0
self-loops			0
density				0.004501
clustering coefficient		0.447707
min/max/avg degree		2, 87, 22.500800
degree assortativity		0.409931
number of connected components	1
size of largest component	5000 (100.00 %)
337213.31007433764
__Groundtruth__
read communities from: ../../lfr_5000/mk100/k25/muw0.2/7/community.dat
-------------------  ----------
# communities        104
min community size    20
max community size    99
avg. community size   48.0769
modularity             0.817437
-------------------  ----------
104 community detected
__CLASSIC_METHODS__
__Louvain__
PLM(balanced,pc,turbo) detected communities in 0.49967241287231445 [s]
solution properties:
-------------------  ----------
# communities         65
min community size    42
max community size   122
avg. community size   76.9231
modularity             0.817717
-------------------  ----------
104 community detected
NMI:0.04545001948657501
ARM:0.16618357487922708
__Singleton__
104 community detected
NMI:0.30478149554017087
ARM:1.0
__AllInOne__
104 community detected
NMI:1.0
ARM:1.0
__PLP__
PLP detected communities in 0.09883260726928711 [s]
solution properties:
-------------------  ----------
# communities        104
min community size    20
max community size   101
avg. community size   48.0769
modularity             0.817479
-------------------  ----------
104 community detected
NMI:0.00048498238702476826
ARM:0.0012679256946371842
__NORMALIZATION__
__glove__
Network Properties for:		G#21cc
nodes, edges			5000, 56252
directed?			False
weighted?			True
isolated nodes			0
self-loops			0
density				0.004501
clustering coefficient		0.447707
min/max/avg degree		2, 87, 22.500800
degree assortativity		0.409931
number of connected components	1
size of largest component	5000 (100.00 %)
tot:  6589.782112459165
__glove+Louvain__
PLM(balanced,pc,turbo) detected communities in 0.4531083106994629 [s]
solution properties:
-------------------  ----------
# communities         59
min community size    52
max community size   121
avg. community size   84.7458
modularity             0.818929
-------------------  ----------
104 community detected
NMI:0.05671839706660331
ARM:0.21016110777313568
__glove+PLP__
PLP detected communities in 0.044501543045043945 [s]
solution properties:
-------------------  ----------
# communities        104
min community size    20
max community size   101
avg. community size   48.0769
modularity             0.819364
-------------------  ----------
104 community detected
NMI:0.00048498238702465724
ARM:0.0012679256946371842
__fake_pmi__
Network Properties for:		G#40cc
nodes, edges			5000, 56252
directed?			False
weighted?			True
isolated nodes			0
self-loops			0
density				0.004501
clustering coefficient		0.447707
min/max/avg degree		2, 87, 22.500800
degree assortativity		0.409931
number of connected components	1
size of largest component	5000 (100.00 %)
tot:  0.0
__fake_pmi+Louvain__
1 community detected due to total edge weight equal 0
NMI:1
ARM:0.0012679256946371842
__fake_pmi+PLP__
1 community detected due to total edge weight equal 0
NMI:1
ARM:0.0012679256946371842
__iterative_rev_degree_order__
Network Properties for:		G#53cc
nodes, edges			5000, 56252
directed?			False
weighted?			True
isolated nodes			0
self-loops			0
density				0.004501
clustering coefficient		0.447707
min/max/avg degree		2, 87, 22.500800
degree assortativity		0.409931
number of connected components	1
size of largest component	5000 (100.00 %)
tot:  1155.7024762138512
__iterative_rev_degree_order+Louvain__
PLM(balanced,pc,turbo) detected communities in 0.6346776485443115 [s]
solution properties:
-------------------  ----------
# communities         58
min community size    37
max community size   155
avg. community size   86.2069
modularity             0.788911
-------------------  ----------
104 community detected
NMI:0.3763868819602346
ARM:0.6968360153811889
__iterative_rev_degree_order+PLP__
PLP detected communities in 0.10553216934204102 [s]
solution properties:
-------------------  -----------
# communities        1084
min community size      2
max community size     33
avg. community size     4.61255
modularity              0.619313
-------------------  -----------
104 community detected
NMI:0.2983374866667641
ARM:0.8979772328140596
__pmi__
Network Properties for:		G#75cc
nodes, edges			5000, 56252
directed?			False
weighted?			True
isolated nodes			0
self-loops			0
density				0.004501
clustering coefficient		0.447707
min/max/avg degree		2, 87, 22.500800
degree assortativity		0.409931
number of connected components	1
size of largest component	5000 (100.00 %)
tot:  335514.76424942346
__pmi+Louvain__
PLM(balanced,pc,turbo) detected communities in 0.5192766189575195 [s]
solution properties:
-------------------  ----------
# communities         67
min community size    48
max community size   126
avg. community size   74.6269
modularity             0.820117
-------------------  ----------
104 community detected
NMI:0.04104606810068401
ARM:0.14680291197244588
__pmi+PLP__
PLP detected communities in 0.06917119026184082 [s]
solution properties:
-------------------  ----------
# communities        104
min community size    20
max community size   100
avg. community size   48.0769
modularity             0.821322
-------------------  ----------
104 community detected
NMI:0.0002442217426903426
ARM:0.0006568525172906403
__standard__
Network Properties for:		G#94cc
nodes, edges			5000, 56252
directed?			False
weighted?			True
isolated nodes			0
self-loops			0
density				0.004501
clustering coefficient		0.447707
min/max/avg degree		2, 87, 22.500800
degree assortativity		0.409931
number of connected components	1
size of largest component	5000 (100.00 %)
tot:  18.340756248022466
__standard+Louvain__
PLM(balanced,pc,turbo) detected communities in 0.5333163738250732 [s]
solution properties:
-------------------  ---------
# communities         75
min community size    21
max community size   183
avg. community size   66.6667
modularity             0.82536
-------------------  ---------
104 community detected
NMI:0.08786232493533819
ARM:0.30909892283545826
__standard+PLP__
PLP detected communities in 0.0864715576171875 [s]
solution properties:
-------------------  ----------
# communities        158
min community size     2
max community size   127
avg. community size   31.6456
modularity             0.817333
-------------------  ----------
104 community detected
NMI:0.04590926452756683
ARM:0.10295278526553964
__ppmi__
Network Properties for:		G#116cc
nodes, edges			5000, 56252
directed?			False
weighted?			True
isolated nodes			0
self-loops			0
density				0.004501
clustering coefficient		0.447707
min/max/avg degree		2, 87, 22.500800
degree assortativity		0.409931
number of connected components	1
size of largest component	5000 (100.00 %)
tot:  336462.75511678885
__ppmi+Louvain__
PLM(balanced,pc,turbo) detected communities in 0.4414832592010498 [s]
solution properties:
-------------------  ----------
# communities         70
min community size    47
max community size   100
avg. community size   71.4286
modularity             0.819613
-------------------  ----------
104 community detected
NMI:0.03524885175224601
ARM:0.11951446665838816
__ppmi+PLP__
PLP detected communities in 0.0678553581237793 [s]
solution properties:
-------------------  ----------
# communities        103
min community size    20
max community size   109
avg. community size   48.5437
modularity             0.820124
-------------------  ----------
104 community detected
NMI:0.0016378870322432126
ARM:0.008736500590680873
__glovexmax50alpha0.2__
Network Properties for:		G#135cc
nodes, edges			5000, 56252
directed?			False
weighted?			True
isolated nodes			0
self-loops			0
density				0.004501
clustering coefficient		0.447707
min/max/avg degree		2, 87, 22.500800
degree assortativity		0.409931
number of connected components	1
size of largest component	5000 (100.00 %)
tot:  35506.4123400506
__glovexmax50alpha0.2+Louvain__
PLM(balanced,pc,turbo) detected communities in 0.4350745677947998 [s]
solution properties:
-------------------  ----------
# communities         63
min community size    51
max community size   143
avg. community size   79.3651
modularity             0.816805
-------------------  ----------
104 community detected
NMI:0.04853820751687077
ARM:0.17711414138770387
__glovexmax50alpha0.2+PLP__
PLP detected communities in 0.08127021789550781 [s]
solution properties:
-------------------  ---------
# communities        104
min community size    20
max community size   101
avg. community size   48.0769
modularity             0.81742
-------------------  ---------
104 community detected
NMI:0.00048498238702476826
ARM:0.0012679256946371842
__glovexmax40alpha0.2__
Network Properties for:		G#154cc
nodes, edges			5000, 56252
directed?			False
weighted?			True
isolated nodes			0
self-loops			0
density				0.004501
clustering coefficient		0.447707
min/max/avg degree		2, 87, 22.500800
degree assortativity		0.409931
number of connected components	1
size of largest component	5000 (100.00 %)
tot:  37126.90911337224
__glovexmax40alpha0.2+Louvain__
PLM(balanced,pc,turbo) detected communities in 0.44647955894470215 [s]
solution properties:
-------------------  ----------
# communities         57
min community size    52
max community size   143
avg. community size   87.7193
modularity             0.816217
-------------------  ----------
104 community detected
NMI:0.061014119665907196
ARM:0.2275741738933056
__glovexmax40alpha0.2+PLP__
PLP detected communities in 0.06377673149108887 [s]
solution properties:
-------------------  ---------
# communities        104
min community size    20
max community size   101
avg. community size   48.0769
modularity             0.81742
-------------------  ---------
104 community detected
NMI:0.00048498238702465724
ARM:0.0012679256946371842
__glovexmax30alpha0.3__
Network Properties for:		G#173cc
nodes, edges			5000, 56252
directed?			False
weighted?			True
isolated nodes			0
self-loops			0
density				0.004501
clustering coefficient		0.447707
min/max/avg degree		2, 87, 22.500800
degree assortativity		0.409931
number of connected components	1
size of largest component	5000 (100.00 %)
tot:  33191.21641282592
__glovexmax30alpha0.3+Louvain__
PLM(balanced,pc,turbo) detected communities in 0.35836315155029297 [s]
solution properties:
-------------------  ----------
# communities         54
min community size    59
max community size   133
avg. community size   92.5926
modularity             0.817343
-------------------  ----------
104 community detected
NMI:0.06709593388987878
ARM:0.24853348812811038
__glovexmax30alpha0.3+PLP__
PLP detected communities in 0.07216286659240723 [s]
solution properties:
-------------------  ---------
# communities        104
min community size    20
max community size   101
avg. community size   48.0769
modularity             0.81898
-------------------  ---------
104 community detected
NMI:0.0004849823870245462
ARM:0.0012679256946371842
