__LOADINGS__
Network Properties for:		network
nodes, edges			5000, 27655
directed?			False
weighted?			True
isolated nodes			0
self-loops			0
density				0.002213
clustering coefficient		0.205761
min/max/avg degree		1, 286, 11.062000
degree assortativity		0.306133
number of connected components	2
size of largest component	4997 (99.94 %)
238041.44501592824
__Groundtruth__
read communities from: ../../lfr_5000/mk500/k15/muw0.4/23/community.dat
-------------------  ----------
# communities         53
min community size     3
max community size   469
avg. community size   94.3396
modularity             0.409189
-------------------  ----------
53 community detected
__CLASSIC_METHODS__
__Louvain__
PLM(balanced,pc,turbo) detected communities in 0.35271501541137695 [s]
solution properties:
-------------------  ----------
# communities         17
min community size     2
max community size   564
avg. community size  294.118
modularity             0.425883
-------------------  ----------
53 community detected
NMI:0.42890896734473183
ARM:0.5020090982587815
__Singleton__
53 community detected
NMI:0.45522622314942107
ARM:1.0
__AllInOne__
53 community detected
NMI:1.0
ARM:1.0
__PLP__
PLP detected communities in 0.11466073989868164 [s]
solution properties:
-------------------  -----------
# communities          68
min community size      2
max community size   1429
avg. community size    73.5294
modularity              0.391432
-------------------  -----------
53 community detected
NMI:0.4081629632437139
ARM:0.6369467179215557
__NORMALIZATION__
__glove__
Network Properties for:		G#24cc
nodes, edges			4997, 27652
directed?			False
weighted?			True
isolated nodes			0
self-loops			0
density				0.002215
clustering coefficient		0.205285
min/max/avg degree		1, 286, 11.067440
degree assortativity		0.306079
number of connected components	1
size of largest component	4997 (100.00 %)
tot:  3433.318209891922
__glove+Louvain__
PLM(balanced,pc,turbo) detected communities in 0.40698814392089844 [s]
solution properties:
-------------------  ----------
# communities         19
min community size     9
max community size   530
avg. community size  263
modularity             0.468371
-------------------  ----------
53 community detected
NMI:0.956391480459967
ARM:0.9920113696698568
__glove+PLP__
PLP detected communities in 0.23998570442199707 [s]
solution properties:
-------------------  -----------
# communities          68
min community size      2
max community size   1563
avg. community size    73.4853
modularity              0.417838
-------------------  -----------
53 community detected
NMI:0.9285733958499829
ARM:0.993166227741562
__fake_pmi__
Network Properties for:		G#43cc
nodes, edges			4997, 27652
directed?			False
weighted?			True
isolated nodes			0
self-loops			0
density				0.002215
clustering coefficient		0.205285
min/max/avg degree		1, 286, 11.067440
degree assortativity		0.306079
number of connected components	1
size of largest component	4997 (100.00 %)
tot:  0.0
__fake_pmi+Louvain__
1 community detected due to total edge weight equal 0
NMI:1
ARM:0.993166227741562
__fake_pmi+PLP__
1 community detected due to total edge weight equal 0
NMI:1
ARM:0.993166227741562
__iterative_rev_degree_order__
Network Properties for:		G#56cc
nodes, edges			4997, 27652
directed?			False
weighted?			True
isolated nodes			0
self-loops			0
density				0.002215
clustering coefficient		0.205285
min/max/avg degree		1, 286, 11.067440
degree assortativity		0.306079
number of connected components	1
size of largest component	4997 (100.00 %)
tot:  1450.4066604757545
__iterative_rev_degree_order+Louvain__
PLM(balanced,pc,turbo) detected communities in 0.7627072334289551 [s]
solution properties:
-------------------  ----------
# communities        103
min community size     2
max community size    95
avg. community size   48.5146
modularity             0.918815
-------------------  ----------
53 community detected
NMI:0.9005246010882197
ARM:0.9996473342067193
__iterative_rev_degree_order+PLP__
PLP detected communities in 0.0868384838104248 [s]
solution properties:
-------------------  -----------
# communities        1498
min community size      2
max community size     16
avg. community size     3.33578
modularity              0.822752
-------------------  -----------
53 community detected
NMI:0.6126775404716476
ARM:0.9995638450835891
__pmi__
Network Properties for:		G#81cc
nodes, edges			4997, 27652
directed?			False
weighted?			True
isolated nodes			0
self-loops			0
density				0.002215
clustering coefficient		0.205285
min/max/avg degree		1, 286, 11.067440
degree assortativity		0.306079
number of connected components	1
size of largest component	4997 (100.00 %)
tot:  41556.75219200997
__pmi+Louvain__
PLM(balanced,pc,turbo) detected communities in 0.5991165637969971 [s]
solution properties:
-------------------  ---------
# communities         31
min community size     8
max community size   459
avg. community size  161.194
modularity             1.42708
-------------------  ---------
53 community detected
NMI:0.9498402353559042
ARM:0.9976571923547078
__pmi+PLP__
PLP detected communities in 0.2014610767364502 [s]
solution properties:
-------------------  ----------
# communities        1063
min community size      1
max community size    169
avg. community size     4.70085
modularity              1.05984
-------------------  ----------
53 community detected
NMI:0.6790689532804619
ARM:0.9992209748437524
__standard__
Network Properties for:		G#103cc
nodes, edges			4997, 27652
directed?			False
weighted?			True
isolated nodes			0
self-loops			0
density				0.002215
clustering coefficient		0.205285
min/max/avg degree		1, 286, 11.067440
degree assortativity		0.306079
number of connected components	1
size of largest component	4997 (100.00 %)
tot:  50.50587686233725
__standard+Louvain__
PLM(balanced,pc,turbo) detected communities in 0.36098456382751465 [s]
solution properties:
-------------------  ----------
# communities        139
min community size     2
max community size   589
avg. community size   35.9496
modularity             0.947126
-------------------  ----------
53 community detected
NMI:0.8782524199242219
ARM:0.994658540919467
__standard+PLP__
PLP detected communities in 0.09453558921813965 [s]
solution properties:
-------------------  -----------
# communities        1292
min community size      2
max community size     42
avg. community size     3.86765
modularity              0.861185
-------------------  -----------
53 community detected
NMI:0.6347125542742831
ARM:0.9989690379275641
__ppmi__
Network Properties for:		G#125cc
nodes, edges			4997, 27652
directed?			False
weighted?			True
isolated nodes			0
self-loops			0
density				0.002215
clustering coefficient		0.205285
min/max/avg degree		1, 286, 11.067440
degree assortativity		0.306079
number of connected components	1
size of largest component	4997 (100.00 %)
tot:  102219.44776060703
__ppmi+Louvain__
PLM(balanced,pc,turbo) detected communities in 0.644829273223877 [s]
solution properties:
-------------------  ----------
# communities         24
min community size    91
max community size   353
avg. community size  208.208
modularity             0.611505
-------------------  ----------
53 community detected
NMI:0.9522691721285099
ARM:0.9947389985390706
__ppmi+PLP__
PLP detected communities in 0.22617697715759277 [s]
solution properties:
-------------------  ----------
# communities        983
min community size     1
max community size   177
avg. community size    5.08342
modularity             0.459298
-------------------  ----------
53 community detected
NMI:0.6941452979979772
ARM:0.999036120397805
__glovexmax50alpha0.2__
Network Properties for:		G#147cc
nodes, edges			4997, 27652
directed?			False
weighted?			True
isolated nodes			0
self-loops			0
density				0.002215
clustering coefficient		0.205285
min/max/avg degree		1, 286, 11.067440
degree assortativity		0.306079
number of connected components	1
size of largest component	4997 (100.00 %)
tot:  14017.899121320486
__glovexmax50alpha0.2+Louvain__
PLM(balanced,pc,turbo) detected communities in 0.4846651554107666 [s]
solution properties:
-------------------  ----------
# communities         27
min community size     9
max community size   512
avg. community size  185.074
modularity             0.540566
-------------------  ----------
53 community detected
NMI:0.9437224158723915
ARM:0.9901797147122872
__glovexmax50alpha0.2+PLP__
PLP detected communities in 0.14919590950012207 [s]
solution properties:
-------------------  ----------
# communities         82
min community size     1
max community size   669
avg. community size   60.939
modularity             0.534763
-------------------  ----------
53 community detected
NMI:0.9168470643939899
ARM:0.9902030570957591
__glovexmax40alpha0.2__
Network Properties for:		G#169cc
nodes, edges			4997, 27652
directed?			False
weighted?			True
isolated nodes			0
self-loops			0
density				0.002215
clustering coefficient		0.205285
min/max/avg degree		1, 286, 11.067440
degree assortativity		0.306079
number of connected components	1
size of largest component	4997 (100.00 %)
tot:  14622.5996783363
__glovexmax40alpha0.2+Louvain__
PLM(balanced,pc,turbo) detected communities in 0.578253984451294 [s]
solution properties:
-------------------  ----------
# communities         28
min community size     9
max community size   512
avg. community size  178.464
modularity             0.541453
-------------------  ----------
53 community detected
NMI:0.9425529990627552
ARM:0.9900963167106178
__glovexmax40alpha0.2+PLP__
PLP detected communities in 0.2007741928100586 [s]
solution properties:
-------------------  ----------
# communities         78
min community size     2
max community size   673
avg. community size   64.0641
modularity             0.536009
-------------------  ----------
53 community detected
NMI:0.918918708288302
ARM:0.9902166528487863
__glovexmax30alpha0.3__
Network Properties for:		G#191cc
nodes, edges			4997, 27652
directed?			False
weighted?			True
isolated nodes			0
self-loops			0
density				0.002215
clustering coefficient		0.205285
min/max/avg degree		1, 286, 11.067440
degree assortativity		0.306079
number of connected components	1
size of largest component	4997 (100.00 %)
tot:  12924.866124843642
__glovexmax30alpha0.3+Louvain__
PLM(balanced,pc,turbo) detected communities in 0.29845118522644043 [s]
solution properties:
-------------------  ----------
# communities         24
min community size    35
max community size   478
avg. community size  208.208
modularity             0.537154
-------------------  ----------
53 community detected
NMI:0.9470860231079032
ARM:0.9903011506280088
__glovexmax30alpha0.3+PLP__
PLP detected communities in 0.12482309341430664 [s]
solution properties:
-------------------  ---------
# communities         82
min community size     2
max community size   917
avg. community size   60.939
modularity             0.51633
-------------------  ---------
53 community detected
NMI:0.9179617378593703
ARM:0.9912791266008713
