__LOADINGS__
4976/47007 10.585657455272619 % of nul weighted edges removed
2/5000 0.04 % of nul degree nodes removed
Network Properties for:		network
nodes, edges			4998, 42031
directed?			False
weighted?			True
isolated nodes			2
self-loops			0
density				0.003366
clustering coefficient		0.286554
min/max/avg degree		0, 78, 16.819128
degree assortativity		0.384470
number of connected components	1
size of largest component	4998 (100.00 %)
236964.3465485788
__Groundtruth__
read communities from: ../../lfr_5000/mk100/k20/muw0.3/39/community.dat
-------------------  ----------
# communities        104
min community size    20
max community size    99
avg. community size   48.0769
modularity             0.703283
-------------------  ----------
104 community detected
__CLASSIC_METHODS__
__Louvain__
PLM(balanced,pc,turbo) detected communities in 0.43198370933532715 [s]
solution properties:
-------------------  ----------
# communities         53
min community size    59
max community size   148
avg. community size   94.3019
modularity             0.704309
-------------------  ----------
104 community detected
NMI:0.07162352474067168
ARI:0.2651292531603503
__Singleton__
104 community detected
NMI:0.3047494066208307
ARI:1.0
__AllInOne__
104 community detected
NMI:1.0
ARI:1.0
__PLP__
PLP detected communities in 0.09654998779296875 [s]
solution properties:
-------------------  ----------
# communities        107
min community size     1
max community size    99
avg. community size   46.729
modularity             0.702937
-------------------  ----------
104 community detected
NMI:0.0023843629074026262
ARI:0.004971658380569344
__NORMALIZATION__
__glove__
Network Properties for:		G#21
nodes, edges			4998, 42031
directed?			False
weighted?			True
isolated nodes			2
self-loops			0
density				0.003366
clustering coefficient		0.286554
min/max/avg degree		0, 78, 16.819128
degree assortativity		0.384470
number of connected components	1
size of largest component	4998 (100.00 %)
tot:  4636.328881527944
__glove+Louvain__
PLM(balanced,pc,turbo) detected communities in 0.47655296325683594 [s]
solution properties:
-------------------  ----------
# communities         57
min community size    49
max community size   148
avg. community size   87.6842
modularity             0.709226
-------------------  ----------
104 community detected
NMI:0.06157105552229625
ARI:0.23374811340217383
__glove+PLP__
PLP detected communities in 0.10115551948547363 [s]
solution properties:
-------------------  ----------
# communities        106
min community size     1
max community size    99
avg. community size   47.1698
modularity             0.708429
-------------------  ----------
104 community detected
NMI:0.00023472252025658058
ARI:0.0005274113245760104
__fake_pmi__
Network Properties for:		G#30
nodes, edges			4998, 42031
directed?			False
weighted?			True
isolated nodes			2
self-loops			0
density				0.003366
clustering coefficient		0.286554
min/max/avg degree		0, 78, 16.819128
degree assortativity		0.384470
number of connected components	1
size of largest component	4998 (100.00 %)
tot:  0.0
__fake_pmi+Louvain__
1 community detected due to total edge weight equal 0
NMI:1
ARI:1
__fake_pmi+PLP__
1 community detected due to total edge weight equal 0
NMI:1
ARI:1
__iterative_rev_degree_order__
Network Properties for:		G#33
nodes, edges			4998, 42031
directed?			False
weighted?			True
isolated nodes			2
self-loops			0
density				0.003366
clustering coefficient		0.286554
min/max/avg degree		0, 78, 16.819128
degree assortativity		0.384470
number of connected components	1
size of largest component	4998 (100.00 %)
tot:  1302.684281841205
__iterative_rev_degree_order+Louvain__
PLM(balanced,pc,turbo) detected communities in 0.8438518047332764 [s]
solution properties:
-------------------  ----------
# communities         49
min community size    45
max community size   156
avg. community size  102
modularity             0.773464
-------------------  ----------
104 community detected
NMI:0.5386946046247392
ARI:0.8514879528074305
__iterative_rev_degree_order+PLP__
PLP detected communities in 0.09565401077270508 [s]
solution properties:
-------------------  -----------
# communities        1253
min community size      1
max community size     17
avg. community size     3.99042
modularity              0.641466
-------------------  -----------
104 community detected
NMI:0.33301737802026976
ARI:0.9435336029019802
__pmi__
Network Properties for:		G#48
nodes, edges			4998, 42031
directed?			False
weighted?			True
isolated nodes			2
self-loops			0
density				0.003366
clustering coefficient		0.286554
min/max/avg degree		0, 78, 16.819128
degree assortativity		0.384470
number of connected components	1
size of largest component	4998 (100.00 %)
tot:  250603.57536568827
__pmi+Louvain__
PLM(balanced,pc,turbo) detected communities in 0.4210186004638672 [s]
solution properties:
-------------------  ----------
# communities         54
min community size    63
max community size   136
avg. community size   92.5556
modularity             0.718158
-------------------  ----------
104 community detected
NMI:0.06656768955579029
ARI:0.24484717642678633
__pmi+PLP__
PLP detected communities in 0.12325859069824219 [s]
solution properties:
-------------------  ----------
# communities        106
min community size     1
max community size    99
avg. community size   47.1698
modularity             0.715482
-------------------  ----------
104 community detected
NMI:0.0037261083352406743
ARI:0.013557322873663846
__standard__
Network Properties for:		G#57
nodes, edges			4998, 42031
directed?			False
weighted?			True
isolated nodes			2
self-loops			0
density				0.003366
clustering coefficient		0.286554
min/max/avg degree		0, 78, 16.819128
degree assortativity		0.384470
number of connected components	1
size of largest component	4998 (100.00 %)
tot:  24.985874236530805
__standard+Louvain__
PLM(balanced,pc,turbo) detected communities in 0.6412227153778076 [s]
solution properties:
-------------------  ----------
# communities         50
min community size    28
max community size   247
avg. community size   99.96
modularity             0.736681
-------------------  ----------
104 community detected
NMI:0.25182826814189774
ARI:0.5737941124312822
__standard+PLP__
PLP detected communities in 0.2233293056488037 [s]
solution properties:
-------------------  ----------
# communities        369
min community size     1
max community size    93
avg. community size   13.5501
modularity             0.678225
-------------------  ----------
104 community detected
NMI:0.1650905928802121
ARI:0.3493419128400117
__ppmi__
Network Properties for:		G#69
nodes, edges			4998, 42031
directed?			False
weighted?			True
isolated nodes			2
self-loops			0
density				0.003366
clustering coefficient		0.286554
min/max/avg degree		0, 78, 16.819128
degree assortativity		0.384470
number of connected components	1
size of largest component	4998 (100.00 %)
tot:  254077.85671636468
__ppmi+Louvain__
PLM(balanced,pc,turbo) detected communities in 0.4266791343688965 [s]
solution properties:
-------------------  ---------
# communities         51
min community size    62
max community size   160
avg. community size   98
modularity             0.71432
-------------------  ---------
104 community detected
NMI:0.07408037545562307
ARI:0.2762451802168614
__ppmi+PLP__
PLP detected communities in 0.10208439826965332 [s]
solution properties:
-------------------  ----------
# communities        103
min community size     1
max community size   159
avg. community size   48.5437
modularity             0.715027
-------------------  ----------
104 community detected
NMI:0.0051827559369900245
ARI:0.034264416831595645
__glovexmax50alpha0.2__
Network Properties for:		G#78
nodes, edges			4998, 42031
directed?			False
weighted?			True
isolated nodes			2
self-loops			0
density				0.003366
clustering coefficient		0.286554
min/max/avg degree		0, 78, 16.819128
degree assortativity		0.384470
number of connected components	1
size of largest component	4998 (100.00 %)
tot:  25658.002286344556
__glovexmax50alpha0.2+Louvain__
PLM(balanced,pc,turbo) detected communities in 0.5132930278778076 [s]
solution properties:
-------------------  ----------
# communities         58
min community size    44
max community size   126
avg. community size   86.1724
modularity             0.711652
-------------------  ----------
104 community detected
NMI:0.0594379175503178
ARI:0.22287209142227726
__glovexmax50alpha0.2+PLP__
PLP detected communities in 0.1036520004272461 [s]
solution properties:
-------------------  ----------
# communities        106
min community size     1
max community size    99
avg. community size   47.1698
modularity             0.711558
-------------------  ----------
104 community detected
NMI:0.00023472252025646956
ARI:0.0005274113245760104
__glovexmax40alpha0.2__
Network Properties for:		G#87
nodes, edges			4998, 42031
directed?			False
weighted?			True
isolated nodes			2
self-loops			0
density				0.003366
clustering coefficient		0.286554
min/max/avg degree		0, 78, 16.819128
degree assortativity		0.384470
number of connected components	1
size of largest component	4998 (100.00 %)
tot:  26829.02203107912
__glovexmax40alpha0.2+Louvain__
PLM(balanced,pc,turbo) detected communities in 0.5113430023193359 [s]
solution properties:
-------------------  ----------
# communities         60
min community size    44
max community size   128
avg. community size   83.3
modularity             0.711826
-------------------  ----------
104 community detected
NMI:0.05545276685976308
ARI:0.2081593507516889
__glovexmax40alpha0.2+PLP__
PLP detected communities in 0.11523270606994629 [s]
solution properties:
-------------------  ----------
# communities        106
min community size     1
max community size    99
avg. community size   47.1698
modularity             0.711558
-------------------  ----------
104 community detected
NMI:0.00023472252025646956
ARI:0.0005274113245760104
__glovexmax30alpha0.3__
Network Properties for:		G#96
nodes, edges			4998, 42031
directed?			False
weighted?			True
isolated nodes			2
self-loops			0
density				0.003366
clustering coefficient		0.286554
min/max/avg degree		0, 78, 16.819128
degree assortativity		0.384470
number of connected components	1
size of largest component	4998 (100.00 %)
tot:  23772.95158607808
__glovexmax30alpha0.3+Louvain__
PLM(balanced,pc,turbo) detected communities in 0.5507025718688965 [s]
solution properties:
-------------------  ---------
# communities         58
min community size    52
max community size   127
avg. community size   86.1724
modularity             0.71288
-------------------  ---------
104 community detected
NMI:0.0590634935705161
ARI:0.2207343269405989
__glovexmax30alpha0.3+PLP__
PLP detected communities in 0.10025525093078613 [s]
solution properties:
-------------------  ----------
# communities        106
min community size     1
max community size    99
avg. community size   47.1698
modularity             0.712709
-------------------  ----------
104 community detected
NMI:0.00023472252025646956
ARI:0.0005274113245760104
NMI classement:
[('NMIglovexmax50alpha0.2+PLP', 0.00023472252025646956), ('NMIglovexmax40alpha0.2+PLP', 0.00023472252025646956), ('NMIglovexmax30alpha0.3+PLP', 0.00023472252025646956), ('NMIglove+PLP', 0.00023472252025658058), ('NMIPLP', 0.0023843629074026262), ('NMIpmi+PLP', 0.0037261083352406743), ('NMIppmi+PLP', 0.0051827559369900245), ('NMIglovexmax40alpha0.2+Louvain', 0.05545276685976308), ('NMIglovexmax30alpha0.3+Louvain', 0.0590634935705161), ('NMIglovexmax50alpha0.2+Louvain', 0.0594379175503178), ('NMIglove+Louvain', 0.06157105552229625), ('NMIpmi+Louvain', 0.06656768955579029), ('NMILouvain', 0.07162352474067168), ('NMIppmi+Louvain', 0.07408037545562307), ('NMIstandard+PLP', 0.1650905928802121), ('NMIstandard+Louvain', 0.25182826814189774), ('NMISingleton', 0.3047494066208307), ('NMIiterative_rev_degree_order+PLP', 0.33301737802026976), ('NMIiterative_rev_degree_order+Louvain', 0.5386946046247392), ('NMIAllInOne', 1.0), ('NMIfake_pmi+Louvain', 1), ('NMIfake_pmi+PLP', 1)]
ARI classement:
[('ARIglove+PLP', 0.0005274113245760104), ('ARIglovexmax50alpha0.2+PLP', 0.0005274113245760104), ('ARIglovexmax40alpha0.2+PLP', 0.0005274113245760104), ('ARIglovexmax30alpha0.3+PLP', 0.0005274113245760104), ('ARIPLP', 0.004971658380569344), ('ARIpmi+PLP', 0.013557322873663846), ('ARIppmi+PLP', 0.034264416831595645), ('ARIglovexmax40alpha0.2+Louvain', 0.2081593507516889), ('ARIglovexmax30alpha0.3+Louvain', 0.2207343269405989), ('ARIglovexmax50alpha0.2+Louvain', 0.22287209142227726), ('ARIglove+Louvain', 0.23374811340217383), ('ARIpmi+Louvain', 0.24484717642678633), ('ARILouvain', 0.2651292531603503), ('ARIppmi+Louvain', 0.2762451802168614), ('ARIstandard+PLP', 0.3493419128400117), ('ARIstandard+Louvain', 0.5737941124312822), ('ARIiterative_rev_degree_order+Louvain', 0.8514879528074305), ('ARIiterative_rev_degree_order+PLP', 0.9435336029019802), ('ARISingleton', 1.0), ('ARIAllInOne', 1.0), ('ARIfake_pmi+Louvain', 1), ('ARIfake_pmi+PLP', 1)]
