__LOADINGS__
4990/52384 9.525809407452657 % of nul weighted edges removed
0/5000 0.0 % of nul degree nodes removed
Network Properties for:		network
nodes, edges			5000, 47394
directed?			False
weighted?			True
isolated nodes			0
self-loops			0
density				0.003792
clustering coefficient		0.460965
min/max/avg degree		1, 386, 18.957600
degree assortativity		0.195578
number of connected components	8
size of largest component	4962 (99.24 %)
425748.560164296
__Groundtruth__
read communities from: ../../lfr_5000/mk500/k20/muw0.2/36/community.dat
-------------------  ----------
# communities         46
min community size     5
max community size   472
avg. community size  108.696
modularity             0.636866
-------------------  ----------
46 community detected
__CLASSIC_METHODS__
__Louvain__
PLM(balanced,pc,turbo) detected communities in 0.47565340995788574 [s]
solution properties:
-------------------  ----------
# communities         25
min community size     5
max community size   483
avg. community size  200
modularity             0.638029
-------------------  ----------
46 community detected
NMI:0.08199981219548502
ARI:0.09578454445328821
__Singleton__
46 community detected
NMI:0.4646126258031138
ARI:1.0
__AllInOne__
46 community detected
NMI:1.0
ARI:1.0
__PLP__
PLP detected communities in 0.13048863410949707 [s]
solution properties:
-------------------  ----------
# communities         47
min community size     5
max community size   487
avg. community size  106.383
modularity             0.637882
-------------------  ----------
46 community detected
NMI:0.03196124967788405
ARI:0.04039499001633695
__NORMALIZATION__
__glove__
Network Properties for:		G#21
nodes, edges			5000, 47394
directed?			False
weighted?			True
isolated nodes			0
self-loops			0
density				0.003792
clustering coefficient		0.460965
min/max/avg degree		1, 386, 18.957600
degree assortativity		0.195578
number of connected components	8
size of largest component	4962 (99.24 %)
tot:  6237.722888710514
__glove+Louvain__
PLM(balanced,pc,turbo) detected communities in 0.445026159286499 [s]
solution properties:
-------------------  ----------
# communities         26
min community size     5
max community size   488
avg. community size  192.308
modularity             0.676698
-------------------  ----------
46 community detected
NMI:0.057113409624418465
ARI:0.059828423174115075
__glove+PLP__
PLP detected communities in 0.12055182456970215 [s]
solution properties:
-------------------  ----------
# communities         47
min community size     5
max community size   482
avg. community size  106.383
modularity             0.675518
-------------------  ----------
46 community detected
NMI:0.02246162358150494
ARI:0.02715930155354962
__fake_pmi__
Network Properties for:		G#30
nodes, edges			5000, 47394
directed?			False
weighted?			True
isolated nodes			0
self-loops			0
density				0.003792
clustering coefficient		0.460965
min/max/avg degree		1, 386, 18.957600
degree assortativity		0.195578
number of connected components	8
size of largest component	4962 (99.24 %)
tot:  0.0
__fake_pmi+Louvain__
1 community detected due to total edge weight equal 0
NMI:1
ARI:1
__fake_pmi+PLP__
1 community detected due to total edge weight equal 0
NMI:1
ARI:1
__iterative_rev_degree_order__
Network Properties for:		G#33
nodes, edges			5000, 47394
directed?			False
weighted?			True
isolated nodes			0
self-loops			0
density				0.003792
clustering coefficient		0.460965
min/max/avg degree		1, 386, 18.957600
degree assortativity		0.195578
number of connected components	8
size of largest component	4962 (99.24 %)
tot:  1587.2621524278704
__iterative_rev_degree_order+Louvain__
PLM(balanced,pc,turbo) detected communities in 0.816809892654419 [s]
solution properties:
-------------------  ----------
# communities         83
min community size     2
max community size   198
avg. community size   60.241
modularity             0.882437
-------------------  ----------
46 community detected
NMI:0.5847659880824454
ARI:0.8549323037548171
__iterative_rev_degree_order+PLP__
PLP detected communities in 0.08529114723205566 [s]
solution properties:
-------------------  -----------
# communities        1452
min community size      2
max community size     20
avg. community size     3.44353
modularity              0.759549
-------------------  -----------
46 community detected
NMI:0.4945622080893053
ARI:0.987573103384612
__pmi__
Network Properties for:		G#48
nodes, edges			5000, 47394
directed?			False
weighted?			True
isolated nodes			0
self-loops			0
density				0.003792
clustering coefficient		0.460965
min/max/avg degree		1, 386, 18.957600
degree assortativity		0.195578
number of connected components	8
size of largest component	4962 (99.24 %)
tot:  80348.11074795283
__pmi+Louvain__
PLM(balanced,pc,turbo) detected communities in 0.5208697319030762 [s]
solution properties:
-------------------  ---------
# communities         42
min community size     5
max community size   842
avg. community size  119.048
modularity             1.34944
-------------------  ---------
46 community detected
NMI:0.21554247955475447
ARI:0.37394036208006
__pmi+PLP__
PLP detected communities in 0.31212925910949707 [s]
solution properties:
-------------------  ---------
# communities        101
min community size     1
max community size   714
avg. community size   49.505
modularity             1.33415
-------------------  ---------
46 community detected
NMI:0.18472126600240968
ARI:0.31319833112852347
__standard__
Network Properties for:		G#57
nodes, edges			5000, 47394
directed?			False
weighted?			True
isolated nodes			0
self-loops			0
density				0.003792
clustering coefficient		0.460965
min/max/avg degree		1, 386, 18.957600
degree assortativity		0.195578
number of connected components	8
size of largest component	4962 (99.24 %)
tot:  15.635729425781912
__standard+Louvain__
PLM(balanced,pc,turbo) detected communities in 0.7035305500030518 [s]
solution properties:
-------------------  -----------
# communities          54
min community size      2
max community size   1047
avg. community size    92.5926
modularity              0.924529
-------------------  -----------
46 community detected
NMI:0.40135237994828554
ARI:0.6353409290861849
__standard+PLP__
PLP detected communities in 0.2290036678314209 [s]
solution properties:
-------------------  ----------
# communities        855
min community size     1
max community size   197
avg. community size    5.84795
modularity             0.809552
-------------------  ----------
46 community detected
NMI:0.4488616219637922
ARI:0.8445980239044215
__ppmi__
Network Properties for:		G#69
nodes, edges			5000, 47394
directed?			False
weighted?			True
isolated nodes			0
self-loops			0
density				0.003792
clustering coefficient		0.460965
min/max/avg degree		1, 386, 18.957600
degree assortativity		0.195578
number of connected components	8
size of largest component	4962 (99.24 %)
tot:  158546.44867401113
__ppmi+Louvain__
PLM(balanced,pc,turbo) detected communities in 0.38855528831481934 [s]
solution properties:
-------------------  ----------
# communities         41
min community size     5
max community size   468
avg. community size  121.951
modularity             0.772181
-------------------  ----------
46 community detected
NMI:0.06021201793407971
ARI:0.07508324145332801
__ppmi+PLP__
PLP detected communities in 0.1581568717956543 [s]
solution properties:
-------------------  ----------
# communities         53
min community size     2
max community size   750
avg. community size   94.3396
modularity             0.771946
-------------------  ----------
46 community detected
NMI:0.0359632087713756
ARI:0.114434543618539
__glovexmax50alpha0.2__
Network Properties for:		G#78
nodes, edges			5000, 47394
directed?			False
weighted?			True
isolated nodes			0
self-loops			0
density				0.003792
clustering coefficient		0.460965
min/max/avg degree		1, 386, 18.957600
degree assortativity		0.195578
number of connected components	8
size of largest component	4962 (99.24 %)
tot:  24830.85282458567
__glovexmax50alpha0.2+Louvain__
PLM(balanced,pc,turbo) detected communities in 0.30042338371276855 [s]
solution properties:
-------------------  ----------
# communities         38
min community size     5
max community size   472
avg. community size  131.579
modularity             0.737076
-------------------  ----------
46 community detected
NMI:0.008472608056262487
ARI:0.004226824845457888
__glovexmax50alpha0.2+PLP__
PLP detected communities in 0.07984519004821777 [s]
solution properties:
-------------------  ----------
# communities         46
min community size     5
max community size   472
avg. community size  108.696
modularity             0.736974
-------------------  ----------
46 community detected
NMI:0.0
ARI:0.0
__glovexmax40alpha0.2__
Network Properties for:		G#87
nodes, edges			5000, 47394
directed?			False
weighted?			True
isolated nodes			0
self-loops			0
density				0.003792
clustering coefficient		0.460965
min/max/avg degree		1, 386, 18.957600
degree assortativity		0.195578
number of connected components	8
size of largest component	4962 (99.24 %)
tot:  25883.972184888327
__glovexmax40alpha0.2+Louvain__
PLM(balanced,pc,turbo) detected communities in 0.28872132301330566 [s]
solution properties:
-------------------  ----------
# communities         36
min community size     5
max community size   472
avg. community size  138.889
modularity             0.737717
-------------------  ----------
46 community detected
NMI:0.011804936904654117
ARI:0.006605291474235608
__glovexmax40alpha0.2+PLP__
PLP detected communities in 0.08562517166137695 [s]
solution properties:
-------------------  ----------
# communities         47
min community size     5
max community size   472
avg. community size  106.383
modularity             0.737299
-------------------  ----------
46 community detected
NMI:0.0003543757527514346
ARI:4.80734912571279e-05
__glovexmax30alpha0.3__
Network Properties for:		G#96
nodes, edges			5000, 47394
directed?			False
weighted?			True
isolated nodes			0
self-loops			0
density				0.003792
clustering coefficient		0.460965
min/max/avg degree		1, 386, 18.957600
degree assortativity		0.195578
number of connected components	8
size of largest component	4962 (99.24 %)
tot:  22828.913502547508
__glovexmax30alpha0.3+Louvain__
PLM(balanced,pc,turbo) detected communities in 0.3033406734466553 [s]
solution properties:
-------------------  ----------
# communities         30
min community size     5
max community size   480
avg. community size  166.667
modularity             0.734041
-------------------  ----------
46 community detected
NMI:0.025125211977697126
ARI:0.019804928094587226
__glovexmax30alpha0.3+PLP__
PLP detected communities in 0.07950329780578613 [s]
solution properties:
-------------------  ----------
# communities         46
min community size     5
max community size   472
avg. community size  108.696
modularity             0.734158
-------------------  ----------
46 community detected
NMI:0.002176704562526055
ARI:0.002529377706080971
NMI classement:
[('NMIglovexmax50alpha0.2+PLP', 0.0), ('NMIglovexmax40alpha0.2+PLP', 0.0003543757527514346), ('NMIglovexmax30alpha0.3+PLP', 0.002176704562526055), ('NMIglovexmax50alpha0.2+Louvain', 0.008472608056262487), ('NMIglovexmax40alpha0.2+Louvain', 0.011804936904654117), ('NMIglove+PLP', 0.02246162358150494), ('NMIglovexmax30alpha0.3+Louvain', 0.025125211977697126), ('NMIPLP', 0.03196124967788405), ('NMIppmi+PLP', 0.0359632087713756), ('NMIglove+Louvain', 0.057113409624418465), ('NMIppmi+Louvain', 0.06021201793407971), ('NMILouvain', 0.08199981219548502), ('NMIpmi+PLP', 0.18472126600240968), ('NMIpmi+Louvain', 0.21554247955475447), ('NMIstandard+Louvain', 0.40135237994828554), ('NMIstandard+PLP', 0.4488616219637922), ('NMISingleton', 0.4646126258031138), ('NMIiterative_rev_degree_order+PLP', 0.4945622080893053), ('NMIiterative_rev_degree_order+Louvain', 0.5847659880824454), ('NMIAllInOne', 1.0), ('NMIfake_pmi+Louvain', 1), ('NMIfake_pmi+PLP', 1)]
ARI classement:
[('ARIglovexmax50alpha0.2+PLP', 0.0), ('ARIglovexmax40alpha0.2+PLP', 4.80734912571279e-05), ('ARIglovexmax30alpha0.3+PLP', 0.002529377706080971), ('ARIglovexmax50alpha0.2+Louvain', 0.004226824845457888), ('ARIglovexmax40alpha0.2+Louvain', 0.006605291474235608), ('ARIglovexmax30alpha0.3+Louvain', 0.019804928094587226), ('ARIglove+PLP', 0.02715930155354962), ('ARIPLP', 0.04039499001633695), ('ARIglove+Louvain', 0.059828423174115075), ('ARIppmi+Louvain', 0.07508324145332801), ('ARILouvain', 0.09578454445328821), ('ARIppmi+PLP', 0.114434543618539), ('ARIpmi+PLP', 0.31319833112852347), ('ARIpmi+Louvain', 0.37394036208006), ('ARIstandard+Louvain', 0.6353409290861849), ('ARIstandard+PLP', 0.8445980239044215), ('ARIiterative_rev_degree_order+Louvain', 0.8549323037548171), ('ARIiterative_rev_degree_order+PLP', 0.987573103384612), ('ARISingleton', 1.0), ('ARIAllInOne', 1.0), ('ARIfake_pmi+Louvain', 1), ('ARIfake_pmi+PLP', 1)]
