__LOADINGS__
Network Properties for:		network
nodes, edges			5000, 33303
directed?			False
weighted?			True
isolated nodes			1
self-loops			0
density				0.002665
clustering coefficient		0.390982
min/max/avg degree		0, 237, 13.321200
degree assortativity		0.125698
number of connected components	2
size of largest component	4999 (99.98 %)
241720.1186862698
__Groundtruth__
read communities from: ../../lfr_5000/mk300/k15/muw0.2/44/community.dat
-------------------  ----------
# communities         30
min community size   122
max community size   240
avg. community size  166.667
modularity             0.704068
-------------------  ----------
30 community detected
__CLASSIC_METHODS__
__Louvain__
PLM(balanced,pc,turbo) detected communities in 0.2645986080169678 [s]
solution properties:
-------------------  ----------
# communities         31
min community size     1
max community size   247
avg. community size  161.29
modularity             0.707794
-------------------  ----------
30 community detected
NMI:0.06551592286998753
ARM:0.07489958219935744
__Singleton__
30 community detected
NMI:0.43129281532966113
ARM:1.0
__AllInOne__
30 community detected
NMI:1.0
ARM:1.0
__PLP__
PLP detected communities in 0.14242100715637207 [s]
solution properties:
-------------------  ----------
# communities         31
min community size     1
max community size   247
avg. community size  161.29
modularity             0.707794
-------------------  ----------
30 community detected
NMI:0.06576398795805005
ARM:0.07528815321951643
__NORMALIZATION__
__glove__
Network Properties for:		G#18cc
nodes, edges			4999, 33303
directed?			False
weighted?			True
isolated nodes			0
self-loops			0
density				0.002666
clustering coefficient		0.391060
min/max/avg degree		3, 237, 13.323865
degree assortativity		0.125698
number of connected components	1
size of largest component	4999 (100.00 %)
tot:  3816.210325828703
__glove+Louvain__
PLM(balanced,pc,turbo) detected communities in 0.0940699577331543 [s]
solution properties:
-------------------  ----------
# communities         30
min community size   121
max community size   245
avg. community size  166.633
modularity             0.735373
-------------------  ----------
30 community detected
NMI:0.050815307696264855
ARM:0.0577393652286069
__glove+PLP__
PLP detected communities in 0.1331164836883545 [s]
solution properties:
-------------------  ----------
# communities         30
min community size   121
max community size   246
avg. community size  166.633
modularity             0.735371
-------------------  ----------
30 community detected
NMI:0.05155179063918447
ARM:0.05863877248233418
__fake_pmi__
Network Properties for:		G#34cc
nodes, edges			4999, 33303
directed?			False
weighted?			True
isolated nodes			0
self-loops			0
density				0.002666
clustering coefficient		0.391060
min/max/avg degree		3, 237, 13.323865
degree assortativity		0.125698
number of connected components	1
size of largest component	4999 (100.00 %)
tot:  0.0
__fake_pmi+Louvain__
1 community detected due to total edge weight equal 0
NMI:1
ARM:0.05863877248233418
__fake_pmi+PLP__
1 community detected due to total edge weight equal 0
NMI:1
ARM:0.05863877248233418
__iterative_rev_degree_order__
Network Properties for:		G#47cc
nodes, edges			4999, 33303
directed?			False
weighted?			True
isolated nodes			0
self-loops			0
density				0.002666
clustering coefficient		0.391060
min/max/avg degree		3, 237, 13.323865
degree assortativity		0.125698
number of connected components	1
size of largest component	4999 (100.00 %)
tot:  1702.4836074448085
__iterative_rev_degree_order+Louvain__
PLM(balanced,pc,turbo) detected communities in 0.3430595397949219 [s]
solution properties:
-------------------  ----------
# communities         52
min community size     2
max community size   205
avg. community size   96.1346
modularity             0.881118
-------------------  ----------
30 community detected
NMI:0.5594132613087961
ARM:0.7372295300433425
__iterative_rev_degree_order+PLP__
PLP detected communities in 0.055219173431396484 [s]
solution properties:
-------------------  -----------
# communities        1516
min community size      2
max community size     23
avg. community size     3.29749
modularity              0.763516
-------------------  -----------
30 community detected
NMI:0.4540785089548429
ARM:0.978502910777446
__pmi__
Network Properties for:		G#72cc
nodes, edges			4999, 33303
directed?			False
weighted?			True
isolated nodes			0
self-loops			0
density				0.002666
clustering coefficient		0.391060
min/max/avg degree		3, 237, 13.323865
degree assortativity		0.125698
number of connected components	1
size of largest component	4999 (100.00 %)
tot:  97309.61047926306
__pmi+Louvain__
PLM(balanced,pc,turbo) detected communities in 0.5202226638793945 [s]
solution properties:
-------------------  ----------
# communities         27
min community size   126
max community size   530
avg. community size  185.148
modularity             0.982378
-------------------  ----------
30 community detected
NMI:0.15073054762843618
ARM:0.2788660937540003
__pmi+PLP__
PLP detected communities in 0.153656005859375 [s]
solution properties:
-------------------  ----------
# communities         87
min community size     2
max community size   204
avg. community size   57.4598
modularity             0.974377
-------------------  ----------
30 community detected
NMI:0.1307159203397643
ARM:0.17499874956234684
__standard__
Network Properties for:		G#91cc
nodes, edges			4999, 33303
directed?			False
weighted?			True
isolated nodes			0
self-loops			0
density				0.002666
clustering coefficient		0.391060
min/max/avg degree		3, 237, 13.323865
degree assortativity		0.125698
number of connected components	1
size of largest component	4999 (100.00 %)
tot:  15.903931177740395
__standard+Louvain__
PLM(balanced,pc,turbo) detected communities in 0.4923529624938965 [s]
solution properties:
-------------------  ----------
# communities         37
min community size     2
max community size   306
avg. community size  135.108
modularity             0.867337
-------------------  ----------
30 community detected
NMI:0.35147828385783364
ARM:0.46024548231964035
__standard+PLP__
PLP detected communities in 0.1322176456451416 [s]
solution properties:
-------------------  -----------
# communities        1141
min community size      2
max community size     92
avg. community size     4.38124
modularity              0.703249
-------------------  -----------
30 community detected
NMI:0.411237980881076
ARM:0.849807080889371
__ppmi__
Network Properties for:		G#116cc
nodes, edges			4999, 33303
directed?			False
weighted?			True
isolated nodes			0
self-loops			0
density				0.002666
clustering coefficient		0.391060
min/max/avg degree		3, 237, 13.323865
degree assortativity		0.125698
number of connected components	1
size of largest component	4999 (100.00 %)
tot:  135525.42941063986
__ppmi+Louvain__
PLM(balanced,pc,turbo) detected communities in 0.3632361888885498 [s]
solution properties:
-------------------  ----------
# communities         30
min community size   123
max community size   222
avg. community size  166.633
modularity             0.777346
-------------------  ----------
30 community detected
NMI:0.040782248331024396
ARM:0.05125315821584908
__ppmi+PLP__
PLP detected communities in 0.16269278526306152 [s]
solution properties:
-------------------  ----------
# communities         57
min community size     2
max community size   216
avg. community size   87.7018
modularity             0.774343
-------------------  ----------
30 community detected
NMI:0.045225515461094545
ARM:0.05621212176943058
__glovexmax50alpha0.2__
Network Properties for:		G#135cc
nodes, edges			4999, 33303
directed?			False
weighted?			True
isolated nodes			0
self-loops			0
density				0.002666
clustering coefficient		0.391060
min/max/avg degree		3, 237, 13.323865
degree assortativity		0.125698
number of connected components	1
size of largest component	4999 (100.00 %)
tot:  17436.48707724031
__glovexmax50alpha0.2+Louvain__
PLM(balanced,pc,turbo) detected communities in 0.26132869720458984 [s]
solution properties:
-------------------  ----------
# communities         22
min community size   146
max community size   321
avg. community size  227.227
modularity             0.761886
-------------------  ----------
30 community detected
NMI:0.05383358352944945
ARM:0.17455025239536726
__glovexmax50alpha0.2+PLP__
PLP detected communities in 0.055642127990722656 [s]
solution properties:
-------------------  ---------
# communities         31
min community size    70
max community size   240
avg. community size  161.258
modularity             0.76161
-------------------  ---------
30 community detected
NMI:0.009581133218902305
ARM:0.013440673990430252
__glovexmax40alpha0.2__
Network Properties for:		G#154cc
nodes, edges			4999, 33303
directed?			False
weighted?			True
isolated nodes			0
self-loops			0
density				0.002666
clustering coefficient		0.391060
min/max/avg degree		3, 237, 13.323865
degree assortativity		0.125698
number of connected components	1
size of largest component	4999 (100.00 %)
tot:  18205.486756017737
__glovexmax40alpha0.2+Louvain__
PLM(balanced,pc,turbo) detected communities in 0.4068317413330078 [s]
solution properties:
-------------------  ----------
# communities         20
min community size   179
max community size   357
avg. community size  249.95
modularity             0.758283
-------------------  ----------
30 community detected
NMI:0.06899925671501339
ARM:0.21911693952749633
__glovexmax40alpha0.2+PLP__
PLP detected communities in 0.10745382308959961 [s]
solution properties:
-------------------  ----------
# communities         30
min community size   122
max community size   240
avg. community size  166.633
modularity             0.770126
-------------------  ----------
30 community detected
NMI:0.004594348721588815
ARM:0.005151523942136582
__glovexmax30alpha0.3__
Network Properties for:		G#173cc
nodes, edges			4999, 33303
directed?			False
weighted?			True
isolated nodes			0
self-loops			0
density				0.002666
clustering coefficient		0.391060
min/max/avg degree		3, 237, 13.323865
degree assortativity		0.125698
number of connected components	1
size of largest component	4999 (100.00 %)
tot:  15920.035126459583
__glovexmax30alpha0.3+Louvain__
PLM(balanced,pc,turbo) detected communities in 0.4118502140045166 [s]
solution properties:
-------------------  ----------
# communities         30
min community size   121
max community size   241
avg. community size  166.633
modularity             0.768341
-------------------  ----------
30 community detected
NMI:0.01645650133844545
ARM:0.018622345122854322
__glovexmax30alpha0.3+PLP__
PLP detected communities in 0.12212181091308594 [s]
solution properties:
-------------------  ---------
# communities         30
min community size   121
max community size   241
avg. community size  166.633
modularity             0.76832
-------------------  ---------
30 community detected
NMI:0.01669975261913792
ARM:0.018788009113730797
