__LOADINGS__
Network Properties for:		network
nodes, edges			5000, 33808
directed?			False
weighted?			True
isolated nodes			0
self-loops			0
density				0.002705
clustering coefficient		0.292150
min/max/avg degree		1, 217, 13.523200
degree assortativity		0.183008
number of connected components	1
size of largest component	5000 (100.00 %)
250726.48647717867
__Groundtruth__
read communities from: ../../lfr_5000/mk300/k15/muw0.3/9/community.dat
-------------------  ----------
# communities         32
min community size   100
max community size   215
avg. community size  156.25
modularity             0.588183
-------------------  ----------
32 community detected
__CLASSIC_METHODS__
__Louvain__
PLM(balanced,pc,turbo) detected communities in 0.37308645248413086 [s]
solution properties:
-------------------  ----------
# communities         16
min community size   189
max community size   427
avg. community size  312.5
modularity             0.587081
-------------------  ----------
32 community detected
NMI:0.22760761569485188
ARM:0.43607891679871114
__Singleton__
32 community detected
NMI:0.42370093147868315
ARM:1.0
__AllInOne__
32 community detected
NMI:1.0
ARM:1.0
__PLP__
PLP detected communities in 0.14655232429504395 [s]
solution properties:
-------------------  ----------
# communities         34
min community size     2
max community size   233
avg. community size  147.059
modularity             0.594553
-------------------  ----------
32 community detected
NMI:0.11494806972188332
ARM:0.1355202196565065
__NORMALIZATION__
__glove__
Network Properties for:		G#21cc
nodes, edges			5000, 33808
directed?			False
weighted?			True
isolated nodes			0
self-loops			0
density				0.002705
clustering coefficient		0.292150
min/max/avg degree		1, 217, 13.523200
degree assortativity		0.183008
number of connected components	1
size of largest component	5000 (100.00 %)
tot:  3966.619593052101
__glove+Louvain__
PLM(balanced,pc,turbo) detected communities in 0.3672146797180176 [s]
solution properties:
-------------------  ----------
# communities         27
min community size   127
max community size   263
avg. community size  185.185
modularity             0.622701
-------------------  ----------
32 community detected
NMI:0.12223558811537605
ARM:0.1886110970904442
__glove+PLP__
PLP detected communities in 0.1439836025238037 [s]
solution properties:
-------------------  ----------
# communities         34
min community size     2
max community size   229
avg. community size  147.059
modularity             0.623482
-------------------  ----------
32 community detected
NMI:0.0969516389089824
ARM:0.11279656429687579
__fake_pmi__
Network Properties for:		G#40cc
nodes, edges			5000, 33808
directed?			False
weighted?			True
isolated nodes			0
self-loops			0
density				0.002705
clustering coefficient		0.292150
min/max/avg degree		1, 217, 13.523200
degree assortativity		0.183008
number of connected components	1
size of largest component	5000 (100.00 %)
tot:  0.0
__fake_pmi+Louvain__
1 community detected due to total edge weight equal 0
NMI:1
ARM:0.11279656429687579
__fake_pmi+PLP__
1 community detected due to total edge weight equal 0
NMI:1
ARM:0.11279656429687579
__iterative_rev_degree_order__
Network Properties for:		G#53cc
nodes, edges			5000, 33808
directed?			False
weighted?			True
isolated nodes			0
self-loops			0
density				0.002705
clustering coefficient		0.292150
min/max/avg degree		1, 217, 13.523200
degree assortativity		0.183008
number of connected components	1
size of largest component	5000 (100.00 %)
tot:  1484.2692169428233
__iterative_rev_degree_order+Louvain__
PLM(balanced,pc,turbo) detected communities in 0.6759507656097412 [s]
solution properties:
-------------------  ----------
# communities         75
min community size    30
max community size   128
avg. community size   66.6667
modularity             0.883404
-------------------  ----------
32 community detected
NMI:0.6866109450198425
ARM:0.9008785660800873
__iterative_rev_degree_order+PLP__
PLP detected communities in 0.08395075798034668 [s]
solution properties:
-------------------  ----------
# communities        1517
min community size      2
max community size     16
avg. community size     3.29598
modularity              0.7803
-------------------  ----------
32 community detected
NMI:0.4644415512027623
ARM:0.9813282617558954
__pmi__
Network Properties for:		G#78cc
nodes, edges			5000, 33808
directed?			False
weighted?			True
isolated nodes			0
self-loops			0
density				0.002705
clustering coefficient		0.292150
min/max/avg degree		1, 217, 13.523200
degree assortativity		0.183008
number of connected components	1
size of largest component	5000 (100.00 %)
tot:  72523.98511975973
__pmi+Louvain__
PLM(balanced,pc,turbo) detected communities in 0.4784562587738037 [s]
solution properties:
-------------------  ---------
# communities         27
min community size    81
max community size   490
avg. community size  185.185
modularity             1.08183
-------------------  ---------
32 community detected
NMI:0.3325158378468581
ARM:0.484499872517386
__pmi+PLP__
PLP detected communities in 0.18208646774291992 [s]
solution properties:
-------------------  ---------
# communities        280
min community size     2
max community size   233
avg. community size   17.8571
modularity             1.02678
-------------------  ---------
32 community detected
NMI:0.27297548660429183
ARM:0.3851917182857578
__standard__
Network Properties for:		G#100cc
nodes, edges			5000, 33808
directed?			False
weighted?			True
isolated nodes			0
self-loops			0
density				0.002705
clustering coefficient		0.292150
min/max/avg degree		1, 217, 13.523200
degree assortativity		0.183008
number of connected components	1
size of largest component	5000 (100.00 %)
tot:  18.113349165934977
__standard+Louvain__
PLM(balanced,pc,turbo) detected communities in 0.780808687210083 [s]
solution properties:
-------------------  ----------
# communities         59
min community size     2
max community size   226
avg. community size   84.7458
modularity             0.855035
-------------------  ----------
32 community detected
NMI:0.4983616358963031
ARM:0.6498614541670323
__standard+PLP__
PLP detected communities in 0.12064623832702637 [s]
solution properties:
-------------------  -----------
# communities        1247
min community size      2
max community size     69
avg. community size     4.00962
modularity              0.739634
-------------------  -----------
32 community detected
NMI:0.44684437218010054
ARM:0.9331566625866023
__ppmi__
Network Properties for:		G#125cc
nodes, edges			5000, 33808
directed?			False
weighted?			True
isolated nodes			0
self-loops			0
density				0.002705
clustering coefficient		0.292150
min/max/avg degree		1, 217, 13.523200
degree assortativity		0.183008
number of connected components	1
size of largest component	5000 (100.00 %)
tot:  132341.00002269362
__ppmi+Louvain__
PLM(balanced,pc,turbo) detected communities in 0.6602611541748047 [s]
solution properties:
-------------------  ----------
# communities         24
min community size   122
max community size   378
avg. community size  208.333
modularity             0.685327
-------------------  ----------
32 community detected
NMI:0.1746851741715173
ARM:0.31656206573581147
__ppmi+PLP__
PLP detected communities in 0.14902997016906738 [s]
solution properties:
-------------------  ----------
# communities        115
min community size     1
max community size   210
avg. community size   43.4783
modularity             0.675586
-------------------  ----------
32 community detected
NMI:0.13060521729372732
ARM:0.16547937173112848
__glovexmax50alpha0.2__
Network Properties for:		G#147cc
nodes, edges			5000, 33808
directed?			False
weighted?			True
isolated nodes			0
self-loops			0
density				0.002705
clustering coefficient		0.292150
min/max/avg degree		1, 217, 13.523200
degree assortativity		0.183008
number of connected components	1
size of largest component	5000 (100.00 %)
tot:  17408.452645433714
__glovexmax50alpha0.2+Louvain__
PLM(balanced,pc,turbo) detected communities in 0.4631941318511963 [s]
solution properties:
-------------------  ----------
# communities         25
min community size   127
max community size   299
avg. community size  200
modularity             0.665662
-------------------  ----------
32 community detected
NMI:0.07744438575305146
ARM:0.17714556048227825
__glovexmax50alpha0.2+PLP__
PLP detected communities in 0.13195037841796875 [s]
solution properties:
-------------------  ----------
# communities         33
min community size     2
max community size   217
avg. community size  151.515
modularity             0.669371
-------------------  ----------
32 community detected
NMI:0.03529735229619313
ARM:0.041082647383132054
__glovexmax40alpha0.2__
Network Properties for:		G#166cc
nodes, edges			5000, 33808
directed?			False
weighted?			True
isolated nodes			0
self-loops			0
density				0.002705
clustering coefficient		0.292150
min/max/avg degree		1, 217, 13.523200
degree assortativity		0.183008
number of connected components	1
size of largest component	5000 (100.00 %)
tot:  18175.67179176199
__glovexmax40alpha0.2+Louvain__
PLM(balanced,pc,turbo) detected communities in 0.40967607498168945 [s]
solution properties:
-------------------  ----------
# communities         32
min community size   101
max community size   216
avg. community size  156.25
modularity             0.669726
-------------------  ----------
32 community detected
NMI:0.038326469701040144
ARM:0.044635238291991564
__glovexmax40alpha0.2+PLP__
PLP detected communities in 0.1347486972808838 [s]
solution properties:
-------------------  ----------
# communities         34
min community size     1
max community size   217
avg. community size  147.059
modularity             0.669639
-------------------  ----------
32 community detected
NMI:0.0358006883941554
ARM:0.041580217531243524
__glovexmax30alpha0.3__
Network Properties for:		G#185cc
nodes, edges			5000, 33808
directed?			False
weighted?			True
isolated nodes			0
self-loops			0
density				0.002705
clustering coefficient		0.292150
min/max/avg degree		1, 217, 13.523200
degree assortativity		0.183008
number of connected components	1
size of largest component	5000 (100.00 %)
tot:  16086.946825098265
__glovexmax30alpha0.3+Louvain__
PLM(balanced,pc,turbo) detected communities in 0.3897230625152588 [s]
solution properties:
-------------------  ----------
# communities         32
min community size    98
max community size   218
avg. community size  156.25
modularity             0.666958
-------------------  ----------
32 community detected
NMI:0.04776865193279034
ARM:0.05544828222438902
__glovexmax30alpha0.3+PLP__
PLP detected communities in 0.12899470329284668 [s]
solution properties:
-------------------  ----------
# communities         33
min community size     2
max community size   218
avg. community size  151.515
modularity             0.666925
-------------------  ----------
32 community detected
NMI:0.047588840606496596
ARM:0.05491155877105691
