__LOADINGS__
Network Properties for:		network
nodes, edges			5000, 33303
directed?			False
weighted?			True
isolated nodes			1
self-loops			0
density				0.002665
clustering coefficient		0.390982
min/max/avg degree		0, 237, 13.321200
degree assortativity		0.125698
number of connected components	2
size of largest component	4999 (99.98 %)
241720.1186862698
__Groundtruth__
read communities from: ../../lfr_5000/mk300/k15/muw0.2/35/community.dat
-------------------  ----------
# communities         30
min community size   122
max community size   240
avg. community size  166.667
modularity             0.704068
-------------------  ----------
30 community detected
__CLASSIC_METHODS__
__Louvain__
PLM(balanced,pc,turbo) detected communities in 0.23156166076660156 [s]
solution properties:
-------------------  ----------
# communities         31
min community size     1
max community size   247
avg. community size  161.29
modularity             0.707794
-------------------  ----------
30 community detected
NMI:0.06551592286998775
ARM:0.07489958219935744
__Singleton__
30 community detected
NMI:0.431292815329661
ARM:1.0
__AllInOne__
30 community detected
NMI:1.0
ARM:1.0
__PLP__
PLP detected communities in 0.07815837860107422 [s]
solution properties:
-------------------  ----------
# communities         31
min community size     1
max community size   247
avg. community size  161.29
modularity             0.707793
-------------------  ----------
30 community detected
NMI:0.06603012589550472
ARM:0.07560150692680812
__NORMALIZATION__
__glove__
Network Properties for:		G#18cc
nodes, edges			4999, 33303
directed?			False
weighted?			True
isolated nodes			0
self-loops			0
density				0.002666
clustering coefficient		0.391060
min/max/avg degree		3, 237, 13.323865
degree assortativity		0.125698
number of connected components	1
size of largest component	4999 (100.00 %)
tot:  3816.210325828703
__glove+Louvain__
PLM(balanced,pc,turbo) detected communities in 0.214141845703125 [s]
solution properties:
-------------------  ----------
# communities         30
min community size   121
max community size   245
avg. community size  166.633
modularity             0.735373
-------------------  ----------
30 community detected
NMI:0.050815307696264855
ARM:0.0577393652286069
__glove+PLP__
PLP detected communities in 0.12945890426635742 [s]
solution properties:
-------------------  ----------
# communities         30
min community size   121
max community size   246
avg. community size  166.633
modularity             0.735371
-------------------  ----------
30 community detected
NMI:0.05155179063918425
ARM:0.05863877248233418
__fake_pmi__
Network Properties for:		G#34cc
nodes, edges			4999, 33303
directed?			False
weighted?			True
isolated nodes			0
self-loops			0
density				0.002666
clustering coefficient		0.391060
min/max/avg degree		3, 237, 13.323865
degree assortativity		0.125698
number of connected components	1
size of largest component	4999 (100.00 %)
tot:  0.0
__fake_pmi+Louvain__
1 community detected due to total edge weight equal 0
NMI:1
ARM:0.05863877248233418
__fake_pmi+PLP__
1 community detected due to total edge weight equal 0
NMI:1
ARM:0.05863877248233418
__iterative_rev_degree_order__
Network Properties for:		G#47cc
nodes, edges			4999, 33303
directed?			False
weighted?			True
isolated nodes			0
self-loops			0
density				0.002666
clustering coefficient		0.391060
min/max/avg degree		3, 237, 13.323865
degree assortativity		0.125698
number of connected components	1
size of largest component	4999 (100.00 %)
tot:  1702.4836074448085
__iterative_rev_degree_order+Louvain__
PLM(balanced,pc,turbo) detected communities in 0.7280497550964355 [s]
solution properties:
-------------------  ---------
# communities         68
min community size     2
max community size   187
avg. community size   73.5147
modularity             0.88159
-------------------  ---------
30 community detected
NMI:0.55716112164149
ARM:0.7483787517488363
__iterative_rev_degree_order+PLP__
PLP detected communities in 0.08317279815673828 [s]
solution properties:
-------------------  -----------
# communities        1513
min community size      2
max community size     23
avg. community size     3.30403
modularity              0.763772
-------------------  -----------
30 community detected
NMI:0.4540839900881527
ARM:0.9783133193281165
__pmi__
Network Properties for:		G#72cc
nodes, edges			4999, 33303
directed?			False
weighted?			True
isolated nodes			0
self-loops			0
density				0.002666
clustering coefficient		0.391060
min/max/avg degree		3, 237, 13.323865
degree assortativity		0.125698
number of connected components	1
size of largest component	4999 (100.00 %)
tot:  97309.61047926306
__pmi+Louvain__
PLM(balanced,pc,turbo) detected communities in 0.30751514434814453 [s]
solution properties:
-------------------  ----------
# communities         28
min community size   126
max community size   523
avg. community size  178.536
modularity             0.984038
-------------------  ----------
30 community detected
NMI:0.14243344113918266
ARM:0.2535683956730965
__pmi+PLP__
PLP detected communities in 0.16005682945251465 [s]
solution properties:
-------------------  ----------
# communities         89
min community size     2
max community size   203
avg. community size   56.1685
modularity             0.972286
-------------------  ----------
30 community detected
NMI:0.131286365895935
ARM:0.1777750792146514
__standard__
Network Properties for:		G#91cc
nodes, edges			4999, 33303
directed?			False
weighted?			True
isolated nodes			0
self-loops			0
density				0.002666
clustering coefficient		0.391060
min/max/avg degree		3, 237, 13.323865
degree assortativity		0.125698
number of connected components	1
size of largest component	4999 (100.00 %)
tot:  15.903931177740395
__standard+Louvain__
PLM(balanced,pc,turbo) detected communities in 0.6093363761901855 [s]
solution properties:
-------------------  ----------
# communities         51
min community size     2
max community size   505
avg. community size   98.0196
modularity             0.868186
-------------------  ----------
30 community detected
NMI:0.3597380215967092
ARM:0.4961229593413695
__standard+PLP__
PLP detected communities in 0.14238429069519043 [s]
solution properties:
-------------------  -----------
# communities        1142
min community size      2
max community size     92
avg. community size     4.37741
modularity              0.702673
-------------------  -----------
30 community detected
NMI:0.4112696343543216
ARM:0.8498416677521091
__ppmi__
Network Properties for:		G#113cc
nodes, edges			4999, 33303
directed?			False
weighted?			True
isolated nodes			0
self-loops			0
density				0.002666
clustering coefficient		0.391060
min/max/avg degree		3, 237, 13.323865
degree assortativity		0.125698
number of connected components	1
size of largest component	4999 (100.00 %)
tot:  135525.42941063986
__ppmi+Louvain__
PLM(balanced,pc,turbo) detected communities in 0.4442267417907715 [s]
solution properties:
-------------------  ----------
# communities         26
min community size   126
max community size   420
avg. community size  192.269
modularity             0.773718
-------------------  ----------
30 community detected
NMI:0.07072469499056999
ARM:0.18665113822171298
__ppmi+PLP__
PLP detected communities in 0.157792329788208 [s]
solution properties:
-------------------  ----------
# communities         60
min community size     1
max community size   216
avg. community size   83.3167
modularity             0.774054
-------------------  ----------
30 community detected
NMI:0.04594522911661558
ARM:0.05700698312544239
__glovexmax50alpha0.2__
Network Properties for:		G#132cc
nodes, edges			4999, 33303
directed?			False
weighted?			True
isolated nodes			0
self-loops			0
density				0.002666
clustering coefficient		0.391060
min/max/avg degree		3, 237, 13.323865
degree assortativity		0.125698
number of connected components	1
size of largest component	4999 (100.00 %)
tot:  17436.48707724031
__glovexmax50alpha0.2+Louvain__
PLM(balanced,pc,turbo) detected communities in 0.29958391189575195 [s]
solution properties:
-------------------  ----------
# communities         28
min community size   122
max community size   262
avg. community size  178.536
modularity             0.768498
-------------------  ----------
30 community detected
NMI:0.014745725894622086
ARM:0.043409489310403115
__glovexmax50alpha0.2+PLP__
PLP detected communities in 0.04168200492858887 [s]
solution properties:
-------------------  ----------
# communities         30
min community size   122
max community size   240
avg. community size  166.633
modularity             0.769863
-------------------  ----------
30 community detected
NMI:0.004950559839343782
ARM:0.005518891870331388
__glovexmax40alpha0.2__
Network Properties for:		G#151cc
nodes, edges			4999, 33303
directed?			False
weighted?			True
isolated nodes			0
self-loops			0
density				0.002666
clustering coefficient		0.391060
min/max/avg degree		3, 237, 13.323865
degree assortativity		0.125698
number of connected components	1
size of largest component	4999 (100.00 %)
tot:  18205.486756017737
__glovexmax40alpha0.2+Louvain__
PLM(balanced,pc,turbo) detected communities in 0.3033292293548584 [s]
solution properties:
-------------------  ---------
# communities         29
min community size   122
max community size   263
avg. community size  172.379
modularity             0.76956
-------------------  ---------
30 community detected
NMI:0.009417039171823127
ARM:0.024922635491635092
__glovexmax40alpha0.2+PLP__
PLP detected communities in 0.08437895774841309 [s]
solution properties:
-------------------  ----------
# communities         30
min community size   122
max community size   240
avg. community size  166.633
modularity             0.770117
-------------------  ----------
30 community detected
NMI:0.0049567679712380075
ARM:0.00556571471391254
__glovexmax30alpha0.3__
Network Properties for:		G#170cc
nodes, edges			4999, 33303
directed?			False
weighted?			True
isolated nodes			0
self-loops			0
density				0.002666
clustering coefficient		0.391060
min/max/avg degree		3, 237, 13.323865
degree assortativity		0.125698
number of connected components	1
size of largest component	4999 (100.00 %)
tot:  15920.035126459583
__glovexmax30alpha0.3+Louvain__
PLM(balanced,pc,turbo) detected communities in 0.3375380039215088 [s]
solution properties:
-------------------  --------
# communities         17
min community size   179
max community size   393
avg. community size  294.059
modularity             0.7496
-------------------  --------
30 community detected
NMI:0.10887244467516832
ARM:0.30241784901752533
__glovexmax30alpha0.3+PLP__
PLP detected communities in 0.10432028770446777 [s]
solution properties:
-------------------  ---------
# communities         30
min community size   121
max community size   241
avg. community size  166.633
modularity             0.76832
-------------------  ---------
30 community detected
NMI:0.01669975261913792
ARM:0.018788009113730797
