__LOADINGS__
Network Properties for:		network
nodes, edges			5000, 27604
directed?			False
weighted?			True
isolated nodes			0
self-loops			0
density				0.002209
clustering coefficient		0.290535
min/max/avg degree		1, 341, 11.041600
degree assortativity		0.233045
number of connected components	6
size of largest component	4984 (99.68 %)
236508.52028918432
__Groundtruth__
read communities from: ../../lfr_5000/mk500/k15/muw0.3/1/community.dat
-------------------  ----------
# communities         51
min community size     3
max community size   469
avg. community size   98.0392
modularity             0.475463
-------------------  ----------
51 community detected
__CLASSIC_METHODS__
__Louvain__
PLM(balanced,pc,turbo) detected communities in 0.548790454864502 [s]
solution properties:
-------------------  ----------
# communities         27
min community size     3
max community size   501
avg. community size  185.185
modularity             0.491822
-------------------  ----------
51 community detected
NMI:0.2663095671996486
ARM:0.3338984111223454
__Singleton__
51 community detected
NMI:0.45964250499882586
ARM:1.0
__AllInOne__
51 community detected
NMI:1.0
ARM:1.0
__PLP__
PLP detected communities in 0.1407766342163086 [s]
solution properties:
-------------------  ----------
# communities         82
min community size     1
max community size   527
avg. community size   60.9756
modularity             0.486324
-------------------  ----------
51 community detected
NMI:0.22913647838980833
ARM:0.28629753235209265
__NORMALIZATION__
__glove__
Network Properties for:		G#24cc
nodes, edges			4984, 27588
directed?			False
weighted?			True
isolated nodes			0
self-loops			0
density				0.002222
clustering coefficient		0.289060
min/max/avg degree		1, 341, 11.070626
degree assortativity		0.232721
number of connected components	1
size of largest component	4984 (100.00 %)
tot:  3321.238213128721
__glove+Louvain__
PLM(balanced,pc,turbo) detected communities in 0.6693918704986572 [s]
solution properties:
-------------------  ----------
# communities         21
min community size     9
max community size   488
avg. community size  237.333
modularity             0.551087
-------------------  ----------
51 community detected
NMI:0.9692829536194703
ARM:0.9994414157884043
__glove+PLP__
PLP detected communities in 0.13904690742492676 [s]
solution properties:
-------------------  ----------
# communities         76
min community size     2
max community size   520
avg. community size   65.5789
modularity             0.542332
-------------------  ----------
51 community detected
NMI:0.9400731183281937
ARM:0.9991638435226886
__fake_pmi__
Network Properties for:		G#46cc
nodes, edges			4984, 27588
directed?			False
weighted?			True
isolated nodes			0
self-loops			0
density				0.002222
clustering coefficient		0.289060
min/max/avg degree		1, 341, 11.070626
degree assortativity		0.232721
number of connected components	1
size of largest component	4984 (100.00 %)
tot:  0.0
__fake_pmi+Louvain__
1 community detected due to total edge weight equal 0
NMI:1
ARM:0.9991638435226886
__fake_pmi+PLP__
1 community detected due to total edge weight equal 0
NMI:1
ARM:0.9991638435226886
__iterative_rev_degree_order__
Network Properties for:		G#59cc
nodes, edges			4984, 27588
directed?			False
weighted?			True
isolated nodes			0
self-loops			0
density				0.002222
clustering coefficient		0.289060
min/max/avg degree		1, 341, 11.070626
degree assortativity		0.232721
number of connected components	1
size of largest component	4984 (100.00 %)
tot:  1671.0147889919067
__iterative_rev_degree_order+Louvain__
PLM(balanced,pc,turbo) detected communities in 0.7302207946777344 [s]
solution properties:
-------------------  ----------
# communities        134
min community size     2
max community size   136
avg. community size   37.194
modularity             0.933603
-------------------  ----------
51 community detected
NMI:0.8918558158206984
ARM:1.0001703520732959
__iterative_rev_degree_order+PLP__
PLP detected communities in 0.08952593803405762 [s]
solution properties:
-------------------  -----------
# communities        1447
min community size      2
max community size     22
avg. community size     3.44437
modularity              0.849146
-------------------  -----------
51 community detected
NMI:0.6300267980976848
ARM:1.0000686317264453
__pmi__
Network Properties for:		G#84cc
nodes, edges			4984, 27588
directed?			False
weighted?			True
isolated nodes			0
self-loops			0
density				0.002222
clustering coefficient		0.289060
min/max/avg degree		1, 341, 11.070626
degree assortativity		0.232721
number of connected components	1
size of largest component	4984 (100.00 %)
tot:  36581.03939134369
__pmi+Louvain__
PLM(balanced,pc,turbo) detected communities in 0.5493829250335693 [s]
solution properties:
-------------------  ---------
# communities         36
min community size     3
max community size   398
avg. community size  138.444
modularity             1.66615
-------------------  ---------
51 community detected
NMI:0.9590017025370147
ARM:1.0001140388318515
__pmi+PLP__
PLP detected communities in 0.16515159606933594 [s]
solution properties:
-------------------  ---------
# communities        951
min community size     1
max community size   176
avg. community size    5.2408
modularity             1.22721
-------------------  ---------
51 community detected
NMI:0.7086005206958633
ARM:0.9994522360412808
__standard__
Network Properties for:		G#106cc
nodes, edges			4984, 27588
directed?			False
weighted?			True
isolated nodes			0
self-loops			0
density				0.002222
clustering coefficient		0.289060
min/max/avg degree		1, 341, 11.070626
degree assortativity		0.232721
number of connected components	1
size of largest component	4984 (100.00 %)
tot:  40.81822802214929
__standard+Louvain__
PLM(balanced,pc,turbo) detected communities in 0.64229416847229 [s]
solution properties:
-------------------  ----------
# communities        119
min community size     2
max community size   898
avg. community size   41.8824
modularity             0.948418
-------------------  ----------
51 community detected
NMI:0.9033337326550706
ARM:0.9986292738285322
__standard+PLP__
PLP detected communities in 0.09396648406982422 [s]
solution properties:
-------------------  -----------
# communities        1191
min community size      2
max community size     75
avg. community size     4.18472
modularity              0.841972
-------------------  -----------
51 community detected
NMI:0.6633029167265244
ARM:0.9999463017446281
__ppmi__
Network Properties for:		G#128cc
nodes, edges			4984, 27588
directed?			False
weighted?			True
isolated nodes			0
self-loops			0
density				0.002222
clustering coefficient		0.289060
min/max/avg degree		1, 341, 11.070626
degree assortativity		0.232721
number of connected components	1
size of largest component	4984 (100.00 %)
tot:  96650.37024319018
__ppmi+Louvain__
PLM(balanced,pc,turbo) detected communities in 0.4703338146209717 [s]
solution properties:
-------------------  ---------
# communities         38
min community size     7
max community size   400
avg. community size  131.158
modularity             0.68196
-------------------  ---------
51 community detected
NMI:0.9553758595615405
ARM:0.9997285723395593
__ppmi+PLP__
PLP detected communities in 0.19866299629211426 [s]
solution properties:
-------------------  ----------
# communities        832
min community size     1
max community size   213
avg. community size    5.99038
modularity             0.519887
-------------------  ----------
51 community detected
NMI:0.7332298052115946
ARM:0.9994692710412951
__glovexmax50alpha0.2__
Network Properties for:		G#150cc
nodes, edges			4984, 27588
directed?			False
weighted?			True
isolated nodes			0
self-loops			0
density				0.002222
clustering coefficient		0.289060
min/max/avg degree		1, 341, 11.070626
degree assortativity		0.232721
number of connected components	1
size of largest component	4984 (100.00 %)
tot:  13492.38646033549
__glovexmax50alpha0.2+Louvain__
PLM(balanced,pc,turbo) detected communities in 0.6778817176818848 [s]
solution properties:
-------------------  ----------
# communities         24
min community size     5
max community size   442
avg. community size  207.667
modularity             0.629261
-------------------  ----------
51 community detected
NMI:0.9673018290033749
ARM:0.9995144001342894
__glovexmax50alpha0.2+PLP__
PLP detected communities in 0.12888503074645996 [s]
solution properties:
-------------------  ----------
# communities         77
min community size     1
max community size   465
avg. community size   64.7273
modularity             0.623841
-------------------  ----------
51 community detected
NMI:0.9411166272471321
ARM:0.9990566709113952
__glovexmax40alpha0.2__
Network Properties for:		G#172cc
nodes, edges			4984, 27588
directed?			False
weighted?			True
isolated nodes			0
self-loops			0
density				0.002222
clustering coefficient		0.289060
min/max/avg degree		1, 341, 11.070626
degree assortativity		0.232721
number of connected components	1
size of largest component	4984 (100.00 %)
tot:  14065.132011821825
__glovexmax40alpha0.2+Louvain__
PLM(balanced,pc,turbo) detected communities in 0.602083683013916 [s]
solution properties:
-------------------  ----------
# communities         25
min community size     5
max community size   442
avg. community size  199.36
modularity             0.630155
-------------------  ----------
51 community detected
NMI:0.9664326887914277
ARM:0.9994720521348517
__glovexmax40alpha0.2+PLP__
PLP detected communities in 0.10407567024230957 [s]
solution properties:
-------------------  ---------
# communities         74
min community size     1
max community size   465
avg. community size   67.3514
modularity             0.62555
-------------------  ---------
51 community detected
NMI:0.9426077281893795
ARM:0.9991386018402735
__glovexmax30alpha0.3__
Network Properties for:		G#194cc
nodes, edges			4984, 27588
directed?			False
weighted?			True
isolated nodes			0
self-loops			0
density				0.002222
clustering coefficient		0.289060
min/max/avg degree		1, 341, 11.070626
degree assortativity		0.232721
number of connected components	1
size of largest component	4984 (100.00 %)
tot:  12273.01383164317
__glovexmax30alpha0.3+Louvain__
PLM(balanced,pc,turbo) detected communities in 0.5411906242370605 [s]
solution properties:
-------------------  ----------
# communities         26
min community size    10
max community size   457
avg. community size  191.692
modularity             0.625164
-------------------  ----------
51 community detected
NMI:0.9650897537789394
ARM:0.9995253756137095
__glovexmax30alpha0.3+PLP__
PLP detected communities in 0.07041239738464355 [s]
solution properties:
-------------------  ----------
# communities         71
min community size     1
max community size   469
avg. community size   70.1972
modularity             0.619364
-------------------  ----------
51 community detected
NMI:0.9436943873914434
ARM:0.9991385856937218
