__LOADINGS__
Network Properties for:		network
nodes, edges			5000, 33303
directed?			False
weighted?			True
isolated nodes			1
self-loops			0
density				0.002665
clustering coefficient		0.390982
min/max/avg degree		0, 237, 13.321200
degree assortativity		0.125698
number of connected components	2
size of largest component	4999 (99.98 %)
241720.1186862698
__Groundtruth__
read communities from: ../../lfr_5000/mk300/k15/muw0.2/28/community.dat
-------------------  ----------
# communities         30
min community size   122
max community size   240
avg. community size  166.667
modularity             0.704068
-------------------  ----------
30 community detected
__CLASSIC_METHODS__
__Louvain__
PLM(balanced,pc,turbo) detected communities in 0.14983844757080078 [s]
solution properties:
-------------------  ----------
# communities         31
min community size     1
max community size   247
avg. community size  161.29
modularity             0.707794
-------------------  ----------
30 community detected
NMI:0.06551592286998753
ARM:0.07489958219935744
__Singleton__
30 community detected
NMI:0.43129281532966113
ARM:1.0
__AllInOne__
30 community detected
NMI:1.0
ARM:1.0
__PLP__
PLP detected communities in 0.058968544006347656 [s]
solution properties:
-------------------  ----------
# communities         31
min community size     1
max community size   247
avg. community size  161.29
modularity             0.707794
-------------------  ----------
30 community detected
NMI:0.06576398795805027
ARM:0.07528815321951643
__NORMALIZATION__
__glove__
Network Properties for:		G#18cc
nodes, edges			4999, 33303
directed?			False
weighted?			True
isolated nodes			0
self-loops			0
density				0.002666
clustering coefficient		0.391060
min/max/avg degree		3, 237, 13.323865
degree assortativity		0.125698
number of connected components	1
size of largest component	4999 (100.00 %)
tot:  3816.210325828703
__glove+Louvain__
PLM(balanced,pc,turbo) detected communities in 0.1475210189819336 [s]
solution properties:
-------------------  ----------
# communities         30
min community size   121
max community size   245
avg. community size  166.633
modularity             0.735373
-------------------  ----------
30 community detected
NMI:0.050815307696264744
ARM:0.0577393652286069
__glove+PLP__
PLP detected communities in 0.06380367279052734 [s]
solution properties:
-------------------  ----------
# communities         30
min community size   121
max community size   246
avg. community size  166.633
modularity             0.735371
-------------------  ----------
30 community detected
NMI:0.05155179063918447
ARM:0.05863877248233418
__fake_pmi__
Network Properties for:		G#34cc
nodes, edges			4999, 33303
directed?			False
weighted?			True
isolated nodes			0
self-loops			0
density				0.002666
clustering coefficient		0.391060
min/max/avg degree		3, 237, 13.323865
degree assortativity		0.125698
number of connected components	1
size of largest component	4999 (100.00 %)
tot:  0.0
__fake_pmi+Louvain__
1 community detected due to total edge weight equal 0
NMI:1
ARM:0.05863877248233418
__fake_pmi+PLP__
1 community detected due to total edge weight equal 0
NMI:1
ARM:0.05863877248233418
__iterative_rev_degree_order__
Network Properties for:		G#47cc
nodes, edges			4999, 33303
directed?			False
weighted?			True
isolated nodes			0
self-loops			0
density				0.002666
clustering coefficient		0.391060
min/max/avg degree		3, 237, 13.323865
degree assortativity		0.125698
number of connected components	1
size of largest component	4999 (100.00 %)
tot:  1702.4836074448085
__iterative_rev_degree_order+Louvain__
PLM(balanced,pc,turbo) detected communities in 0.6357343196868896 [s]
solution properties:
-------------------  ----------
# communities         53
min community size     2
max community size   201
avg. community size   94.3208
modularity             0.881075
-------------------  ----------
30 community detected
NMI:0.5679226090512535
ARM:0.7453040379143714
__iterative_rev_degree_order+PLP__
PLP detected communities in 0.06916379928588867 [s]
solution properties:
-------------------  -----------
# communities        1516
min community size      2
max community size     23
avg. community size     3.29749
modularity              0.763516
-------------------  -----------
30 community detected
NMI:0.4540785089548427
ARM:0.978502910777446
__pmi__
Network Properties for:		G#72cc
nodes, edges			4999, 33303
directed?			False
weighted?			True
isolated nodes			0
self-loops			0
density				0.002666
clustering coefficient		0.391060
min/max/avg degree		3, 237, 13.323865
degree assortativity		0.125698
number of connected components	1
size of largest component	4999 (100.00 %)
tot:  97309.61047926306
__pmi+Louvain__
PLM(balanced,pc,turbo) detected communities in 0.23448729515075684 [s]
solution properties:
-------------------  ----------
# communities         27
min community size   126
max community size   525
avg. community size  185.148
modularity             0.983642
-------------------  ----------
30 community detected
NMI:0.1499248688927839
ARM:0.2845823721620152
__pmi+PLP__
PLP detected communities in 0.13651776313781738 [s]
solution properties:
-------------------  ----------
# communities         92
min community size     1
max community size   208
avg. community size   54.337
modularity             0.972157
-------------------  ----------
30 community detected
NMI:0.12924008892718064
ARM:0.17339546525582394
__standard__
Network Properties for:		G#91cc
nodes, edges			4999, 33303
directed?			False
weighted?			True
isolated nodes			0
self-loops			0
density				0.002666
clustering coefficient		0.391060
min/max/avg degree		3, 237, 13.323865
degree assortativity		0.125698
number of connected components	1
size of largest component	4999 (100.00 %)
tot:  15.903931177740395
__standard+Louvain__
PLM(balanced,pc,turbo) detected communities in 0.48117685317993164 [s]
solution properties:
-------------------  ----------
# communities         55
min community size     2
max community size   228
avg. community size   90.8909
modularity             0.869203
-------------------  ----------
30 community detected
NMI:0.3451726734386622
ARM:0.44657287607845364
__standard+PLP__
PLP detected communities in 0.10015010833740234 [s]
solution properties:
-------------------  -----------
# communities        1143
min community size      1
max community size     92
avg. community size     4.37358
modularity              0.702633
-------------------  -----------
30 community detected
NMI:0.41133107650451606
ARM:0.8500911890453553
__ppmi__
Network Properties for:		G#113cc
nodes, edges			4999, 33303
directed?			False
weighted?			True
isolated nodes			0
self-loops			0
density				0.002666
clustering coefficient		0.391060
min/max/avg degree		3, 237, 13.323865
degree assortativity		0.125698
number of connected components	1
size of largest component	4999 (100.00 %)
tot:  135525.42941063986
__ppmi+Louvain__
PLM(balanced,pc,turbo) detected communities in 0.3585474491119385 [s]
solution properties:
-------------------  ----------
# communities         28
min community size   123
max community size   400
avg. community size  178.536
modularity             0.775553
-------------------  ----------
30 community detected
NMI:0.055373460683490805
ARM:0.11690127577569687
__ppmi+PLP__
PLP detected communities in 0.1173856258392334 [s]
solution properties:
-------------------  ----------
# communities         56
min community size     2
max community size   216
avg. community size   89.2679
modularity             0.774591
-------------------  ----------
30 community detected
NMI:0.04506013364903494
ARM:0.0560432570754168
__glovexmax50alpha0.2__
Network Properties for:		G#132cc
nodes, edges			4999, 33303
directed?			False
weighted?			True
isolated nodes			0
self-loops			0
density				0.002666
clustering coefficient		0.391060
min/max/avg degree		3, 237, 13.323865
degree assortativity		0.125698
number of connected components	1
size of largest component	4999 (100.00 %)
tot:  17436.48707724031
__glovexmax50alpha0.2+Louvain__
PLM(balanced,pc,turbo) detected communities in 0.4294121265411377 [s]
solution properties:
-------------------  ----------
# communities         26
min community size   141
max community size   280
avg. community size  192.269
modularity             0.766835
-------------------  ----------
30 community detected
NMI:0.02600066018523295
ARM:0.08131146658170074
__glovexmax50alpha0.2+PLP__
PLP detected communities in 0.11260795593261719 [s]
solution properties:
-------------------  ----------
# communities         30
min community size   122
max community size   240
avg. community size  166.633
modularity             0.769895
-------------------  ----------
30 community detected
NMI:0.0045943487215885925
ARM:0.005151523942136582
__glovexmax40alpha0.2__
Network Properties for:		G#151cc
nodes, edges			4999, 33303
directed?			False
weighted?			True
isolated nodes			0
self-loops			0
density				0.002666
clustering coefficient		0.391060
min/max/avg degree		3, 237, 13.323865
degree assortativity		0.125698
number of connected components	1
size of largest component	4999 (100.00 %)
tot:  18205.486756017737
__glovexmax40alpha0.2+Louvain__
PLM(balanced,pc,turbo) detected communities in 0.3104381561279297 [s]
solution properties:
-------------------  ----------
# communities         30
min community size   122
max community size   240
avg. community size  166.633
modularity             0.770151
-------------------  ----------
30 community detected
NMI:0.003980011081304191
ARM:0.0045134230216000715
__glovexmax40alpha0.2+PLP__
PLP detected communities in 0.11780309677124023 [s]
solution properties:
-------------------  ----------
# communities         30
min community size   122
max community size   240
avg. community size  166.633
modularity             0.770126
-------------------  ----------
30 community detected
NMI:0.0045943487215885925
ARM:0.005151523942136582
__glovexmax30alpha0.3__
Network Properties for:		G#170cc
nodes, edges			4999, 33303
directed?			False
weighted?			True
isolated nodes			0
self-loops			0
density				0.002666
clustering coefficient		0.391060
min/max/avg degree		3, 237, 13.323865
degree assortativity		0.125698
number of connected components	1
size of largest component	4999 (100.00 %)
tot:  15920.035126459583
__glovexmax30alpha0.3+Louvain__
PLM(balanced,pc,turbo) detected communities in 0.37689971923828125 [s]
solution properties:
-------------------  ----------
# communities         27
min community size   129
max community size   269
avg. community size  185.148
modularity             0.766123
-------------------  ----------
30 community detected
NMI:0.03280925620149622
ARM:0.07464615856260248
__glovexmax30alpha0.3+PLP__
PLP detected communities in 0.13786530494689941 [s]
solution properties:
-------------------  ----------
# communities         32
min community size     1
max community size   242
avg. community size  156.219
modularity             0.763422
-------------------  ----------
30 community detected
NMI:0.0207363720759961
ARM:0.02503636502600448
