__LOADINGS__
4990/52384 9.525809407452657 % of nul weighted edges removed
0/5000 0.0 % of nul degree nodes removed
Network Properties for:		network
nodes, edges			5000, 47394
directed?			False
weighted?			True
isolated nodes			0
self-loops			0
density				0.003792
clustering coefficient		0.460965
min/max/avg degree		1, 386, 18.957600
degree assortativity		0.195578
number of connected components	8
size of largest component	4962 (99.24 %)
425748.560164296
__Groundtruth__
read communities from: ../../lfr_5000/mk500/k20/muw0.2/8/community.dat
-------------------  ----------
# communities         46
min community size     5
max community size   472
avg. community size  108.696
modularity             0.636866
-------------------  ----------
46 community detected
__CLASSIC_METHODS__
__Louvain__
PLM(balanced,pc,turbo) detected communities in 0.37799644470214844 [s]
solution properties:
-------------------  ----------
# communities         28
min community size     5
max community size   491
avg. community size  178.571
modularity             0.638217
-------------------  ----------
46 community detected
NMI:0.061016715556006074
ARI:0.0629549798401835
__Singleton__
46 community detected
NMI:0.4646126258031138
ARI:1.0
__AllInOne__
46 community detected
NMI:1.0
ARI:1.0
__PLP__
PLP detected communities in 0.13227343559265137 [s]
solution properties:
-------------------  ----------
# communities         46
min community size     5
max community size   487
avg. community size  108.696
modularity             0.638115
-------------------  ----------
46 community detected
NMI:0.03147139515522124
ARI:0.04029726346848039
__NORMALIZATION__
__glove__
Network Properties for:		G#21
nodes, edges			5000, 47394
directed?			False
weighted?			True
isolated nodes			0
self-loops			0
density				0.003792
clustering coefficient		0.460965
min/max/avg degree		1, 386, 18.957600
degree assortativity		0.195578
number of connected components	8
size of largest component	4962 (99.24 %)
tot:  6237.722888710514
__glove+Louvain__
PLM(balanced,pc,turbo) detected communities in 0.3793008327484131 [s]
solution properties:
-------------------  ----------
# communities         36
min community size     5
max community size   480
avg. community size  138.889
modularity             0.676923
-------------------  ----------
46 community detected
NMI:0.03051895555478057
ARI:0.03019641571470144
__glove+PLP__
PLP detected communities in 0.030301809310913086 [s]
solution properties:
-------------------  ---------
# communities         46
min community size     5
max community size   482
avg. community size  108.696
modularity             0.67677
-------------------  ---------
46 community detected
NMI:0.02135907154041039
ARI:0.026679915881539173
__fake_pmi__
Network Properties for:		G#30
nodes, edges			5000, 47394
directed?			False
weighted?			True
isolated nodes			0
self-loops			0
density				0.003792
clustering coefficient		0.460965
min/max/avg degree		1, 386, 18.957600
degree assortativity		0.195578
number of connected components	8
size of largest component	4962 (99.24 %)
tot:  0.0
__fake_pmi+Louvain__
1 community detected due to total edge weight equal 0
NMI:1
ARI:1
__fake_pmi+PLP__
1 community detected due to total edge weight equal 0
NMI:1
ARI:1
__iterative_rev_degree_order__
Network Properties for:		G#33
nodes, edges			5000, 47394
directed?			False
weighted?			True
isolated nodes			0
self-loops			0
density				0.003792
clustering coefficient		0.460965
min/max/avg degree		1, 386, 18.957600
degree assortativity		0.195578
number of connected components	8
size of largest component	4962 (99.24 %)
tot:  1587.2621524278704
__iterative_rev_degree_order+Louvain__
PLM(balanced,pc,turbo) detected communities in 0.7431550025939941 [s]
solution properties:
-------------------  ----------
# communities         98
min community size     2
max community size   203
avg. community size   51.0204
modularity             0.882083
-------------------  ----------
46 community detected
NMI:0.5865364134575798
ARI:0.860329726025816
__iterative_rev_degree_order+PLP__
PLP detected communities in 0.08247971534729004 [s]
solution properties:
-------------------  -----------
# communities        1456
min community size      2
max community size     20
avg. community size     3.43407
modularity              0.759049
-------------------  -----------
46 community detected
NMI:0.4950020651758499
ARI:0.9877407390311518
__pmi__
Network Properties for:		G#48
nodes, edges			5000, 47394
directed?			False
weighted?			True
isolated nodes			0
self-loops			0
density				0.003792
clustering coefficient		0.460965
min/max/avg degree		1, 386, 18.957600
degree assortativity		0.195578
number of connected components	8
size of largest component	4962 (99.24 %)
tot:  80348.11074795283
__pmi+Louvain__
PLM(balanced,pc,turbo) detected communities in 0.5297465324401855 [s]
solution properties:
-------------------  ---------
# communities         41
min community size     5
max community size   849
avg. community size  121.951
modularity             1.35118
-------------------  ---------
46 community detected
NMI:0.21877061851915192
ARI:0.3748026044941657
__pmi+PLP__
PLP detected communities in 0.2595500946044922 [s]
solution properties:
-------------------  --------
# communities         96
min community size     2
max community size   653
avg. community size   52.0833
modularity             1.3317
-------------------  --------
46 community detected
NMI:0.19108972244966438
ARI:0.3121813696699166
__standard__
Network Properties for:		G#57
nodes, edges			5000, 47394
directed?			False
weighted?			True
isolated nodes			0
self-loops			0
density				0.003792
clustering coefficient		0.460965
min/max/avg degree		1, 386, 18.957600
degree assortativity		0.195578
number of connected components	8
size of largest component	4962 (99.24 %)
tot:  15.635729425781912
__standard+Louvain__
PLM(balanced,pc,turbo) detected communities in 0.72637939453125 [s]
solution properties:
-------------------  ----------
# communities         51
min community size     2
max community size   872
avg. community size   98.0392
modularity             0.923969
-------------------  ----------
46 community detected
NMI:0.39707825207816616
ARI:0.6113337280644373
__standard+PLP__
PLP detected communities in 0.17270708084106445 [s]
solution properties:
-------------------  ----------
# communities        862
min community size     1
max community size   197
avg. community size    5.80046
modularity             0.798392
-------------------  ----------
46 community detected
NMI:0.4499009634296671
ARI:0.8464628343645038
__ppmi__
Network Properties for:		G#69
nodes, edges			5000, 47394
directed?			False
weighted?			True
isolated nodes			0
self-loops			0
density				0.003792
clustering coefficient		0.460965
min/max/avg degree		1, 386, 18.957600
degree assortativity		0.195578
number of connected components	8
size of largest component	4962 (99.24 %)
tot:  158546.44867401113
__ppmi+Louvain__
PLM(balanced,pc,turbo) detected communities in 0.4089541435241699 [s]
solution properties:
-------------------  ----------
# communities         41
min community size     5
max community size   468
avg. community size  121.951
modularity             0.772616
-------------------  ----------
46 community detected
NMI:0.058989796889059476
ARI:0.07065780335934646
__ppmi+PLP__
PLP detected communities in 0.1544327735900879 [s]
solution properties:
-------------------  ----------
# communities         53
min community size     2
max community size   750
avg. community size   94.3396
modularity             0.767783
-------------------  ----------
46 community detected
NMI:0.036875572870588624
ARI:0.1149198687875358
__glovexmax50alpha0.2__
Network Properties for:		G#78
nodes, edges			5000, 47394
directed?			False
weighted?			True
isolated nodes			0
self-loops			0
density				0.003792
clustering coefficient		0.460965
min/max/avg degree		1, 386, 18.957600
degree assortativity		0.195578
number of connected components	8
size of largest component	4962 (99.24 %)
tot:  24830.85282458567
__glovexmax50alpha0.2+Louvain__
PLM(balanced,pc,turbo) detected communities in 0.3564910888671875 [s]
solution properties:
-------------------  ----------
# communities         38
min community size     5
max community size   472
avg. community size  131.579
modularity             0.737087
-------------------  ----------
46 community detected
NMI:0.008197060255366595
ARI:0.003844995227327952
__glovexmax50alpha0.2+PLP__
PLP detected communities in 0.0832970142364502 [s]
solution properties:
-------------------  ----------
# communities         46
min community size     5
max community size   472
avg. community size  108.696
modularity             0.736974
-------------------  ----------
46 community detected
NMI:0.0
ARI:0.0
__glovexmax40alpha0.2__
Network Properties for:		G#87
nodes, edges			5000, 47394
directed?			False
weighted?			True
isolated nodes			0
self-loops			0
density				0.003792
clustering coefficient		0.460965
min/max/avg degree		1, 386, 18.957600
degree assortativity		0.195578
number of connected components	8
size of largest component	4962 (99.24 %)
tot:  25883.972184888327
__glovexmax40alpha0.2+Louvain__
PLM(balanced,pc,turbo) detected communities in 0.35868263244628906 [s]
solution properties:
-------------------  ----------
# communities         38
min community size     5
max community size   472
avg. community size  131.579
modularity             0.737761
-------------------  ----------
46 community detected
NMI:0.008472608056262376
ARI:0.004226824845457888
__glovexmax40alpha0.2+PLP__
PLP detected communities in 0.09488129615783691 [s]
solution properties:
-------------------  ---------
# communities         46
min community size     5
max community size   472
avg. community size  108.696
modularity             0.73766
-------------------  ---------
46 community detected
NMI:0.0
ARI:0.0
__glovexmax30alpha0.3__
Network Properties for:		G#96
nodes, edges			5000, 47394
directed?			False
weighted?			True
isolated nodes			0
self-loops			0
density				0.003792
clustering coefficient		0.460965
min/max/avg degree		1, 386, 18.957600
degree assortativity		0.195578
number of connected components	8
size of largest component	4962 (99.24 %)
tot:  22828.913502547508
__glovexmax30alpha0.3+Louvain__
PLM(balanced,pc,turbo) detected communities in 0.31128907203674316 [s]
solution properties:
-------------------  ----------
# communities         30
min community size     5
max community size   480
avg. community size  166.667
modularity             0.733941
-------------------  ----------
46 community detected
NMI:0.027222810751812654
ARI:0.02214095582834208
__glovexmax30alpha0.3+PLP__
PLP detected communities in 0.05265331268310547 [s]
solution properties:
-------------------  ----------
# communities         46
min community size     5
max community size   472
avg. community size  108.696
modularity             0.734158
-------------------  ----------
46 community detected
NMI:0.002176704562526055
ARI:0.002529377706080971
NMI classement:
[('NMIglovexmax50alpha0.2+PLP', 0.0), ('NMIglovexmax40alpha0.2+PLP', 0.0), ('NMIglovexmax30alpha0.3+PLP', 0.002176704562526055), ('NMIglovexmax50alpha0.2+Louvain', 0.008197060255366595), ('NMIglovexmax40alpha0.2+Louvain', 0.008472608056262376), ('NMIglove+PLP', 0.02135907154041039), ('NMIglovexmax30alpha0.3+Louvain', 0.027222810751812654), ('NMIglove+Louvain', 0.03051895555478057), ('NMIPLP', 0.03147139515522124), ('NMIppmi+PLP', 0.036875572870588624), ('NMIppmi+Louvain', 0.058989796889059476), ('NMILouvain', 0.061016715556006074), ('NMIpmi+PLP', 0.19108972244966438), ('NMIpmi+Louvain', 0.21877061851915192), ('NMIstandard+Louvain', 0.39707825207816616), ('NMIstandard+PLP', 0.4499009634296671), ('NMISingleton', 0.4646126258031138), ('NMIiterative_rev_degree_order+PLP', 0.4950020651758499), ('NMIiterative_rev_degree_order+Louvain', 0.5865364134575798), ('NMIAllInOne', 1.0), ('NMIfake_pmi+Louvain', 1), ('NMIfake_pmi+PLP', 1)]
ARI classement:
[('ARIglovexmax50alpha0.2+PLP', 0.0), ('ARIglovexmax40alpha0.2+PLP', 0.0), ('ARIglovexmax30alpha0.3+PLP', 0.002529377706080971), ('ARIglovexmax50alpha0.2+Louvain', 0.003844995227327952), ('ARIglovexmax40alpha0.2+Louvain', 0.004226824845457888), ('ARIglovexmax30alpha0.3+Louvain', 0.02214095582834208), ('ARIglove+PLP', 0.026679915881539173), ('ARIglove+Louvain', 0.03019641571470144), ('ARIPLP', 0.04029726346848039), ('ARILouvain', 0.0629549798401835), ('ARIppmi+Louvain', 0.07065780335934646), ('ARIppmi+PLP', 0.1149198687875358), ('ARIpmi+PLP', 0.3121813696699166), ('ARIpmi+Louvain', 0.3748026044941657), ('ARIstandard+Louvain', 0.6113337280644373), ('ARIstandard+PLP', 0.8464628343645038), ('ARIiterative_rev_degree_order+Louvain', 0.860329726025816), ('ARIiterative_rev_degree_order+PLP', 0.9877407390311518), ('ARISingleton', 1.0), ('ARIAllInOne', 1.0), ('ARIfake_pmi+Louvain', 1), ('ARIfake_pmi+PLP', 1)]
