__LOADINGS__
4976/36126 13.774013176105852 % of nul weighted edges removed
1/5000 0.02 % of nul degree nodes removed
Network Properties for:		network
nodes, edges			4999, 31150
directed?			False
weighted?			True
isolated nodes			1
self-loops			0
density				0.002493
clustering coefficient		0.268457
min/max/avg degree		0, 76, 12.462492
degree assortativity		0.339588
number of connected components	1
size of largest component	4999 (100.00 %)
166777.49922952824
__Groundtruth__
read communities from: ../../lfr_5000/mk100/k15/muw0.3/46/community.dat
-------------------  ----------
# communities        104
min community size    20
max community size    99
avg. community size   48.0769
modularity             0.689347
-------------------  ----------
104 community detected
__CLASSIC_METHODS__
__Louvain__
PLM(balanced,pc,turbo) detected communities in 0.3557851314544678 [s]
solution properties:
-------------------  ----------
# communities         51
min community size    64
max community size   153
avg. community size   98.0196
modularity             0.694118
-------------------  ----------
104 community detected
NMI:0.10779026498739863
ARI:0.3244827076182364
__Singleton__
104 community detected
NMI:0.3047653125958609
ARI:1.0
__AllInOne__
104 community detected
NMI:1.0
ARI:1.0
__PLP__
PLP detected communities in 0.1522815227508545 [s]
solution properties:
-------------------  ----------
# communities        112
min community size     1
max community size   104
avg. community size   44.6429
modularity             0.690052
-------------------  ----------
104 community detected
NMI:0.03555161921784711
ARI:0.06963688736569884
__NORMALIZATION__
__glove__
Network Properties for:		G#21
nodes, edges			4999, 31150
directed?			False
weighted?			True
isolated nodes			1
self-loops			0
density				0.002493
clustering coefficient		0.268457
min/max/avg degree		0, 76, 12.462492
degree assortativity		0.339588
number of connected components	1
size of largest component	4999 (100.00 %)
tot:  3241.026607300015
__glove+Louvain__
PLM(balanced,pc,turbo) detected communities in 0.42980527877807617 [s]
solution properties:
-------------------  ----------
# communities         53
min community size    37
max community size   148
avg. community size   94.3208
modularity             0.702008
-------------------  ----------
104 community detected
NMI:0.09210994561583608
ARI:0.2908765521704839
__glove+PLP__
PLP detected communities in 0.10519695281982422 [s]
solution properties:
-------------------  ----------
# communities        109
min community size     1
max community size   102
avg. community size   45.8716
modularity             0.699124
-------------------  ----------
104 community detected
NMI:0.022780529185407294
ARI:0.04520035643870024
__fake_pmi__
Network Properties for:		G#30
nodes, edges			4999, 31150
directed?			False
weighted?			True
isolated nodes			1
self-loops			0
density				0.002493
clustering coefficient		0.268457
min/max/avg degree		0, 76, 12.462492
degree assortativity		0.339588
number of connected components	1
size of largest component	4999 (100.00 %)
tot:  0.0
__fake_pmi+Louvain__
1 community detected due to total edge weight equal 0
NMI:1
ARI:1
__fake_pmi+PLP__
1 community detected due to total edge weight equal 0
NMI:1
ARI:1
__iterative_rev_degree_order__
Network Properties for:		G#33
nodes, edges			4999, 31150
directed?			False
weighted?			True
isolated nodes			1
self-loops			0
density				0.002493
clustering coefficient		0.268457
min/max/avg degree		0, 76, 12.462492
degree assortativity		0.339588
number of connected components	1
size of largest component	4999 (100.00 %)
tot:  1470.2034249451071
__iterative_rev_degree_order+Louvain__
PLM(balanced,pc,turbo) detected communities in 0.6865882873535156 [s]
solution properties:
-------------------  ----------
# communities         69
min community size    26
max community size   139
avg. community size   72.4493
modularity             0.822086
-------------------  ----------
104 community detected
NMI:0.5146835287493391
ARI:0.8484183037568995
__iterative_rev_degree_order+PLP__
PLP detected communities in 0.10847616195678711 [s]
solution properties:
-------------------  -----------
# communities        1473
min community size      1
max community size     11
avg. community size     3.39443
modularity              0.686346
-------------------  -----------
104 community detected
NMI:0.3215688378770839
ARI:0.9512701086776996
__pmi__
Network Properties for:		G#48
nodes, edges			4999, 31150
directed?			False
weighted?			True
isolated nodes			1
self-loops			0
density				0.002493
clustering coefficient		0.268457
min/max/avg degree		0, 76, 12.462492
degree assortativity		0.339588
number of connected components	1
size of largest component	4999 (100.00 %)
tot:  181889.62738560166
__pmi+Louvain__
PLM(balanced,pc,turbo) detected communities in 0.48992228507995605 [s]
solution properties:
-------------------  ----------
# communities         66
min community size    24
max community size   143
avg. community size   75.7424
modularity             0.720683
-------------------  ----------
104 community detected
NMI:0.0572576511999231
ARI:0.19193775403009883
__pmi+PLP__
PLP detected communities in 0.14210748672485352 [s]
solution properties:
-------------------  ----------
# communities        113
min community size     1
max community size    97
avg. community size   44.2478
modularity             0.712256
-------------------  ----------
104 community detected
NMI:0.016079423578927887
ARI:0.036142605997195765
__standard__
Network Properties for:		G#57
nodes, edges			4999, 31150
directed?			False
weighted?			True
isolated nodes			1
self-loops			0
density				0.002493
clustering coefficient		0.268457
min/max/avg degree		0, 76, 12.462492
degree assortativity		0.339588
number of connected components	1
size of largest component	4999 (100.00 %)
tot:  33.16759084319361
__standard+Louvain__
PLM(balanced,pc,turbo) detected communities in 0.8704721927642822 [s]
solution properties:
-------------------  ----------
# communities         36
min community size    37
max community size   466
avg. community size  138.861
modularity             0.763177
-------------------  ----------
104 community detected
NMI:0.41075879584760255
ARI:0.7662783555487891
__standard+PLP__
PLP detected communities in 0.2396411895751953 [s]
solution properties:
-------------------  ----------
# communities        989
min community size     1
max community size    56
avg. community size    5.05561
modularity             0.573944
-------------------  ----------
104 community detected
NMI:0.2909447220847051
ARI:0.7778136978709648
__ppmi__
Network Properties for:		G#72
nodes, edges			4999, 31150
directed?			False
weighted?			True
isolated nodes			1
self-loops			0
density				0.002493
clustering coefficient		0.268457
min/max/avg degree		0, 76, 12.462492
degree assortativity		0.339588
number of connected components	1
size of largest component	4999 (100.00 %)
tot:  187688.30418279156
__ppmi+Louvain__
PLM(balanced,pc,turbo) detected communities in 0.5372364521026611 [s]
solution properties:
-------------------  ----------
# communities         61
min community size    43
max community size   155
avg. community size   81.9508
modularity             0.714081
-------------------  ----------
104 community detected
NMI:0.05993110835899518
ARI:0.21214380524725351
__ppmi+PLP__
PLP detected communities in 0.15594792366027832 [s]
solution properties:
-------------------  ----------
# communities        110
min community size     1
max community size    98
avg. community size   45.4545
modularity             0.708367
-------------------  ----------
104 community detected
NMI:0.008764158031510427
ARI:0.018824137064906266
__glovexmax50alpha0.2__
Network Properties for:		G#81
nodes, edges			4999, 31150
directed?			False
weighted?			True
isolated nodes			1
self-loops			0
density				0.002493
clustering coefficient		0.268457
min/max/avg degree		0, 76, 12.462492
degree assortativity		0.339588
number of connected components	1
size of largest component	4999 (100.00 %)
tot:  18270.230883870478
__glovexmax50alpha0.2+Louvain__
PLM(balanced,pc,turbo) detected communities in 0.5149049758911133 [s]
solution properties:
-------------------  ----------
# communities         57
min community size    46
max community size   128
avg. community size   87.7018
modularity             0.709334
-------------------  ----------
104 community detected
NMI:0.06434394099156715
ARI:0.2334075784698214
__glovexmax50alpha0.2+PLP__
PLP detected communities in 0.1470654010772705 [s]
solution properties:
-------------------  ---------
# communities        108
min community size     1
max community size    98
avg. community size   46.2963
modularity             0.70614
-------------------  ---------
104 community detected
NMI:0.004238702772455416
ARI:0.008265800558091119
__glovexmax40alpha0.2__
Network Properties for:		G#90
nodes, edges			4999, 31150
directed?			False
weighted?			True
isolated nodes			1
self-loops			0
density				0.002493
clustering coefficient		0.268457
min/max/avg degree		0, 76, 12.462492
degree assortativity		0.339588
number of connected components	1
size of largest component	4999 (100.00 %)
tot:  19104.07604714942
__glovexmax40alpha0.2+Louvain__
PLM(balanced,pc,turbo) detected communities in 0.5333247184753418 [s]
solution properties:
-------------------  ----------
# communities         57
min community size    43
max community size   176
avg. community size   87.7018
modularity             0.709314
-------------------  ----------
104 community detected
NMI:0.06451350045632731
ARI:0.23614288515589255
__glovexmax40alpha0.2+PLP__
PLP detected communities in 0.15107250213623047 [s]
solution properties:
-------------------  ----------
# communities        105
min community size     1
max community size    98
avg. community size   47.619
modularity             0.708468
-------------------  ----------
104 community detected
NMI:0.0032199862981783234
ARI:0.006877115055505367
__glovexmax30alpha0.3__
Network Properties for:		G#99
nodes, edges			4999, 31150
directed?			False
weighted?			True
isolated nodes			1
self-loops			0
density				0.002493
clustering coefficient		0.268457
min/max/avg degree		0, 76, 12.462492
degree assortativity		0.339588
number of connected components	1
size of largest component	4999 (100.00 %)
tot:  16775.998928236448
__glovexmax30alpha0.3+Louvain__
PLM(balanced,pc,turbo) detected communities in 0.40841007232666016 [s]
solution properties:
-------------------  ----------
# communities         53
min community size    62
max community size   164
avg. community size   94.3208
modularity             0.710231
-------------------  ----------
104 community detected
NMI:0.07506904092299971
ARI:0.26838859875416854
__glovexmax30alpha0.3+PLP__
PLP detected communities in 0.1226046085357666 [s]
solution properties:
-------------------  ----------
# communities        105
min community size     1
max community size    99
avg. community size   47.619
modularity             0.709529
-------------------  ----------
104 community detected
NMI:0.005747208874679721
ARI:0.012270736068516586
NMI classement:
[('NMIglovexmax40alpha0.2+PLP', 0.0032199862981783234), ('NMIglovexmax50alpha0.2+PLP', 0.004238702772455416), ('NMIglovexmax30alpha0.3+PLP', 0.005747208874679721), ('NMIppmi+PLP', 0.008764158031510427), ('NMIpmi+PLP', 0.016079423578927887), ('NMIglove+PLP', 0.022780529185407294), ('NMIPLP', 0.03555161921784711), ('NMIpmi+Louvain', 0.0572576511999231), ('NMIppmi+Louvain', 0.05993110835899518), ('NMIglovexmax50alpha0.2+Louvain', 0.06434394099156715), ('NMIglovexmax40alpha0.2+Louvain', 0.06451350045632731), ('NMIglovexmax30alpha0.3+Louvain', 0.07506904092299971), ('NMIglove+Louvain', 0.09210994561583608), ('NMILouvain', 0.10779026498739863), ('NMIstandard+PLP', 0.2909447220847051), ('NMISingleton', 0.3047653125958609), ('NMIiterative_rev_degree_order+PLP', 0.3215688378770839), ('NMIstandard+Louvain', 0.41075879584760255), ('NMIiterative_rev_degree_order+Louvain', 0.5146835287493391), ('NMIAllInOne', 1.0), ('NMIfake_pmi+Louvain', 1), ('NMIfake_pmi+PLP', 1)]
ARI classement:
[('ARIglovexmax40alpha0.2+PLP', 0.006877115055505367), ('ARIglovexmax50alpha0.2+PLP', 0.008265800558091119), ('ARIglovexmax30alpha0.3+PLP', 0.012270736068516586), ('ARIppmi+PLP', 0.018824137064906266), ('ARIpmi+PLP', 0.036142605997195765), ('ARIglove+PLP', 0.04520035643870024), ('ARIPLP', 0.06963688736569884), ('ARIpmi+Louvain', 0.19193775403009883), ('ARIppmi+Louvain', 0.21214380524725351), ('ARIglovexmax50alpha0.2+Louvain', 0.2334075784698214), ('ARIglovexmax40alpha0.2+Louvain', 0.23614288515589255), ('ARIglovexmax30alpha0.3+Louvain', 0.26838859875416854), ('ARIglove+Louvain', 0.2908765521704839), ('ARILouvain', 0.3244827076182364), ('ARIstandard+Louvain', 0.7662783555487891), ('ARIstandard+PLP', 0.7778136978709648), ('ARIiterative_rev_degree_order+Louvain', 0.8484183037568995), ('ARIiterative_rev_degree_order+PLP', 0.9512701086776996), ('ARISingleton', 1.0), ('ARIAllInOne', 1.0), ('ARIfake_pmi+Louvain', 1), ('ARIfake_pmi+PLP', 1)]
