__LOADINGS__
Network Properties for:		network
nodes, edges			5000, 56245
directed?			False
weighted?			True
isolated nodes			1
self-loops			0
density				0.004501
clustering coefficient		0.313886
min/max/avg degree		0, 83, 22.498000
degree assortativity		0.392818
number of connected components	2
size of largest component	4999 (99.98 %)
337698.64591871476
__Groundtruth__
read communities from: ../../lfr_5000/mk300/k20/muw0.3/2/community.dat
-------------------  -------------
# communities         32
min community size   100
max community size   215
avg. community size  156.25
modularity            -0.000533383
-------------------  -------------
32 community detected
__CLASSIC_METHODS__
__Louvain__
PLM(balanced,pc,turbo) detected communities in 0.25237178802490234 [s]
solution properties:
-------------------  ----------
# communities         56
min community size     1
max community size   151
avg. community size   89.2857
modularity             0.708372
-------------------  ----------
32 community detected
NMI:0.9503684235540923
ARM:1.0000510827140885
__Singleton__
32 community detected
NMI:0.4237009314786855
ARM:1.0
__AllInOne__
32 community detected
NMI:1.0
ARM:1.0
__PLP__
PLP detected communities in 0.04427337646484375 [s]
solution properties:
-------------------  ----------
# communities        105
min community size     1
max community size    99
avg. community size   47.619
modularity             0.708293
-------------------  ----------
32 community detected
NMI:0.9092059120415664
ARM:1.0000074502463239
__NORMALIZATION__
__glove__
Network Properties for:		G#21cc
nodes, edges			4999, 56245
directed?			False
weighted?			True
isolated nodes			0
self-loops			0
density				0.004502
clustering coefficient		0.313948
min/max/avg degree		1, 83, 22.502501
degree assortativity		0.392818
number of connected components	1
size of largest component	4999 (100.00 %)
tot:  6601.456418691188
__glove+Louvain__
PLM(balanced,pc,turbo) detected communities in 0.38357973098754883 [s]
solution properties:
-------------------  ----------
# communities         58
min community size    51
max community size   134
avg. community size   86.1897
modularity             0.710952
-------------------  ----------
32 community detected
NMI:0.9500935549849495
ARM:1.000337601977102
__glove+PLP__
PLP detected communities in 0.059629201889038086 [s]
solution properties:
-------------------  ----------
# communities        104
min community size    20
max community size    99
avg. community size   48.0673
modularity             0.710965
-------------------  ----------
32 community detected
NMI:0.9093348524822765
ARM:1.000007453217088
__fake_pmi__
Network Properties for:		G#40cc
nodes, edges			4999, 56245
directed?			False
weighted?			True
isolated nodes			0
self-loops			0
density				0.004502
clustering coefficient		0.313948
min/max/avg degree		1, 83, 22.502501
degree assortativity		0.392818
number of connected components	1
size of largest component	4999 (100.00 %)
tot:  0.0
__fake_pmi+Louvain__
1 community detected due to total edge weight equal 0
NMI:1
ARM:1.000007453217088
__fake_pmi+PLP__
1 community detected due to total edge weight equal 0
NMI:1
ARM:1.000007453217088
__iterative_rev_degree_order__
Network Properties for:		G#53cc
nodes, edges			4999, 56245
directed?			False
weighted?			True
isolated nodes			0
self-loops			0
density				0.004502
clustering coefficient		0.313948
min/max/avg degree		1, 83, 22.502501
degree assortativity		0.392818
number of connected components	1
size of largest component	4999 (100.00 %)
tot:  1099.1840954784568
__iterative_rev_degree_order+Louvain__
PLM(balanced,pc,turbo) detected communities in 0.6311419010162354 [s]
solution properties:
-------------------  ----------
# communities         34
min community size    89
max community size   217
avg. community size  147.029
modularity             0.728997
-------------------  ----------
32 community detected
NMI:0.9690464227758012
ARM:0.9999894759967217
__iterative_rev_degree_order+PLP__
PLP detected communities in 0.06396102905273438 [s]
solution properties:
-------------------  -----------
# communities        1060
min community size      2
max community size     18
avg. community size     4.71604
modularity              0.602599
-------------------  -----------
32 community detected
NMI:0.6391696331035068
ARM:1.0000385609998867
__pmi__
Network Properties for:		G#78cc
nodes, edges			4999, 56245
directed?			False
weighted?			True
isolated nodes			0
self-loops			0
density				0.004502
clustering coefficient		0.313948
min/max/avg degree		1, 83, 22.502501
degree assortativity		0.392818
number of connected components	1
size of largest component	4999 (100.00 %)
tot:  334631.00700765784
__pmi+Louvain__
PLM(balanced,pc,turbo) detected communities in 0.4406571388244629 [s]
solution properties:
-------------------  ----------
# communities         62
min community size    48
max community size   125
avg. community size   80.629
modularity             0.715011
-------------------  ----------
32 community detected
NMI:0.9450233714633588
ARM:1.0000033649356876
__pmi+PLP__
PLP detected communities in 0.09882926940917969 [s]
solution properties:
-------------------  ----------
# communities         99
min community size    20
max community size   162
avg. community size   50.4949
modularity             0.715248
-------------------  ----------
32 community detected
NMI:0.9134396391826285
ARM:0.9999344540477356
__standard__
Network Properties for:		G#97cc
nodes, edges			4999, 56245
directed?			False
weighted?			True
isolated nodes			0
self-loops			0
density				0.004502
clustering coefficient		0.313948
min/max/avg degree		1, 83, 22.502501
degree assortativity		0.392818
number of connected components	1
size of largest component	4999 (100.00 %)
tot:  17.52851769592785
__standard+Louvain__
PLM(balanced,pc,turbo) detected communities in 0.49655890464782715 [s]
solution properties:
-------------------  ----------
# communities         65
min community size    20
max community size   164
avg. community size   76.9077
modularity             0.717598
-------------------  ----------
32 community detected
NMI:0.944687054752403
ARM:1.0002788369257904
__standard+PLP__
PLP detected communities in 0.14265131950378418 [s]
solution properties:
-------------------  ----------
# communities        161
min community size     2
max community size   125
avg. community size   31.0497
modularity             0.706468
-------------------  ----------
32 community detected
NMI:0.8953529379716949
ARM:1.0000673434685254
__ppmi__
Network Properties for:		G#119cc
nodes, edges			4999, 56245
directed?			False
weighted?			True
isolated nodes			0
self-loops			0
density				0.004502
clustering coefficient		0.313948
min/max/avg degree		1, 83, 22.502501
degree assortativity		0.392818
number of connected components	1
size of largest component	4999 (100.00 %)
tot:  336391.6757769469
__ppmi+Louvain__
PLM(balanced,pc,turbo) detected communities in 0.46833086013793945 [s]
solution properties:
-------------------  ----------
# communities         63
min community size    48
max community size   114
avg. community size   79.3492
modularity             0.713191
-------------------  ----------
32 community detected
NMI:0.9445642172402949
ARM:1.0001450592972045
__ppmi+PLP__
PLP detected communities in 0.0985867977142334 [s]
solution properties:
-------------------  ----------
# communities         98
min community size    20
max community size   162
avg. community size   51.0102
modularity             0.713316
-------------------  ----------
32 community detected
NMI:0.9137511573025214
ARM:0.9998767079574135
__glovexmax50alpha0.2__
Network Properties for:		G#138cc
nodes, edges			4999, 56245
directed?			False
weighted?			True
isolated nodes			0
self-loops			0
density				0.004502
clustering coefficient		0.313948
min/max/avg degree		1, 83, 22.502501
degree assortativity		0.392818
number of connected components	1
size of largest component	4999 (100.00 %)
tot:  35493.75621104696
__glovexmax50alpha0.2+Louvain__
PLM(balanced,pc,turbo) detected communities in 0.48046088218688965 [s]
solution properties:
-------------------  ----------
# communities         59
min community size    51
max community size   131
avg. community size   84.7288
modularity             0.710375
-------------------  ----------
32 community detected
NMI:0.9493008112364151
ARM:1.0003340786705655
__glovexmax50alpha0.2+PLP__
PLP detected communities in 0.11882162094116211 [s]
solution properties:
-------------------  ----------
# communities        104
min community size    20
max community size    99
avg. community size   48.0673
modularity             0.710711
-------------------  ----------
32 community detected
NMI:0.9093089610406604
ARM:1.0000186327649718
__glovexmax40alpha0.2__
Network Properties for:		G#157cc
nodes, edges			4999, 56245
directed?			False
weighted?			True
isolated nodes			0
self-loops			0
density				0.004502
clustering coefficient		0.313948
min/max/avg degree		1, 83, 22.502501
degree assortativity		0.392818
number of connected components	1
size of largest component	4999 (100.00 %)
tot:  37113.67536430306
__glovexmax40alpha0.2+Louvain__
PLM(balanced,pc,turbo) detected communities in 0.3301208019256592 [s]
solution properties:
-------------------  ----------
# communities         63
min community size    51
max community size   131
avg. community size   79.3492
modularity             0.710644
-------------------  ----------
32 community detected
NMI:0.9447452405464386
ARM:1.000104493384052
__glovexmax40alpha0.2+PLP__
PLP detected communities in 0.05222272872924805 [s]
solution properties:
-------------------  ----------
# communities        104
min community size    20
max community size    99
avg. community size   48.0673
modularity             0.710711
-------------------  ----------
32 community detected
NMI:0.9093089610406604
ARM:1.0000186327649718
__glovexmax30alpha0.3__
Network Properties for:		G#176cc
nodes, edges			4999, 56245
directed?			False
weighted?			True
isolated nodes			0
self-loops			0
density				0.004502
clustering coefficient		0.313948
min/max/avg degree		1, 83, 22.502501
degree assortativity		0.392818
number of connected components	1
size of largest component	4999 (100.00 %)
tot:  33197.85897836203
__glovexmax30alpha0.3+Louvain__
PLM(balanced,pc,turbo) detected communities in 0.30495572090148926 [s]
solution properties:
-------------------  ----------
# communities         65
min community size    51
max community size   108
avg. community size   76.9077
modularity             0.711998
-------------------  ----------
32 community detected
NMI:0.943887698144841
ARM:1.0002424014817217
__glovexmax30alpha0.3+PLP__
PLP detected communities in 0.03611016273498535 [s]
solution properties:
-------------------  ---------
# communities        104
min community size    20
max community size    99
avg. community size   48.0673
modularity             0.71194
-------------------  ---------
32 community detected
NMI:0.9093089610406604
ARM:1.0000186327649718
