__LOADINGS__
Network Properties for:		network
nodes, edges			5000, 47394
directed?			False
weighted?			True
isolated nodes			0
self-loops			0
density				0.003792
clustering coefficient		0.460965
min/max/avg degree		1, 386, 18.957600
degree assortativity		0.195578
number of connected components	8
size of largest component	4962 (99.24 %)
425748.560164296
__Groundtruth__
read communities from: ../../lfr_5000/mk500/k20/muw0.2/3/community.dat
-------------------  ----------
# communities         46
min community size     5
max community size   472
avg. community size  108.696
modularity             0.636866
-------------------  ----------
46 community detected
__CLASSIC_METHODS__
__Louvain__
PLM(balanced,pc,turbo) detected communities in 0.4720935821533203 [s]
solution properties:
-------------------  ---------
# communities         32
min community size     5
max community size   483
avg. community size  156.25
modularity             0.63825
-------------------  ---------
46 community detected
NMI:0.05314104748623438
ARM:0.054405703767242075
__Singleton__
46 community detected
NMI:0.4646126258031138
ARM:1.0
__AllInOne__
46 community detected
NMI:1.0
ARM:1.0
__PLP__
PLP detected communities in 0.13091182708740234 [s]
solution properties:
-------------------  ----------
# communities         46
min community size     5
max community size   487
avg. community size  108.696
modularity             0.638115
-------------------  ----------
46 community detected
NMI:0.03147139515522124
ARM:0.04029726346848039
__NORMALIZATION__
__glove__
Network Properties for:		G#21cc
nodes, edges			4962, 47316
directed?			False
weighted?			True
isolated nodes			0
self-loops			0
density				0.003844
clustering coefficient		0.457617
min/max/avg degree		1, 386, 19.071342
degree assortativity		0.194487
number of connected components	1
size of largest component	4962 (100.00 %)
tot:  6233.094421880828
__glove+Louvain__
PLM(balanced,pc,turbo) detected communities in 0.40515661239624023 [s]
solution properties:
-------------------  ----------
# communities         27
min community size     8
max community size   480
avg. community size  183.778
modularity             0.676601
-------------------  ----------
46 community detected
NMI:0.9636005537112784
ARM:0.9990321164652661
__glove+PLP__
PLP detected communities in 0.11994791030883789 [s]
solution properties:
-------------------  ----------
# communities         39
min community size     6
max community size   482
avg. community size  127.231
modularity             0.676466
-------------------  ----------
46 community detected
NMI:0.9532505331590522
ARM:0.9987489268114834
__fake_pmi__
Network Properties for:		G#40cc
nodes, edges			4962, 47316
directed?			False
weighted?			True
isolated nodes			0
self-loops			0
density				0.003844
clustering coefficient		0.457617
min/max/avg degree		1, 386, 19.071342
degree assortativity		0.194487
number of connected components	1
size of largest component	4962 (100.00 %)
tot:  0.0
__fake_pmi+Louvain__
1 community detected due to total edge weight equal 0
NMI:1
ARM:0.9987489268114834
__fake_pmi+PLP__
1 community detected due to total edge weight equal 0
NMI:1
ARM:0.9987489268114834
__iterative_rev_degree_order__
Network Properties for:		G#53cc
nodes, edges			4962, 47316
directed?			False
weighted?			True
isolated nodes			0
self-loops			0
density				0.003844
clustering coefficient		0.457617
min/max/avg degree		1, 386, 19.071342
degree assortativity		0.194487
number of connected components	1
size of largest component	4962 (100.00 %)
tot:  1578.4555533511389
__iterative_rev_degree_order+Louvain__
PLM(balanced,pc,turbo) detected communities in 0.8636178970336914 [s]
solution properties:
-------------------  ----------
# communities         70
min community size     2
max community size   203
avg. community size   70.8857
modularity             0.880975
-------------------  ----------
46 community detected
NMI:0.9300085617943736
ARM:0.9995948884578894
__iterative_rev_degree_order+PLP__
PLP detected communities in 0.10088300704956055 [s]
solution properties:
-------------------  -----------
# communities        1448
min community size      2
max community size     13
avg. community size     3.4268
modularity              0.757723
-------------------  -----------
46 community detected
NMI:0.630223589069882
ARM:0.9999833496599168
__pmi__
Network Properties for:		G#78cc
nodes, edges			4962, 47316
directed?			False
weighted?			True
isolated nodes			0
self-loops			0
density				0.003844
clustering coefficient		0.457617
min/max/avg degree		1, 386, 19.071342
degree assortativity		0.194487
number of connected components	1
size of largest component	4962 (100.00 %)
tot:  79303.3176285321
__pmi+Louvain__
PLM(balanced,pc,turbo) detected communities in 0.48169803619384766 [s]
solution properties:
-------------------  ---------
# communities         35
min community size     6
max community size   711
avg. community size  141.771
modularity             1.36402
-------------------  ---------
46 community detected
NMI:0.95465589157372
ARM:0.9985274613547356
__pmi+PLP__
PLP detected communities in 0.19366979598999023 [s]
solution properties:
-------------------  --------
# communities        112
min community size     2
max community size   440
avg. community size   44.3036
modularity             1.3191
-------------------  --------
46 community detected
NMI:0.9295447029147477
ARM:0.9998560111616175
__standard__
Network Properties for:		G#97cc
nodes, edges			4962, 47316
directed?			False
weighted?			True
isolated nodes			0
self-loops			0
density				0.003844
clustering coefficient		0.457617
min/max/avg degree		1, 386, 19.071342
degree assortativity		0.194487
number of connected components	1
size of largest component	4962 (100.00 %)
tot:  13.638498498007086
__standard+Louvain__
PLM(balanced,pc,turbo) detected communities in 0.7163829803466797 [s]
solution properties:
-------------------  -----------
# communities          50
min community size      2
max community size   1044
avg. community size    99.24
modularity              0.911869
-------------------  -----------
46 community detected
NMI:0.952934595806585
ARM:0.9985053909897171
__standard+PLP__
PLP detected communities in 0.2360093593597412 [s]
solution properties:
-------------------  ----------
# communities        863
min community size     1
max community size   197
avg. community size    5.74971
modularity             0.761288
-------------------  ----------
46 community detected
NMI:0.729979542784891
ARM:0.9996772050461109
__ppmi__
Network Properties for:		G#119cc
nodes, edges			4962, 47316
directed?			False
weighted?			True
isolated nodes			0
self-loops			0
density				0.003844
clustering coefficient		0.457617
min/max/avg degree		1, 386, 19.071342
degree assortativity		0.194487
number of connected components	1
size of largest component	4962 (100.00 %)
tot:  157501.65555459066
__ppmi+Louvain__
PLM(balanced,pc,turbo) detected communities in 0.4547922611236572 [s]
solution properties:
-------------------  ----------
# communities         32
min community size     8
max community size   468
avg. community size  155.062
modularity             0.770348
-------------------  ----------
46 community detected
NMI:0.9579050262120349
ARM:0.9987482127919601
__ppmi+PLP__
PLP detected communities in 0.15246891975402832 [s]
solution properties:
-------------------  ----------
# communities         44
min community size     2
max community size   750
avg. community size  112.773
modularity             0.771003
-------------------  ----------
46 community detected
NMI:0.9523679476995586
ARM:0.998537010774773
__glovexmax50alpha0.2__
Network Properties for:		G#138cc
nodes, edges			4962, 47316
directed?			False
weighted?			True
isolated nodes			0
self-loops			0
density				0.003844
clustering coefficient		0.457617
min/max/avg degree		1, 386, 19.071342
degree assortativity		0.194487
number of connected components	1
size of largest component	4962 (100.00 %)
tot:  24788.70748216339
__glovexmax50alpha0.2+Louvain__
PLM(balanced,pc,turbo) detected communities in 0.3852956295013428 [s]
solution properties:
-------------------  ----------
# communities         26
min community size     8
max community size   472
avg. community size  190.846
modularity             0.736411
-------------------  ----------
46 community detected
NMI:0.9634554890527288
ARM:0.9988598165633178
__glovexmax50alpha0.2+PLP__
PLP detected communities in 0.08777499198913574 [s]
solution properties:
-------------------  ----------
# communities         39
min community size     6
max community size   472
avg. community size  127.231
modularity             0.736404
-------------------  ----------
46 community detected
NMI:0.9531576617965699
ARM:0.9987346312569648
__glovexmax40alpha0.2__
Network Properties for:		G#157cc
nodes, edges			4962, 47316
directed?			False
weighted?			True
isolated nodes			0
self-loops			0
density				0.003844
clustering coefficient		0.457617
min/max/avg degree		1, 386, 19.071342
degree assortativity		0.194487
number of connected components	1
size of largest component	4962 (100.00 %)
tot:  25839.903347894116
__glovexmax40alpha0.2+Louvain__
PLM(balanced,pc,turbo) detected communities in 0.4171137809753418 [s]
solution properties:
-------------------  ----------
# communities         30
min community size     8
max community size   472
avg. community size  165.4
modularity             0.737172
-------------------  ----------
46 community detected
NMI:0.9606390954339757
ARM:0.9988434942889286
__glovexmax40alpha0.2+PLP__
PLP detected communities in 0.08254504203796387 [s]
solution properties:
-------------------  ---------
# communities         39
min community size     6
max community size   472
avg. community size  127.231
modularity             0.73709
-------------------  ---------
46 community detected
NMI:0.9531576617965699
ARM:0.9987346312569648
__glovexmax30alpha0.3__
Network Properties for:		G#176cc
nodes, edges			4962, 47316
directed?			False
weighted?			True
isolated nodes			0
self-loops			0
density				0.003844
clustering coefficient		0.457617
min/max/avg degree		1, 386, 19.071342
degree assortativity		0.194487
number of connected components	1
size of largest component	4962 (100.00 %)
tot:  22792.793028550455
__glovexmax30alpha0.3+Louvain__
PLM(balanced,pc,turbo) detected communities in 0.40216898918151855 [s]
solution properties:
-------------------  ----------
# communities         30
min community size     8
max community size   472
avg. community size  165.4
modularity             0.733725
-------------------  ----------
46 community detected
NMI:0.9604406295224125
ARM:0.9988018700798948
__glovexmax30alpha0.3+PLP__
PLP detected communities in 0.05986475944519043 [s]
solution properties:
-------------------  ----------
# communities         39
min community size     6
max community size   472
avg. community size  127.231
modularity             0.733622
-------------------  ----------
46 community detected
NMI:0.9531342994957402
ARM:0.9986934901341566
