__LOADINGS__
4993/46791 10.670855506400803 % of nul weighted edges removed
1/5000 0.02 % of nul degree nodes removed
Network Properties for:		network
nodes, edges			4999, 41798
directed?			False
weighted?			True
isolated nodes			1
self-loops			0
density				0.003346
clustering coefficient		0.415260
min/max/avg degree		0, 235, 16.722545
degree assortativity		0.148925
number of connected components	1
size of largest component	4999 (100.00 %)
312280.7541406028
__Groundtruth__
read communities from: ../../lfr_5000/mk300/k20/muw0.2/13/community.dat
-------------------  ----------
# communities         30
min community size   122
max community size   240
avg. community size  166.667
modularity             0.725913
-------------------  ----------
30 community detected
__CLASSIC_METHODS__
__Louvain__
PLM(balanced,pc,turbo) detected communities in 0.20908784866333008 [s]
solution properties:
-------------------  ----------
# communities         30
min community size   120
max community size   245
avg. community size  166.633
modularity             0.727212
-------------------  ----------
30 community detected
NMI:0.03407881653215261
ARI:0.038104994215194754
__Singleton__
30 community detected
NMI:0.4312749414218585
ARI:1.0
__AllInOne__
30 community detected
NMI:1.0
ARI:1.0
__PLP__
PLP detected communities in 0.12196874618530273 [s]
solution properties:
-------------------  ----------
# communities         31
min community size     1
max community size   245
avg. community size  161.29
modularity             0.727202
-------------------  ----------
30 community detected
NMI:0.03643823592946149
ARI:0.04089327705177137
__NORMALIZATION__
__glove__
Network Properties for:		G#18
nodes, edges			4999, 41798
directed?			False
weighted?			True
isolated nodes			1
self-loops			0
density				0.003346
clustering coefficient		0.415260
min/max/avg degree		0, 235, 16.722545
degree assortativity		0.148925
number of connected components	1
size of largest component	4999 (100.00 %)
tot:  5037.179805290888
__glove+Louvain__
PLM(balanced,pc,turbo) detected communities in 0.18799114227294922 [s]
solution properties:
-------------------  ----------
# communities         30
min community size   121
max community size   242
avg. community size  166.633
modularity             0.747892
-------------------  ----------
30 community detected
NMI:0.02286594503611572
ARI:0.025448657466282776
__glove+PLP__
PLP detected communities in 0.11239862442016602 [s]
solution properties:
-------------------  ----------
# communities         31
min community size     1
max community size   242
avg. community size  161.29
modularity             0.747889
-------------------  ----------
30 community detected
NMI:0.023859951705909932
ARI:0.026608089785716715
__fake_pmi__
Network Properties for:		G#24
nodes, edges			4999, 41798
directed?			False
weighted?			True
isolated nodes			1
self-loops			0
density				0.003346
clustering coefficient		0.415260
min/max/avg degree		0, 235, 16.722545
degree assortativity		0.148925
number of connected components	1
size of largest component	4999 (100.00 %)
tot:  0.0
__fake_pmi+Louvain__
1 community detected due to total edge weight equal 0
NMI:1
ARI:1
__fake_pmi+PLP__
1 community detected due to total edge weight equal 0
NMI:1
ARI:1
__iterative_rev_degree_order__
Network Properties for:		G#27
nodes, edges			4999, 41798
directed?			False
weighted?			True
isolated nodes			1
self-loops			0
density				0.003346
clustering coefficient		0.415260
min/max/avg degree		0, 235, 16.722545
degree assortativity		0.148925
number of connected components	1
size of largest component	4999 (100.00 %)
tot:  1623.636967681665
__iterative_rev_degree_order+Louvain__
PLM(balanced,pc,turbo) detected communities in 0.7039191722869873 [s]
solution properties:
-------------------  ----------
# communities         53
min community size     2
max community size   234
avg. community size   94.3208
modularity             0.859459
-------------------  ----------
30 community detected
NMI:0.5696454370953674
ARI:0.7377603267357156
__iterative_rev_degree_order+PLP__
PLP detected communities in 0.10196518898010254 [s]
solution properties:
-------------------  -----------
# communities        1541
min community size      1
max community size     16
avg. community size     3.24465
modularity              0.727848
-------------------  -----------
30 community detected
NMI:0.45120669382935896
ARI:0.9806371462754292
__pmi__
Network Properties for:		G#42
nodes, edges			4999, 41798
directed?			False
weighted?			True
isolated nodes			1
self-loops			0
density				0.003346
clustering coefficient		0.415260
min/max/avg degree		0, 235, 16.722545
degree assortativity		0.148925
number of connected components	1
size of largest component	4999 (100.00 %)
tot:  116692.59942177487
__pmi+Louvain__
PLM(balanced,pc,turbo) detected communities in 0.39953017234802246 [s]
solution properties:
-------------------  ---------
# communities         29
min community size   132
max community size   352
avg. community size  172.379
modularity             1.00716
-------------------  ---------
30 community detected
NMI:0.09899366177739544
ARI:0.15577285438032717
__pmi+PLP__
PLP detected communities in 0.1736142635345459 [s]
solution properties:
-------------------  ---------
# communities         41
min community size     1
max community size   220
avg. community size  121.951
modularity             1.00314
-------------------  ---------
30 community detected
NMI:0.09289415757154862
ARI:0.1282270271600684
__standard__
Network Properties for:		G#51
nodes, edges			4999, 41798
directed?			False
weighted?			True
isolated nodes			1
self-loops			0
density				0.003346
clustering coefficient		0.415260
min/max/avg degree		0, 235, 16.722545
degree assortativity		0.148925
number of connected components	1
size of largest component	4999 (100.00 %)
tot:  10.53031585263825
__standard+Louvain__
PLM(balanced,pc,turbo) detected communities in 0.5760338306427002 [s]
solution properties:
-------------------  ----------
# communities         32
min community size     2
max community size   239
avg. community size  156.219
modularity             0.840029
-------------------  ----------
30 community detected
NMI:0.29138553991126137
ARI:0.37915601713848723
__standard+PLP__
PLP detected communities in 0.1176910400390625 [s]
solution properties:
-------------------  -----------
# communities        1022
min community size      1
max community size    131
avg. community size     4.89237
modularity              0.645825
-------------------  -----------
30 community detected
NMI:0.3786505930915577
ARI:0.7195600651031744
__ppmi__
Network Properties for:		G#63
nodes, edges			4999, 41798
directed?			False
weighted?			True
isolated nodes			1
self-loops			0
density				0.003346
clustering coefficient		0.415260
min/max/avg degree		0, 235, 16.722545
degree assortativity		0.148925
number of connected components	1
size of largest component	4999 (100.00 %)
tot:  167770.4413900096
__ppmi+Louvain__
PLM(balanced,pc,turbo) detected communities in 0.2520756721496582 [s]
solution properties:
-------------------  ----------
# communities         22
min community size   123
max community size   338
avg. community size  227.227
modularity             0.776414
-------------------  ----------
30 community detected
NMI:0.05916387375342447
ARI:0.20274732532030115
__ppmi+PLP__
PLP detected communities in 0.06617975234985352 [s]
solution properties:
-------------------  ---------
# communities         34
min community size     1
max community size   238
avg. community size  147.059
modularity             0.77783
-------------------  ---------
30 community detected
NMI:0.009134115197456771
ARI:0.016078300273055346
__glovexmax50alpha0.2__
Network Properties for:		G#72
nodes, edges			4999, 41798
directed?			False
weighted?			True
isolated nodes			1
self-loops			0
density				0.003346
clustering coefficient		0.415260
min/max/avg degree		0, 235, 16.722545
degree assortativity		0.148925
number of connected components	1
size of largest component	4999 (100.00 %)
tot:  22467.673829845553
__glovexmax50alpha0.2+Louvain__
PLM(balanced,pc,turbo) detected communities in 0.285416841506958 [s]
solution properties:
-------------------  ----------
# communities         30
min community size   122
max community size   239
avg. community size  166.633
modularity             0.777287
-------------------  ----------
30 community detected
NMI:0.0
ARI:0.0
__glovexmax50alpha0.2+PLP__
PLP detected communities in 0.07351922988891602 [s]
solution properties:
-------------------  ----------
# communities         31
min community size     1
max community size   239
avg. community size  161.29
modularity             0.777287
-------------------  ----------
30 community detected
NMI:0.0
ARI:0.0
__glovexmax40alpha0.2__
Network Properties for:		G#81
nodes, edges			4999, 41798
directed?			False
weighted?			True
isolated nodes			1
self-loops			0
density				0.003346
clustering coefficient		0.415260
min/max/avg degree		0, 235, 16.722545
degree assortativity		0.148925
number of connected components	1
size of largest component	4999 (100.00 %)
tot:  23463.070343337
__glovexmax40alpha0.2+Louvain__
PLM(balanced,pc,turbo) detected communities in 0.18419837951660156 [s]
solution properties:
-------------------  ----------
# communities         30
min community size   122
max community size   239
avg. community size  166.633
modularity             0.777499
-------------------  ----------
30 community detected
NMI:0.0
ARI:0.0
__glovexmax40alpha0.2+PLP__
PLP detected communities in 0.04839897155761719 [s]
solution properties:
-------------------  ----------
# communities         31
min community size     1
max community size   239
avg. community size  161.29
modularity             0.777499
-------------------  ----------
30 community detected
NMI:0.0
ARI:0.0
__glovexmax30alpha0.3__
Network Properties for:		G#87
nodes, edges			4999, 41798
directed?			False
weighted?			True
isolated nodes			1
self-loops			0
density				0.003346
clustering coefficient		0.415260
min/max/avg degree		0, 235, 16.722545
degree assortativity		0.148925
number of connected components	1
size of largest component	4999 (100.00 %)
tot:  20763.072400504618
__glovexmax30alpha0.3+Louvain__
PLM(balanced,pc,turbo) detected communities in 0.1875898838043213 [s]
solution properties:
-------------------  ----------
# communities         30
min community size   122
max community size   239
avg. community size  166.633
modularity             0.776341
-------------------  ----------
30 community detected
NMI:0.0017961516855817816
ARI:0.0019690488249166638
__glovexmax30alpha0.3+PLP__
PLP detected communities in 0.07671380043029785 [s]
solution properties:
-------------------  ----------
# communities         31
min community size     1
max community size   239
avg. community size  161.29
modularity             0.776341
-------------------  ----------
30 community detected
NMI:0.0017961516855817816
ARI:0.0019690488249166638
NMI classement:
[('NMIglovexmax50alpha0.2+Louvain', 0.0), ('NMIglovexmax50alpha0.2+PLP', 0.0), ('NMIglovexmax40alpha0.2+Louvain', 0.0), ('NMIglovexmax40alpha0.2+PLP', 0.0), ('NMIglovexmax30alpha0.3+Louvain', 0.0017961516855817816), ('NMIglovexmax30alpha0.3+PLP', 0.0017961516855817816), ('NMIppmi+PLP', 0.009134115197456771), ('NMIglove+Louvain', 0.02286594503611572), ('NMIglove+PLP', 0.023859951705909932), ('NMILouvain', 0.03407881653215261), ('NMIPLP', 0.03643823592946149), ('NMIppmi+Louvain', 0.05916387375342447), ('NMIpmi+PLP', 0.09289415757154862), ('NMIpmi+Louvain', 0.09899366177739544), ('NMIstandard+Louvain', 0.29138553991126137), ('NMIstandard+PLP', 0.3786505930915577), ('NMISingleton', 0.4312749414218585), ('NMIiterative_rev_degree_order+PLP', 0.45120669382935896), ('NMIiterative_rev_degree_order+Louvain', 0.5696454370953674), ('NMIAllInOne', 1.0), ('NMIfake_pmi+Louvain', 1), ('NMIfake_pmi+PLP', 1)]
ARI classement:
[('ARIglovexmax50alpha0.2+Louvain', 0.0), ('ARIglovexmax50alpha0.2+PLP', 0.0), ('ARIglovexmax40alpha0.2+Louvain', 0.0), ('ARIglovexmax40alpha0.2+PLP', 0.0), ('ARIglovexmax30alpha0.3+Louvain', 0.0019690488249166638), ('ARIglovexmax30alpha0.3+PLP', 0.0019690488249166638), ('ARIppmi+PLP', 0.016078300273055346), ('ARIglove+Louvain', 0.025448657466282776), ('ARIglove+PLP', 0.026608089785716715), ('ARILouvain', 0.038104994215194754), ('ARIPLP', 0.04089327705177137), ('ARIpmi+PLP', 0.1282270271600684), ('ARIpmi+Louvain', 0.15577285438032717), ('ARIppmi+Louvain', 0.20274732532030115), ('ARIstandard+Louvain', 0.37915601713848723), ('ARIstandard+PLP', 0.7195600651031744), ('ARIiterative_rev_degree_order+Louvain', 0.7377603267357156), ('ARIiterative_rev_degree_order+PLP', 0.9806371462754292), ('ARISingleton', 1.0), ('ARIAllInOne', 1.0), ('ARIfake_pmi+Louvain', 1), ('ARIfake_pmi+PLP', 1)]
