__LOADINGS__
4994/32598 15.319958279649057 % of nul weighted edges removed
0/5000 0.0 % of nul degree nodes removed
Network Properties for:		network
nodes, edges			5000, 27604
directed?			False
weighted?			True
isolated nodes			0
self-loops			0
density				0.002209
clustering coefficient		0.290535
min/max/avg degree		1, 341, 11.041600
degree assortativity		0.233045
number of connected components	6
size of largest component	4984 (99.68 %)
236508.52028918432
__Groundtruth__
read communities from: ../../lfr_5000/mk500/k15/muw0.3/23/community.dat
-------------------  ----------
# communities         51
min community size     3
max community size   469
avg. community size   98.0392
modularity             0.475463
-------------------  ----------
51 community detected
__CLASSIC_METHODS__
__Louvain__
PLM(balanced,pc,turbo) detected communities in 0.5707108974456787 [s]
solution properties:
-------------------  ----------
# communities         26
min community size     3
max community size   503
avg. community size  192.308
modularity             0.491883
-------------------  ----------
51 community detected
NMI:0.26280433939967973
ARI:0.32622906108935046
__Singleton__
51 community detected
NMI:0.45964250499882586
ARI:1.0
__AllInOne__
51 community detected
NMI:1.0
ARI:1.0
__PLP__
PLP detected communities in 0.1415398120880127 [s]
solution properties:
-------------------  ----------
# communities         80
min community size     2
max community size   527
avg. community size   62.5
modularity             0.486381
-------------------  ----------
51 community detected
NMI:0.2299101811050952
ARI:0.2864822477870539
__NORMALIZATION__
__glove__
Network Properties for:		G#24
nodes, edges			5000, 27604
directed?			False
weighted?			True
isolated nodes			0
self-loops			0
density				0.002209
clustering coefficient		0.290535
min/max/avg degree		1, 341, 11.041600
degree assortativity		0.233045
number of connected components	6
size of largest component	4984 (99.68 %)
tot:  3321.9926055680244
__glove+Louvain__
PLM(balanced,pc,turbo) detected communities in 0.6263833045959473 [s]
solution properties:
-------------------  ----------
# communities         31
min community size     3
max community size   488
avg. community size  161.29
modularity             0.550846
-------------------  ----------
51 community detected
NMI:0.21534023682430492
ARI:0.2573483569458923
__glove+PLP__
PLP detected communities in 0.14362645149230957 [s]
solution properties:
-------------------  ----------
# communities         82
min community size     1
max community size   520
avg. community size   60.9756
modularity             0.542427
-------------------  ----------
51 community detected
NMI:0.21045106322920193
ARI:0.2610704442402869
__fake_pmi__
Network Properties for:		G#36
nodes, edges			5000, 27604
directed?			False
weighted?			True
isolated nodes			0
self-loops			0
density				0.002209
clustering coefficient		0.290535
min/max/avg degree		1, 341, 11.041600
degree assortativity		0.233045
number of connected components	6
size of largest component	4984 (99.68 %)
tot:  0.0
__fake_pmi+Louvain__
1 community detected due to total edge weight equal 0
NMI:1
ARI:1
__fake_pmi+PLP__
1 community detected due to total edge weight equal 0
NMI:1
ARI:1
__iterative_rev_degree_order__
Network Properties for:		G#39
nodes, edges			5000, 27604
directed?			False
weighted?			True
isolated nodes			0
self-loops			0
density				0.002209
clustering coefficient		0.290535
min/max/avg degree		1, 341, 11.041600
degree assortativity		0.233045
number of connected components	6
size of largest component	4984 (99.68 %)
tot:  1676.0011883796071
__iterative_rev_degree_order+Louvain__
PLM(balanced,pc,turbo) detected communities in 0.8067665100097656 [s]
solution properties:
-------------------  ----------
# communities        120
min community size     2
max community size   156
avg. community size   41.6667
modularity             0.933568
-------------------  ----------
51 community detected
NMI:0.6503532258418749
ARI:0.9271087809501302
__iterative_rev_degree_order+PLP__
PLP detected communities in 0.09010052680969238 [s]
solution properties:
-------------------  -----------
# communities        1452
min community size      2
max community size     22
avg. community size     3.44353
modularity              0.849606
-------------------  -----------
51 community detected
NMI:0.49993262185202014
ARI:0.9863427051251706
__pmi__
Network Properties for:		G#54
nodes, edges			5000, 27604
directed?			False
weighted?			True
isolated nodes			0
self-loops			0
density				0.002209
clustering coefficient		0.290535
min/max/avg degree		1, 341, 11.041600
degree assortativity		0.233045
number of connected components	6
size of largest component	4984 (99.68 %)
tot:  36822.06094552276
__pmi+Louvain__
PLM(balanced,pc,turbo) detected communities in 0.7784302234649658 [s]
solution properties:
-------------------  ---------
# communities         34
min community size     3
max community size   409
avg. community size  147.059
modularity             1.65482
-------------------  ---------
51 community detected
NMI:0.5510415076741502
ARI:0.7757214200865349
__pmi+PLP__
PLP detected communities in 0.15384125709533691 [s]
solution properties:
-------------------  ---------
# communities        963
min community size     1
max community size   176
avg. community size    5.19211
modularity             1.21351
-------------------  ---------
51 community detected
NMI:0.46523635370987204
ARI:0.8931255364820971
__standard__
Network Properties for:		G#69
nodes, edges			5000, 27604
directed?			False
weighted?			True
isolated nodes			0
self-loops			0
density				0.002209
clustering coefficient		0.290535
min/max/avg degree		1, 341, 11.041600
degree assortativity		0.233045
number of connected components	6
size of largest component	4984 (99.68 %)
tot:  43.16202045971353
__standard+Louvain__
PLM(balanced,pc,turbo) detected communities in 0.763709306716919 [s]
solution properties:
-------------------  ----------
# communities        121
min community size     2
max community size   913
avg. community size   41.3223
modularity             0.951294
-------------------  ----------
51 community detected
NMI:0.5682738340396102
ARI:0.8402020362995354
__standard+PLP__
PLP detected communities in 0.06685614585876465 [s]
solution properties:
-------------------  ----------
# communities        1197
min community size      2
max community size     75
avg. community size     4.17711
modularity              0.84624
-------------------  ----------
51 community detected
NMI:0.48188449459623095
ARI:0.9662890974615976
__ppmi__
Network Properties for:		G#84
nodes, edges			5000, 27604
directed?			False
weighted?			True
isolated nodes			0
self-loops			0
density				0.002209
clustering coefficient		0.290535
min/max/avg degree		1, 341, 11.041600
degree assortativity		0.233045
number of connected components	6
size of largest component	4984 (99.68 %)
tot:  96891.39179736929
__ppmi+Louvain__
PLM(balanced,pc,turbo) detected communities in 0.6624958515167236 [s]
solution properties:
-------------------  ---------
# communities         41
min community size     3
max community size   400
avg. community size  121.951
modularity             0.68261
-------------------  ---------
51 community detected
NMI:0.39227689138686017
ARI:0.5270165835201726
__ppmi+PLP__
PLP detected communities in 0.18653345108032227 [s]
solution properties:
-------------------  ----------
# communities        831
min community size     1
max community size   215
avg. community size    6.01685
modularity             0.523192
-------------------  ----------
51 community detected
NMI:0.45007229071425026
ARI:0.8209568009232828
__glovexmax50alpha0.2__
Network Properties for:		G#96
nodes, edges			5000, 27604
directed?			False
weighted?			True
isolated nodes			0
self-loops			0
density				0.002209
clustering coefficient		0.290535
min/max/avg degree		1, 341, 11.041600
degree assortativity		0.233045
number of connected components	6
size of largest component	4984 (99.68 %)
tot:  13500.505044549538
__glovexmax50alpha0.2+Louvain__
PLM(balanced,pc,turbo) detected communities in 0.6449096202850342 [s]
solution properties:
-------------------  ---------
# communities         27
min community size     3
max community size   445
avg. community size  185.185
modularity             0.62948
-------------------  ---------
51 community detected
NMI:0.14587448186634022
ARI:0.16580327757206792
__glovexmax50alpha0.2+PLP__
PLP detected communities in 0.12325048446655273 [s]
solution properties:
-------------------  ----------
# communities         77
min community size     2
max community size   465
avg. community size   64.9351
modularity             0.622719
-------------------  ----------
51 community detected
NMI:0.13415627155640952
ARI:0.15666473473934428
__glovexmax40alpha0.2__
Network Properties for:		G#108
nodes, edges			5000, 27604
directed?			False
weighted?			True
isolated nodes			0
self-loops			0
density				0.002209
clustering coefficient		0.290535
min/max/avg degree		1, 341, 11.041600
degree assortativity		0.233045
number of connected components	6
size of largest component	4984 (99.68 %)
tot:  14073.621124587069
__glovexmax40alpha0.2+Louvain__
PLM(balanced,pc,turbo) detected communities in 0.5541026592254639 [s]
solution properties:
-------------------  ----------
# communities         36
min community size     3
max community size   442
avg. community size  138.889
modularity             0.630811
-------------------  ----------
51 community detected
NMI:0.12281089172806214
ARI:0.14431584155868915
__glovexmax40alpha0.2+PLP__
PLP detected communities in 0.14449191093444824 [s]
solution properties:
-------------------  ----------
# communities         74
min community size     1
max community size   465
avg. community size   67.5676
modularity             0.624107
-------------------  ----------
51 community detected
NMI:0.13303209657871629
ARI:0.15646957753696367
__glovexmax30alpha0.3__
Network Properties for:		G#120
nodes, edges			5000, 27604
directed?			False
weighted?			True
isolated nodes			0
self-loops			0
density				0.002209
clustering coefficient		0.290535
min/max/avg degree		1, 341, 11.041600
degree assortativity		0.233045
number of connected components	6
size of largest component	4984 (99.68 %)
tot:  12279.759343994889
__glovexmax30alpha0.3+Louvain__
PLM(balanced,pc,turbo) detected communities in 0.5339927673339844 [s]
solution properties:
-------------------  ----------
# communities         36
min community size     3
max community size   457
avg. community size  138.889
modularity             0.625713
-------------------  ----------
51 community detected
NMI:0.13905017890693117
ARI:0.16683332456186517
__glovexmax30alpha0.3+PLP__
PLP detected communities in 0.14636778831481934 [s]
solution properties:
-------------------  ----------
# communities         81
min community size     2
max community size   476
avg. community size   61.7284
modularity             0.607316
-------------------  ----------
51 community detected
NMI:0.15685530685705007
ARI:0.19434050173434003
NMI classement:
[('NMIglovexmax40alpha0.2+Louvain', 0.12281089172806214), ('NMIglovexmax40alpha0.2+PLP', 0.13303209657871629), ('NMIglovexmax50alpha0.2+PLP', 0.13415627155640952), ('NMIglovexmax30alpha0.3+Louvain', 0.13905017890693117), ('NMIglovexmax50alpha0.2+Louvain', 0.14587448186634022), ('NMIglovexmax30alpha0.3+PLP', 0.15685530685705007), ('NMIglove+PLP', 0.21045106322920193), ('NMIglove+Louvain', 0.21534023682430492), ('NMIPLP', 0.2299101811050952), ('NMILouvain', 0.26280433939967973), ('NMIppmi+Louvain', 0.39227689138686017), ('NMIppmi+PLP', 0.45007229071425026), ('NMISingleton', 0.45964250499882586), ('NMIpmi+PLP', 0.46523635370987204), ('NMIstandard+PLP', 0.48188449459623095), ('NMIiterative_rev_degree_order+PLP', 0.49993262185202014), ('NMIpmi+Louvain', 0.5510415076741502), ('NMIstandard+Louvain', 0.5682738340396102), ('NMIiterative_rev_degree_order+Louvain', 0.6503532258418749), ('NMIAllInOne', 1.0), ('NMIfake_pmi+Louvain', 1), ('NMIfake_pmi+PLP', 1)]
ARI classement:
[('ARIglovexmax40alpha0.2+Louvain', 0.14431584155868915), ('ARIglovexmax40alpha0.2+PLP', 0.15646957753696367), ('ARIglovexmax50alpha0.2+PLP', 0.15666473473934428), ('ARIglovexmax50alpha0.2+Louvain', 0.16580327757206792), ('ARIglovexmax30alpha0.3+Louvain', 0.16683332456186517), ('ARIglovexmax30alpha0.3+PLP', 0.19434050173434003), ('ARIglove+Louvain', 0.2573483569458923), ('ARIglove+PLP', 0.2610704442402869), ('ARIPLP', 0.2864822477870539), ('ARILouvain', 0.32622906108935046), ('ARIppmi+Louvain', 0.5270165835201726), ('ARIpmi+Louvain', 0.7757214200865349), ('ARIppmi+PLP', 0.8209568009232828), ('ARIstandard+Louvain', 0.8402020362995354), ('ARIpmi+PLP', 0.8931255364820971), ('ARIiterative_rev_degree_order+Louvain', 0.9271087809501302), ('ARIstandard+PLP', 0.9662890974615976), ('ARIiterative_rev_degree_order+PLP', 0.9863427051251706), ('ARISingleton', 1.0), ('ARIAllInOne', 1.0), ('ARIfake_pmi+Louvain', 1), ('ARIfake_pmi+PLP', 1)]
