__LOADINGS__
Network Properties for:		network
nodes, edges			5000, 41798
directed?			False
weighted?			True
isolated nodes			1
self-loops			0
density				0.003345
clustering coefficient		0.415177
min/max/avg degree		0, 235, 16.719200
degree assortativity		0.148925
number of connected components	2
size of largest component	4999 (99.98 %)
312280.7541406028
__Groundtruth__
read communities from: ../../lfr_5000/mk300/k20/muw0.2/10/community.dat
-------------------  ----------
# communities         30
min community size   122
max community size   240
avg. community size  166.667
modularity             0.725913
-------------------  ----------
30 community detected
__CLASSIC_METHODS__
__Louvain__
PLM(balanced,pc,turbo) detected communities in 0.1921536922454834 [s]
solution properties:
-------------------  ----------
# communities         31
min community size     1
max community size   245
avg. community size  161.29
modularity             0.727212
-------------------  ----------
30 community detected
NMI:0.034257658396718016
ARM:0.03838215892866825
__Singleton__
30 community detected
NMI:0.43129281532965946
ARM:1.0
__AllInOne__
30 community detected
NMI:1.0
ARM:1.0
__PLP__
PLP detected communities in 0.09364080429077148 [s]
solution properties:
-------------------  ----------
# communities         31
min community size     1
max community size   245
avg. community size  161.29
modularity             0.727202
-------------------  ----------
30 community detected
NMI:0.036616214446379525
ARM:0.04116953514614974
__NORMALIZATION__
__glove__
Network Properties for:		G#18cc
nodes, edges			4999, 41798
directed?			False
weighted?			True
isolated nodes			0
self-loops			0
density				0.003346
clustering coefficient		0.415260
min/max/avg degree		4, 235, 16.722545
degree assortativity		0.148925
number of connected components	1
size of largest component	4999 (100.00 %)
tot:  5037.179805290888
__glove+Louvain__
PLM(balanced,pc,turbo) detected communities in 0.23305177688598633 [s]
solution properties:
-------------------  ----------
# communities         30
min community size   121
max community size   242
avg. community size  166.633
modularity             0.747892
-------------------  ----------
30 community detected
NMI:0.02286594503611572
ARM:0.025448657466282776
__glove+PLP__
PLP detected communities in 0.10730099678039551 [s]
solution properties:
-------------------  ----------
# communities         30
min community size   121
max community size   242
avg. community size  166.633
modularity             0.747889
-------------------  ----------
30 community detected
NMI:0.023859951705909932
ARM:0.026608089785716715
__fake_pmi__
Network Properties for:		G#34cc
nodes, edges			4999, 41798
directed?			False
weighted?			True
isolated nodes			0
self-loops			0
density				0.003346
clustering coefficient		0.415260
min/max/avg degree		4, 235, 16.722545
degree assortativity		0.148925
number of connected components	1
size of largest component	4999 (100.00 %)
tot:  0.0
__fake_pmi+Louvain__
1 community detected due to total edge weight equal 0
NMI:1
ARM:0.026608089785716715
__fake_pmi+PLP__
1 community detected due to total edge weight equal 0
NMI:1
ARM:0.026608089785716715
__iterative_rev_degree_order__
Network Properties for:		G#47cc
nodes, edges			4999, 41798
directed?			False
weighted?			True
isolated nodes			0
self-loops			0
density				0.003346
clustering coefficient		0.415260
min/max/avg degree		4, 235, 16.722545
degree assortativity		0.148925
number of connected components	1
size of largest component	4999 (100.00 %)
tot:  1623.636967681665
__iterative_rev_degree_order+Louvain__
PLM(balanced,pc,turbo) detected communities in 0.8699018955230713 [s]
solution properties:
-------------------  ----------
# communities         53
min community size     2
max community size   299
avg. community size   94.3208
modularity             0.858874
-------------------  ----------
30 community detected
NMI:0.5733957804897656
ARM:0.7443429318324286
__iterative_rev_degree_order+PLP__
PLP detected communities in 0.07931995391845703 [s]
solution properties:
-------------------  -----------
# communities        1534
min community size      2
max community size     16
avg. community size     3.2588
modularity              0.728871
-------------------  -----------
30 community detected
NMI:0.4514116397073178
ARM:0.9805069121249762
__pmi__
Network Properties for:		G#72cc
nodes, edges			4999, 41798
directed?			False
weighted?			True
isolated nodes			0
self-loops			0
density				0.003346
clustering coefficient		0.415260
min/max/avg degree		4, 235, 16.722545
degree assortativity		0.148925
number of connected components	1
size of largest component	4999 (100.00 %)
tot:  116692.59942177487
__pmi+Louvain__
PLM(balanced,pc,turbo) detected communities in 0.4298088550567627 [s]
solution properties:
-------------------  ---------
# communities         29
min community size   131
max community size   398
avg. community size  172.379
modularity             1.00743
-------------------  ---------
30 community detected
NMI:0.10036155557967907
ARM:0.16582389369279205
__pmi+PLP__
PLP detected communities in 0.1506943702697754 [s]
solution properties:
-------------------  --------
# communities         41
min community size     2
max community size   220
avg. community size  121.927
modularity             1.0033
-------------------  --------
30 community detected
NMI:0.09283928160627153
ARM:0.12643045747620507
__standard__
Network Properties for:		G#91cc
nodes, edges			4999, 41798
directed?			False
weighted?			True
isolated nodes			0
self-loops			0
density				0.003346
clustering coefficient		0.415260
min/max/avg degree		4, 235, 16.722545
degree assortativity		0.148925
number of connected components	1
size of largest component	4999 (100.00 %)
tot:  10.53031585263825
__standard+Louvain__
PLM(balanced,pc,turbo) detected communities in 0.6110737323760986 [s]
solution properties:
-------------------  ----------
# communities         32
min community size     2
max community size   237
avg. community size  156.219
modularity             0.839737
-------------------  ----------
30 community detected
NMI:0.2912325162013849
ARM:0.3801300454991353
__standard+PLP__
PLP detected communities in 0.23906731605529785 [s]
solution properties:
-------------------  -----------
# communities        1022
min community size      1
max community size    130
avg. community size     4.89139
modularity              0.646019
-------------------  -----------
30 community detected
NMI:0.37816186906454174
ARM:0.7192888499712679
__ppmi__
Network Properties for:		G#113cc
nodes, edges			4999, 41798
directed?			False
weighted?			True
isolated nodes			0
self-loops			0
density				0.003346
clustering coefficient		0.415260
min/max/avg degree		4, 235, 16.722545
degree assortativity		0.148925
number of connected components	1
size of largest component	4999 (100.00 %)
tot:  167770.4413900096
__ppmi+Louvain__
PLM(balanced,pc,turbo) detected communities in 0.403564453125 [s]
solution properties:
-------------------  ----------
# communities         30
min community size   123
max community size   238
avg. community size  166.633
modularity             0.787673
-------------------  ----------
30 community detected
NMI:0.004045596397324158
ARM:0.005017373411064341
__ppmi+PLP__
PLP detected communities in 0.1103506088256836 [s]
solution properties:
-------------------  ----------
# communities         30
min community size   123
max community size   238
avg. community size  166.633
modularity             0.787671
-------------------  ----------
30 community detected
NMI:0.004779670523414992
ARM:0.005902508263753381
__glovexmax50alpha0.2__
Network Properties for:		G#132cc
nodes, edges			4999, 41798
directed?			False
weighted?			True
isolated nodes			0
self-loops			0
density				0.003346
clustering coefficient		0.415260
min/max/avg degree		4, 235, 16.722545
degree assortativity		0.148925
number of connected components	1
size of largest component	4999 (100.00 %)
tot:  22467.673829845553
__glovexmax50alpha0.2+Louvain__
PLM(balanced,pc,turbo) detected communities in 0.4149801731109619 [s]
solution properties:
-------------------  ----------
# communities         29
min community size   126
max community size   255
avg. community size  172.379
modularity             0.776802
-------------------  ----------
30 community detected
NMI:0.005244148014591055
ARM:0.019262045010458473
__glovexmax50alpha0.2+PLP__
PLP detected communities in 0.09936857223510742 [s]
solution properties:
-------------------  ----------
# communities         30
min community size   122
max community size   239
avg. community size  166.633
modularity             0.777287
-------------------  ----------
30 community detected
NMI:0.0
ARM:0.0
__glovexmax40alpha0.2__
Network Properties for:		G#151cc
nodes, edges			4999, 41798
directed?			False
weighted?			True
isolated nodes			0
self-loops			0
density				0.003346
clustering coefficient		0.415260
min/max/avg degree		4, 235, 16.722545
degree assortativity		0.148925
number of connected components	1
size of largest component	4999 (100.00 %)
tot:  23463.070343337
__glovexmax40alpha0.2+Louvain__
PLM(balanced,pc,turbo) detected communities in 0.2643773555755615 [s]
solution properties:
-------------------  ----------
# communities         30
min community size   122
max community size   239
avg. community size  166.633
modularity             0.777499
-------------------  ----------
30 community detected
NMI:0.0
ARM:0.0
__glovexmax40alpha0.2+PLP__
PLP detected communities in 0.11636996269226074 [s]
solution properties:
-------------------  ----------
# communities         30
min community size   122
max community size   239
avg. community size  166.633
modularity             0.777499
-------------------  ----------
30 community detected
NMI:0.0
ARM:0.0
__glovexmax30alpha0.3__
Network Properties for:		G#167cc
nodes, edges			4999, 41798
directed?			False
weighted?			True
isolated nodes			0
self-loops			0
density				0.003346
clustering coefficient		0.415260
min/max/avg degree		4, 235, 16.722545
degree assortativity		0.148925
number of connected components	1
size of largest component	4999 (100.00 %)
tot:  20763.072400504618
__glovexmax30alpha0.3+Louvain__
PLM(balanced,pc,turbo) detected communities in 0.24562478065490723 [s]
solution properties:
-------------------  ----------
# communities         30
min community size   122
max community size   239
avg. community size  166.633
modularity             0.776341
-------------------  ----------
30 community detected
NMI:0.0017961516855816706
ARM:0.0019690488249166638
__glovexmax30alpha0.3+PLP__
PLP detected communities in 0.11217522621154785 [s]
solution properties:
-------------------  ----------
# communities         30
min community size   122
max community size   239
avg. community size  166.633
modularity             0.776341
-------------------  ----------
30 community detected
NMI:0.0017961516855817816
ARM:0.0019690488249166638
