__LOADINGS__
4992/62242 8.020307830725233 % of nul weighted edges removed
1/5000 0.02 % of nul degree nodes removed
Network Properties for:		network
nodes, edges			4999, 57250
directed?			False
weighted?			True
isolated nodes			1
self-loops			0
density				0.004583
clustering coefficient		0.315327
min/max/avg degree		0, 230, 22.904581
degree assortativity		0.236355
number of connected components	1
size of largest component	4999 (100.00 %)
453017.4023682407
__Groundtruth__
read communities from: ../../lfr_5000/mk300/k25/muw0.3/24/community.dat
-------------------  ---------
# communities         32
min community size   100
max community size   215
avg. community size  156.25
modularity             0.62618
-------------------  ---------
32 community detected
__CLASSIC_METHODS__
__Louvain__
PLM(balanced,pc,turbo) detected communities in 0.06275296211242676 [s]
solution properties:
-------------------  ----------
# communities         32
min community size   100
max community size   219
avg. community size  156.219
modularity             0.627155
-------------------  ----------
32 community detected
NMI:0.022974020014939422
ARI:0.028239339046543854
__Singleton__
32 community detected
NMI:0.4236841828226895
ARI:1.0
__AllInOne__
32 community detected
NMI:1.0
ARI:1.0
__PLP__
PLP detected communities in 0.02472066879272461 [s]
solution properties:
-------------------  ----------
# communities         33
min community size     1
max community size   219
avg. community size  151.515
modularity             0.627151
-------------------  ----------
32 community detected
NMI:0.023884878212647842
ARI:0.029581609171812406
__NORMALIZATION__
__glove__
Network Properties for:		G#18
nodes, edges			4999, 57250
directed?			False
weighted?			True
isolated nodes			1
self-loops			0
density				0.004583
clustering coefficient		0.315327
min/max/avg degree		0, 230, 22.904581
degree assortativity		0.236355
number of connected components	1
size of largest component	4999 (100.00 %)
tot:  7504.885269874634
__glove+Louvain__
PLM(balanced,pc,turbo) detected communities in 0.007237434387207031 [s]
solution properties:
-------------------  ----------
# communities         32
min community size   100
max community size   216
avg. community size  156.219
modularity             0.644812
-------------------  ----------
32 community detected
NMI:0.012839179093905972
ARI:0.015863962984942748
__glove+PLP__
PLP detected communities in 0.0015363693237304688 [s]
solution properties:
-------------------  ----------
# communities         33
min community size     1
max community size   219
avg. community size  151.515
modularity             0.644808
-------------------  ----------
32 community detected
NMI:0.014967279698305802
ARI:0.01846822727873887
__fake_pmi__
Network Properties for:		G#24
nodes, edges			4999, 57250
directed?			False
weighted?			True
isolated nodes			1
self-loops			0
density				0.004583
clustering coefficient		0.315327
min/max/avg degree		0, 230, 22.904581
degree assortativity		0.236355
number of connected components	1
size of largest component	4999 (100.00 %)
tot:  0.0
__fake_pmi+Louvain__
1 community detected due to total edge weight equal 0
NMI:1
ARI:1
__fake_pmi+PLP__
1 community detected due to total edge weight equal 0
NMI:1
ARI:1
__iterative_rev_degree_order__
Network Properties for:		G#27
nodes, edges			4999, 57250
directed?			False
weighted?			True
isolated nodes			1
self-loops			0
density				0.004583
clustering coefficient		0.315327
min/max/avg degree		0, 230, 22.904581
degree assortativity		0.236355
number of connected components	1
size of largest component	4999 (100.00 %)
tot:  1366.7117333150118
__iterative_rev_degree_order+Louvain__
PLM(balanced,pc,turbo) detected communities in 0.29631876945495605 [s]
solution properties:
-------------------  ----------
# communities         39
min community size    83
max community size   255
avg. community size  128.179
modularity             0.805506
-------------------  ----------
32 community detected
NMI:0.753673204527292
ARI:0.8989844185710253
__iterative_rev_degree_order+PLP__
PLP detected communities in 0.024902820587158203 [s]
solution properties:
-------------------  -----------
# communities        1539
min community size      1
max community size     13
avg. community size     3.24886
modularity              0.687932
-------------------  -----------
32 community detected
NMI:0.4847932670210081
ARI:0.9874260590158482
__pmi__
Network Properties for:		G#42
nodes, edges			4999, 57250
directed?			False
weighted?			True
isolated nodes			1
self-loops			0
density				0.004583
clustering coefficient		0.315327
min/max/avg degree		0, 230, 22.904581
degree assortativity		0.236355
number of connected components	1
size of largest component	4999 (100.00 %)
tot:  176111.99515152458
__pmi+Louvain__
PLM(balanced,pc,turbo) detected communities in 0.13921046257019043 [s]
solution properties:
-------------------  ----------
# communities         24
min community size   106
max community size   399
avg. community size  208.292
modularity             0.775936
-------------------  ----------
32 community detected
NMI:0.15809336218049896
ARI:0.32696758656464253
__pmi+PLP__
PLP detected communities in 0.012312889099121094 [s]
solution properties:
-------------------  ----------
# communities         43
min community size     1
max community size   360
avg. community size  116.279
modularity             0.770345
-------------------  ----------
32 community detected
NMI:0.11824960361546721
ARI:0.19428187007990794
__standard__
Network Properties for:		G#51
nodes, edges			4999, 57250
directed?			False
weighted?			True
isolated nodes			1
self-loops			0
density				0.004583
clustering coefficient		0.315327
min/max/avg degree		0, 230, 22.904581
degree assortativity		0.236355
number of connected components	1
size of largest component	4999 (100.00 %)
tot:  8.856242689270262
__standard+Louvain__
PLM(balanced,pc,turbo) detected communities in 0.01768183708190918 [s]
solution properties:
-------------------  ----------
# communities         23
min community size   145
max community size   315
avg. community size  217.348
modularity             0.757211
-------------------  ----------
32 community detected
NMI:0.43941063179318174
ARI:0.591334668616695
__standard+PLP__
PLP detected communities in 0.00599980354309082 [s]
solution properties:
-------------------  ----------
# communities        951
min community size     1
max community size   128
avg. community size    5.25762
modularity             0.621271
-------------------  ----------
32 community detected
NMI:0.40297007662040185
ARI:0.7218455182661729
__ppmi__
Network Properties for:		G#63
nodes, edges			4999, 57250
directed?			False
weighted?			True
isolated nodes			1
self-loops			0
density				0.004583
clustering coefficient		0.315327
min/max/avg degree		0, 230, 22.904581
degree assortativity		0.236355
number of connected components	1
size of largest component	4999 (100.00 %)
tot:  232158.45915200433
__ppmi+Louvain__
PLM(balanced,pc,turbo) detected communities in 0.07303929328918457 [s]
solution properties:
-------------------  ----------
# communities         32
min community size   101
max community size   215
avg. community size  156.219
modularity             0.685475
-------------------  ----------
32 community detected
NMI:0.0039215058760267985
ARI:0.004919168561538401
__ppmi+PLP__
PLP detected communities in 0.02961897850036621 [s]
solution properties:
-------------------  ----------
# communities         32
min community size     1
max community size   387
avg. community size  156.25
modularity             0.683889
-------------------  ----------
32 community detected
NMI:0.012081987311140296
ARI:0.05063002949859763
__glovexmax50alpha0.2__
Network Properties for:		G#69
nodes, edges			4999, 57250
directed?			False
weighted?			True
isolated nodes			1
self-loops			0
density				0.004583
clustering coefficient		0.315327
min/max/avg degree		0, 230, 22.904581
degree assortativity		0.236355
number of connected components	1
size of largest component	4999 (100.00 %)
tot:  32641.375980874385
__glovexmax50alpha0.2+Louvain__
PLM(balanced,pc,turbo) detected communities in 0.12606143951416016 [s]
solution properties:
-------------------  ----------
# communities         23
min community size   153
max community size   338
avg. community size  217.348
modularity             0.668167
-------------------  ----------
32 community detected
NMI:0.05206546491238129
ARI:0.1806806491346331
__glovexmax50alpha0.2+PLP__
PLP detected communities in 0.026433229446411133 [s]
solution properties:
-------------------  ----------
# communities         33
min community size     1
max community size   214
avg. community size  151.515
modularity             0.674828
-------------------  ----------
32 community detected
NMI:0.0
ARI:0.0
__glovexmax40alpha0.2__
Network Properties for:		G#78
nodes, edges			4999, 57250
directed?			False
weighted?			True
isolated nodes			1
self-loops			0
density				0.004583
clustering coefficient		0.315327
min/max/avg degree		0, 230, 22.904581
degree assortativity		0.236355
number of connected components	1
size of largest component	4999 (100.00 %)
tot:  34100.99993707267
__glovexmax40alpha0.2+Louvain__
PLM(balanced,pc,turbo) detected communities in 0.0888359546661377 [s]
solution properties:
-------------------  ----------
# communities         13
min community size   289
max community size   488
avg. community size  384.538
modularity             0.644501
-------------------  ----------
32 community detected
NMI:0.14895414905982318
ARI:0.4366774840096961
__glovexmax40alpha0.2+PLP__
PLP detected communities in 0.002315044403076172 [s]
solution properties:
-------------------  ----------
# communities         33
min community size     1
max community size   214
avg. community size  151.515
modularity             0.674957
-------------------  ----------
32 community detected
NMI:0.0
ARI:0.0
__glovexmax30alpha0.3__
Network Properties for:		G#87
nodes, edges			4999, 57250
directed?			False
weighted?			True
isolated nodes			1
self-loops			0
density				0.004583
clustering coefficient		0.315327
min/max/avg degree		0, 230, 22.904581
degree assortativity		0.236355
number of connected components	1
size of largest component	4999 (100.00 %)
tot:  30698.333172912255
__glovexmax30alpha0.3+Louvain__
PLM(balanced,pc,turbo) detected communities in 0.046410560607910156 [s]
solution properties:
-------------------  ----------
# communities         21
min community size   168
max community size   326
avg. community size  238.048
modularity             0.663309
-------------------  ----------
32 community detected
NMI:0.06641747384296737
ARI:0.22305687411111952
__glovexmax30alpha0.3+PLP__
PLP detected communities in 0.0016779899597167969 [s]
solution properties:
-------------------  ----------
# communities         33
min community size     1
max community size   215
avg. community size  151.515
modularity             0.672457
-------------------  ----------
32 community detected
NMI:0.0003681098493909518
ARI:0.0005371217981501308
NMI classement:
[('NMIglovexmax50alpha0.2+PLP', 0.0), ('NMIglovexmax40alpha0.2+PLP', 0.0), ('NMIglovexmax30alpha0.3+PLP', 0.0003681098493909518), ('NMIppmi+Louvain', 0.0039215058760267985), ('NMIppmi+PLP', 0.012081987311140296), ('NMIglove+Louvain', 0.012839179093905972), ('NMIglove+PLP', 0.014967279698305802), ('NMILouvain', 0.022974020014939422), ('NMIPLP', 0.023884878212647842), ('NMIglovexmax50alpha0.2+Louvain', 0.05206546491238129), ('NMIglovexmax30alpha0.3+Louvain', 0.06641747384296737), ('NMIpmi+PLP', 0.11824960361546721), ('NMIglovexmax40alpha0.2+Louvain', 0.14895414905982318), ('NMIpmi+Louvain', 0.15809336218049896), ('NMIstandard+PLP', 0.40297007662040185), ('NMISingleton', 0.4236841828226895), ('NMIstandard+Louvain', 0.43941063179318174), ('NMIiterative_rev_degree_order+PLP', 0.4847932670210081), ('NMIiterative_rev_degree_order+Louvain', 0.753673204527292), ('NMIAllInOne', 1.0), ('NMIfake_pmi+Louvain', 1), ('NMIfake_pmi+PLP', 1)]
ARI classement:
[('ARIglovexmax50alpha0.2+PLP', 0.0), ('ARIglovexmax40alpha0.2+PLP', 0.0), ('ARIglovexmax30alpha0.3+PLP', 0.0005371217981501308), ('ARIppmi+Louvain', 0.004919168561538401), ('ARIglove+Louvain', 0.015863962984942748), ('ARIglove+PLP', 0.01846822727873887), ('ARILouvain', 0.028239339046543854), ('ARIPLP', 0.029581609171812406), ('ARIppmi+PLP', 0.05063002949859763), ('ARIglovexmax50alpha0.2+Louvain', 0.1806806491346331), ('ARIpmi+PLP', 0.19428187007990794), ('ARIglovexmax30alpha0.3+Louvain', 0.22305687411111952), ('ARIpmi+Louvain', 0.32696758656464253), ('ARIglovexmax40alpha0.2+Louvain', 0.4366774840096961), ('ARIstandard+Louvain', 0.591334668616695), ('ARIstandard+PLP', 0.7218455182661729), ('ARIiterative_rev_degree_order+Louvain', 0.8989844185710253), ('ARIiterative_rev_degree_order+PLP', 0.9874260590158482), ('ARISingleton', 1.0), ('ARIAllInOne', 1.0), ('ARIfake_pmi+Louvain', 1), ('ARIfake_pmi+PLP', 1)]
