__LOADINGS__
Network Properties for:		network
nodes, edges			5000, 56377
directed?			False
weighted?			True
isolated nodes			0
self-loops			0
density				0.004511
clustering coefficient		0.238915
min/max/avg degree		1, 346, 22.550800
degree assortativity		0.312479
number of connected components	1
size of largest component	5000 (100.00 %)
521145.34949742927
__Groundtruth__
read communities from: ../../lfr_5000/mk500/k25/muw0.4/1/community.dat
-------------------  ----------
# communities         45
min community size     6
max community size   473
avg. community size  111.111
modularity             0.451656
-------------------  ----------
45 community detected
__CLASSIC_METHODS__
__Louvain__
PLM(balanced,pc,turbo) detected communities in 0.4646573066711426 [s]
solution properties:
-------------------  ----------
# communities         21
min community size    57
max community size   474
avg. community size  238.095
modularity             0.457054
-------------------  ----------
45 community detected
NMI:0.1630306004959874
ARM:0.18897120629494868
__Singleton__
45 community detected
NMI:0.4614604625731926
ARM:1.0
__AllInOne__
45 community detected
NMI:1.0
ARM:1.0
__PLP__
PLP detected communities in 0.09699749946594238 [s]
solution properties:
-------------------  ----------
# communities         33
min community size     2
max community size   709
avg. community size  151.515
modularity             0.450507
-------------------  ----------
45 community detected
NMI:0.18409018049210368
ARM:0.27304640848516093
__NORMALIZATION__
__glove__
Network Properties for:		G#21cc
nodes, edges			5000, 56377
directed?			False
weighted?			True
isolated nodes			0
self-loops			0
density				0.004511
clustering coefficient		0.238915
min/max/avg degree		1, 346, 22.550800
degree assortativity		0.312479
number of connected components	1
size of largest component	5000 (100.00 %)
tot:  8043.002234928878
__glove+Louvain__
PLM(balanced,pc,turbo) detected communities in 0.37613773345947266 [s]
solution properties:
-------------------  ----------
# communities         21
min community size    62
max community size   457
avg. community size  238.095
modularity             0.482658
-------------------  ----------
45 community detected
NMI:0.12544716325259442
ARM:0.14334394201847522
__glove+PLP__
PLP detected communities in 0.09342432022094727 [s]
solution properties:
-------------------  ----------
# communities         41
min community size     2
max community size   487
avg. community size  121.951
modularity             0.482102
-------------------  ----------
45 community detected
NMI:0.10416013907415622
ARM:0.13712355399733522
__fake_pmi__
Network Properties for:		G#40cc
nodes, edges			5000, 56377
directed?			False
weighted?			True
isolated nodes			0
self-loops			0
density				0.004511
clustering coefficient		0.238915
min/max/avg degree		1, 346, 22.550800
degree assortativity		0.312479
number of connected components	1
size of largest component	5000 (100.00 %)
tot:  0.0
__fake_pmi+Louvain__
1 community detected due to total edge weight equal 0
NMI:1
ARM:0.13712355399733522
__fake_pmi+PLP__
1 community detected due to total edge weight equal 0
NMI:1
ARM:0.13712355399733522
__iterative_rev_degree_order__
Network Properties for:		G#53cc
nodes, edges			5000, 56377
directed?			False
weighted?			True
isolated nodes			0
self-loops			0
density				0.004511
clustering coefficient		0.238915
min/max/avg degree		1, 346, 22.550800
degree assortativity		0.312479
number of connected components	1
size of largest component	5000 (100.00 %)
tot:  1361.939837967122
__iterative_rev_degree_order+Louvain__
PLM(balanced,pc,turbo) detected communities in 0.7620635032653809 [s]
solution properties:
-------------------  ---------
# communities         62
min community size    38
max community size   143
avg. community size   80.6452
modularity             0.83174
-------------------  ---------
45 community detected
NMI:0.7933636566603637
ARM:0.9747154152040551
__iterative_rev_degree_order+PLP__
PLP detected communities in 0.06683754920959473 [s]
solution properties:
-------------------  ----------
# communities        1531
min community size      2
max community size     12
avg. community size     3.26584
modularity              0.71864
-------------------  ----------
45 community detected
NMI:0.5392371894671544
ARM:0.9942173479561316
__pmi__
Network Properties for:		G#78cc
nodes, edges			5000, 56377
directed?			False
weighted?			True
isolated nodes			0
self-loops			0
density				0.004511
clustering coefficient		0.238915
min/max/avg degree		1, 346, 22.550800
degree assortativity		0.312479
number of connected components	1
size of largest component	5000 (100.00 %)
tot:  127581.94557328263
__pmi+Louvain__
PLM(balanced,pc,turbo) detected communities in 0.5833179950714111 [s]
solution properties:
-------------------  ----------
# communities         30
min community size    14
max community size   536
avg. community size  166.667
modularity             0.758939
-------------------  ----------
45 community detected
NMI:0.34802593803992277
ARM:0.503441954810961
__pmi+PLP__
PLP detected communities in 0.22266578674316406 [s]
solution properties:
-------------------  -----------
# communities         113
min community size      1
max community size   1013
avg. community size    44.2478
modularity              0.734118
-------------------  -----------
45 community detected
NMI:0.3707790746139922
ARM:0.6512613914334997
__standard__
Network Properties for:		G#100cc
nodes, edges			5000, 56377
directed?			False
weighted?			True
isolated nodes			0
self-loops			0
density				0.004511
clustering coefficient		0.238915
min/max/avg degree		1, 346, 22.550800
degree assortativity		0.312479
number of connected components	1
size of largest component	5000 (100.00 %)
tot:  13.353442862431047
__standard+Louvain__
PLM(balanced,pc,turbo) detected communities in 0.7300212383270264 [s]
solution properties:
-------------------  ----------
# communities         78
min community size     2
max community size   248
avg. community size   64.1026
modularity             0.828258
-------------------  ----------
45 community detected
NMI:0.7230420633962087
ARM:0.9291313859843777
__standard+PLP__
PLP detected communities in 0.23076510429382324 [s]
solution properties:
-------------------  -----------
# communities        1168
min community size      2
max community size     69
avg. community size     4.28082
modularity              0.698159
-------------------  -----------
45 community detected
NMI:0.5746143452723512
ARM:0.9877253336242721
__ppmi__
Network Properties for:		G#122cc
nodes, edges			5000, 56377
directed?			False
weighted?			True
isolated nodes			0
self-loops			0
density				0.004511
clustering coefficient		0.238915
min/max/avg degree		1, 346, 22.550800
degree assortativity		0.312479
number of connected components	1
size of largest component	5000 (100.00 %)
tot:  196856.27413942356
__ppmi+Louvain__
PLM(balanced,pc,turbo) detected communities in 0.384202241897583 [s]
solution properties:
-------------------  ----------
# communities         25
min community size    56
max community size   480
avg. community size  200
modularity             0.563083
-------------------  ----------
45 community detected
NMI:0.18448250665831334
ARM:0.2471793878512284
__ppmi+PLP__
PLP detected communities in 0.15238475799560547 [s]
solution properties:
-------------------  -----------
# communities          45
min community size      2
max community size   2566
avg. community size   111.111
modularity              0.475334
-------------------  -----------
45 community detected
NMI:0.266884428149049
ARM:0.7685281945694045
__glovexmax50alpha0.2__
Network Properties for:		G#141cc
nodes, edges			5000, 56377
directed?			False
weighted?			True
isolated nodes			0
self-loops			0
density				0.004511
clustering coefficient		0.238915
min/max/avg degree		1, 346, 22.550800
degree assortativity		0.312479
number of connected components	1
size of largest component	5000 (100.00 %)
tot:  31755.873352172875
__glovexmax50alpha0.2+Louvain__
PLM(balanced,pc,turbo) detected communities in 0.30483293533325195 [s]
solution properties:
-------------------  ----------
# communities         25
min community size    25
max community size   465
avg. community size  200
modularity             0.531985
-------------------  ----------
45 community detected
NMI:0.036984300432344575
ARM:0.03231829209697412
__glovexmax50alpha0.2+PLP__
PLP detected communities in 0.1283886432647705 [s]
solution properties:
-------------------  ----------
# communities         42
min community size     5
max community size   476
avg. community size  119.048
modularity             0.531599
-------------------  ----------
45 community detected
NMI:0.018476626068823387
ARM:0.025099828013896097
__glovexmax40alpha0.2__
Network Properties for:		G#160cc
nodes, edges			5000, 56377
directed?			False
weighted?			True
isolated nodes			0
self-loops			0
density				0.004511
clustering coefficient		0.238915
min/max/avg degree		1, 346, 22.550800
degree assortativity		0.312479
number of connected components	1
size of largest component	5000 (100.00 %)
tot:  33148.792608596064
__glovexmax40alpha0.2+Louvain__
PLM(balanced,pc,turbo) detected communities in 0.23532843589782715 [s]
solution properties:
-------------------  ---------
# communities         26
min community size    25
max community size   466
avg. community size  192.308
modularity             0.53235
-------------------  ---------
45 community detected
NMI:0.034624350851630625
ARM:0.030070351818511365
__glovexmax40alpha0.2+PLP__
PLP detected communities in 0.07661867141723633 [s]
solution properties:
-------------------  ----------
# communities         43
min community size     5
max community size   476
avg. community size  116.279
modularity             0.531966
-------------------  ----------
45 community detected
NMI:0.016977594252584827
ARM:0.023002273849830224
__glovexmax30alpha0.3__
Network Properties for:		G#179cc
nodes, edges			5000, 56377
directed?			False
weighted?			True
isolated nodes			0
self-loops			0
density				0.004511
clustering coefficient		0.238915
min/max/avg degree		1, 346, 22.550800
degree assortativity		0.312479
number of connected components	1
size of largest component	5000 (100.00 %)
tot:  29933.96284662349
__glovexmax30alpha0.3+Louvain__
PLM(balanced,pc,turbo) detected communities in 0.20204377174377441 [s]
solution properties:
-------------------  ----------
# communities         14
min community size   243
max community size   463
avg. community size  357.143
modularity             0.522993
-------------------  ----------
45 community detected
NMI:0.11551125874117885
ARM:0.1705609163949774
__glovexmax30alpha0.3+PLP__
PLP detected communities in 0.034798383712768555 [s]
solution properties:
-------------------  ----------
# communities         41
min community size     6
max community size   488
avg. community size  121.951
modularity             0.523648
-------------------  ----------
45 community detected
NMI:0.03772923848000298
ARM:0.05170901158310315
