__LOADINGS__
4991/61548 8.109118086696562 % of nul weighted edges removed
1/5000 0.02 % of nul degree nodes removed
Network Properties for:		network
nodes, edges			4999, 56557
directed?			False
weighted?			True
isolated nodes			1
self-loops			0
density				0.004527
clustering coefficient		0.484121
min/max/avg degree		0, 390, 22.627325
degree assortativity		0.186473
number of connected components	1
size of largest component	4999 (100.00 %)
520486.57553039753
__Groundtruth__
read communities from: ../../lfr_5000/mk500/k25/muw0.2/36/community.dat
-------------------  ----------
# communities         45
min community size     6
max community size   473
avg. community size  111.111
modularity             0.649358
-------------------  ----------
45 community detected
__CLASSIC_METHODS__
__Louvain__
PLM(balanced,pc,turbo) detected communities in 0.20890021324157715 [s]
solution properties:
-------------------  ----------
# communities         24
min community size     7
max community size   479
avg. community size  208.292
modularity             0.651749
-------------------  ----------
45 community detected
NMI:0.04459002575381554
ARI:0.044527760215638534
__Singleton__
45 community detected
NMI:0.46114231974357534
ARI:1.0
__AllInOne__
45 community detected
NMI:1.0
ARI:1.0
__PLP__
PLP detected communities in 0.03594541549682617 [s]
solution properties:
-------------------  ----------
# communities         46
min community size     1
max community size   479
avg. community size  108.696
modularity             0.651644
-------------------  ----------
45 community detected
NMI:0.013935931303255433
ARI:0.01786121605515467
__NORMALIZATION__
__glove__
Network Properties for:		G#21
nodes, edges			4999, 56557
directed?			False
weighted?			True
isolated nodes			1
self-loops			0
density				0.004527
clustering coefficient		0.484121
min/max/avg degree		0, 390, 22.627325
degree assortativity		0.186473
number of connected components	1
size of largest component	4999 (100.00 %)
tot:  7672.675002855133
__glove+Louvain__
PLM(balanced,pc,turbo) detected communities in 0.23105287551879883 [s]
solution properties:
-------------------  ----------
# communities         22
min community size    67
max community size   476
avg. community size  227.227
modularity             0.690528
-------------------  ----------
45 community detected
NMI:0.043326838510747256
ARI:0.041720418725784025
__glove+PLP__
PLP detected communities in 0.04453325271606445 [s]
solution properties:
-------------------  ----------
# communities         46
min community size     1
max community size   477
avg. community size  108.696
modularity             0.690508
-------------------  ----------
45 community detected
NMI:0.009853540848230646
ARI:0.012316543632171717
__fake_pmi__
Network Properties for:		G#30
nodes, edges			4999, 56557
directed?			False
weighted?			True
isolated nodes			1
self-loops			0
density				0.004527
clustering coefficient		0.484121
min/max/avg degree		0, 390, 22.627325
degree assortativity		0.186473
number of connected components	1
size of largest component	4999 (100.00 %)
tot:  0.0
__fake_pmi+Louvain__
1 community detected due to total edge weight equal 0
NMI:1
ARI:1
__fake_pmi+PLP__
1 community detected due to total edge weight equal 0
NMI:1
ARI:1
__iterative_rev_degree_order__
Network Properties for:		G#33
nodes, edges			4999, 56557
directed?			False
weighted?			True
isolated nodes			1
self-loops			0
density				0.004527
clustering coefficient		0.484121
min/max/avg degree		0, 390, 22.627325
degree assortativity		0.186473
number of connected components	1
size of largest component	4999 (100.00 %)
tot:  1544.0182904671274
__iterative_rev_degree_order+Louvain__
PLM(balanced,pc,turbo) detected communities in 0.42354393005371094 [s]
solution properties:
-------------------  ----------
# communities         43
min community size    11
max community size   267
avg. community size  116.256
modularity             0.863881
-------------------  ----------
45 community detected
NMI:0.6205794535628152
ARI:0.8515567319624876
__iterative_rev_degree_order+PLP__
PLP detected communities in 0.04744601249694824 [s]
solution properties:
-------------------  -----------
# communities        1485
min community size      1
max community size     13
avg. community size     3.367
modularity              0.733558
-------------------  -----------
45 community detected
NMI:0.5012353698109194
ARI:0.9890630891971172
__pmi__
Network Properties for:		G#48
nodes, edges			4999, 56557
directed?			False
weighted?			True
isolated nodes			1
self-loops			0
density				0.004527
clustering coefficient		0.484121
min/max/avg degree		0, 390, 22.627325
degree assortativity		0.186473
number of connected components	1
size of largest component	4999 (100.00 %)
tot:  109510.88671241463
__pmi+Louvain__
PLM(balanced,pc,turbo) detected communities in 0.30901026725769043 [s]
solution properties:
-------------------  ----------
# communities          33
min community size      7
max community size   1468
avg. community size   151.485
modularity              1.20986
-------------------  ----------
45 community detected
NMI:0.19298874728552673
ARI:0.5097955213571896
__pmi+PLP__
PLP detected communities in 0.10756397247314453 [s]
solution properties:
-------------------  ---------
# communities         51
min community size     1
max community size   472
avg. community size   98.0392
modularity             1.20362
-------------------  ---------
45 community detected
NMI:0.11783927926596593
ARI:0.17225576535035803
__standard__
Network Properties for:		G#57
nodes, edges			4999, 56557
directed?			False
weighted?			True
isolated nodes			1
self-loops			0
density				0.004527
clustering coefficient		0.484121
min/max/avg degree		0, 390, 22.627325
degree assortativity		0.186473
number of connected components	1
size of largest component	4999 (100.00 %)
tot:  12.31619670018919
__standard+Louvain__
PLM(balanced,pc,turbo) detected communities in 0.6737284660339355 [s]
solution properties:
-------------------  -----------
# communities          48
min community size      2
max community size   1237
avg. community size   104.146
modularity              0.914338
-------------------  -----------
45 community detected
NMI:0.4022074846787079
ARI:0.6639810641197657
__standard+PLP__
PLP detected communities in 0.20404911041259766 [s]
solution properties:
-------------------  ----------
# communities        762
min community size     1
max community size   207
avg. community size    6.56168
modularity             0.828777
-------------------  ----------
45 community detected
NMI:0.42078726204790984
ARI:0.7372164376136003
__ppmi__
Network Properties for:		G#69
nodes, edges			4999, 56557
directed?			False
weighted?			True
isolated nodes			1
self-loops			0
density				0.004527
clustering coefficient		0.484121
min/max/avg degree		0, 390, 22.627325
degree assortativity		0.186473
number of connected components	1
size of largest component	4999 (100.00 %)
tot:  190543.44768572418
__ppmi+Louvain__
PLM(balanced,pc,turbo) detected communities in 0.3182525634765625 [s]
solution properties:
-------------------  ----------
# communities         36
min community size     7
max community size   465
avg. community size  138.861
modularity             0.777003
-------------------  ----------
45 community detected
NMI:0.023245512116252698
ARI:0.024334033038792113
__ppmi+PLP__
PLP detected communities in 0.10751080513000488 [s]
solution properties:
-------------------  ----------
# communities         46
min community size     1
max community size   898
avg. community size  108.696
modularity             0.772783
-------------------  ----------
45 community detected
NMI:0.029799384611641444
ARI:0.14476568319374616
__glovexmax50alpha0.2__
Network Properties for:		G#78
nodes, edges			4999, 56557
directed?			False
weighted?			True
isolated nodes			1
self-loops			0
density				0.004527
clustering coefficient		0.484121
min/max/avg degree		0, 390, 22.627325
degree assortativity		0.186473
number of connected components	1
size of largest component	4999 (100.00 %)
tot:  30603.289608275132
__glovexmax50alpha0.2+Louvain__
PLM(balanced,pc,turbo) detected communities in 0.3387575149536133 [s]
solution properties:
-------------------  ---------
# communities         34
min community size     6
max community size   473
avg. community size  147.029
modularity             0.74442
-------------------  ---------
45 community detected
NMI:0.01213971123928581
ARI:0.008290552701012754
__glovexmax50alpha0.2+PLP__
PLP detected communities in 0.0829153060913086 [s]
solution properties:
-------------------  ----------
# communities         46
min community size     1
max community size   473
avg. community size  108.696
modularity             0.744299
-------------------  ----------
45 community detected
NMI:0.0
ARI:0.0
__glovexmax40alpha0.2__
Network Properties for:		G#87
nodes, edges			4999, 56557
directed?			False
weighted?			True
isolated nodes			1
self-loops			0
density				0.004527
clustering coefficient		0.484121
min/max/avg degree		0, 390, 22.627325
degree assortativity		0.186473
number of connected components	1
size of largest component	4999 (100.00 %)
tot:  31913.575881315206
__glovexmax40alpha0.2+Louvain__
PLM(balanced,pc,turbo) detected communities in 0.36757898330688477 [s]
solution properties:
-------------------  ----------
# communities         34
min community size     6
max community size   473
avg. community size  147.029
modularity             0.745012
-------------------  ----------
45 community detected
NMI:0.01213971123928581
ARI:0.008290552701012754
__glovexmax40alpha0.2+PLP__
PLP detected communities in 0.0893712043762207 [s]
solution properties:
-------------------  ----------
# communities         46
min community size     1
max community size   473
avg. community size  108.696
modularity             0.744891
-------------------  ----------
45 community detected
NMI:0.0
ARI:0.0
__glovexmax30alpha0.3__
Network Properties for:		G#96
nodes, edges			4999, 56557
directed?			False
weighted?			True
isolated nodes			1
self-loops			0
density				0.004527
clustering coefficient		0.484121
min/max/avg degree		0, 390, 22.627325
degree assortativity		0.186473
number of connected components	1
size of largest component	4999 (100.00 %)
tot:  28319.426315684
__glovexmax30alpha0.3+Louvain__
PLM(balanced,pc,turbo) detected communities in 0.40767335891723633 [s]
solution properties:
-------------------  ----------
# communities         27
min community size     7
max community size   474
avg. community size  185.148
modularity             0.742167
-------------------  ----------
45 community detected
NMI:0.023466507814553172
ARI:0.019152445737214863
__glovexmax30alpha0.3+PLP__
PLP detected communities in 0.09310507774353027 [s]
solution properties:
-------------------  ---------
# communities         46
min community size     1
max community size   474
avg. community size  108.696
modularity             0.74217
-------------------  ---------
45 community detected
NMI:0.00045312397353980405
ARI:0.000683953690666983
NMI classement:
[('NMIglovexmax50alpha0.2+PLP', 0.0), ('NMIglovexmax40alpha0.2+PLP', 0.0), ('NMIglovexmax30alpha0.3+PLP', 0.00045312397353980405), ('NMIglove+PLP', 0.009853540848230646), ('NMIglovexmax50alpha0.2+Louvain', 0.01213971123928581), ('NMIglovexmax40alpha0.2+Louvain', 0.01213971123928581), ('NMIPLP', 0.013935931303255433), ('NMIppmi+Louvain', 0.023245512116252698), ('NMIglovexmax30alpha0.3+Louvain', 0.023466507814553172), ('NMIppmi+PLP', 0.029799384611641444), ('NMIglove+Louvain', 0.043326838510747256), ('NMILouvain', 0.04459002575381554), ('NMIpmi+PLP', 0.11783927926596593), ('NMIpmi+Louvain', 0.19298874728552673), ('NMIstandard+Louvain', 0.4022074846787079), ('NMIstandard+PLP', 0.42078726204790984), ('NMISingleton', 0.46114231974357534), ('NMIiterative_rev_degree_order+PLP', 0.5012353698109194), ('NMIiterative_rev_degree_order+Louvain', 0.6205794535628152), ('NMIAllInOne', 1.0), ('NMIfake_pmi+Louvain', 1), ('NMIfake_pmi+PLP', 1)]
ARI classement:
[('ARIglovexmax50alpha0.2+PLP', 0.0), ('ARIglovexmax40alpha0.2+PLP', 0.0), ('ARIglovexmax30alpha0.3+PLP', 0.000683953690666983), ('ARIglovexmax50alpha0.2+Louvain', 0.008290552701012754), ('ARIglovexmax40alpha0.2+Louvain', 0.008290552701012754), ('ARIglove+PLP', 0.012316543632171717), ('ARIPLP', 0.01786121605515467), ('ARIglovexmax30alpha0.3+Louvain', 0.019152445737214863), ('ARIppmi+Louvain', 0.024334033038792113), ('ARIglove+Louvain', 0.041720418725784025), ('ARILouvain', 0.044527760215638534), ('ARIppmi+PLP', 0.14476568319374616), ('ARIpmi+PLP', 0.17225576535035803), ('ARIpmi+Louvain', 0.5097955213571896), ('ARIstandard+Louvain', 0.6639810641197657), ('ARIstandard+PLP', 0.7372164376136003), ('ARIiterative_rev_degree_order+Louvain', 0.8515567319624876), ('ARIiterative_rev_degree_order+PLP', 0.9890630891971172), ('ARISingleton', 1.0), ('ARIAllInOne', 1.0), ('ARIfake_pmi+Louvain', 1), ('ARIfake_pmi+PLP', 1)]
