__LOADINGS__
4996/52550 9.507136060894386 % of nul weighted edges removed
1/5000 0.02 % of nul degree nodes removed
Network Properties for:		network
nodes, edges			4999, 47554
directed?			False
weighted?			True
isolated nodes			1
self-loops			0
density				0.003807
clustering coefficient		0.340769
min/max/avg degree		0, 360, 19.025405
degree assortativity		0.259490
number of connected components	1
size of largest component	4999 (100.00 %)
429561.4226880868
__Groundtruth__
read communities from: ../../lfr_5000/mk500/k20/muw0.3/23/community.dat
-------------------  ----------
# communities         46
min community size     5
max community size   472
avg. community size  108.696
modularity             0.539673
-------------------  ----------
46 community detected
__CLASSIC_METHODS__
__Louvain__
PLM(balanced,pc,turbo) detected communities in 0.31899046897888184 [s]
solution properties:
-------------------  ----------
# communities         23
min community size     5
max community size   484
avg. community size  217.348
modularity             0.544005
-------------------  ----------
46 community detected
NMI:0.1117140017184951
ARI:0.12895567770679972
__Singleton__
46 community detected
NMI:0.4626148514147852
ARI:1.0
__AllInOne__
46 community detected
NMI:1.0
ARI:1.0
__PLP__
PLP detected communities in 0.12738490104675293 [s]
solution properties:
-------------------  ----------
# communities         46
min community size     1
max community size   574
avg. community size  108.696
modularity             0.542385
-------------------  ----------
46 community detected
NMI:0.08463066074131076
ARI:0.1240137461363987
__NORMALIZATION__
__glove__
Network Properties for:		G#21
nodes, edges			4999, 47554
directed?			False
weighted?			True
isolated nodes			1
self-loops			0
density				0.003807
clustering coefficient		0.340769
min/max/avg degree		0, 360, 19.025405
degree assortativity		0.259490
number of connected components	1
size of largest component	4999 (100.00 %)
tot:  6429.417882565148
__glove+Louvain__
PLM(balanced,pc,turbo) detected communities in 0.3470582962036133 [s]
solution properties:
-------------------  ----------
# communities         20
min community size   112
max community size   483
avg. community size  249.95
modularity             0.579942
-------------------  ----------
46 community detected
NMI:0.0966162422489596
ARI:0.1077074330364628
__glove+PLP__
PLP detected communities in 0.15334749221801758 [s]
solution properties:
-------------------  ----------
# communities         46
min community size     1
max community size   489
avg. community size  108.696
modularity             0.579193
-------------------  ----------
46 community detected
NMI:0.0662159416320679
ARI:0.09105126847937128
__fake_pmi__
Network Properties for:		G#30
nodes, edges			4999, 47554
directed?			False
weighted?			True
isolated nodes			1
self-loops			0
density				0.003807
clustering coefficient		0.340769
min/max/avg degree		0, 360, 19.025405
degree assortativity		0.259490
number of connected components	1
size of largest component	4999 (100.00 %)
tot:  0.0
__fake_pmi+Louvain__
1 community detected due to total edge weight equal 0
NMI:1
ARI:1
__fake_pmi+PLP__
1 community detected due to total edge weight equal 0
NMI:1
ARI:1
__iterative_rev_degree_order__
Network Properties for:		G#33
nodes, edges			4999, 47554
directed?			False
weighted?			True
isolated nodes			1
self-loops			0
density				0.003807
clustering coefficient		0.340769
min/max/avg degree		0, 360, 19.025405
degree assortativity		0.259490
number of connected components	1
size of largest component	4999 (100.00 %)
tot:  1410.2480445210515
__iterative_rev_degree_order+Louvain__
PLM(balanced,pc,turbo) detected communities in 0.927790641784668 [s]
solution properties:
-------------------  ----------
# communities         69
min community size    13
max community size   149
avg. community size   72.4493
modularity             0.865161
-------------------  ----------
46 community detected
NMI:0.6957546030119557
ARI:0.9303262464196725
__iterative_rev_degree_order+PLP__
PLP detected communities in 0.047000885009765625 [s]
solution properties:
-------------------  -----------
# communities        1533
min community size      1
max community size     13
avg. community size     3.26158
modularity              0.744439
-------------------  -----------
46 community detected
NMI:0.5149912257538936
ARI:0.9913844548252881
__pmi__
Network Properties for:		G#48
nodes, edges			4999, 47554
directed?			False
weighted?			True
isolated nodes			1
self-loops			0
density				0.003807
clustering coefficient		0.340769
min/max/avg degree		0, 360, 19.025405
degree assortativity		0.259490
number of connected components	1
size of largest component	4999 (100.00 %)
tot:  91064.02466502716
__pmi+Louvain__
PLM(balanced,pc,turbo) detected communities in 0.770751953125 [s]
solution properties:
-------------------  ----------
# communities          31
min community size      1
max community size   1190
avg. community size   161.258
modularity              1.09782
-------------------  ----------
46 community detected
NMI:0.3354184330809623
ARI:0.5964938481376474
__pmi+PLP__
PLP detected communities in 0.23003721237182617 [s]
solution properties:
-------------------  ---------
# communities        147
min community size     1
max community size   760
avg. community size   34.0136
modularity             1.06331
-------------------  ---------
46 community detected
NMI:0.3128936777065948
ARI:0.5372423419487063
__standard__
Network Properties for:		G#60
nodes, edges			4999, 47554
directed?			False
weighted?			True
isolated nodes			1
self-loops			0
density				0.003807
clustering coefficient		0.340769
min/max/avg degree		0, 360, 19.025405
degree assortativity		0.259490
number of connected components	1
size of largest component	4999 (100.00 %)
tot:  16.71473960866726
__standard+Louvain__
PLM(balanced,pc,turbo) detected communities in 0.6839349269866943 [s]
solution properties:
-------------------  ---------
# communities         63
min community size     2
max community size   428
avg. community size   79.3492
modularity             0.89102
-------------------  ---------
46 community detected
NMI:0.5365290914801011
ARI:0.7502951134739393
__standard+PLP__
PLP detected communities in 0.1318039894104004 [s]
solution properties:
-------------------  -----------
# communities        1178
min community size      1
max community size     76
avg. community size     4.24448
modularity              0.713613
-------------------  -----------
46 community detected
NMI:0.5255798401198395
ARI:0.9764817213006026
__ppmi__
Network Properties for:		G#72
nodes, edges			4999, 47554
directed?			False
weighted?			True
isolated nodes			1
self-loops			0
density				0.003807
clustering coefficient		0.340769
min/max/avg degree		0, 360, 19.025405
degree assortativity		0.259490
number of connected components	1
size of largest component	4999 (100.00 %)
tot:  163881.54419444103
__ppmi+Louvain__
PLM(balanced,pc,turbo) detected communities in 0.5705535411834717 [s]
solution properties:
-------------------  ----------
# communities         33
min community size     6
max community size   464
avg. community size  151.485
modularity             0.653639
-------------------  ----------
46 community detected
NMI:0.24166738652226427
ARI:0.35098090805301563
__ppmi+PLP__
PLP detected communities in 0.144758939743042 [s]
solution properties:
-------------------  ---------
# communities         81
min community size     1
max community size   853
avg. community size   61.7284
modularity             0.65852
-------------------  ---------
46 community detected
NMI:0.1699142006548875
ARI:0.38263772275438723
__glovexmax50alpha0.2__
Network Properties for:		G#84
nodes, edges			4999, 47554
directed?			False
weighted?			True
isolated nodes			1
self-loops			0
density				0.003807
clustering coefficient		0.340769
min/max/avg degree		0, 360, 19.025405
degree assortativity		0.259490
number of connected components	1
size of largest component	4999 (100.00 %)
tot:  25549.50578983707
__glovexmax50alpha0.2+Louvain__
PLM(balanced,pc,turbo) detected communities in 0.3655886650085449 [s]
solution properties:
-------------------  ----------
# communities         24
min community size     5
max community size   471
avg. community size  208.292
modularity             0.638381
-------------------  ----------
46 community detected
NMI:0.03521656815835639
ARI:0.029518640593517387
__glovexmax50alpha0.2+PLP__
PLP detected communities in 0.10777139663696289 [s]
solution properties:
-------------------  ----------
# communities         48
min community size     1
max community size   475
avg. community size  104.167
modularity             0.637063
-------------------  ----------
46 community detected
NMI:0.007175255254412982
ARI:0.008184898490918635
__glovexmax40alpha0.2__
Network Properties for:		G#93
nodes, edges			4999, 47554
directed?			False
weighted?			True
isolated nodes			1
self-loops			0
density				0.003807
clustering coefficient		0.340769
min/max/avg degree		0, 360, 19.025405
degree assortativity		0.259490
number of connected components	1
size of largest component	4999 (100.00 %)
tot:  26650.641699725547
__glovexmax40alpha0.2+Louvain__
PLM(balanced,pc,turbo) detected communities in 0.4057347774505615 [s]
solution properties:
-------------------  ---------
# communities         27
min community size     5
max community size   471
avg. community size  185.148
modularity             0.63887
-------------------  ---------
46 community detected
NMI:0.02782513291074218
ARI:0.024223371699073737
__glovexmax40alpha0.2+PLP__
PLP detected communities in 0.1127939224243164 [s]
solution properties:
-------------------  ----------
# communities         47
min community size     1
max community size   475
avg. community size  106.383
modularity             0.638868
-------------------  ----------
46 community detected
NMI:0.006185629029562878
ARI:0.007806478917161019
__glovexmax30alpha0.3__
Network Properties for:		G#102
nodes, edges			4999, 47554
directed?			False
weighted?			True
isolated nodes			1
self-loops			0
density				0.003807
clustering coefficient		0.340769
min/max/avg degree		0, 360, 19.025405
degree assortativity		0.259490
number of connected components	1
size of largest component	4999 (100.00 %)
tot:  23739.22529898177
__glovexmax30alpha0.3+Louvain__
PLM(balanced,pc,turbo) detected communities in 0.2584409713745117 [s]
solution properties:
-------------------  ----------
# communities         28
min community size     5
max community size   474
avg. community size  178.536
modularity             0.635095
-------------------  ----------
46 community detected
NMI:0.03643046446074749
ARI:0.03318753160017407
__glovexmax30alpha0.3+PLP__
PLP detected communities in 0.06018638610839844 [s]
solution properties:
-------------------  ----------
# communities         47
min community size     1
max community size   475
avg. community size  106.383
modularity             0.634892
-------------------  ----------
46 community detected
NMI:0.017380860548743993
ARI:0.0219468963490127
NMI classement:
[('NMIglovexmax40alpha0.2+PLP', 0.006185629029562878), ('NMIglovexmax50alpha0.2+PLP', 0.007175255254412982), ('NMIglovexmax30alpha0.3+PLP', 0.017380860548743993), ('NMIglovexmax40alpha0.2+Louvain', 0.02782513291074218), ('NMIglovexmax50alpha0.2+Louvain', 0.03521656815835639), ('NMIglovexmax30alpha0.3+Louvain', 0.03643046446074749), ('NMIglove+PLP', 0.0662159416320679), ('NMIPLP', 0.08463066074131076), ('NMIglove+Louvain', 0.0966162422489596), ('NMILouvain', 0.1117140017184951), ('NMIppmi+PLP', 0.1699142006548875), ('NMIppmi+Louvain', 0.24166738652226427), ('NMIpmi+PLP', 0.3128936777065948), ('NMIpmi+Louvain', 0.3354184330809623), ('NMISingleton', 0.4626148514147852), ('NMIiterative_rev_degree_order+PLP', 0.5149912257538936), ('NMIstandard+PLP', 0.5255798401198395), ('NMIstandard+Louvain', 0.5365290914801011), ('NMIiterative_rev_degree_order+Louvain', 0.6957546030119557), ('NMIAllInOne', 1.0), ('NMIfake_pmi+Louvain', 1), ('NMIfake_pmi+PLP', 1)]
ARI classement:
[('ARIglovexmax40alpha0.2+PLP', 0.007806478917161019), ('ARIglovexmax50alpha0.2+PLP', 0.008184898490918635), ('ARIglovexmax30alpha0.3+PLP', 0.0219468963490127), ('ARIglovexmax40alpha0.2+Louvain', 0.024223371699073737), ('ARIglovexmax50alpha0.2+Louvain', 0.029518640593517387), ('ARIglovexmax30alpha0.3+Louvain', 0.03318753160017407), ('ARIglove+PLP', 0.09105126847937128), ('ARIglove+Louvain', 0.1077074330364628), ('ARIPLP', 0.1240137461363987), ('ARILouvain', 0.12895567770679972), ('ARIppmi+Louvain', 0.35098090805301563), ('ARIppmi+PLP', 0.38263772275438723), ('ARIpmi+PLP', 0.5372423419487063), ('ARIpmi+Louvain', 0.5964938481376474), ('ARIstandard+Louvain', 0.7502951134739393), ('ARIiterative_rev_degree_order+Louvain', 0.9303262464196725), ('ARIstandard+PLP', 0.9764817213006026), ('ARIiterative_rev_degree_order+PLP', 0.9913844548252881), ('ARISingleton', 1.0), ('ARIAllInOne', 1.0), ('ARIfake_pmi+Louvain', 1), ('ARIfake_pmi+PLP', 1)]
