__LOADINGS__
Network Properties for:		network
nodes, edges			5000, 57955
directed?			False
weighted?			True
isolated nodes			0
self-loops			0
density				0.004637
clustering coefficient		0.420204
min/max/avg degree		6, 678, 23.182000
degree assortativity		0.146947
number of connected components	1
size of largest component	5000 (100.00 %)
468919.65704372595
__Groundtruth__
read communities from: ../../lfr_5000/mk500/k25/muw0.3/8/community.dat
-------------------  ---------
# communities         45
min community size     6
max community size   473
avg. community size  111.111
modularity             0.02427
-------------------  ---------
45 community detected
5 features on 57955 samples
Trainning set:46364 samples
Testing set:11591 samples
             precision    recall  f1-score   support

          0       0.93      1.00      0.96     10663
          1       0.74      0.16      0.27       928

avg / total       0.92      0.93      0.91     11591

Confusion matrix:
[[10611    52]
 [  778   150]]
Importance of features:
[0.24247313 0.22580644 0.12204301 0.1811828  0.22849463]
