__LOADINGS__
Network Properties for:		network
nodes, edges			5000, 57250
directed?			False
weighted?			True
isolated nodes			1
self-loops			0
density				0.004581
clustering coefficient		0.315264
min/max/avg degree		0, 230, 22.900000
degree assortativity		0.236355
number of connected components	2
size of largest component	4999 (99.98 %)
453017.4023682407
__Groundtruth__
read communities from: ../../lfr_5000/mk300/k25/muw0.3/7/community.dat
-------------------  ---------
# communities         32
min community size   100
max community size   215
avg. community size  156.25
modularity             0.62618
-------------------  ---------
32 community detected
__CLASSIC_METHODS__
__Louvain__
PLM(balanced,pc,turbo) detected communities in 0.06256318092346191 [s]
solution properties:
-------------------  ----------
# communities         33
min community size     1
max community size   219
avg. community size  151.515
modularity             0.627155
-------------------  ----------
32 community detected
NMI:0.023150302126006994
ARM:0.02850620118252123
__Singleton__
32 community detected
NMI:0.42370093147868493
ARM:1.0
__AllInOne__
32 community detected
NMI:1.0
ARM:1.0
__PLP__
PLP detected communities in 0.022854328155517578 [s]
solution properties:
-------------------  ----------
# communities         33
min community size     1
max community size   219
avg. community size  151.515
modularity             0.627151
-------------------  ----------
32 community detected
NMI:0.0240608298234829
ARM:0.02984806672343221
__NORMALIZATION__
__glove__
Network Properties for:		G#18cc
nodes, edges			4999, 57250
directed?			False
weighted?			True
isolated nodes			0
self-loops			0
density				0.004583
clustering coefficient		0.315327
min/max/avg degree		6, 230, 22.904581
degree assortativity		0.236355
number of connected components	1
size of largest component	4999 (100.00 %)
tot:  7504.885269874634
__glove+Louvain__
PLM(balanced,pc,turbo) detected communities in 0.06968569755554199 [s]
solution properties:
-------------------  ----------
# communities         32
min community size   100
max community size   216
avg. community size  156.219
modularity             0.644812
-------------------  ----------
32 community detected
NMI:0.012839179093906194
ARM:0.015863962984942748
__glove+PLP__
PLP detected communities in 0.005456209182739258 [s]
solution properties:
-------------------  ----------
# communities         32
min community size   100
max community size   219
avg. community size  156.219
modularity             0.644808
-------------------  ----------
32 community detected
NMI:0.014967279698305802
ARM:0.01846822727873887
__fake_pmi__
Network Properties for:		G#34cc
nodes, edges			4999, 57250
directed?			False
weighted?			True
isolated nodes			0
self-loops			0
density				0.004583
clustering coefficient		0.315327
min/max/avg degree		6, 230, 22.904581
degree assortativity		0.236355
number of connected components	1
size of largest component	4999 (100.00 %)
tot:  0.0
__fake_pmi+Louvain__
1 community detected due to total edge weight equal 0
NMI:1
ARM:0.01846822727873887
__fake_pmi+PLP__
1 community detected due to total edge weight equal 0
NMI:1
ARM:0.01846822727873887
__iterative_rev_degree_order__
Network Properties for:		G#47cc
nodes, edges			4999, 57250
directed?			False
weighted?			True
isolated nodes			0
self-loops			0
density				0.004583
clustering coefficient		0.315327
min/max/avg degree		6, 230, 22.904581
degree assortativity		0.236355
number of connected components	1
size of largest component	4999 (100.00 %)
tot:  1366.7117333150118
__iterative_rev_degree_order+Louvain__
PLM(balanced,pc,turbo) detected communities in 0.1018376350402832 [s]
solution properties:
-------------------  ----------
# communities         19
min community size   108
max community size   754
avg. community size  263.105
modularity             0.771855
-------------------  ----------
32 community detected
NMI:0.8273337446259404
ARM:0.9457769895441773
__iterative_rev_degree_order+PLP__
PLP detected communities in 0.00251007080078125 [s]
solution properties:
-------------------  -----------
# communities        1535
min community size      1
max community size     13
avg. community size     3.25668
modularity              0.688524
-------------------  -----------
32 community detected
NMI:0.4851984232871104
ARM:0.9874179083311736
__pmi__
Network Properties for:		G#72cc
nodes, edges			4999, 57250
directed?			False
weighted?			True
isolated nodes			0
self-loops			0
density				0.004583
clustering coefficient		0.315327
min/max/avg degree		6, 230, 22.904581
degree assortativity		0.236355
number of connected components	1
size of largest component	4999 (100.00 %)
tot:  176111.99515152458
__pmi+Louvain__
PLM(balanced,pc,turbo) detected communities in 0.21915817260742188 [s]
solution properties:
-------------------  ----------
# communities         19
min community size   128
max community size   601
avg. community size  263.105
modularity             0.770097
-------------------  ----------
32 community detected
NMI:0.20193496733989968
ARM:0.4402589257912718
__pmi+PLP__
PLP detected communities in 0.154921293258667 [s]
solution properties:
-------------------  ----------
# communities         39
min community size     2
max community size   207
avg. community size  128.179
modularity             0.780234
-------------------  ----------
32 community detected
NMI:0.10218683307394127
ARM:0.14544313680657772
__standard__
Network Properties for:		G#91cc
nodes, edges			4999, 57250
directed?			False
weighted?			True
isolated nodes			0
self-loops			0
density				0.004583
clustering coefficient		0.315327
min/max/avg degree		6, 230, 22.904581
degree assortativity		0.236355
number of connected components	1
size of largest component	4999 (100.00 %)
tot:  8.856242689270262
__standard+Louvain__
PLM(balanced,pc,turbo) detected communities in 0.8210020065307617 [s]
solution properties:
-------------------  ----------
# communities         34
min community size     3
max community size   237
avg. community size  147.029
modularity             0.760291
-------------------  ----------
32 community detected
NMI:0.4051636481155456
ARM:0.5277308918978714
__standard+PLP__
PLP detected communities in 0.17438507080078125 [s]
solution properties:
-------------------  ----------
# communities        946
min community size     2
max community size   131
avg. community size    5.28436
modularity             0.622003
-------------------  ----------
32 community detected
NMI:0.4040428324972156
ARM:0.7215660435680935
__ppmi__
Network Properties for:		G#113cc
nodes, edges			4999, 57250
directed?			False
weighted?			True
isolated nodes			0
self-loops			0
density				0.004583
clustering coefficient		0.315327
min/max/avg degree		6, 230, 22.904581
degree assortativity		0.236355
number of connected components	1
size of largest component	4999 (100.00 %)
tot:  232158.45915200433
__ppmi+Louvain__
PLM(balanced,pc,turbo) detected communities in 0.1751103401184082 [s]
solution properties:
-------------------  ----------
# communities         32
min community size   101
max community size   215
avg. community size  156.219
modularity             0.685475
-------------------  ----------
32 community detected
NMI:0.0039215058760269095
ARM:0.004919168561538401
__ppmi+PLP__
PLP detected communities in 0.03444671630859375 [s]
solution properties:
-------------------  ----------
# communities         32
min community size   101
max community size   215
avg. community size  156.219
modularity             0.685475
-------------------  ----------
32 community detected
NMI:0.003921505876026576
ARM:0.004919168561538401
__glovexmax50alpha0.2__
Network Properties for:		G#129cc
nodes, edges			4999, 57250
directed?			False
weighted?			True
isolated nodes			0
self-loops			0
density				0.004583
clustering coefficient		0.315327
min/max/avg degree		6, 230, 22.904581
degree assortativity		0.236355
number of connected components	1
size of largest component	4999 (100.00 %)
tot:  32641.375980874385
__glovexmax50alpha0.2+Louvain__
PLM(balanced,pc,turbo) detected communities in 0.18835806846618652 [s]
solution properties:
-------------------  ----------
# communities         32
min community size   100
max community size   215
avg. community size  156.219
modularity             0.674826
-------------------  ----------
32 community detected
NMI:0.00036810984939061875
ARM:0.0005371217981501308
__glovexmax50alpha0.2+PLP__
PLP detected communities in 0.1022958755493164 [s]
solution properties:
-------------------  ----------
# communities         32
min community size   100
max community size   214
avg. community size  156.219
modularity             0.674828
-------------------  ----------
32 community detected
NMI:0.0
ARM:0.0
__glovexmax40alpha0.2__
Network Properties for:		G#148cc
nodes, edges			4999, 57250
directed?			False
weighted?			True
isolated nodes			0
self-loops			0
density				0.004583
clustering coefficient		0.315327
min/max/avg degree		6, 230, 22.904581
degree assortativity		0.236355
number of connected components	1
size of largest component	4999 (100.00 %)
tot:  34100.99993707267
__glovexmax40alpha0.2+Louvain__
PLM(balanced,pc,turbo) detected communities in 0.2750697135925293 [s]
solution properties:
-------------------  ----------
# communities         32
min community size   100
max community size   214
avg. community size  156.219
modularity             0.674957
-------------------  ----------
32 community detected
NMI:0.0
ARM:0.0
__glovexmax40alpha0.2+PLP__
PLP detected communities in 0.04754900932312012 [s]
solution properties:
-------------------  ----------
# communities         32
min community size   100
max community size   214
avg. community size  156.219
modularity             0.674957
-------------------  ----------
32 community detected
NMI:0.0
ARM:0.0
__glovexmax30alpha0.3__
Network Properties for:		G#164cc
nodes, edges			4999, 57250
directed?			False
weighted?			True
isolated nodes			0
self-loops			0
density				0.004583
clustering coefficient		0.315327
min/max/avg degree		6, 230, 22.904581
degree assortativity		0.236355
number of connected components	1
size of largest component	4999 (100.00 %)
tot:  30698.333172912255
__glovexmax30alpha0.3+Louvain__
PLM(balanced,pc,turbo) detected communities in 0.2677421569824219 [s]
solution properties:
-------------------  ----------
# communities         32
min community size   100
max community size   215
avg. community size  156.219
modularity             0.672457
-------------------  ----------
32 community detected
NMI:0.0003681098493909518
ARM:0.0005371217981501308
__glovexmax30alpha0.3+PLP__
PLP detected communities in 0.08783578872680664 [s]
solution properties:
-------------------  ----------
# communities         32
min community size   100
max community size   215
avg. community size  156.219
modularity             0.672457
-------------------  ----------
32 community detected
NMI:0.0003681098493909518
ARM:0.0005371217981501308
