__LOADINGS__
Network Properties for:		network
nodes, edges			5000, 41963
directed?			False
weighted?			True
isolated nodes			2
self-loops			0
density				0.003358
clustering coefficient		0.424569
min/max/avg degree		0, 84, 16.785200
degree assortativity		0.345729
number of connected components	3
size of largest component	4998 (99.96 %)
235448.77397713254
__Groundtruth__
read communities from: ../../lfr_5000/mk100/k20/muw0.2/17/community.dat
-------------------  ----------
# communities        104
min community size    20
max community size    99
avg. community size   48.0769
modularity             0.812683
-------------------  ----------
104 community detected
__CLASSIC_METHODS__
__Louvain__
PLM(balanced,pc,turbo) detected communities in 0.42930126190185547 [s]
solution properties:
-------------------  ----------
# communities         65
min community size     1
max community size   120
avg. community size   76.9231
modularity             0.813868
-------------------  ----------
104 community detected
NMI:0.05118191512822434
ARM:0.18771287784917734
__Singleton__
104 community detected
NMI:0.3047814955401721
ARM:1.0
__AllInOne__
104 community detected
NMI:1.0
ARM:1.0
__PLP__
PLP detected communities in 0.11931228637695312 [s]
solution properties:
-------------------  ----------
# communities        106
min community size     1
max community size    99
avg. community size   47.1698
modularity             0.813259
-------------------  ----------
104 community detected
NMI:0.0016588078780047644
ARM:0.0040000000000000036
__NORMALIZATION__
__glove__
Network Properties for:		G#21cc
nodes, edges			4998, 41963
directed?			False
weighted?			True
isolated nodes			0
self-loops			0
density				0.003360
clustering coefficient		0.424739
min/max/avg degree		1, 84, 16.791917
degree assortativity		0.345729
number of connected components	1
size of largest component	4998 (100.00 %)
tot:  4590.192734666051
__glove+Louvain__
PLM(balanced,pc,turbo) detected communities in 0.43483519554138184 [s]
solution properties:
-------------------  ----------
# communities         63
min community size    38
max community size   111
avg. community size   79.3333
modularity             0.818079
-------------------  ----------
104 community detected
NMI:0.050134565734148984
ARM:0.18162391921631937
__glove+PLP__
PLP detected communities in 0.09570503234863281 [s]
solution properties:
-------------------  ----------
# communities        104
min community size    20
max community size    99
avg. community size   48.0577
modularity             0.817731
-------------------  ----------
104 community detected
NMI:0.0016595356290808327
ARM:0.003998747973369854
__fake_pmi__
Network Properties for:		G#40cc
nodes, edges			4998, 41963
directed?			False
weighted?			True
isolated nodes			0
self-loops			0
density				0.003360
clustering coefficient		0.424739
min/max/avg degree		1, 84, 16.791917
degree assortativity		0.345729
number of connected components	1
size of largest component	4998 (100.00 %)
tot:  0.0
__fake_pmi+Louvain__
1 community detected due to total edge weight equal 0
NMI:1
ARM:0.003998747973369854
__fake_pmi+PLP__
1 community detected due to total edge weight equal 0
NMI:1
ARM:0.003998747973369854
__iterative_rev_degree_order__
Network Properties for:		G#53cc
nodes, edges			4998, 41963
directed?			False
weighted?			True
isolated nodes			0
self-loops			0
density				0.003360
clustering coefficient		0.424739
min/max/avg degree		1, 84, 16.791917
degree assortativity		0.345729
number of connected components	1
size of largest component	4998 (100.00 %)
tot:  1405.3228766642994
__iterative_rev_degree_order+Louvain__
PLM(balanced,pc,turbo) detected communities in 0.857534646987915 [s]
solution properties:
-------------------  ---------
# communities         48
min community size    53
max community size   166
avg. community size  104.125
modularity             0.82273
-------------------  ---------
104 community detected
NMI:0.39294568136354613
ARM:0.7191063732407796
__iterative_rev_degree_order+PLP__
PLP detected communities in 0.10391068458557129 [s]
solution properties:
-------------------  -----------
# communities        1345
min community size      2
max community size     14
avg. community size     3.71599
modularity              0.642002
-------------------  -----------
104 community detected
NMI:0.30026832432573014
ARM:0.9281164873498344
__pmi__
Network Properties for:		G#78cc
nodes, edges			4998, 41963
directed?			False
weighted?			True
isolated nodes			0
self-loops			0
density				0.003360
clustering coefficient		0.424739
min/max/avg degree		1, 84, 16.791917
degree assortativity		0.345729
number of connected components	1
size of largest component	4998 (100.00 %)
tot:  247446.5494809843
__pmi+Louvain__
PLM(balanced,pc,turbo) detected communities in 0.4150967597961426 [s]
solution properties:
-------------------  ----------
# communities         82
min community size    24
max community size   135
avg. community size   60.9512
modularity             0.824713
-------------------  ----------
104 community detected
NMI:0.023200486634780915
ARM:0.08289666226480596
__pmi+PLP__
PLP detected communities in 0.1359691619873047 [s]
solution properties:
-------------------  ----------
# communities        105
min community size     9
max community size    98
avg. community size   47.6
modularity             0.823847
-------------------  ----------
104 community detected
NMI:0.00194091053338441
ARM:0.004204563446686516
__standard__
Network Properties for:		G#97cc
nodes, edges			4998, 41963
directed?			False
weighted?			True
isolated nodes			0
self-loops			0
density				0.003360
clustering coefficient		0.424739
min/max/avg degree		1, 84, 16.791917
degree assortativity		0.345729
number of connected components	1
size of largest component	4998 (100.00 %)
tot:  24.441991562147226
__standard+Louvain__
PLM(balanced,pc,turbo) detected communities in 0.6916365623474121 [s]
solution properties:
-------------------  ----------
# communities         58
min community size    23
max community size   196
avg. community size   86.1724
modularity             0.837886
-------------------  ----------
104 community detected
NMI:0.14594223469640966
ARM:0.409857292481671
__standard+PLP__
PLP detected communities in 0.17883777618408203 [s]
solution properties:
-------------------  ----------
# communities        259
min community size     1
max community size    81
avg. community size   19.2973
modularity             0.796965
-------------------  ----------
104 community detected
NMI:0.09019740587149239
ARM:0.1929399020346647
__ppmi__
Network Properties for:		G#119cc
nodes, edges			4998, 41963
directed?			False
weighted?			True
isolated nodes			0
self-loops			0
density				0.003360
clustering coefficient		0.424739
min/max/avg degree		1, 84, 16.791917
degree assortativity		0.345729
number of connected components	1
size of largest component	4998 (100.00 %)
tot:  251611.3216002954
__ppmi+Louvain__
PLM(balanced,pc,turbo) detected communities in 0.4638247489929199 [s]
solution properties:
-------------------  ---------
# communities        72
min community size   36
max community size   98
avg. community size  69.4167
modularity            0.821716
-------------------  ---------
104 community detected
NMI:0.03392560917761023
ARM:0.11337100757145502
__ppmi+PLP__
PLP detected communities in 0.10955166816711426 [s]
solution properties:
-------------------  ----------
# communities        104
min community size    20
max community size    98
avg. community size   48.0577
modularity             0.821921
-------------------  ----------
104 community detected
NMI:0.0014016671519945234
ARM:0.0033061804471081757
__glovexmax50alpha0.2__
Network Properties for:		G#138cc
nodes, edges			4998, 41963
directed?			False
weighted?			True
isolated nodes			0
self-loops			0
density				0.003360
clustering coefficient		0.424739
min/max/avg degree		1, 84, 16.791917
degree assortativity		0.345729
number of connected components	1
size of largest component	4998 (100.00 %)
tot:  25455.872185876706
__glovexmax50alpha0.2+Louvain__
PLM(balanced,pc,turbo) detected communities in 0.4017646312713623 [s]
solution properties:
-------------------  ----------
# communities         78
min community size    31
max community size   103
avg. community size   64.0769
modularity             0.819023
-------------------  ----------
104 community detected
NMI:0.026210538033513142
ARM:0.0878184228093768
__glovexmax50alpha0.2+PLP__
PLP detected communities in 0.07913374900817871 [s]
solution properties:
-------------------  ---------
# communities        104
min community size    20
max community size    98
avg. community size   48.0577
modularity             0.81866
-------------------  ---------
104 community detected
NMI:0.0011957835744381695
ARM:0.002965146340348168
__glovexmax40alpha0.2__
Network Properties for:		G#157cc
nodes, edges			4998, 41963
directed?			False
weighted?			True
isolated nodes			0
self-loops			0
density				0.003360
clustering coefficient		0.424739
min/max/avg degree		1, 84, 16.791917
degree assortativity		0.345729
number of connected components	1
size of largest component	4998 (100.00 %)
tot:  26617.666803260603
__glovexmax40alpha0.2+Louvain__
PLM(balanced,pc,turbo) detected communities in 0.42957377433776855 [s]
solution properties:
-------------------  ----------
# communities         63
min community size    49
max community size   110
avg. community size   79.3333
modularity             0.818257
-------------------  ----------
104 community detected
NMI:0.048978136192480926
ARM:0.17503421492823634
__glovexmax40alpha0.2+PLP__
PLP detected communities in 0.07934212684631348 [s]
solution properties:
-------------------  ---------
# communities        104
min community size    20
max community size    98
avg. community size   48.0577
modularity             0.81866
-------------------  ---------
104 community detected
NMI:0.0011957835744382805
ARM:0.002965146340348168
__glovexmax30alpha0.3__
Network Properties for:		G#176cc
nodes, edges			4998, 41963
directed?			False
weighted?			True
isolated nodes			0
self-loops			0
density				0.003360
clustering coefficient		0.424739
min/max/avg degree		1, 84, 16.791917
degree assortativity		0.345729
number of connected components	1
size of largest component	4998 (100.00 %)
tot:  23546.373937688262
__glovexmax30alpha0.3+Louvain__
PLM(balanced,pc,turbo) detected communities in 0.44771289825439453 [s]
solution properties:
-------------------  ----------
# communities         67
min community size    38
max community size   110
avg. community size   74.597
modularity             0.820327
-------------------  ----------
104 community detected
NMI:0.04228569309506036
ARM:0.14953400526540916
__glovexmax30alpha0.3+PLP__
PLP detected communities in 0.08372759819030762 [s]
solution properties:
-------------------  ----------
# communities        105
min community size    11
max community size    98
avg. community size   47.6
modularity             0.819691
-------------------  ----------
104 community detected
NMI:0.0015314071282116481
ARM:0.003392144581365719
