__LOADINGS__
4976/46939 10.600992777860627 % of nul weighted edges removed
2/5000 0.04 % of nul degree nodes removed
Network Properties for:		network
nodes, edges			4998, 41963
directed?			False
weighted?			True
isolated nodes			2
self-loops			0
density				0.003360
clustering coefficient		0.424739
min/max/avg degree		0, 84, 16.791917
degree assortativity		0.345729
number of connected components	1
size of largest component	4998 (100.00 %)
235448.77397713254
__Groundtruth__
read communities from: ../../lfr_5000/mk100/k20/muw0.2/14/community.dat
-------------------  ----------
# communities        104
min community size    20
max community size    99
avg. community size   48.0769
modularity             0.812683
-------------------  ----------
104 community detected
__CLASSIC_METHODS__
__Louvain__
PLM(balanced,pc,turbo) detected communities in 0.1568155288696289 [s]
solution properties:
-------------------  ----------
# communities         53
min community size    49
max community size   161
avg. community size   94.3019
modularity             0.813303
-------------------  ----------
104 community detected
NMI:0.07200933224842487
ARI:0.2719791466934761
__Singleton__
104 community detected
NMI:0.30473990857077926
ARI:1.0
__AllInOne__
104 community detected
NMI:1.0
ARI:1.0
__PLP__
PLP detected communities in 0.029333114624023438 [s]
solution properties:
-------------------  ----------
# communities        106
min community size     1
max community size    99
avg. community size   47.1698
modularity             0.813259
-------------------  ----------
104 community detected
NMI:0.001417942886401069
ARI:0.003379934933614659
__NORMALIZATION__
__glove__
Network Properties for:		G#21
nodes, edges			4998, 41963
directed?			False
weighted?			True
isolated nodes			2
self-loops			0
density				0.003360
clustering coefficient		0.424739
min/max/avg degree		0, 84, 16.791917
degree assortativity		0.345729
number of connected components	1
size of largest component	4998 (100.00 %)
tot:  4590.192734666051
__glove+Louvain__
PLM(balanced,pc,turbo) detected communities in 0.1418139934539795 [s]
solution properties:
-------------------  ----------
# communities         56
min community size    51
max community size   138
avg. community size   89.25
modularity             0.817665
-------------------  ----------
104 community detected
NMI:0.0637029592920838
ARI:0.2356655035233738
__glove+PLP__
PLP detected communities in 0.001878976821899414 [s]
solution properties:
-------------------  ----------
# communities        106
min community size     1
max community size    99
avg. community size   47.1698
modularity             0.817731
-------------------  ----------
104 community detected
NMI:0.001417942886401069
ARI:0.003379934933614659
__fake_pmi__
Network Properties for:		G#30
nodes, edges			4998, 41963
directed?			False
weighted?			True
isolated nodes			2
self-loops			0
density				0.003360
clustering coefficient		0.424739
min/max/avg degree		0, 84, 16.791917
degree assortativity		0.345729
number of connected components	1
size of largest component	4998 (100.00 %)
tot:  0.0
__fake_pmi+Louvain__
1 community detected due to total edge weight equal 0
NMI:1
ARI:1
__fake_pmi+PLP__
1 community detected due to total edge weight equal 0
NMI:1
ARI:1
__iterative_rev_degree_order__
Network Properties for:		G#33
nodes, edges			4998, 41963
directed?			False
weighted?			True
isolated nodes			2
self-loops			0
density				0.003360
clustering coefficient		0.424739
min/max/avg degree		0, 84, 16.791917
degree assortativity		0.345729
number of connected components	1
size of largest component	4998 (100.00 %)
tot:  1405.3228766642994
__iterative_rev_degree_order+Louvain__
PLM(balanced,pc,turbo) detected communities in 0.1848764419555664 [s]
solution properties:
-------------------  ----------
# communities         11
min community size   139
max community size   824
avg. community size  454.364
modularity             0.749274
-------------------  ----------
104 community detected
NMI:0.6231837248627272
ARI:0.9286699337552639
__iterative_rev_degree_order+PLP__
PLP detected communities in 0.022570133209228516 [s]
solution properties:
-------------------  -----------
# communities        1351
min community size      1
max community size     14
avg. community size     3.70096
modularity              0.641122
-------------------  -----------
104 community detected
NMI:0.300102882372298
ARI:0.9283296079892291
__pmi__
Network Properties for:		G#48
nodes, edges			4998, 41963
directed?			False
weighted?			True
isolated nodes			2
self-loops			0
density				0.003360
clustering coefficient		0.424739
min/max/avg degree		0, 84, 16.791917
degree assortativity		0.345729
number of connected components	1
size of largest component	4998 (100.00 %)
tot:  247446.5494809843
__pmi+Louvain__
PLM(balanced,pc,turbo) detected communities in 0.1752169132232666 [s]
solution properties:
-------------------  ----------
# communities         59
min community size    58
max community size   128
avg. community size   84.7119
modularity             0.823159
-------------------  ----------
104 community detected
NMI:0.05692294365664108
ARI:0.2059081363719646
__pmi+PLP__
PLP detected communities in 0.036614418029785156 [s]
solution properties:
-------------------  ----------
# communities        106
min community size     1
max community size    98
avg. community size   47.1698
modularity             0.824833
-------------------  ----------
104 community detected
NMI:0.0013970843220287854
ARI:0.003243075927371941
__standard__
Network Properties for:		G#57
nodes, edges			4998, 41963
directed?			False
weighted?			True
isolated nodes			2
self-loops			0
density				0.003360
clustering coefficient		0.424739
min/max/avg degree		0, 84, 16.791917
degree assortativity		0.345729
number of connected components	1
size of largest component	4998 (100.00 %)
tot:  24.441991562147226
__standard+Louvain__
PLM(balanced,pc,turbo) detected communities in 0.1997213363647461 [s]
solution properties:
-------------------  ----------
# communities         55
min community size    25
max community size   208
avg. community size   90.8727
modularity             0.837525
-------------------  ----------
104 community detected
NMI:0.1526490986602762
ARI:0.43428434657730974
__standard+PLP__
PLP detected communities in 0.05049443244934082 [s]
solution properties:
-------------------  ----------
# communities        250
min community size     1
max community size    81
avg. community size   20
modularity             0.808506
-------------------  ----------
104 community detected
NMI:0.08837207025522809
ARI:0.1887429877739547
__ppmi__
Network Properties for:		G#69
nodes, edges			4998, 41963
directed?			False
weighted?			True
isolated nodes			2
self-loops			0
density				0.003360
clustering coefficient		0.424739
min/max/avg degree		0, 84, 16.791917
degree assortativity		0.345729
number of connected components	1
size of largest component	4998 (100.00 %)
tot:  251611.3216002954
__ppmi+Louvain__
PLM(balanced,pc,turbo) detected communities in 0.24902057647705078 [s]
solution properties:
-------------------  ----------
# communities         69
min community size    38
max community size   103
avg. community size   72.4348
modularity             0.821566
-------------------  ----------
104 community detected
NMI:0.03821152729759236
ARI:0.13198577509166953
__ppmi+PLP__
PLP detected communities in 0.0783841609954834 [s]
solution properties:
-------------------  ----------
# communities        106
min community size     1
max community size    98
avg. community size   47.1698
modularity             0.821921
-------------------  ----------
104 community detected
NMI:0.0011600793255946984
ARI:0.0026872832410606007
__glovexmax50alpha0.2__
Network Properties for:		G#78
nodes, edges			4998, 41963
directed?			False
weighted?			True
isolated nodes			2
self-loops			0
density				0.003360
clustering coefficient		0.424739
min/max/avg degree		0, 84, 16.791917
degree assortativity		0.345729
number of connected components	1
size of largest component	4998 (100.00 %)
tot:  25455.872185876706
__glovexmax50alpha0.2+Louvain__
PLM(balanced,pc,turbo) detected communities in 0.38529276847839355 [s]
solution properties:
-------------------  ----------
# communities         71
min community size    38
max community size   103
avg. community size   70.3944
modularity             0.818831
-------------------  ----------
104 community detected
NMI:0.035718968975004484
ARI:0.12442085181239315
__glovexmax50alpha0.2+PLP__
PLP detected communities in 0.11849546432495117 [s]
solution properties:
-------------------  ---------
# communities        106
min community size     1
max community size    98
avg. community size   47.1698
modularity             0.81866
-------------------  ---------
104 community detected
NMI:0.0009541956226986059
ARI:0.0023461875331965976
__glovexmax40alpha0.2__
Network Properties for:		G#87
nodes, edges			4998, 41963
directed?			False
weighted?			True
isolated nodes			2
self-loops			0
density				0.003360
clustering coefficient		0.424739
min/max/avg degree		0, 84, 16.791917
degree assortativity		0.345729
number of connected components	1
size of largest component	4998 (100.00 %)
tot:  26617.666803260603
__glovexmax40alpha0.2+Louvain__
PLM(balanced,pc,turbo) detected communities in 0.28438353538513184 [s]
solution properties:
-------------------  ----------
# communities         65
min community size    41
max community size   142
avg. community size   76.8923
modularity             0.818439
-------------------  ----------
104 community detected
NMI:0.04572039087866697
ARI:0.16602471703017552
__glovexmax40alpha0.2+PLP__
PLP detected communities in 0.08011651039123535 [s]
solution properties:
-------------------  ---------
# communities        106
min community size     1
max community size    98
avg. community size   47.1698
modularity             0.81866
-------------------  ---------
104 community detected
NMI:0.0009541956226982728
ARI:0.0023461875331965976
__glovexmax30alpha0.3__
Network Properties for:		G#96
nodes, edges			4998, 41963
directed?			False
weighted?			True
isolated nodes			2
self-loops			0
density				0.003360
clustering coefficient		0.424739
min/max/avg degree		0, 84, 16.791917
degree assortativity		0.345729
number of connected components	1
size of largest component	4998 (100.00 %)
tot:  23546.373937688262
__glovexmax30alpha0.3+Louvain__
PLM(balanced,pc,turbo) detected communities in 0.4507448673248291 [s]
solution properties:
-------------------  ----------
# communities         54
min community size    63
max community size   127
avg. community size   92.5556
modularity             0.819412
-------------------  ----------
104 community detected
NMI:0.06754223266397097
ARI:0.24905894938468232
__glovexmax30alpha0.3+PLP__
PLP detected communities in 0.056217193603515625 [s]
solution properties:
-------------------  ----------
# communities        106
min community size     1
max community size    98
avg. community size   47.1698
modularity             0.820328
-------------------  ----------
104 community detected
NMI:0.0009541956226984949
ARI:0.0023461875331965976
NMI classement:
[('NMIglovexmax40alpha0.2+PLP', 0.0009541956226982728), ('NMIglovexmax30alpha0.3+PLP', 0.0009541956226984949), ('NMIglovexmax50alpha0.2+PLP', 0.0009541956226986059), ('NMIppmi+PLP', 0.0011600793255946984), ('NMIpmi+PLP', 0.0013970843220287854), ('NMIPLP', 0.001417942886401069), ('NMIglove+PLP', 0.001417942886401069), ('NMIglovexmax50alpha0.2+Louvain', 0.035718968975004484), ('NMIppmi+Louvain', 0.03821152729759236), ('NMIglovexmax40alpha0.2+Louvain', 0.04572039087866697), ('NMIpmi+Louvain', 0.05692294365664108), ('NMIglove+Louvain', 0.0637029592920838), ('NMIglovexmax30alpha0.3+Louvain', 0.06754223266397097), ('NMILouvain', 0.07200933224842487), ('NMIstandard+PLP', 0.08837207025522809), ('NMIstandard+Louvain', 0.1526490986602762), ('NMIiterative_rev_degree_order+PLP', 0.300102882372298), ('NMISingleton', 0.30473990857077926), ('NMIiterative_rev_degree_order+Louvain', 0.6231837248627272), ('NMIAllInOne', 1.0), ('NMIfake_pmi+Louvain', 1), ('NMIfake_pmi+PLP', 1)]
ARI classement:
[('ARIglovexmax50alpha0.2+PLP', 0.0023461875331965976), ('ARIglovexmax40alpha0.2+PLP', 0.0023461875331965976), ('ARIglovexmax30alpha0.3+PLP', 0.0023461875331965976), ('ARIppmi+PLP', 0.0026872832410606007), ('ARIpmi+PLP', 0.003243075927371941), ('ARIPLP', 0.003379934933614659), ('ARIglove+PLP', 0.003379934933614659), ('ARIglovexmax50alpha0.2+Louvain', 0.12442085181239315), ('ARIppmi+Louvain', 0.13198577509166953), ('ARIglovexmax40alpha0.2+Louvain', 0.16602471703017552), ('ARIstandard+PLP', 0.1887429877739547), ('ARIpmi+Louvain', 0.2059081363719646), ('ARIglove+Louvain', 0.2356655035233738), ('ARIglovexmax30alpha0.3+Louvain', 0.24905894938468232), ('ARILouvain', 0.2719791466934761), ('ARIstandard+Louvain', 0.43428434657730974), ('ARIiterative_rev_degree_order+PLP', 0.9283296079892291), ('ARIiterative_rev_degree_order+Louvain', 0.9286699337552639), ('ARISingleton', 1.0), ('ARIAllInOne', 1.0), ('ARIfake_pmi+Louvain', 1), ('ARIfake_pmi+PLP', 1)]
