__LOADINGS__
4990/62113 8.03374494872249 % of nul weighted edges removed
0/5000 0.0 % of nul degree nodes removed
Network Properties for:		network
nodes, edges			5000, 57123
directed?			False
weighted?			True
isolated nodes			0
self-loops			0
density				0.004571
clustering coefficient		0.243022
min/max/avg degree		1, 224, 22.849200
degree assortativity		0.277078
number of connected components	1
size of largest component	5000 (100.00 %)
449149.96764233906
__Groundtruth__
read communities from: ../../lfr_5000/mk300/k25/muw0.4/33/community.dat
-------------------  ----------
# communities         40
min community size    89
max community size   180
avg. community size  125
modularity             0.539834
-------------------  ----------
40 community detected
__CLASSIC_METHODS__
__Louvain__
PLM(balanced,pc,turbo) detected communities in 0.2507314682006836 [s]
solution properties:
-------------------  ----------
# communities         15
min community size   177
max community size   503
avg. community size  333.333
modularity             0.517111
-------------------  ----------
40 community detected
NMI:0.20006525974224798
ARI:0.5271599819679306
__Singleton__
40 community detected
NMI:0.3983004112753803
ARI:1.0
__AllInOne__
40 community detected
NMI:1.0
ARI:1.0
__PLP__
PLP detected communities in 0.009500265121459961 [s]
solution properties:
-------------------  ---------
# communities         40
min community size    88
max community size   181
avg. community size  125
modularity             0.54068
-------------------  ---------
40 community detected
NMI:0.03683131972497078
ARI:0.047370453560310555
__NORMALIZATION__
__glove__
Network Properties for:		G#21
nodes, edges			5000, 57123
directed?			False
weighted?			True
isolated nodes			0
self-loops			0
density				0.004571
clustering coefficient		0.243022
min/max/avg degree		1, 224, 22.849200
degree assortativity		0.277078
number of connected components	1
size of largest component	5000 (100.00 %)
tot:  7515.647068245747
__glove+Louvain__
PLM(balanced,pc,turbo) detected communities in 0.1042475700378418 [s]
solution properties:
-------------------  ----------
# communities         39
min community size    89
max community size   180
avg. community size  128.205
modularity             0.555678
-------------------  ----------
40 community detected
NMI:0.02095685341077469
ARI:0.0354867437446289
__glove+PLP__
PLP detected communities in 0.033736228942871094 [s]
solution properties:
-------------------  ----------
# communities         40
min community size    88
max community size   180
avg. community size  125
modularity             0.555672
-------------------  ----------
40 community detected
NMI:0.01881618386831363
ARI:0.025172274528611482
__fake_pmi__
Network Properties for:		G#30
nodes, edges			5000, 57123
directed?			False
weighted?			True
isolated nodes			0
self-loops			0
density				0.004571
clustering coefficient		0.243022
min/max/avg degree		1, 224, 22.849200
degree assortativity		0.277078
number of connected components	1
size of largest component	5000 (100.00 %)
tot:  0.0
__fake_pmi+Louvain__
1 community detected due to total edge weight equal 0
NMI:1
ARI:1
__fake_pmi+PLP__
1 community detected due to total edge weight equal 0
NMI:1
ARI:1
__iterative_rev_degree_order__
Network Properties for:		G#33
nodes, edges			5000, 57123
directed?			False
weighted?			True
isolated nodes			0
self-loops			0
density				0.004571
clustering coefficient		0.243022
min/max/avg degree		1, 224, 22.849200
degree assortativity		0.277078
number of connected components	1
size of largest component	5000 (100.00 %)
tot:  1316.2058389086055
__iterative_rev_degree_order+Louvain__
PLM(balanced,pc,turbo) detected communities in 0.9255146980285645 [s]
solution properties:
-------------------  ----------
# communities         65
min community size    32
max community size   134
avg. community size   76.9231
modularity             0.799953
-------------------  ----------
40 community detected
NMI:0.7916732780752663
ARI:0.9624499834315627
__iterative_rev_degree_order+PLP__
PLP detected communities in 0.08914637565612793 [s]
solution properties:
-------------------  -----------
# communities        1510
min community size      2
max community size     12
avg. community size     3.31126
modularity              0.686161
-------------------  -----------
40 community detected
NMI:0.4755834159994514
ARI:0.9877331631946743
__pmi__
Network Properties for:		G#48
nodes, edges			5000, 57123
directed?			False
weighted?			True
isolated nodes			0
self-loops			0
density				0.004571
clustering coefficient		0.243022
min/max/avg degree		1, 224, 22.849200
degree assortativity		0.277078
number of connected components	1
size of largest component	5000 (100.00 %)
tot:  184487.74458732668
__pmi+Louvain__
PLM(balanced,pc,turbo) detected communities in 0.47455763816833496 [s]
solution properties:
-------------------  ----------
# communities         37
min community size    94
max community size   300
avg. community size  135.135
modularity             0.674739
-------------------  ----------
40 community detected
NMI:0.13658498083763526
ARI:0.24198757909744573
__pmi+PLP__
PLP detected communities in 0.13818979263305664 [s]
solution properties:
-------------------  ----------
# communities         46
min community size     1
max community size   277
avg. community size  108.696
modularity             0.672879
-------------------  ----------
40 community detected
NMI:0.12901482085710014
ARI:0.2041328527690579
__standard__
Network Properties for:		G#57
nodes, edges			5000, 57123
directed?			False
weighted?			True
isolated nodes			0
self-loops			0
density				0.004571
clustering coefficient		0.243022
min/max/avg degree		1, 224, 22.849200
degree assortativity		0.277078
number of connected components	1
size of largest component	5000 (100.00 %)
tot:  10.358519649279494
__standard+Louvain__
PLM(balanced,pc,turbo) detected communities in 0.9551215171813965 [s]
solution properties:
-------------------  ----------
# communities         38
min community size     3
max community size   362
avg. community size  131.579
modularity             0.697716
-------------------  ----------
40 community detected
NMI:0.5945589529471055
ARI:0.7607299260005104
__standard+PLP__
PLP detected communities in 0.40702319145202637 [s]
solution properties:
-------------------  -----------
# communities         632
min community size      1
max community size   3203
avg. community size     7.91139
modularity              0.507548
-------------------  -----------
40 community detected
NMI:0.6938356183420169
ARI:0.9997367890148143
__ppmi__
Network Properties for:		G#72
nodes, edges			5000, 57123
directed?			False
weighted?			True
isolated nodes			0
self-loops			0
density				0.004571
clustering coefficient		0.243022
min/max/avg degree		1, 224, 22.849200
degree assortativity		0.277078
number of connected components	1
size of largest component	5000 (100.00 %)
tot:  239599.99295715382
__ppmi+Louvain__
PLM(balanced,pc,turbo) detected communities in 0.45960426330566406 [s]
solution properties:
-------------------  ----------
# communities         23
min community size   122
max community size   329
avg. community size  217.391
modularity             0.589786
-------------------  ----------
40 community detected
NMI:0.09402240143370044
ARI:0.3012791641422513
__ppmi+PLP__
PLP detected communities in 0.1425342559814453 [s]
solution properties:
-------------------  ----------
# communities         39
min community size     2
max community size   427
avg. community size  128.205
modularity             0.596554
-------------------  ----------
40 community detected
NMI:0.022630043839613312
ARI:0.09894999136004512
__glovexmax50alpha0.2__
Network Properties for:		G#81
nodes, edges			5000, 57123
directed?			False
weighted?			True
isolated nodes			0
self-loops			0
density				0.004571
clustering coefficient		0.243022
min/max/avg degree		1, 224, 22.849200
degree assortativity		0.277078
number of connected components	1
size of largest component	5000 (100.00 %)
tot:  33049.713111317345
__glovexmax50alpha0.2+Louvain__
PLM(balanced,pc,turbo) detected communities in 0.24104833602905273 [s]
solution properties:
-------------------  ----------
# communities         40
min community size    89
max community size   179
avg. community size  125
modularity             0.583824
-------------------  ----------
40 community detected
NMI:0.0009797950030926428
ARI:0.001417978322932667
__glovexmax50alpha0.2+PLP__
PLP detected communities in 0.07007241249084473 [s]
solution properties:
-------------------  ----------
# communities         40
min community size    89
max community size   179
avg. community size  125
modularity             0.583824
-------------------  ----------
40 community detected
NMI:0.0009797950030926428
ARI:0.001417978322932667
__glovexmax40alpha0.2__
Network Properties for:		G#87
nodes, edges			5000, 57123
directed?			False
weighted?			True
isolated nodes			0
self-loops			0
density				0.004571
clustering coefficient		0.243022
min/max/avg degree		1, 224, 22.849200
degree assortativity		0.277078
number of connected components	1
size of largest component	5000 (100.00 %)
tot:  34530.771199846175
__glovexmax40alpha0.2+Louvain__
PLM(balanced,pc,turbo) detected communities in 0.26132917404174805 [s]
solution properties:
-------------------  ----------
# communities         40
min community size    89
max community size   179
avg. community size  125
modularity             0.583887
-------------------  ----------
40 community detected
NMI:0.0009797950030927538
ARI:0.001417978322932667
__glovexmax40alpha0.2+PLP__
PLP detected communities in 0.1137998104095459 [s]
solution properties:
-------------------  ----------
# communities         40
min community size    89
max community size   179
avg. community size  125
modularity             0.583887
-------------------  ----------
40 community detected
NMI:0.0009797950030924207
ARI:0.001417978322932667
__glovexmax30alpha0.3__
Network Properties for:		G#93
nodes, edges			5000, 57123
directed?			False
weighted?			True
isolated nodes			0
self-loops			0
density				0.004571
clustering coefficient		0.243022
min/max/avg degree		1, 224, 22.849200
degree assortativity		0.277078
number of connected components	1
size of largest component	5000 (100.00 %)
tot:  31168.17962803801
__glovexmax30alpha0.3+Louvain__
PLM(balanced,pc,turbo) detected communities in 0.2184157371520996 [s]
solution properties:
-------------------  ----------
# communities         40
min community size    89
max community size   179
avg. community size  125
modularity             0.581229
-------------------  ----------
40 community detected
NMI:0.0019465508945408772
ARI:0.002720759728334632
__glovexmax30alpha0.3+PLP__
PLP detected communities in 0.11164164543151855 [s]
solution properties:
-------------------  ----------
# communities         40
min community size    89
max community size   179
avg. community size  125
modularity             0.581229
-------------------  ----------
40 community detected
NMI:0.0019655380217816765
ARI:0.0028610315502938244
NMI classement:
[('NMIglovexmax40alpha0.2+PLP', 0.0009797950030924207), ('NMIglovexmax50alpha0.2+Louvain', 0.0009797950030926428), ('NMIglovexmax50alpha0.2+PLP', 0.0009797950030926428), ('NMIglovexmax40alpha0.2+Louvain', 0.0009797950030927538), ('NMIglovexmax30alpha0.3+Louvain', 0.0019465508945408772), ('NMIglovexmax30alpha0.3+PLP', 0.0019655380217816765), ('NMIglove+PLP', 0.01881618386831363), ('NMIglove+Louvain', 0.02095685341077469), ('NMIppmi+PLP', 0.022630043839613312), ('NMIPLP', 0.03683131972497078), ('NMIppmi+Louvain', 0.09402240143370044), ('NMIpmi+PLP', 0.12901482085710014), ('NMIpmi+Louvain', 0.13658498083763526), ('NMILouvain', 0.20006525974224798), ('NMISingleton', 0.3983004112753803), ('NMIiterative_rev_degree_order+PLP', 0.4755834159994514), ('NMIstandard+Louvain', 0.5945589529471055), ('NMIstandard+PLP', 0.6938356183420169), ('NMIiterative_rev_degree_order+Louvain', 0.7916732780752663), ('NMIAllInOne', 1.0), ('NMIfake_pmi+Louvain', 1), ('NMIfake_pmi+PLP', 1)]
ARI classement:
[('ARIglovexmax50alpha0.2+Louvain', 0.001417978322932667), ('ARIglovexmax50alpha0.2+PLP', 0.001417978322932667), ('ARIglovexmax40alpha0.2+Louvain', 0.001417978322932667), ('ARIglovexmax40alpha0.2+PLP', 0.001417978322932667), ('ARIglovexmax30alpha0.3+Louvain', 0.002720759728334632), ('ARIglovexmax30alpha0.3+PLP', 0.0028610315502938244), ('ARIglove+PLP', 0.025172274528611482), ('ARIglove+Louvain', 0.0354867437446289), ('ARIPLP', 0.047370453560310555), ('ARIppmi+PLP', 0.09894999136004512), ('ARIpmi+PLP', 0.2041328527690579), ('ARIpmi+Louvain', 0.24198757909744573), ('ARIppmi+Louvain', 0.3012791641422513), ('ARILouvain', 0.5271599819679306), ('ARIstandard+Louvain', 0.7607299260005104), ('ARIiterative_rev_degree_order+Louvain', 0.9624499834315627), ('ARIiterative_rev_degree_order+PLP', 0.9877331631946743), ('ARIstandard+PLP', 0.9997367890148143), ('ARISingleton', 1.0), ('ARIAllInOne', 1.0), ('ARIfake_pmi+Louvain', 1), ('ARIfake_pmi+PLP', 1)]
