__LOADINGS__
4992/52502 9.508209211077673 % of nul weighted edges removed
0/5000 0.0 % of nul degree nodes removed
Network Properties for:		network
nodes, edges			5000, 47510
directed?			False
weighted?			True
isolated nodes			0
self-loops			0
density				0.003802
clustering coefficient		0.242096
min/max/avg degree		1, 343, 19.004000
degree assortativity		0.286771
number of connected components	1
size of largest component	5000 (100.00 %)
430577.5410640363
__Groundtruth__
read communities from: ../../lfr_5000/mk500/k20/muw0.4/3/community.dat
-------------------  ----------
# communities         46
min community size     5
max community size   472
avg. community size  108.696
modularity             0.438322
-------------------  ----------
46 community detected
__CLASSIC_METHODS__
__Louvain__
PLM(balanced,pc,turbo) detected communities in 0.38805317878723145 [s]
solution properties:
-------------------  ----------
# communities         19
min community size    98
max community size   494
avg. community size  263.158
modularity             0.446007
-------------------  ----------
46 community detected
NMI:0.19782339465107035
ARI:0.24413683507992012
__Singleton__
46 community detected
NMI:0.4615053837445433
ARI:1.0
__AllInOne__
46 community detected
NMI:1.0
ARI:1.0
__PLP__
PLP detected communities in 0.12844014167785645 [s]
solution properties:
-------------------  ---------
# communities         39
min community size     2
max community size   528
avg. community size  128.205
modularity             0.44398
-------------------  ---------
46 community detected
NMI:0.16675161128045612
ARI:0.21962257492997717
__NORMALIZATION__
__glove__
Network Properties for:		G#21
nodes, edges			5000, 47510
directed?			False
weighted?			True
isolated nodes			0
self-loops			0
density				0.003802
clustering coefficient		0.242096
min/max/avg degree		1, 343, 19.004000
degree assortativity		0.286771
number of connected components	1
size of largest component	5000 (100.00 %)
tot:  6498.1735316812465
__glove+Louvain__
PLM(balanced,pc,turbo) detected communities in 0.3822672367095947 [s]
solution properties:
-------------------  ----------
# communities         19
min community size   107
max community size   484
avg. community size  263.158
modularity             0.476496
-------------------  ----------
46 community detected
NMI:0.16995920046485002
ARI:0.21236242678429385
__glove+PLP__
PLP detected communities in 0.19835209846496582 [s]
solution properties:
-------------------  ----------
# communities         42
min community size     2
max community size   509
avg. community size  119.048
modularity             0.475019
-------------------  ----------
46 community detected
NMI:0.13289308509783382
ARI:0.18088616544897473
__fake_pmi__
Network Properties for:		G#30
nodes, edges			5000, 47510
directed?			False
weighted?			True
isolated nodes			0
self-loops			0
density				0.003802
clustering coefficient		0.242096
min/max/avg degree		1, 343, 19.004000
degree assortativity		0.286771
number of connected components	1
size of largest component	5000 (100.00 %)
tot:  0.0
__fake_pmi+Louvain__
1 community detected due to total edge weight equal 0
NMI:1
ARI:1
__fake_pmi+PLP__
1 community detected due to total edge weight equal 0
NMI:1
ARI:1
__iterative_rev_degree_order__
Network Properties for:		G#33
nodes, edges			5000, 47510
directed?			False
weighted?			True
isolated nodes			0
self-loops			0
density				0.003802
clustering coefficient		0.242096
min/max/avg degree		1, 343, 19.004000
degree assortativity		0.286771
number of connected components	1
size of largest component	5000 (100.00 %)
tot:  1281.512367395057
__iterative_rev_degree_order+Louvain__
PLM(balanced,pc,turbo) detected communities in 0.7491552829742432 [s]
solution properties:
-------------------  ----------
# communities         80
min community size    20
max community size   115
avg. community size   62.5
modularity             0.867098
-------------------  ----------
46 community detected
NMI:0.784918824272373
ARI:0.9770321300376456
__iterative_rev_degree_order+PLP__
PLP detected communities in 0.09710955619812012 [s]
solution properties:
-------------------  -----------
# communities        1601
min community size      2
max community size     11
avg. community size     3.12305
modularity              0.752824
-------------------  -----------
46 community detected
NMI:0.5282063787027573
ARI:0.9936028716748436
__pmi__
Network Properties for:		G#48
nodes, edges			5000, 47510
directed?			False
weighted?			True
isolated nodes			0
self-loops			0
density				0.003802
clustering coefficient		0.242096
min/max/avg degree		1, 343, 19.004000
degree assortativity		0.286771
number of connected components	1
size of largest component	5000 (100.00 %)
tot:  56074.20777610619
__pmi+Louvain__
PLM(balanced,pc,turbo) detected communities in 0.6570580005645752 [s]
solution properties:
-------------------  ---------
# communities         28
min community size    13
max community size   711
avg. community size  178.571
modularity             1.34369
-------------------  ---------
46 community detected
NMI:0.5736145625088668
ARI:0.7970017323124735
__pmi+PLP__
PLP detected communities in 0.263275146484375 [s]
solution properties:
-------------------  ---------
# communities        381
min community size     2
max community size   844
avg. community size   13.1234
modularity             1.27066
-------------------  ---------
46 community detected
NMI:0.517012615552036
ARI:0.8313584350499503
__standard__
Network Properties for:		G#60
nodes, edges			5000, 47510
directed?			False
weighted?			True
isolated nodes			0
self-loops			0
density				0.003802
clustering coefficient		0.242096
min/max/avg degree		1, 343, 19.004000
degree assortativity		0.286771
number of connected components	1
size of largest component	5000 (100.00 %)
tot:  16.77310943032269
__standard+Louvain__
PLM(balanced,pc,turbo) detected communities in 0.6293349266052246 [s]
solution properties:
-------------------  ----------
# communities        101
min community size     2
max community size   243
avg. community size   49.505
modularity             0.872311
-------------------  ----------
46 community detected
NMI:0.714676298108273
ARI:0.9310277539159852
__standard+PLP__
PLP detected communities in 0.12739849090576172 [s]
solution properties:
-------------------  -----------
# communities        1271
min community size      2
max community size     35
avg. community size     3.93391
modularity              0.744282
-------------------  -----------
46 community detected
NMI:0.5554147019694693
ARI:0.9900047337178955
__ppmi__
Network Properties for:		G#72
nodes, edges			5000, 47510
directed?			False
weighted?			True
isolated nodes			0
self-loops			0
density				0.003802
clustering coefficient		0.242096
min/max/avg degree		1, 343, 19.004000
degree assortativity		0.286771
number of connected components	1
size of largest component	5000 (100.00 %)
tot:  157513.6551980143
__ppmi+Louvain__
PLM(balanced,pc,turbo) detected communities in 0.6847829818725586 [s]
solution properties:
-------------------  ----------
# communities         31
min community size    13
max community size   476
avg. community size  161.29
modularity             0.555385
-------------------  ----------
46 community detected
NMI:0.3554455313336744
ARI:0.5053453413561256
__ppmi+PLP__
PLP detected communities in 0.19822311401367188 [s]
solution properties:
-------------------  ----------
# communities          96
min community size      2
max community size   2613
avg. community size    52.0833
modularity              0.46498
-------------------  ----------
46 community detected
NMI:0.35542894887618337
ARI:0.8142049628363803
__glovexmax50alpha0.2__
Network Properties for:		G#84
nodes, edges			5000, 47510
directed?			False
weighted?			True
isolated nodes			0
self-loops			0
density				0.003802
clustering coefficient		0.242096
min/max/avg degree		1, 343, 19.004000
degree assortativity		0.286771
number of connected components	1
size of largest component	5000 (100.00 %)
tot:  25050.279987292663
__glovexmax50alpha0.2+Louvain__
PLM(balanced,pc,turbo) detected communities in 0.4549381732940674 [s]
solution properties:
-------------------  ----------
# communities         22
min community size    80
max community size   471
avg. community size  227.273
modularity             0.531635
-------------------  ----------
46 community detected
NMI:0.0699289200710459
ARI:0.07234325307855438
__glovexmax50alpha0.2+PLP__
PLP detected communities in 0.11233353614807129 [s]
solution properties:
-------------------  ----------
# communities         45
min community size     5
max community size   480
avg. community size  111.111
modularity             0.531201
-------------------  ----------
46 community detected
NMI:0.034914542964860296
ARI:0.04529959977043663
__glovexmax40alpha0.2__
Network Properties for:		G#93
nodes, edges			5000, 47510
directed?			False
weighted?			True
isolated nodes			0
self-loops			0
density				0.003802
clustering coefficient		0.242096
min/max/avg degree		1, 343, 19.004000
degree assortativity		0.286771
number of connected components	1
size of largest component	5000 (100.00 %)
tot:  26134.120139684062
__glovexmax40alpha0.2+Louvain__
PLM(balanced,pc,turbo) detected communities in 0.38268184661865234 [s]
solution properties:
-------------------  ----------
# communities         19
min community size   121
max community size   471
avg. community size  263.158
modularity             0.531862
-------------------  ----------
46 community detected
NMI:0.08465144113318412
ARI:0.09376874635940269
__glovexmax40alpha0.2+PLP__
PLP detected communities in 0.1141042709350586 [s]
solution properties:
-------------------  ----------
# communities         46
min community size     5
max community size   480
avg. community size  108.696
modularity             0.530276
-------------------  ----------
46 community detected
NMI:0.03580347754882662
ARI:0.04564210316955075
__glovexmax30alpha0.3__
Network Properties for:		G#102
nodes, edges			5000, 47510
directed?			False
weighted?			True
isolated nodes			0
self-loops			0
density				0.003802
clustering coefficient		0.242096
min/max/avg degree		1, 343, 19.004000
degree assortativity		0.286771
number of connected components	1
size of largest component	5000 (100.00 %)
tot:  23550.73387008627
__glovexmax30alpha0.3+Louvain__
PLM(balanced,pc,turbo) detected communities in 0.3967900276184082 [s]
solution properties:
-------------------  ----------
# communities         23
min community size    51
max community size   476
avg. community size  217.391
modularity             0.527641
-------------------  ----------
46 community detected
NMI:0.08252645173267947
ARI:0.09064977545332309
__glovexmax30alpha0.3+PLP__
PLP detected communities in 0.13135290145874023 [s]
solution properties:
-------------------  ----------
# communities         44
min community size     5
max community size   488
avg. community size  113.636
modularity             0.527109
-------------------  ----------
46 community detected
NMI:0.057040367246581236
ARI:0.07472577077596709
NMI classement:
[('NMIglovexmax50alpha0.2+PLP', 0.034914542964860296), ('NMIglovexmax40alpha0.2+PLP', 0.03580347754882662), ('NMIglovexmax30alpha0.3+PLP', 0.057040367246581236), ('NMIglovexmax50alpha0.2+Louvain', 0.0699289200710459), ('NMIglovexmax30alpha0.3+Louvain', 0.08252645173267947), ('NMIglovexmax40alpha0.2+Louvain', 0.08465144113318412), ('NMIglove+PLP', 0.13289308509783382), ('NMIPLP', 0.16675161128045612), ('NMIglove+Louvain', 0.16995920046485002), ('NMILouvain', 0.19782339465107035), ('NMIppmi+PLP', 0.35542894887618337), ('NMIppmi+Louvain', 0.3554455313336744), ('NMISingleton', 0.4615053837445433), ('NMIpmi+PLP', 0.517012615552036), ('NMIiterative_rev_degree_order+PLP', 0.5282063787027573), ('NMIstandard+PLP', 0.5554147019694693), ('NMIpmi+Louvain', 0.5736145625088668), ('NMIstandard+Louvain', 0.714676298108273), ('NMIiterative_rev_degree_order+Louvain', 0.784918824272373), ('NMIAllInOne', 1.0), ('NMIfake_pmi+Louvain', 1), ('NMIfake_pmi+PLP', 1)]
ARI classement:
[('ARIglovexmax50alpha0.2+PLP', 0.04529959977043663), ('ARIglovexmax40alpha0.2+PLP', 0.04564210316955075), ('ARIglovexmax50alpha0.2+Louvain', 0.07234325307855438), ('ARIglovexmax30alpha0.3+PLP', 0.07472577077596709), ('ARIglovexmax30alpha0.3+Louvain', 0.09064977545332309), ('ARIglovexmax40alpha0.2+Louvain', 0.09376874635940269), ('ARIglove+PLP', 0.18088616544897473), ('ARIglove+Louvain', 0.21236242678429385), ('ARIPLP', 0.21962257492997717), ('ARILouvain', 0.24413683507992012), ('ARIppmi+Louvain', 0.5053453413561256), ('ARIpmi+Louvain', 0.7970017323124735), ('ARIppmi+PLP', 0.8142049628363803), ('ARIpmi+PLP', 0.8313584350499503), ('ARIstandard+Louvain', 0.9310277539159852), ('ARIiterative_rev_degree_order+Louvain', 0.9770321300376456), ('ARIstandard+PLP', 0.9900047337178955), ('ARIiterative_rev_degree_order+PLP', 0.9936028716748436), ('ARISingleton', 1.0), ('ARIAllInOne', 1.0), ('ARIfake_pmi+Louvain', 1), ('ARIfake_pmi+PLP', 1)]
