__LOADINGS__
4994/32649 15.296027443413273 % of nul weighted edges removed
0/5000 0.0 % of nul degree nodes removed
Network Properties for:		network
nodes, edges			5000, 27655
directed?			False
weighted?			True
isolated nodes			0
self-loops			0
density				0.002213
clustering coefficient		0.205761
min/max/avg degree		1, 286, 11.062000
degree assortativity		0.306133
number of connected components	2
size of largest component	4997 (99.94 %)
238041.44501592824
__Groundtruth__
read communities from: ../../lfr_5000/mk500/k15/muw0.4/7/community.dat
-------------------  ----------
# communities         53
min community size     3
max community size   469
avg. community size   94.3396
modularity             0.409189
-------------------  ----------
53 community detected
__CLASSIC_METHODS__
__Louvain__
PLM(balanced,pc,turbo) detected communities in 0.6059479713439941 [s]
solution properties:
-------------------  ----------
# communities         20
min community size     2
max community size   551
avg. community size  250
modularity             0.425935
-------------------  ----------
53 community detected
NMI:0.417464322381797
ARI:0.4903824959671048
__Singleton__
53 community detected
NMI:0.45522622314942096
ARI:1.0
__AllInOne__
53 community detected
NMI:1.0
ARI:1.0
__PLP__
PLP detected communities in 0.1932392120361328 [s]
solution properties:
-------------------  -----------
# communities          69
min community size      2
max community size   1418
avg. community size    72.4638
modularity              0.391484
-------------------  -----------
53 community detected
NMI:0.40802532356662824
ARI:0.6343312025182719
__NORMALIZATION__
__glove__
Network Properties for:		G#24
nodes, edges			5000, 27655
directed?			False
weighted?			True
isolated nodes			0
self-loops			0
density				0.002213
clustering coefficient		0.205761
min/max/avg degree		1, 286, 11.062000
degree assortativity		0.306133
number of connected components	2
size of largest component	4997 (99.94 %)
tot:  3433.471805995347
__glove+Louvain__
PLM(balanced,pc,turbo) detected communities in 0.607954740524292 [s]
solution properties:
-------------------  ----------
# communities         21
min community size     3
max community size   536
avg. community size  238.095
modularity             0.468212
-------------------  ----------
53 community detected
NMI:0.361929803318749
ARI:0.4294091641512031
__glove+PLP__
PLP detected communities in 0.20930957794189453 [s]
solution properties:
-------------------  -----------
# communities          69
min community size      1
max community size   1780
avg. community size    72.4638
modularity              0.394351
-------------------  -----------
53 community detected
NMI:0.40870875485076896
ARI:0.7113716220051048
__fake_pmi__
Network Properties for:		G#36
nodes, edges			5000, 27655
directed?			False
weighted?			True
isolated nodes			0
self-loops			0
density				0.002213
clustering coefficient		0.205761
min/max/avg degree		1, 286, 11.062000
degree assortativity		0.306133
number of connected components	2
size of largest component	4997 (99.94 %)
tot:  0.0
__fake_pmi+Louvain__
1 community detected due to total edge weight equal 0
NMI:1
ARI:1
__fake_pmi+PLP__
1 community detected due to total edge weight equal 0
NMI:1
ARI:1
__iterative_rev_degree_order__
Network Properties for:		G#39
nodes, edges			5000, 27655
directed?			False
weighted?			True
isolated nodes			0
self-loops			0
density				0.002213
clustering coefficient		0.205761
min/max/avg degree		1, 286, 11.062000
degree assortativity		0.306133
number of connected components	2
size of largest component	4997 (99.94 %)
tot:  1451.3078405405195
__iterative_rev_degree_order+Louvain__
PLM(balanced,pc,turbo) detected communities in 0.782721996307373 [s]
solution properties:
-------------------  ----------
# communities        105
min community size     2
max community size    96
avg. community size   47.619
modularity             0.918813
-------------------  ----------
53 community detected
NMI:0.7305843331707327
ARI:0.9707497428303078
__iterative_rev_degree_order+PLP__
PLP detected communities in 0.09608697891235352 [s]
solution properties:
-------------------  -----------
# communities        1499
min community size      2
max community size     16
avg. community size     3.33556
modularity              0.822719
-------------------  -----------
53 community detected
NMI:0.5143399343608592
ARI:0.9904779179696286
__pmi__
Network Properties for:		G#54
nodes, edges			5000, 27655
directed?			False
weighted?			True
isolated nodes			0
self-loops			0
density				0.002213
clustering coefficient		0.205761
min/max/avg degree		1, 286, 11.062000
degree assortativity		0.306133
number of connected components	2
size of largest component	4997 (99.94 %)
tot:  41601.523785995116
__pmi+Louvain__
PLM(balanced,pc,turbo) detected communities in 0.8692042827606201 [s]
solution properties:
-------------------  ---------
# communities         30
min community size     3
max community size   409
avg. community size  166.667
modularity             1.42511
-------------------  ---------
53 community detected
NMI:0.6261254573597285
ARI:0.8236474856088449
__pmi+PLP__
PLP detected communities in 0.20184946060180664 [s]
solution properties:
-------------------  ----------
# communities        1065
min community size      1
max community size    173
avg. community size     4.69484
modularity              1.05832
-------------------  ----------
53 community detected
NMI:0.4951878854200169
ARI:0.9224572551428362
__standard__
Network Properties for:		G#69
nodes, edges			5000, 27655
directed?			False
weighted?			True
isolated nodes			0
self-loops			0
density				0.002213
clustering coefficient		0.205761
min/max/avg degree		1, 286, 11.062000
degree assortativity		0.306133
number of connected components	2
size of largest component	4997 (99.94 %)
tot:  50.898635516001555
__standard+Louvain__
PLM(balanced,pc,turbo) detected communities in 0.4911985397338867 [s]
solution properties:
-------------------  ----------
# communities        150
min community size     2
max community size   572
avg. community size   33.3333
modularity             0.947628
-------------------  ----------
53 community detected
NMI:0.6472469145356274
ARI:0.90006275212909
__standard+PLP__
PLP detected communities in 0.08350181579589844 [s]
solution properties:
-------------------  -----------
# communities        1285
min community size      2
max community size     42
avg. community size     3.89105
modularity              0.863279
-------------------  -----------
53 community detected
NMI:0.5100924400657252
ARI:0.9809577609301213
__ppmi__
Network Properties for:		G#81
nodes, edges			5000, 27655
directed?			False
weighted?			True
isolated nodes			0
self-loops			0
density				0.002213
clustering coefficient		0.205761
min/max/avg degree		1, 286, 11.062000
degree assortativity		0.306133
number of connected components	2
size of largest component	4997 (99.94 %)
tot:  102264.21935459219
__ppmi+Louvain__
PLM(balanced,pc,turbo) detected communities in 0.4160754680633545 [s]
solution properties:
-------------------  ----------
# communities         34
min community size     3
max community size   366
avg. community size  147.059
modularity             0.613334
-------------------  ----------
53 community detected
NMI:0.5054240426767093
ARI:0.6568277219400438
__ppmi+PLP__
PLP detected communities in 0.17131948471069336 [s]
solution properties:
-------------------  ----------
# communities        988
min community size     1
max community size   179
avg. community size    5.06073
modularity             0.457726
-------------------  ----------
53 community detected
NMI:0.49093336078324323
ARI:0.900232501739809
__glovexmax50alpha0.2__
Network Properties for:		G#93
nodes, edges			5000, 27655
directed?			False
weighted?			True
isolated nodes			0
self-loops			0
density				0.002213
clustering coefficient		0.205761
min/max/avg degree		1, 286, 11.062000
degree assortativity		0.306133
number of connected components	2
size of largest component	4997 (99.94 %)
tot:  14019.457612784285
__glovexmax50alpha0.2+Louvain__
PLM(balanced,pc,turbo) detected communities in 0.4271962642669678 [s]
solution properties:
-------------------  ----------
# communities         25
min community size     3
max community size   515
avg. community size  200
modularity             0.540741
-------------------  ----------
53 community detected
NMI:0.26681105994093157
ARI:0.30862563390485387
__glovexmax50alpha0.2+PLP__
PLP detected communities in 0.13218951225280762 [s]
solution properties:
-------------------  ----------
# communities         83
min community size     1
max community size   669
avg. community size   60.241
modularity             0.535023
-------------------  ----------
53 community detected
NMI:0.24744657106933976
ARI:0.3379058004600295
__glovexmax40alpha0.2__
Network Properties for:		G#105
nodes, edges			5000, 27655
directed?			False
weighted?			True
isolated nodes			0
self-loops			0
density				0.002213
clustering coefficient		0.205761
min/max/avg degree		1, 286, 11.062000
degree assortativity		0.306133
number of connected components	2
size of largest component	4997 (99.94 %)
tot:  14624.229298653228
__glovexmax40alpha0.2+Louvain__
PLM(balanced,pc,turbo) detected communities in 0.3236970901489258 [s]
solution properties:
-------------------  ----------
# communities         29
min community size     3
max community size   511
avg. community size  172.414
modularity             0.541282
-------------------  ----------
53 community detected
NMI:0.2570210264220604
ARI:0.3009829822247977
__glovexmax40alpha0.2+PLP__
PLP detected communities in 0.11921119689941406 [s]
solution properties:
-------------------  ----------
# communities         86
min community size     1
max community size   504
avg. community size   58.1395
modularity             0.538538
-------------------  ----------
53 community detected
NMI:0.23829107491008006
ARI:0.2966923579022396
__glovexmax30alpha0.3__
Network Properties for:		G#114
nodes, edges			5000, 27655
directed?			False
weighted?			True
isolated nodes			0
self-loops			0
density				0.002213
clustering coefficient		0.205761
min/max/avg degree		1, 286, 11.062000
degree assortativity		0.306133
number of connected components	2
size of largest component	4997 (99.94 %)
tot:  12926.175814719498
__glovexmax30alpha0.3+Louvain__
PLM(balanced,pc,turbo) detected communities in 0.3774261474609375 [s]
solution properties:
-------------------  ----------
# communities         25
min community size     3
max community size   479
avg. community size  200
modularity             0.537209
-------------------  ----------
53 community detected
NMI:0.27617750687741405
ARI:0.3162013809941978
__glovexmax30alpha0.3+PLP__
PLP detected communities in 0.10118865966796875 [s]
solution properties:
-------------------  ----------
# communities         85
min community size     1
max community size   661
avg. community size   58.8235
modularity             0.528993
-------------------  ----------
53 community detected
NMI:0.2647434739635457
ARI:0.36034583695022104
NMI classement:
[('NMIglovexmax40alpha0.2+PLP', 0.23829107491008006), ('NMIglovexmax50alpha0.2+PLP', 0.24744657106933976), ('NMIglovexmax40alpha0.2+Louvain', 0.2570210264220604), ('NMIglovexmax30alpha0.3+PLP', 0.2647434739635457), ('NMIglovexmax50alpha0.2+Louvain', 0.26681105994093157), ('NMIglovexmax30alpha0.3+Louvain', 0.27617750687741405), ('NMIglove+Louvain', 0.361929803318749), ('NMIPLP', 0.40802532356662824), ('NMIglove+PLP', 0.40870875485076896), ('NMILouvain', 0.417464322381797), ('NMISingleton', 0.45522622314942096), ('NMIppmi+PLP', 0.49093336078324323), ('NMIpmi+PLP', 0.4951878854200169), ('NMIppmi+Louvain', 0.5054240426767093), ('NMIstandard+PLP', 0.5100924400657252), ('NMIiterative_rev_degree_order+PLP', 0.5143399343608592), ('NMIpmi+Louvain', 0.6261254573597285), ('NMIstandard+Louvain', 0.6472469145356274), ('NMIiterative_rev_degree_order+Louvain', 0.7305843331707327), ('NMIAllInOne', 1.0), ('NMIfake_pmi+Louvain', 1), ('NMIfake_pmi+PLP', 1)]
ARI classement:
[('ARIglovexmax40alpha0.2+PLP', 0.2966923579022396), ('ARIglovexmax40alpha0.2+Louvain', 0.3009829822247977), ('ARIglovexmax50alpha0.2+Louvain', 0.30862563390485387), ('ARIglovexmax30alpha0.3+Louvain', 0.3162013809941978), ('ARIglovexmax50alpha0.2+PLP', 0.3379058004600295), ('ARIglovexmax30alpha0.3+PLP', 0.36034583695022104), ('ARIglove+Louvain', 0.4294091641512031), ('ARILouvain', 0.4903824959671048), ('ARIPLP', 0.6343312025182719), ('ARIppmi+Louvain', 0.6568277219400438), ('ARIglove+PLP', 0.7113716220051048), ('ARIpmi+Louvain', 0.8236474856088449), ('ARIstandard+Louvain', 0.90006275212909), ('ARIppmi+PLP', 0.900232501739809), ('ARIpmi+PLP', 0.9224572551428362), ('ARIiterative_rev_degree_order+Louvain', 0.9707497428303078), ('ARIstandard+PLP', 0.9809577609301213), ('ARIiterative_rev_degree_order+PLP', 0.9904779179696286), ('ARISingleton', 1.0), ('ARIAllInOne', 1.0), ('ARIfake_pmi+Louvain', 1), ('ARIfake_pmi+PLP', 1)]
