__LOADINGS__
4990/62113 8.03374494872249 % of nul weighted edges removed
0/5000 0.0 % of nul degree nodes removed
Network Properties for:		network
nodes, edges			5000, 57123
directed?			False
weighted?			True
isolated nodes			0
self-loops			0
density				0.004571
clustering coefficient		0.243022
min/max/avg degree		1, 224, 22.849200
degree assortativity		0.277078
number of connected components	1
size of largest component	5000 (100.00 %)
449149.96764233906
__Groundtruth__
read communities from: ../../lfr_5000/mk300/k25/muw0.4/25/community.dat
-------------------  ----------
# communities         40
min community size    89
max community size   180
avg. community size  125
modularity             0.539834
-------------------  ----------
40 community detected
__CLASSIC_METHODS__
__Louvain__
PLM(balanced,pc,turbo) detected communities in 0.39370107650756836 [s]
solution properties:
-------------------  ----------
# communities         37
min community size    91
max community size   199
avg. community size  135.135
modularity             0.540757
-------------------  ----------
40 community detected
NMI:0.04722112126710465
ARI:0.08537683096478543
__Singleton__
40 community detected
NMI:0.3983004112753804
ARI:1.0
__AllInOne__
40 community detected
NMI:1.0
ARI:1.0
__PLP__
PLP detected communities in 0.11848163604736328 [s]
solution properties:
-------------------  ---------
# communities         40
min community size    88
max community size   181
avg. community size  125
modularity             0.54068
-------------------  ---------
40 community detected
NMI:0.03683131972497067
ARI:0.047370453560310555
__NORMALIZATION__
__glove__
Network Properties for:		G#21
nodes, edges			5000, 57123
directed?			False
weighted?			True
isolated nodes			0
self-loops			0
density				0.004571
clustering coefficient		0.243022
min/max/avg degree		1, 224, 22.849200
degree assortativity		0.277078
number of connected components	1
size of largest component	5000 (100.00 %)
tot:  7515.647068245747
__glove+Louvain__
PLM(balanced,pc,turbo) detected communities in 0.4583261013031006 [s]
solution properties:
-------------------  ----------
# communities         28
min community size   102
max community size   281
avg. community size  178.571
modularity             0.553356
-------------------  ----------
40 community detected
NMI:0.0695646106692096
ARI:0.20303824920107805
__glove+PLP__
PLP detected communities in 0.11030244827270508 [s]
solution properties:
-------------------  ----------
# communities         40
min community size    88
max community size   180
avg. community size  125
modularity             0.555672
-------------------  ----------
40 community detected
NMI:0.01881618386831385
ARI:0.025172274528611482
__fake_pmi__
Network Properties for:		G#30
nodes, edges			5000, 57123
directed?			False
weighted?			True
isolated nodes			0
self-loops			0
density				0.004571
clustering coefficient		0.243022
min/max/avg degree		1, 224, 22.849200
degree assortativity		0.277078
number of connected components	1
size of largest component	5000 (100.00 %)
tot:  0.0
__fake_pmi+Louvain__
1 community detected due to total edge weight equal 0
NMI:1
ARI:1
__fake_pmi+PLP__
1 community detected due to total edge weight equal 0
NMI:1
ARI:1
__iterative_rev_degree_order__
Network Properties for:		G#33
nodes, edges			5000, 57123
directed?			False
weighted?			True
isolated nodes			0
self-loops			0
density				0.004571
clustering coefficient		0.243022
min/max/avg degree		1, 224, 22.849200
degree assortativity		0.277078
number of connected components	1
size of largest component	5000 (100.00 %)
tot:  1316.2058389086055
__iterative_rev_degree_order+Louvain__
PLM(balanced,pc,turbo) detected communities in 0.7579259872436523 [s]
solution properties:
-------------------  ---------
# communities         75
min community size     2
max community size   149
avg. community size   66.6667
modularity             0.80053
-------------------  ---------
40 community detected
NMI:0.7785650929838754
ARI:0.9622056059818466
__iterative_rev_degree_order+PLP__
PLP detected communities in 0.06751227378845215 [s]
solution properties:
-------------------  -----------
# communities        1515
min community size      2
max community size     12
avg. community size     3.30033
modularity              0.685258
-------------------  -----------
40 community detected
NMI:0.47508596207367737
ARI:0.9877896055103319
__pmi__
Network Properties for:		G#48
nodes, edges			5000, 57123
directed?			False
weighted?			True
isolated nodes			0
self-loops			0
density				0.004571
clustering coefficient		0.243022
min/max/avg degree		1, 224, 22.849200
degree assortativity		0.277078
number of connected components	1
size of largest component	5000 (100.00 %)
tot:  184487.74458732668
__pmi+Louvain__
PLM(balanced,pc,turbo) detected communities in 0.4823610782623291 [s]
solution properties:
-------------------  ----------
# communities         31
min community size    95
max community size   425
avg. community size  161.29
modularity             0.670368
-------------------  ----------
40 community detected
NMI:0.17679020469852813
ARI:0.37274205838076546
__pmi+PLP__
PLP detected communities in 0.11119508743286133 [s]
solution properties:
-------------------  ----------
# communities         49
min community size     2
max community size   186
avg. community size  102.041
modularity             0.670899
-------------------  ----------
40 community detected
NMI:0.129153001830835
ARI:0.18733407423588444
__standard__
Network Properties for:		G#57
nodes, edges			5000, 57123
directed?			False
weighted?			True
isolated nodes			0
self-loops			0
density				0.004571
clustering coefficient		0.243022
min/max/avg degree		1, 224, 22.849200
degree assortativity		0.277078
number of connected components	1
size of largest component	5000 (100.00 %)
tot:  10.358519649279494
__standard+Louvain__
PLM(balanced,pc,turbo) detected communities in 0.978928804397583 [s]
solution properties:
-------------------  ----------
# communities         36
min community size    38
max community size   289
avg. community size  138.889
modularity             0.698279
-------------------  ----------
40 community detected
NMI:0.5843415591778283
ARI:0.7454468955611493
__standard+PLP__
PLP detected communities in 0.15205001831054688 [s]
solution properties:
-------------------  -----------
# communities        1141
min community size      2
max community size     73
avg. community size     4.38212
modularity              0.558189
-------------------  -----------
40 community detected
NMI:0.47055310328018873
ARI:0.9111430470272144
__ppmi__
Network Properties for:		G#72
nodes, edges			5000, 57123
directed?			False
weighted?			True
isolated nodes			0
self-loops			0
density				0.004571
clustering coefficient		0.243022
min/max/avg degree		1, 224, 22.849200
degree assortativity		0.277078
number of connected components	1
size of largest component	5000 (100.00 %)
tot:  239599.99295715382
__ppmi+Louvain__
PLM(balanced,pc,turbo) detected communities in 0.43170928955078125 [s]
solution properties:
-------------------  ----------
# communities         22
min community size   127
max community size   329
avg. community size  227.273
modularity             0.588789
-------------------  ----------
40 community detected
NMI:0.09870389800358004
ARI:0.3102882293643331
__ppmi+PLP__
PLP detected communities in 0.13000702857971191 [s]
solution properties:
-------------------  ----------
# communities         39
min community size     2
max community size   427
avg. community size  128.205
modularity             0.596554
-------------------  ----------
40 community detected
NMI:0.022630043839613534
ARI:0.09894999136004512
__glovexmax50alpha0.2__
Network Properties for:		G#81
nodes, edges			5000, 57123
directed?			False
weighted?			True
isolated nodes			0
self-loops			0
density				0.004571
clustering coefficient		0.243022
min/max/avg degree		1, 224, 22.849200
degree assortativity		0.277078
number of connected components	1
size of largest component	5000 (100.00 %)
tot:  33049.713111317345
__glovexmax50alpha0.2+Louvain__
PLM(balanced,pc,turbo) detected communities in 0.24342107772827148 [s]
solution properties:
-------------------  ----------
# communities         40
min community size    89
max community size   179
avg. community size  125
modularity             0.583824
-------------------  ----------
40 community detected
NMI:0.0009797950030924207
ARI:0.001417978322932667
__glovexmax50alpha0.2+PLP__
PLP detected communities in 0.10326647758483887 [s]
solution properties:
-------------------  ----------
# communities         40
min community size    89
max community size   179
avg. community size  125
modularity             0.583824
-------------------  ----------
40 community detected
NMI:0.0009797950030926428
ARI:0.001417978322932667
__glovexmax40alpha0.2__
Network Properties for:		G#87
nodes, edges			5000, 57123
directed?			False
weighted?			True
isolated nodes			0
self-loops			0
density				0.004571
clustering coefficient		0.243022
min/max/avg degree		1, 224, 22.849200
degree assortativity		0.277078
number of connected components	1
size of largest component	5000 (100.00 %)
tot:  34530.771199846175
__glovexmax40alpha0.2+Louvain__
PLM(balanced,pc,turbo) detected communities in 0.23825478553771973 [s]
solution properties:
-------------------  ----------
# communities         40
min community size    89
max community size   179
avg. community size  125
modularity             0.583887
-------------------  ----------
40 community detected
NMI:0.0009797950030926428
ARI:0.001417978322932667
__glovexmax40alpha0.2+PLP__
PLP detected communities in 0.08110594749450684 [s]
solution properties:
-------------------  ----------
# communities         40
min community size    89
max community size   179
avg. community size  125
modularity             0.583887
-------------------  ----------
40 community detected
NMI:0.0009797950030926428
ARI:0.001417978322932667
__glovexmax30alpha0.3__
Network Properties for:		G#93
nodes, edges			5000, 57123
directed?			False
weighted?			True
isolated nodes			0
self-loops			0
density				0.004571
clustering coefficient		0.243022
min/max/avg degree		1, 224, 22.849200
degree assortativity		0.277078
number of connected components	1
size of largest component	5000 (100.00 %)
tot:  31168.17962803801
__glovexmax30alpha0.3+Louvain__
PLM(balanced,pc,turbo) detected communities in 0.25295233726501465 [s]
solution properties:
-------------------  ----------
# communities         40
min community size    89
max community size   179
avg. community size  125
modularity             0.581229
-------------------  ----------
40 community detected
NMI:0.0019465508945408772
ARI:0.002720759728334632
__glovexmax30alpha0.3+PLP__
PLP detected communities in 0.05395197868347168 [s]
solution properties:
-------------------  ----------
# communities         40
min community size    89
max community size   179
avg. community size  125
modularity             0.581229
-------------------  ----------
40 community detected
NMI:0.0019655380217816765
ARI:0.0028610315502938244
NMI classement:
[('NMIglovexmax50alpha0.2+Louvain', 0.0009797950030924207), ('NMIglovexmax50alpha0.2+PLP', 0.0009797950030926428), ('NMIglovexmax40alpha0.2+Louvain', 0.0009797950030926428), ('NMIglovexmax40alpha0.2+PLP', 0.0009797950030926428), ('NMIglovexmax30alpha0.3+Louvain', 0.0019465508945408772), ('NMIglovexmax30alpha0.3+PLP', 0.0019655380217816765), ('NMIglove+PLP', 0.01881618386831385), ('NMIppmi+PLP', 0.022630043839613534), ('NMIPLP', 0.03683131972497067), ('NMILouvain', 0.04722112126710465), ('NMIglove+Louvain', 0.0695646106692096), ('NMIppmi+Louvain', 0.09870389800358004), ('NMIpmi+PLP', 0.129153001830835), ('NMIpmi+Louvain', 0.17679020469852813), ('NMISingleton', 0.3983004112753804), ('NMIstandard+PLP', 0.47055310328018873), ('NMIiterative_rev_degree_order+PLP', 0.47508596207367737), ('NMIstandard+Louvain', 0.5843415591778283), ('NMIiterative_rev_degree_order+Louvain', 0.7785650929838754), ('NMIAllInOne', 1.0), ('NMIfake_pmi+Louvain', 1), ('NMIfake_pmi+PLP', 1)]
ARI classement:
[('ARIglovexmax50alpha0.2+Louvain', 0.001417978322932667), ('ARIglovexmax50alpha0.2+PLP', 0.001417978322932667), ('ARIglovexmax40alpha0.2+Louvain', 0.001417978322932667), ('ARIglovexmax40alpha0.2+PLP', 0.001417978322932667), ('ARIglovexmax30alpha0.3+Louvain', 0.002720759728334632), ('ARIglovexmax30alpha0.3+PLP', 0.0028610315502938244), ('ARIglove+PLP', 0.025172274528611482), ('ARIPLP', 0.047370453560310555), ('ARILouvain', 0.08537683096478543), ('ARIppmi+PLP', 0.09894999136004512), ('ARIpmi+PLP', 0.18733407423588444), ('ARIglove+Louvain', 0.20303824920107805), ('ARIppmi+Louvain', 0.3102882293643331), ('ARIpmi+Louvain', 0.37274205838076546), ('ARIstandard+Louvain', 0.7454468955611493), ('ARIstandard+PLP', 0.9111430470272144), ('ARIiterative_rev_degree_order+Louvain', 0.9622056059818466), ('ARIiterative_rev_degree_order+PLP', 0.9877896055103319), ('ARISingleton', 1.0), ('ARIAllInOne', 1.0), ('ARIfake_pmi+Louvain', 1), ('ARIfake_pmi+PLP', 1)]
