__LOADINGS__
Network Properties for:		network
nodes, edges			5000, 41798
directed?			False
weighted?			True
isolated nodes			1
self-loops			0
density				0.003345
clustering coefficient		0.415177
min/max/avg degree		0, 235, 16.719200
degree assortativity		0.148925
number of connected components	2
size of largest component	4999 (99.98 %)
312280.7541406028
__Groundtruth__
read communities from: ../../lfr_5000/mk300/k20/muw0.2/19/community.dat
-------------------  ----------
# communities         30
min community size   122
max community size   240
avg. community size  166.667
modularity             0.725913
-------------------  ----------
30 community detected
__CLASSIC_METHODS__
__Louvain__
PLM(balanced,pc,turbo) detected communities in 0.26285314559936523 [s]
solution properties:
-------------------  ----------
# communities         31
min community size     1
max community size   245
avg. community size  161.29
modularity             0.727212
-------------------  ----------
30 community detected
NMI:0.03425765839671824
ARM:0.03838215892866825
__Singleton__
30 community detected
NMI:0.43129281532965946
ARM:1.0
__AllInOne__
30 community detected
NMI:1.0
ARM:1.0
__PLP__
PLP detected communities in 0.10348057746887207 [s]
solution properties:
-------------------  ----------
# communities         31
min community size     1
max community size   245
avg. community size  161.29
modularity             0.727202
-------------------  ----------
30 community detected
NMI:0.036616214446379525
ARM:0.04116953514614974
__NORMALIZATION__
__glove__
Network Properties for:		G#18cc
nodes, edges			4999, 41798
directed?			False
weighted?			True
isolated nodes			0
self-loops			0
density				0.003346
clustering coefficient		0.415260
min/max/avg degree		4, 235, 16.722545
degree assortativity		0.148925
number of connected components	1
size of largest component	4999 (100.00 %)
tot:  5037.179805290888
__glove+Louvain__
PLM(balanced,pc,turbo) detected communities in 0.2313241958618164 [s]
solution properties:
-------------------  ----------
# communities         30
min community size   121
max community size   242
avg. community size  166.633
modularity             0.747892
-------------------  ----------
30 community detected
NMI:0.022865945036115942
ARM:0.025448657466282776
__glove+PLP__
PLP detected communities in 0.07494330406188965 [s]
solution properties:
-------------------  ----------
# communities         30
min community size   121
max community size   242
avg. community size  166.633
modularity             0.747889
-------------------  ----------
30 community detected
NMI:0.023859951705909932
ARM:0.026608089785716715
__fake_pmi__
Network Properties for:		G#34cc
nodes, edges			4999, 41798
directed?			False
weighted?			True
isolated nodes			0
self-loops			0
density				0.003346
clustering coefficient		0.415260
min/max/avg degree		4, 235, 16.722545
degree assortativity		0.148925
number of connected components	1
size of largest component	4999 (100.00 %)
tot:  0.0
__fake_pmi+Louvain__
1 community detected due to total edge weight equal 0
NMI:1
ARM:0.026608089785716715
__fake_pmi+PLP__
1 community detected due to total edge weight equal 0
NMI:1
ARM:0.026608089785716715
__iterative_rev_degree_order__
Network Properties for:		G#47cc
nodes, edges			4999, 41798
directed?			False
weighted?			True
isolated nodes			0
self-loops			0
density				0.003346
clustering coefficient		0.415260
min/max/avg degree		4, 235, 16.722545
degree assortativity		0.148925
number of connected components	1
size of largest component	4999 (100.00 %)
tot:  1623.636967681665
__iterative_rev_degree_order+Louvain__
PLM(balanced,pc,turbo) detected communities in 0.8124089241027832 [s]
solution properties:
-------------------  ----------
# communities         45
min community size     2
max community size   274
avg. community size  111.089
modularity             0.858113
-------------------  ----------
30 community detected
NMI:0.5820650846837117
ARM:0.7499940093135206
__iterative_rev_degree_order+PLP__
PLP detected communities in 0.05373430252075195 [s]
solution properties:
-------------------  -----------
# communities        1541
min community size      2
max community size     16
avg. community size     3.244
modularity              0.727686
-------------------  -----------
30 community detected
NMI:0.451219789858898
ARM:0.9806779038258393
__pmi__
Network Properties for:		G#72cc
nodes, edges			4999, 41798
directed?			False
weighted?			True
isolated nodes			0
self-loops			0
density				0.003346
clustering coefficient		0.415260
min/max/avg degree		4, 235, 16.722545
degree assortativity		0.148925
number of connected components	1
size of largest component	4999 (100.00 %)
tot:  116692.59942177487
__pmi+Louvain__
PLM(balanced,pc,turbo) detected communities in 0.36714601516723633 [s]
solution properties:
-------------------  ---------
# communities         29
min community size   131
max community size   394
avg. community size  172.379
modularity             1.00707
-------------------  ---------
30 community detected
NMI:0.10113273946445978
ARM:0.16450611733989706
__pmi+PLP__
PLP detected communities in 0.08994889259338379 [s]
solution properties:
-------------------  ---------
# communities         40
min community size     2
max community size   220
avg. community size  124.975
modularity             1.00382
-------------------  ---------
30 community detected
NMI:0.09305088205817025
ARM:0.1255127072666029
__standard__
Network Properties for:		G#91cc
nodes, edges			4999, 41798
directed?			False
weighted?			True
isolated nodes			0
self-loops			0
density				0.003346
clustering coefficient		0.415260
min/max/avg degree		4, 235, 16.722545
degree assortativity		0.148925
number of connected components	1
size of largest component	4999 (100.00 %)
tot:  10.53031585263825
__standard+Louvain__
PLM(balanced,pc,turbo) detected communities in 0.5216312408447266 [s]
solution properties:
-------------------  ----------
# communities         33
min community size     2
max community size   237
avg. community size  151.485
modularity             0.840181
-------------------  ----------
30 community detected
NMI:0.2905920272696926
ARM:0.3778438854660272
__standard+PLP__
PLP detected communities in 0.12257695198059082 [s]
solution properties:
-------------------  -----------
# communities        1020
min community size      2
max community size    131
avg. community size     4.90098
modularity              0.646317
-------------------  -----------
30 community detected
NMI:0.37825217724179605
ARM:0.7193456230923452
__ppmi__
Network Properties for:		G#113cc
nodes, edges			4999, 41798
directed?			False
weighted?			True
isolated nodes			0
self-loops			0
density				0.003346
clustering coefficient		0.415260
min/max/avg degree		4, 235, 16.722545
degree assortativity		0.148925
number of connected components	1
size of largest component	4999 (100.00 %)
tot:  167770.4413900096
__ppmi+Louvain__
PLM(balanced,pc,turbo) detected communities in 0.29091715812683105 [s]
solution properties:
-------------------  ----------
# communities         30
min community size   123
max community size   238
avg. community size  166.633
modularity             0.787673
-------------------  ----------
30 community detected
NMI:0.00404559639732438
ARM:0.005017373411064341
__ppmi+PLP__
PLP detected communities in 0.09473681449890137 [s]
solution properties:
-------------------  ----------
# communities         30
min community size   123
max community size   238
avg. community size  166.633
modularity             0.787671
-------------------  ----------
30 community detected
NMI:0.004779670523414992
ARM:0.005902508263753381
__glovexmax50alpha0.2__
Network Properties for:		G#132cc
nodes, edges			4999, 41798
directed?			False
weighted?			True
isolated nodes			0
self-loops			0
density				0.003346
clustering coefficient		0.415260
min/max/avg degree		4, 235, 16.722545
degree assortativity		0.148925
number of connected components	1
size of largest component	4999 (100.00 %)
tot:  22467.673829845553
__glovexmax50alpha0.2+Louvain__
PLM(balanced,pc,turbo) detected communities in 0.15955805778503418 [s]
solution properties:
-------------------  ----------
# communities         30
min community size   122
max community size   239
avg. community size  166.633
modularity             0.777287
-------------------  ----------
30 community detected
NMI:0.0
ARM:0.0
__glovexmax50alpha0.2+PLP__
PLP detected communities in 0.0781247615814209 [s]
solution properties:
-------------------  ----------
# communities         30
min community size   122
max community size   239
avg. community size  166.633
modularity             0.777287
-------------------  ----------
30 community detected
NMI:0.0
ARM:0.0
__glovexmax40alpha0.2__
Network Properties for:		G#148cc
nodes, edges			4999, 41798
directed?			False
weighted?			True
isolated nodes			0
self-loops			0
density				0.003346
clustering coefficient		0.415260
min/max/avg degree		4, 235, 16.722545
degree assortativity		0.148925
number of connected components	1
size of largest component	4999 (100.00 %)
tot:  23463.070343337
__glovexmax40alpha0.2+Louvain__
PLM(balanced,pc,turbo) detected communities in 0.2456653118133545 [s]
solution properties:
-------------------  ----------
# communities         30
min community size   122
max community size   239
avg. community size  166.633
modularity             0.777499
-------------------  ----------
30 community detected
NMI:0.0
ARM:0.0
__glovexmax40alpha0.2+PLP__
PLP detected communities in 0.07732152938842773 [s]
solution properties:
-------------------  ----------
# communities         30
min community size   122
max community size   239
avg. community size  166.633
modularity             0.777499
-------------------  ----------
30 community detected
NMI:0.0
ARM:0.0
__glovexmax30alpha0.3__
Network Properties for:		G#167cc
nodes, edges			4999, 41798
directed?			False
weighted?			True
isolated nodes			0
self-loops			0
density				0.003346
clustering coefficient		0.415260
min/max/avg degree		4, 235, 16.722545
degree assortativity		0.148925
number of connected components	1
size of largest component	4999 (100.00 %)
tot:  20763.072400504618
__glovexmax30alpha0.3+Louvain__
PLM(balanced,pc,turbo) detected communities in 0.1085054874420166 [s]
solution properties:
-------------------  ----------
# communities         30
min community size   122
max community size   239
avg. community size  166.633
modularity             0.776341
-------------------  ----------
30 community detected
NMI:0.0017961516855816706
ARM:0.0019690488249166638
__glovexmax30alpha0.3+PLP__
PLP detected communities in 0.05660891532897949 [s]
solution properties:
-------------------  ----------
# communities         30
min community size   122
max community size   239
avg. community size  166.633
modularity             0.776341
-------------------  ----------
30 community detected
NMI:0.0017961516855816706
ARM:0.0019690488249166638
