__LOADINGS__
Network Properties for:		network
nodes, edges			5000, 47510
directed?			False
weighted?			True
isolated nodes			0
self-loops			0
density				0.003802
clustering coefficient		0.242096
min/max/avg degree		1, 343, 19.004000
degree assortativity		0.286771
number of connected components	1
size of largest component	5000 (100.00 %)
430577.5410640363
__Groundtruth__
read communities from: ../../lfr_5000/mk500/k20/muw0.4/21/community.dat
-------------------  ----------
# communities         46
min community size     5
max community size   472
avg. community size  108.696
modularity             0.438322
-------------------  ----------
46 community detected
__CLASSIC_METHODS__
__Louvain__
PLM(balanced,pc,turbo) detected communities in 0.42716097831726074 [s]
solution properties:
-------------------  ----------
# communities         19
min community size    98
max community size   492
avg. community size  263.158
modularity             0.446023
-------------------  ----------
46 community detected
NMI:0.1971851930559977
ARM:0.24284400241455628
__Singleton__
46 community detected
NMI:0.4615053837445433
ARM:1.0
__AllInOne__
46 community detected
NMI:1.0
ARM:1.0
__PLP__
PLP detected communities in 0.07030820846557617 [s]
solution properties:
-------------------  ---------
# communities         39
min community size     2
max community size   528
avg. community size  128.205
modularity             0.44398
-------------------  ---------
46 community detected
NMI:0.16675161128045612
ARM:0.21962257492997717
__NORMALIZATION__
__glove__
Network Properties for:		G#24cc
nodes, edges			5000, 47510
directed?			False
weighted?			True
isolated nodes			0
self-loops			0
density				0.003802
clustering coefficient		0.242096
min/max/avg degree		1, 343, 19.004000
degree assortativity		0.286771
number of connected components	1
size of largest component	5000 (100.00 %)
tot:  6498.1735316812465
__glove+Louvain__
PLM(balanced,pc,turbo) detected communities in 0.37039995193481445 [s]
solution properties:
-------------------  ----------
# communities         21
min community size    52
max community size   484
avg. community size  238.095
modularity             0.476537
-------------------  ----------
46 community detected
NMI:0.15951252329022925
ARM:0.19794772788881765
__glove+PLP__
PLP detected communities in 0.08597683906555176 [s]
solution properties:
-------------------  ----------
# communities         42
min community size     5
max community size   509
avg. community size  119.048
modularity             0.475506
-------------------  ----------
46 community detected
NMI:0.12963498840819676
ARM:0.17744222995514836
__fake_pmi__
Network Properties for:		G#43cc
nodes, edges			5000, 47510
directed?			False
weighted?			True
isolated nodes			0
self-loops			0
density				0.003802
clustering coefficient		0.242096
min/max/avg degree		1, 343, 19.004000
degree assortativity		0.286771
number of connected components	1
size of largest component	5000 (100.00 %)
tot:  0.0
__fake_pmi+Louvain__
1 community detected due to total edge weight equal 0
NMI:1
ARM:0.17744222995514836
__fake_pmi+PLP__
1 community detected due to total edge weight equal 0
NMI:1
ARM:0.17744222995514836
__iterative_rev_degree_order__
Network Properties for:		G#56cc
nodes, edges			5000, 47510
directed?			False
weighted?			True
isolated nodes			0
self-loops			0
density				0.003802
clustering coefficient		0.242096
min/max/avg degree		1, 343, 19.004000
degree assortativity		0.286771
number of connected components	1
size of largest component	5000 (100.00 %)
tot:  1281.512367395057
__iterative_rev_degree_order+Louvain__
PLM(balanced,pc,turbo) detected communities in 0.8495700359344482 [s]
solution properties:
-------------------  ---------
# communities         64
min community size    40
max community size   126
avg. community size   78.125
modularity             0.86586
-------------------  ---------
46 community detected
NMI:0.7976984219745393
ARM:0.9759769970007836
__iterative_rev_degree_order+PLP__
PLP detected communities in 0.0903177261352539 [s]
solution properties:
-------------------  -----------
# communities        1601
min community size      2
max community size     11
avg. community size     3.12305
modularity              0.752824
-------------------  -----------
46 community detected
NMI:0.5282063787027572
ARM:0.9936028716748436
__pmi__
Network Properties for:		G#81cc
nodes, edges			5000, 47510
directed?			False
weighted?			True
isolated nodes			0
self-loops			0
density				0.003802
clustering coefficient		0.242096
min/max/avg degree		1, 343, 19.004000
degree assortativity		0.286771
number of connected components	1
size of largest component	5000 (100.00 %)
tot:  56074.20777610619
__pmi+Louvain__
PLM(balanced,pc,turbo) detected communities in 0.6792209148406982 [s]
solution properties:
-------------------  ---------
# communities         30
min community size     2
max community size   617
avg. community size  166.667
modularity             1.35822
-------------------  ---------
46 community detected
NMI:0.560441688083545
ARM:0.7835644577344272
__pmi+PLP__
PLP detected communities in 0.18008041381835938 [s]
solution properties:
-------------------  ---------
# communities        389
min community size     1
max community size   843
avg. community size   12.8535
modularity             1.24504
-------------------  ---------
46 community detected
NMI:0.5044173597540583
ARM:0.7939663476632194
__standard__
Network Properties for:		G#103cc
nodes, edges			5000, 47510
directed?			False
weighted?			True
isolated nodes			0
self-loops			0
density				0.003802
clustering coefficient		0.242096
min/max/avg degree		1, 343, 19.004000
degree assortativity		0.286771
number of connected components	1
size of largest component	5000 (100.00 %)
tot:  16.77310943032269
__standard+Louvain__
PLM(balanced,pc,turbo) detected communities in 0.7423529624938965 [s]
solution properties:
-------------------  ---------
# communities         93
min community size     2
max community size   247
avg. community size   53.7634
modularity             0.87227
-------------------  ---------
46 community detected
NMI:0.715874095502949
ARM:0.9284304479903859
__standard+PLP__
PLP detected communities in 0.11994218826293945 [s]
solution properties:
-------------------  -----------
# communities        1270
min community size      2
max community size     35
avg. community size     3.93701
modularity              0.748664
-------------------  -----------
46 community detected
NMI:0.5553459988379553
ARM:0.9899019658493198
__ppmi__
Network Properties for:		G#128cc
nodes, edges			5000, 47510
directed?			False
weighted?			True
isolated nodes			0
self-loops			0
density				0.003802
clustering coefficient		0.242096
min/max/avg degree		1, 343, 19.004000
degree assortativity		0.286771
number of connected components	1
size of largest component	5000 (100.00 %)
tot:  157513.6551980143
__ppmi+Louvain__
PLM(balanced,pc,turbo) detected communities in 0.6207835674285889 [s]
solution properties:
-------------------  ----------
# communities         27
min community size    35
max community size   456
avg. community size  185.185
modularity             0.578278
-------------------  ----------
46 community detected
NMI:0.27484170042382317
ARM:0.3572841011993865
__ppmi+PLP__
PLP detected communities in 0.19987082481384277 [s]
solution properties:
-------------------  -----------
# communities          98
min community size      2
max community size   2607
avg. community size    51.0204
modularity              0.465389
-------------------  -----------
46 community detected
NMI:0.3543699537114128
ARM:0.8124713845472264
__glovexmax50alpha0.2__
Network Properties for:		G#150cc
nodes, edges			5000, 47510
directed?			False
weighted?			True
isolated nodes			0
self-loops			0
density				0.003802
clustering coefficient		0.242096
min/max/avg degree		1, 343, 19.004000
degree assortativity		0.286771
number of connected components	1
size of largest component	5000 (100.00 %)
tot:  25050.279987292663
__glovexmax50alpha0.2+Louvain__
PLM(balanced,pc,turbo) detected communities in 0.3903355598449707 [s]
solution properties:
-------------------  ----------
# communities         24
min community size    50
max community size   471
avg. community size  208.333
modularity             0.531727
-------------------  ----------
46 community detected
NMI:0.06497036930860245
ARM:0.06887095673232446
__glovexmax50alpha0.2+PLP__
PLP detected communities in 0.10722780227661133 [s]
solution properties:
-------------------  ----------
# communities         46
min community size     5
max community size   480
avg. community size  108.696
modularity             0.529742
-------------------  ----------
46 community detected
NMI:0.035803477548826956
ARM:0.04564210316955075
__glovexmax40alpha0.2__
Network Properties for:		G#169cc
nodes, edges			5000, 47510
directed?			False
weighted?			True
isolated nodes			0
self-loops			0
density				0.003802
clustering coefficient		0.242096
min/max/avg degree		1, 343, 19.004000
degree assortativity		0.286771
number of connected components	1
size of largest component	5000 (100.00 %)
tot:  26134.120139684062
__glovexmax40alpha0.2+Louvain__
PLM(balanced,pc,turbo) detected communities in 0.3734719753265381 [s]
solution properties:
-------------------  ----------
# communities         24
min community size    50
max community size   471
avg. community size  208.333
modularity             0.532251
-------------------  ----------
46 community detected
NMI:0.06453452206187671
ARM:0.0673219111628236
__glovexmax40alpha0.2+PLP__
PLP detected communities in 0.1270911693572998 [s]
solution properties:
-------------------  ----------
# communities         45
min community size     5
max community size   480
avg. community size  111.111
modularity             0.530284
-------------------  ----------
46 community detected
NMI:0.03668245606324039
ARM:0.046208524560538256
__glovexmax30alpha0.3__
Network Properties for:		G#188cc
nodes, edges			5000, 47510
directed?			False
weighted?			True
isolated nodes			0
self-loops			0
density				0.003802
clustering coefficient		0.242096
min/max/avg degree		1, 343, 19.004000
degree assortativity		0.286771
number of connected components	1
size of largest component	5000 (100.00 %)
tot:  23550.73387008627
__glovexmax30alpha0.3+Louvain__
PLM(balanced,pc,turbo) detected communities in 0.3800075054168701 [s]
solution properties:
-------------------  ----------
# communities         26
min community size    11
max community size   476
avg. community size  192.308
modularity             0.527662
-------------------  ----------
46 community detected
NMI:0.07690261371214047
ARM:0.0869359610900563
__glovexmax30alpha0.3+PLP__
PLP detected communities in 0.08905982971191406 [s]
solution properties:
-------------------  ----------
# communities         43
min community size     5
max community size   487
avg. community size  116.279
modularity             0.527188
-------------------  ----------
46 community detected
NMI:0.05768747311428046
ARM:0.07621468850153479
