__LOADINGS__
Network Properties for:		network
nodes, edges			5000, 41963
directed?			False
weighted?			True
isolated nodes			2
self-loops			0
density				0.003358
clustering coefficient		0.424569
min/max/avg degree		0, 84, 16.785200
degree assortativity		0.345729
number of connected components	3
size of largest component	4998 (99.96 %)
235448.77397713254
__Groundtruth__
read communities from: ../../lfr_5000/mk100/k20/muw0.2/37/community.dat
-------------------  ----------
# communities        104
min community size    20
max community size    99
avg. community size   48.0769
modularity             0.812683
-------------------  ----------
104 community detected
__CLASSIC_METHODS__
__Louvain__
PLM(balanced,pc,turbo) detected communities in 0.3483924865722656 [s]
solution properties:
-------------------  ----------
# communities         66
min community size     1
max community size   120
avg. community size   75.7576
modularity             0.813865
-------------------  ----------
104 community detected
NMI:0.04946453214814761
ARM:0.1820075548773058
__Singleton__
104 community detected
NMI:0.304781495540172
ARM:1.0
__AllInOne__
104 community detected
NMI:1.0
ARM:1.0
__PLP__
PLP detected communities in 0.10885787010192871 [s]
solution properties:
-------------------  ----------
# communities        107
min community size     1
max community size    99
avg. community size   46.729
modularity             0.812811
-------------------  ----------
104 community detected
NMI:0.0019940788885383087
ARM:0.0044271282038659265
__NORMALIZATION__
__glove__
Network Properties for:		G#21cc
nodes, edges			4998, 41963
directed?			False
weighted?			True
isolated nodes			0
self-loops			0
density				0.003360
clustering coefficient		0.424739
min/max/avg degree		1, 84, 16.791917
degree assortativity		0.345729
number of connected components	1
size of largest component	4998 (100.00 %)
tot:  4590.192734666051
__glove+Louvain__
PLM(balanced,pc,turbo) detected communities in 0.30827927589416504 [s]
solution properties:
-------------------  ----------
# communities         74
min community size    31
max community size   107
avg. community size   67.5405
modularity             0.818279
-------------------  ----------
104 community detected
NMI:0.0329784743555146
ARM:0.11728728806938038
__glove+PLP__
PLP detected communities in 0.10174751281738281 [s]
solution properties:
-------------------  ----------
# communities        104
min community size    20
max community size    99
avg. community size   48.0577
modularity             0.817731
-------------------  ----------
104 community detected
NMI:0.0016595356290808327
ARM:0.003998747973369854
__fake_pmi__
Network Properties for:		G#40cc
nodes, edges			4998, 41963
directed?			False
weighted?			True
isolated nodes			0
self-loops			0
density				0.003360
clustering coefficient		0.424739
min/max/avg degree		1, 84, 16.791917
degree assortativity		0.345729
number of connected components	1
size of largest component	4998 (100.00 %)
tot:  0.0
__fake_pmi+Louvain__
1 community detected due to total edge weight equal 0
NMI:1
ARM:0.003998747973369854
__fake_pmi+PLP__
1 community detected due to total edge weight equal 0
NMI:1
ARM:0.003998747973369854
__iterative_rev_degree_order__
Network Properties for:		G#53cc
nodes, edges			4998, 41963
directed?			False
weighted?			True
isolated nodes			0
self-loops			0
density				0.003360
clustering coefficient		0.424739
min/max/avg degree		1, 84, 16.791917
degree assortativity		0.345729
number of connected components	1
size of largest component	4998 (100.00 %)
tot:  1405.3228766642994
__iterative_rev_degree_order+Louvain__
PLM(balanced,pc,turbo) detected communities in 0.32577061653137207 [s]
solution properties:
-------------------  ----------
# communities         44
min community size    65
max community size   188
avg. community size  113.591
modularity             0.822455
-------------------  ----------
104 community detected
NMI:0.39864178319487054
ARM:0.7263842602991533
__iterative_rev_degree_order+PLP__
PLP detected communities in 0.11479020118713379 [s]
solution properties:
-------------------  -----------
# communities        1344
min community size      2
max community size     14
avg. community size     3.71875
modularity              0.642225
-------------------  -----------
104 community detected
NMI:0.30045459931942675
ARM:0.928145511543611
__pmi__
Network Properties for:		G#78cc
nodes, edges			4998, 41963
directed?			False
weighted?			True
isolated nodes			0
self-loops			0
density				0.003360
clustering coefficient		0.424739
min/max/avg degree		1, 84, 16.791917
degree assortativity		0.345729
number of connected components	1
size of largest component	4998 (100.00 %)
tot:  247446.5494809843
__pmi+Louvain__
PLM(balanced,pc,turbo) detected communities in 0.44229650497436523 [s]
solution properties:
-------------------  ---------
# communities        82
min community size   24
max community size   98
avg. community size  60.9512
modularity            0.825048
-------------------  ---------
104 community detected
NMI:0.021793044061017675
ARM:0.07002933785899412
__pmi+PLP__
PLP detected communities in 0.049384355545043945 [s]
solution properties:
-------------------  ----------
# communities        104
min community size     1
max community size   111
avg. community size   48.0577
modularity             0.824681
-------------------  ----------
104 community detected
NMI:0.0027703589210099633
ARM:0.010614583697285185
__standard__
Network Properties for:		G#97cc
nodes, edges			4998, 41963
directed?			False
weighted?			True
isolated nodes			0
self-loops			0
density				0.003360
clustering coefficient		0.424739
min/max/avg degree		1, 84, 16.791917
degree assortativity		0.345729
number of connected components	1
size of largest component	4998 (100.00 %)
tot:  24.441991562147226
__standard+Louvain__
PLM(balanced,pc,turbo) detected communities in 0.6292848587036133 [s]
solution properties:
-------------------  ----------
# communities         65
min community size    21
max community size   199
avg. community size   76.8923
modularity             0.838448
-------------------  ----------
104 community detected
NMI:0.13347595763436537
ARM:0.38312934653135744
__standard+PLP__
PLP detected communities in 0.13689875602722168 [s]
solution properties:
-------------------  ----------
# communities        259
min community size     1
max community size    81
avg. community size   19.2973
modularity             0.796202
-------------------  ----------
104 community detected
NMI:0.0912264355015362
ARM:0.1960171010027978
__ppmi__
Network Properties for:		G#119cc
nodes, edges			4998, 41963
directed?			False
weighted?			True
isolated nodes			0
self-loops			0
density				0.003360
clustering coefficient		0.424739
min/max/avg degree		1, 84, 16.791917
degree assortativity		0.345729
number of connected components	1
size of largest component	4998 (100.00 %)
tot:  251611.3216002954
__ppmi+Louvain__
PLM(balanced,pc,turbo) detected communities in 0.3986482620239258 [s]
solution properties:
-------------------  ---------
# communities        77
min community size   36
max community size   98
avg. community size  64.9091
modularity            0.821977
-------------------  ---------
104 community detected
NMI:0.027206518900326437
ARM:0.08890492792101923
__ppmi+PLP__
PLP detected communities in 0.11313128471374512 [s]
solution properties:
-------------------  ----------
# communities        104
min community size    20
max community size    98
avg. community size   48.0577
modularity             0.821921
-------------------  ----------
104 community detected
NMI:0.0014016671519945234
ARM:0.0033061804471081757
__glovexmax50alpha0.2__
Network Properties for:		G#138cc
nodes, edges			4998, 41963
directed?			False
weighted?			True
isolated nodes			0
self-loops			0
density				0.003360
clustering coefficient		0.424739
min/max/avg degree		1, 84, 16.791917
degree assortativity		0.345729
number of connected components	1
size of largest component	4998 (100.00 %)
tot:  25455.872185876706
__glovexmax50alpha0.2+Louvain__
PLM(balanced,pc,turbo) detected communities in 0.38298511505126953 [s]
solution properties:
-------------------  ----------
# communities         67
min community size    38
max community size   103
avg. community size   74.597
modularity             0.818644
-------------------  ----------
104 community detected
NMI:0.04186866110201015
ARM:0.14632959152515213
__glovexmax50alpha0.2+PLP__
PLP detected communities in 0.1260228157043457 [s]
solution properties:
-------------------  ---------
# communities        104
min community size    20
max community size    98
avg. community size   48.0577
modularity             0.81866
-------------------  ---------
104 community detected
NMI:0.0011957835744381695
ARM:0.002965146340348168
__glovexmax40alpha0.2__
Network Properties for:		G#157cc
nodes, edges			4998, 41963
directed?			False
weighted?			True
isolated nodes			0
self-loops			0
density				0.003360
clustering coefficient		0.424739
min/max/avg degree		1, 84, 16.791917
degree assortativity		0.345729
number of connected components	1
size of largest component	4998 (100.00 %)
tot:  26617.666803260603
__glovexmax40alpha0.2+Louvain__
PLM(balanced,pc,turbo) detected communities in 0.36774420738220215 [s]
solution properties:
-------------------  ----------
# communities         64
min community size    51
max community size   127
avg. community size   78.0938
modularity             0.818405
-------------------  ----------
104 community detected
NMI:0.04686188903985822
ARM:0.16615989243975593
__glovexmax40alpha0.2+PLP__
PLP detected communities in 0.11765742301940918 [s]
solution properties:
-------------------  ---------
# communities        104
min community size    20
max community size    98
avg. community size   48.0577
modularity             0.81866
-------------------  ---------
104 community detected
NMI:0.0011957835744381695
ARM:0.002965146340348168
__glovexmax30alpha0.3__
Network Properties for:		G#176cc
nodes, edges			4998, 41963
directed?			False
weighted?			True
isolated nodes			0
self-loops			0
density				0.003360
clustering coefficient		0.424739
min/max/avg degree		1, 84, 16.791917
degree assortativity		0.345729
number of connected components	1
size of largest component	4998 (100.00 %)
tot:  23546.373937688262
__glovexmax30alpha0.3+Louvain__
PLM(balanced,pc,turbo) detected communities in 0.4325988292694092 [s]
solution properties:
-------------------  ----------
# communities         68
min community size    38
max community size   120
avg. community size   73.5
modularity             0.820344
-------------------  ----------
104 community detected
NMI:0.040980646631084694
ARM:0.14667448382573378
__glovexmax30alpha0.3+PLP__
PLP detected communities in 0.10743045806884766 [s]
solution properties:
-------------------  ----------
# communities        104
min community size    20
max community size    98
avg. community size   48.0577
modularity             0.820328
-------------------  ----------
104 community detected
NMI:0.0011957835744381695
ARM:0.002965146340348168
