__LOADINGS__
Network Properties for:		network
nodes, edges			5000, 56245
directed?			False
weighted?			True
isolated nodes			1
self-loops			0
density				0.004501
clustering coefficient		0.313886
min/max/avg degree		0, 83, 22.498000
degree assortativity		0.392818
number of connected components	2
size of largest component	4999 (99.98 %)
337698.64591871476
__Groundtruth__
read communities from: ../../lfr_5000/mk100/k25/muw0.3/6/community.dat
-------------------  ----------
# communities        104
min community size    20
max community size    99
avg. community size   48.0769
modularity             0.708015
-------------------  ----------
104 community detected
__CLASSIC_METHODS__
__Louvain__
PLM(balanced,pc,turbo) detected communities in 0.5223095417022705 [s]
solution properties:
-------------------  ----------
# communities         58
min community size     1
max community size   143
avg. community size   86.2069
modularity             0.708667
-------------------  ----------
104 community detected
NMI:0.06248385737282125
ARM:0.2339240905519624
__Singleton__
104 community detected
NMI:0.3047814955401703
ARM:1.0
__AllInOne__
104 community detected
NMI:1.0
ARM:1.0
__PLP__
PLP detected communities in 0.045198678970336914 [s]
solution properties:
-------------------  ----------
# communities        105
min community size     1
max community size    99
avg. community size   47.619
modularity             0.708293
-------------------  ----------
104 community detected
NMI:0.0012911693779668054
ARM:0.002920082507265054
__NORMALIZATION__
__glove__
Network Properties for:		G#21cc
nodes, edges			4999, 56245
directed?			False
weighted?			True
isolated nodes			0
self-loops			0
density				0.004502
clustering coefficient		0.313948
min/max/avg degree		1, 83, 22.502501
degree assortativity		0.392818
number of connected components	1
size of largest component	4999 (100.00 %)
tot:  6601.456418691188
__glove+Louvain__
PLM(balanced,pc,turbo) detected communities in 0.4573655128479004 [s]
solution properties:
-------------------  ----------
# communities         56
min community size    58
max community size   144
avg. community size   89.2679
modularity             0.710826
-------------------  ----------
104 community detected
NMI:0.0641214076928095
ARM:0.23878229809217333
__glove+PLP__
PLP detected communities in 0.08244895935058594 [s]
solution properties:
-------------------  ----------
# communities        104
min community size    20
max community size    99
avg. community size   48.0673
modularity             0.710965
-------------------  ----------
104 community detected
NMI:0.0011757316955851582
ARM:0.002674745969428516
__fake_pmi__
Network Properties for:		G#40cc
nodes, edges			4999, 56245
directed?			False
weighted?			True
isolated nodes			0
self-loops			0
density				0.004502
clustering coefficient		0.313948
min/max/avg degree		1, 83, 22.502501
degree assortativity		0.392818
number of connected components	1
size of largest component	4999 (100.00 %)
tot:  0.0
__fake_pmi+Louvain__
1 community detected due to total edge weight equal 0
NMI:1
ARM:0.002674745969428516
__fake_pmi+PLP__
1 community detected due to total edge weight equal 0
NMI:1
ARM:0.002674745969428516
__iterative_rev_degree_order__
Network Properties for:		G#53cc
nodes, edges			4999, 56245
directed?			False
weighted?			True
isolated nodes			0
self-loops			0
density				0.004502
clustering coefficient		0.313948
min/max/avg degree		1, 83, 22.502501
degree assortativity		0.392818
number of connected components	1
size of largest component	4999 (100.00 %)
tot:  1099.1840954784568
__iterative_rev_degree_order+Louvain__
PLM(balanced,pc,turbo) detected communities in 0.8740184307098389 [s]
solution properties:
-------------------  ----------
# communities         46
min community size    57
max community size   159
avg. community size  108.674
modularity             0.732698
-------------------  ----------
104 community detected
NMI:0.5378484352545514
ARM:0.8508673447450518
__iterative_rev_degree_order+PLP__
PLP detected communities in 0.07793712615966797 [s]
solution properties:
-------------------  -----------
# communities        1061
min community size      2
max community size     18
avg. community size     4.71159
modularity              0.602587
-------------------  -----------
104 community detected
NMI:0.3319586239786132
ARM:0.9252351894228324
__pmi__
Network Properties for:		G#78cc
nodes, edges			4999, 56245
directed?			False
weighted?			True
isolated nodes			0
self-loops			0
density				0.004502
clustering coefficient		0.313948
min/max/avg degree		1, 83, 22.502501
degree assortativity		0.392818
number of connected components	1
size of largest component	4999 (100.00 %)
tot:  334631.00700765784
__pmi+Louvain__
PLM(balanced,pc,turbo) detected communities in 0.4584317207336426 [s]
solution properties:
-------------------  ----------
# communities         73
min community size    31
max community size   114
avg. community size   68.4795
modularity             0.715673
-------------------  ----------
104 community detected
NMI:0.033166620452191764
ARM:0.11831224469462986
__pmi+PLP__
PLP detected communities in 0.06035327911376953 [s]
solution properties:
-------------------  ----------
# communities        101
min community size    20
max community size   191
avg. community size   49.495
modularity             0.715194
-------------------  ----------
104 community detected
NMI:0.005811672041253657
ARM:0.04203575672464077
__standard__
Network Properties for:		G#97cc
nodes, edges			4999, 56245
directed?			False
weighted?			True
isolated nodes			0
self-loops			0
density				0.004502
clustering coefficient		0.313948
min/max/avg degree		1, 83, 22.502501
degree assortativity		0.392818
number of connected components	1
size of largest component	4999 (100.00 %)
tot:  17.52851769592785
__standard+Louvain__
PLM(balanced,pc,turbo) detected communities in 0.6071348190307617 [s]
solution properties:
-------------------  ----------
# communities         53
min community size    25
max community size   262
avg. community size   94.3208
modularity             0.717224
-------------------  ----------
104 community detected
NMI:0.12965477277425286
ARM:0.4027331926992571
__standard+PLP__
PLP detected communities in 0.09356546401977539 [s]
solution properties:
-------------------  ----------
# communities        164
min community size     1
max community size   125
avg. community size   30.4817
modularity             0.703734
-------------------  ----------
104 community detected
NMI:0.06065915663716237
ARM:0.14233027059162773
__ppmi__
Network Properties for:		G#119cc
nodes, edges			4999, 56245
directed?			False
weighted?			True
isolated nodes			0
self-loops			0
density				0.004502
clustering coefficient		0.313948
min/max/avg degree		1, 83, 22.502501
degree assortativity		0.392818
number of connected components	1
size of largest component	4999 (100.00 %)
tot:  336391.6757769469
__ppmi+Louvain__
PLM(balanced,pc,turbo) detected communities in 0.4249861240386963 [s]
solution properties:
-------------------  ----------
# communities         66
min community size    42
max community size   114
avg. community size   75.7424
modularity             0.713314
-------------------  ----------
104 community detected
NMI:0.04335248636372491
ARM:0.15462617339147122
__ppmi+PLP__
PLP detected communities in 0.10363984107971191 [s]
solution properties:
-------------------  ----------
# communities         98
min community size    20
max community size   162
avg. community size   51.0102
modularity             0.713003
-------------------  ----------
104 community detected
NMI:0.010079016619376602
ARM:0.061648095704417316
__glovexmax50alpha0.2__
Network Properties for:		G#138cc
nodes, edges			4999, 56245
directed?			False
weighted?			True
isolated nodes			0
self-loops			0
density				0.004502
clustering coefficient		0.313948
min/max/avg degree		1, 83, 22.502501
degree assortativity		0.392818
number of connected components	1
size of largest component	4999 (100.00 %)
tot:  35493.75621104696
__glovexmax50alpha0.2+Louvain__
PLM(balanced,pc,turbo) detected communities in 0.42841124534606934 [s]
solution properties:
-------------------  ----------
# communities         62
min community size    51
max community size   112
avg. community size   80.629
modularity             0.710577
-------------------  ----------
104 community detected
NMI:0.05030720220223406
ARM:0.18144481582102867
__glovexmax50alpha0.2+PLP__
PLP detected communities in 0.08422541618347168 [s]
solution properties:
-------------------  ----------
# communities        104
min community size    20
max community size    99
avg. community size   48.0673
modularity             0.710711
-------------------  ----------
104 community detected
NMI:0.0007093774559286947
ARM:0.001655413835885522
__glovexmax40alpha0.2__
Network Properties for:		G#157cc
nodes, edges			4999, 56245
directed?			False
weighted?			True
isolated nodes			0
self-loops			0
density				0.004502
clustering coefficient		0.313948
min/max/avg degree		1, 83, 22.502501
degree assortativity		0.392818
number of connected components	1
size of largest component	4999 (100.00 %)
tot:  37113.67536430306
__glovexmax40alpha0.2+Louvain__
PLM(balanced,pc,turbo) detected communities in 0.347980260848999 [s]
solution properties:
-------------------  ----------
# communities         63
min community size    41
max community size   121
avg. community size   79.3492
modularity             0.710668
-------------------  ----------
104 community detected
NMI:0.04858859324542919
ARM:0.17499759221804878
__glovexmax40alpha0.2+PLP__
PLP detected communities in 0.06917381286621094 [s]
solution properties:
-------------------  ----------
# communities        104
min community size    20
max community size    99
avg. community size   48.0673
modularity             0.710711
-------------------  ----------
104 community detected
NMI:0.0007093774559285837
ARM:0.001655413835885522
__glovexmax30alpha0.3__
Network Properties for:		G#176cc
nodes, edges			4999, 56245
directed?			False
weighted?			True
isolated nodes			0
self-loops			0
density				0.004502
clustering coefficient		0.313948
min/max/avg degree		1, 83, 22.502501
degree assortativity		0.392818
number of connected components	1
size of largest component	4999 (100.00 %)
tot:  33197.85897836203
__glovexmax30alpha0.3+Louvain__
PLM(balanced,pc,turbo) detected communities in 0.33628129959106445 [s]
solution properties:
-------------------  ---------
# communities         63
min community size    51
max community size   120
avg. community size   79.3492
modularity             0.71191
-------------------  ---------
104 community detected
NMI:0.04841105228518294
ARM:0.17388585288874603
__glovexmax30alpha0.3+PLP__
PLP detected communities in 0.06054949760437012 [s]
solution properties:
-------------------  ---------
# communities        104
min community size    20
max community size    99
avg. community size   48.0673
modularity             0.71194
-------------------  ---------
104 community detected
NMI:0.0007093774559288057
ARM:0.001655413835885522
