__LOADINGS__
Network Properties for:		network
nodes, edges			5000, 31150
directed?			False
weighted?			True
isolated nodes			1
self-loops			0
density				0.002492
clustering coefficient		0.268403
min/max/avg degree		0, 76, 12.460000
degree assortativity		0.339588
number of connected components	2
size of largest component	4999 (99.98 %)
166777.49922952824
__Groundtruth__
read communities from: ../../lfr_5000/mk100/k15/muw0.3/16/community.dat
-------------------  ----------
# communities        104
min community size    20
max community size    99
avg. community size   48.0769
modularity             0.689347
-------------------  ----------
104 community detected
__CLASSIC_METHODS__
__Louvain__
PLM(balanced,pc,turbo) detected communities in 0.5533022880554199 [s]
solution properties:
-------------------  ----------
# communities         51
min community size     1
max community size   163
avg. community size   98.0392
modularity             0.694068
-------------------  ----------
104 community detected
NMI:0.1123484651499469
ARM:0.3428761584996374
__Singleton__
104 community detected
NMI:0.30478149554017153
ARM:1.0
__AllInOne__
104 community detected
NMI:1.0
ARM:1.0
__PLP__
PLP detected communities in 0.13549256324768066 [s]
solution properties:
-------------------  ----------
# communities        111
min community size     1
max community size   104
avg. community size   45.045
modularity             0.690599
-------------------  ----------
104 community detected
NMI:0.03495180397304731
ARM:0.06837807281293429
__NORMALIZATION__
__glove__
Network Properties for:		G#21cc
nodes, edges			4999, 31150
directed?			False
weighted?			True
isolated nodes			0
self-loops			0
density				0.002493
clustering coefficient		0.268457
min/max/avg degree		2, 76, 12.462492
degree assortativity		0.339588
number of connected components	1
size of largest component	4999 (100.00 %)
tot:  3241.026607300015
__glove+Louvain__
PLM(balanced,pc,turbo) detected communities in 0.48691821098327637 [s]
solution properties:
-------------------  ----------
# communities         49
min community size    66
max community size   153
avg. community size  102.02
modularity             0.702088
-------------------  ----------
104 community detected
NMI:0.10253128100557174
ARM:0.3305810314193601
__glove+PLP__
PLP detected communities in 0.13513946533203125 [s]
solution properties:
-------------------  ----------
# communities        107
min community size     3
max community size   102
avg. community size   46.7196
modularity             0.699441
-------------------  ----------
104 community detected
NMI:0.023026843284396303
ARM:0.04574420700805604
__fake_pmi__
Network Properties for:		G#40cc
nodes, edges			4999, 31150
directed?			False
weighted?			True
isolated nodes			0
self-loops			0
density				0.002493
clustering coefficient		0.268457
min/max/avg degree		2, 76, 12.462492
degree assortativity		0.339588
number of connected components	1
size of largest component	4999 (100.00 %)
tot:  0.0
__fake_pmi+Louvain__
1 community detected due to total edge weight equal 0
NMI:1
ARM:0.04574420700805604
__fake_pmi+PLP__
1 community detected due to total edge weight equal 0
NMI:1
ARM:0.04574420700805604
__iterative_rev_degree_order__
Network Properties for:		G#53cc
nodes, edges			4999, 31150
directed?			False
weighted?			True
isolated nodes			0
self-loops			0
density				0.002493
clustering coefficient		0.268457
min/max/avg degree		2, 76, 12.462492
degree assortativity		0.339588
number of connected components	1
size of largest component	4999 (100.00 %)
tot:  1470.2034249451071
__iterative_rev_degree_order+Louvain__
PLM(balanced,pc,turbo) detected communities in 0.7506256103515625 [s]
solution properties:
-------------------  ----------
# communities         70
min community size    25
max community size   143
avg. community size   71.4143
modularity             0.822524
-------------------  ----------
104 community detected
NMI:0.5081769935811034
ARM:0.8441141699037324
__iterative_rev_degree_order+PLP__
PLP detected communities in 0.08357357978820801 [s]
solution properties:
-------------------  -----------
# communities        1472
min community size      2
max community size     11
avg. community size     3.39606
modularity              0.686199
-------------------  -----------
104 community detected
NMI:0.32162799413097365
ARM:0.9513742071881607
__pmi__
Network Properties for:		G#78cc
nodes, edges			4999, 31150
directed?			False
weighted?			True
isolated nodes			0
self-loops			0
density				0.002493
clustering coefficient		0.268457
min/max/avg degree		2, 76, 12.462492
degree assortativity		0.339588
number of connected components	1
size of largest component	4999 (100.00 %)
tot:  181889.62738560166
__pmi+Louvain__
PLM(balanced,pc,turbo) detected communities in 0.4543943405151367 [s]
solution properties:
-------------------  ---------
# communities         63
min community size    32
max community size   148
avg. community size   79.3492
modularity             0.72074
-------------------  ---------
104 community detected
NMI:0.06247994548031399
ARM:0.21207241162697732
__pmi+PLP__
PLP detected communities in 0.14879822731018066 [s]
solution properties:
-------------------  ----------
# communities        106
min community size     2
max community size    98
avg. community size   47.1604
modularity             0.719696
-------------------  ----------
104 community detected
NMI:0.01176964066122932
ARM:0.023058860032014405
__standard__
Network Properties for:		G#97cc
nodes, edges			4999, 31150
directed?			False
weighted?			True
isolated nodes			0
self-loops			0
density				0.002493
clustering coefficient		0.268457
min/max/avg degree		2, 76, 12.462492
degree assortativity		0.339588
number of connected components	1
size of largest component	4999 (100.00 %)
tot:  33.16759084319361
__standard+Louvain__
PLM(balanced,pc,turbo) detected communities in 0.8280134201049805 [s]
solution properties:
-------------------  ----------
# communities         49
min community size    28
max community size   365
avg. community size  102.02
modularity             0.764012
-------------------  ----------
104 community detected
NMI:0.3774435623873268
ARM:0.7211573543761401
__standard+PLP__
PLP detected communities in 0.20124268531799316 [s]
solution properties:
-------------------  ----------
# communities        985
min community size     1
max community size    56
avg. community size    5.07513
modularity             0.574454
-------------------  ----------
104 community detected
NMI:0.2902492795613577
ARM:0.774795503963369
__ppmi__
Network Properties for:		G#119cc
nodes, edges			4999, 31150
directed?			False
weighted?			True
isolated nodes			0
self-loops			0
density				0.002493
clustering coefficient		0.268457
min/max/avg degree		2, 76, 12.462492
degree assortativity		0.339588
number of connected components	1
size of largest component	4999 (100.00 %)
tot:  187688.30418279156
__ppmi+Louvain__
PLM(balanced,pc,turbo) detected communities in 0.5829415321350098 [s]
solution properties:
-------------------  ----------
# communities         56
min community size    48
max community size   155
avg. community size   89.2679
modularity             0.713875
-------------------  ----------
104 community detected
NMI:0.06940804624459207
ARM:0.24393031570774293
__ppmi+PLP__
PLP detected communities in 0.17954277992248535 [s]
solution properties:
-------------------  ----------
# communities        107
min community size     2
max community size    99
avg. community size   46.7196
modularity             0.710321
-------------------  ----------
104 community detected
NMI:0.008134358999791869
ARM:0.017484740590030468
__glovexmax50alpha0.2__
Network Properties for:		G#138cc
nodes, edges			4999, 31150
directed?			False
weighted?			True
isolated nodes			0
self-loops			0
density				0.002493
clustering coefficient		0.268457
min/max/avg degree		2, 76, 12.462492
degree assortativity		0.339588
number of connected components	1
size of largest component	4999 (100.00 %)
tot:  18270.230883870478
__glovexmax50alpha0.2+Louvain__
PLM(balanced,pc,turbo) detected communities in 0.5352973937988281 [s]
solution properties:
-------------------  ----------
# communities         59
min community size    43
max community size   122
avg. community size   84.7288
modularity             0.709251
-------------------  ----------
104 community detected
NMI:0.05944355639347243
ARM:0.21175806619176918
__glovexmax50alpha0.2+PLP__
PLP detected communities in 0.11328768730163574 [s]
solution properties:
-------------------  ----------
# communities        105
min community size    10
max community size    98
avg. community size   47.6095
modularity             0.707919
-------------------  ----------
104 community detected
NMI:0.0035528839175755778
ARM:0.007301836181529908
__glovexmax40alpha0.2__
Network Properties for:		G#157cc
nodes, edges			4999, 31150
directed?			False
weighted?			True
isolated nodes			0
self-loops			0
density				0.002493
clustering coefficient		0.268457
min/max/avg degree		2, 76, 12.462492
degree assortativity		0.339588
number of connected components	1
size of largest component	4999 (100.00 %)
tot:  19104.07604714942
__glovexmax40alpha0.2+Louvain__
PLM(balanced,pc,turbo) detected communities in 0.2770102024078369 [s]
solution properties:
-------------------  ----------
# communities         51
min community size    62
max community size   148
avg. community size   98.0196
modularity             0.708832
-------------------  ----------
104 community detected
NMI:0.07764790798712173
ARM:0.2818286769799122
__glovexmax40alpha0.2+PLP__
PLP detected communities in 0.06887340545654297 [s]
solution properties:
-------------------  ----------
# communities        104
min community size    20
max community size    98
avg. community size   48.0673
modularity             0.708468
-------------------  ----------
104 community detected
NMI:0.0032199862981785454
ARM:0.006877115055505367
__glovexmax30alpha0.3__
Network Properties for:		G#176cc
nodes, edges			4999, 31150
directed?			False
weighted?			True
isolated nodes			0
self-loops			0
density				0.002493
clustering coefficient		0.268457
min/max/avg degree		2, 76, 12.462492
degree assortativity		0.339588
number of connected components	1
size of largest component	4999 (100.00 %)
tot:  16775.998928236448
__glovexmax30alpha0.3+Louvain__
PLM(balanced,pc,turbo) detected communities in 0.2533578872680664 [s]
solution properties:
-------------------  ----------
# communities         43
min community size    80
max community size   176
avg. community size  116.256
modularity             0.708906
-------------------  ----------
104 community detected
NMI:0.10201011341379662
ARM:0.36398023794104795
__glovexmax30alpha0.3+PLP__
PLP detected communities in 0.0654752254486084 [s]
solution properties:
-------------------  ----------
# communities        105
min community size    10
max community size    99
avg. community size   47.6095
modularity             0.709013
-------------------  ----------
104 community detected
NMI:0.0060792733785909325
ARM:0.012697553621069613
