__LOADINGS__
Network Properties for:		network
nodes, edges			5000, 33477
directed?			False
weighted?			True
isolated nodes			1
self-loops			0
density				0.002679
clustering coefficient		0.197367
min/max/avg degree		0, 204, 13.390800
degree assortativity		0.270690
number of connected components	2
size of largest component	4999 (99.98 %)
245127.99555277813
__Groundtruth__
read communities from: ../../lfr_5000/mk300/k15/muw0.4/23/community.dat
-------------------  ----------
# communities         40
min community size    89
max community size   180
avg. community size  125
modularity             0.492086
-------------------  ----------
40 community detected
__CLASSIC_METHODS__
__Louvain__
PLM(balanced,pc,turbo) detected communities in 0.5346822738647461 [s]
solution properties:
-------------------  ----------
# communities         20
min community size     1
max community size   385
avg. community size  250
modularity             0.503376
-------------------  ----------
40 community detected
NMI:0.2884182135403489
ARM:0.505156706788598
__Singleton__
40 community detected
NMI:0.3983004112753794
ARM:1.0
__AllInOne__
40 community detected
NMI:1.0
ARM:1.0
__PLP__
PLP detected communities in 0.10300254821777344 [s]
solution properties:
-------------------  ----------
# communities         45
min community size     1
max community size   205
avg. community size  111.111
modularity             0.501654
-------------------  ----------
40 community detected
NMI:0.17485896099753184
ARM:0.22794198875685967
__NORMALIZATION__
__glove__
Network Properties for:		G#21cc
nodes, edges			4999, 33477
directed?			False
weighted?			True
isolated nodes			0
self-loops			0
density				0.002680
clustering coefficient		0.197407
min/max/avg degree		3, 204, 13.393479
degree assortativity		0.270690
number of connected components	1
size of largest component	4999 (100.00 %)
tot:  3963.939050343743
__glove+Louvain__
PLM(balanced,pc,turbo) detected communities in 0.417938232421875 [s]
solution properties:
-------------------  ----------
# communities         30
min community size    90
max community size   381
avg. community size  166.633
modularity             0.529869
-------------------  ----------
40 community detected
NMI:0.19932987881875164
ARM:0.3421381190379771
__glove+PLP__
PLP detected communities in 0.12204170227050781 [s]
solution properties:
-------------------  ---------
# communities         44
min community size     2
max community size   206
avg. community size  113.614
modularity             0.52931
-------------------  ---------
40 community detected
NMI:0.15153716936827089
ARM:0.19621778957548563
__fake_pmi__
Network Properties for:		G#40cc
nodes, edges			4999, 33477
directed?			False
weighted?			True
isolated nodes			0
self-loops			0
density				0.002680
clustering coefficient		0.197407
min/max/avg degree		3, 204, 13.393479
degree assortativity		0.270690
number of connected components	1
size of largest component	4999 (100.00 %)
tot:  0.0
__fake_pmi+Louvain__
1 community detected due to total edge weight equal 0
NMI:1
ARM:0.19621778957548563
__fake_pmi+PLP__
1 community detected due to total edge weight equal 0
NMI:1
ARM:0.19621778957548563
__iterative_rev_degree_order__
Network Properties for:		G#53cc
nodes, edges			4999, 33477
directed?			False
weighted?			True
isolated nodes			0
self-loops			0
density				0.002680
clustering coefficient		0.197407
min/max/avg degree		3, 204, 13.393479
degree assortativity		0.270690
number of connected components	1
size of largest component	4999 (100.00 %)
tot:  1408.8429785671183
__iterative_rev_degree_order+Louvain__
PLM(balanced,pc,turbo) detected communities in 0.592644214630127 [s]
solution properties:
-------------------  ----------
# communities         98
min community size    21
max community size   105
avg. community size   51.0102
modularity             0.867674
-------------------  ----------
40 community detected
NMI:0.7388236051518069
ARM:0.9584982439883647
__iterative_rev_degree_order+PLP__
PLP detected communities in 0.10033798217773438 [s]
solution properties:
-------------------  -----------
# communities        1584
min community size      2
max community size     10
avg. community size     3.15593
modularity              0.756519
-------------------  -----------
40 community detected
NMI:0.4631246502539933
ARM:0.9861127449649651
__pmi__
Network Properties for:		G#78cc
nodes, edges			4999, 33477
directed?			False
weighted?			True
isolated nodes			0
self-loops			0
density				0.002680
clustering coefficient		0.197407
min/max/avg degree		3, 204, 13.393479
degree assortativity		0.270690
number of connected components	1
size of largest component	4999 (100.00 %)
tot:  98775.29118985613
__pmi+Louvain__
PLM(balanced,pc,turbo) detected communities in 0.5988762378692627 [s]
solution properties:
-------------------  ----------
# communities         29
min community size     1
max community size   513
avg. community size  172.379
modularity             0.777499
-------------------  ----------
40 community detected
NMI:0.4130581584279275
ARM:0.6127657490542983
__pmi+PLP__
PLP detected communities in 0.15336084365844727 [s]
solution properties:
-------------------  ----------
# communities        367
min community size     1
max community size   205
avg. community size   13.6213
modularity             0.722074
-------------------  ----------
40 community detected
NMI:0.3461642087054636
ARM:0.5203317938992615
__standard__
Network Properties for:		G#100cc
nodes, edges			4999, 33477
directed?			False
weighted?			True
isolated nodes			0
self-loops			0
density				0.002680
clustering coefficient		0.197407
min/max/avg degree		3, 204, 13.393479
degree assortativity		0.270690
number of connected components	1
size of largest component	4999 (100.00 %)
tot:  27.01532069564013
__standard+Louvain__
PLM(balanced,pc,turbo) detected communities in 0.9038028717041016 [s]
solution properties:
-------------------  ----------
# communities         59
min community size    18
max community size   184
avg. community size   84.7288
modularity             0.853725
-------------------  ----------
40 community detected
NMI:0.6722592387809613
ARM:0.8595023107373361
__standard+PLP__
PLP detected communities in 0.06145501136779785 [s]
solution properties:
-------------------  -----------
# communities        1366
min community size      2
max community size     24
avg. community size     3.65959
modularity              0.761234
-------------------  -----------
40 community detected
NMI:0.4667902895941094
ARM:0.9758146707991739
__ppmi__
Network Properties for:		G#125cc
nodes, edges			4999, 33477
directed?			False
weighted?			True
isolated nodes			0
self-loops			0
density				0.002680
clustering coefficient		0.197407
min/max/avg degree		3, 204, 13.393479
degree assortativity		0.270690
number of connected components	1
size of largest component	4999 (100.00 %)
tot:  143308.58253177674
__ppmi+Louvain__
PLM(balanced,pc,turbo) detected communities in 0.5013389587402344 [s]
solution properties:
-------------------  ----------
# communities         38
min community size    91
max community size   274
avg. community size  131.553
modularity             0.600631
-------------------  ----------
40 community detected
NMI:0.22619768579748412
ARM:0.32276656178454677
__ppmi+PLP__
PLP detected communities in 0.1900031566619873 [s]
solution properties:
-------------------  ----------
# communities        198
min community size     1
max community size   171
avg. community size   25.2475
modularity             0.586401
-------------------  ----------
40 community detected
NMI:0.21927978210525578
ARM:0.30951368502664933
__glovexmax50alpha0.2__
Network Properties for:		G#144cc
nodes, edges			4999, 33477
directed?			False
weighted?			True
isolated nodes			0
self-loops			0
density				0.002680
clustering coefficient		0.197407
min/max/avg degree		3, 204, 13.393479
degree assortativity		0.270690
number of connected components	1
size of largest component	4999 (100.00 %)
tot:  17964.18236642499
__glovexmax50alpha0.2+Louvain__
PLM(balanced,pc,turbo) detected communities in 0.3739347457885742 [s]
solution properties:
-------------------  ----------
# communities         35
min community size    86
max community size   214
avg. community size  142.829
modularity             0.571221
-------------------  ----------
40 community detected
NMI:0.1007305688788025
ARM:0.166117108305044
__glovexmax50alpha0.2+PLP__
PLP detected communities in 0.13446807861328125 [s]
solution properties:
-------------------  ----------
# communities         43
min community size     2
max community size   191
avg. community size  116.256
modularity             0.571882
-------------------  ----------
40 community detected
NMI:0.07313445918743067
ARM:0.09401357033157931
__glovexmax40alpha0.2__
Network Properties for:		G#163cc
nodes, edges			4999, 33477
directed?			False
weighted?			True
isolated nodes			0
self-loops			0
density				0.002680
clustering coefficient		0.197407
min/max/avg degree		3, 204, 13.393479
degree assortativity		0.270690
number of connected components	1
size of largest component	4999 (100.00 %)
tot:  18760.862129043482
__glovexmax40alpha0.2+Louvain__
PLM(balanced,pc,turbo) detected communities in 0.38869428634643555 [s]
solution properties:
-------------------  ----------
# communities         24
min community size   137
max community size   312
avg. community size  208.292
modularity             0.566299
-------------------  ----------
40 community detected
NMI:0.15803943058107262
ARM:0.3363082643488515
__glovexmax40alpha0.2+PLP__
PLP detected communities in 0.14144015312194824 [s]
solution properties:
-------------------  ----------
# communities         43
min community size     2
max community size   191
avg. community size  116.256
modularity             0.572059
-------------------  ----------
40 community detected
NMI:0.07360161953023836
ARM:0.09488708789047129
__glovexmax30alpha0.3__
Network Properties for:		G#182cc
nodes, edges			4999, 33477
directed?			False
weighted?			True
isolated nodes			0
self-loops			0
density				0.002680
clustering coefficient		0.197407
min/max/avg degree		3, 204, 13.393479
degree assortativity		0.270690
number of connected components	1
size of largest component	4999 (100.00 %)
tot:  16614.88626537595
__glovexmax30alpha0.3+Louvain__
PLM(balanced,pc,turbo) detected communities in 0.3364262580871582 [s]
solution properties:
-------------------  ----------
# communities         35
min community size    90
max community size   246
avg. community size  142.829
modularity             0.568091
-------------------  ----------
40 community detected
NMI:0.11109519911631827
ARM:0.18235992791612055
__glovexmax30alpha0.3+PLP__
PLP detected communities in 0.11652374267578125 [s]
solution properties:
-------------------  ----------
# communities         43
min community size     2
max community size   193
avg. community size  116.256
modularity             0.568497
-------------------  ----------
40 community detected
NMI:0.09023107755156345
ARM:0.1158998051417437
