__LOADINGS__
4993/61264 8.149973883520502 % of nul weighted edges removed
1/5000 0.02 % of nul degree nodes removed
Network Properties for:		network
nodes, edges			4999, 56271
directed?			False
weighted?			True
isolated nodes			1
self-loops			0
density				0.004504
clustering coefficient		0.350719
min/max/avg degree		0, 371, 22.512903
degree assortativity		0.262199
number of connected components	1
size of largest component	4999 (100.00 %)
517241.37928829936
__Groundtruth__
read communities from: ../../lfr_5000/mk500/k25/muw0.3/11/community.dat
-------------------  ----------
# communities         45
min community size     6
max community size   473
avg. community size  111.111
modularity             0.557781
-------------------  ----------
45 community detected
__CLASSIC_METHODS__
__Louvain__
PLM(balanced,pc,turbo) detected communities in 0.3223729133605957 [s]
solution properties:
-------------------  ----------
# communities         17
min community size   163
max community size   484
avg. community size  294.059
modularity             0.559575
-------------------  ----------
45 community detected
NMI:0.10543708693955456
ARI:0.12960191095152052
__Singleton__
45 community detected
NMI:0.4611246391521382
ARI:1.0
__AllInOne__
45 community detected
NMI:1.0
ARI:1.0
__PLP__
PLP detected communities in 0.10771822929382324 [s]
solution properties:
-------------------  ----------
# communities         45
min community size     1
max community size   488
avg. community size  111.111
modularity             0.560274
-------------------  ----------
45 community detected
NMI:0.04363035988243591
ARI:0.059645430430475654
__NORMALIZATION__
__glove__
Network Properties for:		G#21
nodes, edges			4999, 56271
directed?			False
weighted?			True
isolated nodes			1
self-loops			0
density				0.004504
clustering coefficient		0.350719
min/max/avg degree		0, 371, 22.512903
degree assortativity		0.262199
number of connected components	1
size of largest component	4999 (100.00 %)
tot:  7853.004561046084
__glove+Louvain__
PLM(balanced,pc,turbo) detected communities in 0.26155781745910645 [s]
solution properties:
-------------------  ----------
# communities         18
min community size   130
max community size   483
avg. community size  277.722
modularity             0.587812
-------------------  ----------
45 community detected
NMI:0.08954809461529734
ARI:0.10435717628398633
__glove+PLP__
PLP detected communities in 0.11031556129455566 [s]
solution properties:
-------------------  ----------
# communities         45
min community size     1
max community size   486
avg. community size  111.111
modularity             0.588017
-------------------  ----------
45 community detected
NMI:0.035734123802489526
ARI:0.048158439540248565
__fake_pmi__
Network Properties for:		G#30
nodes, edges			4999, 56271
directed?			False
weighted?			True
isolated nodes			1
self-loops			0
density				0.004504
clustering coefficient		0.350719
min/max/avg degree		0, 371, 22.512903
degree assortativity		0.262199
number of connected components	1
size of largest component	4999 (100.00 %)
tot:  0.0
__fake_pmi+Louvain__
1 community detected due to total edge weight equal 0
NMI:1
ARI:1
__fake_pmi+PLP__
1 community detected due to total edge weight equal 0
NMI:1
ARI:1
__iterative_rev_degree_order__
Network Properties for:		G#33
nodes, edges			4999, 56271
directed?			False
weighted?			True
isolated nodes			1
self-loops			0
density				0.004504
clustering coefficient		0.350719
min/max/avg degree		0, 371, 22.512903
degree assortativity		0.262199
number of connected components	1
size of largest component	4999 (100.00 %)
tot:  1347.0100517989722
__iterative_rev_degree_order+Louvain__
PLM(balanced,pc,turbo) detected communities in 0.881904125213623 [s]
solution properties:
-------------------  ----------
# communities         57
min community size    40
max community size   182
avg. community size   87.7018
modularity             0.859266
-------------------  ----------
45 community detected
NMI:0.7129152759285313
ARI:0.9297120731618971
__iterative_rev_degree_order+PLP__
PLP detected communities in 0.07026934623718262 [s]
solution properties:
-------------------  -----------
# communities        1543
min community size      1
max community size     12
avg. community size     3.24044
modularity              0.743094
-------------------  -----------
45 community detected
NMI:0.5133682105736468
ARI:0.991671297651419
__pmi__
Network Properties for:		G#48
nodes, edges			4999, 56271
directed?			False
weighted?			True
isolated nodes			1
self-loops			0
density				0.004504
clustering coefficient		0.350719
min/max/avg degree		0, 371, 22.512903
degree assortativity		0.262199
number of connected components	1
size of largest component	4999 (100.00 %)
tot:  93207.86051938849
__pmi+Louvain__
PLM(balanced,pc,turbo) detected communities in 0.40882277488708496 [s]
solution properties:
-------------------  ---------
# communities         34
min community size     7
max community size   774
avg. community size  147.029
modularity             1.15939
-------------------  ---------
45 community detected
NMI:0.3269861817626383
ARI:0.5678973695724832
__pmi+PLP__
PLP detected communities in 0.19913625717163086 [s]
solution properties:
-------------------  ---------
# communities        109
min community size     1
max community size   638
avg. community size   45.8716
modularity             1.14285
-------------------  ---------
45 community detected
NMI:0.2685124550314886
ARI:0.4509158215222122
__standard__
Network Properties for:		G#57
nodes, edges			4999, 56271
directed?			False
weighted?			True
isolated nodes			1
self-loops			0
density				0.004504
clustering coefficient		0.350719
min/max/avg degree		0, 371, 22.512903
degree assortativity		0.262199
number of connected components	1
size of largest component	4999 (100.00 %)
tot:  12.636289132304345
__standard+Louvain__
PLM(balanced,pc,turbo) detected communities in 0.5702571868896484 [s]
solution properties:
-------------------  ----------
# communities         49
min community size     2
max community size   443
avg. community size  102.02
modularity             0.872852
-------------------  ----------
45 community detected
NMI:0.5472832989761109
ARI:0.7443557103398584
__standard+PLP__
PLP detected communities in 0.1483752727508545 [s]
solution properties:
-------------------  -----------
# communities        1105
min community size      1
max community size    157
avg. community size     4.52489
modularity              0.734397
-------------------  -----------
45 community detected
NMI:0.5227094420527929
ARI:0.9403935370340746
__ppmi__
Network Properties for:		G#69
nodes, edges			4999, 56271
directed?			False
weighted?			True
isolated nodes			1
self-loops			0
density				0.004504
clustering coefficient		0.350719
min/max/avg degree		0, 371, 22.512903
degree assortativity		0.262199
number of connected components	1
size of largest component	4999 (100.00 %)
tot:  186957.42003575794
__ppmi+Louvain__
PLM(balanced,pc,turbo) detected communities in 0.3000760078430176 [s]
solution properties:
-------------------  ----------
# communities         32
min community size    14
max community size   439
avg. community size  156.219
modularity             0.679732
-------------------  ----------
45 community detected
NMI:0.07454877962979523
ARI:0.09131820338326313
__ppmi+PLP__
PLP detected communities in 0.12092280387878418 [s]
solution properties:
-------------------  ----------
# communities         58
min community size     1
max community size   817
avg. community size   86.2069
modularity             0.670766
-------------------  ----------
45 community detected
NMI:0.0844489272088178
ARI:0.21442237037234968
__glovexmax50alpha0.2__
Network Properties for:		G#78
nodes, edges			4999, 56271
directed?			False
weighted?			True
isolated nodes			1
self-loops			0
density				0.004504
clustering coefficient		0.350719
min/max/avg degree		0, 371, 22.512903
degree assortativity		0.262199
number of connected components	1
size of largest component	4999 (100.00 %)
tot:  30476.728421654705
__glovexmax50alpha0.2+Louvain__
PLM(balanced,pc,turbo) detected communities in 0.2708127498626709 [s]
solution properties:
-------------------  ----------
# communities         20
min community size   118
max community size   473
avg. community size  249.95
modularity             0.637935
-------------------  ----------
45 community detected
NMI:0.043490089809586574
ARI:0.04149074961652943
__glovexmax50alpha0.2+PLP__
PLP detected communities in 0.050614118576049805 [s]
solution properties:
-------------------  ----------
# communities         45
min community size     1
max community size   473
avg. community size  111.111
modularity             0.638298
-------------------  ----------
45 community detected
NMI:0.003124712706052968
ARI:0.004064706197601353
__glovexmax40alpha0.2__
Network Properties for:		G#87
nodes, edges			4999, 56271
directed?			False
weighted?			True
isolated nodes			1
self-loops			0
density				0.004504
clustering coefficient		0.350719
min/max/avg degree		0, 371, 22.512903
degree assortativity		0.262199
number of connected components	1
size of largest component	4999 (100.00 %)
tot:  31791.576557843655
__glovexmax40alpha0.2+Louvain__
PLM(balanced,pc,turbo) detected communities in 0.2853505611419678 [s]
solution properties:
-------------------  ----------
# communities         25
min community size    46
max community size   473
avg. community size  199.96
modularity             0.638901
-------------------  ----------
45 community detected
NMI:0.026349710697030515
ARI:0.02145311944655537
__glovexmax40alpha0.2+PLP__
PLP detected communities in 0.08578801155090332 [s]
solution properties:
-------------------  ---------
# communities         46
min community size     1
max community size   473
avg. community size  108.696
modularity             0.63861
-------------------  ---------
45 community detected
NMI:0.003365474227205345
ARI:0.004087437188205589
__glovexmax30alpha0.3__
Network Properties for:		G#96
nodes, edges			4999, 56271
directed?			False
weighted?			True
isolated nodes			1
self-loops			0
density				0.004504
clustering coefficient		0.350719
min/max/avg degree		0, 371, 22.512903
degree assortativity		0.262199
number of connected components	1
size of largest component	4999 (100.00 %)
tot:  28583.60158323978
__glovexmax30alpha0.3+Louvain__
PLM(balanced,pc,turbo) detected communities in 0.2921733856201172 [s]
solution properties:
-------------------  ----------
# communities         28
min community size     6
max community size   472
avg. community size  178.536
modularity             0.634954
-------------------  ----------
45 community detected
NMI:0.02436783746960658
ARI:0.02006986872129468
__glovexmax30alpha0.3+PLP__
PLP detected communities in 0.08846068382263184 [s]
solution properties:
-------------------  ----------
# communities         48
min community size     1
max community size   475
avg. community size  104.167
modularity             0.634108
-------------------  ----------
45 community detected
NMI:0.008598298638967439
ARI:0.009779814293923716
NMI classement:
[('NMIglovexmax50alpha0.2+PLP', 0.003124712706052968), ('NMIglovexmax40alpha0.2+PLP', 0.003365474227205345), ('NMIglovexmax30alpha0.3+PLP', 0.008598298638967439), ('NMIglovexmax30alpha0.3+Louvain', 0.02436783746960658), ('NMIglovexmax40alpha0.2+Louvain', 0.026349710697030515), ('NMIglove+PLP', 0.035734123802489526), ('NMIglovexmax50alpha0.2+Louvain', 0.043490089809586574), ('NMIPLP', 0.04363035988243591), ('NMIppmi+Louvain', 0.07454877962979523), ('NMIppmi+PLP', 0.0844489272088178), ('NMIglove+Louvain', 0.08954809461529734), ('NMILouvain', 0.10543708693955456), ('NMIpmi+PLP', 0.2685124550314886), ('NMIpmi+Louvain', 0.3269861817626383), ('NMISingleton', 0.4611246391521382), ('NMIiterative_rev_degree_order+PLP', 0.5133682105736468), ('NMIstandard+PLP', 0.5227094420527929), ('NMIstandard+Louvain', 0.5472832989761109), ('NMIiterative_rev_degree_order+Louvain', 0.7129152759285313), ('NMIAllInOne', 1.0), ('NMIfake_pmi+Louvain', 1), ('NMIfake_pmi+PLP', 1)]
ARI classement:
[('ARIglovexmax50alpha0.2+PLP', 0.004064706197601353), ('ARIglovexmax40alpha0.2+PLP', 0.004087437188205589), ('ARIglovexmax30alpha0.3+PLP', 0.009779814293923716), ('ARIglovexmax30alpha0.3+Louvain', 0.02006986872129468), ('ARIglovexmax40alpha0.2+Louvain', 0.02145311944655537), ('ARIglovexmax50alpha0.2+Louvain', 0.04149074961652943), ('ARIglove+PLP', 0.048158439540248565), ('ARIPLP', 0.059645430430475654), ('ARIppmi+Louvain', 0.09131820338326313), ('ARIglove+Louvain', 0.10435717628398633), ('ARILouvain', 0.12960191095152052), ('ARIppmi+PLP', 0.21442237037234968), ('ARIpmi+PLP', 0.4509158215222122), ('ARIpmi+Louvain', 0.5678973695724832), ('ARIstandard+Louvain', 0.7443557103398584), ('ARIiterative_rev_degree_order+Louvain', 0.9297120731618971), ('ARIstandard+PLP', 0.9403935370340746), ('ARIiterative_rev_degree_order+PLP', 0.991671297651419), ('ARISingleton', 1.0), ('ARIAllInOne', 1.0), ('ARIfake_pmi+Louvain', 1), ('ARIfake_pmi+PLP', 1)]
