__LOADINGS__
Network Properties for:		network
nodes, edges			5000, 33303
directed?			False
weighted?			True
isolated nodes			1
self-loops			0
density				0.002665
clustering coefficient		0.390982
min/max/avg degree		0, 237, 13.321200
degree assortativity		0.125698
number of connected components	2
size of largest component	4999 (99.98 %)
241720.1186862698
__Groundtruth__
read communities from: ../../lfr_5000/mk300/k15/muw0.2/31/community.dat
-------------------  ----------
# communities         30
min community size   122
max community size   240
avg. community size  166.667
modularity             0.704068
-------------------  ----------
30 community detected
__CLASSIC_METHODS__
__Louvain__
PLM(balanced,pc,turbo) detected communities in 0.16217589378356934 [s]
solution properties:
-------------------  ----------
# communities         31
min community size     1
max community size   247
avg. community size  161.29
modularity             0.707794
-------------------  ----------
30 community detected
NMI:0.06551592286998753
ARM:0.07489958219935744
__Singleton__
30 community detected
NMI:0.43129281532966113
ARM:1.0
__AllInOne__
30 community detected
NMI:1.0
ARM:1.0
__PLP__
PLP detected communities in 0.0658717155456543 [s]
solution properties:
-------------------  ----------
# communities         31
min community size     1
max community size   247
avg. community size  161.29
modularity             0.707731
-------------------  ----------
30 community detected
NMI:0.06641590011006537
ARM:0.0761591635537413
__NORMALIZATION__
__glove__
Network Properties for:		G#18cc
nodes, edges			4999, 33303
directed?			False
weighted?			True
isolated nodes			0
self-loops			0
density				0.002666
clustering coefficient		0.391060
min/max/avg degree		3, 237, 13.323865
degree assortativity		0.125698
number of connected components	1
size of largest component	4999 (100.00 %)
tot:  3816.210325828703
__glove+Louvain__
PLM(balanced,pc,turbo) detected communities in 0.21845555305480957 [s]
solution properties:
-------------------  ----------
# communities         30
min community size   121
max community size   245
avg. community size  166.633
modularity             0.735373
-------------------  ----------
30 community detected
NMI:0.050815307696264855
ARM:0.0577393652286069
__glove+PLP__
PLP detected communities in 0.1125030517578125 [s]
solution properties:
-------------------  ----------
# communities         31
min community size     2
max community size   246
avg. community size  161.258
modularity             0.735333
-------------------  ----------
30 community detected
NMI:0.05157441195870982
ARM:0.05864467305561616
__fake_pmi__
Network Properties for:		G#34cc
nodes, edges			4999, 33303
directed?			False
weighted?			True
isolated nodes			0
self-loops			0
density				0.002666
clustering coefficient		0.391060
min/max/avg degree		3, 237, 13.323865
degree assortativity		0.125698
number of connected components	1
size of largest component	4999 (100.00 %)
tot:  0.0
__fake_pmi+Louvain__
1 community detected due to total edge weight equal 0
NMI:1
ARM:0.05864467305561616
__fake_pmi+PLP__
1 community detected due to total edge weight equal 0
NMI:1
ARM:0.05864467305561616
__iterative_rev_degree_order__
Network Properties for:		G#47cc
nodes, edges			4999, 33303
directed?			False
weighted?			True
isolated nodes			0
self-loops			0
density				0.002666
clustering coefficient		0.391060
min/max/avg degree		3, 237, 13.323865
degree assortativity		0.125698
number of connected components	1
size of largest component	4999 (100.00 %)
tot:  1702.4836074448085
__iterative_rev_degree_order+Louvain__
PLM(balanced,pc,turbo) detected communities in 0.612459659576416 [s]
solution properties:
-------------------  ----------
# communities         74
min community size     2
max community size   187
avg. community size   67.5541
modularity             0.881589
-------------------  ----------
30 community detected
NMI:0.5593226250571626
ARM:0.7576188159155565
__iterative_rev_degree_order+PLP__
PLP detected communities in 0.10935115814208984 [s]
solution properties:
-------------------  -----------
# communities        1515
min community size      2
max community size     23
avg. community size     3.29967
modularity              0.763574
-------------------  -----------
30 community detected
NMI:0.45401201835676275
ARM:0.9784756819245273
__pmi__
Network Properties for:		G#72cc
nodes, edges			4999, 33303
directed?			False
weighted?			True
isolated nodes			0
self-loops			0
density				0.002666
clustering coefficient		0.391060
min/max/avg degree		3, 237, 13.323865
degree assortativity		0.125698
number of connected components	1
size of largest component	4999 (100.00 %)
tot:  97309.61047926306
__pmi+Louvain__
PLM(balanced,pc,turbo) detected communities in 0.45162057876586914 [s]
solution properties:
-------------------  ----------
# communities         28
min community size   125
max community size   378
avg. community size  178.536
modularity             0.982768
-------------------  ----------
30 community detected
NMI:0.14134767277135185
ARM:0.231496997309807
__pmi+PLP__
PLP detected communities in 0.17740273475646973 [s]
solution properties:
-------------------  ----------
# communities         91
min community size     1
max community size   203
avg. community size   54.9341
modularity             0.960421
-------------------  ----------
30 community detected
NMI:0.13586586467153272
ARM:0.18852133834331875
__standard__
Network Properties for:		G#91cc
nodes, edges			4999, 33303
directed?			False
weighted?			True
isolated nodes			0
self-loops			0
density				0.002666
clustering coefficient		0.391060
min/max/avg degree		3, 237, 13.323865
degree assortativity		0.125698
number of connected components	1
size of largest component	4999 (100.00 %)
tot:  15.903931177740395
__standard+Louvain__
PLM(balanced,pc,turbo) detected communities in 0.6618442535400391 [s]
solution properties:
-------------------  ----------
# communities         57
min community size     2
max community size   227
avg. community size   87.7018
modularity             0.869436
-------------------  ----------
30 community detected
NMI:0.3444796889127991
ARM:0.44566085030336355
__standard+PLP__
PLP detected communities in 0.1327826976776123 [s]
solution properties:
-------------------  -----------
# communities        1119
min community size      2
max community size     92
avg. community size     4.46738
modularity              0.706623
-------------------  -----------
30 community detected
NMI:0.40874689174303536
ARM:0.8397657073420041
__ppmi__
Network Properties for:		G#116cc
nodes, edges			4999, 33303
directed?			False
weighted?			True
isolated nodes			0
self-loops			0
density				0.002666
clustering coefficient		0.391060
min/max/avg degree		3, 237, 13.323865
degree assortativity		0.125698
number of connected components	1
size of largest component	4999 (100.00 %)
tot:  135525.42941063986
__ppmi+Louvain__
PLM(balanced,pc,turbo) detected communities in 0.3513369560241699 [s]
solution properties:
-------------------  ----------
# communities         28
min community size   127
max community size   400
avg. community size  178.536
modularity             0.775587
-------------------  ----------
30 community detected
NMI:0.05352644454438826
ARM:0.11169169137234436
__ppmi+PLP__
PLP detected communities in 0.10222840309143066 [s]
solution properties:
-------------------  ----------
# communities         65
min community size     1
max community size   217
avg. community size   76.9077
modularity             0.764598
-------------------  ----------
30 community detected
NMI:0.050309929611585424
ARM:0.06583113195413215
__glovexmax50alpha0.2__
Network Properties for:		G#135cc
nodes, edges			4999, 33303
directed?			False
weighted?			True
isolated nodes			0
self-loops			0
density				0.002666
clustering coefficient		0.391060
min/max/avg degree		3, 237, 13.323865
degree assortativity		0.125698
number of connected components	1
size of largest component	4999 (100.00 %)
tot:  17436.48707724031
__glovexmax50alpha0.2+Louvain__
PLM(balanced,pc,turbo) detected communities in 0.1795341968536377 [s]
solution properties:
-------------------  ----------
# communities         19
min community size   179
max community size   351
avg. community size  263.105
modularity             0.756085
-------------------  ----------
30 community detected
NMI:0.07759573835471734
ARM:0.24551233336203448
__glovexmax50alpha0.2+PLP__
PLP detected communities in 0.0778346061706543 [s]
solution properties:
-------------------  ----------
# communities         30
min community size   122
max community size   240
avg. community size  166.633
modularity             0.769895
-------------------  ----------
30 community detected
NMI:0.004594348721588815
ARM:0.005151523942136582
__glovexmax40alpha0.2__
Network Properties for:		G#154cc
nodes, edges			4999, 33303
directed?			False
weighted?			True
isolated nodes			0
self-loops			0
density				0.002666
clustering coefficient		0.391060
min/max/avg degree		3, 237, 13.323865
degree assortativity		0.125698
number of connected components	1
size of largest component	4999 (100.00 %)
tot:  18205.486756017737
__glovexmax40alpha0.2+Louvain__
PLM(balanced,pc,turbo) detected communities in 0.2863595485687256 [s]
solution properties:
-------------------  ---------
# communities         23
min community size   146
max community size   337
avg. community size  217.348
modularity             0.76345
-------------------  ---------
30 community detected
NMI:0.04667280095735005
ARM:0.15275536444939564
__glovexmax40alpha0.2+PLP__
PLP detected communities in 0.09688377380371094 [s]
solution properties:
-------------------  ----------
# communities         31
min community size     1
max community size   240
avg. community size  161.258
modularity             0.770068
-------------------  ----------
30 community detected
NMI:0.004772390491746381
ARM:0.005341025312446401
__glovexmax30alpha0.3__
Network Properties for:		G#173cc
nodes, edges			4999, 33303
directed?			False
weighted?			True
isolated nodes			0
self-loops			0
density				0.002666
clustering coefficient		0.391060
min/max/avg degree		3, 237, 13.323865
degree assortativity		0.125698
number of connected components	1
size of largest component	4999 (100.00 %)
tot:  15920.035126459583
__glovexmax30alpha0.3+Louvain__
PLM(balanced,pc,turbo) detected communities in 0.19880080223083496 [s]
solution properties:
-------------------  ----------
# communities         30
min community size   121
max community size   241
avg. community size  166.633
modularity             0.768341
-------------------  ----------
30 community detected
NMI:0.01645650133844534
ARM:0.018622345122854322
__glovexmax30alpha0.3+PLP__
PLP detected communities in 0.0781409740447998 [s]
solution properties:
-------------------  ----------
# communities         31
min community size    49
max community size   242
avg. community size  161.258
modularity             0.763324
-------------------  ----------
30 community detected
NMI:0.020500347605000413
ARM:0.02475965007816605
