__LOADINGS__
Network Properties for:		network
nodes, edges			5000, 41963
directed?			False
weighted?			True
isolated nodes			2
self-loops			0
density				0.003358
clustering coefficient		0.424569
min/max/avg degree		0, 84, 16.785200
degree assortativity		0.345729
number of connected components	3
size of largest component	4998 (99.96 %)
235448.77397713254
__Groundtruth__
read communities from: ../../lfr_5000/mk100/k20/muw0.2/34/community.dat
-------------------  ----------
# communities        104
min community size    20
max community size    99
avg. community size   48.0769
modularity             0.812683
-------------------  ----------
104 community detected
__CLASSIC_METHODS__
__Louvain__
PLM(balanced,pc,turbo) detected communities in 0.15502619743347168 [s]
solution properties:
-------------------  ---------
# communities         49
min community size     1
max community size   170
avg. community size  102.041
modularity             0.81218
-------------------  ---------
104 community detected
NMI:0.08898694151459685
ARM:0.33720291898952226
__Singleton__
104 community detected
NMI:0.304781495540172
ARM:1.0
__AllInOne__
104 community detected
NMI:1.0
ARM:1.0
__PLP__
PLP detected communities in 0.0016222000122070312 [s]
solution properties:
-------------------  ----------
# communities        106
min community size     1
max community size    99
avg. community size   47.1698
modularity             0.813259
-------------------  ----------
104 community detected
NMI:0.0016588078780046533
ARM:0.0040000000000000036
__NORMALIZATION__
__glove__
Network Properties for:		G#21cc
nodes, edges			4998, 41963
directed?			False
weighted?			True
isolated nodes			0
self-loops			0
density				0.003360
clustering coefficient		0.424739
min/max/avg degree		1, 84, 16.791917
degree assortativity		0.345729
number of connected components	1
size of largest component	4998 (100.00 %)
tot:  4590.192734666051
__glove+Louvain__
PLM(balanced,pc,turbo) detected communities in 0.004536151885986328 [s]
solution properties:
-------------------  ----------
# communities         47
min community size    63
max community size   183
avg. community size  106.34
modularity             0.816411
-------------------  ----------
104 community detected
NMI:0.08769937194385014
ARM:0.3292180971422415
__glove+PLP__
PLP detected communities in 0.0014433860778808594 [s]
solution properties:
-------------------  ----------
# communities        104
min community size    20
max community size    99
avg. community size   48.0577
modularity             0.817731
-------------------  ----------
104 community detected
NMI:0.0016595356290808327
ARM:0.003998747973369854
__fake_pmi__
Network Properties for:		G#40cc
nodes, edges			4998, 41963
directed?			False
weighted?			True
isolated nodes			0
self-loops			0
density				0.003360
clustering coefficient		0.424739
min/max/avg degree		1, 84, 16.791917
degree assortativity		0.345729
number of connected components	1
size of largest component	4998 (100.00 %)
tot:  0.0
__fake_pmi+Louvain__
1 community detected due to total edge weight equal 0
NMI:1
ARM:0.003998747973369854
__fake_pmi+PLP__
1 community detected due to total edge weight equal 0
NMI:1
ARM:0.003998747973369854
__iterative_rev_degree_order__
Network Properties for:		G#53cc
nodes, edges			4998, 41963
directed?			False
weighted?			True
isolated nodes			0
self-loops			0
density				0.003360
clustering coefficient		0.424739
min/max/avg degree		1, 84, 16.791917
degree assortativity		0.345729
number of connected components	1
size of largest component	4998 (100.00 %)
tot:  1405.3228766642994
__iterative_rev_degree_order+Louvain__
PLM(balanced,pc,turbo) detected communities in 0.07896780967712402 [s]
solution properties:
-------------------  ----------
# communities         33
min community size    87
max community size   207
avg. community size  151.455
modularity             0.819102
-------------------  ----------
104 community detected
NMI:0.43308225168643166
ARM:0.7698051460596858
__iterative_rev_degree_order+PLP__
PLP detected communities in 0.0019450187683105469 [s]
solution properties:
-------------------  -----------
# communities        1346
min community size      2
max community size     15
avg. community size     3.71322
modularity              0.641911
-------------------  -----------
104 community detected
NMI:0.300379254844817
ARM:0.9282047262609241
__pmi__
Network Properties for:		G#78cc
nodes, edges			4998, 41963
directed?			False
weighted?			True
isolated nodes			0
self-loops			0
density				0.003360
clustering coefficient		0.424739
min/max/avg degree		1, 84, 16.791917
degree assortativity		0.345729
number of connected components	1
size of largest component	4998 (100.00 %)
tot:  247446.5494809843
__pmi+Louvain__
PLM(balanced,pc,turbo) detected communities in 0.004532814025878906 [s]
solution properties:
-------------------  ----------
# communities         42
min community size    87
max community size   161
avg. community size  119
modularity             0.818818
-------------------  ----------
104 community detected
NMI:0.10009880578876762
ARM:0.36272147671659416
__pmi+PLP__
PLP detected communities in 0.0018231868743896484 [s]
solution properties:
-------------------  ----------
# communities        104
min community size    20
max community size    98
avg. community size   48.0577
modularity             0.824833
-------------------  ----------
104 community detected
NMI:0.0016381284332736001
ARM:0.0038549199471004103
__standard__
Network Properties for:		G#97cc
nodes, edges			4998, 41963
directed?			False
weighted?			True
isolated nodes			0
self-loops			0
density				0.003360
clustering coefficient		0.424739
min/max/avg degree		1, 84, 16.791917
degree assortativity		0.345729
number of connected components	1
size of largest component	4998 (100.00 %)
tot:  24.441991562147226
__standard+Louvain__
PLM(balanced,pc,turbo) detected communities in 0.0075418949127197266 [s]
solution properties:
-------------------  ----------
# communities         29
min community size    67
max community size   348
avg. community size  172.345
modularity             0.828534
-------------------  ----------
104 community detected
NMI:0.2334595241440759
ARM:0.625744483244816
__standard+PLP__
PLP detected communities in 0.0027997493743896484 [s]
solution properties:
-------------------  ----------
# communities        254
min community size     1
max community size    81
avg. community size   19.6772
modularity             0.801279
-------------------  ----------
104 community detected
NMI:0.09082720345010065
ARM:0.19477920314566355
__ppmi__
Network Properties for:		G#119cc
nodes, edges			4998, 41963
directed?			False
weighted?			True
isolated nodes			0
self-loops			0
density				0.003360
clustering coefficient		0.424739
min/max/avg degree		1, 84, 16.791917
degree assortativity		0.345729
number of connected components	1
size of largest component	4998 (100.00 %)
tot:  251611.3216002954
__ppmi+Louvain__
PLM(balanced,pc,turbo) detected communities in 0.1585555076599121 [s]
solution properties:
-------------------  ----------
# communities         49
min community size    69
max community size   156
avg. community size  102
modularity             0.818015
-------------------  ----------
104 community detected
NMI:0.0798471221209055
ARM:0.29293738350712806
__ppmi+PLP__
PLP detected communities in 0.0021462440490722656 [s]
solution properties:
-------------------  ----------
# communities        103
min community size    20
max community size   142
avg. community size   48.5243
modularity             0.821648
-------------------  ----------
104 community detected
NMI:0.0035590185463828528
ARM:0.020461375134432358
__glovexmax50alpha0.2__
Network Properties for:		G#138cc
nodes, edges			4998, 41963
directed?			False
weighted?			True
isolated nodes			0
self-loops			0
density				0.003360
clustering coefficient		0.424739
min/max/avg degree		1, 84, 16.791917
degree assortativity		0.345729
number of connected components	1
size of largest component	4998 (100.00 %)
tot:  25455.872185876706
__glovexmax50alpha0.2+Louvain__
PLM(balanced,pc,turbo) detected communities in 0.14946389198303223 [s]
solution properties:
-------------------  ----------
# communities         39
min community size    83
max community size   197
avg. community size  128.154
modularity             0.812992
-------------------  ----------
104 community detected
NMI:0.11102206543771231
ARM:0.4042508687003219
__glovexmax50alpha0.2+PLP__
PLP detected communities in 0.02445387840270996 [s]
solution properties:
-------------------  ---------
# communities        104
min community size    20
max community size    98
avg. community size   48.0577
modularity             0.81866
-------------------  ---------
104 community detected
NMI:0.0011957835744379475
ARM:0.002965146340348168
__glovexmax40alpha0.2__
Network Properties for:		G#157cc
nodes, edges			4998, 41963
directed?			False
weighted?			True
isolated nodes			0
self-loops			0
density				0.003360
clustering coefficient		0.424739
min/max/avg degree		1, 84, 16.791917
degree assortativity		0.345729
number of connected components	1
size of largest component	4998 (100.00 %)
tot:  26617.666803260603
__glovexmax40alpha0.2+Louvain__
PLM(balanced,pc,turbo) detected communities in 0.14166045188903809 [s]
solution properties:
-------------------  ----------
# communities         55
min community size    51
max community size   146
avg. community size   90.8727
modularity             0.817513
-------------------  ----------
104 community detected
NMI:0.06588191575758962
ARM:0.24369797588042885
__glovexmax40alpha0.2+PLP__
PLP detected communities in 0.02415752410888672 [s]
solution properties:
-------------------  ---------
# communities        104
min community size    20
max community size    98
avg. community size   48.0577
modularity             0.81866
-------------------  ---------
104 community detected
NMI:0.0011957835744381695
ARM:0.002965146340348168
__glovexmax30alpha0.3__
Network Properties for:		G#176cc
nodes, edges			4998, 41963
directed?			False
weighted?			True
isolated nodes			0
self-loops			0
density				0.003360
clustering coefficient		0.424739
min/max/avg degree		1, 84, 16.791917
degree assortativity		0.345729
number of connected components	1
size of largest component	4998 (100.00 %)
tot:  23546.373937688262
__glovexmax30alpha0.3+Louvain__
PLM(balanced,pc,turbo) detected communities in 0.14942717552185059 [s]
solution properties:
-------------------  ----------
# communities         60
min community size    51
max community size   115
avg. community size   83.3
modularity             0.820042
-------------------  ----------
104 community detected
NMI:0.054666246613853886
ARM:0.19734616589310627
__glovexmax30alpha0.3+PLP__
PLP detected communities in 0.029359817504882812 [s]
solution properties:
-------------------  ----------
# communities        104
min community size    20
max community size    98
avg. community size   48.0577
modularity             0.820328
-------------------  ----------
104 community detected
NMI:0.0011957835744381695
ARM:0.002965146340348168
