__LOADINGS__
4990/52384 9.525809407452657 % of nul weighted edges removed
0/5000 0.0 % of nul degree nodes removed
Network Properties for:		network
nodes, edges			5000, 47394
directed?			False
weighted?			True
isolated nodes			0
self-loops			0
density				0.003792
clustering coefficient		0.460965
min/max/avg degree		1, 386, 18.957600
degree assortativity		0.195578
number of connected components	8
size of largest component	4962 (99.24 %)
425748.560164296
__Groundtruth__
read communities from: ../../lfr_5000/mk500/k20/muw0.2/30/community.dat
-------------------  ----------
# communities         46
min community size     5
max community size   472
avg. community size  108.696
modularity             0.636866
-------------------  ----------
46 community detected
__CLASSIC_METHODS__
__Louvain__
PLM(balanced,pc,turbo) detected communities in 0.4160482883453369 [s]
solution properties:
-------------------  ----------
# communities         33
min community size     5
max community size   483
avg. community size  151.515
modularity             0.638252
-------------------  ----------
46 community detected
NMI:0.052000757101183126
ARI:0.054419987523536495
__Singleton__
46 community detected
NMI:0.4646126258031138
ARI:1.0
__AllInOne__
46 community detected
NMI:1.0
ARI:1.0
__PLP__
PLP detected communities in 0.1032099723815918 [s]
solution properties:
-------------------  ----------
# communities         46
min community size     5
max community size   487
avg. community size  108.696
modularity             0.638115
-------------------  ----------
46 community detected
NMI:0.03147139515522146
ARI:0.04029726346848039
__NORMALIZATION__
__glove__
Network Properties for:		G#21
nodes, edges			5000, 47394
directed?			False
weighted?			True
isolated nodes			0
self-loops			0
density				0.003792
clustering coefficient		0.460965
min/max/avg degree		1, 386, 18.957600
degree assortativity		0.195578
number of connected components	8
size of largest component	4962 (99.24 %)
tot:  6237.722888710514
__glove+Louvain__
PLM(balanced,pc,turbo) detected communities in 0.4094078540802002 [s]
solution properties:
-------------------  ----------
# communities         36
min community size     5
max community size   480
avg. community size  138.889
modularity             0.676923
-------------------  ----------
46 community detected
NMI:0.030518955554781013
ARI:0.03019641571470144
__glove+PLP__
PLP detected communities in 0.11203980445861816 [s]
solution properties:
-------------------  ---------
# communities         46
min community size     5
max community size   482
avg. community size  108.696
modularity             0.67677
-------------------  ---------
46 community detected
NMI:0.021359071540410612
ARI:0.026679915881539173
__fake_pmi__
Network Properties for:		G#30
nodes, edges			5000, 47394
directed?			False
weighted?			True
isolated nodes			0
self-loops			0
density				0.003792
clustering coefficient		0.460965
min/max/avg degree		1, 386, 18.957600
degree assortativity		0.195578
number of connected components	8
size of largest component	4962 (99.24 %)
tot:  0.0
__fake_pmi+Louvain__
1 community detected due to total edge weight equal 0
NMI:1
ARI:1
__fake_pmi+PLP__
1 community detected due to total edge weight equal 0
NMI:1
ARI:1
__iterative_rev_degree_order__
Network Properties for:		G#33
nodes, edges			5000, 47394
directed?			False
weighted?			True
isolated nodes			0
self-loops			0
density				0.003792
clustering coefficient		0.460965
min/max/avg degree		1, 386, 18.957600
degree assortativity		0.195578
number of connected components	8
size of largest component	4962 (99.24 %)
tot:  1587.2621524278704
__iterative_rev_degree_order+Louvain__
PLM(balanced,pc,turbo) detected communities in 0.7433440685272217 [s]
solution properties:
-------------------  ----------
# communities         98
min community size     2
max community size   213
avg. community size   51.0204
modularity             0.882341
-------------------  ----------
46 community detected
NMI:0.5815610463723457
ARI:0.8551988387506065
__iterative_rev_degree_order+PLP__
PLP detected communities in 0.09966683387756348 [s]
solution properties:
-------------------  -----------
# communities        1456
min community size      2
max community size     20
avg. community size     3.43407
modularity              0.759168
-------------------  -----------
46 community detected
NMI:0.4950994509839298
ARI:0.9877515999489537
__pmi__
Network Properties for:		G#48
nodes, edges			5000, 47394
directed?			False
weighted?			True
isolated nodes			0
self-loops			0
density				0.003792
clustering coefficient		0.460965
min/max/avg degree		1, 386, 18.957600
degree assortativity		0.195578
number of connected components	8
size of largest component	4962 (99.24 %)
tot:  80348.11074795283
__pmi+Louvain__
PLM(balanced,pc,turbo) detected communities in 0.4622488021850586 [s]
solution properties:
-------------------  --------
# communities         41
min community size     5
max community size   733
avg. community size  121.951
modularity             1.3509
-------------------  --------
46 community detected
NMI:0.21607149015502247
ARI:0.35421941016845737
__pmi+PLP__
PLP detected communities in 0.22792744636535645 [s]
solution properties:
-------------------  ---------
# communities         98
min community size     1
max community size   734
avg. community size   51.0204
modularity             1.33043
-------------------  ---------
46 community detected
NMI:0.18736460219606943
ARI:0.31754951449023283
__standard__
Network Properties for:		G#57
nodes, edges			5000, 47394
directed?			False
weighted?			True
isolated nodes			0
self-loops			0
density				0.003792
clustering coefficient		0.460965
min/max/avg degree		1, 386, 18.957600
degree assortativity		0.195578
number of connected components	8
size of largest component	4962 (99.24 %)
tot:  15.635729425781912
__standard+Louvain__
PLM(balanced,pc,turbo) detected communities in 0.718341588973999 [s]
solution properties:
-------------------  ----------
# communities         55
min community size     2
max community size   842
avg. community size   90.9091
modularity             0.922234
-------------------  ----------
46 community detected
NMI:0.4012268211869908
ARI:0.6132642630912019
__standard+PLP__
PLP detected communities in 0.2446281909942627 [s]
solution properties:
-------------------  ----------
# communities        855
min community size     2
max community size   197
avg. community size    5.84795
modularity             0.808395
-------------------  ----------
46 community detected
NMI:0.4481691716494606
ARI:0.8433074513475295
__ppmi__
Network Properties for:		G#69
nodes, edges			5000, 47394
directed?			False
weighted?			True
isolated nodes			0
self-loops			0
density				0.003792
clustering coefficient		0.460965
min/max/avg degree		1, 386, 18.957600
degree assortativity		0.195578
number of connected components	8
size of largest component	4962 (99.24 %)
tot:  158546.44867401113
__ppmi+Louvain__
PLM(balanced,pc,turbo) detected communities in 0.486804723739624 [s]
solution properties:
-------------------  ----------
# communities         33
min community size     5
max community size   468
avg. community size  151.515
modularity             0.770895
-------------------  ----------
46 community detected
NMI:0.07373355373643786
ARI:0.08276370152675139
__ppmi+PLP__
PLP detected communities in 0.14407062530517578 [s]
solution properties:
-------------------  ----------
# communities         53
min community size     1
max community size   750
avg. community size   94.3396
modularity             0.772738
-------------------  ----------
46 community detected
NMI:0.035619893182466056
ARI:0.11458009671192892
__glovexmax50alpha0.2__
Network Properties for:		G#78
nodes, edges			5000, 47394
directed?			False
weighted?			True
isolated nodes			0
self-loops			0
density				0.003792
clustering coefficient		0.460965
min/max/avg degree		1, 386, 18.957600
degree assortativity		0.195578
number of connected components	8
size of largest component	4962 (99.24 %)
tot:  24830.85282458567
__glovexmax50alpha0.2+Louvain__
PLM(balanced,pc,turbo) detected communities in 0.375103235244751 [s]
solution properties:
-------------------  ----------
# communities         36
min community size     5
max community size   472
avg. community size  138.889
modularity             0.737043
-------------------  ----------
46 community detected
NMI:0.011136108923900934
ARI:0.006522496348430384
__glovexmax50alpha0.2+PLP__
PLP detected communities in 0.11014461517333984 [s]
solution properties:
-------------------  ----------
# communities         46
min community size     5
max community size   472
avg. community size  108.696
modularity             0.736974
-------------------  ----------
46 community detected
NMI:0.0
ARI:0.0
__glovexmax40alpha0.2__
Network Properties for:		G#87
nodes, edges			5000, 47394
directed?			False
weighted?			True
isolated nodes			0
self-loops			0
density				0.003792
clustering coefficient		0.460965
min/max/avg degree		1, 386, 18.957600
degree assortativity		0.195578
number of connected components	8
size of largest component	4962 (99.24 %)
tot:  25883.972184888327
__glovexmax40alpha0.2+Louvain__
PLM(balanced,pc,turbo) detected communities in 0.3719520568847656 [s]
solution properties:
-------------------  ----------
# communities         38
min community size     5
max community size   472
avg. community size  131.579
modularity             0.737761
-------------------  ----------
46 community detected
NMI:0.00847260805626271
ARI:0.004226824845457888
__glovexmax40alpha0.2+PLP__
PLP detected communities in 0.10686945915222168 [s]
solution properties:
-------------------  ---------
# communities         46
min community size     5
max community size   472
avg. community size  108.696
modularity             0.73766
-------------------  ---------
46 community detected
NMI:0.0
ARI:0.0
__glovexmax30alpha0.3__
Network Properties for:		G#96
nodes, edges			5000, 47394
directed?			False
weighted?			True
isolated nodes			0
self-loops			0
density				0.003792
clustering coefficient		0.460965
min/max/avg degree		1, 386, 18.957600
degree assortativity		0.195578
number of connected components	8
size of largest component	4962 (99.24 %)
tot:  22828.913502547508
__glovexmax30alpha0.3+Louvain__
PLM(balanced,pc,turbo) detected communities in 0.40402913093566895 [s]
solution properties:
-------------------  ----------
# communities         37
min community size     5
max community size   472
avg. community size  135.135
modularity             0.734259
-------------------  ----------
46 community detected
NMI:0.012609555058153976
ARI:0.008215468103352608
__glovexmax30alpha0.3+PLP__
PLP detected communities in 0.11214327812194824 [s]
solution properties:
-------------------  ----------
# communities         46
min community size     5
max community size   472
avg. community size  108.696
modularity             0.734158
-------------------  ----------
46 community detected
NMI:0.002176704562525833
ARI:0.002529377706080971
NMI classement:
[('NMIglovexmax50alpha0.2+PLP', 0.0), ('NMIglovexmax40alpha0.2+PLP', 0.0), ('NMIglovexmax30alpha0.3+PLP', 0.002176704562525833), ('NMIglovexmax40alpha0.2+Louvain', 0.00847260805626271), ('NMIglovexmax50alpha0.2+Louvain', 0.011136108923900934), ('NMIglovexmax30alpha0.3+Louvain', 0.012609555058153976), ('NMIglove+PLP', 0.021359071540410612), ('NMIglove+Louvain', 0.030518955554781013), ('NMIPLP', 0.03147139515522146), ('NMIppmi+PLP', 0.035619893182466056), ('NMILouvain', 0.052000757101183126), ('NMIppmi+Louvain', 0.07373355373643786), ('NMIpmi+PLP', 0.18736460219606943), ('NMIpmi+Louvain', 0.21607149015502247), ('NMIstandard+Louvain', 0.4012268211869908), ('NMIstandard+PLP', 0.4481691716494606), ('NMISingleton', 0.4646126258031138), ('NMIiterative_rev_degree_order+PLP', 0.4950994509839298), ('NMIiterative_rev_degree_order+Louvain', 0.5815610463723457), ('NMIAllInOne', 1.0), ('NMIfake_pmi+Louvain', 1), ('NMIfake_pmi+PLP', 1)]
ARI classement:
[('ARIglovexmax50alpha0.2+PLP', 0.0), ('ARIglovexmax40alpha0.2+PLP', 0.0), ('ARIglovexmax30alpha0.3+PLP', 0.002529377706080971), ('ARIglovexmax40alpha0.2+Louvain', 0.004226824845457888), ('ARIglovexmax50alpha0.2+Louvain', 0.006522496348430384), ('ARIglovexmax30alpha0.3+Louvain', 0.008215468103352608), ('ARIglove+PLP', 0.026679915881539173), ('ARIglove+Louvain', 0.03019641571470144), ('ARIPLP', 0.04029726346848039), ('ARILouvain', 0.054419987523536495), ('ARIppmi+Louvain', 0.08276370152675139), ('ARIppmi+PLP', 0.11458009671192892), ('ARIpmi+PLP', 0.31754951449023283), ('ARIpmi+Louvain', 0.35421941016845737), ('ARIstandard+Louvain', 0.6132642630912019), ('ARIstandard+PLP', 0.8433074513475295), ('ARIiterative_rev_degree_order+Louvain', 0.8551988387506065), ('ARIiterative_rev_degree_order+PLP', 0.9877515999489537), ('ARISingleton', 1.0), ('ARIAllInOne', 1.0), ('ARIfake_pmi+Louvain', 1), ('ARIfake_pmi+PLP', 1)]
