__LOADINGS__
4993/38801 12.868225045746243 % of nul weighted edges removed
0/5000 0.0 % of nul degree nodes removed
Network Properties for:		network
nodes, edges			5000, 33808
directed?			False
weighted?			True
isolated nodes			0
self-loops			0
density				0.002705
clustering coefficient		0.292150
min/max/avg degree		1, 217, 13.523200
degree assortativity		0.183008
number of connected components	1
size of largest component	5000 (100.00 %)
250726.48647717867
__Groundtruth__
read communities from: ../../lfr_5000/mk300/k15/muw0.3/29/community.dat
-------------------  ----------
# communities         32
min community size   100
max community size   215
avg. community size  156.25
modularity             0.588183
-------------------  ----------
32 community detected
__CLASSIC_METHODS__
__Louvain__
PLM(balanced,pc,turbo) detected communities in 0.4265012741088867 [s]
solution properties:
-------------------  ----------
# communities         30
min community size    92
max community size   326
avg. community size  166.667
modularity             0.595093
-------------------  ----------
32 community detected
NMI:0.1249397927319924
ARI:0.1763910746982572
__Singleton__
32 community detected
NMI:0.42370093147868315
ARI:1.0
__AllInOne__
32 community detected
NMI:1.0
ARI:1.0
__PLP__
PLP detected communities in 0.1399986743927002 [s]
solution properties:
-------------------  ----------
# communities         36
min community size     2
max community size   233
avg. community size  138.889
modularity             0.591257
-------------------  ----------
32 community detected
NMI:0.11795729915306785
ARI:0.14072054955999658
__NORMALIZATION__
__glove__
Network Properties for:		G#21
nodes, edges			5000, 33808
directed?			False
weighted?			True
isolated nodes			0
self-loops			0
density				0.002705
clustering coefficient		0.292150
min/max/avg degree		1, 217, 13.523200
degree assortativity		0.183008
number of connected components	1
size of largest component	5000 (100.00 %)
tot:  3966.619593052101
__glove+Louvain__
PLM(balanced,pc,turbo) detected communities in 0.4218015670776367 [s]
solution properties:
-------------------  ----------
# communities         31
min community size    93
max community size   256
avg. community size  161.29
modularity             0.623605
-------------------  ----------
32 community detected
NMI:0.10156900435167637
ARI:0.12969779276717186
__glove+PLP__
PLP detected communities in 0.14101624488830566 [s]
solution properties:
-------------------  ----------
# communities         34
min community size     2
max community size   229
avg. community size  147.059
modularity             0.623458
-------------------  ----------
32 community detected
NMI:0.0975565212920334
ARI:0.11346954614734572
__fake_pmi__
Network Properties for:		G#30
nodes, edges			5000, 33808
directed?			False
weighted?			True
isolated nodes			0
self-loops			0
density				0.002705
clustering coefficient		0.292150
min/max/avg degree		1, 217, 13.523200
degree assortativity		0.183008
number of connected components	1
size of largest component	5000 (100.00 %)
tot:  0.0
__fake_pmi+Louvain__
1 community detected due to total edge weight equal 0
NMI:1
ARI:1
__fake_pmi+PLP__
1 community detected due to total edge weight equal 0
NMI:1
ARI:1
__iterative_rev_degree_order__
Network Properties for:		G#33
nodes, edges			5000, 33808
directed?			False
weighted?			True
isolated nodes			0
self-loops			0
density				0.002705
clustering coefficient		0.292150
min/max/avg degree		1, 217, 13.523200
degree assortativity		0.183008
number of connected components	1
size of largest component	5000 (100.00 %)
tot:  1484.2692169428233
__iterative_rev_degree_order+Louvain__
PLM(balanced,pc,turbo) detected communities in 0.7484884262084961 [s]
solution properties:
-------------------  ----------
# communities         81
min community size     2
max community size   143
avg. community size   61.7284
modularity             0.883954
-------------------  ----------
32 community detected
NMI:0.6751011351780665
ARI:0.8921434322942265
__iterative_rev_degree_order+PLP__
PLP detected communities in 0.08758926391601562 [s]
solution properties:
-------------------  ----------
# communities        1517
min community size      2
max community size     16
avg. community size     3.29598
modularity              0.7803
-------------------  ----------
32 community detected
NMI:0.4644415512027622
ARI:0.9813282617558954
__pmi__
Network Properties for:		G#48
nodes, edges			5000, 33808
directed?			False
weighted?			True
isolated nodes			0
self-loops			0
density				0.002705
clustering coefficient		0.292150
min/max/avg degree		1, 217, 13.523200
degree assortativity		0.183008
number of connected components	1
size of largest component	5000 (100.00 %)
tot:  72523.98511975973
__pmi+Louvain__
PLM(balanced,pc,turbo) detected communities in 0.45407938957214355 [s]
solution properties:
-------------------  ---------
# communities         27
min community size    83
max community size   480
avg. community size  185.185
modularity             1.08109
-------------------  ---------
32 community detected
NMI:0.34316571534840234
ARI:0.5019228342090813
__pmi+PLP__
PLP detected communities in 0.18680524826049805 [s]
solution properties:
-------------------  ---------
# communities        289
min community size     1
max community size   227
avg. community size   17.301
modularity             1.02491
-------------------  ---------
32 community detected
NMI:0.27323855954170473
ARI:0.3850835086073593
__standard__
Network Properties for:		G#60
nodes, edges			5000, 33808
directed?			False
weighted?			True
isolated nodes			0
self-loops			0
density				0.002705
clustering coefficient		0.292150
min/max/avg degree		1, 217, 13.523200
degree assortativity		0.183008
number of connected components	1
size of largest component	5000 (100.00 %)
tot:  18.113349165934977
__standard+Louvain__
PLM(balanced,pc,turbo) detected communities in 0.6875967979431152 [s]
solution properties:
-------------------  ----------
# communities         45
min community size     2
max community size   304
avg. community size  111.111
modularity             0.853962
-------------------  ----------
32 community detected
NMI:0.5102099175855668
ARI:0.6605132018556303
__standard+PLP__
PLP detected communities in 0.12680673599243164 [s]
solution properties:
-------------------  -----------
# communities        1235
min community size      2
max community size     69
avg. community size     4.04858
modularity              0.741252
-------------------  -----------
32 community detected
NMI:0.4475404519906748
ARI:0.9326780556400122
__ppmi__
Network Properties for:		G#75
nodes, edges			5000, 33808
directed?			False
weighted?			True
isolated nodes			0
self-loops			0
density				0.002705
clustering coefficient		0.292150
min/max/avg degree		1, 217, 13.523200
degree assortativity		0.183008
number of connected components	1
size of largest component	5000 (100.00 %)
tot:  132341.00002269362
__ppmi+Louvain__
PLM(balanced,pc,turbo) detected communities in 0.28382372856140137 [s]
solution properties:
-------------------  ----------
# communities         29
min community size   122
max community size   276
avg. community size  172.414
modularity             0.688702
-------------------  ----------
32 community detected
NMI:0.14021831066878765
ARI:0.20557887840034939
__ppmi+PLP__
PLP detected communities in 0.155198335647583 [s]
solution properties:
-------------------  ---------
# communities        113
min community size     1
max community size   210
avg. community size   44.2478
modularity             0.67719
-------------------  ---------
32 community detected
NMI:0.12872406454674334
ARI:0.16131486387660365
__glovexmax50alpha0.2__
Network Properties for:		G#84
nodes, edges			5000, 33808
directed?			False
weighted?			True
isolated nodes			0
self-loops			0
density				0.002705
clustering coefficient		0.292150
min/max/avg degree		1, 217, 13.523200
degree assortativity		0.183008
number of connected components	1
size of largest component	5000 (100.00 %)
tot:  17408.452645433714
__glovexmax50alpha0.2+Louvain__
PLM(balanced,pc,turbo) detected communities in 0.33745551109313965 [s]
solution properties:
-------------------  ----------
# communities         31
min community size   101
max community size   284
avg. community size  161.29
modularity             0.669044
-------------------  ----------
32 community detected
NMI:0.043370774248159494
ARI:0.06797817439928222
__glovexmax50alpha0.2+PLP__
PLP detected communities in 0.16849064826965332 [s]
solution properties:
-------------------  ----------
# communities         33
min community size     2
max community size   217
avg. community size  151.515
modularity             0.669371
-------------------  ----------
32 community detected
NMI:0.03529735229619313
ARI:0.041082647383132054
__glovexmax40alpha0.2__
Network Properties for:		G#93
nodes, edges			5000, 33808
directed?			False
weighted?			True
isolated nodes			0
self-loops			0
density				0.002705
clustering coefficient		0.292150
min/max/avg degree		1, 217, 13.523200
degree assortativity		0.183008
number of connected components	1
size of largest component	5000 (100.00 %)
tot:  18175.67179176199
__glovexmax40alpha0.2+Louvain__
PLM(balanced,pc,turbo) detected communities in 0.345731258392334 [s]
solution properties:
-------------------  ----------
# communities         32
min community size   101
max community size   216
avg. community size  156.25
modularity             0.669708
-------------------  ----------
32 community detected
NMI:0.03837251788599727
ARI:0.044400679988452985
__glovexmax40alpha0.2+PLP__
PLP detected communities in 0.0999901294708252 [s]
solution properties:
-------------------  ---------
# communities         33
min community size     2
max community size   217
avg. community size  151.515
modularity             0.66972
-------------------  ---------
32 community detected
NMI:0.03529735229619302
ARI:0.041082647383132054
__glovexmax30alpha0.3__
Network Properties for:		G#102
nodes, edges			5000, 33808
directed?			False
weighted?			True
isolated nodes			0
self-loops			0
density				0.002705
clustering coefficient		0.292150
min/max/avg degree		1, 217, 13.523200
degree assortativity		0.183008
number of connected components	1
size of largest component	5000 (100.00 %)
tot:  16086.946825098265
__glovexmax30alpha0.3+Louvain__
PLM(balanced,pc,turbo) detected communities in 0.37686967849731445 [s]
solution properties:
-------------------  ----------
# communities         31
min community size    98
max community size   272
avg. community size  161.29
modularity             0.666659
-------------------  ----------
32 community detected
NMI:0.05352136217074033
ARI:0.07750318509675669
__glovexmax30alpha0.3+PLP__
PLP detected communities in 0.11439919471740723 [s]
solution properties:
-------------------  ----------
# communities         33
min community size     2
max community size   218
avg. community size  151.515
modularity             0.666925
-------------------  ----------
32 community detected
NMI:0.047588840606496374
ARI:0.05491155877105691
NMI classement:
[('NMIglovexmax40alpha0.2+PLP', 0.03529735229619302), ('NMIglovexmax50alpha0.2+PLP', 0.03529735229619313), ('NMIglovexmax40alpha0.2+Louvain', 0.03837251788599727), ('NMIglovexmax50alpha0.2+Louvain', 0.043370774248159494), ('NMIglovexmax30alpha0.3+PLP', 0.047588840606496374), ('NMIglovexmax30alpha0.3+Louvain', 0.05352136217074033), ('NMIglove+PLP', 0.0975565212920334), ('NMIglove+Louvain', 0.10156900435167637), ('NMIPLP', 0.11795729915306785), ('NMILouvain', 0.1249397927319924), ('NMIppmi+PLP', 0.12872406454674334), ('NMIppmi+Louvain', 0.14021831066878765), ('NMIpmi+PLP', 0.27323855954170473), ('NMIpmi+Louvain', 0.34316571534840234), ('NMISingleton', 0.42370093147868315), ('NMIstandard+PLP', 0.4475404519906748), ('NMIiterative_rev_degree_order+PLP', 0.4644415512027622), ('NMIstandard+Louvain', 0.5102099175855668), ('NMIiterative_rev_degree_order+Louvain', 0.6751011351780665), ('NMIAllInOne', 1.0), ('NMIfake_pmi+Louvain', 1), ('NMIfake_pmi+PLP', 1)]
ARI classement:
[('ARIglovexmax50alpha0.2+PLP', 0.041082647383132054), ('ARIglovexmax40alpha0.2+PLP', 0.041082647383132054), ('ARIglovexmax40alpha0.2+Louvain', 0.044400679988452985), ('ARIglovexmax30alpha0.3+PLP', 0.05491155877105691), ('ARIglovexmax50alpha0.2+Louvain', 0.06797817439928222), ('ARIglovexmax30alpha0.3+Louvain', 0.07750318509675669), ('ARIglove+PLP', 0.11346954614734572), ('ARIglove+Louvain', 0.12969779276717186), ('ARIPLP', 0.14072054955999658), ('ARIppmi+PLP', 0.16131486387660365), ('ARILouvain', 0.1763910746982572), ('ARIppmi+Louvain', 0.20557887840034939), ('ARIpmi+PLP', 0.3850835086073593), ('ARIpmi+Louvain', 0.5019228342090813), ('ARIstandard+Louvain', 0.6605132018556303), ('ARIiterative_rev_degree_order+Louvain', 0.8921434322942265), ('ARIstandard+PLP', 0.9326780556400122), ('ARIiterative_rev_degree_order+PLP', 0.9813282617558954), ('ARISingleton', 1.0), ('ARIAllInOne', 1.0), ('ARIfake_pmi+Louvain', 1), ('ARIfake_pmi+PLP', 1)]
