__LOADINGS__
Network Properties for:		network
nodes, edges			5000, 57123
directed?			False
weighted?			True
isolated nodes			0
self-loops			0
density				0.004571
clustering coefficient		0.243022
min/max/avg degree		1, 224, 22.849200
degree assortativity		0.277078
number of connected components	1
size of largest component	5000 (100.00 %)
449149.96764233906
__Groundtruth__
read communities from: ../../lfr_5000/mk300/k25/muw0.4/22/community.dat
-------------------  ----------
# communities         40
min community size    89
max community size   180
avg. community size  125
modularity             0.539834
-------------------  ----------
40 community detected
__CLASSIC_METHODS__
__Louvain__
PLM(balanced,pc,turbo) detected communities in 0.24582123756408691 [s]
solution properties:
-------------------  ----------
# communities         20
min community size   146
max community size   390
avg. community size  250
modularity             0.534721
-------------------  ----------
40 community detected
NMI:0.1451099261025478
ARM:0.38892783518021967
__Singleton__
40 community detected
NMI:0.3983004112753804
ARM:1.0
__AllInOne__
40 community detected
NMI:1.0
ARM:1.0
__PLP__
PLP detected communities in 0.12810158729553223 [s]
solution properties:
-------------------  ---------
# communities         40
min community size    88
max community size   181
avg. community size  125
modularity             0.54068
-------------------  ---------
40 community detected
NMI:0.03683131972497078
ARM:0.047370453560310555
__NORMALIZATION__
__glove__
Network Properties for:		G#21cc
nodes, edges			5000, 57123
directed?			False
weighted?			True
isolated nodes			0
self-loops			0
density				0.004571
clustering coefficient		0.243022
min/max/avg degree		1, 224, 22.849200
degree assortativity		0.277078
number of connected components	1
size of largest component	5000 (100.00 %)
tot:  7515.647068245747
__glove+Louvain__
PLM(balanced,pc,turbo) detected communities in 0.3858811855316162 [s]
solution properties:
-------------------  ----------
# communities         28
min community size   102
max community size   282
avg. community size  178.571
modularity             0.553155
-------------------  ----------
40 community detected
NMI:0.06938759362398117
ARM:0.20385483455293762
__glove+PLP__
PLP detected communities in 0.10944843292236328 [s]
solution properties:
-------------------  ----------
# communities         40
min community size    88
max community size   180
avg. community size  125
modularity             0.555672
-------------------  ----------
40 community detected
NMI:0.01881618386831363
ARM:0.025172274528611482
__fake_pmi__
Network Properties for:		G#40cc
nodes, edges			5000, 57123
directed?			False
weighted?			True
isolated nodes			0
self-loops			0
density				0.004571
clustering coefficient		0.243022
min/max/avg degree		1, 224, 22.849200
degree assortativity		0.277078
number of connected components	1
size of largest component	5000 (100.00 %)
tot:  0.0
__fake_pmi+Louvain__
1 community detected due to total edge weight equal 0
NMI:1
ARM:0.025172274528611482
__fake_pmi+PLP__
1 community detected due to total edge weight equal 0
NMI:1
ARM:0.025172274528611482
__iterative_rev_degree_order__
Network Properties for:		G#53cc
nodes, edges			5000, 57123
directed?			False
weighted?			True
isolated nodes			0
self-loops			0
density				0.004571
clustering coefficient		0.243022
min/max/avg degree		1, 224, 22.849200
degree assortativity		0.277078
number of connected components	1
size of largest component	5000 (100.00 %)
tot:  1316.2058389086055
__iterative_rev_degree_order+Louvain__
PLM(balanced,pc,turbo) detected communities in 0.6594157218933105 [s]
solution properties:
-------------------  ----------
# communities         76
min community size     2
max community size   138
avg. community size   65.7895
modularity             0.800725
-------------------  ----------
40 community detected
NMI:0.7796957866696289
ARM:0.9633495272004902
__iterative_rev_degree_order+PLP__
PLP detected communities in 0.10507440567016602 [s]
solution properties:
-------------------  -----------
# communities        1510
min community size      2
max community size     12
avg. community size     3.31126
modularity              0.685754
-------------------  -----------
40 community detected
NMI:0.47535490894928456
ARM:0.9877546965916035
__pmi__
Network Properties for:		G#78cc
nodes, edges			5000, 57123
directed?			False
weighted?			True
isolated nodes			0
self-loops			0
density				0.004571
clustering coefficient		0.243022
min/max/avg degree		1, 224, 22.849200
degree assortativity		0.277078
number of connected components	1
size of largest component	5000 (100.00 %)
tot:  184487.74458732668
__pmi+Louvain__
PLM(balanced,pc,turbo) detected communities in 0.25403594970703125 [s]
solution properties:
-------------------  ----------
# communities         37
min community size    94
max community size   321
avg. community size  135.135
modularity             0.674733
-------------------  ----------
40 community detected
NMI:0.13325976860745958
ARM:0.24001654107432235
__pmi+PLP__
PLP detected communities in 0.18341398239135742 [s]
solution properties:
-------------------  ----------
# communities         49
min community size     2
max community size   285
avg. community size  102.041
modularity             0.672497
-------------------  ----------
40 community detected
NMI:0.12989135840131905
ARM:0.20614017395297746
__standard__
Network Properties for:		G#97cc
nodes, edges			5000, 57123
directed?			False
weighted?			True
isolated nodes			0
self-loops			0
density				0.004571
clustering coefficient		0.243022
min/max/avg degree		1, 224, 22.849200
degree assortativity		0.277078
number of connected components	1
size of largest component	5000 (100.00 %)
tot:  10.358519649279494
__standard+Louvain__
PLM(balanced,pc,turbo) detected communities in 0.7534482479095459 [s]
solution properties:
-------------------  ----------
# communities         29
min community size    80
max community size   373
avg. community size  172.414
modularity             0.695778
-------------------  ----------
40 community detected
NMI:0.6123908508374312
ARM:0.7800902387801925
__standard+PLP__
PLP detected communities in 0.2937960624694824 [s]
solution properties:
-------------------  -----------
# communities        1105
min community size      2
max community size    187
avg. community size     4.52489
modularity              0.567862
-------------------  -----------
40 community detected
NMI:0.46001595725680555
ARM:0.8807198994788289
__ppmi__
Network Properties for:		G#122cc
nodes, edges			5000, 57123
directed?			False
weighted?			True
isolated nodes			0
self-loops			0
density				0.004571
clustering coefficient		0.243022
min/max/avg degree		1, 224, 22.849200
degree assortativity		0.277078
number of connected components	1
size of largest component	5000 (100.00 %)
tot:  239599.99295715382
__ppmi+Louvain__
PLM(balanced,pc,turbo) detected communities in 0.37585902214050293 [s]
solution properties:
-------------------  ----------
# communities         40
min community size    90
max community size   178
avg. community size  125
modularity             0.598625
-------------------  ----------
40 community detected
NMI:0.00937548063382021
ARM:0.01289406885477029
__ppmi+PLP__
PLP detected communities in 0.05185127258300781 [s]
solution properties:
-------------------  ----------
# communities         42
min community size     2
max community size   179
avg. community size  119.048
modularity             0.593684
-------------------  ----------
40 community detected
NMI:0.01116818401311337
ARM:0.016825916479500602
__glovexmax50alpha0.2__
Network Properties for:		G#141cc
nodes, edges			5000, 57123
directed?			False
weighted?			True
isolated nodes			0
self-loops			0
density				0.004571
clustering coefficient		0.243022
min/max/avg degree		1, 224, 22.849200
degree assortativity		0.277078
number of connected components	1
size of largest component	5000 (100.00 %)
tot:  33049.713111317345
__glovexmax50alpha0.2+Louvain__
PLM(balanced,pc,turbo) detected communities in 0.1807715892791748 [s]
solution properties:
-------------------  ----------
# communities         40
min community size    89
max community size   179
avg. community size  125
modularity             0.583824
-------------------  ----------
40 community detected
NMI:0.0009797950030926428
ARM:0.001417978322932667
__glovexmax50alpha0.2+PLP__
PLP detected communities in 0.08035469055175781 [s]
solution properties:
-------------------  ----------
# communities         40
min community size    89
max community size   179
avg. community size  125
modularity             0.583824
-------------------  ----------
40 community detected
NMI:0.0009797950030926428
ARM:0.001417978322932667
__glovexmax40alpha0.2__
Network Properties for:		G#157cc
nodes, edges			5000, 57123
directed?			False
weighted?			True
isolated nodes			0
self-loops			0
density				0.004571
clustering coefficient		0.243022
min/max/avg degree		1, 224, 22.849200
degree assortativity		0.277078
number of connected components	1
size of largest component	5000 (100.00 %)
tot:  34530.771199846175
__glovexmax40alpha0.2+Louvain__
PLM(balanced,pc,turbo) detected communities in 0.17792105674743652 [s]
solution properties:
-------------------  ----------
# communities         40
min community size    89
max community size   179
avg. community size  125
modularity             0.583887
-------------------  ----------
40 community detected
NMI:0.0009797950030926428
ARM:0.001417978322932667
__glovexmax40alpha0.2+PLP__
PLP detected communities in 0.0829470157623291 [s]
solution properties:
-------------------  ----------
# communities         40
min community size    89
max community size   179
avg. community size  125
modularity             0.583887
-------------------  ----------
40 community detected
NMI:0.0009797950030926428
ARM:0.001417978322932667
__glovexmax30alpha0.3__
Network Properties for:		G#173cc
nodes, edges			5000, 57123
directed?			False
weighted?			True
isolated nodes			0
self-loops			0
density				0.004571
clustering coefficient		0.243022
min/max/avg degree		1, 224, 22.849200
degree assortativity		0.277078
number of connected components	1
size of largest component	5000 (100.00 %)
tot:  31168.17962803801
__glovexmax30alpha0.3+Louvain__
PLM(balanced,pc,turbo) detected communities in 0.15778875350952148 [s]
solution properties:
-------------------  ----------
# communities         40
min community size    89
max community size   179
avg. community size  125
modularity             0.581229
-------------------  ----------
40 community detected
NMI:0.0019465508945407661
ARM:0.002720759728334632
__glovexmax30alpha0.3+PLP__
PLP detected communities in 0.0867319107055664 [s]
solution properties:
-------------------  ----------
# communities         40
min community size    89
max community size   179
avg. community size  125
modularity             0.581229
-------------------  ----------
40 community detected
NMI:0.0019655380217816765
ARM:0.0028610315502938244
