__LOADINGS__
4976/36126 13.774013176105852 % of nul weighted edges removed
1/5000 0.02 % of nul degree nodes removed
Network Properties for:		network
nodes, edges			4999, 31150
directed?			False
weighted?			True
isolated nodes			1
self-loops			0
density				0.002493
clustering coefficient		0.268457
min/max/avg degree		0, 76, 12.462492
degree assortativity		0.339588
number of connected components	1
size of largest component	4999 (100.00 %)
166777.49922952824
__Groundtruth__
read communities from: ../../lfr_5000/mk100/k15/muw0.3/9/community.dat
-------------------  ----------
# communities        104
min community size    20
max community size    99
avg. community size   48.0769
modularity             0.689347
-------------------  ----------
104 community detected
__CLASSIC_METHODS__
__Louvain__
PLM(balanced,pc,turbo) detected communities in 0.2533562183380127 [s]
solution properties:
-------------------  ----------
# communities         53
min community size    36
max community size   164
avg. community size   94.3208
modularity             0.694122
-------------------  ----------
104 community detected
NMI:0.10391376596846835
ARI:0.31323708561208885
__Singleton__
104 community detected
NMI:0.3047653125958609
ARI:1.0
__AllInOne__
104 community detected
NMI:1.0
ARI:1.0
__PLP__
PLP detected communities in 0.0017447471618652344 [s]
solution properties:
-------------------  ----------
# communities        113
min community size     1
max community size   104
avg. community size   44.2478
modularity             0.689772
-------------------  ----------
104 community detected
NMI:0.036316744369500165
ARI:0.07048462781186815
__NORMALIZATION__
__glove__
Network Properties for:		G#21
nodes, edges			4999, 31150
directed?			False
weighted?			True
isolated nodes			1
self-loops			0
density				0.002493
clustering coefficient		0.268457
min/max/avg degree		0, 76, 12.462492
degree assortativity		0.339588
number of connected components	1
size of largest component	4999 (100.00 %)
tot:  3241.026607300015
__glove+Louvain__
PLM(balanced,pc,turbo) detected communities in 0.1746959686279297 [s]
solution properties:
-------------------  ----------
# communities         45
min community size    68
max community size   174
avg. community size  111.089
modularity             0.701526
-------------------  ----------
104 community detected
NMI:0.11414318825940195
ARI:0.37116727418497764
__glove+PLP__
PLP detected communities in 0.044716835021972656 [s]
solution properties:
-------------------  ----------
# communities        111
min community size     1
max community size   102
avg. community size   45.045
modularity             0.693043
-------------------  ----------
104 community detected
NMI:0.025870772063843472
ARI:0.05741623405596441
__fake_pmi__
Network Properties for:		G#30
nodes, edges			4999, 31150
directed?			False
weighted?			True
isolated nodes			1
self-loops			0
density				0.002493
clustering coefficient		0.268457
min/max/avg degree		0, 76, 12.462492
degree assortativity		0.339588
number of connected components	1
size of largest component	4999 (100.00 %)
tot:  0.0
__fake_pmi+Louvain__
1 community detected due to total edge weight equal 0
NMI:1
ARI:1
__fake_pmi+PLP__
1 community detected due to total edge weight equal 0
NMI:1
ARI:1
__iterative_rev_degree_order__
Network Properties for:		G#33
nodes, edges			4999, 31150
directed?			False
weighted?			True
isolated nodes			1
self-loops			0
density				0.002493
clustering coefficient		0.268457
min/max/avg degree		0, 76, 12.462492
degree assortativity		0.339588
number of connected components	1
size of largest component	4999 (100.00 %)
tot:  1470.2034249451071
__iterative_rev_degree_order+Louvain__
PLM(balanced,pc,turbo) detected communities in 0.25653958320617676 [s]
solution properties:
-------------------  ----------
# communities         43
min community size    82
max community size   171
avg. community size  116.256
modularity             0.818658
-------------------  ----------
104 community detected
NMI:0.5663771499905166
ARI:0.8762200563076306
__iterative_rev_degree_order+PLP__
PLP detected communities in 0.0015337467193603516 [s]
solution properties:
-------------------  -----------
# communities        1471
min community size      1
max community size     11
avg. community size     3.39905
modularity              0.686804
-------------------  -----------
104 community detected
NMI:0.3217878337331712
ARI:0.9513081155342435
__pmi__
Network Properties for:		G#48
nodes, edges			4999, 31150
directed?			False
weighted?			True
isolated nodes			1
self-loops			0
density				0.002493
clustering coefficient		0.268457
min/max/avg degree		0, 76, 12.462492
degree assortativity		0.339588
number of connected components	1
size of largest component	4999 (100.00 %)
tot:  181889.62738560166
__pmi+Louvain__
PLM(balanced,pc,turbo) detected communities in 0.008488178253173828 [s]
solution properties:
-------------------  ----------
# communities         25
min community size    87
max community size   546
avg. community size  199.96
modularity             0.695368
-------------------  ----------
104 community detected
NMI:0.19691820150253803
ARI:0.6331538905215743
__pmi+PLP__
PLP detected communities in 0.002506256103515625 [s]
solution properties:
-------------------  ----------
# communities        108
min community size     1
max community size    98
avg. community size   46.2963
modularity             0.717201
-------------------  ----------
104 community detected
NMI:0.012318908279105645
ARI:0.024603774651470123
__standard__
Network Properties for:		G#57
nodes, edges			4999, 31150
directed?			False
weighted?			True
isolated nodes			1
self-loops			0
density				0.002493
clustering coefficient		0.268457
min/max/avg degree		0, 76, 12.462492
degree assortativity		0.339588
number of connected components	1
size of largest component	4999 (100.00 %)
tot:  33.16759084319361
__standard+Louvain__
PLM(balanced,pc,turbo) detected communities in 0.02298903465270996 [s]
solution properties:
-------------------  ----------
# communities         40
min community size    46
max community size   499
avg. community size  124.975
modularity             0.763396
-------------------  ----------
104 community detected
NMI:0.402082446305042
ARI:0.7617940638764724
__standard+PLP__
PLP detected communities in 0.06405854225158691 [s]
solution properties:
-------------------  ----------
# communities        996
min community size     1
max community size    56
avg. community size    5.02008
modularity             0.570537
-------------------  ----------
104 community detected
NMI:0.2903991478737402
ARI:0.7783872610285608
__ppmi__
Network Properties for:		G#69
nodes, edges			4999, 31150
directed?			False
weighted?			True
isolated nodes			1
self-loops			0
density				0.002493
clustering coefficient		0.268457
min/max/avg degree		0, 76, 12.462492
degree assortativity		0.339588
number of connected components	1
size of largest component	4999 (100.00 %)
tot:  187688.30418279156
__ppmi+Louvain__
PLM(balanced,pc,turbo) detected communities in 0.11072707176208496 [s]
solution properties:
-------------------  ----------
# communities         26
min community size    87
max community size   298
avg. community size  192.269
modularity             0.697838
-------------------  ----------
104 community detected
NMI:0.1762157286971483
ARI:0.5713963839760507
__ppmi+PLP__
PLP detected communities in 0.002179384231567383 [s]
solution properties:
-------------------  ----------
# communities        110
min community size     1
max community size    98
avg. community size   45.4545
modularity             0.706677
-------------------  ----------
104 community detected
NMI:0.010047951486986562
ARI:0.021849751948972318
__glovexmax50alpha0.2__
Network Properties for:		G#78
nodes, edges			4999, 31150
directed?			False
weighted?			True
isolated nodes			1
self-loops			0
density				0.002493
clustering coefficient		0.268457
min/max/avg degree		0, 76, 12.462492
degree assortativity		0.339588
number of connected components	1
size of largest component	4999 (100.00 %)
tot:  18270.230883870478
__glovexmax50alpha0.2+Louvain__
PLM(balanced,pc,turbo) detected communities in 0.03117537498474121 [s]
solution properties:
-------------------  ----------
# communities         25
min community size   132
max community size   250
avg. community size  199.96
modularity             0.698164
-------------------  ----------
104 community detected
NMI:0.17574202535780348
ARI:0.572747303433467
__glovexmax50alpha0.2+PLP__
PLP detected communities in 0.03363394737243652 [s]
solution properties:
-------------------  ----------
# communities        109
min community size     1
max community size    98
avg. community size   45.8716
modularity             0.705739
-------------------  ----------
104 community detected
NMI:0.00513745152390499
ARI:0.009771711686967222
__glovexmax40alpha0.2__
Network Properties for:		G#87
nodes, edges			4999, 31150
directed?			False
weighted?			True
isolated nodes			1
self-loops			0
density				0.002493
clustering coefficient		0.268457
min/max/avg degree		0, 76, 12.462492
degree assortativity		0.339588
number of connected components	1
size of largest component	4999 (100.00 %)
tot:  19104.07604714942
__glovexmax40alpha0.2+Louvain__
PLM(balanced,pc,turbo) detected communities in 0.010740041732788086 [s]
solution properties:
-------------------  ----------
# communities         29
min community size    68
max community size   399
avg. community size  172.379
modularity             0.690266
-------------------  ----------
104 community detected
NMI:0.16851497432559126
ARI:0.5889801865677247
__glovexmax40alpha0.2+PLP__
PLP detected communities in 0.0017435550689697266 [s]
solution properties:
-------------------  ----------
# communities        106
min community size     1
max community size    98
avg. community size   47.1698
modularity             0.707647
-------------------  ----------
104 community detected
NMI:0.0035834849357181398
ARI:0.0073832393435245836
__glovexmax30alpha0.3__
Network Properties for:		G#96
nodes, edges			4999, 31150
directed?			False
weighted?			True
isolated nodes			1
self-loops			0
density				0.002493
clustering coefficient		0.268457
min/max/avg degree		0, 76, 12.462492
degree assortativity		0.339588
number of connected components	1
size of largest component	4999 (100.00 %)
tot:  16775.998928236448
__glovexmax30alpha0.3+Louvain__
PLM(balanced,pc,turbo) detected communities in 0.017611026763916016 [s]
solution properties:
-------------------  ----------
# communities         24
min community size    29
max community size   635
avg. community size  208.292
modularity             0.683633
-------------------  ----------
104 community detected
NMI:0.20481263085964196
ARI:0.6737705973301658
__glovexmax30alpha0.3+PLP__
PLP detected communities in 0.0017399787902832031 [s]
solution properties:
-------------------  ----------
# communities        105
min community size     1
max community size    99
avg. community size   47.619
modularity             0.709529
-------------------  ----------
104 community detected
NMI:0.005747208874679943
ARI:0.012270736068516586
NMI classement:
[('NMIglovexmax40alpha0.2+PLP', 0.0035834849357181398), ('NMIglovexmax50alpha0.2+PLP', 0.00513745152390499), ('NMIglovexmax30alpha0.3+PLP', 0.005747208874679943), ('NMIppmi+PLP', 0.010047951486986562), ('NMIpmi+PLP', 0.012318908279105645), ('NMIglove+PLP', 0.025870772063843472), ('NMIPLP', 0.036316744369500165), ('NMILouvain', 0.10391376596846835), ('NMIglove+Louvain', 0.11414318825940195), ('NMIglovexmax40alpha0.2+Louvain', 0.16851497432559126), ('NMIglovexmax50alpha0.2+Louvain', 0.17574202535780348), ('NMIppmi+Louvain', 0.1762157286971483), ('NMIpmi+Louvain', 0.19691820150253803), ('NMIglovexmax30alpha0.3+Louvain', 0.20481263085964196), ('NMIstandard+PLP', 0.2903991478737402), ('NMISingleton', 0.3047653125958609), ('NMIiterative_rev_degree_order+PLP', 0.3217878337331712), ('NMIstandard+Louvain', 0.402082446305042), ('NMIiterative_rev_degree_order+Louvain', 0.5663771499905166), ('NMIAllInOne', 1.0), ('NMIfake_pmi+Louvain', 1), ('NMIfake_pmi+PLP', 1)]
ARI classement:
[('ARIglovexmax40alpha0.2+PLP', 0.0073832393435245836), ('ARIglovexmax50alpha0.2+PLP', 0.009771711686967222), ('ARIglovexmax30alpha0.3+PLP', 0.012270736068516586), ('ARIppmi+PLP', 0.021849751948972318), ('ARIpmi+PLP', 0.024603774651470123), ('ARIglove+PLP', 0.05741623405596441), ('ARIPLP', 0.07048462781186815), ('ARILouvain', 0.31323708561208885), ('ARIglove+Louvain', 0.37116727418497764), ('ARIppmi+Louvain', 0.5713963839760507), ('ARIglovexmax50alpha0.2+Louvain', 0.572747303433467), ('ARIglovexmax40alpha0.2+Louvain', 0.5889801865677247), ('ARIpmi+Louvain', 0.6331538905215743), ('ARIglovexmax30alpha0.3+Louvain', 0.6737705973301658), ('ARIstandard+Louvain', 0.7617940638764724), ('ARIstandard+PLP', 0.7783872610285608), ('ARIiterative_rev_degree_order+Louvain', 0.8762200563076306), ('ARIiterative_rev_degree_order+PLP', 0.9513081155342435), ('ARISingleton', 1.0), ('ARIAllInOne', 1.0), ('ARIfake_pmi+Louvain', 1), ('ARIfake_pmi+PLP', 1)]
