__LOADINGS__
Network Properties for:		network
nodes, edges			5000, 57250
directed?			False
weighted?			True
isolated nodes			1
self-loops			0
density				0.004581
clustering coefficient		0.315264
min/max/avg degree		0, 230, 22.900000
degree assortativity		0.236355
number of connected components	2
size of largest component	4999 (99.98 %)
453017.4023682407
__Groundtruth__
read communities from: ../../lfr_5000/mk300/k25/muw0.3/44/community.dat
-------------------  ---------
# communities         32
min community size   100
max community size   215
avg. community size  156.25
modularity             0.62618
-------------------  ---------
32 community detected
5 features on 57250 samples
Trainning set:45800 samples
Testing set:11450 samples
             precision    recall  f1-score   support

          0       0.75      0.36      0.48      3417
          1       0.78      0.95      0.85      8033

avg / total       0.77      0.77      0.74     11450

Confusion matrix:
[[1221 2196]
 [ 413 7620]]
Importance of features:
[0.17221135 0.22113504 0.19863014 0.21868885 0.18933463]
