__LOADINGS__
4973/61218 8.123427750008167 % of nul weighted edges removed
1/5000 0.02 % of nul degree nodes removed
Network Properties for:		network
nodes, edges			4999, 56245
directed?			False
weighted?			True
isolated nodes			1
self-loops			0
density				0.004502
clustering coefficient		0.313948
min/max/avg degree		0, 83, 22.502501
degree assortativity		0.392818
number of connected components	1
size of largest component	4999 (100.00 %)
337698.64591871476
__Groundtruth__
read communities from: ../../lfr_5000/mk100/k25/muw0.3/33/community.dat
-------------------  ----------
# communities        104
min community size    20
max community size    99
avg. community size   48.0769
modularity             0.708015
-------------------  ----------
104 community detected
__CLASSIC_METHODS__
__Louvain__
PLM(balanced,pc,turbo) detected communities in 0.4926433563232422 [s]
solution properties:
-------------------  ----------
# communities         58
min community size    58
max community size   138
avg. community size   86.1897
modularity             0.708658
-------------------  ----------
104 community detected
NMI:0.06014799735132459
ARI:0.22488004069679512
__Singleton__
104 community detected
NMI:0.3047653125958627
ARI:1.0
__AllInOne__
104 community detected
NMI:1.0
ARI:1.0
__PLP__
PLP detected communities in 0.09832262992858887 [s]
solution properties:
-------------------  ----------
# communities        105
min community size     1
max community size    99
avg. community size   47.619
modularity             0.708293
-------------------  ----------
104 community detected
NMI:0.0011757316955851582
ARI:0.002674745969428516
__NORMALIZATION__
__glove__
Network Properties for:		G#21
nodes, edges			4999, 56245
directed?			False
weighted?			True
isolated nodes			1
self-loops			0
density				0.004502
clustering coefficient		0.313948
min/max/avg degree		0, 83, 22.502501
degree assortativity		0.392818
number of connected components	1
size of largest component	4999 (100.00 %)
tot:  6601.456418691188
__glove+Louvain__
PLM(balanced,pc,turbo) detected communities in 0.35994386672973633 [s]
solution properties:
-------------------  ----------
# communities         67
min community size    41
max community size   112
avg. community size   74.6119
modularity             0.711438
-------------------  ----------
104 community detected
NMI:0.04243208010069277
ARI:0.15096947083175616
__glove+PLP__
PLP detected communities in 0.0808706283569336 [s]
solution properties:
-------------------  ----------
# communities        105
min community size     1
max community size    99
avg. community size   47.619
modularity             0.710965
-------------------  ----------
104 community detected
NMI:0.0011757316955851582
ARI:0.002674745969428516
__fake_pmi__
Network Properties for:		G#30
nodes, edges			4999, 56245
directed?			False
weighted?			True
isolated nodes			1
self-loops			0
density				0.004502
clustering coefficient		0.313948
min/max/avg degree		0, 83, 22.502501
degree assortativity		0.392818
number of connected components	1
size of largest component	4999 (100.00 %)
tot:  0.0
__fake_pmi+Louvain__
1 community detected due to total edge weight equal 0
NMI:1
ARI:1
__fake_pmi+PLP__
1 community detected due to total edge weight equal 0
NMI:1
ARI:1
__iterative_rev_degree_order__
Network Properties for:		G#33
nodes, edges			4999, 56245
directed?			False
weighted?			True
isolated nodes			1
self-loops			0
density				0.004502
clustering coefficient		0.313948
min/max/avg degree		0, 83, 22.502501
degree assortativity		0.392818
number of connected components	1
size of largest component	4999 (100.00 %)
tot:  1099.1840954784568
__iterative_rev_degree_order+Louvain__
PLM(balanced,pc,turbo) detected communities in 0.7170388698577881 [s]
solution properties:
-------------------  ----------
# communities         54
min community size    39
max community size   162
avg. community size   92.5741
modularity             0.733616
-------------------  ----------
104 community detected
NMI:0.5180603497244602
ARI:0.8343521361567872
__iterative_rev_degree_order+PLP__
PLP detected communities in 0.08812236785888672 [s]
solution properties:
-------------------  -----------
# communities        1060
min community size      1
max community size     18
avg. community size     4.71698
modularity              0.602827
-------------------  -----------
104 community detected
NMI:0.33204018474190056
ARI:0.9250576552880858
__pmi__
Network Properties for:		G#48
nodes, edges			4999, 56245
directed?			False
weighted?			True
isolated nodes			1
self-loops			0
density				0.004502
clustering coefficient		0.313948
min/max/avg degree		0, 83, 22.502501
degree assortativity		0.392818
number of connected components	1
size of largest component	4999 (100.00 %)
tot:  334631.00700765784
__pmi+Louvain__
PLM(balanced,pc,turbo) detected communities in 0.31922078132629395 [s]
solution properties:
-------------------  ----------
# communities         51
min community size    68
max community size   158
avg. community size   98.0196
modularity             0.713378
-------------------  ----------
104 community detected
NMI:0.07426552565631805
ARI:0.2749294498115229
__pmi+PLP__
PLP detected communities in 0.11179685592651367 [s]
solution properties:
-------------------  ----------
# communities         99
min community size     1
max community size   191
avg. community size   50.5051
modularity             0.712235
-------------------  ----------
104 community detected
NMI:0.0124957292539698
ARI:0.07804637524041524
__standard__
Network Properties for:		G#57
nodes, edges			4999, 56245
directed?			False
weighted?			True
isolated nodes			1
self-loops			0
density				0.004502
clustering coefficient		0.313948
min/max/avg degree		0, 83, 22.502501
degree assortativity		0.392818
number of connected components	1
size of largest component	4999 (100.00 %)
tot:  17.52851769592785
__standard+Louvain__
PLM(balanced,pc,turbo) detected communities in 0.5885324478149414 [s]
solution properties:
-------------------  ----------
# communities         58
min community size    25
max community size   214
avg. community size   86.1897
modularity             0.717035
-------------------  ----------
104 community detected
NMI:0.11632499449113798
ARI:0.3551954550508982
__standard+PLP__
PLP detected communities in 0.1931915283203125 [s]
solution properties:
-------------------  ----------
# communities        163
min community size     1
max community size   125
avg. community size   30.6748
modularity             0.706629
-------------------  ----------
104 community detected
NMI:0.05843969601210164
ARI:0.13319942611190816
__ppmi__
Network Properties for:		G#69
nodes, edges			4999, 56245
directed?			False
weighted?			True
isolated nodes			1
self-loops			0
density				0.004502
clustering coefficient		0.313948
min/max/avg degree		0, 83, 22.502501
degree assortativity		0.392818
number of connected components	1
size of largest component	4999 (100.00 %)
tot:  336391.6757769469
__ppmi+Louvain__
PLM(balanced,pc,turbo) detected communities in 0.38831186294555664 [s]
solution properties:
-------------------  ----------
# communities         41
min community size    93
max community size   166
avg. community size  121.927
modularity             0.708879
-------------------  ----------
104 community detected
NMI:0.10195693283063278
ARI:0.36996198658852675
__ppmi+PLP__
PLP detected communities in 0.09856367111206055 [s]
solution properties:
-------------------  ----------
# communities        100
min community size     1
max community size   162
avg. community size   50
modularity             0.713159
-------------------  ----------
104 community detected
NMI:0.008735869681381292
ARI:0.05505516175451686
__glovexmax50alpha0.2__
Network Properties for:		G#78
nodes, edges			4999, 56245
directed?			False
weighted?			True
isolated nodes			1
self-loops			0
density				0.004502
clustering coefficient		0.313948
min/max/avg degree		0, 83, 22.502501
degree assortativity		0.392818
number of connected components	1
size of largest component	4999 (100.00 %)
tot:  35493.75621104696
__glovexmax50alpha0.2+Louvain__
PLM(balanced,pc,turbo) detected communities in 0.30528903007507324 [s]
solution properties:
-------------------  ----------
# communities         58
min community size    59
max community size   144
avg. community size   86.1897
modularity             0.710296
-------------------  ----------
104 community detected
NMI:0.058799119278665435
ARI:0.21738937550082216
__glovexmax50alpha0.2+PLP__
PLP detected communities in 0.07753944396972656 [s]
solution properties:
-------------------  ----------
# communities        105
min community size     1
max community size    99
avg. community size   47.619
modularity             0.710711
-------------------  ----------
104 community detected
NMI:0.0007093774559288057
ARI:0.001655413835885522
__glovexmax40alpha0.2__
Network Properties for:		G#87
nodes, edges			4999, 56245
directed?			False
weighted?			True
isolated nodes			1
self-loops			0
density				0.004502
clustering coefficient		0.313948
min/max/avg degree		0, 83, 22.502501
degree assortativity		0.392818
number of connected components	1
size of largest component	4999 (100.00 %)
tot:  37113.67536430306
__glovexmax40alpha0.2+Louvain__
PLM(balanced,pc,turbo) detected communities in 0.2967209815979004 [s]
solution properties:
-------------------  ----------
# communities         63
min community size    48
max community size   121
avg. community size   79.3492
modularity             0.710667
-------------------  ----------
104 community detected
NMI:0.04854748985919333
ARI:0.17491469818188188
__glovexmax40alpha0.2+PLP__
PLP detected communities in 0.08766317367553711 [s]
solution properties:
-------------------  ----------
# communities        105
min community size     1
max community size    99
avg. community size   47.619
modularity             0.710711
-------------------  ----------
104 community detected
NMI:0.0007093774559288057
ARI:0.001655413835885522
__glovexmax30alpha0.3__
Network Properties for:		G#96
nodes, edges			4999, 56245
directed?			False
weighted?			True
isolated nodes			1
self-loops			0
density				0.004502
clustering coefficient		0.313948
min/max/avg degree		0, 83, 22.502501
degree assortativity		0.392818
number of connected components	1
size of largest component	4999 (100.00 %)
tot:  33197.85897836203
__glovexmax30alpha0.3+Louvain__
PLM(balanced,pc,turbo) detected communities in 0.3697052001953125 [s]
solution properties:
-------------------  ----------
# communities         63
min community size    48
max community size   127
avg. community size   79.3492
modularity             0.711959
-------------------  ----------
104 community detected
NMI:0.048911546981696974
ARI:0.17792242542696268
__glovexmax30alpha0.3+PLP__
PLP detected communities in 0.09005022048950195 [s]
solution properties:
-------------------  ---------
# communities        105
min community size     1
max community size    99
avg. community size   47.619
modularity             0.71194
-------------------  ---------
104 community detected
NMI:0.0007093774559288057
ARI:0.001655413835885522
NMI classement:
[('NMIglovexmax50alpha0.2+PLP', 0.0007093774559288057), ('NMIglovexmax40alpha0.2+PLP', 0.0007093774559288057), ('NMIglovexmax30alpha0.3+PLP', 0.0007093774559288057), ('NMIPLP', 0.0011757316955851582), ('NMIglove+PLP', 0.0011757316955851582), ('NMIppmi+PLP', 0.008735869681381292), ('NMIpmi+PLP', 0.0124957292539698), ('NMIglove+Louvain', 0.04243208010069277), ('NMIglovexmax40alpha0.2+Louvain', 0.04854748985919333), ('NMIglovexmax30alpha0.3+Louvain', 0.048911546981696974), ('NMIstandard+PLP', 0.05843969601210164), ('NMIglovexmax50alpha0.2+Louvain', 0.058799119278665435), ('NMILouvain', 0.06014799735132459), ('NMIpmi+Louvain', 0.07426552565631805), ('NMIppmi+Louvain', 0.10195693283063278), ('NMIstandard+Louvain', 0.11632499449113798), ('NMISingleton', 0.3047653125958627), ('NMIiterative_rev_degree_order+PLP', 0.33204018474190056), ('NMIiterative_rev_degree_order+Louvain', 0.5180603497244602), ('NMIAllInOne', 1.0), ('NMIfake_pmi+Louvain', 1), ('NMIfake_pmi+PLP', 1)]
ARI classement:
[('ARIglovexmax50alpha0.2+PLP', 0.001655413835885522), ('ARIglovexmax40alpha0.2+PLP', 0.001655413835885522), ('ARIglovexmax30alpha0.3+PLP', 0.001655413835885522), ('ARIPLP', 0.002674745969428516), ('ARIglove+PLP', 0.002674745969428516), ('ARIppmi+PLP', 0.05505516175451686), ('ARIpmi+PLP', 0.07804637524041524), ('ARIstandard+PLP', 0.13319942611190816), ('ARIglove+Louvain', 0.15096947083175616), ('ARIglovexmax40alpha0.2+Louvain', 0.17491469818188188), ('ARIglovexmax30alpha0.3+Louvain', 0.17792242542696268), ('ARIglovexmax50alpha0.2+Louvain', 0.21738937550082216), ('ARILouvain', 0.22488004069679512), ('ARIpmi+Louvain', 0.2749294498115229), ('ARIstandard+Louvain', 0.3551954550508982), ('ARIppmi+Louvain', 0.36996198658852675), ('ARIiterative_rev_degree_order+Louvain', 0.8343521361567872), ('ARIiterative_rev_degree_order+PLP', 0.9250576552880858), ('ARISingleton', 1.0), ('ARIAllInOne', 1.0), ('ARIfake_pmi+Louvain', 1), ('ARIfake_pmi+PLP', 1)]
