__LOADINGS__
4992/38469 12.976682523590425 % of nul weighted edges removed
1/5000 0.02 % of nul degree nodes removed
Network Properties for:		network
nodes, edges			4999, 33477
directed?			False
weighted?			True
isolated nodes			1
self-loops			0
density				0.002680
clustering coefficient		0.197407
min/max/avg degree		0, 204, 13.393479
degree assortativity		0.270690
number of connected components	1
size of largest component	4999 (100.00 %)
245127.99555277813
__Groundtruth__
read communities from: ../../lfr_5000/mk300/k15/muw0.4/40/community.dat
-------------------  ----------
# communities         40
min community size    89
max community size   180
avg. community size  125
modularity             0.492086
-------------------  ----------
40 community detected
__CLASSIC_METHODS__
__Louvain__
PLM(balanced,pc,turbo) detected communities in 0.4706904888153076 [s]
solution properties:
-------------------  ----------
# communities         24
min community size   104
max community size   385
avg. community size  208.292
modularity             0.504576
-------------------  ----------
40 community detected
NMI:0.2563239078603119
ARI:0.44671333117609324
__Singleton__
40 community detected
NMI:0.398282768741657
ARI:1.0
__AllInOne__
40 community detected
NMI:1.0
ARI:1.0
__PLP__
PLP detected communities in 0.1398324966430664 [s]
solution properties:
-------------------  ----------
# communities         45
min community size     1
max community size   205
avg. community size  111.111
modularity             0.501654
-------------------  ----------
40 community detected
NMI:0.17475120307774294
ARI:0.22772548433686934
__NORMALIZATION__
__glove__
Network Properties for:		G#21
nodes, edges			4999, 33477
directed?			False
weighted?			True
isolated nodes			1
self-loops			0
density				0.002680
clustering coefficient		0.197407
min/max/avg degree		0, 204, 13.393479
degree assortativity		0.270690
number of connected components	1
size of largest component	4999 (100.00 %)
tot:  3963.939050343743
__glove+Louvain__
PLM(balanced,pc,turbo) detected communities in 0.4416689872741699 [s]
solution properties:
-------------------  ----------
# communities         32
min community size    90
max community size   381
avg. community size  156.219
modularity             0.530122
-------------------  ----------
40 community detected
NMI:0.18943066153508514
ARI:0.319758902295075
__glove+PLP__
PLP detected communities in 0.17897653579711914 [s]
solution properties:
-------------------  ----------
# communities         45
min community size     1
max community size   206
avg. community size  111.111
modularity             0.529332
-------------------  ----------
40 community detected
NMI:0.1511522813529691
ARI:0.19560486258555687
__fake_pmi__
Network Properties for:		G#30
nodes, edges			4999, 33477
directed?			False
weighted?			True
isolated nodes			1
self-loops			0
density				0.002680
clustering coefficient		0.197407
min/max/avg degree		0, 204, 13.393479
degree assortativity		0.270690
number of connected components	1
size of largest component	4999 (100.00 %)
tot:  0.0
__fake_pmi+Louvain__
1 community detected due to total edge weight equal 0
NMI:1
ARI:1
__fake_pmi+PLP__
1 community detected due to total edge weight equal 0
NMI:1
ARI:1
__iterative_rev_degree_order__
Network Properties for:		G#33
nodes, edges			4999, 33477
directed?			False
weighted?			True
isolated nodes			1
self-loops			0
density				0.002680
clustering coefficient		0.197407
min/max/avg degree		0, 204, 13.393479
degree assortativity		0.270690
number of connected components	1
size of largest component	4999 (100.00 %)
tot:  1408.8429785671183
__iterative_rev_degree_order+Louvain__
PLM(balanced,pc,turbo) detected communities in 0.7356204986572266 [s]
solution properties:
-------------------  ----------
# communities         85
min community size    22
max community size   104
avg. community size   58.8118
modularity             0.867558
-------------------  ----------
40 community detected
NMI:0.7516395386194485
ARI:0.9582354000868948
__iterative_rev_degree_order+PLP__
PLP detected communities in 0.0861663818359375 [s]
solution properties:
-------------------  -----------
# communities        1581
min community size      1
max community size     10
avg. community size     3.16256
modularity              0.756945
-------------------  -----------
40 community detected
NMI:0.46349650499810247
ARI:0.9861085559352296
__pmi__
Network Properties for:		G#48
nodes, edges			4999, 33477
directed?			False
weighted?			True
isolated nodes			1
self-loops			0
density				0.002680
clustering coefficient		0.197407
min/max/avg degree		0, 204, 13.393479
degree assortativity		0.270690
number of connected components	1
size of largest component	4999 (100.00 %)
tot:  98775.29118985613
__pmi+Louvain__
PLM(balanced,pc,turbo) detected communities in 0.4926609992980957 [s]
solution properties:
-------------------  ----------
# communities         34
min community size     1
max community size   410
avg. community size  147.029
modularity             0.777914
-------------------  ----------
40 community detected
NMI:0.38822881856122593
ARI:0.5605273671594087
__pmi+PLP__
PLP detected communities in 0.1969146728515625 [s]
solution properties:
-------------------  ----------
# communities        342
min community size     1
max community size   206
avg. community size   14.6199
modularity             0.737233
-------------------  ----------
40 community detected
NMI:0.33094246310312725
ARI:0.49709965862185734
__standard__
Network Properties for:		G#60
nodes, edges			4999, 33477
directed?			False
weighted?			True
isolated nodes			1
self-loops			0
density				0.002680
clustering coefficient		0.197407
min/max/avg degree		0, 204, 13.393479
degree assortativity		0.270690
number of connected components	1
size of largest component	4999 (100.00 %)
tot:  27.01532069564013
__standard+Louvain__
PLM(balanced,pc,turbo) detected communities in 0.6555242538452148 [s]
solution properties:
-------------------  ----------
# communities         88
min community size     4
max community size   179
avg. community size   56.8068
modularity             0.854667
-------------------  ----------
40 community detected
NMI:0.6434996476847386
ARI:0.8525822171934773
__standard+PLP__
PLP detected communities in 0.10581207275390625 [s]
solution properties:
-------------------  -----------
# communities        1360
min community size      1
max community size     24
avg. community size     3.67647
modularity              0.760741
-------------------  -----------
40 community detected
NMI:0.46696269325547246
ARI:0.975266738573789
__ppmi__
Network Properties for:		G#72
nodes, edges			4999, 33477
directed?			False
weighted?			True
isolated nodes			1
self-loops			0
density				0.002680
clustering coefficient		0.197407
min/max/avg degree		0, 204, 13.393479
degree assortativity		0.270690
number of connected components	1
size of largest component	4999 (100.00 %)
tot:  143308.58253177674
__ppmi+Louvain__
PLM(balanced,pc,turbo) detected communities in 0.293842077255249 [s]
solution properties:
-------------------  ----------
# communities         37
min community size    90
max community size   423
avg. community size  135.108
modularity             0.601084
-------------------  ----------
40 community detected
NMI:0.23091331588039898
ARI:0.364089575731559
__ppmi+PLP__
PLP detected communities in 0.19270014762878418 [s]
solution properties:
-------------------  ----------
# communities        200
min community size     1
max community size   170
avg. community size   25
modularity             0.581024
-------------------  ----------
40 community detected
NMI:0.2210077754568479
ARI:0.31334325115951056
__glovexmax50alpha0.2__
Network Properties for:		G#81
nodes, edges			4999, 33477
directed?			False
weighted?			True
isolated nodes			1
self-loops			0
density				0.002680
clustering coefficient		0.197407
min/max/avg degree		0, 204, 13.393479
degree assortativity		0.270690
number of connected components	1
size of largest component	4999 (100.00 %)
tot:  17964.18236642499
__glovexmax50alpha0.2+Louvain__
PLM(balanced,pc,turbo) detected communities in 0.4366340637207031 [s]
solution properties:
-------------------  ----------
# communities         33
min community size    88
max community size   214
avg. community size  151.485
modularity             0.570949
-------------------  ----------
40 community detected
NMI:0.10646964042526907
ARI:0.18884115254625655
__glovexmax50alpha0.2+PLP__
PLP detected communities in 0.15575838088989258 [s]
solution properties:
-------------------  ---------
# communities         44
min community size     1
max community size   191
avg. community size  113.636
modularity             0.57183
-------------------  ---------
40 community detected
NMI:0.07366749565418163
ARI:0.09461458097323971
__glovexmax40alpha0.2__
Network Properties for:		G#90
nodes, edges			4999, 33477
directed?			False
weighted?			True
isolated nodes			1
self-loops			0
density				0.002680
clustering coefficient		0.197407
min/max/avg degree		0, 204, 13.393479
degree assortativity		0.270690
number of connected components	1
size of largest component	4999 (100.00 %)
tot:  18760.862129043482
__glovexmax40alpha0.2+Louvain__
PLM(balanced,pc,turbo) detected communities in 0.40117835998535156 [s]
solution properties:
-------------------  ----------
# communities         32
min community size    92
max community size   234
avg. community size  156.219
modularity             0.570475
-------------------  ----------
40 community detected
NMI:0.11284299686405652
ARI:0.2067202768329368
__glovexmax40alpha0.2+PLP__
PLP detected communities in 0.13058161735534668 [s]
solution properties:
-------------------  ----------
# communities         44
min community size     1
max community size   191
avg. community size  113.636
modularity             0.572044
-------------------  ----------
40 community detected
NMI:0.07410667262808857
ARI:0.09534104319093695
__glovexmax30alpha0.3__
Network Properties for:		G#99
nodes, edges			4999, 33477
directed?			False
weighted?			True
isolated nodes			1
self-loops			0
density				0.002680
clustering coefficient		0.197407
min/max/avg degree		0, 204, 13.393479
degree assortativity		0.270690
number of connected components	1
size of largest component	4999 (100.00 %)
tot:  16614.88626537595
__glovexmax30alpha0.3+Louvain__
PLM(balanced,pc,turbo) detected communities in 0.5456454753875732 [s]
solution properties:
-------------------  ----------
# communities         26
min community size   130
max community size   318
avg. community size  192.269
modularity             0.564763
-------------------  ----------
40 community detected
NMI:0.1588449448537913
ARI:0.3136238905961434
__glovexmax30alpha0.3+PLP__
PLP detected communities in 0.15900707244873047 [s]
solution properties:
-------------------  ----------
# communities         44
min community size     1
max community size   193
avg. community size  113.636
modularity             0.568482
-------------------  ----------
40 community detected
NMI:0.09037393724785525
ARI:0.11654388192549947
NMI classement:
[('NMIglovexmax50alpha0.2+PLP', 0.07366749565418163), ('NMIglovexmax40alpha0.2+PLP', 0.07410667262808857), ('NMIglovexmax30alpha0.3+PLP', 0.09037393724785525), ('NMIglovexmax50alpha0.2+Louvain', 0.10646964042526907), ('NMIglovexmax40alpha0.2+Louvain', 0.11284299686405652), ('NMIglove+PLP', 0.1511522813529691), ('NMIglovexmax30alpha0.3+Louvain', 0.1588449448537913), ('NMIPLP', 0.17475120307774294), ('NMIglove+Louvain', 0.18943066153508514), ('NMIppmi+PLP', 0.2210077754568479), ('NMIppmi+Louvain', 0.23091331588039898), ('NMILouvain', 0.2563239078603119), ('NMIpmi+PLP', 0.33094246310312725), ('NMIpmi+Louvain', 0.38822881856122593), ('NMISingleton', 0.398282768741657), ('NMIiterative_rev_degree_order+PLP', 0.46349650499810247), ('NMIstandard+PLP', 0.46696269325547246), ('NMIstandard+Louvain', 0.6434996476847386), ('NMIiterative_rev_degree_order+Louvain', 0.7516395386194485), ('NMIAllInOne', 1.0), ('NMIfake_pmi+Louvain', 1), ('NMIfake_pmi+PLP', 1)]
ARI classement:
[('ARIglovexmax50alpha0.2+PLP', 0.09461458097323971), ('ARIglovexmax40alpha0.2+PLP', 0.09534104319093695), ('ARIglovexmax30alpha0.3+PLP', 0.11654388192549947), ('ARIglovexmax50alpha0.2+Louvain', 0.18884115254625655), ('ARIglove+PLP', 0.19560486258555687), ('ARIglovexmax40alpha0.2+Louvain', 0.2067202768329368), ('ARIPLP', 0.22772548433686934), ('ARIppmi+PLP', 0.31334325115951056), ('ARIglovexmax30alpha0.3+Louvain', 0.3136238905961434), ('ARIglove+Louvain', 0.319758902295075), ('ARIppmi+Louvain', 0.364089575731559), ('ARILouvain', 0.44671333117609324), ('ARIpmi+PLP', 0.49709965862185734), ('ARIpmi+Louvain', 0.5605273671594087), ('ARIstandard+Louvain', 0.8525822171934773), ('ARIiterative_rev_degree_order+Louvain', 0.9582354000868948), ('ARIstandard+PLP', 0.975266738573789), ('ARIiterative_rev_degree_order+PLP', 0.9861085559352296), ('ARISingleton', 1.0), ('ARIAllInOne', 1.0), ('ARIfake_pmi+Louvain', 1), ('ARIfake_pmi+PLP', 1)]
