__LOADINGS__
4970/61852 8.035310095065642 % of nul weighted edges removed
2/5000 0.04 % of nul degree nodes removed
Network Properties for:		network
nodes, edges			4998, 56882
directed?			False
weighted?			True
isolated nodes			2
self-loops			0
density				0.004555
clustering coefficient		0.445180
min/max/avg degree		0, 86, 22.761905
degree assortativity		0.410579
number of connected components	1
size of largest component	4998 (100.00 %)
343162.97001912066
__Groundtruth__
read communities from: ../../lfr_5000/mk100/k25/muw0.2/0/community.dat
-------------------  ----------
# communities        101
min community size    20
max community size    99
avg. community size   49.505
modularity             0.815055
-------------------  ----------
101 community detected
__CLASSIC_METHODS__
__Louvain__
PLM(balanced,pc,turbo) detected communities in 0.14734125137329102 [s]
solution properties:
-------------------  ----------
# communities         47
min community size    63
max community size   176
avg. community size  106.34
modularity             0.813688
-------------------  ----------
101 community detected
NMI:0.0835677532221556
ARI:0.31368769064625524
__Singleton__
101 community detected
NMI:0.3077049659917538
ARI:1.0
__AllInOne__
101 community detected
NMI:1.0
ARI:1.0
__PLP__
PLP detected communities in 0.02472853660583496 [s]
solution properties:
-------------------  ----------
# communities        103
min community size     1
max community size    98
avg. community size   48.5437
modularity             0.815191
-------------------  ----------
101 community detected
NMI:0.0007347786529167122
ARI:0.00187066195536989
__NORMALIZATION__
__glove__
Network Properties for:		G#21
nodes, edges			4998, 56882
directed?			False
weighted?			True
isolated nodes			2
self-loops			0
density				0.004555
clustering coefficient		0.445180
min/max/avg degree		0, 86, 22.761905
degree assortativity		0.410579
number of connected components	1
size of largest component	4998 (100.00 %)
tot:  6698.200106655849
__glove+Louvain__
PLM(balanced,pc,turbo) detected communities in 0.12274622917175293 [s]
solution properties:
-------------------  ----------
# communities         44
min community size    75
max community size   200
avg. community size  113.591
modularity             0.814494
-------------------  ----------
101 community detected
NMI:0.09341782296739876
ARI:0.3522955052933575
__glove+PLP__
PLP detected communities in 0.024723291397094727 [s]
solution properties:
-------------------  ----------
# communities        103
min community size     1
max community size    98
avg. community size   48.5437
modularity             0.817213
-------------------  ----------
101 community detected
NMI:0.0007347786529169342
ARI:0.00187066195536989
__fake_pmi__
Network Properties for:		G#30
nodes, edges			4998, 56882
directed?			False
weighted?			True
isolated nodes			2
self-loops			0
density				0.004555
clustering coefficient		0.445180
min/max/avg degree		0, 86, 22.761905
degree assortativity		0.410579
number of connected components	1
size of largest component	4998 (100.00 %)
tot:  0.0
__fake_pmi+Louvain__
1 community detected due to total edge weight equal 0
NMI:1
ARI:1
__fake_pmi+PLP__
1 community detected due to total edge weight equal 0
NMI:1
ARI:1
__iterative_rev_degree_order__
Network Properties for:		G#33
nodes, edges			4998, 56882
directed?			False
weighted?			True
isolated nodes			2
self-loops			0
density				0.004555
clustering coefficient		0.445180
min/max/avg degree		0, 86, 22.761905
degree assortativity		0.410579
number of connected components	1
size of largest component	4998 (100.00 %)
tot:  1146.2245208652703
__iterative_rev_degree_order+Louvain__
PLM(balanced,pc,turbo) detected communities in 0.711766242980957 [s]
solution properties:
-------------------  ----------
# communities         50
min community size    26
max community size   187
avg. community size   99.96
modularity             0.784274
-------------------  ----------
101 community detected
NMI:0.3902748737015851
ARI:0.7138076858453886
__iterative_rev_degree_order+PLP__
PLP detected communities in 0.09700322151184082 [s]
solution properties:
-------------------  -----------
# communities        1077
min community size      1
max community size     20
avg. community size     4.64253
modularity              0.613904
-------------------  -----------
101 community detected
NMI:0.302441480001729
ARI:0.903000628985114
__pmi__
Network Properties for:		G#48
nodes, edges			4998, 56882
directed?			False
weighted?			True
isolated nodes			2
self-loops			0
density				0.004555
clustering coefficient		0.445180
min/max/avg degree		0, 86, 22.761905
degree assortativity		0.410579
number of connected components	1
size of largest component	4998 (100.00 %)
tot:  338135.93890132563
__pmi+Louvain__
PLM(balanced,pc,turbo) detected communities in 0.3047645092010498 [s]
solution properties:
-------------------  ----------
# communities         94
min community size    20
max community size   122
avg. community size   53.1702
modularity             0.819433
-------------------  ----------
101 community detected
NMI:0.007180761305621508
ARI:0.02666941357860597
__pmi+PLP__
PLP detected communities in 0.0522007942199707 [s]
solution properties:
-------------------  ----------
# communities        101
min community size     1
max community size   123
avg. community size   49.505
modularity             0.819327
-------------------  ----------
101 community detected
NMI:0.0035694102462293653
ARI:0.019150161370240948
__standard__
Network Properties for:		G#57
nodes, edges			4998, 56882
directed?			False
weighted?			True
isolated nodes			2
self-loops			0
density				0.004555
clustering coefficient		0.445180
min/max/avg degree		0, 86, 22.761905
degree assortativity		0.410579
number of connected components	1
size of largest component	4998 (100.00 %)
tot:  17.933158958838472
__standard+Louvain__
PLM(balanced,pc,turbo) detected communities in 0.5955615043640137 [s]
solution properties:
-------------------  ----------
# communities         55
min community size    23
max community size   267
avg. community size   90.8727
modularity             0.824056
-------------------  ----------
101 community detected
NMI:0.11716735311281457
ARI:0.4010888473244725
__standard+PLP__
PLP detected communities in 0.15367436408996582 [s]
solution properties:
-------------------  ----------
# communities        154
min community size     1
max community size    95
avg. community size   32.4675
modularity             0.814086
-------------------  ----------
101 community detected
NMI:0.04596414341915611
ARI:0.0983290579515016
__ppmi__
Network Properties for:		G#69
nodes, edges			4998, 56882
directed?			False
weighted?			True
isolated nodes			2
self-loops			0
density				0.004555
clustering coefficient		0.445180
min/max/avg degree		0, 86, 22.761905
degree assortativity		0.410579
number of connected components	1
size of largest component	4998 (100.00 %)
tot:  339111.1729555374
__ppmi+Louvain__
PLM(balanced,pc,turbo) detected communities in 0.30216431617736816 [s]
solution properties:
-------------------  ---------
# communities        94
min community size   20
max community size   98
avg. community size  53.1702
modularity            0.818538
-------------------  ---------
101 community detected
NMI:0.006352896553778797
ARI:0.018719667205916335
__ppmi+PLP__
PLP detected communities in 0.09831571578979492 [s]
solution properties:
-------------------  ---------
# communities        102
min community size     1
max community size   123
avg. community size   49.0196
modularity             0.81832
-------------------  ---------
101 community detected
NMI:0.0022283634727845447
ARI:0.012529571541224915
__glovexmax50alpha0.2__
Network Properties for:		G#78
nodes, edges			4998, 56882
directed?			False
weighted?			True
isolated nodes			2
self-loops			0
density				0.004555
clustering coefficient		0.445180
min/max/avg degree		0, 86, 22.761905
degree assortativity		0.410579
number of connected components	1
size of largest component	4998 (100.00 %)
tot:  35966.445148173196
__glovexmax50alpha0.2+Louvain__
PLM(balanced,pc,turbo) detected communities in 0.38999485969543457 [s]
solution properties:
-------------------  ---------
# communities        72
min community size   38
max community size   98
avg. community size  69.4167
modularity            0.815769
-------------------  ---------
101 community detected
NMI:0.030497617844477687
ARI:0.10063197037465721
__glovexmax50alpha0.2+PLP__
PLP detected communities in 0.08129167556762695 [s]
solution properties:
-------------------  ----------
# communities        103
min community size     1
max community size    98
avg. community size   48.5437
modularity             0.815817
-------------------  ----------
101 community detected
NMI:0.0007347786529169342
ARI:0.00187066195536989
__glovexmax40alpha0.2__
Network Properties for:		G#87
nodes, edges			4998, 56882
directed?			False
weighted?			True
isolated nodes			2
self-loops			0
density				0.004555
clustering coefficient		0.445180
min/max/avg degree		0, 86, 22.761905
degree assortativity		0.410579
number of connected components	1
size of largest component	4998 (100.00 %)
tot:  37607.93761303446
__glovexmax40alpha0.2+Louvain__
PLM(balanced,pc,turbo) detected communities in 0.3747708797454834 [s]
solution properties:
-------------------  ---------
# communities         72
min community size    38
max community size   107
avg. community size   69.4167
modularity             0.81579
-------------------  ---------
101 community detected
NMI:0.031434747933436924
ARI:0.1083012543615699
__glovexmax40alpha0.2+PLP__
PLP detected communities in 0.062360525131225586 [s]
solution properties:
-------------------  ----------
# communities        103
min community size     1
max community size    98
avg. community size   48.5437
modularity             0.815817
-------------------  ----------
101 community detected
NMI:0.0007347786529167122
ARI:0.00187066195536989
__glovexmax30alpha0.3__
Network Properties for:		G#96
nodes, edges			4998, 56882
directed?			False
weighted?			True
isolated nodes			2
self-loops			0
density				0.004555
clustering coefficient		0.445180
min/max/avg degree		0, 86, 22.761905
degree assortativity		0.410579
number of connected components	1
size of largest component	4998 (100.00 %)
tot:  33646.314958209805
__glovexmax30alpha0.3+Louvain__
PLM(balanced,pc,turbo) detected communities in 0.3954143524169922 [s]
solution properties:
-------------------  ----------
# communities         63
min community size    46
max community size   132
avg. community size   79.3333
modularity             0.816838
-------------------  ----------
101 community detected
NMI:0.04614789336097591
ARI:0.16602594906295054
__glovexmax30alpha0.3+PLP__
PLP detected communities in 0.0771481990814209 [s]
solution properties:
-------------------  ----------
# communities        103
min community size     1
max community size    98
avg. community size   48.5437
modularity             0.817203
-------------------  ----------
101 community detected
NMI:0.0007347786529167122
ARI:0.00187066195536989
NMI classement:
[('NMIPLP', 0.0007347786529167122), ('NMIglovexmax40alpha0.2+PLP', 0.0007347786529167122), ('NMIglovexmax30alpha0.3+PLP', 0.0007347786529167122), ('NMIglove+PLP', 0.0007347786529169342), ('NMIglovexmax50alpha0.2+PLP', 0.0007347786529169342), ('NMIppmi+PLP', 0.0022283634727845447), ('NMIpmi+PLP', 0.0035694102462293653), ('NMIppmi+Louvain', 0.006352896553778797), ('NMIpmi+Louvain', 0.007180761305621508), ('NMIglovexmax50alpha0.2+Louvain', 0.030497617844477687), ('NMIglovexmax40alpha0.2+Louvain', 0.031434747933436924), ('NMIstandard+PLP', 0.04596414341915611), ('NMIglovexmax30alpha0.3+Louvain', 0.04614789336097591), ('NMILouvain', 0.0835677532221556), ('NMIglove+Louvain', 0.09341782296739876), ('NMIstandard+Louvain', 0.11716735311281457), ('NMIiterative_rev_degree_order+PLP', 0.302441480001729), ('NMISingleton', 0.3077049659917538), ('NMIiterative_rev_degree_order+Louvain', 0.3902748737015851), ('NMIAllInOne', 1.0), ('NMIfake_pmi+Louvain', 1), ('NMIfake_pmi+PLP', 1)]
ARI classement:
[('ARIPLP', 0.00187066195536989), ('ARIglove+PLP', 0.00187066195536989), ('ARIglovexmax50alpha0.2+PLP', 0.00187066195536989), ('ARIglovexmax40alpha0.2+PLP', 0.00187066195536989), ('ARIglovexmax30alpha0.3+PLP', 0.00187066195536989), ('ARIppmi+PLP', 0.012529571541224915), ('ARIppmi+Louvain', 0.018719667205916335), ('ARIpmi+PLP', 0.019150161370240948), ('ARIpmi+Louvain', 0.02666941357860597), ('ARIstandard+PLP', 0.0983290579515016), ('ARIglovexmax50alpha0.2+Louvain', 0.10063197037465721), ('ARIglovexmax40alpha0.2+Louvain', 0.1083012543615699), ('ARIglovexmax30alpha0.3+Louvain', 0.16602594906295054), ('ARILouvain', 0.31368769064625524), ('ARIglove+Louvain', 0.3522955052933575), ('ARIstandard+Louvain', 0.4010888473244725), ('ARIiterative_rev_degree_order+Louvain', 0.7138076858453886), ('ARIiterative_rev_degree_order+PLP', 0.903000628985114), ('ARISingleton', 1.0), ('ARIAllInOne', 1.0), ('ARIfake_pmi+Louvain', 1), ('ARIfake_pmi+PLP', 1)]
