__LOADINGS__
Network Properties for:		network
nodes, edges			5000, 56557
directed?			False
weighted?			True
isolated nodes			1
self-loops			0
density				0.004525
clustering coefficient		0.484024
min/max/avg degree		0, 390, 22.622800
degree assortativity		0.186473
number of connected components	2
size of largest component	4999 (99.98 %)
520486.57553039753
__Groundtruth__
read communities from: ../../lfr_5000/mk300/k25/muw0.3/0/community.dat
-------------------  ------------
# communities         31
min community size   111
max community size   228
avg. community size  161.29
modularity             0.00211764
-------------------  ------------
31 community detected
5 features on 56557 samples
Trainning set:45245 samples
Testing set:11312 samples
             precision    recall  f1-score   support

          0       0.96      1.00      0.98     10906
          1       0.62      0.01      0.02       406

avg / total       0.95      0.96      0.95     11312

Confusion matrix:
[[10903     3]
 [  401     5]]
Importance of features:
[0.21280992 0.16528925 0.17768595 0.21022727 0.2339876 ]
