__LOADINGS__
4976/46939 10.600992777860627 % of nul weighted edges removed
2/5000 0.04 % of nul degree nodes removed
Network Properties for:		network
nodes, edges			4998, 41963
directed?			False
weighted?			True
isolated nodes			2
self-loops			0
density				0.003360
clustering coefficient		0.424739
min/max/avg degree		0, 84, 16.791917
degree assortativity		0.345729
number of connected components	1
size of largest component	4998 (100.00 %)
235448.77397713254
__Groundtruth__
read communities from: ../../lfr_5000/mk100/k20/muw0.2/8/community.dat
-------------------  ----------
# communities        104
min community size    20
max community size    99
avg. community size   48.0769
modularity             0.812683
-------------------  ----------
104 community detected
__CLASSIC_METHODS__
__Louvain__
PLM(balanced,pc,turbo) detected communities in 0.1419389247894287 [s]
solution properties:
-------------------  ----------
# communities         56
min community size    51
max community size   141
avg. community size   89.25
modularity             0.813568
-------------------  ----------
104 community detected
NMI:0.06406051494531217
ARI:0.23693324040451158
__Singleton__
104 community detected
NMI:0.30473990857077926
ARI:1.0
__AllInOne__
104 community detected
NMI:1.0
ARI:1.0
__PLP__
PLP detected communities in 0.1033926010131836 [s]
solution properties:
-------------------  ----------
# communities        106
min community size     1
max community size    99
avg. community size   47.1698
modularity             0.813259
-------------------  ----------
104 community detected
NMI:0.001417942886401069
ARI:0.003379934933614659
__NORMALIZATION__
__glove__
Network Properties for:		G#21
nodes, edges			4998, 41963
directed?			False
weighted?			True
isolated nodes			2
self-loops			0
density				0.003360
clustering coefficient		0.424739
min/max/avg degree		0, 84, 16.791917
degree assortativity		0.345729
number of connected components	1
size of largest component	4998 (100.00 %)
tot:  4590.192734666051
__glove+Louvain__
PLM(balanced,pc,turbo) detected communities in 0.40613651275634766 [s]
solution properties:
-------------------  ----------
# communities         71
min community size    36
max community size   110
avg. community size   70.3944
modularity             0.818253
-------------------  ----------
104 community detected
NMI:0.03650964442720783
ARI:0.12917872698521315
__glove+PLP__
PLP detected communities in 0.10735154151916504 [s]
solution properties:
-------------------  ----------
# communities        106
min community size     1
max community size    99
avg. community size   47.1698
modularity             0.817731
-------------------  ----------
104 community detected
NMI:0.001417942886401069
ARI:0.003379934933614659
__fake_pmi__
Network Properties for:		G#30
nodes, edges			4998, 41963
directed?			False
weighted?			True
isolated nodes			2
self-loops			0
density				0.003360
clustering coefficient		0.424739
min/max/avg degree		0, 84, 16.791917
degree assortativity		0.345729
number of connected components	1
size of largest component	4998 (100.00 %)
tot:  0.0
__fake_pmi+Louvain__
1 community detected due to total edge weight equal 0
NMI:1
ARI:1
__fake_pmi+PLP__
1 community detected due to total edge weight equal 0
NMI:1
ARI:1
__iterative_rev_degree_order__
Network Properties for:		G#33
nodes, edges			4998, 41963
directed?			False
weighted?			True
isolated nodes			2
self-loops			0
density				0.003360
clustering coefficient		0.424739
min/max/avg degree		0, 84, 16.791917
degree assortativity		0.345729
number of connected components	1
size of largest component	4998 (100.00 %)
tot:  1405.3228766642994
__iterative_rev_degree_order+Louvain__
PLM(balanced,pc,turbo) detected communities in 0.7101888656616211 [s]
solution properties:
-------------------  ----------
# communities         55
min community size    33
max community size   164
avg. community size   90.8727
modularity             0.824191
-------------------  ----------
104 community detected
NMI:0.3702189713989801
ARI:0.6874095211217552
__iterative_rev_degree_order+PLP__
PLP detected communities in 0.032463788986206055 [s]
solution properties:
-------------------  -----------
# communities        1347
min community size      1
max community size     15
avg. community size     3.71195
modularity              0.642231
-------------------  -----------
104 community detected
NMI:0.30024691844488394
ARI:0.92763059080134
__pmi__
Network Properties for:		G#48
nodes, edges			4998, 41963
directed?			False
weighted?			True
isolated nodes			2
self-loops			0
density				0.003360
clustering coefficient		0.424739
min/max/avg degree		0, 84, 16.791917
degree assortativity		0.345729
number of connected components	1
size of largest component	4998 (100.00 %)
tot:  247446.5494809843
__pmi+Louvain__
PLM(balanced,pc,turbo) detected communities in 0.44086599349975586 [s]
solution properties:
-------------------  ---------
# communities        79
min community size   26
max community size   98
avg. community size  63.2658
modularity            0.824976
-------------------  ---------
104 community detected
NMI:0.02510331587446002
ARI:0.08236859182349121
__pmi+PLP__
PLP detected communities in 0.14119410514831543 [s]
solution properties:
-------------------  ----------
# communities        106
min community size     1
max community size    98
avg. community size   47.1698
modularity             0.824833
-------------------  ----------
104 community detected
NMI:0.0013970843220287854
ARI:0.003243075927371941
__standard__
Network Properties for:		G#57
nodes, edges			4998, 41963
directed?			False
weighted?			True
isolated nodes			2
self-loops			0
density				0.003360
clustering coefficient		0.424739
min/max/avg degree		0, 84, 16.791917
degree assortativity		0.345729
number of connected components	1
size of largest component	4998 (100.00 %)
tot:  24.441991562147226
__standard+Louvain__
PLM(balanced,pc,turbo) detected communities in 0.4516282081604004 [s]
solution properties:
-------------------  ----------
# communities         68
min community size    21
max community size   199
avg. community size   73.5
modularity             0.838349
-------------------  ----------
104 community detected
NMI:0.12788436486036137
ARI:0.36529442976508864
__standard+PLP__
PLP detected communities in 0.17763590812683105 [s]
solution properties:
-------------------  ----------
# communities        257
min community size     1
max community size    81
avg. community size   19.4553
modularity             0.798093
-------------------  ----------
104 community detected
NMI:0.08878905852604713
ARI:0.1893421418255965
__ppmi__
Network Properties for:		G#69
nodes, edges			4998, 41963
directed?			False
weighted?			True
isolated nodes			2
self-loops			0
density				0.003360
clustering coefficient		0.424739
min/max/avg degree		0, 84, 16.791917
degree assortativity		0.345729
number of connected components	1
size of largest component	4998 (100.00 %)
tot:  251611.3216002954
__ppmi+Louvain__
PLM(balanced,pc,turbo) detected communities in 0.4966449737548828 [s]
solution properties:
-------------------  ----------
# communities         72
min community size    38
max community size   100
avg. community size   69.4167
modularity             0.821733
-------------------  ----------
104 community detected
NMI:0.03377545283074457
ARI:0.11501666431957935
__ppmi+PLP__
PLP detected communities in 0.11494088172912598 [s]
solution properties:
-------------------  ----------
# communities        106
min community size     1
max community size    98
avg. community size   47.1698
modularity             0.821921
-------------------  ----------
104 community detected
NMI:0.0011600793255945874
ARI:0.0026872832410606007
__glovexmax50alpha0.2__
Network Properties for:		G#78
nodes, edges			4998, 41963
directed?			False
weighted?			True
isolated nodes			2
self-loops			0
density				0.003360
clustering coefficient		0.424739
min/max/avg degree		0, 84, 16.791917
degree assortativity		0.345729
number of connected components	1
size of largest component	4998 (100.00 %)
tot:  25455.872185876706
__glovexmax50alpha0.2+Louvain__
PLM(balanced,pc,turbo) detected communities in 0.22161221504211426 [s]
solution properties:
-------------------  ----------
# communities         68
min community size    32
max community size   115
avg. community size   73.5
modularity             0.818737
-------------------  ----------
104 community detected
NMI:0.041095018864906185
ARI:0.14799445081126728
__glovexmax50alpha0.2+PLP__
PLP detected communities in 0.044219970703125 [s]
solution properties:
-------------------  ---------
# communities        106
min community size     1
max community size    98
avg. community size   47.1698
modularity             0.81866
-------------------  ---------
104 community detected
NMI:0.0009541956226982728
ARI:0.0023461875331965976
__glovexmax40alpha0.2__
Network Properties for:		G#87
nodes, edges			4998, 41963
directed?			False
weighted?			True
isolated nodes			2
self-loops			0
density				0.003360
clustering coefficient		0.424739
min/max/avg degree		0, 84, 16.791917
degree assortativity		0.345729
number of connected components	1
size of largest component	4998 (100.00 %)
tot:  26617.666803260603
__glovexmax40alpha0.2+Louvain__
PLM(balanced,pc,turbo) detected communities in 0.4670886993408203 [s]
solution properties:
-------------------  ----------
# communities         70
min community size    38
max community size   103
avg. community size   71.4
modularity             0.818736
-------------------  ----------
104 community detected
NMI:0.03711394970657911
ARI:0.12953371066780817
__glovexmax40alpha0.2+PLP__
PLP detected communities in 0.10413026809692383 [s]
solution properties:
-------------------  ---------
# communities        106
min community size     1
max community size    98
avg. community size   47.1698
modularity             0.81866
-------------------  ---------
104 community detected
NMI:0.0009541956226986059
ARI:0.0023461875331965976
__glovexmax30alpha0.3__
Network Properties for:		G#96
nodes, edges			4998, 41963
directed?			False
weighted?			True
isolated nodes			2
self-loops			0
density				0.003360
clustering coefficient		0.424739
min/max/avg degree		0, 84, 16.791917
degree assortativity		0.345729
number of connected components	1
size of largest component	4998 (100.00 %)
tot:  23546.373937688262
__glovexmax30alpha0.3+Louvain__
PLM(balanced,pc,turbo) detected communities in 0.4387543201446533 [s]
solution properties:
-------------------  ----------
# communities         56
min community size    42
max community size   127
avg. community size   89.25
modularity             0.819328
-------------------  ----------
104 community detected
NMI:0.06379683910745826
ARI:0.23702704313572498
__glovexmax30alpha0.3+PLP__
PLP detected communities in 0.10985875129699707 [s]
solution properties:
-------------------  ----------
# communities        107
min community size     1
max community size    98
avg. community size   46.729
modularity             0.819691
-------------------  ----------
104 community detected
NMI:0.0012898991834778828
ARI:0.0027729684838759816
NMI classement:
[('NMIglovexmax50alpha0.2+PLP', 0.0009541956226982728), ('NMIglovexmax40alpha0.2+PLP', 0.0009541956226986059), ('NMIppmi+PLP', 0.0011600793255945874), ('NMIglovexmax30alpha0.3+PLP', 0.0012898991834778828), ('NMIpmi+PLP', 0.0013970843220287854), ('NMIPLP', 0.001417942886401069), ('NMIglove+PLP', 0.001417942886401069), ('NMIpmi+Louvain', 0.02510331587446002), ('NMIppmi+Louvain', 0.03377545283074457), ('NMIglove+Louvain', 0.03650964442720783), ('NMIglovexmax40alpha0.2+Louvain', 0.03711394970657911), ('NMIglovexmax50alpha0.2+Louvain', 0.041095018864906185), ('NMIglovexmax30alpha0.3+Louvain', 0.06379683910745826), ('NMILouvain', 0.06406051494531217), ('NMIstandard+PLP', 0.08878905852604713), ('NMIstandard+Louvain', 0.12788436486036137), ('NMIiterative_rev_degree_order+PLP', 0.30024691844488394), ('NMISingleton', 0.30473990857077926), ('NMIiterative_rev_degree_order+Louvain', 0.3702189713989801), ('NMIAllInOne', 1.0), ('NMIfake_pmi+Louvain', 1), ('NMIfake_pmi+PLP', 1)]
ARI classement:
[('ARIglovexmax50alpha0.2+PLP', 0.0023461875331965976), ('ARIglovexmax40alpha0.2+PLP', 0.0023461875331965976), ('ARIppmi+PLP', 0.0026872832410606007), ('ARIglovexmax30alpha0.3+PLP', 0.0027729684838759816), ('ARIpmi+PLP', 0.003243075927371941), ('ARIPLP', 0.003379934933614659), ('ARIglove+PLP', 0.003379934933614659), ('ARIpmi+Louvain', 0.08236859182349121), ('ARIppmi+Louvain', 0.11501666431957935), ('ARIglove+Louvain', 0.12917872698521315), ('ARIglovexmax40alpha0.2+Louvain', 0.12953371066780817), ('ARIglovexmax50alpha0.2+Louvain', 0.14799445081126728), ('ARIstandard+PLP', 0.1893421418255965), ('ARILouvain', 0.23693324040451158), ('ARIglovexmax30alpha0.3+Louvain', 0.23702704313572498), ('ARIstandard+Louvain', 0.36529442976508864), ('ARIiterative_rev_degree_order+Louvain', 0.6874095211217552), ('ARIiterative_rev_degree_order+PLP', 0.92763059080134), ('ARISingleton', 1.0), ('ARIAllInOne', 1.0), ('ARIfake_pmi+Louvain', 1), ('ARIfake_pmi+PLP', 1)]
