__LOADINGS__
Network Properties for:		network
nodes, edges			5000, 56557
directed?			False
weighted?			True
isolated nodes			1
self-loops			0
density				0.004525
clustering coefficient		0.484024
min/max/avg degree		0, 390, 22.622800
degree assortativity		0.186473
number of connected components	2
size of largest component	4999 (99.98 %)
520486.57553039753
__Groundtruth__
read communities from: ../../lfr_5000/mk500/k25/muw0.2/40/community.dat
-------------------  ----------
# communities         45
min community size     6
max community size   473
avg. community size  111.111
modularity             0.649358
-------------------  ----------
45 community detected
__CLASSIC_METHODS__
__Louvain__
PLM(balanced,pc,turbo) detected communities in 0.23879313468933105 [s]
solution properties:
-------------------  ----------
# communities         31
min community size     1
max community size   479
avg. community size  161.29
modularity             0.651761
-------------------  ----------
45 community detected
NMI:0.039234218446219216
ARM:0.039283384583261416
__Singleton__
45 community detected
NMI:0.4611691217645686
ARM:1.0
__AllInOne__
45 community detected
NMI:1.0
ARM:1.0
__PLP__
PLP detected communities in 0.10460042953491211 [s]
solution properties:
-------------------  ----------
# communities         46
min community size     1
max community size   479
avg. community size  108.696
modularity             0.651644
-------------------  ----------
45 community detected
NMI:0.01415590224422325
ARM:0.018184014708491736
__NORMALIZATION__
__glove__
Network Properties for:		G#21cc
nodes, edges			4999, 56557
directed?			False
weighted?			True
isolated nodes			0
self-loops			0
density				0.004527
clustering coefficient		0.484121
min/max/avg degree		5, 390, 22.627325
degree assortativity		0.186473
number of connected components	1
size of largest component	4999 (100.00 %)
tot:  7672.675002855133
__glove+Louvain__
PLM(balanced,pc,turbo) detected communities in 0.3150510787963867 [s]
solution properties:
-------------------  ----------
# communities         33
min community size     6
max community size   476
avg. community size  151.485
modularity             0.690623
-------------------  ----------
45 community detected
NMI:0.023910088126389284
ARM:0.02216974001852845
__glove+PLP__
PLP detected communities in 0.07798552513122559 [s]
solution properties:
-------------------  ----------
# communities         45
min community size     6
max community size   477
avg. community size  111.089
modularity             0.690508
-------------------  ----------
45 community detected
NMI:0.009853540848230646
ARM:0.012316543632171717
__fake_pmi__
Network Properties for:		G#40cc
nodes, edges			4999, 56557
directed?			False
weighted?			True
isolated nodes			0
self-loops			0
density				0.004527
clustering coefficient		0.484121
min/max/avg degree		5, 390, 22.627325
degree assortativity		0.186473
number of connected components	1
size of largest component	4999 (100.00 %)
tot:  0.0
__fake_pmi+Louvain__
1 community detected due to total edge weight equal 0
NMI:1
ARM:0.012316543632171717
__fake_pmi+PLP__
1 community detected due to total edge weight equal 0
NMI:1
ARM:0.012316543632171717
__iterative_rev_degree_order__
Network Properties for:		G#53cc
nodes, edges			4999, 56557
directed?			False
weighted?			True
isolated nodes			0
self-loops			0
density				0.004527
clustering coefficient		0.484121
min/max/avg degree		5, 390, 22.627325
degree assortativity		0.186473
number of connected components	1
size of largest component	4999 (100.00 %)
tot:  1544.0182904671274
__iterative_rev_degree_order+Louvain__
PLM(balanced,pc,turbo) detected communities in 0.4666481018066406 [s]
solution properties:
-------------------  ----------
# communities         61
min community size     2
max community size   209
avg. community size   81.9508
modularity             0.864804
-------------------  ----------
45 community detected
NMI:0.6185235885361734
ARM:0.8652566231745222
__iterative_rev_degree_order+PLP__
PLP detected communities in 0.08241891860961914 [s]
solution properties:
-------------------  -----------
# communities        1483
min community size      2
max community size     13
avg. community size     3.37087
modularity              0.733559
-------------------  -----------
45 community detected
NMI:0.5012515150524366
ARM:0.9890630891971172
__pmi__
Network Properties for:		G#78cc
nodes, edges			4999, 56557
directed?			False
weighted?			True
isolated nodes			0
self-loops			0
density				0.004527
clustering coefficient		0.484121
min/max/avg degree		5, 390, 22.627325
degree assortativity		0.186473
number of connected components	1
size of largest component	4999 (100.00 %)
tot:  109510.88671241463
__pmi+Louvain__
PLM(balanced,pc,turbo) detected communities in 0.3424825668334961 [s]
solution properties:
-------------------  ---------
# communities         41
min community size     7
max community size   791
avg. community size  121.927
modularity             1.21212
-------------------  ---------
45 community detected
NMI:0.1546966200762393
ARM:0.331440951531047
__pmi+PLP__
PLP detected communities in 0.11750459671020508 [s]
solution properties:
-------------------  ---------
# communities         50
min community size     2
max community size   792
avg. community size   99.98
modularity             1.20654
-------------------  ---------
45 community detected
NMI:0.13196891632695662
ARM:0.26037955098223964
__standard__
Network Properties for:		G#97cc
nodes, edges			4999, 56557
directed?			False
weighted?			True
isolated nodes			0
self-loops			0
density				0.004527
clustering coefficient		0.484121
min/max/avg degree		5, 390, 22.627325
degree assortativity		0.186473
number of connected components	1
size of largest component	4999 (100.00 %)
tot:  12.31619670018919
__standard+Louvain__
PLM(balanced,pc,turbo) detected communities in 0.6961672306060791 [s]
solution properties:
-------------------  -----------
# communities          41
min community size      2
max community size   1471
avg. community size   121.927
modularity              0.914222
-------------------  -----------
45 community detected
NMI:0.419805166655994
ARM:0.7139751521553241
__standard+PLP__
PLP detected communities in 0.19268178939819336 [s]
solution properties:
-------------------  ----------
# communities        769
min community size     2
max community size   207
avg. community size    6.50065
modularity             0.815762
-------------------  ----------
45 community detected
NMI:0.42104095324555246
ARM:0.7379268466923846
__ppmi__
Network Properties for:		G#119cc
nodes, edges			4999, 56557
directed?			False
weighted?			True
isolated nodes			0
self-loops			0
density				0.004527
clustering coefficient		0.484121
min/max/avg degree		5, 390, 22.627325
degree assortativity		0.186473
number of connected components	1
size of largest component	4999 (100.00 %)
tot:  190543.44768572418
__ppmi+Louvain__
PLM(balanced,pc,turbo) detected communities in 0.41848158836364746 [s]
solution properties:
-------------------  ----------
# communities         34
min community size     7
max community size   465
avg. community size  147.029
modularity             0.776867
-------------------  ----------
45 community detected
NMI:0.025982969612255102
ARM:0.026987584896842276
__ppmi+PLP__
PLP detected communities in 0.09797430038452148 [s]
solution properties:
-------------------  ----------
# communities         45
min community size     2
max community size   898
avg. community size  111.089
modularity             0.772783
-------------------  ----------
45 community detected
NMI:0.029799384611641444
ARM:0.14476568319374616
__glovexmax50alpha0.2__
Network Properties for:		G#138cc
nodes, edges			4999, 56557
directed?			False
weighted?			True
isolated nodes			0
self-loops			0
density				0.004527
clustering coefficient		0.484121
min/max/avg degree		5, 390, 22.627325
degree assortativity		0.186473
number of connected components	1
size of largest component	4999 (100.00 %)
tot:  30603.289608275132
__glovexmax50alpha0.2+Louvain__
PLM(balanced,pc,turbo) detected communities in 0.3975555896759033 [s]
solution properties:
-------------------  ----------
# communities         33
min community size     7
max community size   473
avg. community size  151.485
modularity             0.744417
-------------------  ----------
45 community detected
NMI:0.013132269251365014
ARM:0.009838846098811027
__glovexmax50alpha0.2+PLP__
PLP detected communities in 0.08461284637451172 [s]
solution properties:
-------------------  ----------
# communities         45
min community size     6
max community size   473
avg. community size  111.089
modularity             0.744299
-------------------  ----------
45 community detected
NMI:0.0
ARM:0.0
__glovexmax40alpha0.2__
Network Properties for:		G#157cc
nodes, edges			4999, 56557
directed?			False
weighted?			True
isolated nodes			0
self-loops			0
density				0.004527
clustering coefficient		0.484121
min/max/avg degree		5, 390, 22.627325
degree assortativity		0.186473
number of connected components	1
size of largest component	4999 (100.00 %)
tot:  31913.575881315206
__glovexmax40alpha0.2+Louvain__
PLM(balanced,pc,turbo) detected communities in 0.37277913093566895 [s]
solution properties:
-------------------  ----------
# communities         34
min community size     6
max community size   473
avg. community size  147.029
modularity             0.745012
-------------------  ----------
45 community detected
NMI:0.012139711239285589
ARM:0.008290552701012754
__glovexmax40alpha0.2+PLP__
PLP detected communities in 0.09224510192871094 [s]
solution properties:
-------------------  ----------
# communities         45
min community size     6
max community size   473
avg. community size  111.089
modularity             0.744891
-------------------  ----------
45 community detected
NMI:0.0
ARM:0.0
__glovexmax30alpha0.3__
Network Properties for:		G#176cc
nodes, edges			4999, 56557
directed?			False
weighted?			True
isolated nodes			0
self-loops			0
density				0.004527
clustering coefficient		0.484121
min/max/avg degree		5, 390, 22.627325
degree assortativity		0.186473
number of connected components	1
size of largest component	4999 (100.00 %)
tot:  28319.426315684
__glovexmax30alpha0.3+Louvain__
PLM(balanced,pc,turbo) detected communities in 0.3030567169189453 [s]
solution properties:
-------------------  ----------
# communities         29
min community size     7
max community size   474
avg. community size  172.379
modularity             0.742252
-------------------  ----------
45 community detected
NMI:0.0181424908532013
ARM:0.01413244443647943
__glovexmax30alpha0.3+PLP__
PLP detected communities in 0.09137344360351562 [s]
solution properties:
-------------------  ---------
# communities         45
min community size     6
max community size   474
avg. community size  111.089
modularity             0.74217
-------------------  ---------
45 community detected
NMI:0.000453123973539471
ARM:0.000683953690666983
