__LOADINGS__
Network Properties for:		network
nodes, edges			5000, 41963
directed?			False
weighted?			True
isolated nodes			2
self-loops			0
density				0.003358
clustering coefficient		0.424569
min/max/avg degree		0, 84, 16.785200
degree assortativity		0.345729
number of connected components	3
size of largest component	4998 (99.96 %)
235448.77397713254
__Groundtruth__
read communities from: ../../lfr_5000/mk100/k20/muw0.2/23/community.dat
-------------------  ----------
# communities        104
min community size    20
max community size    99
avg. community size   48.0769
modularity             0.812683
-------------------  ----------
104 community detected
__CLASSIC_METHODS__
__Louvain__
PLM(balanced,pc,turbo) detected communities in 0.4885735511779785 [s]
solution properties:
-------------------  ----------
# communities         60
min community size     1
max community size   145
avg. community size   83.3333
modularity             0.813648
-------------------  ----------
104 community detected
NMI:0.060641610551034675
ARM:0.22449766670523352
__Singleton__
104 community detected
NMI:0.304781495540172
ARM:1.0
__AllInOne__
104 community detected
NMI:1.0
ARM:1.0
__PLP__
PLP detected communities in 0.09943318367004395 [s]
solution properties:
-------------------  ----------
# communities        106
min community size     1
max community size    99
avg. community size   47.1698
modularity             0.813259
-------------------  ----------
104 community detected
NMI:0.0016588078780046533
ARM:0.0040000000000000036
__NORMALIZATION__
__glove__
Network Properties for:		G#21cc
nodes, edges			4998, 41963
directed?			False
weighted?			True
isolated nodes			0
self-loops			0
density				0.003360
clustering coefficient		0.424739
min/max/avg degree		1, 84, 16.791917
degree assortativity		0.345729
number of connected components	1
size of largest component	4998 (100.00 %)
tot:  4590.192734666051
__glove+Louvain__
PLM(balanced,pc,turbo) detected communities in 0.3788571357727051 [s]
solution properties:
-------------------  ----------
# communities         59
min community size    44
max community size   136
avg. community size   84.7119
modularity             0.817774
-------------------  ----------
104 community detected
NMI:0.05844863697659464
ARM:0.21809126740533136
__glove+PLP__
PLP detected communities in 0.1325531005859375 [s]
solution properties:
-------------------  ----------
# communities        105
min community size    11
max community size    99
avg. community size   47.6
modularity             0.817215
-------------------  ----------
104 community detected
NMI:0.001995007751347644
ARM:0.0044261487580044
__fake_pmi__
Network Properties for:		G#40cc
nodes, edges			4998, 41963
directed?			False
weighted?			True
isolated nodes			0
self-loops			0
density				0.003360
clustering coefficient		0.424739
min/max/avg degree		1, 84, 16.791917
degree assortativity		0.345729
number of connected components	1
size of largest component	4998 (100.00 %)
tot:  0.0
__fake_pmi+Louvain__
1 community detected due to total edge weight equal 0
NMI:1
ARM:0.0044261487580044
__fake_pmi+PLP__
1 community detected due to total edge weight equal 0
NMI:1
ARM:0.0044261487580044
__iterative_rev_degree_order__
Network Properties for:		G#53cc
nodes, edges			4998, 41963
directed?			False
weighted?			True
isolated nodes			0
self-loops			0
density				0.003360
clustering coefficient		0.424739
min/max/avg degree		1, 84, 16.791917
degree assortativity		0.345729
number of connected components	1
size of largest component	4998 (100.00 %)
tot:  1405.3228766642994
__iterative_rev_degree_order+Louvain__
PLM(balanced,pc,turbo) detected communities in 0.5904791355133057 [s]
solution properties:
-------------------  ----------
# communities         59
min community size    32
max community size   158
avg. community size   84.7119
modularity             0.823896
-------------------  ----------
104 community detected
NMI:0.36707868777149877
ARM:0.6849931362875896
__iterative_rev_degree_order+PLP__
PLP detected communities in 0.10348176956176758 [s]
solution properties:
-------------------  -----------
# communities        1344
min community size      2
max community size     14
avg. community size     3.71875
modularity              0.642232
-------------------  -----------
104 community detected
NMI:0.3005591991241825
ARM:0.9281725739140657
__pmi__
Network Properties for:		G#78cc
nodes, edges			4998, 41963
directed?			False
weighted?			True
isolated nodes			0
self-loops			0
density				0.003360
clustering coefficient		0.424739
min/max/avg degree		1, 84, 16.791917
degree assortativity		0.345729
number of connected components	1
size of largest component	4998 (100.00 %)
tot:  247446.5494809843
__pmi+Louvain__
PLM(balanced,pc,turbo) detected communities in 0.25868773460388184 [s]
solution properties:
-------------------  ----------
# communities         56
min community size    63
max community size   140
avg. community size   89.25
modularity             0.822562
-------------------  ----------
104 community detected
NMI:0.06383172920298086
ARM:0.23374751748318423
__pmi+PLP__
PLP detected communities in 0.1134490966796875 [s]
solution properties:
-------------------  ----------
# communities        105
min community size     9
max community size    98
avg. community size   47.6
modularity             0.823847
-------------------  ----------
104 community detected
NMI:0.001940910533384299
ARM:0.004204563446686516
__standard__
Network Properties for:		G#97cc
nodes, edges			4998, 41963
directed?			False
weighted?			True
isolated nodes			0
self-loops			0
density				0.003360
clustering coefficient		0.424739
min/max/avg degree		1, 84, 16.791917
degree assortativity		0.345729
number of connected components	1
size of largest component	4998 (100.00 %)
tot:  24.441991562147226
__standard+Louvain__
PLM(balanced,pc,turbo) detected communities in 0.6484935283660889 [s]
solution properties:
-------------------  ----------
# communities         62
min community size    23
max community size   222
avg. community size   80.6129
modularity             0.837989
-------------------  ----------
104 community detected
NMI:0.1414201646245734
ARM:0.4103643902463364
__standard+PLP__
PLP detected communities in 0.1113438606262207 [s]
solution properties:
-------------------  ---------
# communities        252
min community size     1
max community size    81
avg. community size   19.8333
modularity             0.80491
-------------------  ---------
104 community detected
NMI:0.0892923854639992
ARM:0.1907063313313313
__ppmi__
Network Properties for:		G#119cc
nodes, edges			4998, 41963
directed?			False
weighted?			True
isolated nodes			0
self-loops			0
density				0.003360
clustering coefficient		0.424739
min/max/avg degree		1, 84, 16.791917
degree assortativity		0.345729
number of connected components	1
size of largest component	4998 (100.00 %)
tot:  251611.3216002954
__ppmi+Louvain__
PLM(balanced,pc,turbo) detected communities in 0.3554842472076416 [s]
solution properties:
-------------------  ---------
# communities        75
min community size   32
max community size   98
avg. community size  66.64
modularity            0.821931
-------------------  ---------
104 community detected
NMI:0.02994697009495928
ARM:0.09909617051654684
__ppmi+PLP__
PLP detected communities in 0.11653709411621094 [s]
solution properties:
-------------------  ----------
# communities        104
min community size    20
max community size    98
avg. community size   48.0577
modularity             0.821921
-------------------  ----------
104 community detected
NMI:0.0014016671519945234
ARM:0.0033061804471081757
__glovexmax50alpha0.2__
Network Properties for:		G#138cc
nodes, edges			4998, 41963
directed?			False
weighted?			True
isolated nodes			0
self-loops			0
density				0.003360
clustering coefficient		0.424739
min/max/avg degree		1, 84, 16.791917
degree assortativity		0.345729
number of connected components	1
size of largest component	4998 (100.00 %)
tot:  25455.872185876706
__glovexmax50alpha0.2+Louvain__
PLM(balanced,pc,turbo) detected communities in 0.34613800048828125 [s]
solution properties:
-------------------  ----------
# communities         72
min community size    38
max community size   110
avg. community size   69.4167
modularity             0.818838
-------------------  ----------
104 community detected
NMI:0.03423608996420613
ARM:0.1175985712323121
__glovexmax50alpha0.2+PLP__
PLP detected communities in 0.12484598159790039 [s]
solution properties:
-------------------  ---------
# communities        104
min community size    20
max community size    98
avg. community size   48.0577
modularity             0.81866
-------------------  ---------
104 community detected
NMI:0.0011957835744381695
ARM:0.002965146340348168
__glovexmax40alpha0.2__
Network Properties for:		G#157cc
nodes, edges			4998, 41963
directed?			False
weighted?			True
isolated nodes			0
self-loops			0
density				0.003360
clustering coefficient		0.424739
min/max/avg degree		1, 84, 16.791917
degree assortativity		0.345729
number of connected components	1
size of largest component	4998 (100.00 %)
tot:  26617.666803260603
__glovexmax40alpha0.2+Louvain__
PLM(balanced,pc,turbo) detected communities in 0.37518954277038574 [s]
solution properties:
-------------------  ----------
# communities         62
min community size    42
max community size   116
avg. community size   80.6129
modularity             0.818249
-------------------  ----------
104 community detected
NMI:0.0513965041627753
ARM:0.18691268104345615
__glovexmax40alpha0.2+PLP__
PLP detected communities in 0.07535076141357422 [s]
solution properties:
-------------------  -------
# communities        105
min community size    11
max community size    98
avg. community size   47.6
modularity             0.818
-------------------  -------
104 community detected
NMI:0.0015314071282118702
ARM:0.003392144581365719
__glovexmax30alpha0.3__
Network Properties for:		G#176cc
nodes, edges			4998, 41963
directed?			False
weighted?			True
isolated nodes			0
self-loops			0
density				0.003360
clustering coefficient		0.424739
min/max/avg degree		1, 84, 16.791917
degree assortativity		0.345729
number of connected components	1
size of largest component	4998 (100.00 %)
tot:  23546.373937688262
__glovexmax30alpha0.3+Louvain__
PLM(balanced,pc,turbo) detected communities in 0.42806339263916016 [s]
solution properties:
-------------------  ----------
# communities         57
min community size    46
max community size   127
avg. community size   87.6842
modularity             0.819602
-------------------  ----------
104 community detected
NMI:0.06154770284450872
ARM:0.226827024726444
__glovexmax30alpha0.3+PLP__
PLP detected communities in 0.06806278228759766 [s]
solution properties:
-------------------  ---------
# communities        105
min community size     9
max community size    98
avg. community size   47.6
modularity             0.81971
-------------------  ---------
104 community detected
NMI:0.0014987012149998424
ARM:0.0033144739064346895
