__LOADINGS__
Network Properties for:		network
nodes, edges			5000, 56635
directed?			False
weighted?			True
isolated nodes			0
self-loops			0
density				0.004532
clustering coefficient		0.189019
min/max/avg degree		6, 464, 22.654000
degree assortativity		0.264216
number of connected components	1
size of largest component	5000 (100.00 %)
488175.79734869
__Groundtruth__
read communities from: ../../lfr_5000/mk100/k20/muw0.4/27/community.dat
-------------------  ----------
# communities        104
min community size    20
max community size    99
avg. community size   48.0769
modularity             0.278758
-------------------  ----------
104 community detected
5 features on 56635 samples
Trainning set:45308 samples
Testing set:11327 samples
             precision    recall  f1-score   support

          0       0.85      0.61      0.71      6247
          1       0.64      0.87      0.74      5080

avg / total       0.76      0.73      0.72     11327

Confusion matrix:
[[3790 2457]
 [ 655 4425]]
Importance of features:
[0.18116684 0.2553736  0.1555783  0.16376664 0.24411464]
