__LOADINGS__
Network Properties for:		network
nodes, edges			5000, 56252
directed?			False
weighted?			True
isolated nodes			0
self-loops			0
density				0.004501
clustering coefficient		0.447707
min/max/avg degree		2, 87, 22.500800
degree assortativity		0.409931
number of connected components	1
size of largest component	5000 (100.00 %)
337213.31007433764
__Groundtruth__
read communities from: ../../lfr_5000/mk100/k25/muw0.2/41/community.dat
-------------------  ----------
# communities        104
min community size    20
max community size    99
avg. community size   48.0769
modularity             0.817437
-------------------  ----------
104 community detected
5 features on 56252 samples
Trainning set:45001 samples
Testing set:11251 samples
             precision    recall  f1-score   support

          0       0.69      0.11      0.18      1913
          1       0.84      0.99      0.91      9338

avg / total       0.82      0.84      0.79     11251

Confusion matrix:
[[ 202 1711]
 [  92 9246]]
Importance of features:
[0.15974283 0.20623146 0.19732937 0.25222552 0.18447082]
