__LOADINGS__
4994/32649 15.296027443413273 % of nul weighted edges removed
0/5000 0.0 % of nul degree nodes removed
Network Properties for:		network
nodes, edges			5000, 27655
directed?			False
weighted?			True
isolated nodes			0
self-loops			0
density				0.002213
clustering coefficient		0.205761
min/max/avg degree		1, 286, 11.062000
degree assortativity		0.306133
number of connected components	2
size of largest component	4997 (99.94 %)
238041.44501592824
__Groundtruth__
read communities from: ../../lfr_5000/mk500/k15/muw0.4/4/community.dat
-------------------  ----------
# communities         53
min community size     3
max community size   469
avg. community size   94.3396
modularity             0.409189
-------------------  ----------
53 community detected
__CLASSIC_METHODS__
__Louvain__
PLM(balanced,pc,turbo) detected communities in 0.5876984596252441 [s]
solution properties:
-------------------  ----------
# communities         18
min community size     2
max community size   565
avg. community size  277.778
modularity             0.426136
-------------------  ----------
53 community detected
NMI:0.4211823765327958
ARI:0.4929039456020695
__Singleton__
53 community detected
NMI:0.45522622314942107
ARI:1.0
__AllInOne__
53 community detected
NMI:1.0
ARI:1.0
__PLP__
PLP detected communities in 0.18960881233215332 [s]
solution properties:
-------------------  -----------
# communities          68
min community size      2
max community size   1452
avg. community size    73.5294
modularity              0.390377
-------------------  -----------
53 community detected
NMI:0.40809693240871714
ARI:0.6439388696292287
__NORMALIZATION__
__glove__
Network Properties for:		G#24
nodes, edges			5000, 27655
directed?			False
weighted?			True
isolated nodes			0
self-loops			0
density				0.002213
clustering coefficient		0.205761
min/max/avg degree		1, 286, 11.062000
degree assortativity		0.306133
number of connected components	2
size of largest component	4997 (99.94 %)
tot:  3433.471805995347
__glove+Louvain__
PLM(balanced,pc,turbo) detected communities in 0.3876991271972656 [s]
solution properties:
-------------------  ----------
# communities         21
min community size     3
max community size   537
avg. community size  238.095
modularity             0.468729
-------------------  ----------
53 community detected
NMI:0.35847361822307877
ARI:0.42350845575137785
__glove+PLP__
PLP detected communities in 0.2224738597869873 [s]
solution properties:
-------------------  -----------
# communities          71
min community size      1
max community size   1540
avg. community size    70.4225
modularity              0.419052
-------------------  -----------
53 community detected
NMI:0.39007742006138124
ARI:0.6558781974000754
__fake_pmi__
Network Properties for:		G#36
nodes, edges			5000, 27655
directed?			False
weighted?			True
isolated nodes			0
self-loops			0
density				0.002213
clustering coefficient		0.205761
min/max/avg degree		1, 286, 11.062000
degree assortativity		0.306133
number of connected components	2
size of largest component	4997 (99.94 %)
tot:  0.0
__fake_pmi+Louvain__
1 community detected due to total edge weight equal 0
NMI:1
ARI:1
__fake_pmi+PLP__
1 community detected due to total edge weight equal 0
NMI:1
ARI:1
__iterative_rev_degree_order__
Network Properties for:		G#39
nodes, edges			5000, 27655
directed?			False
weighted?			True
isolated nodes			0
self-loops			0
density				0.002213
clustering coefficient		0.205761
min/max/avg degree		1, 286, 11.062000
degree assortativity		0.306133
number of connected components	2
size of largest component	4997 (99.94 %)
tot:  1451.3078405405195
__iterative_rev_degree_order+Louvain__
PLM(balanced,pc,turbo) detected communities in 0.6999526023864746 [s]
solution properties:
-------------------  ----------
# communities        107
min community size     2
max community size   100
avg. community size   46.729
modularity             0.918977
-------------------  ----------
53 community detected
NMI:0.7285677899192866
ARI:0.9700135725684967
__iterative_rev_degree_order+PLP__
PLP detected communities in 0.08812379837036133 [s]
solution properties:
-------------------  -----------
# communities        1498
min community size      2
max community size     16
avg. community size     3.33778
modularity              0.822851
-------------------  -----------
53 community detected
NMI:0.5142038716692688
ARI:0.990454728160003
__pmi__
Network Properties for:		G#54
nodes, edges			5000, 27655
directed?			False
weighted?			True
isolated nodes			0
self-loops			0
density				0.002213
clustering coefficient		0.205761
min/max/avg degree		1, 286, 11.062000
degree assortativity		0.306133
number of connected components	2
size of largest component	4997 (99.94 %)
tot:  41601.523785995116
__pmi+Louvain__
PLM(balanced,pc,turbo) detected communities in 0.7002213001251221 [s]
solution properties:
-------------------  ---------
# communities         32
min community size     3
max community size   436
avg. community size  156.25
modularity             1.43126
-------------------  ---------
53 community detected
NMI:0.6300808579880235
ARI:0.8355503944763865
__pmi+PLP__
PLP detected communities in 0.20334243774414062 [s]
solution properties:
-------------------  ----------
# communities        1057
min community size      2
max community size    168
avg. community size     4.73037
modularity              1.06306
-------------------  ----------
53 community detected
NMI:0.495448897572077
ARI:0.9231664283345205
__standard__
Network Properties for:		G#69
nodes, edges			5000, 27655
directed?			False
weighted?			True
isolated nodes			0
self-loops			0
density				0.002213
clustering coefficient		0.205761
min/max/avg degree		1, 286, 11.062000
degree assortativity		0.306133
number of connected components	2
size of largest component	4997 (99.94 %)
tot:  50.898635516001555
__standard+Louvain__
PLM(balanced,pc,turbo) detected communities in 0.6912782192230225 [s]
solution properties:
-------------------  ----------
# communities        149
min community size     2
max community size   548
avg. community size   33.557
modularity             0.947921
-------------------  ----------
53 community detected
NMI:0.6414267640333167
ARI:0.8950740829250806
__standard+PLP__
PLP detected communities in 0.11348915100097656 [s]
solution properties:
-------------------  -----------
# communities        1292
min community size      2
max community size     42
avg. community size     3.86997
modularity              0.862647
-------------------  -----------
53 community detected
NMI:0.5093820567104033
ARI:0.9809874642938469
__ppmi__
Network Properties for:		G#84
nodes, edges			5000, 27655
directed?			False
weighted?			True
isolated nodes			0
self-loops			0
density				0.002213
clustering coefficient		0.205761
min/max/avg degree		1, 286, 11.062000
degree assortativity		0.306133
number of connected components	2
size of largest component	4997 (99.94 %)
tot:  102264.21935459219
__ppmi+Louvain__
PLM(balanced,pc,turbo) detected communities in 0.633873701095581 [s]
solution properties:
-------------------  ----------
# communities         36
min community size     3
max community size   366
avg. community size  138.889
modularity             0.614002
-------------------  ----------
53 community detected
NMI:0.49885743187154696
ARI:0.653722350716777
__ppmi+PLP__
PLP detected communities in 0.2280898094177246 [s]
solution properties:
-------------------  ----------
# communities        987
min community size     1
max community size   176
avg. community size    5.06586
modularity             0.457658
-------------------  ----------
53 community detected
NMI:0.4914918569660994
ARI:0.900873044024046
__glovexmax50alpha0.2__
Network Properties for:		G#96
nodes, edges			5000, 27655
directed?			False
weighted?			True
isolated nodes			0
self-loops			0
density				0.002213
clustering coefficient		0.205761
min/max/avg degree		1, 286, 11.062000
degree assortativity		0.306133
number of connected components	2
size of largest component	4997 (99.94 %)
tot:  14019.457612784285
__glovexmax50alpha0.2+Louvain__
PLM(balanced,pc,turbo) detected communities in 0.40378451347351074 [s]
solution properties:
-------------------  ----------
# communities         24
min community size     3
max community size   453
avg. community size  208.333
modularity             0.542326
-------------------  ----------
53 community detected
NMI:0.2575422097450838
ARI:0.29291604612764566
__glovexmax50alpha0.2+PLP__
PLP detected communities in 0.06149578094482422 [s]
solution properties:
-------------------  -----------
# communities          85
min community size      1
max community size   1110
avg. community size    58.8235
modularity              0.522171
-------------------  -----------
53 community detected
NMI:0.2633223069144168
ARI:0.45281256134415493
__glovexmax40alpha0.2__
Network Properties for:		G#105
nodes, edges			5000, 27655
directed?			False
weighted?			True
isolated nodes			0
self-loops			0
density				0.002213
clustering coefficient		0.205761
min/max/avg degree		1, 286, 11.062000
degree assortativity		0.306133
number of connected components	2
size of largest component	4997 (99.94 %)
tot:  14624.229298653228
__glovexmax40alpha0.2+Louvain__
PLM(balanced,pc,turbo) detected communities in 0.015382528305053711 [s]
solution properties:
-------------------  ----------
# communities         19
min community size     3
max community size   456
avg. community size  263.158
modularity             0.541035
-------------------  ----------
53 community detected
NMI:0.2944560002055876
ARI:0.34091315560222235
__glovexmax40alpha0.2+PLP__
PLP detected communities in 0.002298593521118164 [s]
solution properties:
-------------------  ----------
# communities         84
min community size     1
max community size   675
avg. community size   59.5238
modularity             0.535331
-------------------  ----------
53 community detected
NMI:0.2476623130626876
ARI:0.3386391859794484
__glovexmax30alpha0.3__
Network Properties for:		G#114
nodes, edges			5000, 27655
directed?			False
weighted?			True
isolated nodes			0
self-loops			0
density				0.002213
clustering coefficient		0.205761
min/max/avg degree		1, 286, 11.062000
degree assortativity		0.306133
number of connected components	2
size of largest component	4997 (99.94 %)
tot:  12926.175814719498
__glovexmax30alpha0.3+Louvain__
PLM(balanced,pc,turbo) detected communities in 0.011585712432861328 [s]
solution properties:
-------------------  ----------
# communities         18
min community size     3
max community size   511
avg. community size  277.778
modularity             0.534585
-------------------  ----------
53 community detected
NMI:0.312642275635453
ARI:0.3683868553520727
__glovexmax30alpha0.3+PLP__
PLP detected communities in 0.002004861831665039 [s]
solution properties:
-------------------  ----------
# communities         88
min community size     1
max community size   674
avg. community size   56.8182
modularity             0.526731
-------------------  ----------
53 community detected
NMI:0.2650543682760722
ARI:0.3625692204315596
NMI classement:
[('NMIglovexmax40alpha0.2+PLP', 0.2476623130626876), ('NMIglovexmax50alpha0.2+Louvain', 0.2575422097450838), ('NMIglovexmax50alpha0.2+PLP', 0.2633223069144168), ('NMIglovexmax30alpha0.3+PLP', 0.2650543682760722), ('NMIglovexmax40alpha0.2+Louvain', 0.2944560002055876), ('NMIglovexmax30alpha0.3+Louvain', 0.312642275635453), ('NMIglove+Louvain', 0.35847361822307877), ('NMIglove+PLP', 0.39007742006138124), ('NMIPLP', 0.40809693240871714), ('NMILouvain', 0.4211823765327958), ('NMISingleton', 0.45522622314942107), ('NMIppmi+PLP', 0.4914918569660994), ('NMIpmi+PLP', 0.495448897572077), ('NMIppmi+Louvain', 0.49885743187154696), ('NMIstandard+PLP', 0.5093820567104033), ('NMIiterative_rev_degree_order+PLP', 0.5142038716692688), ('NMIpmi+Louvain', 0.6300808579880235), ('NMIstandard+Louvain', 0.6414267640333167), ('NMIiterative_rev_degree_order+Louvain', 0.7285677899192866), ('NMIAllInOne', 1.0), ('NMIfake_pmi+Louvain', 1), ('NMIfake_pmi+PLP', 1)]
ARI classement:
[('ARIglovexmax50alpha0.2+Louvain', 0.29291604612764566), ('ARIglovexmax40alpha0.2+PLP', 0.3386391859794484), ('ARIglovexmax40alpha0.2+Louvain', 0.34091315560222235), ('ARIglovexmax30alpha0.3+PLP', 0.3625692204315596), ('ARIglovexmax30alpha0.3+Louvain', 0.3683868553520727), ('ARIglove+Louvain', 0.42350845575137785), ('ARIglovexmax50alpha0.2+PLP', 0.45281256134415493), ('ARILouvain', 0.4929039456020695), ('ARIPLP', 0.6439388696292287), ('ARIppmi+Louvain', 0.653722350716777), ('ARIglove+PLP', 0.6558781974000754), ('ARIpmi+Louvain', 0.8355503944763865), ('ARIstandard+Louvain', 0.8950740829250806), ('ARIppmi+PLP', 0.900873044024046), ('ARIpmi+PLP', 0.9231664283345205), ('ARIiterative_rev_degree_order+Louvain', 0.9700135725684967), ('ARIstandard+PLP', 0.9809874642938469), ('ARIiterative_rev_degree_order+PLP', 0.990454728160003), ('ARISingleton', 1.0), ('ARIAllInOne', 1.0), ('ARIfake_pmi+Louvain', 1), ('ARIfake_pmi+PLP', 1)]
