__LOADINGS__
Network Properties for:		network
nodes, edges			5000, 47394
directed?			False
weighted?			True
isolated nodes			0
self-loops			0
density				0.003792
clustering coefficient		0.460965
min/max/avg degree		1, 386, 18.957600
degree assortativity		0.195578
number of connected components	8
size of largest component	4962 (99.24 %)
425748.560164296
__Groundtruth__
read communities from: ../../lfr_5000/mk500/k20/muw0.2/16/community.dat
-------------------  ----------
# communities         46
min community size     5
max community size   472
avg. community size  108.696
modularity             0.636866
-------------------  ----------
46 community detected
__CLASSIC_METHODS__
__Louvain__
PLM(balanced,pc,turbo) detected communities in 0.397777795791626 [s]
solution properties:
-------------------  ----------
# communities         33
min community size     5
max community size   483
avg. community size  151.515
modularity             0.638253
-------------------  ----------
46 community detected
NMI:0.050495357570840005
ARM:0.052640328707362904
__Singleton__
46 community detected
NMI:0.4646126258031138
ARM:1.0
__AllInOne__
46 community detected
NMI:1.0
ARM:1.0
__PLP__
PLP detected communities in 0.10152053833007812 [s]
solution properties:
-------------------  ----------
# communities         46
min community size     5
max community size   487
avg. community size  108.696
modularity             0.638115
-------------------  ----------
46 community detected
NMI:0.031471395155221016
ARM:0.04029726346848039
__NORMALIZATION__
__glove__
Network Properties for:		G#21cc
nodes, edges			4962, 47316
directed?			False
weighted?			True
isolated nodes			0
self-loops			0
density				0.003844
clustering coefficient		0.457617
min/max/avg degree		1, 386, 19.071342
degree assortativity		0.194487
number of connected components	1
size of largest component	4962 (100.00 %)
tot:  6233.094421880828
__glove+Louvain__
PLM(balanced,pc,turbo) detected communities in 0.4011085033416748 [s]
solution properties:
-------------------  ----------
# communities         29
min community size     8
max community size   480
avg. community size  171.103
modularity             0.676619
-------------------  ----------
46 community detected
NMI:0.9614578483336758
ARM:0.9988842855119217
__glove+PLP__
PLP detected communities in 0.10325884819030762 [s]
solution properties:
-------------------  ----------
# communities         39
min community size     6
max community size   482
avg. community size  127.231
modularity             0.676466
-------------------  ----------
46 community detected
NMI:0.9532505331590522
ARM:0.9987489268114834
__fake_pmi__
Network Properties for:		G#40cc
nodes, edges			4962, 47316
directed?			False
weighted?			True
isolated nodes			0
self-loops			0
density				0.003844
clustering coefficient		0.457617
min/max/avg degree		1, 386, 19.071342
degree assortativity		0.194487
number of connected components	1
size of largest component	4962 (100.00 %)
tot:  0.0
__fake_pmi+Louvain__
1 community detected due to total edge weight equal 0
NMI:1
ARM:0.9987489268114834
__fake_pmi+PLP__
1 community detected due to total edge weight equal 0
NMI:1
ARM:0.9987489268114834
__iterative_rev_degree_order__
Network Properties for:		G#53cc
nodes, edges			4962, 47316
directed?			False
weighted?			True
isolated nodes			0
self-loops			0
density				0.003844
clustering coefficient		0.457617
min/max/avg degree		1, 386, 19.071342
degree assortativity		0.194487
number of connected components	1
size of largest component	4962 (100.00 %)
tot:  1578.4555533511389
__iterative_rev_degree_order+Louvain__
PLM(balanced,pc,turbo) detected communities in 0.7983505725860596 [s]
solution properties:
-------------------  ----------
# communities         77
min community size     2
max community size   207
avg. community size   64.4416
modularity             0.881935
-------------------  ----------
46 community detected
NMI:0.927823418830186
ARM:1.0003269028291955
__iterative_rev_degree_order+PLP__
PLP detected communities in 0.12378644943237305 [s]
solution properties:
-------------------  -----------
# communities        1449
min community size      2
max community size     20
avg. community size     3.42443
modularity              0.757823
-------------------  -----------
46 community detected
NMI:0.629992403183459
ARM:0.9999667030620697
__pmi__
Network Properties for:		G#78cc
nodes, edges			4962, 47316
directed?			False
weighted?			True
isolated nodes			0
self-loops			0
density				0.003844
clustering coefficient		0.457617
min/max/avg degree		1, 386, 19.071342
degree assortativity		0.194487
number of connected components	1
size of largest component	4962 (100.00 %)
tot:  79303.3176285321
__pmi+Louvain__
PLM(balanced,pc,turbo) detected communities in 0.47516727447509766 [s]
solution properties:
-------------------  --------
# communities         34
min community size     8
max community size   666
avg. community size  145.941
modularity             1.3521
-------------------  --------
46 community detected
NMI:0.9553934923532927
ARM:0.9991008158118302
__pmi+PLP__
PLP detected communities in 0.2408125400543213 [s]
solution properties:
-------------------  ---------
# communities        100
min community size     2
max community size   715
avg. community size   49.62
modularity             1.33465
-------------------  ---------
46 community detected
NMI:0.9328380224993972
ARM:0.9997359903422612
__standard__
Network Properties for:		G#97cc
nodes, edges			4962, 47316
directed?			False
weighted?			True
isolated nodes			0
self-loops			0
density				0.003844
clustering coefficient		0.457617
min/max/avg degree		1, 386, 19.071342
degree assortativity		0.194487
number of connected components	1
size of largest component	4962 (100.00 %)
tot:  13.638498498007086
__standard+Louvain__
PLM(balanced,pc,turbo) detected communities in 0.743579626083374 [s]
solution properties:
-------------------  ----------
# communities         41
min community size     2
max community size   866
avg. community size  121.024
modularity             0.911522
-------------------  ----------
46 community detected
NMI:0.955733377918349
ARM:0.997743648921547
__standard+PLP__
PLP detected communities in 0.2037794589996338 [s]
solution properties:
-------------------  ----------
# communities        854
min community size     2
max community size   197
avg. community size    5.8103
modularity             0.770438
-------------------  ----------
46 community detected
NMI:0.7324711605691612
ARM:0.9997851772287862
__ppmi__
Network Properties for:		G#119cc
nodes, edges			4962, 47316
directed?			False
weighted?			True
isolated nodes			0
self-loops			0
density				0.003844
clustering coefficient		0.457617
min/max/avg degree		1, 386, 19.071342
degree assortativity		0.194487
number of connected components	1
size of largest component	4962 (100.00 %)
tot:  157501.65555459066
__ppmi+Louvain__
PLM(balanced,pc,turbo) detected communities in 0.43540120124816895 [s]
solution properties:
-------------------  ----------
# communities         28
min community size     9
max community size   468
avg. community size  177.214
modularity             0.769395
-------------------  ----------
46 community detected
NMI:0.960974914572626
ARM:0.99881441284681
__ppmi+PLP__
PLP detected communities in 0.15184521675109863 [s]
solution properties:
-------------------  ----------
# communities         44
min community size     2
max community size   750
avg. community size  112.773
modularity             0.771003
-------------------  ----------
46 community detected
NMI:0.9523679476995586
ARM:0.998537010774773
__glovexmax50alpha0.2__
Network Properties for:		G#138cc
nodes, edges			4962, 47316
directed?			False
weighted?			True
isolated nodes			0
self-loops			0
density				0.003844
clustering coefficient		0.457617
min/max/avg degree		1, 386, 19.071342
degree assortativity		0.194487
number of connected components	1
size of largest component	4962 (100.00 %)
tot:  24788.70748216339
__glovexmax50alpha0.2+Louvain__
PLM(balanced,pc,turbo) detected communities in 0.39052414894104004 [s]
solution properties:
-------------------  ----------
# communities         31
min community size     8
max community size   472
avg. community size  160.065
modularity             0.736506
-------------------  ----------
46 community detected
NMI:0.9593786170314709
ARM:0.9987907764418597
__glovexmax50alpha0.2+PLP__
PLP detected communities in 0.10358738899230957 [s]
solution properties:
-------------------  ----------
# communities         39
min community size     6
max community size   472
avg. community size  127.231
modularity             0.736404
-------------------  ----------
46 community detected
NMI:0.9531576617965699
ARM:0.9987346312569648
__glovexmax40alpha0.2__
Network Properties for:		G#157cc
nodes, edges			4962, 47316
directed?			False
weighted?			True
isolated nodes			0
self-loops			0
density				0.003844
clustering coefficient		0.457617
min/max/avg degree		1, 386, 19.071342
degree assortativity		0.194487
number of connected components	1
size of largest component	4962 (100.00 %)
tot:  25839.903347894116
__glovexmax40alpha0.2+Louvain__
PLM(balanced,pc,turbo) detected communities in 0.3845822811126709 [s]
solution properties:
-------------------  ----------
# communities         30
min community size     8
max community size   472
avg. community size  165.4
modularity             0.737178
-------------------  ----------
46 community detected
NMI:0.9604551945437669
ARM:0.998803747963183
__glovexmax40alpha0.2+PLP__
PLP detected communities in 0.10797929763793945 [s]
solution properties:
-------------------  ---------
# communities         39
min community size     6
max community size   472
avg. community size  127.231
modularity             0.73709
-------------------  ---------
46 community detected
NMI:0.9531576617965699
ARM:0.9987346312569648
__glovexmax30alpha0.3__
Network Properties for:		G#176cc
nodes, edges			4962, 47316
directed?			False
weighted?			True
isolated nodes			0
self-loops			0
density				0.003844
clustering coefficient		0.457617
min/max/avg degree		1, 386, 19.071342
degree assortativity		0.194487
number of connected components	1
size of largest component	4962 (100.00 %)
tot:  22792.793028550455
__glovexmax30alpha0.3+Louvain__
PLM(balanced,pc,turbo) detected communities in 0.3775904178619385 [s]
solution properties:
-------------------  ----------
# communities         30
min community size     8
max community size   472
avg. community size  165.4
modularity             0.733727
-------------------  ----------
46 community detected
NMI:0.9601260698813416
ARM:0.9988020141412186
__glovexmax30alpha0.3+PLP__
PLP detected communities in 0.11569929122924805 [s]
solution properties:
-------------------  ----------
# communities         39
min community size     6
max community size   472
avg. community size  127.231
modularity             0.733622
-------------------  ----------
46 community detected
NMI:0.9531342994957402
ARM:0.9986934901341566
