__LOADINGS__
4993/38801 12.868225045746243 % of nul weighted edges removed
0/5000 0.0 % of nul degree nodes removed
Network Properties for:		network
nodes, edges			5000, 33808
directed?			False
weighted?			True
isolated nodes			0
self-loops			0
density				0.002705
clustering coefficient		0.292150
min/max/avg degree		1, 217, 13.523200
degree assortativity		0.183008
number of connected components	1
size of largest component	5000 (100.00 %)
250726.48647717867
__Groundtruth__
read communities from: ../../lfr_5000/mk300/k15/muw0.3/16/community.dat
-------------------  ----------
# communities         32
min community size   100
max community size   215
avg. community size  156.25
modularity             0.588183
-------------------  ----------
32 community detected
__CLASSIC_METHODS__
__Louvain__
PLM(balanced,pc,turbo) detected communities in 0.40735888481140137 [s]
solution properties:
-------------------  ----------
# communities         30
min community size    92
max community size   326
avg. community size  166.667
modularity             0.595093
-------------------  ----------
32 community detected
NMI:0.12493979273199252
ARI:0.1763910746982572
__Singleton__
32 community detected
NMI:0.42370093147868315
ARI:1.0
__AllInOne__
32 community detected
NMI:1.0
ARI:1.0
__PLP__
PLP detected communities in 0.1557025909423828 [s]
solution properties:
-------------------  ----------
# communities         36
min community size     2
max community size   233
avg. community size  138.889
modularity             0.591257
-------------------  ----------
32 community detected
NMI:0.11795729915306774
ARI:0.14072054955999658
__NORMALIZATION__
__glove__
Network Properties for:		G#21
nodes, edges			5000, 33808
directed?			False
weighted?			True
isolated nodes			0
self-loops			0
density				0.002705
clustering coefficient		0.292150
min/max/avg degree		1, 217, 13.523200
degree assortativity		0.183008
number of connected components	1
size of largest component	5000 (100.00 %)
tot:  3966.619593052101
__glove+Louvain__
PLM(balanced,pc,turbo) detected communities in 0.42027997970581055 [s]
solution properties:
-------------------  ----------
# communities         28
min community size   117
max community size   265
avg. community size  178.571
modularity             0.622968
-------------------  ----------
32 community detected
NMI:0.11669821301770589
ARI:0.17376316301662487
__glove+PLP__
PLP detected communities in 0.15485382080078125 [s]
solution properties:
-------------------  ----------
# communities         34
min community size     2
max community size   229
avg. community size  147.059
modularity             0.623482
-------------------  ----------
32 community detected
NMI:0.09695163890898206
ARI:0.11279656429687579
__fake_pmi__
Network Properties for:		G#30
nodes, edges			5000, 33808
directed?			False
weighted?			True
isolated nodes			0
self-loops			0
density				0.002705
clustering coefficient		0.292150
min/max/avg degree		1, 217, 13.523200
degree assortativity		0.183008
number of connected components	1
size of largest component	5000 (100.00 %)
tot:  0.0
__fake_pmi+Louvain__
1 community detected due to total edge weight equal 0
NMI:1
ARI:1
__fake_pmi+PLP__
1 community detected due to total edge weight equal 0
NMI:1
ARI:1
__iterative_rev_degree_order__
Network Properties for:		G#33
nodes, edges			5000, 33808
directed?			False
weighted?			True
isolated nodes			0
self-loops			0
density				0.002705
clustering coefficient		0.292150
min/max/avg degree		1, 217, 13.523200
degree assortativity		0.183008
number of connected components	1
size of largest component	5000 (100.00 %)
tot:  1484.2692169428233
__iterative_rev_degree_order+Louvain__
PLM(balanced,pc,turbo) detected communities in 0.6966540813446045 [s]
solution properties:
-------------------  ----------
# communities         77
min community size    31
max community size   139
avg. community size   64.9351
modularity             0.883608
-------------------  ----------
32 community detected
NMI:0.6822352892235017
ARI:0.8988694700816338
__iterative_rev_degree_order+PLP__
PLP detected communities in 0.09105515480041504 [s]
solution properties:
-------------------  -----------
# communities        1509
min community size      2
max community size     16
avg. community size     3.31345
modularity              0.781676
-------------------  -----------
32 community detected
NMI:0.4645740367568043
ARI:0.98107427991223
__pmi__
Network Properties for:		G#48
nodes, edges			5000, 33808
directed?			False
weighted?			True
isolated nodes			0
self-loops			0
density				0.002705
clustering coefficient		0.292150
min/max/avg degree		1, 217, 13.523200
degree assortativity		0.183008
number of connected components	1
size of largest component	5000 (100.00 %)
tot:  72523.98511975973
__pmi+Louvain__
PLM(balanced,pc,turbo) detected communities in 0.41210007667541504 [s]
solution properties:
-------------------  ---------
# communities         23
min community size   113
max community size   514
avg. community size  217.391
modularity             1.08279
-------------------  ---------
32 community detected
NMI:0.36143248070013745
ARI:0.5448265400303982
__pmi+PLP__
PLP detected communities in 0.17975997924804688 [s]
solution properties:
-------------------  ---------
# communities        294
min community size     2
max community size   254
avg. community size   17.0068
modularity             1.01545
-------------------  ---------
32 community detected
NMI:0.2788184952013092
ARI:0.40028056360276676
__standard__
Network Properties for:		G#60
nodes, edges			5000, 33808
directed?			False
weighted?			True
isolated nodes			0
self-loops			0
density				0.002705
clustering coefficient		0.292150
min/max/avg degree		1, 217, 13.523200
degree assortativity		0.183008
number of connected components	1
size of largest component	5000 (100.00 %)
tot:  18.113349165934977
__standard+Louvain__
PLM(balanced,pc,turbo) detected communities in 0.5387840270996094 [s]
solution properties:
-------------------  ----------
# communities         64
min community size     2
max community size   232
avg. community size   78.125
modularity             0.854929
-------------------  ----------
32 community detected
NMI:0.49317139642983565
ARI:0.6465191573569666
__standard+PLP__
PLP detected communities in 0.11916184425354004 [s]
solution properties:
-------------------  -----------
# communities        1241
min community size      2
max community size     69
avg. community size     4.02901
modularity              0.739744
-------------------  -----------
32 community detected
NMI:0.4460139902600211
ARI:0.9311752905285899
__ppmi__
Network Properties for:		G#72
nodes, edges			5000, 33808
directed?			False
weighted?			True
isolated nodes			0
self-loops			0
density				0.002705
clustering coefficient		0.292150
min/max/avg degree		1, 217, 13.523200
degree assortativity		0.183008
number of connected components	1
size of largest component	5000 (100.00 %)
tot:  132341.00002269362
__ppmi+Louvain__
PLM(balanced,pc,turbo) detected communities in 0.6115374565124512 [s]
solution properties:
-------------------  ----------
# communities         32
min community size   102
max community size   212
avg. community size  156.25
modularity             0.691293
-------------------  ----------
32 community detected
NMI:0.1245777288896518
ARI:0.1525390924891068
__ppmi+PLP__
PLP detected communities in 0.07153487205505371 [s]
solution properties:
-------------------  ----------
# communities        112
min community size     1
max community size   210
avg. community size   44.6429
modularity             0.683436
-------------------  ----------
32 community detected
NMI:0.12629880636857238
ARI:0.15651983648376044
__glovexmax50alpha0.2__
Network Properties for:		G#84
nodes, edges			5000, 33808
directed?			False
weighted?			True
isolated nodes			0
self-loops			0
density				0.002705
clustering coefficient		0.292150
min/max/avg degree		1, 217, 13.523200
degree assortativity		0.183008
number of connected components	1
size of largest component	5000 (100.00 %)
tot:  17408.452645433714
__glovexmax50alpha0.2+Louvain__
PLM(balanced,pc,turbo) detected communities in 0.42845964431762695 [s]
solution properties:
-------------------  ----------
# communities         32
min community size   101
max community size   217
avg. community size  156.25
modularity             0.669393
-------------------  ----------
32 community detected
NMI:0.03791556733890966
ARI:0.044378918409821666
__glovexmax50alpha0.2+PLP__
PLP detected communities in 0.13382482528686523 [s]
solution properties:
-------------------  ----------
# communities         33
min community size     2
max community size   217
avg. community size  151.515
modularity             0.669371
-------------------  ----------
32 community detected
NMI:0.03529735229619313
ARI:0.041082647383132054
__glovexmax40alpha0.2__
Network Properties for:		G#93
nodes, edges			5000, 33808
directed?			False
weighted?			True
isolated nodes			0
self-loops			0
density				0.002705
clustering coefficient		0.292150
min/max/avg degree		1, 217, 13.523200
degree assortativity		0.183008
number of connected components	1
size of largest component	5000 (100.00 %)
tot:  18175.67179176199
__glovexmax40alpha0.2+Louvain__
PLM(balanced,pc,turbo) detected communities in 0.36050939559936523 [s]
solution properties:
-------------------  ----------
# communities         32
min community size   101
max community size   216
avg. community size  156.25
modularity             0.669708
-------------------  ----------
32 community detected
NMI:0.038372517885996826
ARI:0.044400679988452985
__glovexmax40alpha0.2+PLP__
PLP detected communities in 0.1356678009033203 [s]
solution properties:
-------------------  ----------
# communities         35
min community size     2
max community size   217
avg. community size  142.857
modularity             0.664577
-------------------  ----------
32 community detected
NMI:0.038887983653699165
ARI:0.047112340651330076
__glovexmax30alpha0.3__
Network Properties for:		G#102
nodes, edges			5000, 33808
directed?			False
weighted?			True
isolated nodes			0
self-loops			0
density				0.002705
clustering coefficient		0.292150
min/max/avg degree		1, 217, 13.523200
degree assortativity		0.183008
number of connected components	1
size of largest component	5000 (100.00 %)
tot:  16086.946825098265
__glovexmax30alpha0.3+Louvain__
PLM(balanced,pc,turbo) detected communities in 0.44425106048583984 [s]
solution properties:
-------------------  ---------
# communities         19
min community size   162
max community size   370
avg. community size  263.158
modularity             0.65591
-------------------  ---------
32 community detected
NMI:0.1326334428991326
ARI:0.31131891271056666
__glovexmax30alpha0.3+PLP__
PLP detected communities in 0.13908028602600098 [s]
solution properties:
-------------------  ----------
# communities         35
min community size     2
max community size   218
avg. community size  142.857
modularity             0.661768
-------------------  ----------
32 community detected
NMI:0.05078661823476116
ARI:0.06060508591242142
NMI classement:
[('NMIglovexmax50alpha0.2+PLP', 0.03529735229619313), ('NMIglovexmax50alpha0.2+Louvain', 0.03791556733890966), ('NMIglovexmax40alpha0.2+Louvain', 0.038372517885996826), ('NMIglovexmax40alpha0.2+PLP', 0.038887983653699165), ('NMIglovexmax30alpha0.3+PLP', 0.05078661823476116), ('NMIglove+PLP', 0.09695163890898206), ('NMIglove+Louvain', 0.11669821301770589), ('NMIPLP', 0.11795729915306774), ('NMIppmi+Louvain', 0.1245777288896518), ('NMILouvain', 0.12493979273199252), ('NMIppmi+PLP', 0.12629880636857238), ('NMIglovexmax30alpha0.3+Louvain', 0.1326334428991326), ('NMIpmi+PLP', 0.2788184952013092), ('NMIpmi+Louvain', 0.36143248070013745), ('NMISingleton', 0.42370093147868315), ('NMIstandard+PLP', 0.4460139902600211), ('NMIiterative_rev_degree_order+PLP', 0.4645740367568043), ('NMIstandard+Louvain', 0.49317139642983565), ('NMIiterative_rev_degree_order+Louvain', 0.6822352892235017), ('NMIAllInOne', 1.0), ('NMIfake_pmi+Louvain', 1), ('NMIfake_pmi+PLP', 1)]
ARI classement:
[('ARIglovexmax50alpha0.2+PLP', 0.041082647383132054), ('ARIglovexmax50alpha0.2+Louvain', 0.044378918409821666), ('ARIglovexmax40alpha0.2+Louvain', 0.044400679988452985), ('ARIglovexmax40alpha0.2+PLP', 0.047112340651330076), ('ARIglovexmax30alpha0.3+PLP', 0.06060508591242142), ('ARIglove+PLP', 0.11279656429687579), ('ARIPLP', 0.14072054955999658), ('ARIppmi+Louvain', 0.1525390924891068), ('ARIppmi+PLP', 0.15651983648376044), ('ARIglove+Louvain', 0.17376316301662487), ('ARILouvain', 0.1763910746982572), ('ARIglovexmax30alpha0.3+Louvain', 0.31131891271056666), ('ARIpmi+PLP', 0.40028056360276676), ('ARIpmi+Louvain', 0.5448265400303982), ('ARIstandard+Louvain', 0.6465191573569666), ('ARIiterative_rev_degree_order+Louvain', 0.8988694700816338), ('ARIstandard+PLP', 0.9311752905285899), ('ARIiterative_rev_degree_order+PLP', 0.98107427991223), ('ARISingleton', 1.0), ('ARIAllInOne', 1.0), ('ARIfake_pmi+Louvain', 1), ('ARIfake_pmi+PLP', 1)]
