__LOADINGS__
Network Properties for:		network
nodes, edges			5000, 31044
directed?			False
weighted?			True
isolated nodes			1
self-loops			0
density				0.002484
clustering coefficient		0.391590
min/max/avg degree		0, 80, 12.417600
degree assortativity		0.306274
number of connected components	2
size of largest component	4999 (99.98 %)
164321.43546958535
__Groundtruth__
read communities from: ../../lfr_5000/mk100/k15/muw0.2/36/community.dat
-------------------  ----------
# communities        104
min community size    20
max community size    99
avg. community size   48.0769
modularity             0.800845
-------------------  ----------
104 community detected
__CLASSIC_METHODS__
__Louvain__
PLM(balanced,pc,turbo) detected communities in 0.5129497051239014 [s]
solution properties:
-------------------  ----------
# communities         57
min community size     1
max community size   134
avg. community size   87.7193
modularity             0.802975
-------------------  ----------
104 community detected
NMI:0.07198679548638143
ARM:0.25335272040498236
__Singleton__
104 community detected
NMI:0.3047814955401733
ARM:1.0
__AllInOne__
104 community detected
NMI:1.0
ARM:1.0
__PLP__
PLP detected communities in 0.13701486587524414 [s]
solution properties:
-------------------  ----------
# communities        111
min community size     1
max community size   100
avg. community size   45.045
modularity             0.798729
-------------------  ----------
104 community detected
NMI:0.009677831397314929
ARM:0.018322164431125443
__NORMALIZATION__
__glove__
Network Properties for:		G#21cc
nodes, edges			4999, 31044
directed?			False
weighted?			True
isolated nodes			0
self-loops			0
density				0.002485
clustering coefficient		0.391669
min/max/avg degree		2, 80, 12.420084
degree assortativity		0.306274
number of connected components	1
size of largest component	4999 (100.00 %)
tot:  3183.6892404816745
__glove+Louvain__
PLM(balanced,pc,turbo) detected communities in 0.37828540802001953 [s]
solution properties:
-------------------  ----------
# communities         62
min community size    39
max community size   130
avg. community size   80.629
modularity             0.811209
-------------------  ----------
104 community detected
NMI:0.05482123252178006
ARM:0.19554347576779285
__glove+PLP__
PLP detected communities in 0.052324771881103516 [s]
solution properties:
-------------------  ----------
# communities        107
min community size     9
max community size   100
avg. community size   46.7196
modularity             0.808647
-------------------  ----------
104 community detected
NMI:0.0052677655999928685
ARM:0.0108656640792687
__fake_pmi__
Network Properties for:		G#40cc
nodes, edges			4999, 31044
directed?			False
weighted?			True
isolated nodes			0
self-loops			0
density				0.002485
clustering coefficient		0.391669
min/max/avg degree		2, 80, 12.420084
degree assortativity		0.306274
number of connected components	1
size of largest component	4999 (100.00 %)
tot:  0.0
__fake_pmi+Louvain__
1 community detected due to total edge weight equal 0
NMI:1
ARM:0.0108656640792687
__fake_pmi+PLP__
1 community detected due to total edge weight equal 0
NMI:1
ARM:0.0108656640792687
__iterative_rev_degree_order__
Network Properties for:		G#53cc
nodes, edges			4999, 31044
directed?			False
weighted?			True
isolated nodes			0
self-loops			0
density				0.002485
clustering coefficient		0.391669
min/max/avg degree		2, 80, 12.420084
degree assortativity		0.306274
number of connected components	1
size of largest component	4999 (100.00 %)
tot:  1548.0427533339318
__iterative_rev_degree_order+Louvain__
PLM(balanced,pc,turbo) detected communities in 0.7447454929351807 [s]
solution properties:
-------------------  ----------
# communities         48
min community size    55
max community size   172
avg. community size  104.146
modularity             0.844733
-------------------  ----------
104 community detected
NMI:0.4156223706667347
ARM:0.7411798860516035
__iterative_rev_degree_order+PLP__
PLP detected communities in 0.06122136116027832 [s]
solution properties:
-------------------  -----------
# communities        1432
min community size      2
max community size     10
avg. community size     3.49092
modularity              0.681018
-------------------  -----------
104 community detected
NMI:0.3043809546140578
ARM:0.9393300754751774
__pmi__
Network Properties for:		G#78cc
nodes, edges			4999, 31044
directed?			False
weighted?			True
isolated nodes			0
self-loops			0
density				0.002485
clustering coefficient		0.391669
min/max/avg degree		2, 80, 12.420084
degree assortativity		0.306274
number of connected components	1
size of largest component	4999 (100.00 %)
tot:  182396.74786884442
__pmi+Louvain__
PLM(balanced,pc,turbo) detected communities in 0.4351215362548828 [s]
solution properties:
-------------------  ----------
# communities         66
min community size    39
max community size   116
avg. community size   75.7424
modularity             0.820619
-------------------  ----------
104 community detected
NMI:0.04694837987878708
ARM:0.1639708422168491
__pmi+PLP__
PLP detected communities in 0.12755322456359863 [s]
solution properties:
-------------------  ----------
# communities        111
min community size     2
max community size   100
avg. community size   45.036
modularity             0.814046
-------------------  ----------
104 community detected
NMI:0.005369176111340135
ARM:0.012456106883712348
__standard__
Network Properties for:		G#97cc
nodes, edges			4999, 31044
directed?			False
weighted?			True
isolated nodes			0
self-loops			0
density				0.002485
clustering coefficient		0.391669
min/max/avg degree		2, 80, 12.420084
degree assortativity		0.306274
number of connected components	1
size of largest component	4999 (100.00 %)
tot:  33.90761600365918
__standard+Louvain__
PLM(balanced,pc,turbo) detected communities in 0.6080970764160156 [s]
solution properties:
-------------------  ----------
# communities         58
min community size    25
max community size   337
avg. community size   86.1897
modularity             0.853545
-------------------  ----------
104 community detected
NMI:0.20490194147228713
ARM:0.5362517617668211
__standard+PLP__
PLP detected communities in 0.17059588432312012 [s]
solution properties:
-------------------  ---------
# communities        552
min community size     2
max community size    74
avg. community size    9.05616
modularity             0.71183
-------------------  ---------
104 community detected
NMI:0.1708219648306173
ARM:0.40764734490131127
__ppmi__
Network Properties for:		G#119cc
nodes, edges			4999, 31044
directed?			False
weighted?			True
isolated nodes			0
self-loops			0
density				0.002485
clustering coefficient		0.391669
min/max/avg degree		2, 80, 12.420084
degree assortativity		0.306274
number of connected components	1
size of largest component	4999 (100.00 %)
tot:  187000.93710105584
__ppmi+Louvain__
PLM(balanced,pc,turbo) detected communities in 0.2140500545501709 [s]
solution properties:
-------------------  ----------
# communities         63
min community size    39
max community size   144
avg. community size   79.3492
modularity             0.817288
-------------------  ----------
104 community detected
NMI:0.04956761712940305
ARM:0.18001998930804453
__ppmi+PLP__
PLP detected communities in 0.10902595520019531 [s]
solution properties:
-------------------  ----------
# communities        104
min community size    20
max community size   100
avg. community size   48.0673
modularity             0.817899
-------------------  ----------
104 community detected
NMI:0.00121028911723442
ARM:0.0031280533666991905
__glovexmax50alpha0.2__
Network Properties for:		G#138cc
nodes, edges			4999, 31044
directed?			False
weighted?			True
isolated nodes			0
self-loops			0
density				0.002485
clustering coefficient		0.391669
min/max/avg degree		2, 80, 12.420084
degree assortativity		0.306274
number of connected components	1
size of largest component	4999 (100.00 %)
tot:  18136.795746897587
__glovexmax50alpha0.2+Louvain__
PLM(balanced,pc,turbo) detected communities in 0.40778017044067383 [s]
solution properties:
-------------------  ---------
# communities         60
min community size    44
max community size   128
avg. community size   83.3167
modularity             0.81527
-------------------  ---------
104 community detected
NMI:0.05571745031196518
ARM:0.20532581895033464
__glovexmax50alpha0.2+PLP__
PLP detected communities in 0.11477065086364746 [s]
solution properties:
-------------------  ----------
# communities        106
min community size    10
max community size   100
avg. community size   47.1604
modularity             0.813977
-------------------  ----------
104 community detected
NMI:0.0018761753514394686
ARM:0.003939334252511362
__glovexmax40alpha0.2__
Network Properties for:		G#157cc
nodes, edges			4999, 31044
directed?			False
weighted?			True
isolated nodes			0
self-loops			0
density				0.002485
clustering coefficient		0.391669
min/max/avg degree		2, 80, 12.420084
degree assortativity		0.306274
number of connected components	1
size of largest component	4999 (100.00 %)
tot:  18964.354840543925
__glovexmax40alpha0.2+Louvain__
PLM(balanced,pc,turbo) detected communities in 0.3920271396636963 [s]
solution properties:
-------------------  ----------
# communities         74
min community size    36
max community size   116
avg. community size   67.5541
modularity             0.815979
-------------------  ----------
104 community detected
NMI:0.03186357389959016
ARM:0.1111104128107393
__glovexmax40alpha0.2+PLP__
PLP detected communities in 0.11553168296813965 [s]
solution properties:
-------------------  ----------
# communities        105
min community size    11
max community size   100
avg. community size   47.6095
modularity             0.814705
-------------------  ----------
104 community detected
NMI:0.0015428350405609637
ARM:0.0035158035368983986
__glovexmax30alpha0.3__
Network Properties for:		G#176cc
nodes, edges			4999, 31044
directed?			False
weighted?			True
isolated nodes			0
self-loops			0
density				0.002485
clustering coefficient		0.391669
min/max/avg degree		2, 80, 12.420084
degree assortativity		0.306274
number of connected components	1
size of largest component	4999 (100.00 %)
tot:  16592.3187560347
__glovexmax30alpha0.3+Louvain__
PLM(balanced,pc,turbo) detected communities in 0.47063398361206055 [s]
solution properties:
-------------------  ----------
# communities         61
min community size    44
max community size   127
avg. community size   81.9508
modularity             0.817382
-------------------  ----------
104 community detected
NMI:0.05382844080522675
ARM:0.19527945414404402
__glovexmax30alpha0.3+PLP__
PLP detected communities in 0.10380387306213379 [s]
solution properties:
-------------------  ----------
# communities        107
min community size     9
max community size   100
avg. community size   46.7196
modularity             0.815311
-------------------  ----------
104 community detected
NMI:0.002670991061868855
ARM:0.0055317831203197665
