__LOADINGS__
Network Properties for:		network
nodes, edges			5000, 27604
directed?			False
weighted?			True
isolated nodes			0
self-loops			0
density				0.002209
clustering coefficient		0.290535
min/max/avg degree		1, 341, 11.041600
degree assortativity		0.233045
number of connected components	6
size of largest component	4984 (99.68 %)
236508.52028918432
__Groundtruth__
read communities from: ../../lfr_5000/mk500/k15/muw0.3/31/community.dat
-------------------  ----------
# communities         51
min community size     3
max community size   469
avg. community size   98.0392
modularity             0.475463
-------------------  ----------
51 community detected
__CLASSIC_METHODS__
__Louvain__
PLM(balanced,pc,turbo) detected communities in 0.582404375076294 [s]
solution properties:
-------------------  ----------
# communities         24
min community size     3
max community size   501
avg. community size  208.333
modularity             0.491794
-------------------  ----------
51 community detected
NMI:0.2709863457494812
ARM:0.3350553460902941
__Singleton__
51 community detected
NMI:0.45964250499882586
ARM:1.0
__AllInOne__
51 community detected
NMI:1.0
ARM:1.0
__PLP__
PLP detected communities in 0.14026260375976562 [s]
solution properties:
-------------------  ----------
# communities         82
min community size     1
max community size   533
avg. community size   60.9756
modularity             0.478506
-------------------  ----------
51 community detected
NMI:0.23673329112810293
ARM:0.2997052511885564
__NORMALIZATION__
__glove__
Network Properties for:		G#24cc
nodes, edges			4984, 27588
directed?			False
weighted?			True
isolated nodes			0
self-loops			0
density				0.002222
clustering coefficient		0.289060
min/max/avg degree		1, 341, 11.070626
degree assortativity		0.232721
number of connected components	1
size of largest component	4984 (100.00 %)
tot:  3321.238213128721
__glove+Louvain__
PLM(balanced,pc,turbo) detected communities in 0.6614482402801514 [s]
solution properties:
-------------------  ----------
# communities         22
min community size     3
max community size   492
avg. community size  226.545
modularity             0.551042
-------------------  ----------
51 community detected
NMI:0.9699622225789548
ARM:0.9995956802535847
__glove+PLP__
PLP detected communities in 0.14178133010864258 [s]
solution properties:
-------------------  ----------
# communities         77
min community size     1
max community size   520
avg. community size   64.7273
modularity             0.542206
-------------------  ----------
51 community detected
NMI:0.9399261247005485
ARM:0.9991952374718853
__fake_pmi__
Network Properties for:		G#46cc
nodes, edges			4984, 27588
directed?			False
weighted?			True
isolated nodes			0
self-loops			0
density				0.002222
clustering coefficient		0.289060
min/max/avg degree		1, 341, 11.070626
degree assortativity		0.232721
number of connected components	1
size of largest component	4984 (100.00 %)
tot:  0.0
__fake_pmi+Louvain__
1 community detected due to total edge weight equal 0
NMI:1
ARM:0.9991952374718853
__fake_pmi+PLP__
1 community detected due to total edge weight equal 0
NMI:1
ARM:0.9991952374718853
__iterative_rev_degree_order__
Network Properties for:		G#59cc
nodes, edges			4984, 27588
directed?			False
weighted?			True
isolated nodes			0
self-loops			0
density				0.002222
clustering coefficient		0.289060
min/max/avg degree		1, 341, 11.070626
degree assortativity		0.232721
number of connected components	1
size of largest component	4984 (100.00 %)
tot:  1671.0147889919067
__iterative_rev_degree_order+Louvain__
PLM(balanced,pc,turbo) detected communities in 0.7859146595001221 [s]
solution properties:
-------------------  ----------
# communities         99
min community size     2
max community size   156
avg. community size   50.3434
modularity             0.933022
-------------------  ----------
51 community detected
NMI:0.9084770884506119
ARM:0.9999019531647008
__iterative_rev_degree_order+PLP__
PLP detected communities in 0.069915771484375 [s]
solution properties:
-------------------  ----------
# communities        1451
min community size      1
max community size     22
avg. community size     3.43487
modularity              0.84872
-------------------  ----------
51 community detected
NMI:0.6294085453455519
ARM:1.0000657820412167
__pmi__
Network Properties for:		G#84cc
nodes, edges			4984, 27588
directed?			False
weighted?			True
isolated nodes			0
self-loops			0
density				0.002222
clustering coefficient		0.289060
min/max/avg degree		1, 341, 11.070626
degree assortativity		0.232721
number of connected components	1
size of largest component	4984 (100.00 %)
tot:  36581.03939134369
__pmi+Louvain__
PLM(balanced,pc,turbo) detected communities in 0.7359187602996826 [s]
solution properties:
-------------------  ---------
# communities         35
min community size     3
max community size   416
avg. community size  142.4
modularity             1.66588
-------------------  ---------
51 community detected
NMI:0.9583481705073305
ARM:1.0001182532713409
__pmi+PLP__
PLP detected communities in 0.14894819259643555 [s]
solution properties:
-------------------  ---------
# communities        953
min community size     1
max community size   176
avg. community size    5.2298
modularity             1.22385
-------------------  ---------
51 community detected
NMI:0.7084909946302136
ARM:0.9994439575395386
__standard__
Network Properties for:		G#106cc
nodes, edges			4984, 27588
directed?			False
weighted?			True
isolated nodes			0
self-loops			0
density				0.002222
clustering coefficient		0.289060
min/max/avg degree		1, 341, 11.070626
degree assortativity		0.232721
number of connected components	1
size of largest component	4984 (100.00 %)
tot:  40.81822802214929
__standard+Louvain__
PLM(balanced,pc,turbo) detected communities in 0.7273387908935547 [s]
solution properties:
-------------------  ----------
# communities        115
min community size     2
max community size   645
avg. community size   43.3391
modularity             0.948229
-------------------  ----------
51 community detected
NMI:0.9061317236775058
ARM:0.9991294459262497
__standard+PLP__
PLP detected communities in 0.10783767700195312 [s]
solution properties:
-------------------  -----------
# communities        1198
min community size      1
max community size     75
avg. community size     4.16027
modularity              0.841246
-------------------  -----------
51 community detected
NMI:0.6623161922298904
ARM:0.9999321486679229
__ppmi__
Network Properties for:		G#131cc
nodes, edges			4984, 27588
directed?			False
weighted?			True
isolated nodes			0
self-loops			0
density				0.002222
clustering coefficient		0.289060
min/max/avg degree		1, 341, 11.070626
degree assortativity		0.232721
number of connected components	1
size of largest component	4984 (100.00 %)
tot:  96650.37024319018
__ppmi+Louvain__
PLM(balanced,pc,turbo) detected communities in 0.6692705154418945 [s]
solution properties:
-------------------  ----------
# communities         34
min community size     8
max community size   400
avg. community size  146.588
modularity             0.681703
-------------------  ----------
51 community detected
NMI:0.9583181091136257
ARM:0.9997559350494354
__ppmi+PLP__
PLP detected communities in 0.1976487636566162 [s]
solution properties:
-------------------  ----------
# communities        830
min community size     1
max community size   214
avg. community size    6.00482
modularity             0.519507
-------------------  ----------
51 community detected
NMI:0.7336866167162138
ARM:0.999521784215658
__glovexmax50alpha0.2__
Network Properties for:		G#153cc
nodes, edges			4984, 27588
directed?			False
weighted?			True
isolated nodes			0
self-loops			0
density				0.002222
clustering coefficient		0.289060
min/max/avg degree		1, 341, 11.070626
degree assortativity		0.232721
number of connected components	1
size of largest component	4984 (100.00 %)
tot:  13492.38646033549
__glovexmax50alpha0.2+Louvain__
PLM(balanced,pc,turbo) detected communities in 0.6194033622741699 [s]
solution properties:
-------------------  ----------
# communities         28
min community size    10
max community size   441
avg. community size  178
modularity             0.629676
-------------------  ----------
51 community detected
NMI:0.96295285056832
ARM:0.9992620383770289
__glovexmax50alpha0.2+PLP__
PLP detected communities in 0.10753536224365234 [s]
solution properties:
-------------------  ----------
# communities         77
min community size     1
max community size   465
avg. community size   64.7273
modularity             0.621802
-------------------  ----------
51 community detected
NMI:0.9411572429177539
ARM:0.9991630203311896
__glovexmax40alpha0.2__
Network Properties for:		G#175cc
nodes, edges			4984, 27588
directed?			False
weighted?			True
isolated nodes			0
self-loops			0
density				0.002222
clustering coefficient		0.289060
min/max/avg degree		1, 341, 11.070626
degree assortativity		0.232721
number of connected components	1
size of largest component	4984 (100.00 %)
tot:  14065.132011821825
__glovexmax40alpha0.2+Louvain__
PLM(balanced,pc,turbo) detected communities in 0.5483050346374512 [s]
solution properties:
-------------------  ----------
# communities         31
min community size     5
max community size   441
avg. community size  160.774
modularity             0.630554
-------------------  ----------
51 community detected
NMI:0.9616143087333884
ARM:0.9993364118559057
__glovexmax40alpha0.2+PLP__
PLP detected communities in 0.10901784896850586 [s]
solution properties:
-------------------  ----------
# communities         75
min community size     1
max community size   465
avg. community size   66.4533
modularity             0.624783
-------------------  ----------
51 community detected
NMI:0.9417371876927072
ARM:0.9991571888237488
__glovexmax30alpha0.3__
Network Properties for:		G#197cc
nodes, edges			4984, 27588
directed?			False
weighted?			True
isolated nodes			0
self-loops			0
density				0.002222
clustering coefficient		0.289060
min/max/avg degree		1, 341, 11.070626
degree assortativity		0.232721
number of connected components	1
size of largest component	4984 (100.00 %)
tot:  12273.01383164317
__glovexmax30alpha0.3+Louvain__
PLM(balanced,pc,turbo) detected communities in 0.4467318058013916 [s]
solution properties:
-------------------  ----------
# communities         27
min community size     6
max community size   457
avg. community size  184.593
modularity             0.624915
-------------------  ----------
51 community detected
NMI:0.9636976243510479
ARM:0.9993315039221918
__glovexmax30alpha0.3+PLP__
PLP detected communities in 0.12582182884216309 [s]
solution properties:
-------------------  ----------
# communities         76
min community size     2
max community size   475
avg. community size   65.5789
modularity             0.601821
-------------------  ----------
51 community detected
NMI:0.9403197635093561
ARM:0.9995285723780509
