__LOADINGS__
Network Properties for:		network
nodes, edges			5000, 31176
directed?			False
weighted?			True
isolated nodes			1
self-loops			0
density				0.002495
clustering coefficient		0.164293
min/max/avg degree		0, 75, 12.470400
degree assortativity		0.383725
number of connected components	2
size of largest component	4999 (99.98 %)
167693.060348957
__Groundtruth__
read communities from: ../../lfr_5000/mk100/k15/muw0.4/34/community.dat
-------------------  ----------
# communities        104
min community size    20
max community size    99
avg. community size   48.0769
modularity             0.584412
-------------------  ----------
104 community detected
__CLASSIC_METHODS__
__Louvain__
PLM(balanced,pc,turbo) detected communities in 0.2708702087402344 [s]
solution properties:
-------------------  ----------
# communities         41
min community size     1
max community size   229
avg. community size  121.951
modularity             0.591406
-------------------  ----------
104 community detected
NMI:0.17571353226248188
ARM:0.4703717769638608
__Singleton__
104 community detected
NMI:0.3047814955401724
ARM:1.0
__AllInOne__
104 community detected
NMI:1.0
ARM:1.0
__PLP__
PLP detected communities in 0.07284188270568848 [s]
solution properties:
-------------------  ----------
# communities        112
min community size     1
max community size   140
avg. community size   44.6429
modularity             0.585253
-------------------  ----------
104 community detected
NMI:0.07078468879103827
ARM:0.1438075512017677
__NORMALIZATION__
__glove__
Network Properties for:		G#21cc
nodes, edges			4999, 31176
directed?			False
weighted?			True
isolated nodes			0
self-loops			0
density				0.002496
clustering coefficient		0.164325
min/max/avg degree		4, 75, 12.472895
degree assortativity		0.383725
number of connected components	1
size of largest component	4999 (100.00 %)
tot:  3274.1210807038187
__glove+Louvain__
PLM(balanced,pc,turbo) detected communities in 0.47406435012817383 [s]
solution properties:
-------------------  ----------
# communities         47
min community size    58
max community size   167
avg. community size  106.362
modularity             0.597055
-------------------  ----------
104 community detected
NMI:0.13853501838985804
ARM:0.38532961482505446
__glove+PLP__
PLP detected communities in 0.15371036529541016 [s]
solution properties:
-------------------  ---------
# communities        111
min community size     4
max community size   136
avg. community size   45.036
modularity             0.58575
-------------------  ---------
104 community detected
NMI:0.05340843137147333
ARM:0.12308770249668155
__fake_pmi__
Network Properties for:		G#40cc
nodes, edges			4999, 31176
directed?			False
weighted?			True
isolated nodes			0
self-loops			0
density				0.002496
clustering coefficient		0.164325
min/max/avg degree		4, 75, 12.472895
degree assortativity		0.383725
number of connected components	1
size of largest component	4999 (100.00 %)
tot:  0.0
__fake_pmi+Louvain__
1 community detected due to total edge weight equal 0
NMI:1
ARM:0.12308770249668155
__fake_pmi+PLP__
1 community detected due to total edge weight equal 0
NMI:1
ARM:0.12308770249668155
__iterative_rev_degree_order__
Network Properties for:		G#53cc
nodes, edges			4999, 31176
directed?			False
weighted?			True
isolated nodes			0
self-loops			0
density				0.002496
clustering coefficient		0.164325
min/max/avg degree		4, 75, 12.472895
degree assortativity		0.383725
number of connected components	1
size of largest component	4999 (100.00 %)
tot:  1402.2389410944602
__iterative_rev_degree_order+Louvain__
PLM(balanced,pc,turbo) detected communities in 0.7456099987030029 [s]
solution properties:
-------------------  ----------
# communities         71
min community size    25
max community size   120
avg. community size   70.4085
modularity             0.800381
-------------------  ----------
104 community detected
NMI:0.6180835284353879
ARM:0.9312119665381947
__iterative_rev_degree_order+PLP__
PLP detected communities in 0.10119152069091797 [s]
solution properties:
-------------------  -----------
# communities        1428
min community size      2
max community size     12
avg. community size     3.5007
modularity              0.685011
-------------------  -----------
104 community detected
NMI:0.34717756406499933
ARM:0.9635387820766411
__pmi__
Network Properties for:		G#78cc
nodes, edges			4999, 31176
directed?			False
weighted?			True
isolated nodes			0
self-loops			0
density				0.002496
clustering coefficient		0.164325
min/max/avg degree		4, 75, 12.472895
degree assortativity		0.383725
number of connected components	1
size of largest component	4999 (100.00 %)
tot:  182530.45015212052
__pmi+Louvain__
PLM(balanced,pc,turbo) detected communities in 0.37328243255615234 [s]
solution properties:
-------------------  ----------
# communities         54
min community size    35
max community size   179
avg. community size   92.5741
modularity             0.621894
-------------------  ----------
104 community detected
NMI:0.0958606162250023
ARM:0.3135415093228605
__pmi+PLP__
PLP detected communities in 0.15506362915039062 [s]
solution properties:
-------------------  ----------
# communities        128
min community size     2
max community size   118
avg. community size   39.0547
modularity             0.614646
-------------------  ----------
104 community detected
NMI:0.026051557204719078
ARM:0.056513170188236206
__standard__
Network Properties for:		G#97cc
nodes, edges			4999, 31176
directed?			False
weighted?			True
isolated nodes			0
self-loops			0
density				0.002496
clustering coefficient		0.164325
min/max/avg degree		4, 75, 12.472895
degree assortativity		0.383725
number of connected components	1
size of largest component	4999 (100.00 %)
tot:  36.45966937294655
__standard+Louvain__
PLM(balanced,pc,turbo) detected communities in 0.6077592372894287 [s]
solution properties:
-------------------  ----------
# communities         48
min community size    47
max community size   184
avg. community size  104.146
modularity             0.698339
-------------------  ----------
104 community detected
NMI:0.539347977864508
ARM:0.8440797881294648
__standard+PLP__
PLP detected communities in 0.15199875831604004 [s]
solution properties:
-------------------  -----------
# communities        1150
min community size      2
max community size     36
avg. community size     4.34696
modularity              0.544512
-------------------  -----------
104 community detected
NMI:0.3481670664890003
ARM:0.9252889143880311
__ppmi__
Network Properties for:		G#122cc
nodes, edges			4999, 31176
directed?			False
weighted?			True
isolated nodes			0
self-loops			0
density				0.002496
clustering coefficient		0.164325
min/max/avg degree		4, 75, 12.472895
degree assortativity		0.383725
number of connected components	1
size of largest component	4999 (100.00 %)
tot:  189513.00524861555
__ppmi+Louvain__
PLM(balanced,pc,turbo) detected communities in 0.40052056312561035 [s]
solution properties:
-------------------  ----------
# communities         50
min community size    58
max community size   161
avg. community size   99.98
modularity             0.610843
-------------------  ----------
104 community detected
NMI:0.09184203665234592
ARM:0.32169037205887074
__ppmi+PLP__
PLP detected communities in 0.16973567008972168 [s]
solution properties:
-------------------  ----------
# communities        124
min community size     2
max community size   118
avg. community size   40.3145
modularity             0.604095
-------------------  ----------
104 community detected
NMI:0.018785427168072966
ARM:0.042172915288121726
__glovexmax50alpha0.2__
Network Properties for:		G#141cc
nodes, edges			4999, 31176
directed?			False
weighted?			True
isolated nodes			0
self-loops			0
density				0.002496
clustering coefficient		0.164325
min/max/avg degree		4, 75, 12.472895
degree assortativity		0.383725
number of connected components	1
size of largest component	4999 (100.00 %)
tot:  18395.876376914595
__glovexmax50alpha0.2+Louvain__
PLM(balanced,pc,turbo) detected communities in 0.41429972648620605 [s]
solution properties:
-------------------  ----------
# communities         55
min community size    32
max community size   141
avg. community size   90.8909
modularity             0.605114
-------------------  ----------
104 community detected
NMI:0.0756952548659886
ARM:0.26668990761722156
__glovexmax50alpha0.2+PLP__
PLP detected communities in 0.07301616668701172 [s]
solution properties:
-------------------  ----------
# communities        109
min community size     3
max community size   100
avg. community size   45.8624
modularity             0.596834
-------------------  ----------
104 community detected
NMI:0.011552465931495282
ARM:0.02755828682332817
__glovexmax40alpha0.2__
Network Properties for:		G#160cc
nodes, edges			4999, 31176
directed?			False
weighted?			True
isolated nodes			0
self-loops			0
density				0.002496
clustering coefficient		0.164325
min/max/avg degree		4, 75, 12.472895
degree assortativity		0.383725
number of connected components	1
size of largest component	4999 (100.00 %)
tot:  19235.38404131157
__glovexmax40alpha0.2+Louvain__
PLM(balanced,pc,turbo) detected communities in 0.6421833038330078 [s]
solution properties:
-------------------  ----------
# communities         49
min community size    61
max community size   171
avg. community size  102.02
modularity             0.604979
-------------------  ----------
104 community detected
NMI:0.08943919371005948
ARM:0.3148111024489241
__glovexmax40alpha0.2+PLP__
PLP detected communities in 0.15167546272277832 [s]
solution properties:
-------------------  ----------
# communities        115
min community size    11
max community size   100
avg. community size   43.4696
modularity             0.587484
-------------------  ----------
104 community detected
NMI:0.022006292737367206
ARM:0.05499634462119107
__glovexmax30alpha0.3__
Network Properties for:		G#179cc
nodes, edges			4999, 31176
directed?			False
weighted?			True
isolated nodes			0
self-loops			0
density				0.002496
clustering coefficient		0.164325
min/max/avg degree		4, 75, 12.472895
degree assortativity		0.383725
number of connected components	1
size of largest component	4999 (100.00 %)
tot:  16935.904177502947
__glovexmax30alpha0.3+Louvain__
PLM(balanced,pc,turbo) detected communities in 0.5732505321502686 [s]
solution properties:
-------------------  ----------
# communities         50
min community size    48
max community size   169
avg. community size   99.98
modularity             0.605471
-------------------  ----------
104 community detected
NMI:0.092728383978673
ARM:0.3127752640652879
__glovexmax30alpha0.3+PLP__
PLP detected communities in 0.12601494789123535 [s]
solution properties:
-------------------  ----------
# communities        108
min community size     8
max community size   100
avg. community size   46.287
modularity             0.599859
-------------------  ----------
104 community detected
NMI:0.015723332379983912
ARM:0.033104067091286105
