__LOADINGS__
4994/32598 15.319958279649057 % of nul weighted edges removed
0/5000 0.0 % of nul degree nodes removed
Network Properties for:		network
nodes, edges			5000, 27604
directed?			False
weighted?			True
isolated nodes			0
self-loops			0
density				0.002209
clustering coefficient		0.290535
min/max/avg degree		1, 341, 11.041600
degree assortativity		0.233045
number of connected components	6
size of largest component	4984 (99.68 %)
236508.52028918432
__Groundtruth__
read communities from: ../../lfr_5000/mk500/k15/muw0.3/40/community.dat
-------------------  ----------
# communities         51
min community size     3
max community size   469
avg. community size   98.0392
modularity             0.475463
-------------------  ----------
51 community detected
__CLASSIC_METHODS__
__Louvain__
PLM(balanced,pc,turbo) detected communities in 0.6039772033691406 [s]
solution properties:
-------------------  ----------
# communities         29
min community size     3
max community size   499
avg. community size  172.414
modularity             0.490012
-------------------  ----------
51 community detected
NMI:0.2643305395278839
ARI:0.32821875564985725
__Singleton__
51 community detected
NMI:0.45964250499882586
ARI:1.0
__AllInOne__
51 community detected
NMI:1.0
ARI:1.0
__PLP__
PLP detected communities in 0.13036537170410156 [s]
solution properties:
-------------------  ----------
# communities         81
min community size     1
max community size   533
avg. community size   61.7284
modularity             0.481701
-------------------  ----------
51 community detected
NMI:0.23421506799687708
ARI:0.29632528610382103
__NORMALIZATION__
__glove__
Network Properties for:		G#24
nodes, edges			5000, 27604
directed?			False
weighted?			True
isolated nodes			0
self-loops			0
density				0.002209
clustering coefficient		0.290535
min/max/avg degree		1, 341, 11.041600
degree assortativity		0.233045
number of connected components	6
size of largest component	4984 (99.68 %)
tot:  3321.9926055680244
__glove+Louvain__
PLM(balanced,pc,turbo) detected communities in 0.5363931655883789 [s]
solution properties:
-------------------  ----------
# communities         32
min community size     3
max community size   488
avg. community size  156.25
modularity             0.551254
-------------------  ----------
51 community detected
NMI:0.21305170167741516
ARI:0.25467019599025076
__glove+PLP__
PLP detected communities in 0.12532711029052734 [s]
solution properties:
-------------------  ----------
# communities         81
min community size     2
max community size   520
avg. community size   61.7284
modularity             0.542455
-------------------  ----------
51 community detected
NMI:0.21089005910117942
ARI:0.26144728929492933
__fake_pmi__
Network Properties for:		G#36
nodes, edges			5000, 27604
directed?			False
weighted?			True
isolated nodes			0
self-loops			0
density				0.002209
clustering coefficient		0.290535
min/max/avg degree		1, 341, 11.041600
degree assortativity		0.233045
number of connected components	6
size of largest component	4984 (99.68 %)
tot:  0.0
__fake_pmi+Louvain__
1 community detected due to total edge weight equal 0
NMI:1
ARI:1
__fake_pmi+PLP__
1 community detected due to total edge weight equal 0
NMI:1
ARI:1
__iterative_rev_degree_order__
Network Properties for:		G#39
nodes, edges			5000, 27604
directed?			False
weighted?			True
isolated nodes			0
self-loops			0
density				0.002209
clustering coefficient		0.290535
min/max/avg degree		1, 341, 11.041600
degree assortativity		0.233045
number of connected components	6
size of largest component	4984 (99.68 %)
tot:  1676.0011883796071
__iterative_rev_degree_order+Louvain__
PLM(balanced,pc,turbo) detected communities in 0.6855003833770752 [s]
solution properties:
-------------------  ----------
# communities        124
min community size     2
max community size   139
avg. community size   40.3226
modularity             0.933512
-------------------  ----------
51 community detected
NMI:0.6483989999398636
ARI:0.9300571389808499
__iterative_rev_degree_order+PLP__
PLP detected communities in 0.09418082237243652 [s]
solution properties:
-------------------  -----------
# communities        1452
min community size      2
max community size     22
avg. community size     3.44353
modularity              0.849596
-------------------  -----------
51 community detected
NMI:0.4999085798569073
ARI:0.9862306075623952
__pmi__
Network Properties for:		G#54
nodes, edges			5000, 27604
directed?			False
weighted?			True
isolated nodes			0
self-loops			0
density				0.002209
clustering coefficient		0.290535
min/max/avg degree		1, 341, 11.041600
degree assortativity		0.233045
number of connected components	6
size of largest component	4984 (99.68 %)
tot:  36822.06094552276
__pmi+Louvain__
PLM(balanced,pc,turbo) detected communities in 0.5090031623840332 [s]
solution properties:
-------------------  ---------
# communities         39
min community size     3
max community size   430
avg. community size  128.205
modularity             1.66148
-------------------  ---------
51 community detected
NMI:0.5258510587088683
ARI:0.7474022993590772
__pmi+PLP__
PLP detected communities in 0.1791086196899414 [s]
solution properties:
-------------------  ---------
# communities        956
min community size     1
max community size   177
avg. community size    5.23013
modularity             1.22763
-------------------  ---------
51 community detected
NMI:0.46552180141491206
ARI:0.8909201482638761
__standard__
Network Properties for:		G#66
nodes, edges			5000, 27604
directed?			False
weighted?			True
isolated nodes			0
self-loops			0
density				0.002209
clustering coefficient		0.290535
min/max/avg degree		1, 341, 11.041600
degree assortativity		0.233045
number of connected components	6
size of largest component	4984 (99.68 %)
tot:  43.16202045971353
__standard+Louvain__
PLM(balanced,pc,turbo) detected communities in 0.5884110927581787 [s]
solution properties:
-------------------  ----------
# communities        121
min community size     2
max community size   782
avg. community size   41.3223
modularity             0.951358
-------------------  ----------
51 community detected
NMI:0.5567684779881199
ARI:0.8140140929885898
__standard+PLP__
PLP detected communities in 0.12129378318786621 [s]
solution properties:
-------------------  -----------
# communities        1195
min community size      2
max community size     75
avg. community size     4.1841
modularity              0.848541
-------------------  -----------
51 community detected
NMI:0.48192898499957004
ARI:0.9665359652919908
__ppmi__
Network Properties for:		G#78
nodes, edges			5000, 27604
directed?			False
weighted?			True
isolated nodes			0
self-loops			0
density				0.002209
clustering coefficient		0.290535
min/max/avg degree		1, 341, 11.041600
degree assortativity		0.233045
number of connected components	6
size of largest component	4984 (99.68 %)
tot:  96891.39179736929
__ppmi+Louvain__
PLM(balanced,pc,turbo) detected communities in 0.5148248672485352 [s]
solution properties:
-------------------  ---------
# communities         34
min community size     3
max community size   395
avg. community size  147.059
modularity             0.68122
-------------------  ---------
51 community detected
NMI:0.4063220218554858
ARI:0.5362812707828309
__ppmi+PLP__
PLP detected communities in 0.1657106876373291 [s]
solution properties:
-------------------  ----------
# communities        827
min community size     1
max community size   224
avg. community size    6.04595
modularity             0.522299
-------------------  ----------
51 community detected
NMI:0.4501440501047689
ARI:0.8205951789645383
__glovexmax50alpha0.2__
Network Properties for:		G#90
nodes, edges			5000, 27604
directed?			False
weighted?			True
isolated nodes			0
self-loops			0
density				0.002209
clustering coefficient		0.290535
min/max/avg degree		1, 341, 11.041600
degree assortativity		0.233045
number of connected components	6
size of largest component	4984 (99.68 %)
tot:  13500.505044549538
__glovexmax50alpha0.2+Louvain__
PLM(balanced,pc,turbo) detected communities in 0.5964655876159668 [s]
solution properties:
-------------------  ----------
# communities         34
min community size     3
max community size   441
avg. community size  147.059
modularity             0.629829
-------------------  ----------
51 community detected
NMI:0.12808803990808304
ARI:0.15091974252031148
__glovexmax50alpha0.2+PLP__
PLP detected communities in 0.13859176635742188 [s]
solution properties:
-------------------  ----------
# communities         80
min community size     1
max community size   464
avg. community size   62.5
modularity             0.622367
-------------------  ----------
51 community detected
NMI:0.13425379085435374
ARI:0.1564038498945245
__glovexmax40alpha0.2__
Network Properties for:		G#102
nodes, edges			5000, 27604
directed?			False
weighted?			True
isolated nodes			0
self-loops			0
density				0.002209
clustering coefficient		0.290535
min/max/avg degree		1, 341, 11.041600
degree assortativity		0.233045
number of connected components	6
size of largest component	4984 (99.68 %)
tot:  14073.621124587069
__glovexmax40alpha0.2+Louvain__
PLM(balanced,pc,turbo) detected communities in 0.5977027416229248 [s]
solution properties:
-------------------  ----------
# communities         27
min community size     3
max community size   445
avg. community size  185.185
modularity             0.630417
-------------------  ----------
51 community detected
NMI:0.1437299642272054
ARI:0.16422837989389982
__glovexmax40alpha0.2+PLP__
PLP detected communities in 0.13069796562194824 [s]
solution properties:
-------------------  ----------
# communities         79
min community size     2
max community size   465
avg. community size   63.2911
modularity             0.625379
-------------------  ----------
51 community detected
NMI:0.1319370776903882
ARI:0.15510307122483502
__glovexmax30alpha0.3__
Network Properties for:		G#114
nodes, edges			5000, 27604
directed?			False
weighted?			True
isolated nodes			0
self-loops			0
density				0.002209
clustering coefficient		0.290535
min/max/avg degree		1, 341, 11.041600
degree assortativity		0.233045
number of connected components	6
size of largest component	4984 (99.68 %)
tot:  12279.759343994889
__glovexmax30alpha0.3+Louvain__
PLM(balanced,pc,turbo) detected communities in 0.5251576900482178 [s]
solution properties:
-------------------  ----------
# communities         29
min community size     3
max community size   455
avg. community size  172.414
modularity             0.625415
-------------------  ----------
51 community detected
NMI:0.15422533770874547
ARI:0.18238911122996626
__glovexmax30alpha0.3+PLP__
PLP detected communities in 0.12056136131286621 [s]
solution properties:
-------------------  ----------
# communities         80
min community size     1
max community size   473
avg. community size   62.5
modularity             0.607957
-------------------  ----------
51 community detected
NMI:0.1574216595075404
ARI:0.1943203639909602
NMI classement:
[('NMIglovexmax50alpha0.2+Louvain', 0.12808803990808304), ('NMIglovexmax40alpha0.2+PLP', 0.1319370776903882), ('NMIglovexmax50alpha0.2+PLP', 0.13425379085435374), ('NMIglovexmax40alpha0.2+Louvain', 0.1437299642272054), ('NMIglovexmax30alpha0.3+Louvain', 0.15422533770874547), ('NMIglovexmax30alpha0.3+PLP', 0.1574216595075404), ('NMIglove+PLP', 0.21089005910117942), ('NMIglove+Louvain', 0.21305170167741516), ('NMIPLP', 0.23421506799687708), ('NMILouvain', 0.2643305395278839), ('NMIppmi+Louvain', 0.4063220218554858), ('NMIppmi+PLP', 0.4501440501047689), ('NMISingleton', 0.45964250499882586), ('NMIpmi+PLP', 0.46552180141491206), ('NMIstandard+PLP', 0.48192898499957004), ('NMIiterative_rev_degree_order+PLP', 0.4999085798569073), ('NMIpmi+Louvain', 0.5258510587088683), ('NMIstandard+Louvain', 0.5567684779881199), ('NMIiterative_rev_degree_order+Louvain', 0.6483989999398636), ('NMIAllInOne', 1.0), ('NMIfake_pmi+Louvain', 1), ('NMIfake_pmi+PLP', 1)]
ARI classement:
[('ARIglovexmax50alpha0.2+Louvain', 0.15091974252031148), ('ARIglovexmax40alpha0.2+PLP', 0.15510307122483502), ('ARIglovexmax50alpha0.2+PLP', 0.1564038498945245), ('ARIglovexmax40alpha0.2+Louvain', 0.16422837989389982), ('ARIglovexmax30alpha0.3+Louvain', 0.18238911122996626), ('ARIglovexmax30alpha0.3+PLP', 0.1943203639909602), ('ARIglove+Louvain', 0.25467019599025076), ('ARIglove+PLP', 0.26144728929492933), ('ARIPLP', 0.29632528610382103), ('ARILouvain', 0.32821875564985725), ('ARIppmi+Louvain', 0.5362812707828309), ('ARIpmi+Louvain', 0.7474022993590772), ('ARIstandard+Louvain', 0.8140140929885898), ('ARIppmi+PLP', 0.8205951789645383), ('ARIpmi+PLP', 0.8909201482638761), ('ARIiterative_rev_degree_order+Louvain', 0.9300571389808499), ('ARIstandard+PLP', 0.9665359652919908), ('ARIiterative_rev_degree_order+PLP', 0.9862306075623952), ('ARISingleton', 1.0), ('ARIAllInOne', 1.0), ('ARIfake_pmi+Louvain', 1), ('ARIfake_pmi+PLP', 1)]
