__LOADINGS__
Network Properties for:		network
nodes, edges			5000, 31044
directed?			False
weighted?			True
isolated nodes			1
self-loops			0
density				0.002484
clustering coefficient		0.391590
min/max/avg degree		0, 80, 12.417600
degree assortativity		0.306274
number of connected components	2
size of largest component	4999 (99.98 %)
164321.43546958535
__Groundtruth__
read communities from: ../../lfr_5000/mk100/k15/muw0.2/7/community.dat
-------------------  ----------
# communities        104
min community size    20
max community size    99
avg. community size   48.0769
modularity             0.800845
-------------------  ----------
104 community detected
__CLASSIC_METHODS__
__Louvain__
PLM(balanced,pc,turbo) detected communities in 0.42707180976867676 [s]
solution properties:
-------------------  ----------
# communities         60
min community size     1
max community size   154
avg. community size   83.3333
modularity             0.803185
-------------------  ----------
104 community detected
NMI:0.06559741044529921
ARM:0.23375223429121406
__Singleton__
104 community detected
NMI:0.3047814955401733
ARM:1.0
__AllInOne__
104 community detected
NMI:1.0
ARM:1.0
__PLP__
PLP detected communities in 0.1462409496307373 [s]
solution properties:
-------------------  ----------
# communities        109
min community size     1
max community size   100
avg. community size   45.8716
modularity             0.799713
-------------------  ----------
104 community detected
NMI:0.009004688086933221
ARM:0.017423245536876575
__NORMALIZATION__
__glove__
Network Properties for:		G#21cc
nodes, edges			4999, 31044
directed?			False
weighted?			True
isolated nodes			0
self-loops			0
density				0.002485
clustering coefficient		0.391669
min/max/avg degree		2, 80, 12.420084
degree assortativity		0.306274
number of connected components	1
size of largest component	4999 (100.00 %)
tot:  3183.6892404816745
__glove+Louvain__
PLM(balanced,pc,turbo) detected communities in 0.4349658489227295 [s]
solution properties:
-------------------  ----------
# communities         58
min community size    43
max community size   147
avg. community size   86.1897
modularity             0.810998
-------------------  ----------
104 community detected
NMI:0.0629414603565922
ARM:0.2281124077659742
__glove+PLP__
PLP detected communities in 0.10222196578979492 [s]
solution properties:
-------------------  ----------
# communities        108
min community size     9
max community size   100
avg. community size   46.287
modularity             0.807791
-------------------  ----------
104 community detected
NMI:0.005765471469586947
ARM:0.011787494056947678
__fake_pmi__
Network Properties for:		G#40cc
nodes, edges			4999, 31044
directed?			False
weighted?			True
isolated nodes			0
self-loops			0
density				0.002485
clustering coefficient		0.391669
min/max/avg degree		2, 80, 12.420084
degree assortativity		0.306274
number of connected components	1
size of largest component	4999 (100.00 %)
tot:  0.0
__fake_pmi+Louvain__
1 community detected due to total edge weight equal 0
NMI:1
ARM:0.011787494056947678
__fake_pmi+PLP__
1 community detected due to total edge weight equal 0
NMI:1
ARM:0.011787494056947678
__iterative_rev_degree_order__
Network Properties for:		G#53cc
nodes, edges			4999, 31044
directed?			False
weighted?			True
isolated nodes			0
self-loops			0
density				0.002485
clustering coefficient		0.391669
min/max/avg degree		2, 80, 12.420084
degree assortativity		0.306274
number of connected components	1
size of largest component	4999 (100.00 %)
tot:  1548.0427533339318
__iterative_rev_degree_order+Louvain__
PLM(balanced,pc,turbo) detected communities in 0.7571215629577637 [s]
solution properties:
-------------------  ----------
# communities         50
min community size    55
max community size   179
avg. community size   99.98
modularity             0.844895
-------------------  ----------
104 community detected
NMI:0.40889559809438447
ARM:0.7330381656731554
__iterative_rev_degree_order+PLP__
PLP detected communities in 0.09167981147766113 [s]
solution properties:
-------------------  -----------
# communities        1430
min community size      2
max community size     11
avg. community size     3.4958
modularity              0.681352
-------------------  -----------
104 community detected
NMI:0.3044626544643124
ARM:0.9391533346500757
__pmi__
Network Properties for:		G#78cc
nodes, edges			4999, 31044
directed?			False
weighted?			True
isolated nodes			0
self-loops			0
density				0.002485
clustering coefficient		0.391669
min/max/avg degree		2, 80, 12.420084
degree assortativity		0.306274
number of connected components	1
size of largest component	4999 (100.00 %)
tot:  182396.74786884442
__pmi+Louvain__
PLM(balanced,pc,turbo) detected communities in 0.4833383560180664 [s]
solution properties:
-------------------  ----------
# communities         62
min community size    44
max community size   148
avg. community size   80.629
modularity             0.820162
-------------------  ----------
104 community detected
NMI:0.05571596788892308
ARM:0.20661993901645648
__pmi+PLP__
PLP detected communities in 0.11892509460449219 [s]
solution properties:
-------------------  ----------
# communities        107
min community size     2
max community size   100
avg. community size   46.7196
modularity             0.818187
-------------------  ----------
104 community detected
NMI:0.0040322201186101525
ARM:0.008970946526398849
__standard__
Network Properties for:		G#97cc
nodes, edges			4999, 31044
directed?			False
weighted?			True
isolated nodes			0
self-loops			0
density				0.002485
clustering coefficient		0.391669
min/max/avg degree		2, 80, 12.420084
degree assortativity		0.306274
number of connected components	1
size of largest component	4999 (100.00 %)
tot:  33.90761600365918
__standard+Louvain__
PLM(balanced,pc,turbo) detected communities in 0.6062979698181152 [s]
solution properties:
-------------------  ----------
# communities         50
min community size    25
max community size   339
avg. community size   99.98
modularity             0.853079
-------------------  ----------
104 community detected
NMI:0.22301334291493524
ARM:0.5810133418678616
__standard+PLP__
PLP detected communities in 0.16312909126281738 [s]
solution properties:
-------------------  ---------
# communities        542
min community size     1
max community size    74
avg. community size    9.22325
modularity             0.71619
-------------------  ---------
104 community detected
NMI:0.17021976740695588
ARM:0.4057947156144539
__ppmi__
Network Properties for:		G#119cc
nodes, edges			4999, 31044
directed?			False
weighted?			True
isolated nodes			0
self-loops			0
density				0.002485
clustering coefficient		0.391669
min/max/avg degree		2, 80, 12.420084
degree assortativity		0.306274
number of connected components	1
size of largest component	4999 (100.00 %)
tot:  187000.93710105584
__ppmi+Louvain__
PLM(balanced,pc,turbo) detected communities in 0.4561903476715088 [s]
solution properties:
-------------------  ----------
# communities         69
min community size    39
max community size   144
avg. community size   72.4493
modularity             0.817885
-------------------  ----------
104 community detected
NMI:0.03981095085330577
ARM:0.14438075165565922
__ppmi+PLP__
PLP detected communities in 0.15081048011779785 [s]
solution properties:
-------------------  ----------
# communities        110
min community size     3
max community size   100
avg. community size   45.4455
modularity             0.812254
-------------------  ----------
104 community detected
NMI:0.0031115531887486725
ARM:0.006452704846933388
__glovexmax50alpha0.2__
Network Properties for:		G#138cc
nodes, edges			4999, 31044
directed?			False
weighted?			True
isolated nodes			0
self-loops			0
density				0.002485
clustering coefficient		0.391669
min/max/avg degree		2, 80, 12.420084
degree assortativity		0.306274
number of connected components	1
size of largest component	4999 (100.00 %)
tot:  18136.795746897587
__glovexmax50alpha0.2+Louvain__
PLM(balanced,pc,turbo) detected communities in 0.4140894412994385 [s]
solution properties:
-------------------  ----------
# communities         71
min community size    33
max community size   122
avg. community size   70.4085
modularity             0.815723
-------------------  ----------
104 community detected
NMI:0.037347633981972606
ARM:0.13669280083564184
__glovexmax50alpha0.2+PLP__
PLP detected communities in 0.15482521057128906 [s]
solution properties:
-------------------  ----------
# communities        105
min community size    10
max community size   100
avg. community size   47.6095
modularity             0.814645
-------------------  ----------
104 community detected
NMI:0.0015408324457543143
ARM:0.0035122753848911836
__glovexmax40alpha0.2__
Network Properties for:		G#157cc
nodes, edges			4999, 31044
directed?			False
weighted?			True
isolated nodes			0
self-loops			0
density				0.002485
clustering coefficient		0.391669
min/max/avg degree		2, 80, 12.420084
degree assortativity		0.306274
number of connected components	1
size of largest component	4999 (100.00 %)
tot:  18964.354840543925
__glovexmax40alpha0.2+Louvain__
PLM(balanced,pc,turbo) detected communities in 0.46481823921203613 [s]
solution properties:
-------------------  ----------
# communities         58
min community size    44
max community size   127
avg. community size   86.1897
modularity             0.815206
-------------------  ----------
104 community detected
NMI:0.05906801433242903
ARM:0.21576471439182554
__glovexmax40alpha0.2+PLP__
PLP detected communities in 0.10747742652893066 [s]
solution properties:
-------------------  ----------
# communities        104
min community size    20
max community size   100
avg. community size   48.0673
modularity             0.815373
-------------------  ----------
104 community detected
NMI:0.0012072680729663388
ARM:0.00308912060222033
__glovexmax30alpha0.3__
Network Properties for:		G#176cc
nodes, edges			4999, 31044
directed?			False
weighted?			True
isolated nodes			0
self-loops			0
density				0.002485
clustering coefficient		0.391669
min/max/avg degree		2, 80, 12.420084
degree assortativity		0.306274
number of connected components	1
size of largest component	4999 (100.00 %)
tot:  16592.3187560347
__glovexmax30alpha0.3+Louvain__
PLM(balanced,pc,turbo) detected communities in 0.30405759811401367 [s]
solution properties:
-------------------  ----------
# communities         60
min community size    44
max community size   127
avg. community size   83.3167
modularity             0.817281
-------------------  ----------
104 community detected
NMI:0.056140612311095794
ARM:0.2057941917091286
__glovexmax30alpha0.3+PLP__
PLP detected communities in 0.05845952033996582 [s]
solution properties:
-------------------  ----------
# communities        106
min community size     9
max community size   100
avg. community size   47.1604
modularity             0.815943
-------------------  ----------
104 community detected
NMI:0.0023222182420055137
ARM:0.0050543954246642375
