__LOADINGS__
Network Properties for:		network
nodes, edges			5000, 56557
directed?			False
weighted?			True
isolated nodes			1
self-loops			0
density				0.004525
clustering coefficient		0.484024
min/max/avg degree		0, 390, 22.622800
degree assortativity		0.186473
number of connected components	2
size of largest component	4999 (99.98 %)
520486.57553039753
__Groundtruth__
read communities from: ../../lfr_5000/mk500/k25/muw0.2/1/community.dat
-------------------  ----------
# communities         45
min community size     6
max community size   473
avg. community size  111.111
modularity             0.649358
-------------------  ----------
45 community detected
__CLASSIC_METHODS__
__Louvain__
PLM(balanced,pc,turbo) detected communities in 0.20495939254760742 [s]
solution properties:
-------------------  ---------
# communities         32
min community size     1
max community size   479
avg. community size  156.25
modularity             0.65176
-------------------  ---------
45 community detected
NMI:0.03634243423898831
ARM:0.03644182736956503
__Singleton__
45 community detected
NMI:0.4611691217645686
ARM:1.0
__AllInOne__
45 community detected
NMI:1.0
ARM:1.0
__PLP__
PLP detected communities in 0.08050894737243652 [s]
solution properties:
-------------------  ----------
# communities         46
min community size     1
max community size   479
avg. community size  108.696
modularity             0.651644
-------------------  ----------
45 community detected
NMI:0.014155902244223473
ARM:0.018184014708491736
__NORMALIZATION__
__glove__
Network Properties for:		G#21cc
nodes, edges			4999, 56557
directed?			False
weighted?			True
isolated nodes			0
self-loops			0
density				0.004527
clustering coefficient		0.484121
min/max/avg degree		5, 390, 22.627325
degree assortativity		0.186473
number of connected components	1
size of largest component	4999 (100.00 %)
tot:  7672.675002855133
__glove+Louvain__
PLM(balanced,pc,turbo) detected communities in 0.19459939002990723 [s]
solution properties:
-------------------  ----------
# communities         26
min community size     6
max community size   476
avg. community size  192.269
modularity             0.690585
-------------------  ----------
45 community detected
NMI:0.034934813687647726
ARM:0.03147186275673752
__glove+PLP__
PLP detected communities in 0.07575607299804688 [s]
solution properties:
-------------------  ----------
# communities         45
min community size     6
max community size   477
avg. community size  111.089
modularity             0.690508
-------------------  ----------
45 community detected
NMI:0.009853540848230868
ARM:0.012316543632171717
__fake_pmi__
Network Properties for:		G#40cc
nodes, edges			4999, 56557
directed?			False
weighted?			True
isolated nodes			0
self-loops			0
density				0.004527
clustering coefficient		0.484121
min/max/avg degree		5, 390, 22.627325
degree assortativity		0.186473
number of connected components	1
size of largest component	4999 (100.00 %)
tot:  0.0
__fake_pmi+Louvain__
1 community detected due to total edge weight equal 0
NMI:1
ARM:0.012316543632171717
__fake_pmi+PLP__
1 community detected due to total edge weight equal 0
NMI:1
ARM:0.012316543632171717
__iterative_rev_degree_order__
Network Properties for:		G#53cc
nodes, edges			4999, 56557
directed?			False
weighted?			True
isolated nodes			0
self-loops			0
density				0.004527
clustering coefficient		0.484121
min/max/avg degree		5, 390, 22.627325
degree assortativity		0.186473
number of connected components	1
size of largest component	4999 (100.00 %)
tot:  1544.0182904671274
__iterative_rev_degree_order+Louvain__
PLM(balanced,pc,turbo) detected communities in 0.3601715564727783 [s]
solution properties:
-------------------  ----------
# communities         70
min community size     2
max community size   249
avg. community size   71.4143
modularity             0.866561
-------------------  ----------
45 community detected
NMI:0.6069478580715166
ARM:0.8500513170695588
__iterative_rev_degree_order+PLP__
PLP detected communities in 0.06964826583862305 [s]
solution properties:
-------------------  -----------
# communities        1484
min community size      2
max community size     13
avg. community size     3.3686
modularity              0.733466
-------------------  -----------
45 community detected
NMI:0.501115328624631
ARM:0.989040507752146
__pmi__
Network Properties for:		G#78cc
nodes, edges			4999, 56557
directed?			False
weighted?			True
isolated nodes			0
self-loops			0
density				0.004527
clustering coefficient		0.484121
min/max/avg degree		5, 390, 22.627325
degree assortativity		0.186473
number of connected components	1
size of largest component	4999 (100.00 %)
tot:  109510.88671241463
__pmi+Louvain__
PLM(balanced,pc,turbo) detected communities in 0.13959097862243652 [s]
solution properties:
-------------------  ----------
# communities          32
min community size      7
max community size   1468
avg. community size   156.219
modularity              1.21201
-------------------  ----------
45 community detected
NMI:0.19374736416014948
ARM:0.5073423131526487
__pmi+PLP__
PLP detected communities in 0.08577370643615723 [s]
solution properties:
-------------------  ---------
# communities         51
min community size     2
max community size   480
avg. community size   98.0196
modularity             1.19941
-------------------  ---------
45 community detected
NMI:0.11701602153744417
ARM:0.16919975393240683
__standard__
Network Properties for:		G#97cc
nodes, edges			4999, 56557
directed?			False
weighted?			True
isolated nodes			0
self-loops			0
density				0.004527
clustering coefficient		0.484121
min/max/avg degree		5, 390, 22.627325
degree assortativity		0.186473
number of connected components	1
size of largest component	4999 (100.00 %)
tot:  12.31619670018919
__standard+Louvain__
PLM(balanced,pc,turbo) detected communities in 0.49196410179138184 [s]
solution properties:
-------------------  -----------
# communities          49
min community size      2
max community size   1446
avg. community size   102.02
modularity              0.914486
-------------------  -----------
45 community detected
NMI:0.41862153121940426
ARM:0.709967512692462
__standard+PLP__
PLP detected communities in 0.08740735054016113 [s]
solution properties:
-------------------  ---------
# communities        762
min community size     2
max community size   206
avg. community size    6.56037
modularity             0.81885
-------------------  ---------
45 community detected
NMI:0.42142067647765336
ARM:0.738465361307911
__ppmi__
Network Properties for:		G#119cc
nodes, edges			4999, 56557
directed?			False
weighted?			True
isolated nodes			0
self-loops			0
density				0.004527
clustering coefficient		0.484121
min/max/avg degree		5, 390, 22.627325
degree assortativity		0.186473
number of connected components	1
size of largest component	4999 (100.00 %)
tot:  190543.44768572418
__ppmi+Louvain__
PLM(balanced,pc,turbo) detected communities in 0.2500619888305664 [s]
solution properties:
-------------------  ----------
# communities         27
min community size    41
max community size   465
avg. community size  185.148
modularity             0.776398
-------------------  ----------
45 community detected
NMI:0.034203579312210186
ARM:0.033081153011290776
__ppmi+PLP__
PLP detected communities in 0.03425431251525879 [s]
solution properties:
-------------------  ----------
# communities         45
min community size     2
max community size   898
avg. community size  111.089
modularity             0.772783
-------------------  ----------
45 community detected
NMI:0.029799384611641222
ARM:0.14476568319374616
__glovexmax50alpha0.2__
Network Properties for:		G#138cc
nodes, edges			4999, 56557
directed?			False
weighted?			True
isolated nodes			0
self-loops			0
density				0.004527
clustering coefficient		0.484121
min/max/avg degree		5, 390, 22.627325
degree assortativity		0.186473
number of connected components	1
size of largest component	4999 (100.00 %)
tot:  30603.289608275132
__glovexmax50alpha0.2+Louvain__
PLM(balanced,pc,turbo) detected communities in 0.2805471420288086 [s]
solution properties:
-------------------  ---------
# communities         34
min community size     6
max community size   473
avg. community size  147.029
modularity             0.74442
-------------------  ---------
45 community detected
NMI:0.01213971123928581
ARM:0.008290552701012754
__glovexmax50alpha0.2+PLP__
PLP detected communities in 0.0987849235534668 [s]
solution properties:
-------------------  ----------
# communities         45
min community size     6
max community size   473
avg. community size  111.089
modularity             0.744299
-------------------  ----------
45 community detected
NMI:0.0
ARM:0.0
__glovexmax40alpha0.2__
Network Properties for:		G#157cc
nodes, edges			4999, 56557
directed?			False
weighted?			True
isolated nodes			0
self-loops			0
density				0.004527
clustering coefficient		0.484121
min/max/avg degree		5, 390, 22.627325
degree assortativity		0.186473
number of connected components	1
size of largest component	4999 (100.00 %)
tot:  31913.575881315206
__glovexmax40alpha0.2+Louvain__
PLM(balanced,pc,turbo) detected communities in 0.43989992141723633 [s]
solution properties:
-------------------  ----------
# communities         29
min community size     6
max community size   473
avg. community size  172.379
modularity             0.744948
-------------------  ----------
45 community detected
NMI:0.01794182562854163
ARM:0.013591296433320688
__glovexmax40alpha0.2+PLP__
PLP detected communities in 0.10418462753295898 [s]
solution properties:
-------------------  ----------
# communities         45
min community size     6
max community size   473
avg. community size  111.089
modularity             0.744891
-------------------  ----------
45 community detected
NMI:0.0
ARM:0.0
__glovexmax30alpha0.3__
Network Properties for:		G#176cc
nodes, edges			4999, 56557
directed?			False
weighted?			True
isolated nodes			0
self-loops			0
density				0.004527
clustering coefficient		0.484121
min/max/avg degree		5, 390, 22.627325
degree assortativity		0.186473
number of connected components	1
size of largest component	4999 (100.00 %)
tot:  28319.426315684
__glovexmax30alpha0.3+Louvain__
PLM(balanced,pc,turbo) detected communities in 0.37545037269592285 [s]
solution properties:
-------------------  ----------
# communities         34
min community size     6
max community size   474
avg. community size  147.029
modularity             0.742293
-------------------  ----------
45 community detected
NMI:0.013347066963993681
ARM:0.009579164567288134
__glovexmax30alpha0.3+PLP__
PLP detected communities in 0.09883689880371094 [s]
solution properties:
-------------------  ---------
# communities         45
min community size     6
max community size   474
avg. community size  111.089
modularity             0.74217
-------------------  ---------
45 community detected
NMI:0.000453123973539471
ARM:0.000683953690666983
