__LOADINGS__
Network Properties for:		network
nodes, edges			5000, 56245
directed?			False
weighted?			True
isolated nodes			1
self-loops			0
density				0.004501
clustering coefficient		0.313886
min/max/avg degree		0, 83, 22.498000
degree assortativity		0.392818
number of connected components	2
size of largest component	4999 (99.98 %)
337698.64591871476
__Groundtruth__
read communities from: ../../lfr_5000/mk100/k25/muw0.3/3/community.dat
-------------------  ----------
# communities        104
min community size    20
max community size    99
avg. community size   48.0769
modularity             0.708015
-------------------  ----------
104 community detected
__CLASSIC_METHODS__
__Louvain__
PLM(balanced,pc,turbo) detected communities in 0.42855286598205566 [s]
solution properties:
-------------------  ----------
# communities         62
min community size     1
max community size   144
avg. community size   80.6452
modularity             0.708806
-------------------  ----------
104 community detected
NMI:0.054161390030835754
ARM:0.20157800751081767
__Singleton__
104 community detected
NMI:0.3047814955401703
ARM:1.0
__AllInOne__
104 community detected
NMI:1.0
ARM:1.0
__PLP__
PLP detected communities in 0.06638383865356445 [s]
solution properties:
-------------------  ----------
# communities        105
min community size     1
max community size    99
avg. community size   47.619
modularity             0.708293
-------------------  ----------
104 community detected
NMI:0.0012911693779669164
ARM:0.002920082507265054
__NORMALIZATION__
__glove__
Network Properties for:		G#21cc
nodes, edges			4999, 56245
directed?			False
weighted?			True
isolated nodes			0
self-loops			0
density				0.004502
clustering coefficient		0.313948
min/max/avg degree		1, 83, 22.502501
degree assortativity		0.392818
number of connected components	1
size of largest component	4999 (100.00 %)
tot:  6601.456418691188
__glove+Louvain__
PLM(balanced,pc,turbo) detected communities in 0.45287203788757324 [s]
solution properties:
-------------------  ----------
# communities         55
min community size    59
max community size   144
avg. community size   90.8909
modularity             0.710732
-------------------  ----------
104 community detected
NMI:0.06684518844646259
ARM:0.25100209862193157
__glove+PLP__
PLP detected communities in 0.051119089126586914 [s]
solution properties:
-------------------  ----------
# communities        104
min community size    20
max community size    99
avg. community size   48.0673
modularity             0.710965
-------------------  ----------
104 community detected
NMI:0.0011757316955851582
ARM:0.002674745969428516
__fake_pmi__
Network Properties for:		G#40cc
nodes, edges			4999, 56245
directed?			False
weighted?			True
isolated nodes			0
self-loops			0
density				0.004502
clustering coefficient		0.313948
min/max/avg degree		1, 83, 22.502501
degree assortativity		0.392818
number of connected components	1
size of largest component	4999 (100.00 %)
tot:  0.0
__fake_pmi+Louvain__
1 community detected due to total edge weight equal 0
NMI:1
ARM:0.002674745969428516
__fake_pmi+PLP__
1 community detected due to total edge weight equal 0
NMI:1
ARM:0.002674745969428516
__iterative_rev_degree_order__
Network Properties for:		G#53cc
nodes, edges			4999, 56245
directed?			False
weighted?			True
isolated nodes			0
self-loops			0
density				0.004502
clustering coefficient		0.313948
min/max/avg degree		1, 83, 22.502501
degree assortativity		0.392818
number of connected components	1
size of largest component	4999 (100.00 %)
tot:  1099.1840954784568
__iterative_rev_degree_order+Louvain__
PLM(balanced,pc,turbo) detected communities in 0.7438240051269531 [s]
solution properties:
-------------------  ----------
# communities         35
min community size    82
max community size   202
avg. community size  142.829
modularity             0.730339
-------------------  ----------
104 community detected
NMI:0.5687535154897283
ARM:0.8740405993895035
__iterative_rev_degree_order+PLP__
PLP detected communities in 0.10956764221191406 [s]
solution properties:
-------------------  -----------
# communities        1080
min community size      2
max community size     18
avg. community size     4.6287
modularity              0.598269
-------------------  -----------
104 community detected
NMI:0.3292409609252106
ARM:0.925170328408482
__pmi__
Network Properties for:		G#78cc
nodes, edges			4999, 56245
directed?			False
weighted?			True
isolated nodes			0
self-loops			0
density				0.004502
clustering coefficient		0.313948
min/max/avg degree		1, 83, 22.502501
degree assortativity		0.392818
number of connected components	1
size of largest component	4999 (100.00 %)
tot:  334631.00700765784
__pmi+Louvain__
PLM(balanced,pc,turbo) detected communities in 0.5079898834228516 [s]
solution properties:
-------------------  ----------
# communities         60
min community size    51
max community size   125
avg. community size   83.3167
modularity             0.714782
-------------------  ----------
104 community detected
NMI:0.05385653778138921
ARM:0.1941302493559991
__pmi+PLP__
PLP detected communities in 0.08546614646911621 [s]
solution properties:
-------------------  ----------
# communities        100
min community size    20
max community size   162
avg. community size   49.99
modularity             0.715299
-------------------  ----------
104 community detected
NMI:0.00668695599368585
ARM:0.040878473149315475
__standard__
Network Properties for:		G#97cc
nodes, edges			4999, 56245
directed?			False
weighted?			True
isolated nodes			0
self-loops			0
density				0.004502
clustering coefficient		0.313948
min/max/avg degree		1, 83, 22.502501
degree assortativity		0.392818
number of connected components	1
size of largest component	4999 (100.00 %)
tot:  17.52851769592785
__standard+Louvain__
PLM(balanced,pc,turbo) detected communities in 0.6911263465881348 [s]
solution properties:
-------------------  ----------
# communities         53
min community size    21
max community size   242
avg. community size   94.3208
modularity             0.716914
-------------------  ----------
104 community detected
NMI:0.12988194257558316
ARM:0.40401016874286333
__standard+PLP__
PLP detected communities in 0.11696028709411621 [s]
solution properties:
-------------------  ----------
# communities        161
min community size     2
max community size   125
avg. community size   31.0497
modularity             0.704297
-------------------  ----------
104 community detected
NMI:0.06018028883278803
ARM:0.14093616113491314
__ppmi__
Network Properties for:		G#119cc
nodes, edges			4999, 56245
directed?			False
weighted?			True
isolated nodes			0
self-loops			0
density				0.004502
clustering coefficient		0.313948
min/max/avg degree		1, 83, 22.502501
degree assortativity		0.392818
number of connected components	1
size of largest component	4999 (100.00 %)
tot:  336391.6757769469
__ppmi+Louvain__
PLM(balanced,pc,turbo) detected communities in 0.44464707374572754 [s]
solution properties:
-------------------  ----------
# communities         64
min community size    41
max community size   114
avg. community size   78.1094
modularity             0.713452
-------------------  ----------
104 community detected
NMI:0.046783811602082226
ARM:0.16794971396285052
__ppmi+PLP__
PLP detected communities in 0.05716395378112793 [s]
solution properties:
-------------------  ---------
# communities        103
min community size    20
max community size   102
avg. community size   48.534
modularity             0.71372
-------------------  ---------
104 community detected
NMI:0.0021388696494859527
ARM:0.009649083040699113
__glovexmax50alpha0.2__
Network Properties for:		G#138cc
nodes, edges			4999, 56245
directed?			False
weighted?			True
isolated nodes			0
self-loops			0
density				0.004502
clustering coefficient		0.313948
min/max/avg degree		1, 83, 22.502501
degree assortativity		0.392818
number of connected components	1
size of largest component	4999 (100.00 %)
tot:  35493.75621104696
__glovexmax50alpha0.2+Louvain__
PLM(balanced,pc,turbo) detected communities in 0.3025848865509033 [s]
solution properties:
-------------------  ----------
# communities         69
min community size    42
max community size   131
avg. community size   72.4493
modularity             0.710845
-------------------  ----------
104 community detected
NMI:0.038625352421540415
ARM:0.13769233112945978
__glovexmax50alpha0.2+PLP__
PLP detected communities in 0.047644615173339844 [s]
solution properties:
-------------------  ----------
# communities        104
min community size    20
max community size    99
avg. community size   48.0673
modularity             0.710711
-------------------  ----------
104 community detected
NMI:0.0007093774559288057
ARM:0.001655413835885522
__glovexmax40alpha0.2__
Network Properties for:		G#157cc
nodes, edges			4999, 56245
directed?			False
weighted?			True
isolated nodes			0
self-loops			0
density				0.004502
clustering coefficient		0.313948
min/max/avg degree		1, 83, 22.502501
degree assortativity		0.392818
number of connected components	1
size of largest component	4999 (100.00 %)
tot:  37113.67536430306
__glovexmax40alpha0.2+Louvain__
PLM(balanced,pc,turbo) detected communities in 0.32361507415771484 [s]
solution properties:
-------------------  ----------
# communities         55
min community size    58
max community size   139
avg. community size   90.8909
modularity             0.709923
-------------------  ----------
104 community detected
NMI:0.06572315903811754
ARM:0.2455507062944361
__glovexmax40alpha0.2+PLP__
PLP detected communities in 0.08704471588134766 [s]
solution properties:
-------------------  ----------
# communities        104
min community size    20
max community size    99
avg. community size   48.0673
modularity             0.710711
-------------------  ----------
104 community detected
NMI:0.0007093774559286947
ARM:0.001655413835885522
__glovexmax30alpha0.3__
Network Properties for:		G#176cc
nodes, edges			4999, 56245
directed?			False
weighted?			True
isolated nodes			0
self-loops			0
density				0.004502
clustering coefficient		0.313948
min/max/avg degree		1, 83, 22.502501
degree assortativity		0.392818
number of connected components	1
size of largest component	4999 (100.00 %)
tot:  33197.85897836203
__glovexmax30alpha0.3+Louvain__
PLM(balanced,pc,turbo) detected communities in 0.3072817325592041 [s]
solution properties:
-------------------  ---------
# communities         54
min community size    59
max community size   142
avg. community size   92.5741
modularity             0.71109
-------------------  ---------
104 community detected
NMI:0.06859742009396641
ARM:0.25886338291918276
__glovexmax30alpha0.3+PLP__
PLP detected communities in 0.048586130142211914 [s]
solution properties:
-------------------  ---------
# communities        104
min community size    20
max community size    99
avg. community size   48.0673
modularity             0.71194
-------------------  ---------
104 community detected
NMI:0.0007093774559286947
ARM:0.001655413835885522
