__LOADINGS__
4990/62113 8.03374494872249 % of nul weighted edges removed
0/5000 0.0 % of nul degree nodes removed
Network Properties for:		network
nodes, edges			5000, 57123
directed?			False
weighted?			True
isolated nodes			0
self-loops			0
density				0.004571
clustering coefficient		0.243022
min/max/avg degree		1, 224, 22.849200
degree assortativity		0.277078
number of connected components	1
size of largest component	5000 (100.00 %)
449149.96764233906
__Groundtruth__
read communities from: ../../lfr_5000/mk300/k25/muw0.4/35/community.dat
-------------------  ----------
# communities         40
min community size    89
max community size   180
avg. community size  125
modularity             0.539834
-------------------  ----------
40 community detected
__CLASSIC_METHODS__
__Louvain__
PLM(balanced,pc,turbo) detected communities in 0.2053849697113037 [s]
solution properties:
-------------------  ---------
# communities         19
min community size   146
max community size   390
avg. community size  263.158
modularity             0.53355
-------------------  ---------
40 community detected
NMI:0.1527543896149881
ARI:0.40664804746378314
__Singleton__
40 community detected
NMI:0.3983004112753803
ARI:1.0
__AllInOne__
40 community detected
NMI:1.0
ARI:1.0
__PLP__
PLP detected communities in 0.03424334526062012 [s]
solution properties:
-------------------  ---------
# communities         40
min community size    88
max community size   181
avg. community size  125
modularity             0.54068
-------------------  ---------
40 community detected
NMI:0.03683131972497067
ARI:0.047370453560310555
__NORMALIZATION__
__glove__
Network Properties for:		G#21
nodes, edges			5000, 57123
directed?			False
weighted?			True
isolated nodes			0
self-loops			0
density				0.004571
clustering coefficient		0.243022
min/max/avg degree		1, 224, 22.849200
degree assortativity		0.277078
number of connected components	1
size of largest component	5000 (100.00 %)
tot:  7515.647068245747
__glove+Louvain__
PLM(balanced,pc,turbo) detected communities in 0.006692409515380859 [s]
solution properties:
-------------------  ----------
# communities         29
min community size   121
max community size   245
avg. community size  172.414
modularity             0.553811
-------------------  ----------
40 community detected
NMI:0.06272342329518066
ARI:0.17788415753802245
__glove+PLP__
PLP detected communities in 0.0021996498107910156 [s]
solution properties:
-------------------  ----------
# communities         40
min community size    88
max community size   180
avg. community size  125
modularity             0.555672
-------------------  ----------
40 community detected
NMI:0.01881618386831385
ARI:0.025172274528611482
__fake_pmi__
Network Properties for:		G#30
nodes, edges			5000, 57123
directed?			False
weighted?			True
isolated nodes			0
self-loops			0
density				0.004571
clustering coefficient		0.243022
min/max/avg degree		1, 224, 22.849200
degree assortativity		0.277078
number of connected components	1
size of largest component	5000 (100.00 %)
tot:  0.0
__fake_pmi+Louvain__
1 community detected due to total edge weight equal 0
NMI:1
ARI:1
__fake_pmi+PLP__
1 community detected due to total edge weight equal 0
NMI:1
ARI:1
__iterative_rev_degree_order__
Network Properties for:		G#33
nodes, edges			5000, 57123
directed?			False
weighted?			True
isolated nodes			0
self-loops			0
density				0.004571
clustering coefficient		0.243022
min/max/avg degree		1, 224, 22.849200
degree assortativity		0.277078
number of connected components	1
size of largest component	5000 (100.00 %)
tot:  1316.2058389086055
__iterative_rev_degree_order+Louvain__
PLM(balanced,pc,turbo) detected communities in 0.3605160713195801 [s]
solution properties:
-------------------  ----------
# communities         47
min community size    55
max community size   180
avg. community size  106.383
modularity             0.797734
-------------------  ----------
40 community detected
NMI:0.8166251894195542
ARI:0.957638225973546
__iterative_rev_degree_order+PLP__
PLP detected communities in 0.1061866283416748 [s]
solution properties:
-------------------  -----------
# communities        1512
min community size      2
max community size     12
avg. community size     3.30688
modularity              0.685777
-------------------  -----------
40 community detected
NMI:0.4754071545234979
ARI:0.9877794767448861
__pmi__
Network Properties for:		G#48
nodes, edges			5000, 57123
directed?			False
weighted?			True
isolated nodes			0
self-loops			0
density				0.004571
clustering coefficient		0.243022
min/max/avg degree		1, 224, 22.849200
degree assortativity		0.277078
number of connected components	1
size of largest component	5000 (100.00 %)
tot:  184487.74458732668
__pmi+Louvain__
PLM(balanced,pc,turbo) detected communities in 0.4250175952911377 [s]
solution properties:
-------------------  ----------
# communities         36
min community size    94
max community size   369
avg. community size  138.889
modularity             0.670073
-------------------  ----------
40 community detected
NMI:0.14972476944398727
ARI:0.27907816329217683
__pmi+PLP__
PLP detected communities in 0.19925308227539062 [s]
solution properties:
-------------------  ----------
# communities         48
min community size     2
max community size   177
avg. community size  104.167
modularity             0.673738
-------------------  ----------
40 community detected
NMI:0.11688218664470251
ARI:0.16902393236616264
__standard__
Network Properties for:		G#57
nodes, edges			5000, 57123
directed?			False
weighted?			True
isolated nodes			0
self-loops			0
density				0.004571
clustering coefficient		0.243022
min/max/avg degree		1, 224, 22.849200
degree assortativity		0.277078
number of connected components	1
size of largest component	5000 (100.00 %)
tot:  10.358519649279494
__standard+Louvain__
PLM(balanced,pc,turbo) detected communities in 0.6915555000305176 [s]
solution properties:
-------------------  ----------
# communities         33
min community size    38
max community size   319
avg. community size  151.515
modularity             0.696392
-------------------  ----------
40 community detected
NMI:0.6010874583784234
ARI:0.7636151858289346
__standard+PLP__
PLP detected communities in 0.36002135276794434 [s]
solution properties:
-------------------  -----------
# communities         629
min community size      1
max community size   3203
avg. community size     7.94913
modularity              0.508591
-------------------  -----------
40 community detected
NMI:0.6940790888519981
ARI:0.9997448823279372
__ppmi__
Network Properties for:		G#72
nodes, edges			5000, 57123
directed?			False
weighted?			True
isolated nodes			0
self-loops			0
density				0.004571
clustering coefficient		0.243022
min/max/avg degree		1, 224, 22.849200
degree assortativity		0.277078
number of connected components	1
size of largest component	5000 (100.00 %)
tot:  239599.99295715382
__ppmi+Louvain__
PLM(balanced,pc,turbo) detected communities in 0.4040360450744629 [s]
solution properties:
-------------------  ---------
# communities         35
min community size    95
max community size   291
avg. community size  142.857
modularity             0.59689
-------------------  ---------
40 community detected
NMI:0.03038833545762265
ARI:0.09712960109769353
__ppmi+PLP__
PLP detected communities in 0.037653446197509766 [s]
solution properties:
-------------------  ----------
# communities         40
min community size     1
max community size   328
avg. community size  125
modularity             0.597209
-------------------  ----------
40 community detected
NMI:0.020931729709053326
ARI:0.07890372710849358
__glovexmax50alpha0.2__
Network Properties for:		G#81
nodes, edges			5000, 57123
directed?			False
weighted?			True
isolated nodes			0
self-loops			0
density				0.004571
clustering coefficient		0.243022
min/max/avg degree		1, 224, 22.849200
degree assortativity		0.277078
number of connected components	1
size of largest component	5000 (100.00 %)
tot:  33049.713111317345
__glovexmax50alpha0.2+Louvain__
PLM(balanced,pc,turbo) detected communities in 0.25067830085754395 [s]
solution properties:
-------------------  ----------
# communities         40
min community size    89
max community size   179
avg. community size  125
modularity             0.583824
-------------------  ----------
40 community detected
NMI:0.0009797950030924207
ARI:0.001417978322932667
__glovexmax50alpha0.2+PLP__
PLP detected communities in 0.10978484153747559 [s]
solution properties:
-------------------  ----------
# communities         40
min community size    89
max community size   179
avg. community size  125
modularity             0.583824
-------------------  ----------
40 community detected
NMI:0.0009797950030924207
ARI:0.001417978322932667
__glovexmax40alpha0.2__
Network Properties for:		G#87
nodes, edges			5000, 57123
directed?			False
weighted?			True
isolated nodes			0
self-loops			0
density				0.004571
clustering coefficient		0.243022
min/max/avg degree		1, 224, 22.849200
degree assortativity		0.277078
number of connected components	1
size of largest component	5000 (100.00 %)
tot:  34530.771199846175
__glovexmax40alpha0.2+Louvain__
PLM(balanced,pc,turbo) detected communities in 0.12276124954223633 [s]
solution properties:
-------------------  ----------
# communities         40
min community size    89
max community size   179
avg. community size  125
modularity             0.583887
-------------------  ----------
40 community detected
NMI:0.0009797950030926428
ARI:0.001417978322932667
__glovexmax40alpha0.2+PLP__
PLP detected communities in 0.11447858810424805 [s]
solution properties:
-------------------  ----------
# communities         40
min community size    89
max community size   179
avg. community size  125
modularity             0.583887
-------------------  ----------
40 community detected
NMI:0.0009797950030926428
ARI:0.001417978322932667
__glovexmax30alpha0.3__
Network Properties for:		G#93
nodes, edges			5000, 57123
directed?			False
weighted?			True
isolated nodes			0
self-loops			0
density				0.004571
clustering coefficient		0.243022
min/max/avg degree		1, 224, 22.849200
degree assortativity		0.277078
number of connected components	1
size of largest component	5000 (100.00 %)
tot:  31168.17962803801
__glovexmax30alpha0.3+Louvain__
PLM(balanced,pc,turbo) detected communities in 0.22646307945251465 [s]
solution properties:
-------------------  ----------
# communities         40
min community size    89
max community size   179
avg. community size  125
modularity             0.581229
-------------------  ----------
40 community detected
NMI:0.0019465508945408772
ARI:0.002720759728334632
__glovexmax30alpha0.3+PLP__
PLP detected communities in 0.11192917823791504 [s]
solution properties:
-------------------  ----------
# communities         40
min community size    89
max community size   179
avg. community size  125
modularity             0.581229
-------------------  ----------
40 community detected
NMI:0.0019655380217814544
ARI:0.0028610315502938244
NMI classement:
[('NMIglovexmax50alpha0.2+Louvain', 0.0009797950030924207), ('NMIglovexmax50alpha0.2+PLP', 0.0009797950030924207), ('NMIglovexmax40alpha0.2+Louvain', 0.0009797950030926428), ('NMIglovexmax40alpha0.2+PLP', 0.0009797950030926428), ('NMIglovexmax30alpha0.3+Louvain', 0.0019465508945408772), ('NMIglovexmax30alpha0.3+PLP', 0.0019655380217814544), ('NMIglove+PLP', 0.01881618386831385), ('NMIppmi+PLP', 0.020931729709053326), ('NMIppmi+Louvain', 0.03038833545762265), ('NMIPLP', 0.03683131972497067), ('NMIglove+Louvain', 0.06272342329518066), ('NMIpmi+PLP', 0.11688218664470251), ('NMIpmi+Louvain', 0.14972476944398727), ('NMILouvain', 0.1527543896149881), ('NMISingleton', 0.3983004112753803), ('NMIiterative_rev_degree_order+PLP', 0.4754071545234979), ('NMIstandard+Louvain', 0.6010874583784234), ('NMIstandard+PLP', 0.6940790888519981), ('NMIiterative_rev_degree_order+Louvain', 0.8166251894195542), ('NMIAllInOne', 1.0), ('NMIfake_pmi+Louvain', 1), ('NMIfake_pmi+PLP', 1)]
ARI classement:
[('ARIglovexmax50alpha0.2+Louvain', 0.001417978322932667), ('ARIglovexmax50alpha0.2+PLP', 0.001417978322932667), ('ARIglovexmax40alpha0.2+Louvain', 0.001417978322932667), ('ARIglovexmax40alpha0.2+PLP', 0.001417978322932667), ('ARIglovexmax30alpha0.3+Louvain', 0.002720759728334632), ('ARIglovexmax30alpha0.3+PLP', 0.0028610315502938244), ('ARIglove+PLP', 0.025172274528611482), ('ARIPLP', 0.047370453560310555), ('ARIppmi+PLP', 0.07890372710849358), ('ARIppmi+Louvain', 0.09712960109769353), ('ARIpmi+PLP', 0.16902393236616264), ('ARIglove+Louvain', 0.17788415753802245), ('ARIpmi+Louvain', 0.27907816329217683), ('ARILouvain', 0.40664804746378314), ('ARIstandard+Louvain', 0.7636151858289346), ('ARIiterative_rev_degree_order+Louvain', 0.957638225973546), ('ARIiterative_rev_degree_order+PLP', 0.9877794767448861), ('ARIstandard+PLP', 0.9997448823279372), ('ARISingleton', 1.0), ('ARIAllInOne', 1.0), ('ARIfake_pmi+Louvain', 1), ('ARIfake_pmi+PLP', 1)]
