__LOADINGS__
Network Properties for:		network
nodes, edges			5000, 34357
directed?			False
weighted?			True
isolated nodes			1
self-loops			0
density				0.002749
clustering coefficient		0.291577
min/max/avg degree		0, 220, 13.742800
degree assortativity		0.195295
number of connected components	2
size of largest component	4999 (99.98 %)
255794.60255441268
__Groundtruth__
read communities from: ../../lfr_5000/mk300/k15/muw0.3/0/community.dat
-------------------  ----------
# communities         32
min community size   111
max community size   208
avg. community size  156.25
modularity             0.590753
-------------------  ----------
32 community detected
5 features on 34357 samples
Trainning set:27485 samples
Testing set:6872 samples
             precision    recall  f1-score   support

          0       0.74      0.36      0.49      2082
          1       0.77      0.94      0.85      4790

avg / total       0.76      0.77      0.74      6872

Confusion matrix:
[[ 753 1329]
 [ 269 4521]]
Importance of features:
[0.21378969 0.23412699 0.16121031 0.20734127 0.18353175]
