__LOADINGS__
4990/52384 9.525809407452657 % of nul weighted edges removed
0/5000 0.0 % of nul degree nodes removed
Network Properties for:		network
nodes, edges			5000, 47394
directed?			False
weighted?			True
isolated nodes			0
self-loops			0
density				0.003792
clustering coefficient		0.460965
min/max/avg degree		1, 386, 18.957600
degree assortativity		0.195578
number of connected components	8
size of largest component	4962 (99.24 %)
425748.560164296
__Groundtruth__
read communities from: ../../lfr_5000/mk500/k20/muw0.2/13/community.dat
-------------------  ----------
# communities         46
min community size     5
max community size   472
avg. community size  108.696
modularity             0.636866
-------------------  ----------
46 community detected
__CLASSIC_METHODS__
__Louvain__
PLM(balanced,pc,turbo) detected communities in 0.37754225730895996 [s]
solution properties:
-------------------  ----------
# communities         31
min community size     5
max community size   483
avg. community size  161.29
modularity             0.638246
-------------------  ----------
46 community detected
NMI:0.05692838893109975
ARI:0.05876015775017185
__Singleton__
46 community detected
NMI:0.4646126258031138
ARI:1.0
__AllInOne__
46 community detected
NMI:1.0
ARI:1.0
__PLP__
PLP detected communities in 0.1250782012939453 [s]
solution properties:
-------------------  ----------
# communities         47
min community size     5
max community size   487
avg. community size  106.383
modularity             0.637882
-------------------  ----------
46 community detected
NMI:0.03196124967788405
ARI:0.04039499001633695
__NORMALIZATION__
__glove__
Network Properties for:		G#21
nodes, edges			5000, 47394
directed?			False
weighted?			True
isolated nodes			0
self-loops			0
density				0.003792
clustering coefficient		0.460965
min/max/avg degree		1, 386, 18.957600
degree assortativity		0.195578
number of connected components	8
size of largest component	4962 (99.24 %)
tot:  6237.722888710514
__glove+Louvain__
PLM(balanced,pc,turbo) detected communities in 0.4284782409667969 [s]
solution properties:
-------------------  ----------
# communities         33
min community size     5
max community size   480
avg. community size  151.515
modularity             0.676902
-------------------  ----------
46 community detected
NMI:0.03527725137705584
ARI:0.033103577421980224
__glove+PLP__
PLP detected communities in 0.09988999366760254 [s]
solution properties:
-------------------  ---------
# communities         46
min community size     5
max community size   482
avg. community size  108.696
modularity             0.67677
-------------------  ---------
46 community detected
NMI:0.021359071540410612
ARI:0.026679915881539173
__fake_pmi__
Network Properties for:		G#30
nodes, edges			5000, 47394
directed?			False
weighted?			True
isolated nodes			0
self-loops			0
density				0.003792
clustering coefficient		0.460965
min/max/avg degree		1, 386, 18.957600
degree assortativity		0.195578
number of connected components	8
size of largest component	4962 (99.24 %)
tot:  0.0
__fake_pmi+Louvain__
1 community detected due to total edge weight equal 0
NMI:1
ARI:1
__fake_pmi+PLP__
1 community detected due to total edge weight equal 0
NMI:1
ARI:1
__iterative_rev_degree_order__
Network Properties for:		G#33
nodes, edges			5000, 47394
directed?			False
weighted?			True
isolated nodes			0
self-loops			0
density				0.003792
clustering coefficient		0.460965
min/max/avg degree		1, 386, 18.957600
degree assortativity		0.195578
number of connected components	8
size of largest component	4962 (99.24 %)
tot:  1587.2621524278704
__iterative_rev_degree_order+Louvain__
PLM(balanced,pc,turbo) detected communities in 0.8368701934814453 [s]
solution properties:
-------------------  ----------
# communities         77
min community size     2
max community size   213
avg. community size   64.9351
modularity             0.882286
-------------------  ----------
46 community detected
NMI:0.5876030516114183
ARI:0.8548577727362501
__iterative_rev_degree_order+PLP__
PLP detected communities in 0.1109316349029541 [s]
solution properties:
-------------------  -----------
# communities        1456
min community size      2
max community size     20
avg. community size     3.43407
modularity              0.759168
-------------------  -----------
46 community detected
NMI:0.49500206517585
ARI:0.9877407390311518
__pmi__
Network Properties for:		G#48
nodes, edges			5000, 47394
directed?			False
weighted?			True
isolated nodes			0
self-loops			0
density				0.003792
clustering coefficient		0.460965
min/max/avg degree		1, 386, 18.957600
degree assortativity		0.195578
number of connected components	8
size of largest component	4962 (99.24 %)
tot:  80348.11074795283
__pmi+Louvain__
PLM(balanced,pc,turbo) detected communities in 0.4360768795013428 [s]
solution properties:
-------------------  ---------
# communities         41
min community size     5
max community size   717
avg. community size  121.951
modularity             1.34964
-------------------  ---------
46 community detected
NMI:0.21595094428131323
ARI:0.3522286913723016
__pmi+PLP__
PLP detected communities in 0.36486291885375977 [s]
solution properties:
-------------------  ---------
# communities        100
min community size     2
max community size   725
avg. community size   50
modularity             1.33345
-------------------  ---------
46 community detected
NMI:0.18496711240554164
ARI:0.31532132613433217
__standard__
Network Properties for:		G#57
nodes, edges			5000, 47394
directed?			False
weighted?			True
isolated nodes			0
self-loops			0
density				0.003792
clustering coefficient		0.460965
min/max/avg degree		1, 386, 18.957600
degree assortativity		0.195578
number of connected components	8
size of largest component	4962 (99.24 %)
tot:  15.635729425781912
__standard+Louvain__
PLM(balanced,pc,turbo) detected communities in 0.7211427688598633 [s]
solution properties:
-------------------  -----------
# communities          53
min community size      2
max community size   1048
avg. community size    94.3396
modularity              0.923507
-------------------  -----------
46 community detected
NMI:0.4038717786896979
ARI:0.6366416349303449
__standard+PLP__
PLP detected communities in 0.21940064430236816 [s]
solution properties:
-------------------  ----------
# communities        863
min community size     1
max community size   197
avg. community size    5.79374
modularity             0.799846
-------------------  ----------
46 community detected
NMI:0.44958084886519034
ARI:0.8462009713829219
__ppmi__
Network Properties for:		G#69
nodes, edges			5000, 47394
directed?			False
weighted?			True
isolated nodes			0
self-loops			0
density				0.003792
clustering coefficient		0.460965
min/max/avg degree		1, 386, 18.957600
degree assortativity		0.195578
number of connected components	8
size of largest component	4962 (99.24 %)
tot:  158546.44867401113
__ppmi+Louvain__
PLM(balanced,pc,turbo) detected communities in 0.42188215255737305 [s]
solution properties:
-------------------  ----------
# communities         37
min community size     5
max community size   468
avg. community size  135.135
modularity             0.771889
-------------------  ----------
46 community detected
NMI:0.06581439803362954
ARI:0.0767511346306462
__ppmi+PLP__
PLP detected communities in 0.13645029067993164 [s]
solution properties:
-------------------  ----------
# communities         56
min community size     1
max community size   465
avg. community size   89.2857
modularity             0.764309
-------------------  ----------
46 community detected
NMI:0.025353157847478602
ARI:0.031779404333783456
__glovexmax50alpha0.2__
Network Properties for:		G#78
nodes, edges			5000, 47394
directed?			False
weighted?			True
isolated nodes			0
self-loops			0
density				0.003792
clustering coefficient		0.460965
min/max/avg degree		1, 386, 18.957600
degree assortativity		0.195578
number of connected components	8
size of largest component	4962 (99.24 %)
tot:  24830.85282458567
__glovexmax50alpha0.2+Louvain__
PLM(balanced,pc,turbo) detected communities in 0.2984025478363037 [s]
solution properties:
-------------------  ----------
# communities         31
min community size     5
max community size   480
avg. community size  161.29
modularity             0.736881
-------------------  ----------
46 community detected
NMI:0.01998276389020448
ARI:0.014251378318860919
__glovexmax50alpha0.2+PLP__
PLP detected communities in 0.05562710762023926 [s]
solution properties:
-------------------  ----------
# communities         46
min community size     5
max community size   472
avg. community size  108.696
modularity             0.736974
-------------------  ----------
46 community detected
NMI:0.0
ARI:0.0
__glovexmax40alpha0.2__
Network Properties for:		G#87
nodes, edges			5000, 47394
directed?			False
weighted?			True
isolated nodes			0
self-loops			0
density				0.003792
clustering coefficient		0.460965
min/max/avg degree		1, 386, 18.957600
degree assortativity		0.195578
number of connected components	8
size of largest component	4962 (99.24 %)
tot:  25883.972184888327
__glovexmax40alpha0.2+Louvain__
PLM(balanced,pc,turbo) detected communities in 0.11922740936279297 [s]
solution properties:
-------------------  ----------
# communities         27
min community size     5
max community size   472
avg. community size  185.185
modularity             0.736962
-------------------  ----------
46 community detected
NMI:0.03676150275017598
ARI:0.03464315747332658
__glovexmax40alpha0.2+PLP__
PLP detected communities in 0.03370499610900879 [s]
solution properties:
-------------------  ---------
# communities         46
min community size     5
max community size   472
avg. community size  108.696
modularity             0.73766
-------------------  ---------
46 community detected
NMI:0.0
ARI:0.0
__glovexmax30alpha0.3__
Network Properties for:		G#96
nodes, edges			5000, 47394
directed?			False
weighted?			True
isolated nodes			0
self-loops			0
density				0.003792
clustering coefficient		0.460965
min/max/avg degree		1, 386, 18.957600
degree assortativity		0.195578
number of connected components	8
size of largest component	4962 (99.24 %)
tot:  22828.913502547508
__glovexmax30alpha0.3+Louvain__
PLM(balanced,pc,turbo) detected communities in 0.11721181869506836 [s]
solution properties:
-------------------  ----------
# communities         32
min community size     5
max community size   472
avg. community size  156.25
modularity             0.734153
-------------------  ----------
46 community detected
NMI:0.02057282456109033
ARI:0.013701120371191977
__glovexmax30alpha0.3+PLP__
PLP detected communities in 0.02800917625427246 [s]
solution properties:
-------------------  ----------
# communities         46
min community size     5
max community size   472
avg. community size  108.696
modularity             0.734158
-------------------  ----------
46 community detected
NMI:0.002176704562526055
ARI:0.002529377706080971
NMI classement:
[('NMIglovexmax50alpha0.2+PLP', 0.0), ('NMIglovexmax40alpha0.2+PLP', 0.0), ('NMIglovexmax30alpha0.3+PLP', 0.002176704562526055), ('NMIglovexmax50alpha0.2+Louvain', 0.01998276389020448), ('NMIglovexmax30alpha0.3+Louvain', 0.02057282456109033), ('NMIglove+PLP', 0.021359071540410612), ('NMIppmi+PLP', 0.025353157847478602), ('NMIPLP', 0.03196124967788405), ('NMIglove+Louvain', 0.03527725137705584), ('NMIglovexmax40alpha0.2+Louvain', 0.03676150275017598), ('NMILouvain', 0.05692838893109975), ('NMIppmi+Louvain', 0.06581439803362954), ('NMIpmi+PLP', 0.18496711240554164), ('NMIpmi+Louvain', 0.21595094428131323), ('NMIstandard+Louvain', 0.4038717786896979), ('NMIstandard+PLP', 0.44958084886519034), ('NMISingleton', 0.4646126258031138), ('NMIiterative_rev_degree_order+PLP', 0.49500206517585), ('NMIiterative_rev_degree_order+Louvain', 0.5876030516114183), ('NMIAllInOne', 1.0), ('NMIfake_pmi+Louvain', 1), ('NMIfake_pmi+PLP', 1)]
ARI classement:
[('ARIglovexmax50alpha0.2+PLP', 0.0), ('ARIglovexmax40alpha0.2+PLP', 0.0), ('ARIglovexmax30alpha0.3+PLP', 0.002529377706080971), ('ARIglovexmax30alpha0.3+Louvain', 0.013701120371191977), ('ARIglovexmax50alpha0.2+Louvain', 0.014251378318860919), ('ARIglove+PLP', 0.026679915881539173), ('ARIppmi+PLP', 0.031779404333783456), ('ARIglove+Louvain', 0.033103577421980224), ('ARIglovexmax40alpha0.2+Louvain', 0.03464315747332658), ('ARIPLP', 0.04039499001633695), ('ARILouvain', 0.05876015775017185), ('ARIppmi+Louvain', 0.0767511346306462), ('ARIpmi+PLP', 0.31532132613433217), ('ARIpmi+Louvain', 0.3522286913723016), ('ARIstandard+Louvain', 0.6366416349303449), ('ARIstandard+PLP', 0.8462009713829219), ('ARIiterative_rev_degree_order+Louvain', 0.8548577727362501), ('ARIiterative_rev_degree_order+PLP', 0.9877407390311518), ('ARISingleton', 1.0), ('ARIAllInOne', 1.0), ('ARIfake_pmi+Louvain', 1), ('ARIfake_pmi+PLP', 1)]
