__LOADINGS__
4973/61218 8.123427750008167 % of nul weighted edges removed
1/5000 0.02 % of nul degree nodes removed
Network Properties for:		network
nodes, edges			4999, 56245
directed?			False
weighted?			True
isolated nodes			1
self-loops			0
density				0.004502
clustering coefficient		0.313948
min/max/avg degree		0, 83, 22.502501
degree assortativity		0.392818
number of connected components	1
size of largest component	4999 (100.00 %)
337698.64591871476
__Groundtruth__
read communities from: ../../lfr_5000/mk100/k25/muw0.3/41/community.dat
-------------------  ----------
# communities        104
min community size    20
max community size    99
avg. community size   48.0769
modularity             0.708015
-------------------  ----------
104 community detected
__CLASSIC_METHODS__
__Louvain__
PLM(balanced,pc,turbo) detected communities in 0.41680049896240234 [s]
solution properties:
-------------------  ---------
# communities         51
min community size    58
max community size   173
avg. community size   98.0196
modularity             0.70794
-------------------  ---------
104 community detected
NMI:0.07773323700103707
ARI:0.2973020278548746
__Singleton__
104 community detected
NMI:0.3047653125958627
ARI:1.0
__AllInOne__
104 community detected
NMI:1.0
ARI:1.0
__PLP__
PLP detected communities in 0.08810544013977051 [s]
solution properties:
-------------------  ----------
# communities        105
min community size     1
max community size    99
avg. community size   47.619
modularity             0.708293
-------------------  ----------
104 community detected
NMI:0.0011757316955851582
ARI:0.002674745969428516
__NORMALIZATION__
__glove__
Network Properties for:		G#21
nodes, edges			4999, 56245
directed?			False
weighted?			True
isolated nodes			1
self-loops			0
density				0.004502
clustering coefficient		0.313948
min/max/avg degree		0, 83, 22.502501
degree assortativity		0.392818
number of connected components	1
size of largest component	4999 (100.00 %)
tot:  6601.456418691188
__glove+Louvain__
PLM(balanced,pc,turbo) detected communities in 0.4448721408843994 [s]
solution properties:
-------------------  ---------
# communities         58
min community size    51
max community size   127
avg. community size   86.1897
modularity             0.71112
-------------------  ---------
104 community detected
NMI:0.05923887063950262
ARI:0.2171503613481075
__glove+PLP__
PLP detected communities in 0.1150350570678711 [s]
solution properties:
-------------------  ----------
# communities        105
min community size     1
max community size    99
avg. community size   47.619
modularity             0.710965
-------------------  ----------
104 community detected
NMI:0.0011757316955850472
ARI:0.002674745969428516
__fake_pmi__
Network Properties for:		G#30
nodes, edges			4999, 56245
directed?			False
weighted?			True
isolated nodes			1
self-loops			0
density				0.004502
clustering coefficient		0.313948
min/max/avg degree		0, 83, 22.502501
degree assortativity		0.392818
number of connected components	1
size of largest component	4999 (100.00 %)
tot:  0.0
__fake_pmi+Louvain__
1 community detected due to total edge weight equal 0
NMI:1
ARI:1
__fake_pmi+PLP__
1 community detected due to total edge weight equal 0
NMI:1
ARI:1
__iterative_rev_degree_order__
Network Properties for:		G#33
nodes, edges			4999, 56245
directed?			False
weighted?			True
isolated nodes			1
self-loops			0
density				0.004502
clustering coefficient		0.313948
min/max/avg degree		0, 83, 22.502501
degree assortativity		0.392818
number of connected components	1
size of largest component	4999 (100.00 %)
tot:  1099.1840954784568
__iterative_rev_degree_order+Louvain__
PLM(balanced,pc,turbo) detected communities in 0.749915361404419 [s]
solution properties:
-------------------  ----------
# communities         50
min community size    38
max community size   170
avg. community size   99.98
modularity             0.733355
-------------------  ----------
104 community detected
NMI:0.5311398178561411
ARI:0.8475483810250288
__iterative_rev_degree_order+PLP__
PLP detected communities in 0.07759356498718262 [s]
solution properties:
-------------------  -----------
# communities        1069
min community size      1
max community size     18
avg. community size     4.67727
modularity              0.601179
-------------------  -----------
104 community detected
NMI:0.3308835128372186
ARI:0.9249085530710264
__pmi__
Network Properties for:		G#48
nodes, edges			4999, 56245
directed?			False
weighted?			True
isolated nodes			1
self-loops			0
density				0.004502
clustering coefficient		0.313948
min/max/avg degree		0, 83, 22.502501
degree assortativity		0.392818
number of connected components	1
size of largest component	4999 (100.00 %)
tot:  334631.00700765784
__pmi+Louvain__
PLM(balanced,pc,turbo) detected communities in 0.38730931282043457 [s]
solution properties:
-------------------  ----------
# communities         59
min community size    52
max community size   126
avg. community size   84.7288
modularity             0.714607
-------------------  ----------
104 community detected
NMI:0.056384873900503285
ARI:0.2058464532604355
__pmi+PLP__
PLP detected communities in 0.08506989479064941 [s]
solution properties:
-------------------  ----------
# communities        100
min community size     1
max community size   191
avg. community size   50
modularity             0.715113
-------------------  ----------
104 community detected
NMI:0.008476501781627177
ARI:0.05518141790398545
__standard__
Network Properties for:		G#57
nodes, edges			4999, 56245
directed?			False
weighted?			True
isolated nodes			1
self-loops			0
density				0.004502
clustering coefficient		0.313948
min/max/avg degree		0, 83, 22.502501
degree assortativity		0.392818
number of connected components	1
size of largest component	4999 (100.00 %)
tot:  17.52851769592785
__standard+Louvain__
PLM(balanced,pc,turbo) detected communities in 0.6216638088226318 [s]
solution properties:
-------------------  ---------
# communities         67
min community size    21
max community size   210
avg. community size   74.6119
modularity             0.71813
-------------------  ---------
104 community detected
NMI:0.10512979220339447
ARI:0.3383464499505694
__standard+PLP__
PLP detected communities in 0.1606438159942627 [s]
solution properties:
-------------------  ----------
# communities        166
min community size     1
max community size   150
avg. community size   30.1205
modularity             0.703931
-------------------  ----------
104 community detected
NMI:0.058520078962542965
ARI:0.1402497735491095
__ppmi__
Network Properties for:		G#69
nodes, edges			4999, 56245
directed?			False
weighted?			True
isolated nodes			1
self-loops			0
density				0.004502
clustering coefficient		0.313948
min/max/avg degree		0, 83, 22.502501
degree assortativity		0.392818
number of connected components	1
size of largest component	4999 (100.00 %)
tot:  336391.6757769469
__ppmi+Louvain__
PLM(balanced,pc,turbo) detected communities in 0.3063952922821045 [s]
solution properties:
-------------------  ----------
# communities         59
min community size    51
max community size   118
avg. community size   84.7288
modularity             0.712628
-------------------  ----------
104 community detected
NMI:0.05642470129436328
ARI:0.2061077716361428
__ppmi+PLP__
PLP detected communities in 0.10580658912658691 [s]
solution properties:
-------------------  ----------
# communities        100
min community size     1
max community size   179
avg. community size   50
modularity             0.713113
-------------------  ----------
104 community detected
NMI:0.008039864664710517
ARI:0.05018345921045586
__glovexmax50alpha0.2__
Network Properties for:		G#78
nodes, edges			4999, 56245
directed?			False
weighted?			True
isolated nodes			1
self-loops			0
density				0.004502
clustering coefficient		0.313948
min/max/avg degree		0, 83, 22.502501
degree assortativity		0.392818
number of connected components	1
size of largest component	4999 (100.00 %)
tot:  35493.75621104696
__glovexmax50alpha0.2+Louvain__
PLM(balanced,pc,turbo) detected communities in 0.39044785499572754 [s]
solution properties:
-------------------  ----------
# communities         65
min community size    48
max community size   121
avg. community size   76.9077
modularity             0.710731
-------------------  ----------
104 community detected
NMI:0.04494537877348326
ARI:0.16080770314980486
__glovexmax50alpha0.2+PLP__
PLP detected communities in 0.09494709968566895 [s]
solution properties:
-------------------  ----------
# communities        105
min community size     1
max community size    99
avg. community size   47.619
modularity             0.710711
-------------------  ----------
104 community detected
NMI:0.0007093774559288057
ARI:0.001655413835885522
__glovexmax40alpha0.2__
Network Properties for:		G#87
nodes, edges			4999, 56245
directed?			False
weighted?			True
isolated nodes			1
self-loops			0
density				0.004502
clustering coefficient		0.313948
min/max/avg degree		0, 83, 22.502501
degree assortativity		0.392818
number of connected components	1
size of largest component	4999 (100.00 %)
tot:  37113.67536430306
__glovexmax40alpha0.2+Louvain__
PLM(balanced,pc,turbo) detected communities in 0.43676185607910156 [s]
solution properties:
-------------------  ----------
# communities         61
min community size    51
max community size   131
avg. community size   81.9508
modularity             0.710505
-------------------  ----------
104 community detected
NMI:0.05280728034251603
ARI:0.19388998433402482
__glovexmax40alpha0.2+PLP__
PLP detected communities in 0.08333826065063477 [s]
solution properties:
-------------------  ----------
# communities        105
min community size     1
max community size    99
avg. community size   47.619
modularity             0.710711
-------------------  ----------
104 community detected
NMI:0.0007093774559286947
ARI:0.001655413835885522
__glovexmax30alpha0.3__
Network Properties for:		G#96
nodes, edges			4999, 56245
directed?			False
weighted?			True
isolated nodes			1
self-loops			0
density				0.004502
clustering coefficient		0.313948
min/max/avg degree		0, 83, 22.502501
degree assortativity		0.392818
number of connected components	1
size of largest component	4999 (100.00 %)
tot:  33197.85897836203
__glovexmax30alpha0.3+Louvain__
PLM(balanced,pc,turbo) detected communities in 0.54593825340271 [s]
solution properties:
-------------------  ----------
# communities         60
min community size    51
max community size   131
avg. community size   83.3167
modularity             0.711718
-------------------  ----------
104 community detected
NMI:0.05495804994237463
ARI:0.20305568411428054
__glovexmax30alpha0.3+PLP__
PLP detected communities in 0.06958460807800293 [s]
solution properties:
-------------------  ----------
# communities        106
min community size     1
max community size    99
avg. community size   47.1698
modularity             0.710891
-------------------  ----------
104 community detected
NMI:0.0011671377582762599
ARI:0.0024481181850157796
NMI classement:
[('NMIglovexmax40alpha0.2+PLP', 0.0007093774559286947), ('NMIglovexmax50alpha0.2+PLP', 0.0007093774559288057), ('NMIglovexmax30alpha0.3+PLP', 0.0011671377582762599), ('NMIglove+PLP', 0.0011757316955850472), ('NMIPLP', 0.0011757316955851582), ('NMIppmi+PLP', 0.008039864664710517), ('NMIpmi+PLP', 0.008476501781627177), ('NMIglovexmax50alpha0.2+Louvain', 0.04494537877348326), ('NMIglovexmax40alpha0.2+Louvain', 0.05280728034251603), ('NMIglovexmax30alpha0.3+Louvain', 0.05495804994237463), ('NMIpmi+Louvain', 0.056384873900503285), ('NMIppmi+Louvain', 0.05642470129436328), ('NMIstandard+PLP', 0.058520078962542965), ('NMIglove+Louvain', 0.05923887063950262), ('NMILouvain', 0.07773323700103707), ('NMIstandard+Louvain', 0.10512979220339447), ('NMISingleton', 0.3047653125958627), ('NMIiterative_rev_degree_order+PLP', 0.3308835128372186), ('NMIiterative_rev_degree_order+Louvain', 0.5311398178561411), ('NMIAllInOne', 1.0), ('NMIfake_pmi+Louvain', 1), ('NMIfake_pmi+PLP', 1)]
ARI classement:
[('ARIglovexmax50alpha0.2+PLP', 0.001655413835885522), ('ARIglovexmax40alpha0.2+PLP', 0.001655413835885522), ('ARIglovexmax30alpha0.3+PLP', 0.0024481181850157796), ('ARIPLP', 0.002674745969428516), ('ARIglove+PLP', 0.002674745969428516), ('ARIppmi+PLP', 0.05018345921045586), ('ARIpmi+PLP', 0.05518141790398545), ('ARIstandard+PLP', 0.1402497735491095), ('ARIglovexmax50alpha0.2+Louvain', 0.16080770314980486), ('ARIglovexmax40alpha0.2+Louvain', 0.19388998433402482), ('ARIglovexmax30alpha0.3+Louvain', 0.20305568411428054), ('ARIpmi+Louvain', 0.2058464532604355), ('ARIppmi+Louvain', 0.2061077716361428), ('ARIglove+Louvain', 0.2171503613481075), ('ARILouvain', 0.2973020278548746), ('ARIstandard+Louvain', 0.3383464499505694), ('ARIiterative_rev_degree_order+Louvain', 0.8475483810250288), ('ARIiterative_rev_degree_order+PLP', 0.9249085530710264), ('ARISingleton', 1.0), ('ARIAllInOne', 1.0), ('ARIfake_pmi+Louvain', 1), ('ARIfake_pmi+PLP', 1)]
