__LOADINGS__
4992/61557 8.109556995954968 % of nul weighted edges removed
1/5000 0.02 % of nul degree nodes removed
Network Properties for:		network
nodes, edges			4999, 56565
directed?			False
weighted?			True
isolated nodes			1
self-loops			0
density				0.004528
clustering coefficient		0.427715
min/max/avg degree		0, 238, 22.630526
degree assortativity		0.170895
number of connected components	1
size of largest component	4999 (100.00 %)
438163.620463726
__Groundtruth__
read communities from: ../../lfr_5000/mk300/k25/muw0.2/14/community.dat
-------------------  ---------
# communities         30
min community size   122
max community size   240
avg. community size  166.667
modularity             0.75297
-------------------  ---------
30 community detected
__CLASSIC_METHODS__
__Louvain__
PLM(balanced,pc,turbo) detected communities in 0.1816239356994629 [s]
solution properties:
-------------------  ----------
# communities         30
min community size   123
max community size   239
avg. community size  166.633
modularity             0.753048
-------------------  ----------
30 community detected
NMI:0.006044540562619161
ARI:0.006801274468699492
__Singleton__
30 community detected
NMI:0.4312749414218574
ARI:1.0
__AllInOne__
30 community detected
NMI:1.0
ARI:1.0
__PLP__
PLP detected communities in 0.07644224166870117 [s]
solution properties:
-------------------  ----------
# communities         31
min community size     1
max community size   239
avg. community size  161.29
modularity             0.753047
-------------------  ----------
30 community detected
NMI:0.006769928586414009
ARI:0.007625822445917363
__NORMALIZATION__
__glove__
Network Properties for:		G#18
nodes, edges			4999, 56565
directed?			False
weighted?			True
isolated nodes			1
self-loops			0
density				0.004528
clustering coefficient		0.427715
min/max/avg degree		0, 238, 22.630526
degree assortativity		0.170895
number of connected components	1
size of largest component	4999 (100.00 %)
tot:  7275.404806235313
__glove+Louvain__
PLM(balanced,pc,turbo) detected communities in 0.18875527381896973 [s]
solution properties:
-------------------  ----------
# communities         30
min community size   122
max community size   239
avg. community size  166.633
modularity             0.765131
-------------------  ----------
30 community detected
NMI:0.001425651561413721
ARI:0.0014866455716091576
__glove+PLP__
PLP detected communities in 0.07823562622070312 [s]
solution properties:
-------------------  ----------
# communities         31
min community size     1
max community size   239
avg. community size  161.29
modularity             0.765131
-------------------  ----------
30 community detected
NMI:0.001425651561413388
ARI:0.0014866455716091576
__fake_pmi__
Network Properties for:		G#24
nodes, edges			4999, 56565
directed?			False
weighted?			True
isolated nodes			1
self-loops			0
density				0.004528
clustering coefficient		0.427715
min/max/avg degree		0, 238, 22.630526
degree assortativity		0.170895
number of connected components	1
size of largest component	4999 (100.00 %)
tot:  0.0
__fake_pmi+Louvain__
1 community detected due to total edge weight equal 0
NMI:1
ARI:1
__fake_pmi+PLP__
1 community detected due to total edge weight equal 0
NMI:1
ARI:1
__iterative_rev_degree_order__
Network Properties for:		G#27
nodes, edges			4999, 56565
directed?			False
weighted?			True
isolated nodes			1
self-loops			0
density				0.004528
clustering coefficient		0.427715
min/max/avg degree		0, 238, 22.630526
degree assortativity		0.170895
number of connected components	1
size of largest component	4999 (100.00 %)
tot:  1547.317646878493
__iterative_rev_degree_order+Louvain__
PLM(balanced,pc,turbo) detected communities in 0.5681631565093994 [s]
solution properties:
-------------------  ----------
# communities         34
min community size    19
max community size   267
avg. community size  147.029
modularity             0.827802
-------------------  ----------
30 community detected
NMI:0.5446074874899336
ARI:0.6848943406320456
__iterative_rev_degree_order+PLP__
PLP detected communities in 0.06821107864379883 [s]
solution properties:
-------------------  -----------
# communities        1514
min community size      1
max community size     15
avg. community size     3.30251
modularity              0.664066
-------------------  -----------
30 community detected
NMI:0.45487933391733193
ARI:0.98103414221867
__pmi__
Network Properties for:		G#42
nodes, edges			4999, 56565
directed?			False
weighted?			True
isolated nodes			1
self-loops			0
density				0.004528
clustering coefficient		0.427715
min/max/avg degree		0, 238, 22.630526
degree assortativity		0.170895
number of connected components	1
size of largest component	4999 (100.00 %)
tot:  185543.26655251769
__pmi+Louvain__
PLM(balanced,pc,turbo) detected communities in 0.3415520191192627 [s]
solution properties:
-------------------  ----------
# communities         22
min community size   123
max community size   388
avg. community size  227.227
modularity             0.894635
-------------------  ----------
30 community detected
NMI:0.12405486245757924
ARI:0.2982143867546798
__pmi+PLP__
PLP detected communities in 0.1222372055053711 [s]
solution properties:
-------------------  ----------
# communities         39
min community size     1
max community size   216
avg. community size  128.205
modularity             0.880856
-------------------  ----------
30 community detected
NMI:0.06335429343137866
ARI:0.10530999479634084
__standard__
Network Properties for:		G#51
nodes, edges			4999, 56565
directed?			False
weighted?			True
isolated nodes			1
self-loops			0
density				0.004528
clustering coefficient		0.427715
min/max/avg degree		0, 238, 22.630526
degree assortativity		0.170895
number of connected components	1
size of largest component	4999 (100.00 %)
tot:  7.3631412601231165
__standard+Louvain__
PLM(balanced,pc,turbo) detected communities in 0.42554306983947754 [s]
solution properties:
-------------------  ----------
# communities         32
min community size     2
max community size   227
avg. community size  156.219
modularity             0.818967
-------------------  ----------
30 community detected
NMI:0.20494511321760134
ARI:0.276871268795437
__standard+PLP__
PLP detected communities in 0.16794061660766602 [s]
solution properties:
-------------------  ----------
# communities        565
min community size     1
max community size   170
avg. community size    8.84956
modularity             0.712302
-------------------  ----------
30 community detected
NMI:0.2622883883012693
ARI:0.4122556794725749
__ppmi__
Network Properties for:		G#63
nodes, edges			4999, 56565
directed?			False
weighted?			True
isolated nodes			1
self-loops			0
density				0.004528
clustering coefficient		0.427715
min/max/avg degree		0, 238, 22.630526
degree assortativity		0.170895
number of connected components	1
size of largest component	4999 (100.00 %)
tot:  233975.53899225936
__ppmi+Louvain__
PLM(balanced,pc,turbo) detected communities in 0.3687312602996826 [s]
solution properties:
-------------------  ----------
# communities         30
min community size   122
max community size   239
avg. community size  166.633
modularity             0.792969
-------------------  ----------
30 community detected
NMI:0.0
ARI:0.0
__ppmi+PLP__
PLP detected communities in 0.1034860610961914 [s]
solution properties:
-------------------  ----------
# communities         31
min community size     1
max community size   239
avg. community size  161.29
modularity             0.792969
-------------------  ----------
30 community detected
NMI:0.0
ARI:0.0
__glovexmax50alpha0.2__
Network Properties for:		G#72
nodes, edges			4999, 56565
directed?			False
weighted?			True
isolated nodes			1
self-loops			0
density				0.004528
clustering coefficient		0.427715
min/max/avg degree		0, 238, 22.630526
degree assortativity		0.170895
number of connected components	1
size of largest component	4999 (100.00 %)
tot:  32284.710231069257
__glovexmax50alpha0.2+Louvain__
PLM(balanced,pc,turbo) detected communities in 0.20028424263000488 [s]
solution properties:
-------------------  ----------
# communities         30
min community size   122
max community size   239
avg. community size  166.633
modularity             0.782376
-------------------  ----------
30 community detected
NMI:0.0
ARI:0.0
__glovexmax50alpha0.2+PLP__
PLP detected communities in 0.07385396957397461 [s]
solution properties:
-------------------  ----------
# communities         31
min community size     1
max community size   239
avg. community size  161.29
modularity             0.782376
-------------------  ----------
30 community detected
NMI:0.0
ARI:0.0
__glovexmax40alpha0.2__
Network Properties for:		G#78
nodes, edges			4999, 56565
directed?			False
weighted?			True
isolated nodes			1
self-loops			0
density				0.004528
clustering coefficient		0.427715
min/max/avg degree		0, 238, 22.630526
degree assortativity		0.170895
number of connected components	1
size of largest component	4999 (100.00 %)
tot:  33726.36299110277
__glovexmax40alpha0.2+Louvain__
PLM(balanced,pc,turbo) detected communities in 0.24054527282714844 [s]
solution properties:
-------------------  ----------
# communities         30
min community size   122
max community size   239
avg. community size  166.633
modularity             0.782429
-------------------  ----------
30 community detected
NMI:0.0
ARI:0.0
__glovexmax40alpha0.2+PLP__
PLP detected communities in 0.09878993034362793 [s]
solution properties:
-------------------  ----------
# communities         31
min community size     1
max community size   239
avg. community size  161.29
modularity             0.782429
-------------------  ----------
30 community detected
NMI:0.0
ARI:0.0
__glovexmax30alpha0.3__
Network Properties for:		G#84
nodes, edges			4999, 56565
directed?			False
weighted?			True
isolated nodes			1
self-loops			0
density				0.004528
clustering coefficient		0.427715
min/max/avg degree		0, 238, 22.630526
degree assortativity		0.170895
number of connected components	1
size of largest component	4999 (100.00 %)
tot:  30208.93745631785
__glovexmax30alpha0.3+Louvain__
PLM(balanced,pc,turbo) detected communities in 0.09990429878234863 [s]
solution properties:
-------------------  ----------
# communities         30
min community size   122
max community size   239
avg. community size  166.633
modularity             0.782045
-------------------  ----------
30 community detected
NMI:0.0
ARI:0.0
__glovexmax30alpha0.3+PLP__
PLP detected communities in 0.05231332778930664 [s]
solution properties:
-------------------  ----------
# communities         31
min community size     1
max community size   239
avg. community size  161.29
modularity             0.782045
-------------------  ----------
30 community detected
NMI:0.0
ARI:0.0
NMI classement:
[('NMIppmi+Louvain', 0.0), ('NMIppmi+PLP', 0.0), ('NMIglovexmax50alpha0.2+Louvain', 0.0), ('NMIglovexmax50alpha0.2+PLP', 0.0), ('NMIglovexmax40alpha0.2+Louvain', 0.0), ('NMIglovexmax40alpha0.2+PLP', 0.0), ('NMIglovexmax30alpha0.3+Louvain', 0.0), ('NMIglovexmax30alpha0.3+PLP', 0.0), ('NMIglove+PLP', 0.001425651561413388), ('NMIglove+Louvain', 0.001425651561413721), ('NMILouvain', 0.006044540562619161), ('NMIPLP', 0.006769928586414009), ('NMIpmi+PLP', 0.06335429343137866), ('NMIpmi+Louvain', 0.12405486245757924), ('NMIstandard+Louvain', 0.20494511321760134), ('NMIstandard+PLP', 0.2622883883012693), ('NMISingleton', 0.4312749414218574), ('NMIiterative_rev_degree_order+PLP', 0.45487933391733193), ('NMIiterative_rev_degree_order+Louvain', 0.5446074874899336), ('NMIAllInOne', 1.0), ('NMIfake_pmi+Louvain', 1), ('NMIfake_pmi+PLP', 1)]
ARI classement:
[('ARIppmi+Louvain', 0.0), ('ARIppmi+PLP', 0.0), ('ARIglovexmax50alpha0.2+Louvain', 0.0), ('ARIglovexmax50alpha0.2+PLP', 0.0), ('ARIglovexmax40alpha0.2+Louvain', 0.0), ('ARIglovexmax40alpha0.2+PLP', 0.0), ('ARIglovexmax30alpha0.3+Louvain', 0.0), ('ARIglovexmax30alpha0.3+PLP', 0.0), ('ARIglove+Louvain', 0.0014866455716091576), ('ARIglove+PLP', 0.0014866455716091576), ('ARILouvain', 0.006801274468699492), ('ARIPLP', 0.007625822445917363), ('ARIpmi+PLP', 0.10530999479634084), ('ARIstandard+Louvain', 0.276871268795437), ('ARIpmi+Louvain', 0.2982143867546798), ('ARIstandard+PLP', 0.4122556794725749), ('ARIiterative_rev_degree_order+Louvain', 0.6848943406320456), ('ARIiterative_rev_degree_order+PLP', 0.98103414221867), ('ARISingleton', 1.0), ('ARIAllInOne', 1.0), ('ARIfake_pmi+Louvain', 1), ('ARIfake_pmi+PLP', 1)]
