__LOADINGS__
4993/61370 8.135897018087013 % of nul weighted edges removed
0/5000 0.0 % of nul degree nodes removed
Network Properties for:		network
nodes, edges			5000, 56377
directed?			False
weighted?			True
isolated nodes			0
self-loops			0
density				0.004511
clustering coefficient		0.238915
min/max/avg degree		1, 346, 22.550800
degree assortativity		0.312479
number of connected components	1
size of largest component	5000 (100.00 %)
521145.34949742927
__Groundtruth__
read communities from: ../../lfr_5000/mk500/k25/muw0.4/19/community.dat
-------------------  ----------
# communities         45
min community size     6
max community size   473
avg. community size  111.111
modularity             0.451656
-------------------  ----------
45 community detected
__CLASSIC_METHODS__
__Louvain__
PLM(balanced,pc,turbo) detected communities in 0.39119958877563477 [s]
solution properties:
-------------------  ----------
# communities         21
min community size    60
max community size   474
avg. community size  238.095
modularity             0.457022
-------------------  ----------
45 community detected
NMI:0.1611556284108403
ARI:0.18321964913496758
__Singleton__
45 community detected
NMI:0.4614604625731925
ARI:1.0
__AllInOne__
45 community detected
NMI:1.0
ARI:1.0
__PLP__
PLP detected communities in 0.15043330192565918 [s]
solution properties:
-------------------  ----------
# communities         32
min community size     2
max community size   762
avg. community size  156.25
modularity             0.449298
-------------------  ----------
45 community detected
NMI:0.18850081200334012
ARI:0.2846284264747755
__NORMALIZATION__
__glove__
Network Properties for:		G#21
nodes, edges			5000, 56377
directed?			False
weighted?			True
isolated nodes			0
self-loops			0
density				0.004511
clustering coefficient		0.238915
min/max/avg degree		1, 346, 22.550800
degree assortativity		0.312479
number of connected components	1
size of largest component	5000 (100.00 %)
tot:  8043.002234928878
__glove+Louvain__
PLM(balanced,pc,turbo) detected communities in 0.403430700302124 [s]
solution properties:
-------------------  ----------
# communities         19
min community size   122
max community size   457
avg. community size  263.158
modularity             0.482569
-------------------  ----------
45 community detected
NMI:0.13529498987271527
ARI:0.1551775398182309
__glove+PLP__
PLP detected communities in 0.11609578132629395 [s]
solution properties:
-------------------  ----------
# communities         39
min community size     3
max community size   475
avg. community size  128.205
modularity             0.481722
-------------------  ----------
45 community detected
NMI:0.1105157914751752
ARI:0.14299275112185017
__fake_pmi__
Network Properties for:		G#30
nodes, edges			5000, 56377
directed?			False
weighted?			True
isolated nodes			0
self-loops			0
density				0.004511
clustering coefficient		0.238915
min/max/avg degree		1, 346, 22.550800
degree assortativity		0.312479
number of connected components	1
size of largest component	5000 (100.00 %)
tot:  0.0
__fake_pmi+Louvain__
1 community detected due to total edge weight equal 0
NMI:1
ARI:1
__fake_pmi+PLP__
1 community detected due to total edge weight equal 0
NMI:1
ARI:1
__iterative_rev_degree_order__
Network Properties for:		G#33
nodes, edges			5000, 56377
directed?			False
weighted?			True
isolated nodes			0
self-loops			0
density				0.004511
clustering coefficient		0.238915
min/max/avg degree		1, 346, 22.550800
degree assortativity		0.312479
number of connected components	1
size of largest component	5000 (100.00 %)
tot:  1361.939837967122
__iterative_rev_degree_order+Louvain__
PLM(balanced,pc,turbo) detected communities in 0.768944263458252 [s]
solution properties:
-------------------  ----------
# communities         63
min community size    38
max community size   145
avg. community size   79.3651
modularity             0.831966
-------------------  ----------
45 community detected
NMI:0.7887899607386708
ARI:0.9736053203620555
__iterative_rev_degree_order+PLP__
PLP detected communities in 0.08302783966064453 [s]
solution properties:
-------------------  -----------
# communities        1533
min community size      1
max community size     12
avg. community size     3.26158
modularity              0.718414
-------------------  -----------
45 community detected
NMI:0.5390463204481962
ARI:0.9942172423913486
__pmi__
Network Properties for:		G#48
nodes, edges			5000, 56377
directed?			False
weighted?			True
isolated nodes			0
self-loops			0
density				0.004511
clustering coefficient		0.238915
min/max/avg degree		1, 346, 22.550800
degree assortativity		0.312479
number of connected components	1
size of largest component	5000 (100.00 %)
tot:  127581.94557328263
__pmi+Louvain__
PLM(balanced,pc,turbo) detected communities in 0.6522963047027588 [s]
solution properties:
-------------------  ----------
# communities         31
min community size    18
max community size   559
avg. community size  161.29
modularity             0.736523
-------------------  ----------
45 community detected
NMI:0.40652478422737304
ARI:0.607605947694993
__pmi+PLP__
PLP detected communities in 0.24670624732971191 [s]
solution properties:
-------------------  -----------
# communities         115
min community size      2
max community size   1899
avg. community size    43.4783
modularity              0.683864
-------------------  -----------
45 community detected
NMI:0.4047874931612928
ARI:0.7772440798888162
__standard__
Network Properties for:		G#60
nodes, edges			5000, 56377
directed?			False
weighted?			True
isolated nodes			0
self-loops			0
density				0.004511
clustering coefficient		0.238915
min/max/avg degree		1, 346, 22.550800
degree assortativity		0.312479
number of connected components	1
size of largest component	5000 (100.00 %)
tot:  13.353442862431047
__standard+Louvain__
PLM(balanced,pc,turbo) detected communities in 0.656907320022583 [s]
solution properties:
-------------------  ----------
# communities         72
min community size     2
max community size   246
avg. community size   69.4444
modularity             0.827645
-------------------  ----------
45 community detected
NMI:0.7329487099187696
ARI:0.9362262918274433
__standard+PLP__
PLP detected communities in 0.23503518104553223 [s]
solution properties:
-------------------  -----------
# communities        1176
min community size      2
max community size     69
avg. community size     4.2517
modularity              0.693242
-------------------  -----------
45 community detected
NMI:0.5736431386674659
ARI:0.9884037123611669
__ppmi__
Network Properties for:		G#72
nodes, edges			5000, 56377
directed?			False
weighted?			True
isolated nodes			0
self-loops			0
density				0.004511
clustering coefficient		0.238915
min/max/avg degree		1, 346, 22.550800
degree assortativity		0.312479
number of connected components	1
size of largest component	5000 (100.00 %)
tot:  196856.27413942356
__ppmi+Louvain__
PLM(balanced,pc,turbo) detected communities in 0.5230109691619873 [s]
solution properties:
-------------------  ----------
# communities         28
min community size    18
max community size   485
avg. community size  178.571
modularity             0.563796
-------------------  ----------
45 community detected
NMI:0.17374859747623483
ARI:0.23660076446748057
__ppmi+PLP__
PLP detected communities in 0.12146663665771484 [s]
solution properties:
-------------------  -----------
# communities          52
min community size      2
max community size   2361
avg. community size    96.1538
modularity              0.483456
-------------------  -----------
45 community detected
NMI:0.259851011098055
ARI:0.7360313844250364
__glovexmax50alpha0.2__
Network Properties for:		G#81
nodes, edges			5000, 56377
directed?			False
weighted?			True
isolated nodes			0
self-loops			0
density				0.004511
clustering coefficient		0.238915
min/max/avg degree		1, 346, 22.550800
degree assortativity		0.312479
number of connected components	1
size of largest component	5000 (100.00 %)
tot:  31755.873352172875
__glovexmax50alpha0.2+Louvain__
PLM(balanced,pc,turbo) detected communities in 0.41693782806396484 [s]
solution properties:
-------------------  ---------
# communities         23
min community size    59
max community size   466
avg. community size  217.391
modularity             0.53192
-------------------  ---------
45 community detected
NMI:0.04250567667097638
ARI:0.03770942200816485
__glovexmax50alpha0.2+PLP__
PLP detected communities in 0.11464953422546387 [s]
solution properties:
-------------------  ----------
# communities         42
min community size     5
max community size   476
avg. community size  119.048
modularity             0.531599
-------------------  ----------
45 community detected
NMI:0.018476626068823387
ARI:0.025099828013896097
__glovexmax40alpha0.2__
Network Properties for:		G#90
nodes, edges			5000, 56377
directed?			False
weighted?			True
isolated nodes			0
self-loops			0
density				0.004511
clustering coefficient		0.238915
min/max/avg degree		1, 346, 22.550800
degree assortativity		0.312479
number of connected components	1
size of largest component	5000 (100.00 %)
tot:  33148.792608596064
__glovexmax40alpha0.2+Louvain__
PLM(balanced,pc,turbo) detected communities in 0.3292086124420166 [s]
solution properties:
-------------------  ----------
# communities         27
min community size    25
max community size   466
avg. community size  185.185
modularity             0.532423
-------------------  ----------
45 community detected
NMI:0.03333766022683127
ARI:0.03004406760751943
__glovexmax40alpha0.2+PLP__
PLP detected communities in 0.07225441932678223 [s]
solution properties:
-------------------  ----------
# communities         43
min community size     6
max community size   476
avg. community size  116.279
modularity             0.531908
-------------------  ----------
45 community detected
NMI:0.017220536907580075
ARI:0.023522267841497912
__glovexmax30alpha0.3__
Network Properties for:		G#99
nodes, edges			5000, 56377
directed?			False
weighted?			True
isolated nodes			0
self-loops			0
density				0.004511
clustering coefficient		0.238915
min/max/avg degree		1, 346, 22.550800
degree assortativity		0.312479
number of connected components	1
size of largest component	5000 (100.00 %)
tot:  29933.96284662349
__glovexmax30alpha0.3+Louvain__
PLM(balanced,pc,turbo) detected communities in 0.21918606758117676 [s]
solution properties:
-------------------  ----------
# communities         23
min community size    61
max community size   459
avg. community size  217.391
modularity             0.527245
-------------------  ----------
45 community detected
NMI:0.05523744373966688
ARI:0.055914393277964214
__glovexmax30alpha0.3+PLP__
PLP detected communities in 0.060306549072265625 [s]
solution properties:
-------------------  ----------
# communities         43
min community size     6
max community size   472
avg. community size  116.279
modularity             0.526958
-------------------  ----------
45 community detected
NMI:0.028316157629402983
ARI:0.0368278946620495
NMI classement:
[('NMIglovexmax40alpha0.2+PLP', 0.017220536907580075), ('NMIglovexmax50alpha0.2+PLP', 0.018476626068823387), ('NMIglovexmax30alpha0.3+PLP', 0.028316157629402983), ('NMIglovexmax40alpha0.2+Louvain', 0.03333766022683127), ('NMIglovexmax50alpha0.2+Louvain', 0.04250567667097638), ('NMIglovexmax30alpha0.3+Louvain', 0.05523744373966688), ('NMIglove+PLP', 0.1105157914751752), ('NMIglove+Louvain', 0.13529498987271527), ('NMILouvain', 0.1611556284108403), ('NMIppmi+Louvain', 0.17374859747623483), ('NMIPLP', 0.18850081200334012), ('NMIppmi+PLP', 0.259851011098055), ('NMIpmi+PLP', 0.4047874931612928), ('NMIpmi+Louvain', 0.40652478422737304), ('NMISingleton', 0.4614604625731925), ('NMIiterative_rev_degree_order+PLP', 0.5390463204481962), ('NMIstandard+PLP', 0.5736431386674659), ('NMIstandard+Louvain', 0.7329487099187696), ('NMIiterative_rev_degree_order+Louvain', 0.7887899607386708), ('NMIAllInOne', 1.0), ('NMIfake_pmi+Louvain', 1), ('NMIfake_pmi+PLP', 1)]
ARI classement:
[('ARIglovexmax40alpha0.2+PLP', 0.023522267841497912), ('ARIglovexmax50alpha0.2+PLP', 0.025099828013896097), ('ARIglovexmax40alpha0.2+Louvain', 0.03004406760751943), ('ARIglovexmax30alpha0.3+PLP', 0.0368278946620495), ('ARIglovexmax50alpha0.2+Louvain', 0.03770942200816485), ('ARIglovexmax30alpha0.3+Louvain', 0.055914393277964214), ('ARIglove+PLP', 0.14299275112185017), ('ARIglove+Louvain', 0.1551775398182309), ('ARILouvain', 0.18321964913496758), ('ARIppmi+Louvain', 0.23660076446748057), ('ARIPLP', 0.2846284264747755), ('ARIpmi+Louvain', 0.607605947694993), ('ARIppmi+PLP', 0.7360313844250364), ('ARIpmi+PLP', 0.7772440798888162), ('ARIstandard+Louvain', 0.9362262918274433), ('ARIiterative_rev_degree_order+Louvain', 0.9736053203620555), ('ARIstandard+PLP', 0.9884037123611669), ('ARIiterative_rev_degree_order+PLP', 0.9942172423913486), ('ARISingleton', 1.0), ('ARIAllInOne', 1.0), ('ARIfake_pmi+Louvain', 1), ('ARIfake_pmi+PLP', 1)]
