__LOADINGS__
Network Properties for:		network
nodes, edges			5000, 57123
directed?			False
weighted?			True
isolated nodes			0
self-loops			0
density				0.004571
clustering coefficient		0.243022
min/max/avg degree		1, 224, 22.849200
degree assortativity		0.277078
number of connected components	1
size of largest component	5000 (100.00 %)
449149.96764233906
__Groundtruth__
read communities from: ../../lfr_5000/mk300/k25/muw0.4/5/community.dat
-------------------  ----------
# communities         40
min community size    89
max community size   180
avg. community size  125
modularity             0.539834
-------------------  ----------
40 community detected
__CLASSIC_METHODS__
__Louvain__
PLM(balanced,pc,turbo) detected communities in 0.41981935501098633 [s]
solution properties:
-------------------  ----------
# communities         35
min community size    91
max community size   240
avg. community size  142.857
modularity             0.540511
-------------------  ----------
40 community detected
NMI:0.056163348123574264
ARM:0.11857783865897453
__Singleton__
40 community detected
NMI:0.3983004112753803
ARM:1.0
__AllInOne__
40 community detected
NMI:1.0
ARM:1.0
__PLP__
PLP detected communities in 0.11364889144897461 [s]
solution properties:
-------------------  ---------
# communities         40
min community size    88
max community size   181
avg. community size  125
modularity             0.54068
-------------------  ---------
40 community detected
NMI:0.03683131972497078
ARM:0.047370453560310555
__NORMALIZATION__
__glove__
Network Properties for:		G#21cc
nodes, edges			5000, 57123
directed?			False
weighted?			True
isolated nodes			0
self-loops			0
density				0.004571
clustering coefficient		0.243022
min/max/avg degree		1, 224, 22.849200
degree assortativity		0.277078
number of connected components	1
size of largest component	5000 (100.00 %)
tot:  7515.647068245747
__glove+Louvain__
PLM(balanced,pc,turbo) detected communities in 0.5421862602233887 [s]
solution properties:
-------------------  ----------
# communities         21
min community size   144
max community size   341
avg. community size  238.095
modularity             0.548236
-------------------  ----------
40 community detected
NMI:0.11548541897566644
ARM:0.34211986288305274
__glove+PLP__
PLP detected communities in 0.10395145416259766 [s]
solution properties:
-------------------  ----------
# communities         40
min community size    88
max community size   180
avg. community size  125
modularity             0.555672
-------------------  ----------
40 community detected
NMI:0.01881618386831385
ARM:0.025172274528611482
__fake_pmi__
Network Properties for:		G#40cc
nodes, edges			5000, 57123
directed?			False
weighted?			True
isolated nodes			0
self-loops			0
density				0.004571
clustering coefficient		0.243022
min/max/avg degree		1, 224, 22.849200
degree assortativity		0.277078
number of connected components	1
size of largest component	5000 (100.00 %)
tot:  0.0
__fake_pmi+Louvain__
1 community detected due to total edge weight equal 0
NMI:1
ARM:0.025172274528611482
__fake_pmi+PLP__
1 community detected due to total edge weight equal 0
NMI:1
ARM:0.025172274528611482
__iterative_rev_degree_order__
Network Properties for:		G#53cc
nodes, edges			5000, 57123
directed?			False
weighted?			True
isolated nodes			0
self-loops			0
density				0.004571
clustering coefficient		0.243022
min/max/avg degree		1, 224, 22.849200
degree assortativity		0.277078
number of connected components	1
size of largest component	5000 (100.00 %)
tot:  1316.2058389086055
__iterative_rev_degree_order+Louvain__
PLM(balanced,pc,turbo) detected communities in 0.8484182357788086 [s]
solution properties:
-------------------  ----------
# communities         66
min community size     2
max community size   170
avg. community size   75.7576
modularity             0.799986
-------------------  ----------
40 community detected
NMI:0.7914713035787171
ARM:0.9611480493917581
__iterative_rev_degree_order+PLP__
PLP detected communities in 0.06041884422302246 [s]
solution properties:
-------------------  -----------
# communities        1513
min community size      2
max community size     12
avg. community size     3.30469
modularity              0.685293
-------------------  -----------
40 community detected
NMI:0.47506316052547903
ARM:0.9877424714934198
__pmi__
Network Properties for:		G#78cc
nodes, edges			5000, 57123
directed?			False
weighted?			True
isolated nodes			0
self-loops			0
density				0.004571
clustering coefficient		0.243022
min/max/avg degree		1, 224, 22.849200
degree assortativity		0.277078
number of connected components	1
size of largest component	5000 (100.00 %)
tot:  184487.74458732668
__pmi+Louvain__
PLM(balanced,pc,turbo) detected communities in 0.435107946395874 [s]
solution properties:
-------------------  ----------
# communities         36
min community size    94
max community size   486
avg. community size  138.889
modularity             0.674037
-------------------  ----------
40 community detected
NMI:0.14359559041264025
ARM:0.30227977650733273
__pmi+PLP__
PLP detected communities in 0.17450904846191406 [s]
solution properties:
-------------------  ----------
# communities         52
min community size     2
max community size   180
avg. community size   96.1538
modularity             0.673386
-------------------  ----------
40 community detected
NMI:0.11813767914892603
ARM:0.17189341834990757
__standard__
Network Properties for:		G#97cc
nodes, edges			5000, 57123
directed?			False
weighted?			True
isolated nodes			0
self-loops			0
density				0.004571
clustering coefficient		0.243022
min/max/avg degree		1, 224, 22.849200
degree assortativity		0.277078
number of connected components	1
size of largest component	5000 (100.00 %)
tot:  10.358519649279494
__standard+Louvain__
PLM(balanced,pc,turbo) detected communities in 0.8089001178741455 [s]
solution properties:
-------------------  ---------
# communities         44
min community size     5
max community size   302
avg. community size  113.636
modularity             0.69905
-------------------  ---------
40 community detected
NMI:0.5816376679356177
ARM:0.7504435607219333
__standard+PLP__
PLP detected communities in 0.48346877098083496 [s]
solution properties:
-------------------  -----------
# communities         626
min community size      2
max community size   3210
avg. community size     7.98722
modularity              0.508196
-------------------  -----------
40 community detected
NMI:0.6947912371119254
ARM:0.9997351771146971
__ppmi__
Network Properties for:		G#122cc
nodes, edges			5000, 57123
directed?			False
weighted?			True
isolated nodes			0
self-loops			0
density				0.004571
clustering coefficient		0.243022
min/max/avg degree		1, 224, 22.849200
degree assortativity		0.277078
number of connected components	1
size of largest component	5000 (100.00 %)
tot:  239599.99295715382
__ppmi+Louvain__
PLM(balanced,pc,turbo) detected communities in 0.33733439445495605 [s]
solution properties:
-------------------  ----------
# communities         40
min community size    90
max community size   178
avg. community size  125
modularity             0.598624
-------------------  ----------
40 community detected
NMI:0.010354188054464974
ARM:0.014279211213464205
__ppmi+PLP__
PLP detected communities in 0.08616518974304199 [s]
solution properties:
-------------------  ----------
# communities         39
min community size     2
max community size   263
avg. community size  128.205
modularity             0.597147
-------------------  ----------
40 community detected
NMI:0.018813712833362306
ARM:0.06021845206023202
__glovexmax50alpha0.2__
Network Properties for:		G#141cc
nodes, edges			5000, 57123
directed?			False
weighted?			True
isolated nodes			0
self-loops			0
density				0.004571
clustering coefficient		0.243022
min/max/avg degree		1, 224, 22.849200
degree assortativity		0.277078
number of connected components	1
size of largest component	5000 (100.00 %)
tot:  33049.713111317345
__glovexmax50alpha0.2+Louvain__
PLM(balanced,pc,turbo) detected communities in 0.24212908744812012 [s]
solution properties:
-------------------  ----------
# communities         40
min community size    89
max community size   179
avg. community size  125
modularity             0.583824
-------------------  ----------
40 community detected
NMI:0.0009797950030926428
ARM:0.001417978322932667
__glovexmax50alpha0.2+PLP__
PLP detected communities in 0.09917688369750977 [s]
solution properties:
-------------------  ----------
# communities         40
min community size    89
max community size   179
avg. community size  125
modularity             0.583824
-------------------  ----------
40 community detected
NMI:0.0009797950030923097
ARM:0.001417978322932667
__glovexmax40alpha0.2__
Network Properties for:		G#157cc
nodes, edges			5000, 57123
directed?			False
weighted?			True
isolated nodes			0
self-loops			0
density				0.004571
clustering coefficient		0.243022
min/max/avg degree		1, 224, 22.849200
degree assortativity		0.277078
number of connected components	1
size of largest component	5000 (100.00 %)
tot:  34530.771199846175
__glovexmax40alpha0.2+Louvain__
PLM(balanced,pc,turbo) detected communities in 0.24003934860229492 [s]
solution properties:
-------------------  ----------
# communities         40
min community size    89
max community size   179
avg. community size  125
modularity             0.583887
-------------------  ----------
40 community detected
NMI:0.0009797950030926428
ARM:0.001417978322932667
__glovexmax40alpha0.2+PLP__
PLP detected communities in 0.10686492919921875 [s]
solution properties:
-------------------  ----------
# communities         41
min community size    54
max community size   179
avg. community size  121.951
modularity             0.579183
-------------------  ----------
40 community detected
NMI:0.0030161608096327397
ARM:0.006048860327469541
__glovexmax30alpha0.3__
Network Properties for:		G#173cc
nodes, edges			5000, 57123
directed?			False
weighted?			True
isolated nodes			0
self-loops			0
density				0.004571
clustering coefficient		0.243022
min/max/avg degree		1, 224, 22.849200
degree assortativity		0.277078
number of connected components	1
size of largest component	5000 (100.00 %)
tot:  31168.17962803801
__glovexmax30alpha0.3+Louvain__
PLM(balanced,pc,turbo) detected communities in 0.20405030250549316 [s]
solution properties:
-------------------  ----------
# communities         40
min community size    89
max community size   179
avg. community size  125
modularity             0.581229
-------------------  ----------
40 community detected
NMI:0.0019465508945408772
ARM:0.002720759728334632
__glovexmax30alpha0.3+PLP__
PLP detected communities in 0.07450652122497559 [s]
solution properties:
-------------------  ----------
# communities         40
min community size    89
max community size   179
avg. community size  125
modularity             0.581229
-------------------  ----------
40 community detected
NMI:0.0019655380217816765
ARM:0.0028610315502938244
