__LOADINGS__
Network Properties for:		network
nodes, edges			5000, 42974
directed?			False
weighted?			True
isolated nodes			0
self-loops			0
density				0.003439
clustering coefficient		0.418857
min/max/avg degree		1, 246, 17.189600
degree assortativity		0.141546
number of connected components	1
size of largest component	5000 (100.00 %)
328730.9213596735
__Groundtruth__
read communities from: ../../lfr_5000/mk300/k20/muw0.2/0/community.dat
-------------------  ----------
# communities         28
min community size   130
max community size   240
avg. community size  178.571
modularity             0.712077
-------------------  ----------
28 community detected
5 features on 42974 samples
Trainning set:34379 samples
Testing set:8595 samples
             precision    recall  f1-score   support

          0       0.76      0.27      0.40      1724
          1       0.84      0.98      0.91      6871

avg / total       0.83      0.84      0.80      8595

Confusion matrix:
[[ 464 1260]
 [ 149 6722]]
Importance of features:
[0.21889055 0.20889555 0.18040979 0.20089956 0.19090454]
