__LOADINGS__
Network Properties for:		network
nodes, edges			5000, 31044
directed?			False
weighted?			True
isolated nodes			1
self-loops			0
density				0.002484
clustering coefficient		0.391590
min/max/avg degree		0, 80, 12.417600
degree assortativity		0.306274
number of connected components	2
size of largest component	4999 (99.98 %)
164321.43546958535
__Groundtruth__
read communities from: ../../lfr_5000/mk100/k15/muw0.2/23/community.dat
-------------------  ----------
# communities        104
min community size    20
max community size    99
avg. community size   48.0769
modularity             0.800845
-------------------  ----------
104 community detected
__CLASSIC_METHODS__
__Louvain__
PLM(balanced,pc,turbo) detected communities in 0.49602627754211426 [s]
solution properties:
-------------------  ----------
# communities         53
min community size     1
max community size   175
avg. community size   94.3396
modularity             0.802595
-------------------  ----------
104 community detected
NMI:0.08186302224265418
ARM:0.2965542030218118
__Singleton__
104 community detected
NMI:0.3047814955401733
ARM:1.0
__AllInOne__
104 community detected
NMI:1.0
ARM:1.0
__PLP__
PLP detected communities in 0.11631965637207031 [s]
solution properties:
-------------------  ----------
# communities        107
min community size     1
max community size   100
avg. community size   46.729
modularity             0.801157
-------------------  ----------
104 community detected
NMI:0.008027777546871895
ARM:0.01589242913073119
__NORMALIZATION__
__glove__
Network Properties for:		G#21cc
nodes, edges			4999, 31044
directed?			False
weighted?			True
isolated nodes			0
self-loops			0
density				0.002485
clustering coefficient		0.391669
min/max/avg degree		2, 80, 12.420084
degree assortativity		0.306274
number of connected components	1
size of largest component	4999 (100.00 %)
tot:  3183.6892404816745
__glove+Louvain__
PLM(balanced,pc,turbo) detected communities in 0.4107990264892578 [s]
solution properties:
-------------------  ----------
# communities         62
min community size    32
max community size   128
avg. community size   80.629
modularity             0.811133
-------------------  ----------
104 community detected
NMI:0.055231872187629705
ARM:0.19772499163599866
__glove+PLP__
PLP detected communities in 0.0866384506225586 [s]
solution properties:
-------------------  ----------
# communities        106
min community size    10
max community size   100
avg. community size   47.1604
modularity             0.808956
-------------------  ----------
104 community detected
NMI:0.0049505056653583734
ARM:0.01046041292954869
__fake_pmi__
Network Properties for:		G#40cc
nodes, edges			4999, 31044
directed?			False
weighted?			True
isolated nodes			0
self-loops			0
density				0.002485
clustering coefficient		0.391669
min/max/avg degree		2, 80, 12.420084
degree assortativity		0.306274
number of connected components	1
size of largest component	4999 (100.00 %)
tot:  0.0
__fake_pmi+Louvain__
1 community detected due to total edge weight equal 0
NMI:1
ARM:0.01046041292954869
__fake_pmi+PLP__
1 community detected due to total edge weight equal 0
NMI:1
ARM:0.01046041292954869
__iterative_rev_degree_order__
Network Properties for:		G#53cc
nodes, edges			4999, 31044
directed?			False
weighted?			True
isolated nodes			0
self-loops			0
density				0.002485
clustering coefficient		0.391669
min/max/avg degree		2, 80, 12.420084
degree assortativity		0.306274
number of connected components	1
size of largest component	4999 (100.00 %)
tot:  1548.0427533339318
__iterative_rev_degree_order+Louvain__
PLM(balanced,pc,turbo) detected communities in 0.8697888851165771 [s]
solution properties:
-------------------  ----------
# communities         58
min community size    34
max community size   148
avg. community size   86.1897
modularity             0.845938
-------------------  ----------
104 community detected
NMI:0.39145297543777624
ARM:0.7099332895062993
__iterative_rev_degree_order+PLP__
PLP detected communities in 0.08082032203674316 [s]
solution properties:
-------------------  -----------
# communities        1427
min community size      2
max community size     12
avg. community size     3.50315
modularity              0.681754
-------------------  -----------
104 community detected
NMI:0.3041474880578654
ARM:0.9385346524226088
__pmi__
Network Properties for:		G#78cc
nodes, edges			4999, 31044
directed?			False
weighted?			True
isolated nodes			0
self-loops			0
density				0.002485
clustering coefficient		0.391669
min/max/avg degree		2, 80, 12.420084
degree assortativity		0.306274
number of connected components	1
size of largest component	4999 (100.00 %)
tot:  182396.74786884442
__pmi+Louvain__
PLM(balanced,pc,turbo) detected communities in 0.49484682083129883 [s]
solution properties:
-------------------  ----------
# communities         61
min community size    44
max community size   142
avg. community size   81.9508
modularity             0.820044
-------------------  ----------
104 community detected
NMI:0.05619788420808003
ARM:0.20146605685384422
__pmi+PLP__
PLP detected communities in 0.14206981658935547 [s]
solution properties:
-------------------  ---------
# communities        105
min community size     2
max community size   100
avg. community size   47.6095
modularity             0.81994
-------------------  ---------
104 community detected
NMI:0.004688197310254605
ARM:0.013352653555515848
__standard__
Network Properties for:		G#97cc
nodes, edges			4999, 31044
directed?			False
weighted?			True
isolated nodes			0
self-loops			0
density				0.002485
clustering coefficient		0.391669
min/max/avg degree		2, 80, 12.420084
degree assortativity		0.306274
number of connected components	1
size of largest component	4999 (100.00 %)
tot:  33.90761600365918
__standard+Louvain__
PLM(balanced,pc,turbo) detected communities in 0.5593066215515137 [s]
solution properties:
-------------------  ---------
# communities         59
min community size    25
max community size   337
avg. community size   84.7288
modularity             0.85344
-------------------  ---------
104 community detected
NMI:0.20598243746432798
ARM:0.542130681629976
__standard+PLP__
PLP detected communities in 0.1829814910888672 [s]
solution properties:
-------------------  ----------
# communities        555
min community size     1
max community size    74
avg. community size    9.00721
modularity             0.709826
-------------------  ----------
104 community detected
NMI:0.17121922361055664
ARM:0.40874451402023615
__ppmi__
Network Properties for:		G#119cc
nodes, edges			4999, 31044
directed?			False
weighted?			True
isolated nodes			0
self-loops			0
density				0.002485
clustering coefficient		0.391669
min/max/avg degree		2, 80, 12.420084
degree assortativity		0.306274
number of connected components	1
size of largest component	4999 (100.00 %)
tot:  187000.93710105584
__ppmi+Louvain__
PLM(balanced,pc,turbo) detected communities in 0.43868231773376465 [s]
solution properties:
-------------------  ----------
# communities         68
min community size    34
max community size   144
avg. community size   73.5147
modularity             0.817604
-------------------  ----------
104 community detected
NMI:0.04192634765205583
ARM:0.1544623453131455
__ppmi+PLP__
PLP detected communities in 0.10921525955200195 [s]
solution properties:
-------------------  ----------
# communities        106
min community size     9
max community size   100
avg. community size   47.1604
modularity             0.815368
-------------------  ----------
104 community detected
NMI:0.0019704063925536364
ARM:0.004271579569604889
__glovexmax50alpha0.2__
Network Properties for:		G#138cc
nodes, edges			4999, 31044
directed?			False
weighted?			True
isolated nodes			0
self-loops			0
density				0.002485
clustering coefficient		0.391669
min/max/avg degree		2, 80, 12.420084
degree assortativity		0.306274
number of connected components	1
size of largest component	4999 (100.00 %)
tot:  18136.795746897587
__glovexmax50alpha0.2+Louvain__
PLM(balanced,pc,turbo) detected communities in 0.455399751663208 [s]
solution properties:
-------------------  ----------
# communities         67
min community size    42
max community size   118
avg. community size   74.6119
modularity             0.815766
-------------------  ----------
104 community detected
NMI:0.04301970668577759
ARM:0.15587376624463245
__glovexmax50alpha0.2+PLP__
PLP detected communities in 0.14917206764221191 [s]
solution properties:
-------------------  ----------
# communities        106
min community size     9
max community size   100
avg. community size   47.1604
modularity             0.810288
-------------------  ----------
104 community detected
NMI:0.0026952492351393076
ARM:0.008528588790593816
__glovexmax40alpha0.2__
Network Properties for:		G#157cc
nodes, edges			4999, 31044
directed?			False
weighted?			True
isolated nodes			0
self-loops			0
density				0.002485
clustering coefficient		0.391669
min/max/avg degree		2, 80, 12.420084
degree assortativity		0.306274
number of connected components	1
size of largest component	4999 (100.00 %)
tot:  18964.354840543925
__glovexmax40alpha0.2+Louvain__
PLM(balanced,pc,turbo) detected communities in 0.4809744358062744 [s]
solution properties:
-------------------  ----------
# communities         61
min community size    42
max community size   144
avg. community size   81.9508
modularity             0.815378
-------------------  ----------
104 community detected
NMI:0.054200263051199626
ARM:0.20132635608866534
__glovexmax40alpha0.2+PLP__
PLP detected communities in 0.11535096168518066 [s]
solution properties:
-------------------  ----------
# communities        105
min community size    11
max community size   100
avg. community size   47.6095
modularity             0.814705
-------------------  ----------
104 community detected
NMI:0.0015428350405610747
ARM:0.0035158035368983986
__glovexmax30alpha0.3__
Network Properties for:		G#176cc
nodes, edges			4999, 31044
directed?			False
weighted?			True
isolated nodes			0
self-loops			0
density				0.002485
clustering coefficient		0.391669
min/max/avg degree		2, 80, 12.420084
degree assortativity		0.306274
number of connected components	1
size of largest component	4999 (100.00 %)
tot:  16592.3187560347
__glovexmax30alpha0.3+Louvain__
PLM(balanced,pc,turbo) detected communities in 0.2906229496002197 [s]
solution properties:
-------------------  ----------
# communities         62
min community size    44
max community size   128
avg. community size   80.629
modularity             0.817359
-------------------  ----------
104 community detected
NMI:0.052367708338369456
ARM:0.191625716097088
__glovexmax30alpha0.3+PLP__
PLP detected communities in 0.07200264930725098 [s]
solution properties:
-------------------  ---------
# communities        105
min community size    10
max community size   100
avg. community size   47.6095
modularity             0.81647
-------------------  ---------
104 community detected
NMI:0.002019701375520433
ARM:0.004704575181783688
