__LOADINGS__
Network Properties for:		network
nodes, edges			5000, 57123
directed?			False
weighted?			True
isolated nodes			0
self-loops			0
density				0.004571
clustering coefficient		0.243022
min/max/avg degree		1, 224, 22.849200
degree assortativity		0.277078
number of connected components	1
size of largest component	5000 (100.00 %)
449149.96764233906
__Groundtruth__
read communities from: ../../lfr_5000/mk300/k25/muw0.4/11/community.dat
-------------------  ----------
# communities         40
min community size    89
max community size   180
avg. community size  125
modularity             0.539834
-------------------  ----------
40 community detected
__CLASSIC_METHODS__
__Louvain__
PLM(balanced,pc,turbo) detected communities in 0.16735172271728516 [s]
solution properties:
-------------------  ----------
# communities         22
min community size   146
max community size   390
avg. community size  227.273
modularity             0.536436
-------------------  ----------
40 community detected
NMI:0.12964477507027827
ARM:0.3518959556604291
__Singleton__
40 community detected
NMI:0.3983004112753803
ARM:1.0
__AllInOne__
40 community detected
NMI:1.0
ARM:1.0
__PLP__
PLP detected communities in 0.02346634864807129 [s]
solution properties:
-------------------  ----------
# communities         40
min community size    88
max community size   181
avg. community size  125
modularity             0.540667
-------------------  ----------
40 community detected
NMI:0.03714659737670245
ARM:0.04774618585298196
__NORMALIZATION__
__glove__
Network Properties for:		G#21cc
nodes, edges			5000, 57123
directed?			False
weighted?			True
isolated nodes			0
self-loops			0
density				0.004571
clustering coefficient		0.243022
min/max/avg degree		1, 224, 22.849200
degree assortativity		0.277078
number of connected components	1
size of largest component	5000 (100.00 %)
tot:  7515.647068245747
__glove+Louvain__
PLM(balanced,pc,turbo) detected communities in 0.244581937789917 [s]
solution properties:
-------------------  ----------
# communities         14
min community size   270
max community size   502
avg. community size  357.143
modularity             0.533644
-------------------  ----------
40 community detected
NMI:0.18430598606653192
ARM:0.506793151853374
__glove+PLP__
PLP detected communities in 0.029611825942993164 [s]
solution properties:
-------------------  ----------
# communities         40
min community size    88
max community size   180
avg. community size  125
modularity             0.555672
-------------------  ----------
40 community detected
NMI:0.01881618386831363
ARM:0.025172274528611482
__fake_pmi__
Network Properties for:		G#40cc
nodes, edges			5000, 57123
directed?			False
weighted?			True
isolated nodes			0
self-loops			0
density				0.004571
clustering coefficient		0.243022
min/max/avg degree		1, 224, 22.849200
degree assortativity		0.277078
number of connected components	1
size of largest component	5000 (100.00 %)
tot:  0.0
__fake_pmi+Louvain__
1 community detected due to total edge weight equal 0
NMI:1
ARM:0.025172274528611482
__fake_pmi+PLP__
1 community detected due to total edge weight equal 0
NMI:1
ARM:0.025172274528611482
__iterative_rev_degree_order__
Network Properties for:		G#53cc
nodes, edges			5000, 57123
directed?			False
weighted?			True
isolated nodes			0
self-loops			0
density				0.004571
clustering coefficient		0.243022
min/max/avg degree		1, 224, 22.849200
degree assortativity		0.277078
number of connected components	1
size of largest component	5000 (100.00 %)
tot:  1316.2058389086055
__iterative_rev_degree_order+Louvain__
PLM(balanced,pc,turbo) detected communities in 0.7211029529571533 [s]
solution properties:
-------------------  ----------
# communities         67
min community size    35
max community size   165
avg. community size   74.6269
modularity             0.800135
-------------------  ----------
40 community detected
NMI:0.7894877357363992
ARM:0.9592932938657845
__iterative_rev_degree_order+PLP__
PLP detected communities in 0.0816354751586914 [s]
solution properties:
-------------------  -----------
# communities        1504
min community size      2
max community size     12
avg. community size     3.32447
modularity              0.687028
-------------------  -----------
40 community detected
NMI:0.47599435126255685
ARM:0.9876804747260154
__pmi__
Network Properties for:		G#78cc
nodes, edges			5000, 57123
directed?			False
weighted?			True
isolated nodes			0
self-loops			0
density				0.004571
clustering coefficient		0.243022
min/max/avg degree		1, 224, 22.849200
degree assortativity		0.277078
number of connected components	1
size of largest component	5000 (100.00 %)
tot:  184487.74458732668
__pmi+Louvain__
PLM(balanced,pc,turbo) detected communities in 0.32849812507629395 [s]
solution properties:
-------------------  ----------
# communities         35
min community size    93
max community size   316
avg. community size  142.857
modularity             0.673336
-------------------  ----------
40 community detected
NMI:0.1470022415714941
ARM:0.28433088061424616
__pmi+PLP__
PLP detected communities in 0.10766315460205078 [s]
solution properties:
-------------------  ----------
# communities         58
min community size     1
max community size   190
avg. community size   86.2069
modularity             0.667958
-------------------  ----------
40 community detected
NMI:0.1257386894887086
ARM:0.18688303605117274
__standard__
Network Properties for:		G#97cc
nodes, edges			5000, 57123
directed?			False
weighted?			True
isolated nodes			0
self-loops			0
density				0.004571
clustering coefficient		0.243022
min/max/avg degree		1, 224, 22.849200
degree assortativity		0.277078
number of connected components	1
size of largest component	5000 (100.00 %)
tot:  10.358519649279494
__standard+Louvain__
PLM(balanced,pc,turbo) detected communities in 0.46602582931518555 [s]
solution properties:
-------------------  ----------
# communities         39
min community size     2
max community size   300
avg. community size  128.205
modularity             0.696671
-------------------  ----------
40 community detected
NMI:0.5963944900566667
ARM:0.7632980866133607
__standard+PLP__
PLP detected communities in 0.2596628665924072 [s]
solution properties:
-------------------  -----------
# communities        1145
min community size      1
max community size     75
avg. community size     4.36681
modularity              0.559044
-------------------  -----------
40 community detected
NMI:0.4627347605824539
ARM:0.8994036200910249
__ppmi__
Network Properties for:		G#122cc
nodes, edges			5000, 57123
directed?			False
weighted?			True
isolated nodes			0
self-loops			0
density				0.004571
clustering coefficient		0.243022
min/max/avg degree		1, 224, 22.849200
degree assortativity		0.277078
number of connected components	1
size of largest component	5000 (100.00 %)
tot:  239599.99295715382
__ppmi+Louvain__
PLM(balanced,pc,turbo) detected communities in 0.3851735591888428 [s]
solution properties:
-------------------  ----------
# communities         17
min community size   193
max community size   482
avg. community size  294.118
modularity             0.581032
-------------------  ----------
40 community detected
NMI:0.1439588371315207
ARM:0.43404560431225603
__ppmi+PLP__
PLP detected communities in 0.07881307601928711 [s]
solution properties:
-------------------  ----------
# communities         41
min community size     2
max community size   178
avg. community size  121.951
modularity             0.598539
-------------------  ----------
40 community detected
NMI:0.008713941771256839
ARM:0.01219367598305876
__glovexmax50alpha0.2__
Network Properties for:		G#141cc
nodes, edges			5000, 57123
directed?			False
weighted?			True
isolated nodes			0
self-loops			0
density				0.004571
clustering coefficient		0.243022
min/max/avg degree		1, 224, 22.849200
degree assortativity		0.277078
number of connected components	1
size of largest component	5000 (100.00 %)
tot:  33049.713111317345
__glovexmax50alpha0.2+Louvain__
PLM(balanced,pc,turbo) detected communities in 0.18927288055419922 [s]
solution properties:
-------------------  ----------
# communities         40
min community size    89
max community size   179
avg. community size  125
modularity             0.583824
-------------------  ----------
40 community detected
NMI:0.0009797950030926428
ARM:0.001417978322932667
__glovexmax50alpha0.2+PLP__
PLP detected communities in 0.096038818359375 [s]
solution properties:
-------------------  ----------
# communities         40
min community size    89
max community size   179
avg. community size  125
modularity             0.583824
-------------------  ----------
40 community detected
NMI:0.0009797950030926428
ARM:0.001417978322932667
__glovexmax40alpha0.2__
Network Properties for:		G#157cc
nodes, edges			5000, 57123
directed?			False
weighted?			True
isolated nodes			0
self-loops			0
density				0.004571
clustering coefficient		0.243022
min/max/avg degree		1, 224, 22.849200
degree assortativity		0.277078
number of connected components	1
size of largest component	5000 (100.00 %)
tot:  34530.771199846175
__glovexmax40alpha0.2+Louvain__
PLM(balanced,pc,turbo) detected communities in 0.24167442321777344 [s]
solution properties:
-------------------  ----------
# communities         40
min community size    89
max community size   179
avg. community size  125
modularity             0.583887
-------------------  ----------
40 community detected
NMI:0.0009797950030926428
ARM:0.001417978322932667
__glovexmax40alpha0.2+PLP__
PLP detected communities in 0.11003565788269043 [s]
solution properties:
-------------------  ----------
# communities         40
min community size    89
max community size   179
avg. community size  125
modularity             0.583887
-------------------  ----------
40 community detected
NMI:0.0009797950030923097
ARM:0.001417978322932667
__glovexmax30alpha0.3__
Network Properties for:		G#173cc
nodes, edges			5000, 57123
directed?			False
weighted?			True
isolated nodes			0
self-loops			0
density				0.004571
clustering coefficient		0.243022
min/max/avg degree		1, 224, 22.849200
degree assortativity		0.277078
number of connected components	1
size of largest component	5000 (100.00 %)
tot:  31168.17962803801
__glovexmax30alpha0.3+Louvain__
PLM(balanced,pc,turbo) detected communities in 0.3400607109069824 [s]
solution properties:
-------------------  ----------
# communities         40
min community size    89
max community size   179
avg. community size  125
modularity             0.581226
-------------------  ----------
40 community detected
NMI:0.0022688736137217447
ARM:0.0031488353730754204
__glovexmax30alpha0.3+PLP__
PLP detected communities in 0.11391258239746094 [s]
solution properties:
-------------------  ----------
# communities         40
min community size    89
max community size   179
avg. community size  125
modularity             0.581229
-------------------  ----------
40 community detected
NMI:0.0019655380217816765
ARM:0.0028610315502938244
