__LOADINGS__
Network Properties for:		network
nodes, edges			5000, 47554
directed?			False
weighted?			True
isolated nodes			1
self-loops			0
density				0.003805
clustering coefficient		0.340701
min/max/avg degree		0, 360, 19.021600
degree assortativity		0.259490
number of connected components	2
size of largest component	4999 (99.98 %)
429561.4226880868
__Groundtruth__
read communities from: ../../lfr_5000/mk500/k20/muw0.3/15/community.dat
-------------------  ----------
# communities         46
min community size     5
max community size   472
avg. community size  108.696
modularity             0.539673
-------------------  ----------
46 community detected
__CLASSIC_METHODS__
__Louvain__
PLM(balanced,pc,turbo) detected communities in 0.43993687629699707 [s]
solution properties:
-------------------  ----------
# communities         23
min community size     1
max community size   490
avg. community size  217.391
modularity             0.544001
-------------------  ----------
46 community detected
NMI:0.11062844753248813
ARM:0.12701362941199434
__Singleton__
46 community detected
NMI:0.4626433730173759
ARM:1.0
__AllInOne__
46 community detected
NMI:1.0
ARM:1.0
__PLP__
PLP detected communities in 0.1977078914642334 [s]
solution properties:
-------------------  ----------
# communities         45
min community size     1
max community size   582
avg. community size  111.111
modularity             0.542297
-------------------  ----------
46 community detected
NMI:0.08758013306708345
ARM:0.1275542267198928
__NORMALIZATION__
__glove__
Network Properties for:		G#21cc
nodes, edges			4999, 47554
directed?			False
weighted?			True
isolated nodes			0
self-loops			0
density				0.003807
clustering coefficient		0.340769
min/max/avg degree		3, 360, 19.025405
degree assortativity		0.259490
number of connected components	1
size of largest component	4999 (100.00 %)
tot:  6429.417882565148
__glove+Louvain__
PLM(balanced,pc,turbo) detected communities in 0.40179872512817383 [s]
solution properties:
-------------------  ----------
# communities         26
min community size     5
max community size   483
avg. community size  192.269
modularity             0.580111
-------------------  ----------
46 community detected
NMI:0.08322689876443179
ARM:0.09411768958549471
__glove+PLP__
PLP detected communities in 0.1309056282043457 [s]
solution properties:
-------------------  ----------
# communities         48
min community size     4
max community size   490
avg. community size  104.146
modularity             0.579323
-------------------  ----------
46 community detected
NMI:0.059374691233342825
ARM:0.07595902105023478
__fake_pmi__
Network Properties for:		G#40cc
nodes, edges			4999, 47554
directed?			False
weighted?			True
isolated nodes			0
self-loops			0
density				0.003807
clustering coefficient		0.340769
min/max/avg degree		3, 360, 19.025405
degree assortativity		0.259490
number of connected components	1
size of largest component	4999 (100.00 %)
tot:  0.0
__fake_pmi+Louvain__
1 community detected due to total edge weight equal 0
NMI:1
ARM:0.07595902105023478
__fake_pmi+PLP__
1 community detected due to total edge weight equal 0
NMI:1
ARM:0.07595902105023478
__iterative_rev_degree_order__
Network Properties for:		G#53cc
nodes, edges			4999, 47554
directed?			False
weighted?			True
isolated nodes			0
self-loops			0
density				0.003807
clustering coefficient		0.340769
min/max/avg degree		3, 360, 19.025405
degree assortativity		0.259490
number of connected components	1
size of largest component	4999 (100.00 %)
tot:  1410.2480445210515
__iterative_rev_degree_order+Louvain__
PLM(balanced,pc,turbo) detected communities in 0.7012381553649902 [s]
solution properties:
-------------------  ----------
# communities         91
min community size     4
max community size   153
avg. community size   54.9341
modularity             0.865769
-------------------  ----------
46 community detected
NMI:0.6831798981618049
ARM:0.9286334433061295
__iterative_rev_degree_order+PLP__
PLP detected communities in 0.1069488525390625 [s]
solution properties:
-------------------  ----------
# communities        1529
min community size      2
max community size     13
avg. community size     3.26946
modularity              0.74483
-------------------  ----------
46 community detected
NMI:0.5150350829089765
ARM:0.991326612035887
__pmi__
Network Properties for:		G#78cc
nodes, edges			4999, 47554
directed?			False
weighted?			True
isolated nodes			0
self-loops			0
density				0.003807
clustering coefficient		0.340769
min/max/avg degree		3, 360, 19.025405
degree assortativity		0.259490
number of connected components	1
size of largest component	4999 (100.00 %)
tot:  91064.02466502716
__pmi+Louvain__
PLM(balanced,pc,turbo) detected communities in 0.6632709503173828 [s]
solution properties:
-------------------  ----------
# communities          33
min community size      1
max community size   1208
avg. community size   151.485
modularity              1.09857
-------------------  ----------
46 community detected
NMI:0.33395303946408383
ARM:0.6035172580589434
__pmi+PLP__
PLP detected communities in 0.1954822540283203 [s]
solution properties:
-------------------  ---------
# communities        163
min community size     1
max community size   734
avg. community size   30.6687
modularity             1.06108
-------------------  ---------
46 community detected
NMI:0.3255250713555461
ARM:0.5471160247525293
__standard__
Network Properties for:		G#100cc
nodes, edges			4999, 47554
directed?			False
weighted?			True
isolated nodes			0
self-loops			0
density				0.003807
clustering coefficient		0.340769
min/max/avg degree		3, 360, 19.025405
degree assortativity		0.259490
number of connected components	1
size of largest component	4999 (100.00 %)
tot:  16.71473960866726
__standard+Louvain__
PLM(balanced,pc,turbo) detected communities in 0.6354711055755615 [s]
solution properties:
-------------------  ---------
# communities         55
min community size     2
max community size   446
avg. community size   90.8909
modularity             0.88927
-------------------  ---------
46 community detected
NMI:0.5413728201594745
ARM:0.7511062848776798
__standard+PLP__
PLP detected communities in 0.12628674507141113 [s]
solution properties:
-------------------  -----------
# communities        1171
min community size      2
max community size     76
avg. community size     4.269
modularity              0.718461
-------------------  -----------
46 community detected
NMI:0.5255898564000507
ARM:0.9755076622204256
__ppmi__
Network Properties for:		G#122cc
nodes, edges			4999, 47554
directed?			False
weighted?			True
isolated nodes			0
self-loops			0
density				0.003807
clustering coefficient		0.340769
min/max/avg degree		3, 360, 19.025405
degree assortativity		0.259490
number of connected components	1
size of largest component	4999 (100.00 %)
tot:  163881.54419444103
__ppmi+Louvain__
PLM(balanced,pc,turbo) detected communities in 0.48679566383361816 [s]
solution properties:
-------------------  ----------
# communities         28
min community size    43
max community size   455
avg. community size  178.536
modularity             0.672002
-------------------  ----------
46 community detected
NMI:0.17155748144977012
ARM:0.22968361616595578
__ppmi+PLP__
PLP detected communities in 0.16773223876953125 [s]
solution properties:
-------------------  ----------
# communities         76
min community size     2
max community size   840
avg. community size   65.7763
modularity             0.670874
-------------------  ----------
46 community detected
NMI:0.127527869539235
ARM:0.28347955969737315
__glovexmax50alpha0.2__
Network Properties for:		G#141cc
nodes, edges			4999, 47554
directed?			False
weighted?			True
isolated nodes			0
self-loops			0
density				0.003807
clustering coefficient		0.340769
min/max/avg degree		3, 360, 19.025405
degree assortativity		0.259490
number of connected components	1
size of largest component	4999 (100.00 %)
tot:  25549.50578983707
__glovexmax50alpha0.2+Louvain__
PLM(balanced,pc,turbo) detected communities in 0.3859536647796631 [s]
solution properties:
-------------------  ----------
# communities         26
min community size     5
max community size   471
avg. community size  192.269
modularity             0.638505
-------------------  ----------
46 community detected
NMI:0.027641084544432815
ARM:0.0217665242834596
__glovexmax50alpha0.2+PLP__
PLP detected communities in 0.1058492660522461 [s]
solution properties:
-------------------  ----------
# communities         46
min community size     4
max community size   475
avg. community size  108.674
modularity             0.638326
-------------------  ----------
46 community detected
NMI:0.006185629029562878
ARM:0.007806478917161019
__glovexmax40alpha0.2__
Network Properties for:		G#160cc
nodes, edges			4999, 47554
directed?			False
weighted?			True
isolated nodes			0
self-loops			0
density				0.003807
clustering coefficient		0.340769
min/max/avg degree		3, 360, 19.025405
degree assortativity		0.259490
number of connected components	1
size of largest component	4999 (100.00 %)
tot:  26650.641699725547
__glovexmax40alpha0.2+Louvain__
PLM(balanced,pc,turbo) detected communities in 0.35443639755249023 [s]
solution properties:
-------------------  ----------
# communities         22
min community size    86
max community size   471
avg. community size  227.227
modularity             0.638862
-------------------  ----------
46 community detected
NMI:0.037315776862423045
ARM:0.03233493283612976
__glovexmax40alpha0.2+PLP__
PLP detected communities in 0.11076164245605469 [s]
solution properties:
-------------------  ----------
# communities         46
min community size     4
max community size   475
avg. community size  108.674
modularity             0.638868
-------------------  ----------
46 community detected
NMI:0.006185629029562878
ARM:0.007806478917161019
__glovexmax30alpha0.3__
Network Properties for:		G#179cc
nodes, edges			4999, 47554
directed?			False
weighted?			True
isolated nodes			0
self-loops			0
density				0.003807
clustering coefficient		0.340769
min/max/avg degree		3, 360, 19.025405
degree assortativity		0.259490
number of connected components	1
size of largest component	4999 (100.00 %)
tot:  23739.22529898177
__glovexmax30alpha0.3+Louvain__
PLM(balanced,pc,turbo) detected communities in 0.32770252227783203 [s]
solution properties:
-------------------  ---------
# communities         25
min community size     5
max community size   474
avg. community size  199.96
modularity             0.63506
-------------------  ---------
46 community detected
NMI:0.04139665215427957
ARM:0.03777605721001642
__glovexmax30alpha0.3+PLP__
PLP detected communities in 0.07079362869262695 [s]
solution properties:
-------------------  ----------
# communities         46
min community size     4
max community size   476
avg. community size  108.674
modularity             0.634888
-------------------  ----------
46 community detected
NMI:0.017829635120706233
ARM:0.022559705735224034
