__LOADINGS__
4976/36020 13.814547473625764 % of nul weighted edges removed
1/5000 0.02 % of nul degree nodes removed
Network Properties for:		network
nodes, edges			4999, 31044
directed?			False
weighted?			True
isolated nodes			1
self-loops			0
density				0.002485
clustering coefficient		0.391669
min/max/avg degree		0, 80, 12.420084
degree assortativity		0.306274
number of connected components	1
size of largest component	4999 (100.00 %)
164321.43546958535
__Groundtruth__
read communities from: ../../lfr_5000/mk100/k15/muw0.2/40/community.dat
-------------------  ----------
# communities        104
min community size    20
max community size    99
avg. community size   48.0769
modularity             0.800845
-------------------  ----------
104 community detected
__CLASSIC_METHODS__
__Louvain__
PLM(balanced,pc,turbo) detected communities in 0.32993102073669434 [s]
solution properties:
-------------------  ---------
# communities         48
min community size    64
max community size   154
avg. community size  104.146
modularity             0.80201
-------------------  ---------
104 community detected
NMI:0.09124110690488207
ARI:0.3268581880104695
__Singleton__
104 community detected
NMI:0.3047621700379689
ARI:1.0
__AllInOne__
104 community detected
NMI:1.0
ARI:1.0
__PLP__
PLP detected communities in 0.08047842979431152 [s]
solution properties:
-------------------  ----------
# communities        111
min community size     1
max community size   100
avg. community size   45.045
modularity             0.799854
-------------------  ----------
104 community detected
NMI:0.009753550397336164
ARI:0.017823913662889934
__NORMALIZATION__
__glove__
Network Properties for:		G#21
nodes, edges			4999, 31044
directed?			False
weighted?			True
isolated nodes			1
self-loops			0
density				0.002485
clustering coefficient		0.391669
min/max/avg degree		0, 80, 12.420084
degree assortativity		0.306274
number of connected components	1
size of largest component	4999 (100.00 %)
tot:  3183.6892404816745
__glove+Louvain__
PLM(balanced,pc,turbo) detected communities in 0.2692427635192871 [s]
solution properties:
-------------------  ----------
# communities         57
min community size    43
max community size   163
avg. community size   87.7018
modularity             0.810707
-------------------  ----------
104 community detected
NMI:0.06611085456745902
ARI:0.24491991297056692
__glove+PLP__
PLP detected communities in 0.07709169387817383 [s]
solution properties:
-------------------  ----------
# communities        108
min community size     1
max community size   100
avg. community size   46.2963
modularity             0.808829
-------------------  ----------
104 community detected
NMI:0.00516130634444556
ARI:0.010471075281297981
__fake_pmi__
Network Properties for:		G#30
nodes, edges			4999, 31044
directed?			False
weighted?			True
isolated nodes			1
self-loops			0
density				0.002485
clustering coefficient		0.391669
min/max/avg degree		0, 80, 12.420084
degree assortativity		0.306274
number of connected components	1
size of largest component	4999 (100.00 %)
tot:  0.0
__fake_pmi+Louvain__
1 community detected due to total edge weight equal 0
NMI:1
ARI:1
__fake_pmi+PLP__
1 community detected due to total edge weight equal 0
NMI:1
ARI:1
__iterative_rev_degree_order__
Network Properties for:		G#33
nodes, edges			4999, 31044
directed?			False
weighted?			True
isolated nodes			1
self-loops			0
density				0.002485
clustering coefficient		0.391669
min/max/avg degree		0, 80, 12.420084
degree assortativity		0.306274
number of connected components	1
size of largest component	4999 (100.00 %)
tot:  1548.0427533339318
__iterative_rev_degree_order+Louvain__
PLM(balanced,pc,turbo) detected communities in 0.8152933120727539 [s]
solution properties:
-------------------  ----------
# communities         62
min community size    23
max community size   137
avg. community size   80.629
modularity             0.845881
-------------------  ----------
104 community detected
NMI:0.38718826236530524
ARI:0.7050203376608903
__iterative_rev_degree_order+PLP__
PLP detected communities in 0.10110640525817871 [s]
solution properties:
-------------------  -----------
# communities        1431
min community size      1
max community size     12
avg. community size     3.49406
modularity              0.681383
-------------------  -----------
104 community detected
NMI:0.3043269024647768
ARI:0.9387823614210391
__pmi__
Network Properties for:		G#48
nodes, edges			4999, 31044
directed?			False
weighted?			True
isolated nodes			1
self-loops			0
density				0.002485
clustering coefficient		0.391669
min/max/avg degree		0, 80, 12.420084
degree assortativity		0.306274
number of connected components	1
size of largest component	4999 (100.00 %)
tot:  182396.74786884442
__pmi+Louvain__
PLM(balanced,pc,turbo) detected communities in 0.47220778465270996 [s]
solution properties:
-------------------  ----------
# communities         76
min community size    34
max community size   144
avg. community size   65.7763
modularity             0.821106
-------------------  ----------
104 community detected
NMI:0.03277412701501914
ARI:0.11653978238534068
__pmi+PLP__
PLP detected communities in 0.13880228996276855 [s]
solution properties:
-------------------  ----------
# communities        107
min community size     1
max community size   100
avg. community size   46.729
modularity             0.819848
-------------------  ----------
104 community detected
NMI:0.0035760103553055256
ARI:0.008172412216050029
__standard__
Network Properties for:		G#57
nodes, edges			4999, 31044
directed?			False
weighted?			True
isolated nodes			1
self-loops			0
density				0.002485
clustering coefficient		0.391669
min/max/avg degree		0, 80, 12.420084
degree assortativity		0.306274
number of connected components	1
size of largest component	4999 (100.00 %)
tot:  33.90761600365918
__standard+Louvain__
PLM(balanced,pc,turbo) detected communities in 0.5169658660888672 [s]
solution properties:
-------------------  ----------
# communities         55
min community size    25
max community size   354
avg. community size   90.8909
modularity             0.853112
-------------------  ----------
104 community detected
NMI:0.21079854086385053
ARI:0.5425700035656588
__standard+PLP__
PLP detected communities in 0.20599746704101562 [s]
solution properties:
-------------------  ----------
# communities        559
min community size     1
max community size    74
avg. community size    8.94454
modularity             0.705714
-------------------  ----------
104 community detected
NMI:0.17180535128713026
ARI:0.4113060069498853
__ppmi__
Network Properties for:		G#69
nodes, edges			4999, 31044
directed?			False
weighted?			True
isolated nodes			1
self-loops			0
density				0.002485
clustering coefficient		0.391669
min/max/avg degree		0, 80, 12.420084
degree assortativity		0.306274
number of connected components	1
size of largest component	4999 (100.00 %)
tot:  187000.93710105584
__ppmi+Louvain__
PLM(balanced,pc,turbo) detected communities in 0.39643001556396484 [s]
solution properties:
-------------------  ----------
# communities         77
min community size    21
max community size   100
avg. community size   64.9221
modularity             0.818279
-------------------  ----------
104 community detected
NMI:0.027568352193827583
ARI:0.09231805497642498
__ppmi+PLP__
PLP detected communities in 0.11306428909301758 [s]
solution properties:
-------------------  ----------
# communities        110
min community size     1
max community size   100
avg. community size   45.4545
modularity             0.815215
-------------------  ----------
104 community detected
NMI:0.0022950397240349973
ARI:0.004239777913044085
__glovexmax50alpha0.2__
Network Properties for:		G#78
nodes, edges			4999, 31044
directed?			False
weighted?			True
isolated nodes			1
self-loops			0
density				0.002485
clustering coefficient		0.391669
min/max/avg degree		0, 80, 12.420084
degree assortativity		0.306274
number of connected components	1
size of largest component	4999 (100.00 %)
tot:  18136.795746897587
__glovexmax50alpha0.2+Louvain__
PLM(balanced,pc,turbo) detected communities in 0.5005598068237305 [s]
solution properties:
-------------------  ----------
# communities         58
min community size    59
max community size   132
avg. community size   86.1897
modularity             0.814919
-------------------  ----------
104 community detected
NMI:0.05882286551853866
ARI:0.21460609673878517
__glovexmax50alpha0.2+PLP__
PLP detected communities in 0.14083027839660645 [s]
solution properties:
-------------------  ----------
# communities        106
min community size     1
max community size   100
avg. community size   47.1698
modularity             0.814645
-------------------  ----------
104 community detected
NMI:0.0015408324457545364
ARI:0.0035122753848911836
__glovexmax40alpha0.2__
Network Properties for:		G#87
nodes, edges			4999, 31044
directed?			False
weighted?			True
isolated nodes			1
self-loops			0
density				0.002485
clustering coefficient		0.391669
min/max/avg degree		0, 80, 12.420084
degree assortativity		0.306274
number of connected components	1
size of largest component	4999 (100.00 %)
tot:  18964.354840543925
__glovexmax40alpha0.2+Louvain__
PLM(balanced,pc,turbo) detected communities in 0.3734297752380371 [s]
solution properties:
-------------------  ----------
# communities         68
min community size    39
max community size   116
avg. community size   73.5147
modularity             0.815852
-------------------  ----------
104 community detected
NMI:0.041357981405318545
ARI:0.1490620190758426
__glovexmax40alpha0.2+PLP__
PLP detected communities in 0.0772085189819336 [s]
solution properties:
-------------------  ----------
# communities        106
min community size     1
max community size   100
avg. community size   47.1698
modularity             0.814647
-------------------  ----------
104 community detected
NMI:0.0015408324457543143
ARI:0.0035122753848911836
__glovexmax30alpha0.3__
Network Properties for:		G#96
nodes, edges			4999, 31044
directed?			False
weighted?			True
isolated nodes			1
self-loops			0
density				0.002485
clustering coefficient		0.391669
min/max/avg degree		0, 80, 12.420084
degree assortativity		0.306274
number of connected components	1
size of largest component	4999 (100.00 %)
tot:  16592.3187560347
__glovexmax30alpha0.3+Louvain__
PLM(balanced,pc,turbo) detected communities in 0.26712536811828613 [s]
solution properties:
-------------------  ----------
# communities         51
min community size    59
max community size   145
avg. community size   98.0196
modularity             0.815867
-------------------  ----------
104 community detected
NMI:0.07632252062606482
ARI:0.2833503919221414
__glovexmax30alpha0.3+PLP__
PLP detected communities in 0.031986236572265625 [s]
solution properties:
-------------------  ----------
# communities        112
min community size     1
max community size   100
avg. community size   44.6429
modularity             0.810161
-------------------  ----------
104 community detected
NMI:0.004653933843903002
ARI:0.011323342772398326
NMI classement:
[('NMIglovexmax40alpha0.2+PLP', 0.0015408324457543143), ('NMIglovexmax50alpha0.2+PLP', 0.0015408324457545364), ('NMIppmi+PLP', 0.0022950397240349973), ('NMIpmi+PLP', 0.0035760103553055256), ('NMIglovexmax30alpha0.3+PLP', 0.004653933843903002), ('NMIglove+PLP', 0.00516130634444556), ('NMIPLP', 0.009753550397336164), ('NMIppmi+Louvain', 0.027568352193827583), ('NMIpmi+Louvain', 0.03277412701501914), ('NMIglovexmax40alpha0.2+Louvain', 0.041357981405318545), ('NMIglovexmax50alpha0.2+Louvain', 0.05882286551853866), ('NMIglove+Louvain', 0.06611085456745902), ('NMIglovexmax30alpha0.3+Louvain', 0.07632252062606482), ('NMILouvain', 0.09124110690488207), ('NMIstandard+PLP', 0.17180535128713026), ('NMIstandard+Louvain', 0.21079854086385053), ('NMIiterative_rev_degree_order+PLP', 0.3043269024647768), ('NMISingleton', 0.3047621700379689), ('NMIiterative_rev_degree_order+Louvain', 0.38718826236530524), ('NMIAllInOne', 1.0), ('NMIfake_pmi+Louvain', 1), ('NMIfake_pmi+PLP', 1)]
ARI classement:
[('ARIglovexmax50alpha0.2+PLP', 0.0035122753848911836), ('ARIglovexmax40alpha0.2+PLP', 0.0035122753848911836), ('ARIppmi+PLP', 0.004239777913044085), ('ARIpmi+PLP', 0.008172412216050029), ('ARIglove+PLP', 0.010471075281297981), ('ARIglovexmax30alpha0.3+PLP', 0.011323342772398326), ('ARIPLP', 0.017823913662889934), ('ARIppmi+Louvain', 0.09231805497642498), ('ARIpmi+Louvain', 0.11653978238534068), ('ARIglovexmax40alpha0.2+Louvain', 0.1490620190758426), ('ARIglovexmax50alpha0.2+Louvain', 0.21460609673878517), ('ARIglove+Louvain', 0.24491991297056692), ('ARIglovexmax30alpha0.3+Louvain', 0.2833503919221414), ('ARILouvain', 0.3268581880104695), ('ARIstandard+PLP', 0.4113060069498853), ('ARIstandard+Louvain', 0.5425700035656588), ('ARIiterative_rev_degree_order+Louvain', 0.7050203376608903), ('ARIiterative_rev_degree_order+PLP', 0.9387823614210391), ('ARISingleton', 1.0), ('ARIAllInOne', 1.0), ('ARIfake_pmi+Louvain', 1), ('ARIfake_pmi+PLP', 1)]
