__LOADINGS__
4993/38801 12.868225045746243 % of nul weighted edges removed
0/5000 0.0 % of nul degree nodes removed
Network Properties for:		network
nodes, edges			5000, 33808
directed?			False
weighted?			True
isolated nodes			0
self-loops			0
density				0.002705
clustering coefficient		0.292150
min/max/avg degree		1, 217, 13.523200
degree assortativity		0.183008
number of connected components	1
size of largest component	5000 (100.00 %)
250726.48647717867
__Groundtruth__
read communities from: ../../lfr_5000/mk300/k15/muw0.3/44/community.dat
-------------------  ----------
# communities         32
min community size   100
max community size   215
avg. community size  156.25
modularity             0.588183
-------------------  ----------
32 community detected
__CLASSIC_METHODS__
__Louvain__
PLM(balanced,pc,turbo) detected communities in 0.3064727783203125 [s]
solution properties:
-------------------  ----------
# communities         17
min community size   200
max community size   399
avg. community size  294.118
modularity             0.589324
-------------------  ----------
32 community detected
NMI:0.21585662011480533
ARI:0.41208349007063627
__Singleton__
32 community detected
NMI:0.42370093147868304
ARI:1.0
__AllInOne__
32 community detected
NMI:1.0
ARI:1.0
__PLP__
PLP detected communities in 0.12535858154296875 [s]
solution properties:
-------------------  ----------
# communities         34
min community size     2
max community size   233
avg. community size  147.059
modularity             0.594546
-------------------  ----------
32 community detected
NMI:0.11555328669154186
ARI:0.13618860370708052
__NORMALIZATION__
__glove__
Network Properties for:		G#21
nodes, edges			5000, 33808
directed?			False
weighted?			True
isolated nodes			0
self-loops			0
density				0.002705
clustering coefficient		0.292150
min/max/avg degree		1, 217, 13.523200
degree assortativity		0.183008
number of connected components	1
size of largest component	5000 (100.00 %)
tot:  3966.619593052101
__glove+Louvain__
PLM(balanced,pc,turbo) detected communities in 0.4576246738433838 [s]
solution properties:
-------------------  ----------
# communities         25
min community size   135
max community size   327
avg. community size  200
modularity             0.621723
-------------------  ----------
32 community detected
NMI:0.13515605421499732
ARI:0.22800183883301373
__glove+PLP__
PLP detected communities in 0.15132570266723633 [s]
solution properties:
-------------------  ----------
# communities         34
min community size     2
max community size   229
avg. community size  147.059
modularity             0.623458
-------------------  ----------
32 community detected
NMI:0.0975565212920334
ARI:0.11346954614734572
__fake_pmi__
Network Properties for:		G#30
nodes, edges			5000, 33808
directed?			False
weighted?			True
isolated nodes			0
self-loops			0
density				0.002705
clustering coefficient		0.292150
min/max/avg degree		1, 217, 13.523200
degree assortativity		0.183008
number of connected components	1
size of largest component	5000 (100.00 %)
tot:  0.0
__fake_pmi+Louvain__
1 community detected due to total edge weight equal 0
NMI:1
ARI:1
__fake_pmi+PLP__
1 community detected due to total edge weight equal 0
NMI:1
ARI:1
__iterative_rev_degree_order__
Network Properties for:		G#33
nodes, edges			5000, 33808
directed?			False
weighted?			True
isolated nodes			0
self-loops			0
density				0.002705
clustering coefficient		0.292150
min/max/avg degree		1, 217, 13.523200
degree assortativity		0.183008
number of connected components	1
size of largest component	5000 (100.00 %)
tot:  1484.2692169428233
__iterative_rev_degree_order+Louvain__
PLM(balanced,pc,turbo) detected communities in 0.6799783706665039 [s]
solution properties:
-------------------  ----------
# communities         75
min community size     2
max community size   139
avg. community size   66.6667
modularity             0.883551
-------------------  ----------
32 community detected
NMI:0.6806734824357873
ARI:0.8953464048641714
__iterative_rev_degree_order+PLP__
PLP detected communities in 0.07863593101501465 [s]
solution properties:
-------------------  ----------
# communities        1517
min community size      2
max community size     16
avg. community size     3.29598
modularity              0.7803
-------------------  ----------
32 community detected
NMI:0.4644415512027622
ARI:0.9813282617558954
__pmi__
Network Properties for:		G#48
nodes, edges			5000, 33808
directed?			False
weighted?			True
isolated nodes			0
self-loops			0
density				0.002705
clustering coefficient		0.292150
min/max/avg degree		1, 217, 13.523200
degree assortativity		0.183008
number of connected components	1
size of largest component	5000 (100.00 %)
tot:  72523.98511975973
__pmi+Louvain__
PLM(balanced,pc,turbo) detected communities in 0.5610218048095703 [s]
solution properties:
-------------------  ---------
# communities         27
min community size   108
max community size   484
avg. community size  185.185
modularity             1.08081
-------------------  ---------
32 community detected
NMI:0.3325571702920629
ARI:0.48410137333409853
__pmi+PLP__
PLP detected communities in 0.20564603805541992 [s]
solution properties:
-------------------  ---------
# communities        273
min community size     1
max community size   239
avg. community size   18.315
modularity             1.02994
-------------------  ---------
32 community detected
NMI:0.2735275247797848
ARI:0.3852368080889741
__standard__
Network Properties for:		G#60
nodes, edges			5000, 33808
directed?			False
weighted?			True
isolated nodes			0
self-loops			0
density				0.002705
clustering coefficient		0.292150
min/max/avg degree		1, 217, 13.523200
degree assortativity		0.183008
number of connected components	1
size of largest component	5000 (100.00 %)
tot:  18.113349165934977
__standard+Louvain__
PLM(balanced,pc,turbo) detected communities in 0.7540767192840576 [s]
solution properties:
-------------------  ----------
# communities         55
min community size     2
max community size   233
avg. community size   90.9091
modularity             0.854747
-------------------  ----------
32 community detected
NMI:0.4959393999646584
ARI:0.6451189956994827
__standard+PLP__
PLP detected communities in 0.13066554069519043 [s]
solution properties:
-------------------  -----------
# communities        1248
min community size      2
max community size     69
avg. community size     4.00641
modularity              0.739468
-------------------  -----------
32 community detected
NMI:0.4468237583399507
ARI:0.9331770947224308
__ppmi__
Network Properties for:		G#75
nodes, edges			5000, 33808
directed?			False
weighted?			True
isolated nodes			0
self-loops			0
density				0.002705
clustering coefficient		0.292150
min/max/avg degree		1, 217, 13.523200
degree assortativity		0.183008
number of connected components	1
size of largest component	5000 (100.00 %)
tot:  132341.00002269362
__ppmi+Louvain__
PLM(balanced,pc,turbo) detected communities in 0.5158102512359619 [s]
solution properties:
-------------------  ----------
# communities         31
min community size   102
max community size   282
avg. community size  161.29
modularity             0.690616
-------------------  ----------
32 community detected
NMI:0.13113665409159458
ARI:0.17437782534484014
__ppmi+PLP__
PLP detected communities in 0.1748490333557129 [s]
solution properties:
-------------------  ----------
# communities        114
min community size     1
max community size   210
avg. community size   43.8596
modularity             0.675858
-------------------  ----------
32 community detected
NMI:0.1320283644124598
ARI:0.16768941160030582
__glovexmax50alpha0.2__
Network Properties for:		G#87
nodes, edges			5000, 33808
directed?			False
weighted?			True
isolated nodes			0
self-loops			0
density				0.002705
clustering coefficient		0.292150
min/max/avg degree		1, 217, 13.523200
degree assortativity		0.183008
number of connected components	1
size of largest component	5000 (100.00 %)
tot:  17408.452645433714
__glovexmax50alpha0.2+Louvain__
PLM(balanced,pc,turbo) detected communities in 0.43976688385009766 [s]
solution properties:
-------------------  ----------
# communities         20
min community size   165
max community size   364
avg. community size  250
modularity             0.659146
-------------------  ----------
32 community detected
NMI:0.11343111139505735
ARI:0.27843259065517445
__glovexmax50alpha0.2+PLP__
PLP detected communities in 0.12756729125976562 [s]
solution properties:
-------------------  ----------
# communities         33
min community size     2
max community size   217
avg. community size  151.515
modularity             0.669371
-------------------  ----------
32 community detected
NMI:0.03529735229619313
ARI:0.041082647383132054
__glovexmax40alpha0.2__
Network Properties for:		G#96
nodes, edges			5000, 33808
directed?			False
weighted?			True
isolated nodes			0
self-loops			0
density				0.002705
clustering coefficient		0.292150
min/max/avg degree		1, 217, 13.523200
degree assortativity		0.183008
number of connected components	1
size of largest component	5000 (100.00 %)
tot:  18175.67179176199
__glovexmax40alpha0.2+Louvain__
PLM(balanced,pc,turbo) detected communities in 0.4219844341278076 [s]
solution properties:
-------------------  ----------
# communities         32
min community size   101
max community size   217
avg. community size  156.25
modularity             0.669757
-------------------  ----------
32 community detected
NMI:0.03770666915923837
ARI:0.04384946322098204
__glovexmax40alpha0.2+PLP__
PLP detected communities in 0.15256905555725098 [s]
solution properties:
-------------------  ---------
# communities         33
min community size     2
max community size   217
avg. community size  151.515
modularity             0.66972
-------------------  ---------
32 community detected
NMI:0.03529735229619313
ARI:0.041082647383132054
__glovexmax30alpha0.3__
Network Properties for:		G#105
nodes, edges			5000, 33808
directed?			False
weighted?			True
isolated nodes			0
self-loops			0
density				0.002705
clustering coefficient		0.292150
min/max/avg degree		1, 217, 13.523200
degree assortativity		0.183008
number of connected components	1
size of largest component	5000 (100.00 %)
tot:  16086.946825098265
__glovexmax30alpha0.3+Louvain__
PLM(balanced,pc,turbo) detected communities in 0.39162731170654297 [s]
solution properties:
-------------------  ----------
# communities         32
min community size    98
max community size   218
avg. community size  156.25
modularity             0.666958
-------------------  ----------
32 community detected
NMI:0.04776865193279034
ARI:0.05544828222438902
__glovexmax30alpha0.3+PLP__
PLP detected communities in 0.15547895431518555 [s]
solution properties:
-------------------  ----------
# communities         33
min community size     2
max community size   218
avg. community size  151.515
modularity             0.666925
-------------------  ----------
32 community detected
NMI:0.04758884060649671
ARI:0.05491155877105691
NMI classement:
[('NMIglovexmax50alpha0.2+PLP', 0.03529735229619313), ('NMIglovexmax40alpha0.2+PLP', 0.03529735229619313), ('NMIglovexmax40alpha0.2+Louvain', 0.03770666915923837), ('NMIglovexmax30alpha0.3+PLP', 0.04758884060649671), ('NMIglovexmax30alpha0.3+Louvain', 0.04776865193279034), ('NMIglove+PLP', 0.0975565212920334), ('NMIglovexmax50alpha0.2+Louvain', 0.11343111139505735), ('NMIPLP', 0.11555328669154186), ('NMIppmi+Louvain', 0.13113665409159458), ('NMIppmi+PLP', 0.1320283644124598), ('NMIglove+Louvain', 0.13515605421499732), ('NMILouvain', 0.21585662011480533), ('NMIpmi+PLP', 0.2735275247797848), ('NMIpmi+Louvain', 0.3325571702920629), ('NMISingleton', 0.42370093147868304), ('NMIstandard+PLP', 0.4468237583399507), ('NMIiterative_rev_degree_order+PLP', 0.4644415512027622), ('NMIstandard+Louvain', 0.4959393999646584), ('NMIiterative_rev_degree_order+Louvain', 0.6806734824357873), ('NMIAllInOne', 1.0), ('NMIfake_pmi+Louvain', 1), ('NMIfake_pmi+PLP', 1)]
ARI classement:
[('ARIglovexmax50alpha0.2+PLP', 0.041082647383132054), ('ARIglovexmax40alpha0.2+PLP', 0.041082647383132054), ('ARIglovexmax40alpha0.2+Louvain', 0.04384946322098204), ('ARIglovexmax30alpha0.3+PLP', 0.05491155877105691), ('ARIglovexmax30alpha0.3+Louvain', 0.05544828222438902), ('ARIglove+PLP', 0.11346954614734572), ('ARIPLP', 0.13618860370708052), ('ARIppmi+PLP', 0.16768941160030582), ('ARIppmi+Louvain', 0.17437782534484014), ('ARIglove+Louvain', 0.22800183883301373), ('ARIglovexmax50alpha0.2+Louvain', 0.27843259065517445), ('ARIpmi+PLP', 0.3852368080889741), ('ARILouvain', 0.41208349007063627), ('ARIpmi+Louvain', 0.48410137333409853), ('ARIstandard+Louvain', 0.6451189956994827), ('ARIiterative_rev_degree_order+Louvain', 0.8953464048641714), ('ARIstandard+PLP', 0.9331770947224308), ('ARIiterative_rev_degree_order+PLP', 0.9813282617558954), ('ARISingleton', 1.0), ('ARIAllInOne', 1.0), ('ARIfake_pmi+Louvain', 1), ('ARIfake_pmi+PLP', 1)]
