__LOADINGS__
Network Properties for:		network
nodes, edges			5000, 56377
directed?			False
weighted?			True
isolated nodes			0
self-loops			0
density				0.004511
clustering coefficient		0.238915
min/max/avg degree		1, 346, 22.550800
degree assortativity		0.312479
number of connected components	1
size of largest component	5000 (100.00 %)
521145.34949742927
__Groundtruth__
read communities from: ../../lfr_5000/mk500/k25/muw0.4/36/community.dat
-------------------  ----------
# communities         45
min community size     6
max community size   473
avg. community size  111.111
modularity             0.451656
-------------------  ----------
45 community detected
__CLASSIC_METHODS__
__Louvain__
PLM(balanced,pc,turbo) detected communities in 0.43082380294799805 [s]
solution properties:
-------------------  ----------
# communities         22
min community size    25
max community size   472
avg. community size  227.273
modularity             0.457031
-------------------  ----------
45 community detected
NMI:0.15772478277282476
ARM:0.18139956238350485
__Singleton__
45 community detected
NMI:0.4614604625731926
ARM:1.0
__AllInOne__
45 community detected
NMI:1.0
ARM:1.0
__PLP__
PLP detected communities in 0.14774584770202637 [s]
solution properties:
-------------------  ----------
# communities         31
min community size     5
max community size   789
avg. community size  161.29
modularity             0.431312
-------------------  ----------
45 community detected
NMI:0.20379629431375523
ARM:0.3262629177842442
__NORMALIZATION__
__glove__
Network Properties for:		G#21cc
nodes, edges			5000, 56377
directed?			False
weighted?			True
isolated nodes			0
self-loops			0
density				0.004511
clustering coefficient		0.238915
min/max/avg degree		1, 346, 22.550800
degree assortativity		0.312479
number of connected components	1
size of largest component	5000 (100.00 %)
tot:  8043.002234928878
__glove+Louvain__
PLM(balanced,pc,turbo) detected communities in 0.48595452308654785 [s]
solution properties:
-------------------  ----------
# communities         22
min community size    49
max community size   457
avg. community size  227.273
modularity             0.482739
-------------------  ----------
45 community detected
NMI:0.1208777304319214
ARM:0.13957032234959643
__glove+PLP__
PLP detected communities in 0.13653087615966797 [s]
solution properties:
-------------------  ----------
# communities         41
min community size     3
max community size   488
avg. community size  121.951
modularity             0.481721
-------------------  ----------
45 community detected
NMI:0.10878506956518708
ARM:0.14168945315362047
__fake_pmi__
Network Properties for:		G#43cc
nodes, edges			5000, 56377
directed?			False
weighted?			True
isolated nodes			0
self-loops			0
density				0.004511
clustering coefficient		0.238915
min/max/avg degree		1, 346, 22.550800
degree assortativity		0.312479
number of connected components	1
size of largest component	5000 (100.00 %)
tot:  0.0
__fake_pmi+Louvain__
1 community detected due to total edge weight equal 0
NMI:1
ARM:0.14168945315362047
__fake_pmi+PLP__
1 community detected due to total edge weight equal 0
NMI:1
ARM:0.14168945315362047
__iterative_rev_degree_order__
Network Properties for:		G#56cc
nodes, edges			5000, 56377
directed?			False
weighted?			True
isolated nodes			0
self-loops			0
density				0.004511
clustering coefficient		0.238915
min/max/avg degree		1, 346, 22.550800
degree assortativity		0.312479
number of connected components	1
size of largest component	5000 (100.00 %)
tot:  1361.939837967122
__iterative_rev_degree_order+Louvain__
PLM(balanced,pc,turbo) detected communities in 0.7258400917053223 [s]
solution properties:
-------------------  ----------
# communities         74
min community size    28
max community size   150
avg. community size   67.5676
modularity             0.832833
-------------------  ----------
45 community detected
NMI:0.7848734825296033
ARM:0.9755786458434622
__iterative_rev_degree_order+PLP__
PLP detected communities in 0.077392578125 [s]
solution properties:
-------------------  -----------
# communities        1536
min community size      2
max community size     12
avg. community size     3.25521
modularity              0.717279
-------------------  -----------
45 community detected
NMI:0.5389440765320399
ARM:0.9942560616806286
__pmi__
Network Properties for:		G#81cc
nodes, edges			5000, 56377
directed?			False
weighted?			True
isolated nodes			0
self-loops			0
density				0.004511
clustering coefficient		0.238915
min/max/avg degree		1, 346, 22.550800
degree assortativity		0.312479
number of connected components	1
size of largest component	5000 (100.00 %)
tot:  127581.94557328263
__pmi+Louvain__
PLM(balanced,pc,turbo) detected communities in 0.7206509113311768 [s]
solution properties:
-------------------  ----------
# communities         31
min community size     8
max community size   570
avg. community size  161.29
modularity             0.756952
-------------------  ----------
45 community detected
NMI:0.3591776095759235
ARM:0.5361414065438135
__pmi+PLP__
PLP detected communities in 0.1547548770904541 [s]
solution properties:
-------------------  -----------
# communities         137
min community size      1
max community size   1084
avg. community size    36.4964
modularity              0.717508
-------------------  -----------
45 community detected
NMI:0.37673206053110975
ARM:0.6649616811217193
__standard__
Network Properties for:		G#103cc
nodes, edges			5000, 56377
directed?			False
weighted?			True
isolated nodes			0
self-loops			0
density				0.004511
clustering coefficient		0.238915
min/max/avg degree		1, 346, 22.550800
degree assortativity		0.312479
number of connected components	1
size of largest component	5000 (100.00 %)
tot:  13.353442862431047
__standard+Louvain__
PLM(balanced,pc,turbo) detected communities in 0.7694530487060547 [s]
solution properties:
-------------------  ----------
# communities         79
min community size     2
max community size   223
avg. community size   63.2911
modularity             0.829231
-------------------  ----------
45 community detected
NMI:0.7222073782192218
ARM:0.9314505202131765
__standard+PLP__
PLP detected communities in 0.1946570873260498 [s]
solution properties:
-------------------  -----------
# communities        1173
min community size      2
max community size     69
avg. community size     4.26257
modularity              0.702114
-------------------  -----------
45 community detected
NMI:0.5744527239665815
ARM:0.9880029730080708
__ppmi__
Network Properties for:		G#125cc
nodes, edges			5000, 56377
directed?			False
weighted?			True
isolated nodes			0
self-loops			0
density				0.004511
clustering coefficient		0.238915
min/max/avg degree		1, 346, 22.550800
degree assortativity		0.312479
number of connected components	1
size of largest component	5000 (100.00 %)
tot:  196856.27413942356
__ppmi+Louvain__
PLM(balanced,pc,turbo) detected communities in 0.5258421897888184 [s]
solution properties:
-------------------  ----------
# communities         24
min community size    59
max community size   430
avg. community size  208.333
modularity             0.563105
-------------------  ----------
45 community detected
NMI:0.17918312539141568
ARM:0.2353391198524275
__ppmi+PLP__
PLP detected communities in 0.1745908260345459 [s]
solution properties:
-------------------  ----------
# communities          56
min community size      1
max community size   2130
avg. community size    89.2857
modularity              0.49866
-------------------  ----------
45 community detected
NMI:0.24378756004631286
ARM:0.6914827474816283
__glovexmax50alpha0.2__
Network Properties for:		G#144cc
nodes, edges			5000, 56377
directed?			False
weighted?			True
isolated nodes			0
self-loops			0
density				0.004511
clustering coefficient		0.238915
min/max/avg degree		1, 346, 22.550800
degree assortativity		0.312479
number of connected components	1
size of largest component	5000 (100.00 %)
tot:  31755.873352172875
__glovexmax50alpha0.2+Louvain__
PLM(balanced,pc,turbo) detected communities in 0.43239641189575195 [s]
solution properties:
-------------------  ----------
# communities         27
min community size    25
max community size   467
avg. community size  185.185
modularity             0.532081
-------------------  ----------
45 community detected
NMI:0.032687474009385875
ARM:0.0289933524679149
__glovexmax50alpha0.2+PLP__
PLP detected communities in 0.12228274345397949 [s]
solution properties:
-------------------  ----------
# communities         43
min community size     5
max community size   476
avg. community size  116.279
modularity             0.531624
-------------------  ----------
45 community detected
NMI:0.016977594252584827
ARM:0.023002273849830224
__glovexmax40alpha0.2__
Network Properties for:		G#163cc
nodes, edges			5000, 56377
directed?			False
weighted?			True
isolated nodes			0
self-loops			0
density				0.004511
clustering coefficient		0.238915
min/max/avg degree		1, 346, 22.550800
degree assortativity		0.312479
number of connected components	1
size of largest component	5000 (100.00 %)
tot:  33148.792608596064
__glovexmax40alpha0.2+Louvain__
PLM(balanced,pc,turbo) detected communities in 0.2800781726837158 [s]
solution properties:
-------------------  ----------
# communities         22
min community size    74
max community size   465
avg. community size  227.273
modularity             0.532205
-------------------  ----------
45 community detected
NMI:0.04679520757068445
ARM:0.04411783058641472
__glovexmax40alpha0.2+PLP__
PLP detected communities in 0.08827996253967285 [s]
solution properties:
-------------------  ---------
# communities         44
min community size     5
max community size   476
avg. community size  113.636
modularity             0.52869
-------------------  ---------
45 community detected
NMI:0.020142369447500585
ARM:0.026076369988402015
__glovexmax30alpha0.3__
Network Properties for:		G#182cc
nodes, edges			5000, 56377
directed?			False
weighted?			True
isolated nodes			0
self-loops			0
density				0.004511
clustering coefficient		0.238915
min/max/avg degree		1, 346, 22.550800
degree assortativity		0.312479
number of connected components	1
size of largest component	5000 (100.00 %)
tot:  29933.96284662349
__glovexmax30alpha0.3+Louvain__
PLM(balanced,pc,turbo) detected communities in 0.13721227645874023 [s]
solution properties:
-------------------  ----------
# communities         19
min community size   129
max community size   460
avg. community size  263.158
modularity             0.526787
-------------------  ----------
45 community detected
NMI:0.07096164725281107
ARM:0.07470941762154826
__glovexmax30alpha0.3+PLP__
PLP detected communities in 0.03815937042236328 [s]
solution properties:
-------------------  ----------
# communities         41
min community size     6
max community size   473
avg. community size  121.951
modularity             0.526846
-------------------  ----------
45 community detected
NMI:0.030767830805343954
ARM:0.04191608752450837
