__LOADINGS__
4995/32628 15.308937109231335 % of nul weighted edges removed
1/5000 0.02 % of nul degree nodes removed
Network Properties for:		network
nodes, edges			4999, 27633
directed?			False
weighted?			True
isolated nodes			1
self-loops			0
density				0.002212
clustering coefficient		0.414482
min/max/avg degree		0, 357, 11.055411
degree assortativity		0.162374
number of connected components	8
size of largest component	4974 (99.50 %)
236216.53044496043
__Groundtruth__
read communities from: ../../lfr_5000/mk500/k15/muw0.2/37/community.dat
-------------------  ---------
# communities         50
min community size     3
max community size   469
avg. community size  100
modularity             0.58299
-------------------  ---------
50 community detected
__CLASSIC_METHODS__
__Louvain__
PLM(balanced,pc,turbo) detected communities in 0.5567491054534912 [s]
solution properties:
-------------------  ----------
# communities         30
min community size     3
max community size   503
avg. community size  166.633
modularity             0.593072
-------------------  ----------
50 community detected
NMI:0.15453337537198386
ARI:0.17408239805593406
__Singleton__
50 community detected
NMI:0.4619322719447385
ARI:1.0
__AllInOne__
50 community detected
NMI:1.0
ARI:1.0
__PLP__
PLP detected communities in 0.16840600967407227 [s]
solution properties:
-------------------  ----------
# communities         71
min community size     1
max community size   511
avg. community size   70.4225
modularity             0.590975
-------------------  ----------
50 community detected
NMI:0.13080228732985166
ARI:0.14728826502781922
__NORMALIZATION__
__glove__
Network Properties for:		G#24
nodes, edges			4999, 27633
directed?			False
weighted?			True
isolated nodes			1
self-loops			0
density				0.002212
clustering coefficient		0.414482
min/max/avg degree		0, 357, 11.055411
degree assortativity		0.162374
number of connected components	8
size of largest component	4974 (99.50 %)
tot:  3208.2598818334095
__glove+Louvain__
PLM(balanced,pc,turbo) detected communities in 0.5197689533233643 [s]
solution properties:
-------------------  ----------
# communities         35
min community size     3
max community size   494
avg. community size  142.829
modularity             0.648388
-------------------  ----------
50 community detected
NMI:0.13698874868298638
ARI:0.14858026780242373
__glove+PLP__
PLP detected communities in 0.1398630142211914 [s]
solution properties:
-------------------  ----------
# communities         75
min community size     1
max community size   506
avg. community size   66.6667
modularity             0.645782
-------------------  ----------
50 community detected
NMI:0.12295249021961685
ARI:0.1349308201763334
__fake_pmi__
Network Properties for:		G#36
nodes, edges			4999, 27633
directed?			False
weighted?			True
isolated nodes			1
self-loops			0
density				0.002212
clustering coefficient		0.414482
min/max/avg degree		0, 357, 11.055411
degree assortativity		0.162374
number of connected components	8
size of largest component	4974 (99.50 %)
tot:  0.0
__fake_pmi+Louvain__
1 community detected due to total edge weight equal 0
NMI:1
ARI:1
__fake_pmi+PLP__
1 community detected due to total edge weight equal 0
NMI:1
ARI:1
__iterative_rev_degree_order__
Network Properties for:		G#39
nodes, edges			4999, 27633
directed?			False
weighted?			True
isolated nodes			1
self-loops			0
density				0.002212
clustering coefficient		0.414482
min/max/avg degree		0, 357, 11.055411
degree assortativity		0.162374
number of connected components	8
size of largest component	4974 (99.50 %)
tot:  1701.108850448614
__iterative_rev_degree_order+Louvain__
PLM(balanced,pc,turbo) detected communities in 0.6867313385009766 [s]
solution properties:
-------------------  ----------
# communities        130
min community size     2
max community size   206
avg. community size   38.4538
modularity             0.936416
-------------------  ----------
50 community detected
NMI:0.548750250671411
ARI:0.8236880702575269
__iterative_rev_degree_order+PLP__
PLP detected communities in 0.1293175220489502 [s]
solution properties:
-------------------  -----------
# communities        1397
min community size      1
max community size     29
avg. community size     3.5791
modularity              0.844608
-------------------  -----------
50 community detected
NMI:0.4846432397974624
ARI:0.9805713349431318
__pmi__
Network Properties for:		G#54
nodes, edges			4999, 27633
directed?			False
weighted?			True
isolated nodes			1
self-loops			0
density				0.002212
clustering coefficient		0.414482
min/max/avg degree		0, 357, 11.055411
degree assortativity		0.162374
number of connected components	8
size of largest component	4974 (99.50 %)
tot:  36178.60343507343
__pmi+Louvain__
PLM(balanced,pc,turbo) detected communities in 0.6032328605651855 [s]
solution properties:
-------------------  ---------
# communities         39
min community size     1
max community size   633
avg. community size  128.179
modularity             1.86051
-------------------  ---------
50 community detected
NMI:0.41098155255998137
ARI:0.6188356225819376
__pmi+PLP__
PLP detected communities in 0.1696639060974121 [s]
solution properties:
-------------------  ---------
# communities        557
min community size     1
max community size   329
avg. community size    8.97666
modularity             1.57005
-------------------  ---------
50 community detected
NMI:0.38015825039868734
ARI:0.6730065933204241
__standard__
Network Properties for:		G#66
nodes, edges			4999, 27633
directed?			False
weighted?			True
isolated nodes			1
self-loops			0
density				0.002212
clustering coefficient		0.414482
min/max/avg degree		0, 357, 11.055411
degree assortativity		0.162374
number of connected components	8
size of largest component	4974 (99.50 %)
tot:  42.088898006202804
__standard+Louvain__
PLM(balanced,pc,turbo) detected communities in 0.7150635719299316 [s]
solution properties:
-------------------  ---------
# communities         90
min community size     2
max community size   975
avg. community size   55.5444
modularity             0.95031
-------------------  ---------
50 community detected
NMI:0.4401482195934937
ARI:0.6621882679862644
__standard+PLP__
PLP detected communities in 0.09873056411743164 [s]
solution properties:
-------------------  -----------
# communities        1083
min community size      1
max community size    149
avg. community size     4.61681
modularity              0.816271
-------------------  -----------
50 community detected
NMI:0.45515046360738
ARI:0.9241456538952214
__ppmi__
Network Properties for:		G#81
nodes, edges			4999, 27633
directed?			False
weighted?			True
isolated nodes			1
self-loops			0
density				0.002212
clustering coefficient		0.414482
min/max/avg degree		0, 357, 11.055411
degree assortativity		0.162374
number of connected components	8
size of largest component	4974 (99.50 %)
tot:  94808.48878821438
__ppmi+Louvain__
PLM(balanced,pc,turbo) detected communities in 0.5399606227874756 [s]
solution properties:
-------------------  ---------
# communities         38
min community size     3
max community size   410
avg. community size  131.553
modularity             0.76583
-------------------  ---------
50 community detected
NMI:0.27865588014557796
ARI:0.3823317077367707
__ppmi+PLP__
PLP detected communities in 0.17789220809936523 [s]
solution properties:
-------------------  ----------
# communities        509
min community size     1
max community size   393
avg. community size    9.82318
modularity             0.643425
-------------------  ----------
50 community detected
NMI:0.36096390131276235
ARI:0.6270162110195727
__glovexmax50alpha0.2__
Network Properties for:		G#93
nodes, edges			4999, 27633
directed?			False
weighted?			True
isolated nodes			1
self-loops			0
density				0.002212
clustering coefficient		0.414482
min/max/avg degree		0, 357, 11.055411
degree assortativity		0.162374
number of connected components	8
size of largest component	4974 (99.50 %)
tot:  13242.52289060524
__glovexmax50alpha0.2+Louvain__
PLM(balanced,pc,turbo) detected communities in 0.5386848449707031 [s]
solution properties:
-------------------  ----------
# communities         39
min community size     3
max community size   473
avg. community size  128.179
modularity             0.727942
-------------------  ----------
50 community detected
NMI:0.07889412544019214
ARI:0.08353643806699296
__glovexmax50alpha0.2+PLP__
PLP detected communities in 0.13631224632263184 [s]
solution properties:
-------------------  ----------
# communities         77
min community size     1
max community size   486
avg. community size   64.9351
modularity             0.723403
-------------------  ----------
50 community detected
NMI:0.07557946225323575
ARI:0.0771789147906694
__glovexmax40alpha0.2__
Network Properties for:		G#105
nodes, edges			4999, 27633
directed?			False
weighted?			True
isolated nodes			1
self-loops			0
density				0.002212
clustering coefficient		0.414482
min/max/avg degree		0, 357, 11.055411
degree assortativity		0.162374
number of connected components	8
size of largest component	4974 (99.50 %)
tot:  13797.682634985855
__glovexmax40alpha0.2+Louvain__
PLM(balanced,pc,turbo) detected communities in 0.5588409900665283 [s]
solution properties:
-------------------  ----------
# communities         39
min community size     3
max community size   470
avg. community size  128.179
modularity             0.728915
-------------------  ----------
50 community detected
NMI:0.07708542507386396
ARI:0.08127593827852031
__glovexmax40alpha0.2+PLP__
PLP detected communities in 0.10901308059692383 [s]
solution properties:
-------------------  ----------
# communities         77
min community size     1
max community size   486
avg. community size   64.9351
modularity             0.723566
-------------------  ----------
50 community detected
NMI:0.07643982057244281
ARI:0.07764632023767482
__glovexmax30alpha0.3__
Network Properties for:		G#117
nodes, edges			4999, 27633
directed?			False
weighted?			True
isolated nodes			1
self-loops			0
density				0.002212
clustering coefficient		0.414482
min/max/avg degree		0, 357, 11.055411
degree assortativity		0.162374
number of connected components	8
size of largest component	4974 (99.50 %)
tot:  11871.474289858177
__glovexmax30alpha0.3+Louvain__
PLM(balanced,pc,turbo) detected communities in 0.5333755016326904 [s]
solution properties:
-------------------  ----------
# communities         38
min community size     3
max community size   475
avg. community size  131.553
modularity             0.723505
-------------------  ----------
50 community detected
NMI:0.08877860580781427
ARI:0.09603426569194828
__glovexmax30alpha0.3+PLP__
PLP detected communities in 0.10693168640136719 [s]
solution properties:
-------------------  ----------
# communities         77
min community size     1
max community size   491
avg. community size   64.9351
modularity             0.719292
-------------------  ----------
50 community detected
NMI:0.0870059235409425
ARI:0.09273693769911817
NMI classement:
[('NMIglovexmax50alpha0.2+PLP', 0.07557946225323575), ('NMIglovexmax40alpha0.2+PLP', 0.07643982057244281), ('NMIglovexmax40alpha0.2+Louvain', 0.07708542507386396), ('NMIglovexmax50alpha0.2+Louvain', 0.07889412544019214), ('NMIglovexmax30alpha0.3+PLP', 0.0870059235409425), ('NMIglovexmax30alpha0.3+Louvain', 0.08877860580781427), ('NMIglove+PLP', 0.12295249021961685), ('NMIPLP', 0.13080228732985166), ('NMIglove+Louvain', 0.13698874868298638), ('NMILouvain', 0.15453337537198386), ('NMIppmi+Louvain', 0.27865588014557796), ('NMIppmi+PLP', 0.36096390131276235), ('NMIpmi+PLP', 0.38015825039868734), ('NMIpmi+Louvain', 0.41098155255998137), ('NMIstandard+Louvain', 0.4401482195934937), ('NMIstandard+PLP', 0.45515046360738), ('NMISingleton', 0.4619322719447385), ('NMIiterative_rev_degree_order+PLP', 0.4846432397974624), ('NMIiterative_rev_degree_order+Louvain', 0.548750250671411), ('NMIAllInOne', 1.0), ('NMIfake_pmi+Louvain', 1), ('NMIfake_pmi+PLP', 1)]
ARI classement:
[('ARIglovexmax50alpha0.2+PLP', 0.0771789147906694), ('ARIglovexmax40alpha0.2+PLP', 0.07764632023767482), ('ARIglovexmax40alpha0.2+Louvain', 0.08127593827852031), ('ARIglovexmax50alpha0.2+Louvain', 0.08353643806699296), ('ARIglovexmax30alpha0.3+PLP', 0.09273693769911817), ('ARIglovexmax30alpha0.3+Louvain', 0.09603426569194828), ('ARIglove+PLP', 0.1349308201763334), ('ARIPLP', 0.14728826502781922), ('ARIglove+Louvain', 0.14858026780242373), ('ARILouvain', 0.17408239805593406), ('ARIppmi+Louvain', 0.3823317077367707), ('ARIpmi+Louvain', 0.6188356225819376), ('ARIppmi+PLP', 0.6270162110195727), ('ARIstandard+Louvain', 0.6621882679862644), ('ARIpmi+PLP', 0.6730065933204241), ('ARIiterative_rev_degree_order+Louvain', 0.8236880702575269), ('ARIstandard+PLP', 0.9241456538952214), ('ARIiterative_rev_degree_order+PLP', 0.9805713349431318), ('ARISingleton', 1.0), ('ARIAllInOne', 1.0), ('ARIfake_pmi+Louvain', 1), ('ARIfake_pmi+PLP', 1)]
