__LOADINGS__
4976/36126 13.774013176105852 % of nul weighted edges removed
1/5000 0.02 % of nul degree nodes removed
Network Properties for:		network
nodes, edges			4999, 31150
directed?			False
weighted?			True
isolated nodes			1
self-loops			0
density				0.002493
clustering coefficient		0.268457
min/max/avg degree		0, 76, 12.462492
degree assortativity		0.339588
number of connected components	1
size of largest component	4999 (100.00 %)
166777.49922952824
__Groundtruth__
read communities from: ../../lfr_5000/mk100/k15/muw0.3/37/community.dat
-------------------  ----------
# communities        104
min community size    20
max community size    99
avg. community size   48.0769
modularity             0.689347
-------------------  ----------
104 community detected
__CLASSIC_METHODS__
__Louvain__
PLM(balanced,pc,turbo) detected communities in 0.13150978088378906 [s]
solution properties:
-------------------  ---------
# communities         27
min community size    99
max community size   293
avg. community size  185.148
modularity             0.68856
-------------------  ---------
104 community detected
NMI:0.1991183898808342
ARI:0.5837554341642884
__Singleton__
104 community detected
NMI:0.3047653125958609
ARI:1.0
__AllInOne__
104 community detected
NMI:1.0
ARI:1.0
__PLP__
PLP detected communities in 0.03838062286376953 [s]
solution properties:
-------------------  ----------
# communities        111
min community size     1
max community size   104
avg. community size   45.045
modularity             0.690594
-------------------  ----------
104 community detected
NMI:0.03508912816801979
ARI:0.06877851183536565
__NORMALIZATION__
__glove__
Network Properties for:		G#21
nodes, edges			4999, 31150
directed?			False
weighted?			True
isolated nodes			1
self-loops			0
density				0.002493
clustering coefficient		0.268457
min/max/avg degree		0, 76, 12.462492
degree assortativity		0.339588
number of connected components	1
size of largest component	4999 (100.00 %)
tot:  3241.026607300015
__glove+Louvain__
PLM(balanced,pc,turbo) detected communities in 0.31189489364624023 [s]
solution properties:
-------------------  ----------
# communities         37
min community size    79
max community size   230
avg. community size  135.108
modularity             0.699695
-------------------  ----------
104 community detected
NMI:0.1418537058967968
ARI:0.45666697079367014
__glove+PLP__
PLP detected communities in 0.06524825096130371 [s]
solution properties:
-------------------  ----------
# communities        108
min community size     1
max community size   102
avg. community size   46.2963
modularity             0.699164
-------------------  ----------
104 community detected
NMI:0.02304911683194044
ARI:0.04573453065806088
__fake_pmi__
Network Properties for:		G#30
nodes, edges			4999, 31150
directed?			False
weighted?			True
isolated nodes			1
self-loops			0
density				0.002493
clustering coefficient		0.268457
min/max/avg degree		0, 76, 12.462492
degree assortativity		0.339588
number of connected components	1
size of largest component	4999 (100.00 %)
tot:  0.0
__fake_pmi+Louvain__
1 community detected due to total edge weight equal 0
NMI:1
ARI:1
__fake_pmi+PLP__
1 community detected due to total edge weight equal 0
NMI:1
ARI:1
__iterative_rev_degree_order__
Network Properties for:		G#33
nodes, edges			4999, 31150
directed?			False
weighted?			True
isolated nodes			1
self-loops			0
density				0.002493
clustering coefficient		0.268457
min/max/avg degree		0, 76, 12.462492
degree assortativity		0.339588
number of connected components	1
size of largest component	4999 (100.00 %)
tot:  1470.2034249451071
__iterative_rev_degree_order+Louvain__
PLM(balanced,pc,turbo) detected communities in 0.7924273014068604 [s]
solution properties:
-------------------  ---------
# communities         58
min community size    44
max community size   120
avg. community size   86.1897
modularity             0.82161
-------------------  ---------
104 community detected
NMI:0.5306134554381953
ARI:0.8569158097010172
__iterative_rev_degree_order+PLP__
PLP detected communities in 0.10415315628051758 [s]
solution properties:
-------------------  -----------
# communities        1469
min community size      1
max community size     11
avg. community size     3.40368
modularity              0.687039
-------------------  -----------
104 community detected
NMI:0.32168539585249234
ARI:0.9509885494670945
__pmi__
Network Properties for:		G#48
nodes, edges			4999, 31150
directed?			False
weighted?			True
isolated nodes			1
self-loops			0
density				0.002493
clustering coefficient		0.268457
min/max/avg degree		0, 76, 12.462492
degree assortativity		0.339588
number of connected components	1
size of largest component	4999 (100.00 %)
tot:  181889.62738560166
__pmi+Louvain__
PLM(balanced,pc,turbo) detected communities in 0.5872063636779785 [s]
solution properties:
-------------------  ----------
# communities         56
min community size    46
max community size   150
avg. community size   89.2679
modularity             0.720334
-------------------  ----------
104 community detected
NMI:0.07744843110795396
ARI:0.26857000029249334
__pmi+PLP__
PLP detected communities in 0.1477799415588379 [s]
solution properties:
-------------------  ----------
# communities        113
min community size     1
max community size    98
avg. community size   44.2478
modularity             0.714044
-------------------  ----------
104 community detected
NMI:0.014321492180545348
ARI:0.027554624406333383
__standard__
Network Properties for:		G#57
nodes, edges			4999, 31150
directed?			False
weighted?			True
isolated nodes			1
self-loops			0
density				0.002493
clustering coefficient		0.268457
min/max/avg degree		0, 76, 12.462492
degree assortativity		0.339588
number of connected components	1
size of largest component	4999 (100.00 %)
tot:  33.16759084319361
__standard+Louvain__
PLM(balanced,pc,turbo) detected communities in 0.770003080368042 [s]
solution properties:
-------------------  ----------
# communities         44
min community size    37
max community size   371
avg. community size  113.614
modularity             0.764065
-------------------  ----------
104 community detected
NMI:0.38906402660114303
ARI:0.7379347501219109
__standard+PLP__
PLP detected communities in 0.22086524963378906 [s]
solution properties:
-------------------  ----------
# communities        987
min community size     1
max community size    56
avg. community size    5.06586
modularity             0.575331
-------------------  ----------
104 community detected
NMI:0.2881886071344384
ARI:0.7679903592333295
__ppmi__
Network Properties for:		G#72
nodes, edges			4999, 31150
directed?			False
weighted?			True
isolated nodes			1
self-loops			0
density				0.002493
clustering coefficient		0.268457
min/max/avg degree		0, 76, 12.462492
degree assortativity		0.339588
number of connected components	1
size of largest component	4999 (100.00 %)
tot:  187688.30418279156
__ppmi+Louvain__
PLM(balanced,pc,turbo) detected communities in 0.4449338912963867 [s]
solution properties:
-------------------  ----------
# communities         55
min community size    49
max community size   155
avg. community size   90.8909
modularity             0.713704
-------------------  ----------
104 community detected
NMI:0.07333592026728264
ARI:0.26147766085723245
__ppmi+PLP__
PLP detected communities in 0.13335490226745605 [s]
solution properties:
-------------------  ----------
# communities        110
min community size     1
max community size    98
avg. community size   45.4545
modularity             0.707699
-------------------  ----------
104 community detected
NMI:0.009749216495020141
ARI:0.02109453582104348
__glovexmax50alpha0.2__
Network Properties for:		G#81
nodes, edges			4999, 31150
directed?			False
weighted?			True
isolated nodes			1
self-loops			0
density				0.002493
clustering coefficient		0.268457
min/max/avg degree		0, 76, 12.462492
degree assortativity		0.339588
number of connected components	1
size of largest component	4999 (100.00 %)
tot:  18270.230883870478
__glovexmax50alpha0.2+Louvain__
PLM(balanced,pc,turbo) detected communities in 0.4261660575866699 [s]
solution properties:
-------------------  ----------
# communities         59
min community size    43
max community size   126
avg. community size   84.7288
modularity             0.709277
-------------------  ----------
104 community detected
NMI:0.05989297895261969
ARI:0.21518881165806436
__glovexmax50alpha0.2+PLP__
PLP detected communities in 0.11671924591064453 [s]
solution properties:
-------------------  ----------
# communities        107
min community size     1
max community size    98
avg. community size   46.729
modularity             0.707861
-------------------  ----------
104 community detected
NMI:0.003662603095735628
ARI:0.00749304669177242
__glovexmax40alpha0.2__
Network Properties for:		G#90
nodes, edges			4999, 31150
directed?			False
weighted?			True
isolated nodes			1
self-loops			0
density				0.002493
clustering coefficient		0.268457
min/max/avg degree		0, 76, 12.462492
degree assortativity		0.339588
number of connected components	1
size of largest component	4999 (100.00 %)
tot:  19104.07604714942
__glovexmax40alpha0.2+Louvain__
PLM(balanced,pc,turbo) detected communities in 0.5478503704071045 [s]
solution properties:
-------------------  ----------
# communities         60
min community size    52
max community size   116
avg. community size   83.3167
modularity             0.709372
-------------------  ----------
104 community detected
NMI:0.05738916963563112
ARI:0.2038253581665953
__glovexmax40alpha0.2+PLP__
PLP detected communities in 0.10302591323852539 [s]
solution properties:
-------------------  ----------
# communities        105
min community size     1
max community size    98
avg. community size   47.619
modularity             0.708468
-------------------  ----------
104 community detected
NMI:0.0032199862981783234
ARI:0.006877115055505367
__glovexmax30alpha0.3__
Network Properties for:		G#99
nodes, edges			4999, 31150
directed?			False
weighted?			True
isolated nodes			1
self-loops			0
density				0.002493
clustering coefficient		0.268457
min/max/avg degree		0, 76, 12.462492
degree assortativity		0.339588
number of connected components	1
size of largest component	4999 (100.00 %)
tot:  16775.998928236448
__glovexmax30alpha0.3+Louvain__
PLM(balanced,pc,turbo) detected communities in 0.4275050163269043 [s]
solution properties:
-------------------  ----------
# communities         53
min community size    62
max community size   147
avg. community size   94.3208
modularity             0.710161
-------------------  ----------
104 community detected
NMI:0.07557738861089336
ARI:0.2702293192648594
__glovexmax30alpha0.3+PLP__
PLP detected communities in 0.12537908554077148 [s]
solution properties:
-------------------  ----------
# communities        106
min community size     1
max community size    99
avg. community size   47.1698
modularity             0.709013
-------------------  ----------
104 community detected
NMI:0.0060792733785910436
ARI:0.012697553621069613
NMI classement:
[('NMIglovexmax40alpha0.2+PLP', 0.0032199862981783234), ('NMIglovexmax50alpha0.2+PLP', 0.003662603095735628), ('NMIglovexmax30alpha0.3+PLP', 0.0060792733785910436), ('NMIppmi+PLP', 0.009749216495020141), ('NMIpmi+PLP', 0.014321492180545348), ('NMIglove+PLP', 0.02304911683194044), ('NMIPLP', 0.03508912816801979), ('NMIglovexmax40alpha0.2+Louvain', 0.05738916963563112), ('NMIglovexmax50alpha0.2+Louvain', 0.05989297895261969), ('NMIppmi+Louvain', 0.07333592026728264), ('NMIglovexmax30alpha0.3+Louvain', 0.07557738861089336), ('NMIpmi+Louvain', 0.07744843110795396), ('NMIglove+Louvain', 0.1418537058967968), ('NMILouvain', 0.1991183898808342), ('NMIstandard+PLP', 0.2881886071344384), ('NMISingleton', 0.3047653125958609), ('NMIiterative_rev_degree_order+PLP', 0.32168539585249234), ('NMIstandard+Louvain', 0.38906402660114303), ('NMIiterative_rev_degree_order+Louvain', 0.5306134554381953), ('NMIAllInOne', 1.0), ('NMIfake_pmi+Louvain', 1), ('NMIfake_pmi+PLP', 1)]
ARI classement:
[('ARIglovexmax40alpha0.2+PLP', 0.006877115055505367), ('ARIglovexmax50alpha0.2+PLP', 0.00749304669177242), ('ARIglovexmax30alpha0.3+PLP', 0.012697553621069613), ('ARIppmi+PLP', 0.02109453582104348), ('ARIpmi+PLP', 0.027554624406333383), ('ARIglove+PLP', 0.04573453065806088), ('ARIPLP', 0.06877851183536565), ('ARIglovexmax40alpha0.2+Louvain', 0.2038253581665953), ('ARIglovexmax50alpha0.2+Louvain', 0.21518881165806436), ('ARIppmi+Louvain', 0.26147766085723245), ('ARIpmi+Louvain', 0.26857000029249334), ('ARIglovexmax30alpha0.3+Louvain', 0.2702293192648594), ('ARIglove+Louvain', 0.45666697079367014), ('ARILouvain', 0.5837554341642884), ('ARIstandard+Louvain', 0.7379347501219109), ('ARIstandard+PLP', 0.7679903592333295), ('ARIiterative_rev_degree_order+Louvain', 0.8569158097010172), ('ARIiterative_rev_degree_order+PLP', 0.9509885494670945), ('ARISingleton', 1.0), ('ARIAllInOne', 1.0), ('ARIfake_pmi+Louvain', 1), ('ARIfake_pmi+PLP', 1)]
