__LOADINGS__
Network Properties for:		network
nodes, edges			5000, 27604
directed?			False
weighted?			True
isolated nodes			0
self-loops			0
density				0.002209
clustering coefficient		0.290535
min/max/avg degree		1, 341, 11.041600
degree assortativity		0.233045
number of connected components	6
size of largest component	4984 (99.68 %)
236508.52028918432
__Groundtruth__
read communities from: ../../lfr_5000/mk500/k15/muw0.3/16/community.dat
-------------------  ----------
# communities         51
min community size     3
max community size   469
avg. community size   98.0392
modularity             0.475463
-------------------  ----------
51 community detected
__CLASSIC_METHODS__
__Louvain__
PLM(balanced,pc,turbo) detected communities in 0.6436748504638672 [s]
solution properties:
-------------------  ----------
# communities         20
min community size     3
max community size   501
avg. community size  250
modularity             0.491505
-------------------  ----------
51 community detected
NMI:0.29136523487988353
ARM:0.3608875921974889
__Singleton__
51 community detected
NMI:0.45964250499882586
ARM:1.0
__AllInOne__
51 community detected
NMI:1.0
ARM:1.0
__PLP__
PLP detected communities in 0.08380651473999023 [s]
solution properties:
-------------------  ----------
# communities         82
min community size     1
max community size   533
avg. community size   60.9756
modularity             0.481666
-------------------  ----------
51 community detected
NMI:0.23477663072461386
ARM:0.2968390787788028
__NORMALIZATION__
__glove__
Network Properties for:		G#24cc
nodes, edges			4984, 27588
directed?			False
weighted?			True
isolated nodes			0
self-loops			0
density				0.002222
clustering coefficient		0.289060
min/max/avg degree		1, 341, 11.070626
degree assortativity		0.232721
number of connected components	1
size of largest component	4984 (100.00 %)
tot:  3321.238213128721
__glove+Louvain__
PLM(balanced,pc,turbo) detected communities in 0.4348301887512207 [s]
solution properties:
-------------------  ----------
# communities         22
min community size     3
max community size   488
avg. community size  226.545
modularity             0.551099
-------------------  ----------
51 community detected
NMI:0.9694053441864641
ARM:0.9995196024494521
__glove+PLP__
PLP detected communities in 0.09089374542236328 [s]
solution properties:
-------------------  ----------
# communities         76
min community size     2
max community size   520
avg. community size   65.5789
modularity             0.542332
-------------------  ----------
51 community detected
NMI:0.9400731183281937
ARM:0.9991638435226886
__fake_pmi__
Network Properties for:		G#46cc
nodes, edges			4984, 27588
directed?			False
weighted?			True
isolated nodes			0
self-loops			0
density				0.002222
clustering coefficient		0.289060
min/max/avg degree		1, 341, 11.070626
degree assortativity		0.232721
number of connected components	1
size of largest component	4984 (100.00 %)
tot:  0.0
__fake_pmi+Louvain__
1 community detected due to total edge weight equal 0
NMI:1
ARM:0.9991638435226886
__fake_pmi+PLP__
1 community detected due to total edge weight equal 0
NMI:1
ARM:0.9991638435226886
__iterative_rev_degree_order__
Network Properties for:		G#59cc
nodes, edges			4984, 27588
directed?			False
weighted?			True
isolated nodes			0
self-loops			0
density				0.002222
clustering coefficient		0.289060
min/max/avg degree		1, 341, 11.070626
degree assortativity		0.232721
number of connected components	1
size of largest component	4984 (100.00 %)
tot:  1671.0147889919067
__iterative_rev_degree_order+Louvain__
PLM(balanced,pc,turbo) detected communities in 0.6467304229736328 [s]
solution properties:
-------------------  ----------
# communities        109
min community size     2
max community size   139
avg. community size   45.7248
modularity             0.933276
-------------------  ----------
51 community detected
NMI:0.9053227530496448
ARM:1.0001229861025704
__iterative_rev_degree_order+PLP__
PLP detected communities in 0.04367184638977051 [s]
solution properties:
-------------------  ----------
# communities        1451
min community size      1
max community size     22
avg. community size     3.43487
modularity              0.84872
-------------------  ----------
51 community detected
NMI:0.6294085453455517
ARM:1.0000657820412167
__pmi__
Network Properties for:		G#84cc
nodes, edges			4984, 27588
directed?			False
weighted?			True
isolated nodes			0
self-loops			0
density				0.002222
clustering coefficient		0.289060
min/max/avg degree		1, 341, 11.070626
degree assortativity		0.232721
number of connected components	1
size of largest component	4984 (100.00 %)
tot:  36581.03939134369
__pmi+Louvain__
PLM(balanced,pc,turbo) detected communities in 0.5332803726196289 [s]
solution properties:
-------------------  ---------
# communities         27
min community size     3
max community size   385
avg. community size  184.593
modularity             1.66402
-------------------  ---------
51 community detected
NMI:0.9638921995096613
ARM:0.9997987140061504
__pmi+PLP__
PLP detected communities in 0.19530391693115234 [s]
solution properties:
-------------------  ---------
# communities        900
min community size     1
max community size   217
avg. community size    5.53778
modularity             1.28347
-------------------  ---------
51 community detected
NMI:0.7187114092452633
ARM:0.9992158369972748
__standard__
Network Properties for:		G#106cc
nodes, edges			4984, 27588
directed?			False
weighted?			True
isolated nodes			0
self-loops			0
density				0.002222
clustering coefficient		0.289060
min/max/avg degree		1, 341, 11.070626
degree assortativity		0.232721
number of connected components	1
size of largest component	4984 (100.00 %)
tot:  40.81822802214929
__standard+Louvain__
PLM(balanced,pc,turbo) detected communities in 0.43315720558166504 [s]
solution properties:
-------------------  ----------
# communities        122
min community size     2
max community size   789
avg. community size   40.8525
modularity             0.948555
-------------------  ----------
51 community detected
NMI:0.9037176697397723
ARM:0.9986574630450428
__standard+PLP__
PLP detected communities in 0.08889365196228027 [s]
solution properties:
-------------------  -----------
# communities        1196
min community size      1
max community size     75
avg. community size     4.16722
modularity              0.842327
-------------------  -----------
51 community detected
NMI:0.662785220143133
ARM:0.9999434740029874
__ppmi__
Network Properties for:		G#128cc
nodes, edges			4984, 27588
directed?			False
weighted?			True
isolated nodes			0
self-loops			0
density				0.002222
clustering coefficient		0.289060
min/max/avg degree		1, 341, 11.070626
degree assortativity		0.232721
number of connected components	1
size of largest component	4984 (100.00 %)
tot:  96650.37024319018
__ppmi+Louvain__
PLM(balanced,pc,turbo) detected communities in 0.47934937477111816 [s]
solution properties:
-------------------  ----------
# communities         35
min community size     7
max community size   400
avg. community size  142.4
modularity             0.681808
-------------------  ----------
51 community detected
NMI:0.957008697483695
ARM:0.9997048242481172
__ppmi+PLP__
PLP detected communities in 0.1900801658630371 [s]
solution properties:
-------------------  ---------
# communities        830
min community size     1
max community size   215
avg. community size    6.00482
modularity             0.51825
-------------------  ---------
51 community detected
NMI:0.7332982686737106
ARM:0.999489543699148
__glovexmax50alpha0.2__
Network Properties for:		G#150cc
nodes, edges			4984, 27588
directed?			False
weighted?			True
isolated nodes			0
self-loops			0
density				0.002222
clustering coefficient		0.289060
min/max/avg degree		1, 341, 11.070626
degree assortativity		0.232721
number of connected components	1
size of largest component	4984 (100.00 %)
tot:  13492.38646033549
__glovexmax50alpha0.2+Louvain__
PLM(balanced,pc,turbo) detected communities in 0.5600626468658447 [s]
solution properties:
-------------------  ----------
# communities         19
min community size     6
max community size   440
avg. community size  262.316
modularity             0.628561
-------------------  ----------
51 community detected
NMI:0.9724735615791055
ARM:0.9995775509715239
__glovexmax50alpha0.2+PLP__
PLP detected communities in 0.1252915859222412 [s]
solution properties:
-------------------  ----------
# communities         73
min community size     2
max community size   467
avg. community size   68.274
modularity             0.625935
-------------------  ----------
51 community detected
NMI:0.9426774718046858
ARM:0.999119167416459
__glovexmax40alpha0.2__
Network Properties for:		G#172cc
nodes, edges			4984, 27588
directed?			False
weighted?			True
isolated nodes			0
self-loops			0
density				0.002222
clustering coefficient		0.289060
min/max/avg degree		1, 341, 11.070626
degree assortativity		0.232721
number of connected components	1
size of largest component	4984 (100.00 %)
tot:  14065.132011821825
__glovexmax40alpha0.2+Louvain__
PLM(balanced,pc,turbo) detected communities in 0.6097791194915771 [s]
solution properties:
-------------------  ----------
# communities         20
min community size    89
max community size   447
avg. community size  249.2
modularity             0.629833
-------------------  ----------
51 community detected
NMI:0.9711682019169018
ARM:0.999645250179583
__glovexmax40alpha0.2+PLP__
PLP detected communities in 0.09421920776367188 [s]
solution properties:
-------------------  ----------
# communities         72
min community size     2
max community size   465
avg. community size   69.2222
modularity             0.625746
-------------------  ----------
51 community detected
NMI:0.9430099256210546
ARM:0.9991434533961467
__glovexmax30alpha0.3__
Network Properties for:		G#194cc
nodes, edges			4984, 27588
directed?			False
weighted?			True
isolated nodes			0
self-loops			0
density				0.002222
clustering coefficient		0.289060
min/max/avg degree		1, 341, 11.070626
degree assortativity		0.232721
number of connected components	1
size of largest component	4984 (100.00 %)
tot:  12273.01383164317
__glovexmax30alpha0.3+Louvain__
PLM(balanced,pc,turbo) detected communities in 0.4722726345062256 [s]
solution properties:
-------------------  --------
# communities         29
min community size     5
max community size   455
avg. community size  171.862
modularity             0.6252
-------------------  --------
51 community detected
NMI:0.9635893260923157
ARM:0.9995326986950874
__glovexmax30alpha0.3+PLP__
PLP detected communities in 0.10467314720153809 [s]
solution properties:
-------------------  ----------
# communities         75
min community size     2
max community size   474
avg. community size   66.4533
modularity             0.606925
-------------------  ----------
51 community detected
NMI:0.9410918229802836
ARM:0.9995114730628251
