__LOADINGS__
4992/62242 8.020307830725233 % of nul weighted edges removed
1/5000 0.02 % of nul degree nodes removed
Network Properties for:		network
nodes, edges			4999, 57250
directed?			False
weighted?			True
isolated nodes			1
self-loops			0
density				0.004583
clustering coefficient		0.315327
min/max/avg degree		0, 230, 22.904581
degree assortativity		0.236355
number of connected components	1
size of largest component	4999 (100.00 %)
453017.4023682407
__Groundtruth__
read communities from: ../../lfr_5000/mk300/k25/muw0.2/40/community.dat
-------------------  -------------
# communities         30
min community size   122
max community size   240
avg. community size  166.667
modularity             0.000837416
-------------------  -------------
30 community detected
__CLASSIC_METHODS__
__Louvain__
PLM(balanced,pc,turbo) detected communities in 0.20555830001831055 [s]
solution properties:
-------------------  ----------
# communities         32
min community size   100
max community size   219
avg. community size  156.219
modularity             0.627155
-------------------  ----------
30 community detected
NMI:0.9703469827561949
ARI:0.9997835977006634
__Singleton__
30 community detected
NMI:0.4312749414218574
ARI:1.0
__AllInOne__
30 community detected
NMI:1.0
ARI:1.0
__PLP__
PLP detected communities in 0.09241104125976562 [s]
solution properties:
-------------------  ----------
# communities         33
min community size     1
max community size   219
avg. community size  151.515
modularity             0.627151
-------------------  ----------
30 community detected
NMI:0.9702698107122009
ARI:0.9997736830717424
__NORMALIZATION__
__glove__
Network Properties for:		G#18
nodes, edges			4999, 57250
directed?			False
weighted?			True
isolated nodes			1
self-loops			0
density				0.004583
clustering coefficient		0.315327
min/max/avg degree		0, 230, 22.904581
degree assortativity		0.236355
number of connected components	1
size of largest component	4999 (100.00 %)
tot:  7504.885269874634
__glove+Louvain__
PLM(balanced,pc,turbo) detected communities in 0.1940157413482666 [s]
solution properties:
-------------------  ----------
# communities         32
min community size   100
max community size   216
avg. community size  156.219
modularity             0.644812
-------------------  ----------
30 community detected
NMI:0.9708112367456041
ARI:0.9998505745408903
__glove+PLP__
PLP detected communities in 0.09117794036865234 [s]
solution properties:
-------------------  ----------
# communities         33
min community size     1
max community size   219
avg. community size  151.515
modularity             0.644808
-------------------  ----------
30 community detected
NMI:0.9707989014694698
ARI:0.9998406729575954
__fake_pmi__
Network Properties for:		G#24
nodes, edges			4999, 57250
directed?			False
weighted?			True
isolated nodes			1
self-loops			0
density				0.004583
clustering coefficient		0.315327
min/max/avg degree		0, 230, 22.904581
degree assortativity		0.236355
number of connected components	1
size of largest component	4999 (100.00 %)
tot:  0.0
__fake_pmi+Louvain__
1 community detected due to total edge weight equal 0
NMI:1
ARI:1
__fake_pmi+PLP__
1 community detected due to total edge weight equal 0
NMI:1
ARI:1
__iterative_rev_degree_order__
Network Properties for:		G#27
nodes, edges			4999, 57250
directed?			False
weighted?			True
isolated nodes			1
self-loops			0
density				0.004583
clustering coefficient		0.315327
min/max/avg degree		0, 230, 22.904581
degree assortativity		0.236355
number of connected components	1
size of largest component	4999 (100.00 %)
tot:  1366.7117333150118
__iterative_rev_degree_order+Louvain__
PLM(balanced,pc,turbo) detected communities in 0.8235104084014893 [s]
solution properties:
-------------------  ----------
# communities         62
min community size    31
max community size   201
avg. community size   80.629
modularity             0.807841
-------------------  ----------
30 community detected
NMI:0.9445326711484227
ARI:0.9999106229273765
__iterative_rev_degree_order+PLP__
PLP detected communities in 0.08565616607666016 [s]
solution properties:
-------------------  -----------
# communities        1533
min community size      1
max community size     13
avg. community size     3.26158
modularity              0.688974
-------------------  -----------
30 community detected
NMI:0.5895056974565565
ARI:0.9999035068372298
__pmi__
Network Properties for:		G#42
nodes, edges			4999, 57250
directed?			False
weighted?			True
isolated nodes			1
self-loops			0
density				0.004583
clustering coefficient		0.315327
min/max/avg degree		0, 230, 22.904581
degree assortativity		0.236355
number of connected components	1
size of largest component	4999 (100.00 %)
tot:  176111.99515152458
__pmi+Louvain__
PLM(balanced,pc,turbo) detected communities in 0.4297373294830322 [s]
solution properties:
-------------------  ----------
# communities         30
min community size   109
max community size   371
avg. community size  166.633
modularity             0.781596
-------------------  ----------
30 community detected
NMI:0.9741308414369385
ARI:1.0001801966249406
__pmi+PLP__
PLP detected communities in 0.09409475326538086 [s]
solution properties:
-------------------  ----------
# communities         41
min community size     1
max community size   370
avg. community size  121.951
modularity             0.779277
-------------------  ----------
30 community detected
NMI:0.9698750334741851
ARI:1.0002327306579004
__standard__
Network Properties for:		G#51
nodes, edges			4999, 57250
directed?			False
weighted?			True
isolated nodes			1
self-loops			0
density				0.004583
clustering coefficient		0.315327
min/max/avg degree		0, 230, 22.904581
degree assortativity		0.236355
number of connected components	1
size of largest component	4999 (100.00 %)
tot:  8.856242689270262
__standard+Louvain__
PLM(balanced,pc,turbo) detected communities in 0.7515571117401123 [s]
solution properties:
-------------------  ----------
# communities         38
min community size     2
max community size   228
avg. community size  131.553
modularity             0.761237
-------------------  ----------
30 community detected
NMI:0.9705340741545403
ARI:1.0000883374298821
__standard+PLP__
PLP detected communities in 0.26527953147888184 [s]
solution properties:
-------------------  ----------
# communities        905
min community size     1
max community size   150
avg. community size    5.52486
modularity             0.638964
-------------------  ----------
30 community detected
NMI:0.7199652928570774
ARI:0.9998759554717733
__ppmi__
Network Properties for:		G#63
nodes, edges			4999, 57250
directed?			False
weighted?			True
isolated nodes			1
self-loops			0
density				0.004583
clustering coefficient		0.315327
min/max/avg degree		0, 230, 22.904581
degree assortativity		0.236355
number of connected components	1
size of largest component	4999 (100.00 %)
tot:  232158.45915200433
__ppmi+Louvain__
PLM(balanced,pc,turbo) detected communities in 0.24173259735107422 [s]
solution properties:
-------------------  ----------
# communities         32
min community size   101
max community size   215
avg. community size  156.219
modularity             0.685475
-------------------  ----------
30 community detected
NMI:0.9707634833737738
ARI:0.999830542475899
__ppmi+PLP__
PLP detected communities in 0.08831334114074707 [s]
solution properties:
-------------------  ----------
# communities         32
min community size     1
max community size   417
avg. community size  156.25
modularity             0.684112
-------------------  ----------
30 community detected
NMI:0.9717982038495874
ARI:0.9999928826720347
__glovexmax50alpha0.2__
Network Properties for:		G#69
nodes, edges			4999, 57250
directed?			False
weighted?			True
isolated nodes			1
self-loops			0
density				0.004583
clustering coefficient		0.315327
min/max/avg degree		0, 230, 22.904581
degree assortativity		0.236355
number of connected components	1
size of largest component	4999 (100.00 %)
tot:  32641.375980874385
__glovexmax50alpha0.2+Louvain__
PLM(balanced,pc,turbo) detected communities in 0.27954888343811035 [s]
solution properties:
-------------------  ----------
# communities         32
min community size   100
max community size   214
avg. community size  156.219
modularity             0.674828
-------------------  ----------
30 community detected
NMI:0.9709597301970185
ARI:0.999843048545334
__glovexmax50alpha0.2+PLP__
PLP detected communities in 0.07741379737854004 [s]
solution properties:
-------------------  ----------
# communities         33
min community size     1
max community size   214
avg. community size  151.515
modularity             0.674828
-------------------  ----------
30 community detected
NMI:0.9709597301970185
ARI:0.999843048545334
__glovexmax40alpha0.2__
Network Properties for:		G#75
nodes, edges			4999, 57250
directed?			False
weighted?			True
isolated nodes			1
self-loops			0
density				0.004583
clustering coefficient		0.315327
min/max/avg degree		0, 230, 22.904581
degree assortativity		0.236355
number of connected components	1
size of largest component	4999 (100.00 %)
tot:  34100.99993707267
__glovexmax40alpha0.2+Louvain__
PLM(balanced,pc,turbo) detected communities in 0.26474642753601074 [s]
solution properties:
-------------------  ----------
# communities         32
min community size   100
max community size   214
avg. community size  156.219
modularity             0.674957
-------------------  ----------
30 community detected
NMI:0.9709597301970185
ARI:0.999843048545334
__glovexmax40alpha0.2+PLP__
PLP detected communities in 0.08925747871398926 [s]
solution properties:
-------------------  ----------
# communities         33
min community size     1
max community size   214
avg. community size  151.515
modularity             0.674957
-------------------  ----------
30 community detected
NMI:0.9709597301970185
ARI:0.999843048545334
__glovexmax30alpha0.3__
Network Properties for:		G#81
nodes, edges			4999, 57250
directed?			False
weighted?			True
isolated nodes			1
self-loops			0
density				0.004583
clustering coefficient		0.315327
min/max/avg degree		0, 230, 22.904581
degree assortativity		0.236355
number of connected components	1
size of largest component	4999 (100.00 %)
tot:  30698.333172912255
__glovexmax30alpha0.3+Louvain__
PLM(balanced,pc,turbo) detected communities in 0.11479878425598145 [s]
solution properties:
-------------------  ----------
# communities         32
min community size   100
max community size   215
avg. community size  156.219
modularity             0.672457
-------------------  ----------
30 community detected
NMI:0.9708474328185099
ARI:0.99982062914328
__glovexmax30alpha0.3+PLP__
PLP detected communities in 0.04874873161315918 [s]
solution properties:
-------------------  ----------
# communities         33
min community size     1
max community size   215
avg. community size  151.515
modularity             0.672457
-------------------  ----------
30 community detected
NMI:0.9708474328185099
ARI:0.99982062914328
NMI classement:
[('NMISingleton', 0.4312749414218574), ('NMIiterative_rev_degree_order+PLP', 0.5895056974565565), ('NMIstandard+PLP', 0.7199652928570774), ('NMIiterative_rev_degree_order+Louvain', 0.9445326711484227), ('NMIpmi+PLP', 0.9698750334741851), ('NMIPLP', 0.9702698107122009), ('NMILouvain', 0.9703469827561949), ('NMIstandard+Louvain', 0.9705340741545403), ('NMIppmi+Louvain', 0.9707634833737738), ('NMIglove+PLP', 0.9707989014694698), ('NMIglove+Louvain', 0.9708112367456041), ('NMIglovexmax30alpha0.3+Louvain', 0.9708474328185099), ('NMIglovexmax30alpha0.3+PLP', 0.9708474328185099), ('NMIglovexmax50alpha0.2+Louvain', 0.9709597301970185), ('NMIglovexmax50alpha0.2+PLP', 0.9709597301970185), ('NMIglovexmax40alpha0.2+Louvain', 0.9709597301970185), ('NMIglovexmax40alpha0.2+PLP', 0.9709597301970185), ('NMIppmi+PLP', 0.9717982038495874), ('NMIpmi+Louvain', 0.9741308414369385), ('NMIAllInOne', 1.0), ('NMIfake_pmi+Louvain', 1), ('NMIfake_pmi+PLP', 1)]
ARI classement:
[('ARIPLP', 0.9997736830717424), ('ARILouvain', 0.9997835977006634), ('ARIglovexmax30alpha0.3+Louvain', 0.99982062914328), ('ARIglovexmax30alpha0.3+PLP', 0.99982062914328), ('ARIppmi+Louvain', 0.999830542475899), ('ARIglove+PLP', 0.9998406729575954), ('ARIglovexmax50alpha0.2+Louvain', 0.999843048545334), ('ARIglovexmax50alpha0.2+PLP', 0.999843048545334), ('ARIglovexmax40alpha0.2+Louvain', 0.999843048545334), ('ARIglovexmax40alpha0.2+PLP', 0.999843048545334), ('ARIglove+Louvain', 0.9998505745408903), ('ARIstandard+PLP', 0.9998759554717733), ('ARIiterative_rev_degree_order+PLP', 0.9999035068372298), ('ARIiterative_rev_degree_order+Louvain', 0.9999106229273765), ('ARIppmi+PLP', 0.9999928826720347), ('ARISingleton', 1.0), ('ARIAllInOne', 1.0), ('ARIfake_pmi+Louvain', 1), ('ARIfake_pmi+PLP', 1), ('ARIstandard+Louvain', 1.0000883374298821), ('ARIpmi+Louvain', 1.0001801966249406), ('ARIpmi+PLP', 1.0002327306579004)]
