__LOADINGS__
Network Properties for:		network
nodes, edges			5000, 57250
directed?			False
weighted?			True
isolated nodes			1
self-loops			0
density				0.004581
clustering coefficient		0.315264
min/max/avg degree		0, 230, 22.900000
degree assortativity		0.236355
number of connected components	2
size of largest component	4999 (99.98 %)
453017.4023682407
__Groundtruth__
read communities from: ../../lfr_5000/mk300/k25/muw0.2/40/community.dat
-------------------  -------------
# communities         30
min community size   122
max community size   240
avg. community size  166.667
modularity             0.000837416
-------------------  -------------
30 community detected
5 features on 57250 samples
Trainning set:45800 samples
Testing set:11450 samples
             precision    recall  f1-score   support

          0       0.96      1.00      0.98     11022
          1       1.00      0.00      0.00       428

avg / total       0.96      0.96      0.94     11450

Confusion matrix:
[[11022     0]
 [  427     1]]
Importance of features:
[0.21873279 0.21487603 0.11735537 0.1768595  0.2721763 ]
