__LOADINGS__
4972/61220 8.121528912120223 % of nul weighted edges removed
1/5000 0.02 % of nul degree nodes removed
Network Properties for:		network
nodes, edges			4999, 56248
directed?			False
weighted?			True
isolated nodes			1
self-loops			0
density				0.004503
clustering coefficient		0.203000
min/max/avg degree		0, 79, 22.503701
degree assortativity		0.412022
number of connected components	1
size of largest component	4999 (100.00 %)
337996.1593510498
__Groundtruth__
read communities from: ../../lfr_5000/mk100/k25/muw0.4/46/community.dat
-------------------  ----------
# communities        104
min community size    20
max community size    99
avg. community size   48.0769
modularity             0.599109
-------------------  ----------
104 community detected
__CLASSIC_METHODS__
__Louvain__
PLM(balanced,pc,turbo) detected communities in 0.25108981132507324 [s]
solution properties:
-------------------  ----------
# communities         37
min community size    79
max community size   254
avg. community size  135.108
modularity             0.595361
-------------------  ----------
104 community detected
NMI:0.11980175156891792
ARI:0.4399457345205914
__Singleton__
104 community detected
NMI:0.30476531259586304
ARI:1.0
__AllInOne__
104 community detected
NMI:1.0
ARI:1.0
__PLP__
PLP detected communities in 0.0730583667755127 [s]
solution properties:
-------------------  ----------
# communities        105
min community size     1
max community size    99
avg. community size   47.619
modularity             0.599222
-------------------  ----------
104 community detected
NMI:0.0006915952067411135
ARI:0.001458571303048939
__NORMALIZATION__
__glove__
Network Properties for:		G#21
nodes, edges			4999, 56248
directed?			False
weighted?			True
isolated nodes			1
self-loops			0
density				0.004503
clustering coefficient		0.203000
min/max/avg degree		0, 79, 22.503701
degree assortativity		0.412022
number of connected components	1
size of largest component	4999 (100.00 %)
tot:  6616.221653359341
__glove+Louvain__
PLM(balanced,pc,turbo) detected communities in 0.5444965362548828 [s]
solution properties:
-------------------  --------
# communities         50
min community size    59
max community size   158
avg. community size   99.98
modularity             0.6024
-------------------  --------
104 community detected
NMI:0.07806903923041097
ARI:0.2930389588205593
__glove+PLP__
PLP detected communities in 0.04246377944946289 [s]
solution properties:
-------------------  ----------
# communities        105
min community size     1
max community size    99
avg. community size   47.619
modularity             0.602182
-------------------  ----------
104 community detected
NMI:0.0006915952067412245
ARI:0.001458571303048939
__fake_pmi__
Network Properties for:		G#30
nodes, edges			4999, 56248
directed?			False
weighted?			True
isolated nodes			1
self-loops			0
density				0.004503
clustering coefficient		0.203000
min/max/avg degree		0, 79, 22.503701
degree assortativity		0.412022
number of connected components	1
size of largest component	4999 (100.00 %)
tot:  0.0
__fake_pmi+Louvain__
1 community detected due to total edge weight equal 0
NMI:1
ARI:1
__fake_pmi+PLP__
1 community detected due to total edge weight equal 0
NMI:1
ARI:1
__iterative_rev_degree_order__
Network Properties for:		G#33
nodes, edges			4999, 56248
directed?			False
weighted?			True
isolated nodes			1
self-loops			0
density				0.004503
clustering coefficient		0.203000
min/max/avg degree		0, 79, 22.503701
degree assortativity		0.412022
number of connected components	1
size of largest component	4999 (100.00 %)
tot:  1125.7843022803008
__iterative_rev_degree_order+Louvain__
PLM(balanced,pc,turbo) detected communities in 0.7727363109588623 [s]
solution properties:
-------------------  ----------
# communities         44
min community size    71
max community size   181
avg. community size  113.614
modularity             0.692747
-------------------  ----------
104 community detected
NMI:0.6503192967260616
ARI:0.9257822637452267
__iterative_rev_degree_order+PLP__
PLP detected communities in 0.08516287803649902 [s]
solution properties:
-------------------  ----------
# communities        999
min community size     1
max community size    21
avg. community size    5.00501
modularity             0.593348
-------------------  ----------
104 community detected
NMI:0.36501973111005537
ARI:0.9434558688449819
__pmi__
Network Properties for:		G#48
nodes, edges			4999, 56248
directed?			False
weighted?			True
isolated nodes			1
self-loops			0
density				0.004503
clustering coefficient		0.203000
min/max/avg degree		0, 79, 22.503701
degree assortativity		0.412022
number of connected components	1
size of largest component	4999 (100.00 %)
tot:  336115.9832529625
__pmi+Louvain__
PLM(balanced,pc,turbo) detected communities in 0.8339462280273438 [s]
solution properties:
-------------------  ----------
# communities         47
min community size    72
max community size   164
avg. community size  106.362
modularity             0.606239
-------------------  ----------
104 community detected
NMI:0.08509314758549702
ARI:0.3167045697513946
__pmi+PLP__
PLP detected communities in 0.10913825035095215 [s]
solution properties:
-------------------  ----------
# communities        102
min community size     1
max community size   129
avg. community size   49.0196
modularity             0.607064
-------------------  ----------
104 community detected
NMI:0.005098871613225753
ARI:0.028210719457214983
__standard__
Network Properties for:		G#57
nodes, edges			4999, 56248
directed?			False
weighted?			True
isolated nodes			1
self-loops			0
density				0.004503
clustering coefficient		0.203000
min/max/avg degree		0, 79, 22.503701
degree assortativity		0.412022
number of connected components	1
size of largest component	4999 (100.00 %)
tot:  17.024403654438306
__standard+Louvain__
PLM(balanced,pc,turbo) detected communities in 0.8531475067138672 [s]
solution properties:
-------------------  ---------
# communities         36
min community size    58
max community size   258
avg. community size  138.861
modularity             0.60659
-------------------  ---------
104 community detected
NMI:0.20100657727631166
ARI:0.540153233597686
__standard+PLP__
PLP detected communities in 0.13295650482177734 [s]
solution properties:
-------------------  ----------
# communities        205
min community size     1
max community size   183
avg. community size   24.3902
modularity             0.586721
-------------------  ----------
104 community detected
NMI:0.09094534259572606
ARI:0.22628643141170313
__ppmi__
Network Properties for:		G#69
nodes, edges			4999, 56248
directed?			False
weighted?			True
isolated nodes			1
self-loops			0
density				0.004503
clustering coefficient		0.203000
min/max/avg degree		0, 79, 22.503701
degree assortativity		0.412022
number of connected components	1
size of largest component	4999 (100.00 %)
tot:  337726.63084282674
__ppmi+Louvain__
PLM(balanced,pc,turbo) detected communities in 0.5027520656585693 [s]
solution properties:
-------------------  ----------
# communities         52
min community size    65
max community size   195
avg. community size   96.1346
modularity             0.604588
-------------------  ----------
104 community detected
NMI:0.07292839401167428
ARI:0.2752965276222975
__ppmi+PLP__
PLP detected communities in 0.09299802780151367 [s]
solution properties:
-------------------  ----------
# communities        101
min community size     1
max community size   122
avg. community size   49.505
modularity             0.605552
-------------------  ----------
104 community detected
NMI:0.005320630141590232
ARI:0.02491430769547809
__glovexmax50alpha0.2__
Network Properties for:		G#78
nodes, edges			4999, 56248
directed?			False
weighted?			True
isolated nodes			1
self-loops			0
density				0.004503
clustering coefficient		0.203000
min/max/avg degree		0, 79, 22.503701
degree assortativity		0.412022
number of connected components	1
size of largest component	4999 (100.00 %)
tot:  35560.72811933756
__glovexmax50alpha0.2+Louvain__
PLM(balanced,pc,turbo) detected communities in 0.581946611404419 [s]
solution properties:
-------------------  ----------
# communities         57
min community size    51
max community size   129
avg. community size   87.7018
modularity             0.603245
-------------------  ----------
104 community detected
NMI:0.06154073193357934
ARI:0.22834119980846845
__glovexmax50alpha0.2+PLP__
PLP detected communities in 0.11456131935119629 [s]
solution properties:
-------------------  ----------
# communities        105
min community size     1
max community size    99
avg. community size   47.619
modularity             0.603043
-------------------  ----------
104 community detected
NMI:0.0006915952067411135
ARI:0.001458571303048939
__glovexmax40alpha0.2__
Network Properties for:		G#87
nodes, edges			4999, 56248
directed?			False
weighted?			True
isolated nodes			1
self-loops			0
density				0.004503
clustering coefficient		0.203000
min/max/avg degree		0, 79, 22.503701
degree assortativity		0.412022
number of connected components	1
size of largest component	4999 (100.00 %)
tot:  37183.703840524235
__glovexmax40alpha0.2+Louvain__
PLM(balanced,pc,turbo) detected communities in 0.41722917556762695 [s]
solution properties:
-------------------  ----------
# communities         65
min community size    44
max community size   126
avg. community size   76.9077
modularity             0.603666
-------------------  ----------
104 community detected
NMI:0.04560912727635025
ARI:0.16461659406198093
__glovexmax40alpha0.2+PLP__
PLP detected communities in 0.09328770637512207 [s]
solution properties:
-------------------  ----------
# communities        105
min community size     1
max community size    99
avg. community size   47.619
modularity             0.603043
-------------------  ----------
104 community detected
NMI:0.0006915952067408915
ARI:0.001458571303048939
__glovexmax30alpha0.3__
Network Properties for:		G#96
nodes, edges			4999, 56248
directed?			False
weighted?			True
isolated nodes			1
self-loops			0
density				0.004503
clustering coefficient		0.203000
min/max/avg degree		0, 79, 22.503701
degree assortativity		0.412022
number of connected components	1
size of largest component	4999 (100.00 %)
tot:  33275.0391912256
__glovexmax30alpha0.3+Louvain__
PLM(balanced,pc,turbo) detected communities in 0.3319230079650879 [s]
solution properties:
-------------------  ----------
# communities         22
min community size    76
max community size   374
avg. community size  227.227
modularity             0.586231
-------------------  ----------
104 community detected
NMI:0.1967983215485819
ARI:0.629312496608606
__glovexmax30alpha0.3+PLP__
PLP detected communities in 0.024700164794921875 [s]
solution properties:
-------------------  ----------
# communities        105
min community size     1
max community size    99
avg. community size   47.619
modularity             0.603939
-------------------  ----------
104 community detected
NMI:0.0006915952067411135
ARI:0.001458571303048939
NMI classement:
[('NMIglovexmax40alpha0.2+PLP', 0.0006915952067408915), ('NMIPLP', 0.0006915952067411135), ('NMIglovexmax50alpha0.2+PLP', 0.0006915952067411135), ('NMIglovexmax30alpha0.3+PLP', 0.0006915952067411135), ('NMIglove+PLP', 0.0006915952067412245), ('NMIpmi+PLP', 0.005098871613225753), ('NMIppmi+PLP', 0.005320630141590232), ('NMIglovexmax40alpha0.2+Louvain', 0.04560912727635025), ('NMIglovexmax50alpha0.2+Louvain', 0.06154073193357934), ('NMIppmi+Louvain', 0.07292839401167428), ('NMIglove+Louvain', 0.07806903923041097), ('NMIpmi+Louvain', 0.08509314758549702), ('NMIstandard+PLP', 0.09094534259572606), ('NMILouvain', 0.11980175156891792), ('NMIglovexmax30alpha0.3+Louvain', 0.1967983215485819), ('NMIstandard+Louvain', 0.20100657727631166), ('NMISingleton', 0.30476531259586304), ('NMIiterative_rev_degree_order+PLP', 0.36501973111005537), ('NMIiterative_rev_degree_order+Louvain', 0.6503192967260616), ('NMIAllInOne', 1.0), ('NMIfake_pmi+Louvain', 1), ('NMIfake_pmi+PLP', 1)]
ARI classement:
[('ARIPLP', 0.001458571303048939), ('ARIglove+PLP', 0.001458571303048939), ('ARIglovexmax50alpha0.2+PLP', 0.001458571303048939), ('ARIglovexmax40alpha0.2+PLP', 0.001458571303048939), ('ARIglovexmax30alpha0.3+PLP', 0.001458571303048939), ('ARIppmi+PLP', 0.02491430769547809), ('ARIpmi+PLP', 0.028210719457214983), ('ARIglovexmax40alpha0.2+Louvain', 0.16461659406198093), ('ARIstandard+PLP', 0.22628643141170313), ('ARIglovexmax50alpha0.2+Louvain', 0.22834119980846845), ('ARIppmi+Louvain', 0.2752965276222975), ('ARIglove+Louvain', 0.2930389588205593), ('ARIpmi+Louvain', 0.3167045697513946), ('ARILouvain', 0.4399457345205914), ('ARIstandard+Louvain', 0.540153233597686), ('ARIglovexmax30alpha0.3+Louvain', 0.629312496608606), ('ARIiterative_rev_degree_order+Louvain', 0.9257822637452267), ('ARIiterative_rev_degree_order+PLP', 0.9434558688449819), ('ARISingleton', 1.0), ('ARIAllInOne', 1.0), ('ARIfake_pmi+Louvain', 1), ('ARIfake_pmi+PLP', 1)]
