__LOADINGS__
Network Properties for:		network
nodes, edges			5000, 31044
directed?			False
weighted?			True
isolated nodes			1
self-loops			0
density				0.002484
clustering coefficient		0.391590
min/max/avg degree		0, 80, 12.417600
degree assortativity		0.306274
number of connected components	2
size of largest component	4999 (99.98 %)
164321.43546958535
__Groundtruth__
read communities from: ../../lfr_5000/mk100/k15/muw0.2/21/community.dat
-------------------  ----------
# communities        104
min community size    20
max community size    99
avg. community size   48.0769
modularity             0.800845
-------------------  ----------
104 community detected
5 features on 31044 samples
Trainning set:24835 samples
Testing set:6209 samples
             precision    recall  f1-score   support

          0       0.80      0.17      0.28      1099
          1       0.85      0.99      0.91      5110

avg / total       0.84      0.85      0.80      6209

Confusion matrix:
[[ 189  910]
 [  47 5063]]
Importance of features:
[0.21967725 0.19729307 0.18115565 0.23165019 0.17022385]
