__LOADINGS__
Network Properties for:		network
nodes, edges			5000, 56271
directed?			False
weighted?			True
isolated nodes			1
self-loops			0
density				0.004503
clustering coefficient		0.350649
min/max/avg degree		0, 371, 22.508400
degree assortativity		0.262199
number of connected components	2
size of largest component	4999 (99.98 %)
517241.37928829936
__Groundtruth__
read communities from: ../../lfr_5000/mk500/k25/muw0.3/42/community.dat
-------------------  ----------
# communities         45
min community size     6
max community size   473
avg. community size  111.111
modularity             0.557781
-------------------  ----------
45 community detected
__CLASSIC_METHODS__
__Louvain__
PLM(balanced,pc,turbo) detected communities in 0.4661071300506592 [s]
solution properties:
-------------------  ----------
# communities         23
min community size     1
max community size   483
avg. community size  217.391
modularity             0.560492
-------------------  ----------
45 community detected
NMI:0.07674018870981092
ARM:0.08512845073153819
__Singleton__
45 community detected
NMI:0.46114871055431994
ARM:1.0
__AllInOne__
45 community detected
NMI:1.0
ARM:1.0
__PLP__
PLP detected communities in 0.12501144409179688 [s]
solution properties:
-------------------  ----------
# communities         46
min community size     1
max community size   488
avg. community size  108.696
modularity             0.560227
-------------------  ----------
45 community detected
NMI:0.04430995885205469
ARM:0.05998249641989328
__NORMALIZATION__
__glove__
Network Properties for:		G#21cc
nodes, edges			4999, 56271
directed?			False
weighted?			True
isolated nodes			0
self-loops			0
density				0.004504
clustering coefficient		0.350719
min/max/avg degree		5, 371, 22.512903
degree assortativity		0.262199
number of connected components	1
size of largest component	4999 (100.00 %)
tot:  7853.004561046084
__glove+Louvain__
PLM(balanced,pc,turbo) detected communities in 0.40126752853393555 [s]
solution properties:
-------------------  ----------
# communities         24
min community size     7
max community size   483
avg. community size  208.292
modularity             0.588176
-------------------  ----------
45 community detected
NMI:0.06402180700503068
ARM:0.06828596091414829
__glove+PLP__
PLP detected communities in 0.09720587730407715 [s]
solution properties:
-------------------  ----------
# communities         44
min community size     6
max community size   486
avg. community size  113.614
modularity             0.588017
-------------------  ----------
45 community detected
NMI:0.03573412380248986
ARM:0.048158439540248565
__fake_pmi__
Network Properties for:		G#40cc
nodes, edges			4999, 56271
directed?			False
weighted?			True
isolated nodes			0
self-loops			0
density				0.004504
clustering coefficient		0.350719
min/max/avg degree		5, 371, 22.512903
degree assortativity		0.262199
number of connected components	1
size of largest component	4999 (100.00 %)
tot:  0.0
__fake_pmi+Louvain__
1 community detected due to total edge weight equal 0
NMI:1
ARM:0.048158439540248565
__fake_pmi+PLP__
1 community detected due to total edge weight equal 0
NMI:1
ARM:0.048158439540248565
__iterative_rev_degree_order__
Network Properties for:		G#53cc
nodes, edges			4999, 56271
directed?			False
weighted?			True
isolated nodes			0
self-loops			0
density				0.004504
clustering coefficient		0.350719
min/max/avg degree		5, 371, 22.512903
degree assortativity		0.262199
number of connected components	1
size of largest component	4999 (100.00 %)
tot:  1347.0100517989722
__iterative_rev_degree_order+Louvain__
PLM(balanced,pc,turbo) detected communities in 0.9011824131011963 [s]
solution properties:
-------------------  ----------
# communities         59
min community size    27
max community size   213
avg. community size   84.7288
modularity             0.859287
-------------------  ----------
45 community detected
NMI:0.7132214614846564
ARM:0.93230866155417
__iterative_rev_degree_order+PLP__
PLP detected communities in 0.08211088180541992 [s]
solution properties:
-------------------  -----------
# communities        1542
min community size      2
max community size     12
avg. community size     3.24189
modularity              0.742784
-------------------  -----------
45 community detected
NMI:0.5131488806246076
ARM:0.991643028645605
__pmi__
Network Properties for:		G#78cc
nodes, edges			4999, 56271
directed?			False
weighted?			True
isolated nodes			0
self-loops			0
density				0.004504
clustering coefficient		0.350719
min/max/avg degree		5, 371, 22.512903
degree assortativity		0.262199
number of connected components	1
size of largest component	4999 (100.00 %)
tot:  93207.86051938849
__pmi+Louvain__
PLM(balanced,pc,turbo) detected communities in 0.4671475887298584 [s]
solution properties:
-------------------  ----------
# communities          33
min community size      7
max community size   1186
avg. community size   151.485
modularity              1.17149
-------------------  ----------
45 community detected
NMI:0.33660995492461865
ARM:0.6321264896571683
__pmi+PLP__
PLP detected communities in 0.16508746147155762 [s]
solution properties:
-------------------  ---------
# communities        105
min community size     1
max community size   704
avg. community size   47.6095
modularity             1.15588
-------------------  ---------
45 community detected
NMI:0.2588429572894686
ARM:0.4382999902129109
__standard__
Network Properties for:		G#97cc
nodes, edges			4999, 56271
directed?			False
weighted?			True
isolated nodes			0
self-loops			0
density				0.004504
clustering coefficient		0.350719
min/max/avg degree		5, 371, 22.512903
degree assortativity		0.262199
number of connected components	1
size of largest component	4999 (100.00 %)
tot:  12.636289132304345
__standard+Louvain__
PLM(balanced,pc,turbo) detected communities in 0.5751028060913086 [s]
solution properties:
-------------------  ----------
# communities         66
min community size     2
max community size   587
avg. community size   75.7424
modularity             0.873915
-------------------  ----------
45 community detected
NMI:0.5537153826717852
ARM:0.7580344152138483
__standard+PLP__
PLP detected communities in 0.22392582893371582 [s]
solution properties:
-------------------  -----------
# communities        1082
min community size      2
max community size    154
avg. community size     4.62015
modularity              0.739043
-------------------  -----------
45 community detected
NMI:0.5187949255751372
ARM:0.929361777697671
__ppmi__
Network Properties for:		G#119cc
nodes, edges			4999, 56271
directed?			False
weighted?			True
isolated nodes			0
self-loops			0
density				0.004504
clustering coefficient		0.350719
min/max/avg degree		5, 371, 22.512903
degree assortativity		0.262199
number of connected components	1
size of largest component	4999 (100.00 %)
tot:  186957.42003575794
__ppmi+Louvain__
PLM(balanced,pc,turbo) detected communities in 0.47200870513916016 [s]
solution properties:
-------------------  ----------
# communities         34
min community size     7
max community size   449
avg. community size  147.029
modularity             0.678127
-------------------  ----------
45 community detected
NMI:0.07915343726472635
ARM:0.11235555409735343
__ppmi+PLP__
PLP detected communities in 0.11770367622375488 [s]
solution properties:
-------------------  ----------
# communities         57
min community size     1
max community size   688
avg. community size   87.7018
modularity             0.673777
-------------------  ----------
45 community detected
NMI:0.07024431766598949
ARM:0.14755530411473872
__glovexmax50alpha0.2__
Network Properties for:		G#138cc
nodes, edges			4999, 56271
directed?			False
weighted?			True
isolated nodes			0
self-loops			0
density				0.004504
clustering coefficient		0.350719
min/max/avg degree		5, 371, 22.512903
degree assortativity		0.262199
number of connected components	1
size of largest component	4999 (100.00 %)
tot:  30476.728421654705
__glovexmax50alpha0.2+Louvain__
PLM(balanced,pc,turbo) detected communities in 0.38379907608032227 [s]
solution properties:
-------------------  ----------
# communities         31
min community size     6
max community size   473
avg. community size  161.258
modularity             0.638492
-------------------  ----------
45 community detected
NMI:0.016799725112339958
ARM:0.010978370523382908
__glovexmax50alpha0.2+PLP__
PLP detected communities in 0.08807492256164551 [s]
solution properties:
-------------------  ----------
# communities         46
min community size     5
max community size   473
avg. community size  108.674
modularity             0.638129
-------------------  ----------
45 community detected
NMI:0.002386487898656031
ARM:0.0024515010246715097
__glovexmax40alpha0.2__
Network Properties for:		G#157cc
nodes, edges			4999, 56271
directed?			False
weighted?			True
isolated nodes			0
self-loops			0
density				0.004504
clustering coefficient		0.350719
min/max/avg degree		5, 371, 22.512903
degree assortativity		0.262199
number of connected components	1
size of largest component	4999 (100.00 %)
tot:  31791.576557843655
__glovexmax40alpha0.2+Louvain__
PLM(balanced,pc,turbo) detected communities in 0.4295988082885742 [s]
solution properties:
-------------------  ----------
# communities         31
min community size     6
max community size   473
avg. community size  161.258
modularity             0.638961
-------------------  ----------
45 community detected
NMI:0.01688891642150736
ARM:0.011199089844122323
__glovexmax40alpha0.2+PLP__
PLP detected communities in 0.07387948036193848 [s]
solution properties:
-------------------  ---------
# communities         45
min community size     5
max community size   473
avg. community size  111.089
modularity             0.63861
-------------------  ---------
45 community detected
NMI:0.003365474227205345
ARM:0.004087437188205589
__glovexmax30alpha0.3__
Network Properties for:		G#176cc
nodes, edges			4999, 56271
directed?			False
weighted?			True
isolated nodes			0
self-loops			0
density				0.004504
clustering coefficient		0.350719
min/max/avg degree		5, 371, 22.512903
degree assortativity		0.262199
number of connected components	1
size of largest component	4999 (100.00 %)
tot:  28583.60158323978
__glovexmax30alpha0.3+Louvain__
PLM(balanced,pc,turbo) detected communities in 0.26853227615356445 [s]
solution properties:
-------------------  ----------
# communities         15
min community size   239
max community size   472
avg. community size  333.267
modularity             0.631238
-------------------  ----------
45 community detected
NMI:0.08518316794435576
ARM:0.1212352861634387
__glovexmax30alpha0.3+PLP__
PLP detected communities in 0.052635908126831055 [s]
solution properties:
-------------------  ----------
# communities         45
min community size     5
max community size   475
avg. community size  111.089
modularity             0.634638
-------------------  ----------
45 community detected
NMI:0.008959454029390801
ARM:0.011237159554076892
