__LOADINGS__
4994/32598 15.319958279649057 % of nul weighted edges removed
0/5000 0.0 % of nul degree nodes removed
Network Properties for:		network
nodes, edges			5000, 27604
directed?			False
weighted?			True
isolated nodes			0
self-loops			0
density				0.002209
clustering coefficient		0.290535
min/max/avg degree		1, 341, 11.041600
degree assortativity		0.233045
number of connected components	6
size of largest component	4984 (99.68 %)
236508.52028918432
__Groundtruth__
read communities from: ../../lfr_5000/mk500/k15/muw0.3/12/community.dat
-------------------  ----------
# communities         51
min community size     3
max community size   469
avg. community size   98.0392
modularity             0.475463
-------------------  ----------
51 community detected
__CLASSIC_METHODS__
__Louvain__
PLM(balanced,pc,turbo) detected communities in 0.5249626636505127 [s]
solution properties:
-------------------  ----------
# communities         23
min community size     3
max community size   501
avg. community size  217.391
modularity             0.491615
-------------------  ----------
51 community detected
NMI:0.2770904526476916
ARI:0.3382157284240791
__Singleton__
51 community detected
NMI:0.45964250499882586
ARI:1.0
__AllInOne__
51 community detected
NMI:1.0
ARI:1.0
__PLP__
PLP detected communities in 0.10108685493469238 [s]
solution properties:
-------------------  ----------
# communities         80
min community size     2
max community size   533
avg. community size   62.5
modularity             0.481709
-------------------  ----------
51 community detected
NMI:0.23555791019941685
ARI:0.2969370764197242
__NORMALIZATION__
__glove__
Network Properties for:		G#21
nodes, edges			5000, 27604
directed?			False
weighted?			True
isolated nodes			0
self-loops			0
density				0.002209
clustering coefficient		0.290535
min/max/avg degree		1, 341, 11.041600
degree assortativity		0.233045
number of connected components	6
size of largest component	4984 (99.68 %)
tot:  3321.9926055680244
__glove+Louvain__
PLM(balanced,pc,turbo) detected communities in 0.6347730159759521 [s]
solution properties:
-------------------  ----------
# communities         30
min community size     3
max community size   488
avg. community size  166.667
modularity             0.551187
-------------------  ----------
51 community detected
NMI:0.21935752504935213
ARI:0.2607930818585469
__glove+PLP__
PLP detected communities in 0.1406393051147461 [s]
solution properties:
-------------------  ----------
# communities         83
min community size     2
max community size   520
avg. community size   60.241
modularity             0.542297
-------------------  ----------
51 community detected
NMI:0.2112116833425869
ARI:0.26149003691949924
__fake_pmi__
Network Properties for:		G#33
nodes, edges			5000, 27604
directed?			False
weighted?			True
isolated nodes			0
self-loops			0
density				0.002209
clustering coefficient		0.290535
min/max/avg degree		1, 341, 11.041600
degree assortativity		0.233045
number of connected components	6
size of largest component	4984 (99.68 %)
tot:  0.0
__fake_pmi+Louvain__
1 community detected due to total edge weight equal 0
NMI:1
ARI:1
__fake_pmi+PLP__
1 community detected due to total edge weight equal 0
NMI:1
ARI:1
__iterative_rev_degree_order__
Network Properties for:		G#36
nodes, edges			5000, 27604
directed?			False
weighted?			True
isolated nodes			0
self-loops			0
density				0.002209
clustering coefficient		0.290535
min/max/avg degree		1, 341, 11.041600
degree assortativity		0.233045
number of connected components	6
size of largest component	4984 (99.68 %)
tot:  1676.0011883796071
__iterative_rev_degree_order+Louvain__
PLM(balanced,pc,turbo) detected communities in 0.7328827381134033 [s]
solution properties:
-------------------  ----------
# communities        127
min community size     2
max community size   156
avg. community size   39.3701
modularity             0.933881
-------------------  ----------
51 community detected
NMI:0.645467104676222
ARI:0.9247403888307995
__iterative_rev_degree_order+PLP__
PLP detected communities in 0.06635880470275879 [s]
solution properties:
-------------------  -----------
# communities        1455
min community size      2
max community size     22
avg. community size     3.43643
modularity              0.849217
-------------------  -----------
51 community detected
NMI:0.4999174649346787
ARI:0.9864071697572993
__pmi__
Network Properties for:		G#51
nodes, edges			5000, 27604
directed?			False
weighted?			True
isolated nodes			0
self-loops			0
density				0.002209
clustering coefficient		0.290535
min/max/avg degree		1, 341, 11.041600
degree assortativity		0.233045
number of connected components	6
size of largest component	4984 (99.68 %)
tot:  36822.06094552276
__pmi+Louvain__
PLM(balanced,pc,turbo) detected communities in 0.654869794845581 [s]
solution properties:
-------------------  ---------
# communities         36
min community size     3
max community size   444
avg. community size  138.889
modularity             1.66649
-------------------  ---------
51 community detected
NMI:0.541464100527598
ARI:0.7656767520738146
__pmi+PLP__
PLP detected communities in 0.13891172409057617 [s]
solution properties:
-------------------  ---------
# communities        977
min community size     2
max community size   174
avg. community size    5.11771
modularity             1.19621
-------------------  ---------
51 community detected
NMI:0.4666394056024563
ARI:0.898566930485237
__standard__
Network Properties for:		G#63
nodes, edges			5000, 27604
directed?			False
weighted?			True
isolated nodes			0
self-loops			0
density				0.002209
clustering coefficient		0.290535
min/max/avg degree		1, 341, 11.041600
degree assortativity		0.233045
number of connected components	6
size of largest component	4984 (99.68 %)
tot:  43.16202045971353
__standard+Louvain__
PLM(balanced,pc,turbo) detected communities in 0.6736307144165039 [s]
solution properties:
-------------------  ----------
# communities        116
min community size     2
max community size   889
avg. community size   43.1034
modularity             0.951077
-------------------  ----------
51 community detected
NMI:0.5662612430738969
ARI:0.8268038385971785
__standard+PLP__
PLP detected communities in 0.09627771377563477 [s]
solution properties:
-------------------  ----------
# communities        1200
min community size      2
max community size     75
avg. community size     4.16667
modularity              0.8481
-------------------  ----------
51 community detected
NMI:0.48186329989393395
ARI:0.9663817049238196
__ppmi__
Network Properties for:		G#78
nodes, edges			5000, 27604
directed?			False
weighted?			True
isolated nodes			0
self-loops			0
density				0.002209
clustering coefficient		0.290535
min/max/avg degree		1, 341, 11.041600
degree assortativity		0.233045
number of connected components	6
size of largest component	4984 (99.68 %)
tot:  96891.39179736929
__ppmi+Louvain__
PLM(balanced,pc,turbo) detected communities in 0.5790095329284668 [s]
solution properties:
-------------------  ----------
# communities         41
min community size     3
max community size   395
avg. community size  121.951
modularity             0.681505
-------------------  ----------
51 community detected
NMI:0.39626843818211666
ARI:0.5320884623917808
__ppmi+PLP__
PLP detected communities in 0.18587422370910645 [s]
solution properties:
-------------------  ----------
# communities        830
min community size     2
max community size   215
avg. community size    6.0241
modularity             0.522357
-------------------  ----------
51 community detected
NMI:0.4501857209045942
ARI:0.8216341441244464
__glovexmax50alpha0.2__
Network Properties for:		G#90
nodes, edges			5000, 27604
directed?			False
weighted?			True
isolated nodes			0
self-loops			0
density				0.002209
clustering coefficient		0.290535
min/max/avg degree		1, 341, 11.041600
degree assortativity		0.233045
number of connected components	6
size of largest component	4984 (99.68 %)
tot:  13500.505044549538
__glovexmax50alpha0.2+Louvain__
PLM(balanced,pc,turbo) detected communities in 0.5876929759979248 [s]
solution properties:
-------------------  ----------
# communities         27
min community size     3
max community size   443
avg. community size  185.185
modularity             0.629441
-------------------  ----------
51 community detected
NMI:0.14608072993034338
ARI:0.16865890291362706
__glovexmax50alpha0.2+PLP__
PLP detected communities in 0.14758658409118652 [s]
solution properties:
-------------------  ----------
# communities         79
min community size     2
max community size   465
avg. community size   63.2911
modularity             0.622396
-------------------  ----------
51 community detected
NMI:0.13450889467269378
ARI:0.15670499990201892
__glovexmax40alpha0.2__
Network Properties for:		G#102
nodes, edges			5000, 27604
directed?			False
weighted?			True
isolated nodes			0
self-loops			0
density				0.002209
clustering coefficient		0.290535
min/max/avg degree		1, 341, 11.041600
degree assortativity		0.233045
number of connected components	6
size of largest component	4984 (99.68 %)
tot:  14073.621124587069
__glovexmax40alpha0.2+Louvain__
PLM(balanced,pc,turbo) detected communities in 0.5246727466583252 [s]
solution properties:
-------------------  ----------
# communities         35
min community size     3
max community size   445
avg. community size  142.857
modularity             0.630837
-------------------  ----------
51 community detected
NMI:0.12319096166817722
ARI:0.14665759375115517
__glovexmax40alpha0.2+PLP__
PLP detected communities in 0.1004786491394043 [s]
solution properties:
-------------------  ----------
# communities         80
min community size     2
max community size   467
avg. community size   62.5
modularity             0.625251
-------------------  ----------
51 community detected
NMI:0.13224374703787445
ARI:0.1559633442390176
__glovexmax30alpha0.3__
Network Properties for:		G#114
nodes, edges			5000, 27604
directed?			False
weighted?			True
isolated nodes			0
self-loops			0
density				0.002209
clustering coefficient		0.290535
min/max/avg degree		1, 341, 11.041600
degree assortativity		0.233045
number of connected components	6
size of largest component	4984 (99.68 %)
tot:  12279.759343994889
__glovexmax30alpha0.3+Louvain__
PLM(balanced,pc,turbo) detected communities in 0.4541966915130615 [s]
solution properties:
-------------------  ----------
# communities         26
min community size     3
max community size   455
avg. community size  192.308
modularity             0.625242
-------------------  ----------
51 community detected
NMI:0.16434542913536843
ARI:0.19033044096237473
__glovexmax30alpha0.3+PLP__
PLP detected communities in 0.12627387046813965 [s]
solution properties:
-------------------  ----------
# communities         81
min community size     2
max community size   474
avg. community size   61.7284
modularity             0.608806
-------------------  ----------
51 community detected
NMI:0.1557733903193319
ARI:0.19308548490731592
NMI classement:
[('NMIglovexmax40alpha0.2+Louvain', 0.12319096166817722), ('NMIglovexmax40alpha0.2+PLP', 0.13224374703787445), ('NMIglovexmax50alpha0.2+PLP', 0.13450889467269378), ('NMIglovexmax50alpha0.2+Louvain', 0.14608072993034338), ('NMIglovexmax30alpha0.3+PLP', 0.1557733903193319), ('NMIglovexmax30alpha0.3+Louvain', 0.16434542913536843), ('NMIglove+PLP', 0.2112116833425869), ('NMIglove+Louvain', 0.21935752504935213), ('NMIPLP', 0.23555791019941685), ('NMILouvain', 0.2770904526476916), ('NMIppmi+Louvain', 0.39626843818211666), ('NMIppmi+PLP', 0.4501857209045942), ('NMISingleton', 0.45964250499882586), ('NMIpmi+PLP', 0.4666394056024563), ('NMIstandard+PLP', 0.48186329989393395), ('NMIiterative_rev_degree_order+PLP', 0.4999174649346787), ('NMIpmi+Louvain', 0.541464100527598), ('NMIstandard+Louvain', 0.5662612430738969), ('NMIiterative_rev_degree_order+Louvain', 0.645467104676222), ('NMIAllInOne', 1.0), ('NMIfake_pmi+Louvain', 1), ('NMIfake_pmi+PLP', 1)]
ARI classement:
[('ARIglovexmax40alpha0.2+Louvain', 0.14665759375115517), ('ARIglovexmax40alpha0.2+PLP', 0.1559633442390176), ('ARIglovexmax50alpha0.2+PLP', 0.15670499990201892), ('ARIglovexmax50alpha0.2+Louvain', 0.16865890291362706), ('ARIglovexmax30alpha0.3+Louvain', 0.19033044096237473), ('ARIglovexmax30alpha0.3+PLP', 0.19308548490731592), ('ARIglove+Louvain', 0.2607930818585469), ('ARIglove+PLP', 0.26149003691949924), ('ARIPLP', 0.2969370764197242), ('ARILouvain', 0.3382157284240791), ('ARIppmi+Louvain', 0.5320884623917808), ('ARIpmi+Louvain', 0.7656767520738146), ('ARIppmi+PLP', 0.8216341441244464), ('ARIstandard+Louvain', 0.8268038385971785), ('ARIpmi+PLP', 0.898566930485237), ('ARIiterative_rev_degree_order+Louvain', 0.9247403888307995), ('ARIstandard+PLP', 0.9663817049238196), ('ARIiterative_rev_degree_order+PLP', 0.9864071697572993), ('ARISingleton', 1.0), ('ARIAllInOne', 1.0), ('ARIfake_pmi+Louvain', 1), ('ARIfake_pmi+PLP', 1)]
