__LOADINGS__
Network Properties for:		network
nodes, edges			5000, 41963
directed?			False
weighted?			True
isolated nodes			2
self-loops			0
density				0.003358
clustering coefficient		0.424569
min/max/avg degree		0, 84, 16.785200
degree assortativity		0.345729
number of connected components	3
size of largest component	4998 (99.96 %)
235448.77397713254
__Groundtruth__
read communities from: ../../lfr_5000/mk100/k20/muw0.2/31/community.dat
-------------------  ----------
# communities        104
min community size    20
max community size    99
avg. community size   48.0769
modularity             0.812683
-------------------  ----------
104 community detected
__CLASSIC_METHODS__
__Louvain__
PLM(balanced,pc,turbo) detected communities in 0.42367076873779297 [s]
solution properties:
-------------------  ----------
# communities         67
min community size     1
max community size   111
avg. community size   74.6269
modularity             0.813929
-------------------  ----------
104 community detected
NMI:0.04734348704808378
ARM:0.1720447153039537
__Singleton__
104 community detected
NMI:0.304781495540172
ARM:1.0
__AllInOne__
104 community detected
NMI:1.0
ARM:1.0
__PLP__
PLP detected communities in 0.1111135482788086 [s]
solution properties:
-------------------  ----------
# communities        106
min community size     1
max community size    99
avg. community size   47.1698
modularity             0.813259
-------------------  ----------
104 community detected
NMI:0.0016588078780046533
ARM:0.0040000000000000036
__NORMALIZATION__
__glove__
Network Properties for:		G#21cc
nodes, edges			4998, 41963
directed?			False
weighted?			True
isolated nodes			0
self-loops			0
density				0.003360
clustering coefficient		0.424739
min/max/avg degree		1, 84, 16.791917
degree assortativity		0.345729
number of connected components	1
size of largest component	4998 (100.00 %)
tot:  4590.192734666051
__glove+Louvain__
PLM(balanced,pc,turbo) detected communities in 0.5833158493041992 [s]
solution properties:
-------------------  ----------
# communities         58
min community size    51
max community size   112
avg. community size   86.1724
modularity             0.817851
-------------------  ----------
104 community detected
NMI:0.05887166776622532
ARM:0.21282710802952365
__glove+PLP__
PLP detected communities in 0.11568284034729004 [s]
solution properties:
-------------------  ----------
# communities        104
min community size    20
max community size    99
avg. community size   48.0577
modularity             0.817731
-------------------  ----------
104 community detected
NMI:0.0016595356290808327
ARM:0.003998747973369854
__fake_pmi__
Network Properties for:		G#40cc
nodes, edges			4998, 41963
directed?			False
weighted?			True
isolated nodes			0
self-loops			0
density				0.003360
clustering coefficient		0.424739
min/max/avg degree		1, 84, 16.791917
degree assortativity		0.345729
number of connected components	1
size of largest component	4998 (100.00 %)
tot:  0.0
__fake_pmi+Louvain__
1 community detected due to total edge weight equal 0
NMI:1
ARM:0.003998747973369854
__fake_pmi+PLP__
1 community detected due to total edge weight equal 0
NMI:1
ARM:0.003998747973369854
__iterative_rev_degree_order__
Network Properties for:		G#53cc
nodes, edges			4998, 41963
directed?			False
weighted?			True
isolated nodes			0
self-loops			0
density				0.003360
clustering coefficient		0.424739
min/max/avg degree		1, 84, 16.791917
degree assortativity		0.345729
number of connected components	1
size of largest component	4998 (100.00 %)
tot:  1405.3228766642994
__iterative_rev_degree_order+Louvain__
PLM(balanced,pc,turbo) detected communities in 0.9033620357513428 [s]
solution properties:
-------------------  ----------
# communities         46
min community size    49
max community size   184
avg. community size  108.652
modularity             0.822499
-------------------  ----------
104 community detected
NMI:0.39451331415040936
ARM:0.7223788484465952
__iterative_rev_degree_order+PLP__
PLP detected communities in 0.0986480712890625 [s]
solution properties:
-------------------  -----------
# communities        1345
min community size      2
max community size     14
avg. community size     3.71599
modularity              0.642002
-------------------  -----------
104 community detected
NMI:0.30026832432573003
ARM:0.9281164873498344
__pmi__
Network Properties for:		G#78cc
nodes, edges			4998, 41963
directed?			False
weighted?			True
isolated nodes			0
self-loops			0
density				0.003360
clustering coefficient		0.424739
min/max/avg degree		1, 84, 16.791917
degree assortativity		0.345729
number of connected components	1
size of largest component	4998 (100.00 %)
tot:  247446.5494809843
__pmi+Louvain__
PLM(balanced,pc,turbo) detected communities in 0.3781239986419678 [s]
solution properties:
-------------------  ---------
# communities        87
min community size   24
max community size   98
avg. community size  57.4483
modularity            0.825096
-------------------  ---------
104 community detected
NMI:0.01601542032601211
ARM:0.04820667404563972
__pmi+PLP__
PLP detected communities in 0.09082818031311035 [s]
solution properties:
-------------------  ----------
# communities        105
min community size     9
max community size    98
avg. community size   47.6
modularity             0.823847
-------------------  ----------
104 community detected
NMI:0.00194091053338441
ARM:0.004204563446686516
__standard__
Network Properties for:		G#97cc
nodes, edges			4998, 41963
directed?			False
weighted?			True
isolated nodes			0
self-loops			0
density				0.003360
clustering coefficient		0.424739
min/max/avg degree		1, 84, 16.791917
degree assortativity		0.345729
number of connected components	1
size of largest component	4998 (100.00 %)
tot:  24.441991562147226
__standard+Louvain__
PLM(balanced,pc,turbo) detected communities in 0.5819194316864014 [s]
solution properties:
-------------------  ----------
# communities         68
min community size    21
max community size   199
avg. community size   73.5
modularity             0.838293
-------------------  ----------
104 community detected
NMI:0.12963204285490537
ARM:0.3748185297611192
__standard+PLP__
PLP detected communities in 0.1353588104248047 [s]
solution properties:
-------------------  ---------
# communities        250
min community size     2
max community size    81
avg. community size   19.992
modularity             0.80353
-------------------  ---------
104 community detected
NMI:0.08926463287583042
ARM:0.19060897724206172
__ppmi__
Network Properties for:		G#119cc
nodes, edges			4998, 41963
directed?			False
weighted?			True
isolated nodes			0
self-loops			0
density				0.003360
clustering coefficient		0.424739
min/max/avg degree		1, 84, 16.791917
degree assortativity		0.345729
number of connected components	1
size of largest component	4998 (100.00 %)
tot:  251611.3216002954
__ppmi+Louvain__
PLM(balanced,pc,turbo) detected communities in 0.3078150749206543 [s]
solution properties:
-------------------  ----------
# communities         67
min community size    47
max community size   103
avg. community size   74.597
modularity             0.821215
-------------------  ----------
104 community detected
NMI:0.04165075623849879
ARM:0.14371769673145518
__ppmi+PLP__
PLP detected communities in 0.1560986042022705 [s]
solution properties:
-------------------  ----------
# communities        104
min community size    20
max community size    98
avg. community size   48.0577
modularity             0.821921
-------------------  ----------
104 community detected
NMI:0.0014016671519945234
ARM:0.0033061804471081757
__glovexmax50alpha0.2__
Network Properties for:		G#138cc
nodes, edges			4998, 41963
directed?			False
weighted?			True
isolated nodes			0
self-loops			0
density				0.003360
clustering coefficient		0.424739
min/max/avg degree		1, 84, 16.791917
degree assortativity		0.345729
number of connected components	1
size of largest component	4998 (100.00 %)
tot:  25455.872185876706
__glovexmax50alpha0.2+Louvain__
PLM(balanced,pc,turbo) detected communities in 0.32883715629577637 [s]
solution properties:
-------------------  ----------
# communities         69
min community size    38
max community size   110
avg. community size   72.4348
modularity             0.818712
-------------------  ----------
104 community detected
NMI:0.03904597629451956
ARM:0.13695461531645226
__glovexmax50alpha0.2+PLP__
PLP detected communities in 0.12418961524963379 [s]
solution properties:
-------------------  ---------
# communities        104
min community size    20
max community size    98
avg. community size   48.0577
modularity             0.81866
-------------------  ---------
104 community detected
NMI:0.0011957835744380585
ARM:0.002965146340348168
__glovexmax40alpha0.2__
Network Properties for:		G#157cc
nodes, edges			4998, 41963
directed?			False
weighted?			True
isolated nodes			0
self-loops			0
density				0.003360
clustering coefficient		0.424739
min/max/avg degree		1, 84, 16.791917
degree assortativity		0.345729
number of connected components	1
size of largest component	4998 (100.00 %)
tot:  26617.666803260603
__glovexmax40alpha0.2+Louvain__
PLM(balanced,pc,turbo) detected communities in 0.35461974143981934 [s]
solution properties:
-------------------  ----------
# communities         73
min community size    38
max community size   110
avg. community size   68.4658
modularity             0.818868
-------------------  ----------
104 community detected
NMI:0.032742690376259764
ARM:0.11212954092129856
__glovexmax40alpha0.2+PLP__
PLP detected communities in 0.12065601348876953 [s]
solution properties:
-------------------  ----------
# communities        106
min community size    11
max community size    98
avg. community size   47.1509
modularity             0.815333
-------------------  ----------
104 community detected
NMI:0.002423143912648862
ARM:0.00545512210593091
__glovexmax30alpha0.3__
Network Properties for:		G#176cc
nodes, edges			4998, 41963
directed?			False
weighted?			True
isolated nodes			0
self-loops			0
density				0.003360
clustering coefficient		0.424739
min/max/avg degree		1, 84, 16.791917
degree assortativity		0.345729
number of connected components	1
size of largest component	4998 (100.00 %)
tot:  23546.373937688262
__glovexmax30alpha0.3+Louvain__
PLM(balanced,pc,turbo) detected communities in 0.46198368072509766 [s]
solution properties:
-------------------  ---------
# communities         56
min community size    58
max community size   127
avg. community size   89.25
modularity             0.81948
-------------------  ---------
104 community detected
NMI:0.06363608760402961
ARM:0.2348486495890053
__glovexmax30alpha0.3+PLP__
PLP detected communities in 0.04168057441711426 [s]
solution properties:
-------------------  ----------
# communities        104
min community size    20
max community size    98
avg. community size   48.0577
modularity             0.820328
-------------------  ----------
104 community detected
NMI:0.0011957835744381695
ARM:0.002965146340348168
