__LOADINGS__
Network Properties for:		network
nodes, edges			5000, 57250
directed?			False
weighted?			True
isolated nodes			1
self-loops			0
density				0.004581
clustering coefficient		0.315264
min/max/avg degree		0, 230, 22.900000
degree assortativity		0.236355
number of connected components	2
size of largest component	4999 (99.98 %)
453017.4023682407
__Groundtruth__
read communities from: ../../lfr_5000/mk300/k25/muw0.3/26/community.dat
-------------------  ---------
# communities         32
min community size   100
max community size   215
avg. community size  156.25
modularity             0.62618
-------------------  ---------
32 community detected
__CLASSIC_METHODS__
__Louvain__
PLM(balanced,pc,turbo) detected communities in 0.2723972797393799 [s]
solution properties:
-------------------  ----------
# communities         33
min community size     1
max community size   219
avg. community size  151.515
modularity             0.627155
-------------------  ----------
32 community detected
NMI:0.023150302126006994
ARM:0.02850620118252123
__Singleton__
32 community detected
NMI:0.42370093147868493
ARM:1.0
__AllInOne__
32 community detected
NMI:1.0
ARM:1.0
__PLP__
PLP detected communities in 0.059478044509887695 [s]
solution properties:
-------------------  ----------
# communities         33
min community size     1
max community size   219
avg. community size  151.515
modularity             0.627151
-------------------  ----------
32 community detected
NMI:0.0240608298234829
ARM:0.02984806672343221
__NORMALIZATION__
__glove__
Network Properties for:		G#18cc
nodes, edges			4999, 57250
directed?			False
weighted?			True
isolated nodes			0
self-loops			0
density				0.004583
clustering coefficient		0.315327
min/max/avg degree		6, 230, 22.904581
degree assortativity		0.236355
number of connected components	1
size of largest component	4999 (100.00 %)
tot:  7504.885269874634
__glove+Louvain__
PLM(balanced,pc,turbo) detected communities in 0.23421382904052734 [s]
solution properties:
-------------------  ----------
# communities         32
min community size   100
max community size   216
avg. community size  156.219
modularity             0.644812
-------------------  ----------
32 community detected
NMI:0.012839179093905972
ARM:0.015863962984942748
__glove+PLP__
PLP detected communities in 0.08234262466430664 [s]
solution properties:
-------------------  ----------
# communities         32
min community size   100
max community size   219
avg. community size  156.219
modularity             0.644808
-------------------  ----------
32 community detected
NMI:0.014967279698306024
ARM:0.01846822727873887
__fake_pmi__
Network Properties for:		G#34cc
nodes, edges			4999, 57250
directed?			False
weighted?			True
isolated nodes			0
self-loops			0
density				0.004583
clustering coefficient		0.315327
min/max/avg degree		6, 230, 22.904581
degree assortativity		0.236355
number of connected components	1
size of largest component	4999 (100.00 %)
tot:  0.0
__fake_pmi+Louvain__
1 community detected due to total edge weight equal 0
NMI:1
ARM:0.01846822727873887
__fake_pmi+PLP__
1 community detected due to total edge weight equal 0
NMI:1
ARM:0.01846822727873887
__iterative_rev_degree_order__
Network Properties for:		G#47cc
nodes, edges			4999, 57250
directed?			False
weighted?			True
isolated nodes			0
self-loops			0
density				0.004583
clustering coefficient		0.315327
min/max/avg degree		6, 230, 22.904581
degree assortativity		0.236355
number of connected components	1
size of largest component	4999 (100.00 %)
tot:  1366.7117333150118
__iterative_rev_degree_order+Louvain__
PLM(balanced,pc,turbo) detected communities in 0.7936551570892334 [s]
solution properties:
-------------------  ----------
# communities         48
min community size    40
max community size   253
avg. community size  104.146
modularity             0.806906
-------------------  ----------
32 community detected
NMI:0.7421046696672334
ARM:0.9031997872717603
__iterative_rev_degree_order+PLP__
PLP detected communities in 0.08466744422912598 [s]
solution properties:
-------------------  -----------
# communities        1534
min community size      2
max community size     13
avg. community size     3.2588
modularity              0.688365
-------------------  -----------
32 community detected
NMI:0.48527213264666536
ARM:0.9874474634536345
__pmi__
Network Properties for:		G#72cc
nodes, edges			4999, 57250
directed?			False
weighted?			True
isolated nodes			0
self-loops			0
density				0.004583
clustering coefficient		0.315327
min/max/avg degree		6, 230, 22.904581
degree assortativity		0.236355
number of connected components	1
size of largest component	4999 (100.00 %)
tot:  176111.99515152458
__pmi+Louvain__
PLM(balanced,pc,turbo) detected communities in 0.32593464851379395 [s]
solution properties:
-------------------  ----------
# communities         21
min community size   126
max community size   465
avg. community size  238.048
modularity             0.772896
-------------------  ----------
32 community detected
NMI:0.18311961608842986
ARM:0.38532396117247647
__pmi+PLP__
PLP detected communities in 0.11529159545898438 [s]
solution properties:
-------------------  ----------
# communities         41
min community size     2
max community size   333
avg. community size  121.927
modularity             0.774091
-------------------  ----------
32 community detected
NMI:0.11814286431718535
ARM:0.18876042933873782
__standard__
Network Properties for:		G#91cc
nodes, edges			4999, 57250
directed?			False
weighted?			True
isolated nodes			0
self-loops			0
density				0.004583
clustering coefficient		0.315327
min/max/avg degree		6, 230, 22.904581
degree assortativity		0.236355
number of connected components	1
size of largest component	4999 (100.00 %)
tot:  8.856242689270262
__standard+Louvain__
PLM(balanced,pc,turbo) detected communities in 0.5416901111602783 [s]
solution properties:
-------------------  ----------
# communities         32
min community size     4
max community size   228
avg. community size  156.219
modularity             0.759945
-------------------  ----------
32 community detected
NMI:0.40895397950418866
ARM:0.5336166615677413
__standard+PLP__
PLP detected communities in 0.15730547904968262 [s]
solution properties:
-------------------  ---------
# communities        977
min community size     2
max community size   132
avg. community size    5.11668
modularity             0.61216
-------------------  ---------
32 community detected
NMI:0.40678585308577464
ARM:0.7377049180327868
__ppmi__
Network Properties for:		G#113cc
nodes, edges			4999, 57250
directed?			False
weighted?			True
isolated nodes			0
self-loops			0
density				0.004583
clustering coefficient		0.315327
min/max/avg degree		6, 230, 22.904581
degree assortativity		0.236355
number of connected components	1
size of largest component	4999 (100.00 %)
tot:  232158.45915200433
__ppmi+Louvain__
PLM(balanced,pc,turbo) detected communities in 0.1267859935760498 [s]
solution properties:
-------------------  ----------
# communities         32
min community size   101
max community size   215
avg. community size  156.219
modularity             0.685475
-------------------  ----------
32 community detected
NMI:0.0039215058760269095
ARM:0.004919168561538401
__ppmi+PLP__
PLP detected communities in 0.06941533088684082 [s]
solution properties:
-------------------  ---------
# communities         31
min community size   101
max community size   362
avg. community size  161.258
modularity             0.68381
-------------------  ---------
32 community detected
NMI:0.011092735280223698
ARM:0.04387602966015647
__glovexmax50alpha0.2__
Network Properties for:		G#129cc
nodes, edges			4999, 57250
directed?			False
weighted?			True
isolated nodes			0
self-loops			0
density				0.004583
clustering coefficient		0.315327
min/max/avg degree		6, 230, 22.904581
degree assortativity		0.236355
number of connected components	1
size of largest component	4999 (100.00 %)
tot:  32641.375980874385
__glovexmax50alpha0.2+Louvain__
PLM(balanced,pc,turbo) detected communities in 0.1731739044189453 [s]
solution properties:
-------------------  ----------
# communities         32
min community size   100
max community size   214
avg. community size  156.219
modularity             0.674828
-------------------  ----------
32 community detected
NMI:0.0
ARM:0.0
__glovexmax50alpha0.2+PLP__
PLP detected communities in 0.06918191909790039 [s]
solution properties:
-------------------  ----------
# communities         32
min community size   100
max community size   214
avg. community size  156.219
modularity             0.674828
-------------------  ----------
32 community detected
NMI:0.0
ARM:0.0
__glovexmax40alpha0.2__
Network Properties for:		G#145cc
nodes, edges			4999, 57250
directed?			False
weighted?			True
isolated nodes			0
self-loops			0
density				0.004583
clustering coefficient		0.315327
min/max/avg degree		6, 230, 22.904581
degree assortativity		0.236355
number of connected components	1
size of largest component	4999 (100.00 %)
tot:  34100.99993707267
__glovexmax40alpha0.2+Louvain__
PLM(balanced,pc,turbo) detected communities in 0.2570807933807373 [s]
solution properties:
-------------------  ---------
# communities         24
min community size   131
max community size   312
avg. community size  208.292
modularity             0.66916
-------------------  ---------
32 community detected
NMI:0.04491148871475803
ARM:0.15635203821243593
__glovexmax40alpha0.2+PLP__
PLP detected communities in 0.062024831771850586 [s]
solution properties:
-------------------  ----------
# communities         32
min community size   100
max community size   214
avg. community size  156.219
modularity             0.674957
-------------------  ----------
32 community detected
NMI:0.0
ARM:0.0
__glovexmax30alpha0.3__
Network Properties for:		G#164cc
nodes, edges			4999, 57250
directed?			False
weighted?			True
isolated nodes			0
self-loops			0
density				0.004583
clustering coefficient		0.315327
min/max/avg degree		6, 230, 22.904581
degree assortativity		0.236355
number of connected components	1
size of largest component	4999 (100.00 %)
tot:  30698.333172912255
__glovexmax30alpha0.3+Louvain__
PLM(balanced,pc,turbo) detected communities in 0.11209630966186523 [s]
solution properties:
-------------------  ----------
# communities         32
min community size   100
max community size   215
avg. community size  156.219
modularity             0.672457
-------------------  ----------
32 community detected
NMI:0.0003681098493909518
ARM:0.0005371217981501308
__glovexmax30alpha0.3+PLP__
PLP detected communities in 0.07285165786743164 [s]
solution properties:
-------------------  ----------
# communities         32
min community size   100
max community size   215
avg. community size  156.219
modularity             0.672457
-------------------  ----------
32 community detected
NMI:0.0003681098493909518
ARM:0.0005371217981501308
