__LOADINGS__
Network Properties for:		network
nodes, edges			5000, 27655
directed?			False
weighted?			True
isolated nodes			0
self-loops			0
density				0.002213
clustering coefficient		0.205761
min/max/avg degree		1, 286, 11.062000
degree assortativity		0.306133
number of connected components	2
size of largest component	4997 (99.94 %)
238041.44501592824
__Groundtruth__
read communities from: ../../lfr_5000/mk500/k15/muw0.4/20/community.dat
-------------------  ----------
# communities         53
min community size     3
max community size   469
avg. community size   94.3396
modularity             0.409189
-------------------  ----------
53 community detected
__CLASSIC_METHODS__
__Louvain__
PLM(balanced,pc,turbo) detected communities in 0.5828084945678711 [s]
solution properties:
-------------------  ----------
# communities         21
min community size     2
max community size   562
avg. community size  238.095
modularity             0.425945
-------------------  ----------
53 community detected
NMI:0.41333430243966474
ARM:0.4834449385299503
__Singleton__
53 community detected
NMI:0.45522622314942107
ARM:1.0
__AllInOne__
53 community detected
NMI:1.0
ARM:1.0
__PLP__
PLP detected communities in 0.3018670082092285 [s]
solution properties:
-------------------  ------------
# communities          35
min community size      1
max community size   4908
avg. community size   142.857
modularity              0.0017439
-------------------  ------------
53 community detected
NMI:0.945454469375858
ARM:0.9972509380168295
__NORMALIZATION__
__glove__
Network Properties for:		G#24cc
nodes, edges			4997, 27652
directed?			False
weighted?			True
isolated nodes			0
self-loops			0
density				0.002215
clustering coefficient		0.205285
min/max/avg degree		1, 286, 11.067440
degree assortativity		0.306079
number of connected components	1
size of largest component	4997 (100.00 %)
tot:  3433.318209891922
__glove+Louvain__
PLM(balanced,pc,turbo) detected communities in 0.5837826728820801 [s]
solution properties:
-------------------  ----------
# communities         17
min community size     3
max community size   530
avg. community size  293.941
modularity             0.467749
-------------------  ----------
53 community detected
NMI:0.9600328631688044
ARM:0.9926275434974934
__glove+PLP__
PLP detected communities in 0.21664881706237793 [s]
solution properties:
-------------------  -----------
# communities          69
min community size      2
max community size   1515
avg. community size    72.4203
modularity              0.423514
-------------------  -----------
53 community detected
NMI:0.9274802234950297
ARM:0.9930359465207163
__fake_pmi__
Network Properties for:		G#46cc
nodes, edges			4997, 27652
directed?			False
weighted?			True
isolated nodes			0
self-loops			0
density				0.002215
clustering coefficient		0.205285
min/max/avg degree		1, 286, 11.067440
degree assortativity		0.306079
number of connected components	1
size of largest component	4997 (100.00 %)
tot:  0.0
__fake_pmi+Louvain__
1 community detected due to total edge weight equal 0
NMI:1
ARM:0.9930359465207163
__fake_pmi+PLP__
1 community detected due to total edge weight equal 0
NMI:1
ARM:0.9930359465207163
__iterative_rev_degree_order__
Network Properties for:		G#59cc
nodes, edges			4997, 27652
directed?			False
weighted?			True
isolated nodes			0
self-loops			0
density				0.002215
clustering coefficient		0.205285
min/max/avg degree		1, 286, 11.067440
degree assortativity		0.306079
number of connected components	1
size of largest component	4997 (100.00 %)
tot:  1450.4066604757545
__iterative_rev_degree_order+Louvain__
PLM(balanced,pc,turbo) detected communities in 0.7586407661437988 [s]
solution properties:
-------------------  ----------
# communities        102
min community size     2
max community size    94
avg. community size   48.9902
modularity             0.918822
-------------------  ----------
53 community detected
NMI:0.9005459280286777
ARM:0.9996458984892495
__iterative_rev_degree_order+PLP__
PLP detected communities in 0.11384367942810059 [s]
solution properties:
-------------------  -----------
# communities        1500
min community size      2
max community size     16
avg. community size     3.33133
modularity              0.822254
-------------------  -----------
53 community detected
NMI:0.6125776257576674
ARM:0.9995696492204981
__pmi__
Network Properties for:		G#84cc
nodes, edges			4997, 27652
directed?			False
weighted?			True
isolated nodes			0
self-loops			0
density				0.002215
clustering coefficient		0.205285
min/max/avg degree		1, 286, 11.067440
degree assortativity		0.306079
number of connected components	1
size of largest component	4997 (100.00 %)
tot:  41556.75219200997
__pmi+Louvain__
PLM(balanced,pc,turbo) detected communities in 0.7158205509185791 [s]
solution properties:
-------------------  ---------
# communities         30
min community size    36
max community size   377
avg. community size  166.567
modularity             1.42531
-------------------  ---------
53 community detected
NMI:0.9493785508202959
ARM:0.997564738625363
__pmi+PLP__
PLP detected communities in 0.19871878623962402 [s]
solution properties:
-------------------  ----------
# communities        1052
min community size      1
max community size    173
avg. community size     4.75
modularity              1.06715
-------------------  ----------
53 community detected
NMI:0.6808239121348714
ARM:0.9991981069888374
__standard__
Network Properties for:		G#106cc
nodes, edges			4997, 27652
directed?			False
weighted?			True
isolated nodes			0
self-loops			0
density				0.002215
clustering coefficient		0.205285
min/max/avg degree		1, 286, 11.067440
degree assortativity		0.306079
number of connected components	1
size of largest component	4997 (100.00 %)
tot:  50.50587686233725
__standard+Louvain__
PLM(balanced,pc,turbo) detected communities in 0.7469518184661865 [s]
solution properties:
-------------------  ----------
# communities        127
min community size     2
max community size   498
avg. community size   39.3465
modularity             0.947004
-------------------  ----------
53 community detected
NMI:0.8848138338860472
ARM:0.9937360023912356
__standard+PLP__
PLP detected communities in 0.10578727722167969 [s]
solution properties:
-------------------  -----------
# communities        1291
min community size      2
max community size     42
avg. community size     3.87064
modularity              0.861484
-------------------  -----------
53 community detected
NMI:0.6346930098087955
ARM:0.9989632652236127
__ppmi__
Network Properties for:		G#131cc
nodes, edges			4997, 27652
directed?			False
weighted?			True
isolated nodes			0
self-loops			0
density				0.002215
clustering coefficient		0.205285
min/max/avg degree		1, 286, 11.067440
degree assortativity		0.306079
number of connected components	1
size of largest component	4997 (100.00 %)
tot:  102219.44776060703
__ppmi+Louvain__
PLM(balanced,pc,turbo) detected communities in 0.7002222537994385 [s]
solution properties:
-------------------  ----------
# communities         24
min community size    11
max community size   479
avg. community size  208.208
modularity             0.609644
-------------------  ----------
53 community detected
NMI:0.9518518798637083
ARM:0.9943852929668239
__ppmi+PLP__
PLP detected communities in 0.2635328769683838 [s]
solution properties:
-------------------  ----------
# communities        975
min community size     1
max community size   181
avg. community size    5.12513
modularity             0.460355
-------------------  ----------
53 community detected
NMI:0.6951335638655541
ARM:0.9990369748874712
__glovexmax50alpha0.2__
Network Properties for:		G#153cc
nodes, edges			4997, 27652
directed?			False
weighted?			True
isolated nodes			0
self-loops			0
density				0.002215
clustering coefficient		0.205285
min/max/avg degree		1, 286, 11.067440
degree assortativity		0.306079
number of connected components	1
size of largest component	4997 (100.00 %)
tot:  14017.899121320486
__glovexmax50alpha0.2+Louvain__
PLM(balanced,pc,turbo) detected communities in 0.6056263446807861 [s]
solution properties:
-------------------  ----------
# communities         25
min community size     9
max community size   511
avg. community size  199.88
modularity             0.540274
-------------------  ----------
53 community detected
NMI:0.9459710981735273
ARM:0.9901933151627307
__glovexmax50alpha0.2+PLP__
PLP detected communities in 0.14124369621276855 [s]
solution properties:
-------------------  ----------
# communities         80
min community size     2
max community size   673
avg. community size   62.4625
modularity             0.534648
-------------------  ----------
53 community detected
NMI:0.9170415088949893
ARM:0.9901969024625559
__glovexmax40alpha0.2__
Network Properties for:		G#175cc
nodes, edges			4997, 27652
directed?			False
weighted?			True
isolated nodes			0
self-loops			0
density				0.002215
clustering coefficient		0.205285
min/max/avg degree		1, 286, 11.067440
degree assortativity		0.306079
number of connected components	1
size of largest component	4997 (100.00 %)
tot:  14622.5996783363
__glovexmax40alpha0.2+Louvain__
PLM(balanced,pc,turbo) detected communities in 0.5974526405334473 [s]
solution properties:
-------------------  ----------
# communities         27
min community size     9
max community size   515
avg. community size  185.074
modularity             0.541305
-------------------  ----------
53 community detected
NMI:0.9445630707013338
ARM:0.9901198250135854
__glovexmax40alpha0.2+PLP__
PLP detected communities in 0.14289546012878418 [s]
solution properties:
-------------------  ----------
# communities         83
min community size     1
max community size   669
avg. community size   60.2048
modularity             0.535561
-------------------  ----------
53 community detected
NMI:0.9170056334069383
ARM:0.9902346129200367
__glovexmax30alpha0.3__
Network Properties for:		G#197cc
nodes, edges			4997, 27652
directed?			False
weighted?			True
isolated nodes			0
self-loops			0
density				0.002215
clustering coefficient		0.205285
min/max/avg degree		1, 286, 11.067440
degree assortativity		0.306079
number of connected components	1
size of largest component	4997 (100.00 %)
tot:  12924.866124843642
__glovexmax30alpha0.3+Louvain__
PLM(balanced,pc,turbo) detected communities in 0.3724658489227295 [s]
solution properties:
-------------------  ----------
# communities         27
min community size     9
max community size   477
avg. community size  185.074
modularity             0.537287
-------------------  ----------
53 community detected
NMI:0.9443577076601849
ARM:0.9899881446580439
__glovexmax30alpha0.3+PLP__
PLP detected communities in 0.08968091011047363 [s]
solution properties:
-------------------  ----------
# communities         87
min community size     1
max community size   668
avg. community size   57.4368
modularity             0.529348
-------------------  ----------
53 community detected
NMI:0.9158625625379655
ARM:0.9904893910700661
