__LOADINGS__
4970/61222 8.117996798536474 % of nul weighted edges removed
0/5000 0.0 % of nul degree nodes removed
Network Properties for:		network
nodes, edges			5000, 56252
directed?			False
weighted?			True
isolated nodes			0
self-loops			0
density				0.004501
clustering coefficient		0.447707
min/max/avg degree		2, 87, 22.500800
degree assortativity		0.409931
number of connected components	1
size of largest component	5000 (100.00 %)
337213.31007433764
__Groundtruth__
read communities from: ../../lfr_5000/mk100/k25/muw0.2/32/community.dat
-------------------  ----------
# communities        104
min community size    20
max community size    99
avg. community size   48.0769
modularity             0.817437
-------------------  ----------
104 community detected
__CLASSIC_METHODS__
__Louvain__
PLM(balanced,pc,turbo) detected communities in 0.3479487895965576 [s]
solution properties:
-------------------  ----------
# communities         60
min community size    51
max community size   128
avg. community size   83.3333
modularity             0.817469
-------------------  ----------
104 community detected
NMI:0.055198761883625935
ARI:0.20650587257742148
__Singleton__
104 community detected
NMI:0.30478149554017087
ARI:1.0
__AllInOne__
104 community detected
NMI:1.0
ARI:1.0
__PLP__
PLP detected communities in 0.11119580268859863 [s]
solution properties:
-------------------  ----------
# communities        104
min community size    20
max community size   101
avg. community size   48.0769
modularity             0.817479
-------------------  ----------
104 community detected
NMI:0.0004849823870245462
ARI:0.0012679256946371842
__NORMALIZATION__
__glove__
Network Properties for:		G#21
nodes, edges			5000, 56252
directed?			False
weighted?			True
isolated nodes			0
self-loops			0
density				0.004501
clustering coefficient		0.447707
min/max/avg degree		2, 87, 22.500800
degree assortativity		0.409931
number of connected components	1
size of largest component	5000 (100.00 %)
tot:  6589.782112459165
__glove+Louvain__
PLM(balanced,pc,turbo) detected communities in 0.4273335933685303 [s]
solution properties:
-------------------  ----------
# communities         75
min community size    32
max community size   101
avg. community size   66.6667
modularity             0.819668
-------------------  ----------
104 community detected
NMI:0.028909748422773274
ARI:0.09666900197439654
__glove+PLP__
PLP detected communities in 0.07751607894897461 [s]
solution properties:
-------------------  ----------
# communities        104
min community size    20
max community size   101
avg. community size   48.0769
modularity             0.819364
-------------------  ----------
104 community detected
NMI:0.00048498238702465724
ARI:0.0012679256946371842
__fake_pmi__
Network Properties for:		G#30
nodes, edges			5000, 56252
directed?			False
weighted?			True
isolated nodes			0
self-loops			0
density				0.004501
clustering coefficient		0.447707
min/max/avg degree		2, 87, 22.500800
degree assortativity		0.409931
number of connected components	1
size of largest component	5000 (100.00 %)
tot:  0.0
__fake_pmi+Louvain__
1 community detected due to total edge weight equal 0
NMI:1
ARI:1
__fake_pmi+PLP__
1 community detected due to total edge weight equal 0
NMI:1
ARI:1
__iterative_rev_degree_order__
Network Properties for:		G#33
nodes, edges			5000, 56252
directed?			False
weighted?			True
isolated nodes			0
self-loops			0
density				0.004501
clustering coefficient		0.447707
min/max/avg degree		2, 87, 22.500800
degree assortativity		0.409931
number of connected components	1
size of largest component	5000 (100.00 %)
tot:  1155.7024762138512
__iterative_rev_degree_order+Louvain__
PLM(balanced,pc,turbo) detected communities in 0.8446502685546875 [s]
solution properties:
-------------------  ----------
# communities         58
min community size     5
max community size   178
avg. community size   86.2069
modularity             0.789458
-------------------  ----------
104 community detected
NMI:0.375938097276009
ARI:0.7002810718343351
__iterative_rev_degree_order+PLP__
PLP detected communities in 0.09900212287902832 [s]
solution properties:
-------------------  -----------
# communities        1079
min community size      2
max community size     33
avg. community size     4.63392
modularity              0.620103
-------------------  -----------
104 community detected
NMI:0.29815342089171926
ARI:0.8971347754163983
__pmi__
Network Properties for:		G#48
nodes, edges			5000, 56252
directed?			False
weighted?			True
isolated nodes			0
self-loops			0
density				0.004501
clustering coefficient		0.447707
min/max/avg degree		2, 87, 22.500800
degree assortativity		0.409931
number of connected components	1
size of largest component	5000 (100.00 %)
tot:  335514.76424942346
__pmi+Louvain__
PLM(balanced,pc,turbo) detected communities in 0.37062788009643555 [s]
solution properties:
-------------------  ----------
# communities         71
min community size    41
max community size   112
avg. community size   70.4225
modularity             0.820768
-------------------  ----------
104 community detected
NMI:0.0340124735536671
ARI:0.11595232752387363
__pmi+PLP__
PLP detected communities in 0.08930134773254395 [s]
solution properties:
-------------------  ----------
# communities        104
min community size    20
max community size   100
avg. community size   48.0769
modularity             0.821322
-------------------  ----------
104 community detected
NMI:0.0002442217426905646
ARI:0.0006568525172906403
__standard__
Network Properties for:		G#57
nodes, edges			5000, 56252
directed?			False
weighted?			True
isolated nodes			0
self-loops			0
density				0.004501
clustering coefficient		0.447707
min/max/avg degree		2, 87, 22.500800
degree assortativity		0.409931
number of connected components	1
size of largest component	5000 (100.00 %)
tot:  18.340756248022466
__standard+Louvain__
PLM(balanced,pc,turbo) detected communities in 0.5211870670318604 [s]
solution properties:
-------------------  ----------
# communities         77
min community size    21
max community size   179
avg. community size   64.9351
modularity             0.825418
-------------------  ----------
104 community detected
NMI:0.08412308839709903
ARI:0.29205102663086824
__standard+PLP__
PLP detected communities in 0.10115694999694824 [s]
solution properties:
-------------------  ----------
# communities        157
min community size     2
max community size   127
avg. community size   31.8471
modularity             0.817202
-------------------  ----------
104 community detected
NMI:0.04768356781800853
ARI:0.11329244824919515
__ppmi__
Network Properties for:		G#69
nodes, edges			5000, 56252
directed?			False
weighted?			True
isolated nodes			0
self-loops			0
density				0.004501
clustering coefficient		0.447707
min/max/avg degree		2, 87, 22.500800
degree assortativity		0.409931
number of connected components	1
size of largest component	5000 (100.00 %)
tot:  336462.75511678885
__ppmi+Louvain__
PLM(balanced,pc,turbo) detected communities in 0.22836518287658691 [s]
solution properties:
-------------------  --------
# communities         69
min community size    42
max community size   102
avg. community size   72.4638
modularity             0.8195
-------------------  --------
104 community detected
NMI:0.03731288485874806
ARI:0.12949130062355507
__ppmi+PLP__
PLP detected communities in 0.07862162590026855 [s]
solution properties:
-------------------  ----------
# communities        103
min community size    20
max community size   109
avg. community size   48.5437
modularity             0.820124
-------------------  ----------
104 community detected
NMI:0.0016378870322433237
ARI:0.008736500590680873
__glovexmax50alpha0.2__
Network Properties for:		G#78
nodes, edges			5000, 56252
directed?			False
weighted?			True
isolated nodes			0
self-loops			0
density				0.004501
clustering coefficient		0.447707
min/max/avg degree		2, 87, 22.500800
degree assortativity		0.409931
number of connected components	1
size of largest component	5000 (100.00 %)
tot:  35506.4123400506
__glovexmax50alpha0.2+Louvain__
PLM(balanced,pc,turbo) detected communities in 0.39254117012023926 [s]
solution properties:
-------------------  ----------
# communities         62
min community size    52
max community size   120
avg. community size   80.6452
modularity             0.816776
-------------------  ----------
104 community detected
NMI:0.05008740914552756
ARI:0.18134442158505282
__glovexmax50alpha0.2+PLP__
PLP detected communities in 0.08823132514953613 [s]
solution properties:
-------------------  ---------
# communities        104
min community size    20
max community size   101
avg. community size   48.0769
modularity             0.81742
-------------------  ---------
104 community detected
NMI:0.00048498238702465724
ARI:0.0012679256946371842
__glovexmax40alpha0.2__
Network Properties for:		G#87
nodes, edges			5000, 56252
directed?			False
weighted?			True
isolated nodes			0
self-loops			0
density				0.004501
clustering coefficient		0.447707
min/max/avg degree		2, 87, 22.500800
degree assortativity		0.409931
number of connected components	1
size of largest component	5000 (100.00 %)
tot:  37126.90911337224
__glovexmax40alpha0.2+Louvain__
PLM(balanced,pc,turbo) detected communities in 0.2943148612976074 [s]
solution properties:
-------------------  ----------
# communities         85
min community size    20
max community size   101
avg. community size   58.8235
modularity             0.817668
-------------------  ----------
104 community detected
NMI:0.016956391340747445
ARI:0.0525213097799796
__glovexmax40alpha0.2+PLP__
PLP detected communities in 0.08393383026123047 [s]
solution properties:
-------------------  ---------
# communities        104
min community size    20
max community size   101
avg. community size   48.0769
modularity             0.81742
-------------------  ---------
104 community detected
NMI:0.00048498238702465724
ARI:0.0012679256946371842
__glovexmax30alpha0.3__
Network Properties for:		G#96
nodes, edges			5000, 56252
directed?			False
weighted?			True
isolated nodes			0
self-loops			0
density				0.004501
clustering coefficient		0.447707
min/max/avg degree		2, 87, 22.500800
degree assortativity		0.409931
number of connected components	1
size of largest component	5000 (100.00 %)
tot:  33191.21641282592
__glovexmax30alpha0.3+Louvain__
PLM(balanced,pc,turbo) detected communities in 0.36636853218078613 [s]
solution properties:
-------------------  ----------
# communities         69
min community size    43
max community size   102
avg. community size   72.4638
modularity             0.818937
-------------------  ----------
104 community detected
NMI:0.03752129103986157
ARI:0.12956728997223388
__glovexmax30alpha0.3+PLP__
PLP detected communities in 0.06343698501586914 [s]
solution properties:
-------------------  ---------
# communities        104
min community size    20
max community size   101
avg. community size   48.0769
modularity             0.81898
-------------------  ---------
104 community detected
NMI:0.00048498238702476826
ARI:0.0012679256946371842
NMI classement:
[('NMIpmi+PLP', 0.0002442217426905646), ('NMIPLP', 0.0004849823870245462), ('NMIglove+PLP', 0.00048498238702465724), ('NMIglovexmax50alpha0.2+PLP', 0.00048498238702465724), ('NMIglovexmax40alpha0.2+PLP', 0.00048498238702465724), ('NMIglovexmax30alpha0.3+PLP', 0.00048498238702476826), ('NMIppmi+PLP', 0.0016378870322433237), ('NMIglovexmax40alpha0.2+Louvain', 0.016956391340747445), ('NMIglove+Louvain', 0.028909748422773274), ('NMIpmi+Louvain', 0.0340124735536671), ('NMIppmi+Louvain', 0.03731288485874806), ('NMIglovexmax30alpha0.3+Louvain', 0.03752129103986157), ('NMIstandard+PLP', 0.04768356781800853), ('NMIglovexmax50alpha0.2+Louvain', 0.05008740914552756), ('NMILouvain', 0.055198761883625935), ('NMIstandard+Louvain', 0.08412308839709903), ('NMIiterative_rev_degree_order+PLP', 0.29815342089171926), ('NMISingleton', 0.30478149554017087), ('NMIiterative_rev_degree_order+Louvain', 0.375938097276009), ('NMIAllInOne', 1.0), ('NMIfake_pmi+Louvain', 1), ('NMIfake_pmi+PLP', 1)]
ARI classement:
[('ARIpmi+PLP', 0.0006568525172906403), ('ARIPLP', 0.0012679256946371842), ('ARIglove+PLP', 0.0012679256946371842), ('ARIglovexmax50alpha0.2+PLP', 0.0012679256946371842), ('ARIglovexmax40alpha0.2+PLP', 0.0012679256946371842), ('ARIglovexmax30alpha0.3+PLP', 0.0012679256946371842), ('ARIppmi+PLP', 0.008736500590680873), ('ARIglovexmax40alpha0.2+Louvain', 0.0525213097799796), ('ARIglove+Louvain', 0.09666900197439654), ('ARIstandard+PLP', 0.11329244824919515), ('ARIpmi+Louvain', 0.11595232752387363), ('ARIppmi+Louvain', 0.12949130062355507), ('ARIglovexmax30alpha0.3+Louvain', 0.12956728997223388), ('ARIglovexmax50alpha0.2+Louvain', 0.18134442158505282), ('ARILouvain', 0.20650587257742148), ('ARIstandard+Louvain', 0.29205102663086824), ('ARIiterative_rev_degree_order+Louvain', 0.7002810718343351), ('ARIiterative_rev_degree_order+PLP', 0.8971347754163983), ('ARISingleton', 1.0), ('ARIAllInOne', 1.0), ('ARIfake_pmi+Louvain', 1), ('ARIfake_pmi+PLP', 1)]
