__LOADINGS__
Network Properties for:		network
nodes, edges			5000, 47510
directed?			False
weighted?			True
isolated nodes			0
self-loops			0
density				0.003802
clustering coefficient		0.242096
min/max/avg degree		1, 343, 19.004000
degree assortativity		0.286771
number of connected components	1
size of largest component	5000 (100.00 %)
430577.5410640363
__Groundtruth__
read communities from: ../../lfr_5000/mk500/k20/muw0.4/19/community.dat
-------------------  ----------
# communities         46
min community size     5
max community size   472
avg. community size  108.696
modularity             0.438322
-------------------  ----------
46 community detected
__CLASSIC_METHODS__
__Louvain__
PLM(balanced,pc,turbo) detected communities in 0.29722118377685547 [s]
solution properties:
-------------------  ----------
# communities         16
min community size   172
max community size   492
avg. community size  312.5
modularity             0.445536
-------------------  ----------
46 community detected
NMI:0.2221778625771429
ARM:0.28280494852039895
__Singleton__
46 community detected
NMI:0.4615053837445433
ARM:1.0
__AllInOne__
46 community detected
NMI:1.0
ARM:1.0
__PLP__
PLP detected communities in 0.11253690719604492 [s]
solution properties:
-------------------  --------
# communities         39
min community size     2
max community size   532
avg. community size  128.205
modularity             0.4439
-------------------  --------
46 community detected
NMI:0.1694119502353787
ARM:0.21999231189311919
__NORMALIZATION__
__glove__
Network Properties for:		G#21cc
nodes, edges			5000, 47510
directed?			False
weighted?			True
isolated nodes			0
self-loops			0
density				0.003802
clustering coefficient		0.242096
min/max/avg degree		1, 343, 19.004000
degree assortativity		0.286771
number of connected components	1
size of largest component	5000 (100.00 %)
tot:  6498.1735316812465
__glove+Louvain__
PLM(balanced,pc,turbo) detected communities in 0.37507009506225586 [s]
solution properties:
-------------------  ----------
# communities         21
min community size    52
max community size   484
avg. community size  238.095
modularity             0.476475
-------------------  ----------
46 community detected
NMI:0.16030888712404112
ARM:0.19939853374262384
__glove+PLP__
PLP detected communities in 0.12368655204772949 [s]
solution properties:
-------------------  ----------
# communities         43
min community size     2
max community size   516
avg. community size  116.279
modularity             0.473615
-------------------  ----------
46 community detected
NMI:0.13660655912500563
ARM:0.1833180499951541
__fake_pmi__
Network Properties for:		G#43cc
nodes, edges			5000, 47510
directed?			False
weighted?			True
isolated nodes			0
self-loops			0
density				0.003802
clustering coefficient		0.242096
min/max/avg degree		1, 343, 19.004000
degree assortativity		0.286771
number of connected components	1
size of largest component	5000 (100.00 %)
tot:  0.0
__fake_pmi+Louvain__
1 community detected due to total edge weight equal 0
NMI:1
ARM:0.1833180499951541
__fake_pmi+PLP__
1 community detected due to total edge weight equal 0
NMI:1
ARM:0.1833180499951541
__iterative_rev_degree_order__
Network Properties for:		G#56cc
nodes, edges			5000, 47510
directed?			False
weighted?			True
isolated nodes			0
self-loops			0
density				0.003802
clustering coefficient		0.242096
min/max/avg degree		1, 343, 19.004000
degree assortativity		0.286771
number of connected components	1
size of largest component	5000 (100.00 %)
tot:  1281.512367395057
__iterative_rev_degree_order+Louvain__
PLM(balanced,pc,turbo) detected communities in 0.4559180736541748 [s]
solution properties:
-------------------  ----------
# communities        108
min community size     9
max community size   131
avg. community size   46.2963
modularity             0.867942
-------------------  ----------
46 community detected
NMI:0.7650612969209378
ARM:0.977441051448202
__iterative_rev_degree_order+PLP__
PLP detected communities in 0.06853294372558594 [s]
solution properties:
-------------------  -----------
# communities        1601
min community size      2
max community size     11
avg. community size     3.12305
modularity              0.752824
-------------------  -----------
46 community detected
NMI:0.5282063787027572
ARM:0.9936028716748436
__pmi__
Network Properties for:		G#81cc
nodes, edges			5000, 47510
directed?			False
weighted?			True
isolated nodes			0
self-loops			0
density				0.003802
clustering coefficient		0.242096
min/max/avg degree		1, 343, 19.004000
degree assortativity		0.286771
number of connected components	1
size of largest component	5000 (100.00 %)
tot:  56074.20777610619
__pmi+Louvain__
PLM(balanced,pc,turbo) detected communities in 0.33553338050842285 [s]
solution properties:
-------------------  ----------
# communities          29
min community size      1
max community size   1016
avg. community size   172.414
modularity              1.35663
-------------------  ----------
46 community detected
NMI:0.5818778292478133
ARM:0.8124644216781173
__pmi+PLP__
PLP detected communities in 21.425262689590454 [s]
solution properties:
-------------------  ----------
# communities         366
min community size      1
max community size   1554
avg. community size    13.6612
modularity              1.19359
-------------------  ----------
46 community detected
NMI:0.5216338796879063
ARM:0.8586057756772123
__standard__
Network Properties for:		G#103cc
nodes, edges			5000, 47510
directed?			False
weighted?			True
isolated nodes			0
self-loops			0
density				0.003802
clustering coefficient		0.242096
min/max/avg degree		1, 343, 19.004000
degree assortativity		0.286771
number of connected components	1
size of largest component	5000 (100.00 %)
tot:  16.77310943032269
__standard+Louvain__
PLM(balanced,pc,turbo) detected communities in 0.5037477016448975 [s]
solution properties:
-------------------  ----------
# communities         98
min community size     2
max community size   235
avg. community size   51.0204
modularity             0.872236
-------------------  ----------
46 community detected
NMI:0.7140933281497011
ARM:0.9321354811619814
__standard+PLP__
PLP detected communities in 0.08832311630249023 [s]
solution properties:
-------------------  -----------
# communities        1266
min community size      2
max community size     35
avg. community size     3.94945
modularity              0.752513
-------------------  -----------
46 community detected
NMI:0.5556963123948924
ARM:0.9898817301571348
__ppmi__
Network Properties for:		G#125cc
nodes, edges			5000, 47510
directed?			False
weighted?			True
isolated nodes			0
self-loops			0
density				0.003802
clustering coefficient		0.242096
min/max/avg degree		1, 343, 19.004000
degree assortativity		0.286771
number of connected components	1
size of largest component	5000 (100.00 %)
tot:  157513.6551980143
__ppmi+Louvain__
PLM(balanced,pc,turbo) detected communities in 0.6468958854675293 [s]
solution properties:
-------------------  ----------
# communities         29
min community size    10
max community size   452
avg. community size  172.414
modularity             0.578721
-------------------  ----------
46 community detected
NMI:0.27172934741848986
ARM:0.3558576424128168
__ppmi+PLP__
PLP detected communities in 0.08169722557067871 [s]
solution properties:
-------------------  -----------
# communities         109
min community size      1
max community size   2602
avg. community size    45.8716
modularity              0.461521
-------------------  -----------
46 community detected
NMI:0.3603550003191902
ARM:0.815113984064161
__glovexmax50alpha0.2__
Network Properties for:		G#147cc
nodes, edges			5000, 47510
directed?			False
weighted?			True
isolated nodes			0
self-loops			0
density				0.003802
clustering coefficient		0.242096
min/max/avg degree		1, 343, 19.004000
degree assortativity		0.286771
number of connected components	1
size of largest component	5000 (100.00 %)
tot:  25050.279987292663
__glovexmax50alpha0.2+Louvain__
PLM(balanced,pc,turbo) detected communities in 0.23246479034423828 [s]
solution properties:
-------------------  ----------
# communities         24
min community size    41
max community size   471
avg. community size  208.333
modularity             0.531753
-------------------  ----------
46 community detected
NMI:0.0645351355117092
ARM:0.06677917713707937
__glovexmax50alpha0.2+PLP__
PLP detected communities in 0.06790566444396973 [s]
solution properties:
-------------------  ----------
# communities         47
min community size     1
max community size   479
avg. community size  106.383
modularity             0.529718
-------------------  ----------
46 community detected
NMI:0.03533599140986954
ARM:0.04494008666580773
__glovexmax40alpha0.2__
Network Properties for:		G#166cc
nodes, edges			5000, 47510
directed?			False
weighted?			True
isolated nodes			0
self-loops			0
density				0.003802
clustering coefficient		0.242096
min/max/avg degree		1, 343, 19.004000
degree assortativity		0.286771
number of connected components	1
size of largest component	5000 (100.00 %)
tot:  26134.120139684062
__glovexmax40alpha0.2+Louvain__
PLM(balanced,pc,turbo) detected communities in 0.18786931037902832 [s]
solution properties:
-------------------  ----------
# communities         13
min community size   291
max community size   473
avg. community size  384.615
modularity             0.524473
-------------------  ----------
46 community detected
NMI:0.14293662229858817
ARM:0.22122797025024454
__glovexmax40alpha0.2+PLP__
PLP detected communities in 0.06831002235412598 [s]
solution properties:
-------------------  ----------
# communities         44
min community size     5
max community size   480
avg. community size  113.636
modularity             0.531747
-------------------  ----------
46 community detected
NMI:0.03579357749375234
ARM:0.04586610379755984
__glovexmax30alpha0.3__
Network Properties for:		G#185cc
nodes, edges			5000, 47510
directed?			False
weighted?			True
isolated nodes			0
self-loops			0
density				0.003802
clustering coefficient		0.242096
min/max/avg degree		1, 343, 19.004000
degree assortativity		0.286771
number of connected components	1
size of largest component	5000 (100.00 %)
tot:  23550.73387008627
__glovexmax30alpha0.3+Louvain__
PLM(balanced,pc,turbo) detected communities in 0.26143503189086914 [s]
solution properties:
-------------------  ----------
# communities         18
min community size   153
max community size   476
avg. community size  277.778
modularity             0.526891
-------------------  ----------
46 community detected
NMI:0.1079260764928659
ARM:0.12857190855170653
__glovexmax30alpha0.3+PLP__
PLP detected communities in 0.03557610511779785 [s]
solution properties:
-------------------  ----------
# communities         45
min community size     4
max community size   488
avg. community size  111.111
modularity             0.526952
-------------------  ----------
46 community detected
NMI:0.05720717994240154
ARM:0.07473859548017325
