__LOADINGS__
4980/47037 10.587409911346386 % of nul weighted edges removed
1/5000 0.02 % of nul degree nodes removed
Network Properties for:		network
nodes, edges			4999, 42057
directed?			False
weighted?			True
isolated nodes			1
self-loops			0
density				0.003367
clustering coefficient		0.188297
min/max/avg degree		0, 80, 16.826165
degree assortativity		0.389876
number of connected components	1
size of largest component	4999 (100.00 %)
238181.79002959278
__Groundtruth__
read communities from: ../../lfr_5000/mk100/k20/muw0.4/20/community.dat
-------------------  ----------
# communities        104
min community size    20
max community size    99
avg. community size   48.0769
modularity             0.595166
-------------------  ----------
104 community detected
__CLASSIC_METHODS__
__Louvain__
PLM(balanced,pc,turbo) detected communities in 0.5584652423858643 [s]
solution properties:
-------------------  ----------
# communities         53
min community size    51
max community size   166
avg. community size   94.3208
modularity             0.597882
-------------------  ----------
104 community detected
NMI:0.08323468035944981
ARI:0.29480450249113244
__Singleton__
104 community detected
NMI:0.3047653125958618
ARI:1.0
__AllInOne__
104 community detected
NMI:1.0
ARI:1.0
__PLP__
PLP detected communities in 0.12073183059692383 [s]
solution properties:
-------------------  ----------
# communities        106
min community size     1
max community size    99
avg. community size   47.1698
modularity             0.593138
-------------------  ----------
104 community detected
NMI:0.013073117384095112
ARI:0.029653797992980735
__NORMALIZATION__
__glove__
Network Properties for:		G#21
nodes, edges			4999, 42057
directed?			False
weighted?			True
isolated nodes			1
self-loops			0
density				0.003367
clustering coefficient		0.188297
min/max/avg degree		0, 80, 16.826165
degree assortativity		0.389876
number of connected components	1
size of largest component	4999 (100.00 %)
tot:  4667.094802963346
__glove+Louvain__
PLM(balanced,pc,turbo) detected communities in 0.5489158630371094 [s]
solution properties:
-------------------  ----------
# communities         51
min community size    42
max community size   173
avg. community size   98.0196
modularity             0.602114
-------------------  ----------
104 community detected
NMI:0.08211219532976988
ARI:0.3035513289344012
__glove+PLP__
PLP detected communities in 0.13709473609924316 [s]
solution properties:
-------------------  ----------
# communities        106
min community size     1
max community size    99
avg. community size   47.1698
modularity             0.599605
-------------------  ----------
104 community detected
NMI:0.005575818619698358
ARI:0.012197310048092658
__fake_pmi__
Network Properties for:		G#30
nodes, edges			4999, 42057
directed?			False
weighted?			True
isolated nodes			1
self-loops			0
density				0.003367
clustering coefficient		0.188297
min/max/avg degree		0, 80, 16.826165
degree assortativity		0.389876
number of connected components	1
size of largest component	4999 (100.00 %)
tot:  0.0
__fake_pmi+Louvain__
1 community detected due to total edge weight equal 0
NMI:1
ARI:1
__fake_pmi+PLP__
1 community detected due to total edge weight equal 0
NMI:1
ARI:1
__iterative_rev_degree_order__
Network Properties for:		G#33
nodes, edges			4999, 42057
directed?			False
weighted?			True
isolated nodes			1
self-loops			0
density				0.003367
clustering coefficient		0.188297
min/max/avg degree		0, 80, 16.826165
degree assortativity		0.389876
number of connected components	1
size of largest component	4999 (100.00 %)
tot:  1326.2941047543793
__iterative_rev_degree_order+Louvain__
PLM(balanced,pc,turbo) detected communities in 1.0048878192901611 [s]
solution properties:
-------------------  ----------
# communities         59
min community size    41
max community size   131
avg. community size   84.7288
modularity             0.750089
-------------------  ----------
104 community detected
NMI:0.6414905036808711
ARI:0.930772013842283
__iterative_rev_degree_order+PLP__
PLP detected communities in 0.10581493377685547 [s]
solution properties:
-------------------  -----------
# communities        1285
min community size      1
max community size     14
avg. community size     3.89105
modularity              0.632807
-------------------  -----------
104 community detected
NMI:0.3560334159480353
ARI:0.9598269347481352
__pmi__
Network Properties for:		G#48
nodes, edges			4999, 42057
directed?			False
weighted?			True
isolated nodes			1
self-loops			0
density				0.003367
clustering coefficient		0.188297
min/max/avg degree		0, 80, 16.826165
degree assortativity		0.389876
number of connected components	1
size of largest component	4999 (100.00 %)
tot:  251107.28687433005
__pmi+Louvain__
PLM(balanced,pc,turbo) detected communities in 0.7074286937713623 [s]
solution properties:
-------------------  ----------
# communities         60
min community size    37
max community size   169
avg. community size   83.3167
modularity             0.613805
-------------------  ----------
104 community detected
NMI:0.05739989746759455
ARI:0.2195499958486702
__pmi+PLP__
PLP detected communities in 0.10325288772583008 [s]
solution properties:
-------------------  ----------
# communities        103
min community size     1
max community size   122
avg. community size   48.5437
modularity             0.612675
-------------------  ----------
104 community detected
NMI:0.0038225643268781084
ARI:0.01762805530451761
__standard__
Network Properties for:		G#60
nodes, edges			4999, 42057
directed?			False
weighted?			True
isolated nodes			1
self-loops			0
density				0.003367
clustering coefficient		0.188297
min/max/avg degree		0, 80, 16.826165
degree assortativity		0.389876
number of connected components	1
size of largest component	4999 (100.00 %)
tot:  23.720400866667287
__standard+Louvain__
PLM(balanced,pc,turbo) detected communities in 0.7539703845977783 [s]
solution properties:
-------------------  ----------
# communities         45
min community size    35
max community size   212
avg. community size  111.089
modularity             0.615205
-------------------  ----------
104 community detected
NMI:0.4060795229190979
ARI:0.7288525360119457
__standard+PLP__
PLP detected communities in 0.14062738418579102 [s]
solution properties:
-------------------  ---------
# communities        703
min community size     1
max community size    66
avg. community size    7.11238
modularity             0.50663
-------------------  ---------
104 community detected
NMI:0.2962294122077511
ARI:0.6827202667805364
__ppmi__
Network Properties for:		G#72
nodes, edges			4999, 42057
directed?			False
weighted?			True
isolated nodes			1
self-loops			0
density				0.003367
clustering coefficient		0.188297
min/max/avg degree		0, 80, 16.826165
degree assortativity		0.389876
number of connected components	1
size of largest component	4999 (100.00 %)
tot:  254611.08864003725
__ppmi+Louvain__
PLM(balanced,pc,turbo) detected communities in 0.5646536350250244 [s]
solution properties:
-------------------  ----------
# communities         52
min community size    57
max community size   169
avg. community size   96.1346
modularity             0.608961
-------------------  ----------
104 community detected
NMI:0.0737846564333674
ARI:0.2772091541552343
__ppmi+PLP__
PLP detected communities in 0.12976956367492676 [s]
solution properties:
-------------------  ----------
# communities        104
min community size     1
max community size   122
avg. community size   48.0769
modularity             0.608306
-------------------  ----------
104 community detected
NMI:0.0025389031003958396
ARI:0.01104822182877696
__glovexmax50alpha0.2__
Network Properties for:		G#81
nodes, edges			4999, 42057
directed?			False
weighted?			True
isolated nodes			1
self-loops			0
density				0.003367
clustering coefficient		0.188297
min/max/avg degree		0, 80, 16.826165
degree assortativity		0.389876
number of connected components	1
size of largest component	4999 (100.00 %)
tot:  25737.66386976494
__glovexmax50alpha0.2+Louvain__
PLM(balanced,pc,turbo) detected communities in 0.6370186805725098 [s]
solution properties:
-------------------  ----------
# communities         53
min community size    51
max community size   148
avg. community size   94.3208
modularity             0.604958
-------------------  ----------
104 community detected
NMI:0.07126007378556187
ARI:0.26669915588832394
__glovexmax50alpha0.2+PLP__
PLP detected communities in 0.10184407234191895 [s]
solution properties:
-------------------  ----------
# communities        105
min community size     1
max community size    99
avg. community size   47.619
modularity             0.604103
-------------------  ----------
104 community detected
NMI:0.0011748301797984695
ARI:0.0026715410573677767
__glovexmax40alpha0.2__
Network Properties for:		G#90
nodes, edges			4999, 42057
directed?			False
weighted?			True
isolated nodes			1
self-loops			0
density				0.003367
clustering coefficient		0.188297
min/max/avg degree		0, 80, 16.826165
degree assortativity		0.389876
number of connected components	1
size of largest component	4999 (100.00 %)
tot:  26912.319333525043
__glovexmax40alpha0.2+Louvain__
PLM(balanced,pc,turbo) detected communities in 0.4887402057647705 [s]
solution properties:
-------------------  ---------
# communities         48
min community size    59
max community size   180
avg. community size  104.146
modularity             0.60446
-------------------  ---------
104 community detected
NMI:0.08426751288983436
ARI:0.31624760104823235
__glovexmax40alpha0.2+PLP__
PLP detected communities in 0.11114978790283203 [s]
solution properties:
-------------------  ----------
# communities        105
min community size     1
max community size    99
avg. community size   47.619
modularity             0.604103
-------------------  ----------
104 community detected
NMI:0.0011748301797981364
ARI:0.0026715410573677767
__glovexmax30alpha0.3__
Network Properties for:		G#99
nodes, edges			4999, 42057
directed?			False
weighted?			True
isolated nodes			1
self-loops			0
density				0.003367
clustering coefficient		0.188297
min/max/avg degree		0, 80, 16.826165
degree assortativity		0.389876
number of connected components	1
size of largest component	4999 (100.00 %)
tot:  23877.962520684192
__glovexmax30alpha0.3+Louvain__
PLM(balanced,pc,turbo) detected communities in 0.4753398895263672 [s]
solution properties:
-------------------  ----------
# communities         57
min community size    49
max community size   148
avg. community size   87.7018
modularity             0.606361
-------------------  ----------
104 community detected
NMI:0.06207244469332163
ARI:0.23109289557842805
__glovexmax30alpha0.3+PLP__
PLP detected communities in 0.057477474212646484 [s]
solution properties:
-------------------  ----------
# communities        105
min community size     1
max community size    99
avg. community size   47.619
modularity             0.605067
-------------------  ----------
104 community detected
NMI:0.0011748301797984695
ARI:0.0026715410573677767
NMI classement:
[('NMIglovexmax40alpha0.2+PLP', 0.0011748301797981364), ('NMIglovexmax50alpha0.2+PLP', 0.0011748301797984695), ('NMIglovexmax30alpha0.3+PLP', 0.0011748301797984695), ('NMIppmi+PLP', 0.0025389031003958396), ('NMIpmi+PLP', 0.0038225643268781084), ('NMIglove+PLP', 0.005575818619698358), ('NMIPLP', 0.013073117384095112), ('NMIpmi+Louvain', 0.05739989746759455), ('NMIglovexmax30alpha0.3+Louvain', 0.06207244469332163), ('NMIglovexmax50alpha0.2+Louvain', 0.07126007378556187), ('NMIppmi+Louvain', 0.0737846564333674), ('NMIglove+Louvain', 0.08211219532976988), ('NMILouvain', 0.08323468035944981), ('NMIglovexmax40alpha0.2+Louvain', 0.08426751288983436), ('NMIstandard+PLP', 0.2962294122077511), ('NMISingleton', 0.3047653125958618), ('NMIiterative_rev_degree_order+PLP', 0.3560334159480353), ('NMIstandard+Louvain', 0.4060795229190979), ('NMIiterative_rev_degree_order+Louvain', 0.6414905036808711), ('NMIAllInOne', 1.0), ('NMIfake_pmi+Louvain', 1), ('NMIfake_pmi+PLP', 1)]
ARI classement:
[('ARIglovexmax50alpha0.2+PLP', 0.0026715410573677767), ('ARIglovexmax40alpha0.2+PLP', 0.0026715410573677767), ('ARIglovexmax30alpha0.3+PLP', 0.0026715410573677767), ('ARIppmi+PLP', 0.01104822182877696), ('ARIglove+PLP', 0.012197310048092658), ('ARIpmi+PLP', 0.01762805530451761), ('ARIPLP', 0.029653797992980735), ('ARIpmi+Louvain', 0.2195499958486702), ('ARIglovexmax30alpha0.3+Louvain', 0.23109289557842805), ('ARIglovexmax50alpha0.2+Louvain', 0.26669915588832394), ('ARIppmi+Louvain', 0.2772091541552343), ('ARILouvain', 0.29480450249113244), ('ARIglove+Louvain', 0.3035513289344012), ('ARIglovexmax40alpha0.2+Louvain', 0.31624760104823235), ('ARIstandard+PLP', 0.6827202667805364), ('ARIstandard+Louvain', 0.7288525360119457), ('ARIiterative_rev_degree_order+Louvain', 0.930772013842283), ('ARIiterative_rev_degree_order+PLP', 0.9598269347481352), ('ARISingleton', 1.0), ('ARIAllInOne', 1.0), ('ARIfake_pmi+Louvain', 1), ('ARIfake_pmi+PLP', 1)]
