__LOADINGS__
Network Properties for:		network
nodes, edges			5000, 27633
directed?			False
weighted?			True
isolated nodes			1
self-loops			0
density				0.002211
clustering coefficient		0.414399
min/max/avg degree		0, 357, 11.053200
degree assortativity		0.162374
number of connected components	9
size of largest component	4974 (99.48 %)
236216.53044496043
__Groundtruth__
read communities from: ../../lfr_5000/mk500/k15/muw0.2/27/community.dat
-------------------  ---------
# communities         50
min community size     3
max community size   469
avg. community size  100
modularity             0.58299
-------------------  ---------
50 community detected
__CLASSIC_METHODS__
__Louvain__
PLM(balanced,pc,turbo) detected communities in 0.5685198307037354 [s]
solution properties:
-------------------  ----------
# communities         32
min community size     1
max community size   496
avg. community size  156.25
modularity             0.593079
-------------------  ----------
50 community detected
NMI:0.15147393011682997
ARM:0.16309338290522857
__Singleton__
50 community detected
NMI:0.46195834337911923
ARM:1.0
__AllInOne__
50 community detected
NMI:1.0
ARM:1.0
__PLP__
PLP detected communities in 0.16077160835266113 [s]
solution properties:
-------------------  ----------
# communities         70
min community size     1
max community size   509
avg. community size   71.4286
modularity             0.591035
-------------------  ----------
50 community detected
NMI:0.1302491034408254
ARM:0.14650471843918755
__NORMALIZATION__
__glove__
Network Properties for:		G#24cc
nodes, edges			4974, 27606
directed?			False
weighted?			True
isolated nodes			0
self-loops			0
density				0.002232
clustering coefficient		0.413147
min/max/avg degree		1, 357, 11.100121
degree assortativity		0.161784
number of connected components	1
size of largest component	4974 (100.00 %)
tot:  3207.066624133135
__glove+Louvain__
PLM(balanced,pc,turbo) detected communities in 0.536698579788208 [s]
solution properties:
-------------------  ----------
# communities         29
min community size     7
max community size   493
avg. community size  171.517
modularity             0.648375
-------------------  ----------
50 community detected
NMI:0.9603517110456814
ARM:0.999320930746569
__glove+PLP__
PLP detected communities in 0.12408232688903809 [s]
solution properties:
-------------------  ----------
# communities         69
min community size     1
max community size   506
avg. community size   72.087
modularity             0.645491
-------------------  ----------
50 community detected
NMI:0.9423775833019602
ARM:0.9992797352253663
__fake_pmi__
Network Properties for:		G#46cc
nodes, edges			4974, 27606
directed?			False
weighted?			True
isolated nodes			0
self-loops			0
density				0.002232
clustering coefficient		0.413147
min/max/avg degree		1, 357, 11.100121
degree assortativity		0.161784
number of connected components	1
size of largest component	4974 (100.00 %)
tot:  0.0
__fake_pmi+Louvain__
1 community detected due to total edge weight equal 0
NMI:1
ARM:0.9992797352253663
__fake_pmi+PLP__
1 community detected due to total edge weight equal 0
NMI:1
ARM:0.9992797352253663
__iterative_rev_degree_order__
Network Properties for:		G#59cc
nodes, edges			4974, 27606
directed?			False
weighted?			True
isolated nodes			0
self-loops			0
density				0.002232
clustering coefficient		0.413147
min/max/avg degree		1, 357, 11.100121
degree assortativity		0.161784
number of connected components	1
size of largest component	4974 (100.00 %)
tot:  1691.3778098927692
__iterative_rev_degree_order+Louvain__
PLM(balanced,pc,turbo) detected communities in 0.7743308544158936 [s]
solution properties:
-------------------  ----------
# communities        142
min community size     2
max community size   212
avg. community size   35.0282
modularity             0.936163
-------------------  ----------
50 community detected
NMI:0.8950128686634043
ARM:0.9999380661499395
__iterative_rev_degree_order+PLP__
PLP detected communities in 0.11048698425292969 [s]
solution properties:
-------------------  ----------
# communities        1389
min community size      2
max community size     29
avg. community size     3.58099
modularity              0.84386
-------------------  ----------
50 community detected
NMI:0.6393991223147355
ARM:0.9999408395710023
__pmi__
Network Properties for:		G#84cc
nodes, edges			4974, 27606
directed?			False
weighted?			True
isolated nodes			0
self-loops			0
density				0.002232
clustering coefficient		0.413147
min/max/avg degree		1, 357, 11.100121
degree assortativity		0.161784
number of connected components	1
size of largest component	4974 (100.00 %)
tot:  35776.767798562796
__pmi+Louvain__
PLM(balanced,pc,turbo) detected communities in 0.6270756721496582 [s]
solution properties:
-------------------  ---------
# communities         35
min community size     1
max community size   686
avg. community size  142.114
modularity             1.86803
-------------------  ---------
50 community detected
NMI:0.956280302028761
ARM:1.0006298102131712
__pmi+PLP__
PLP detected communities in 0.13378071784973145 [s]
solution properties:
-------------------  ---------
# communities        535
min community size     2
max community size   330
avg. community size    9.2972
modularity             1.60017
-------------------  ---------
50 community detected
NMI:0.7998550985934715
ARM:1.0002571674434808
__standard__
Network Properties for:		G#106cc
nodes, edges			4974, 27606
directed?			False
weighted?			True
isolated nodes			0
self-loops			0
density				0.002232
clustering coefficient		0.413147
min/max/avg degree		1, 357, 11.100121
degree assortativity		0.161784
number of connected components	1
size of largest component	4974 (100.00 %)
tot:  38.433557364548165
__standard+Louvain__
PLM(balanced,pc,turbo) detected communities in 0.7212469577789307 [s]
solution properties:
-------------------  -----------
# communities          81
min community size      2
max community size   1202
avg. community size    61.4074
modularity              0.943636
-------------------  -----------
50 community detected
NMI:0.9324361765040102
ARM:1.0000406705040983
__standard+PLP__
PLP detected communities in 0.09389495849609375 [s]
solution properties:
-------------------  -----------
# communities        1073
min community size      2
max community size    149
avg. community size     4.6356
modularity              0.812106
-------------------  -----------
50 community detected
NMI:0.6876446940062624
ARM:0.9998255396345328
__ppmi__
Network Properties for:		G#131cc
nodes, edges			4974, 27606
directed?			False
weighted?			True
isolated nodes			0
self-loops			0
density				0.002232
clustering coefficient		0.413147
min/max/avg degree		1, 357, 11.100121
degree assortativity		0.161784
number of connected components	1
size of largest component	4974 (100.00 %)
tot:  94406.65315170372
__ppmi+Louvain__
PLM(balanced,pc,turbo) detected communities in 0.5141086578369141 [s]
solution properties:
-------------------  ----------
# communities         36
min community size     8
max community size   414
avg. community size  138.167
modularity             0.766613
-------------------  ----------
50 community detected
NMI:0.9552204099168599
ARM:0.9997159751295764
__ppmi+PLP__
PLP detected communities in 0.12678861618041992 [s]
solution properties:
-------------------  ----------
# communities        479
min community size     1
max community size   394
avg. community size   10.3841
modularity             0.656349
-------------------  ----------
50 community detected
NMI:0.8147882841206994
ARM:1.000344245640255
__glovexmax50alpha0.2__
Network Properties for:		G#153cc
nodes, edges			4974, 27606
directed?			False
weighted?			True
isolated nodes			0
self-loops			0
density				0.002232
clustering coefficient		0.413147
min/max/avg degree		1, 357, 11.100121
degree assortativity		0.161784
number of connected components	1
size of largest component	4974 (100.00 %)
tot:  13229.137474914718
__glovexmax50alpha0.2+Louvain__
PLM(balanced,pc,turbo) detected communities in 0.441941499710083 [s]
solution properties:
-------------------  ----------
# communities         29
min community size     7
max community size   470
avg. community size  171.517
modularity             0.727547
-------------------  ----------
50 community detected
NMI:0.9602110884726592
ARM:0.9994911123746248
__glovexmax50alpha0.2+PLP__
PLP detected communities in 0.14247870445251465 [s]
solution properties:
-------------------  ----------
# communities         70
min community size     1
max community size   486
avg. community size   71.0571
modularity             0.721764
-------------------  ----------
50 community detected
NMI:0.9415580438346114
ARM:0.9996073202669028
__glovexmax40alpha0.2__
Network Properties for:		G#175cc
nodes, edges			4974, 27606
directed?			False
weighted?			True
isolated nodes			0
self-loops			0
density				0.002232
clustering coefficient		0.413147
min/max/avg degree		1, 357, 11.100121
degree assortativity		0.161784
number of connected components	1
size of largest component	4974 (100.00 %)
tot:  13783.686314911965
__glovexmax40alpha0.2+Louvain__
PLM(balanced,pc,turbo) detected communities in 0.43163514137268066 [s]
solution properties:
-------------------  ----------
# communities         19
min community size   122
max community size   477
avg. community size  261.789
modularity             0.727585
-------------------  ----------
50 community detected
NMI:0.9695248441386439
ARM:0.9995564346593577
__glovexmax40alpha0.2+PLP__
PLP detected communities in 0.07134866714477539 [s]
solution properties:
-------------------  ----------
# communities         67
min community size     1
max community size   486
avg. community size   74.2388
modularity             0.724849
-------------------  ----------
50 community detected
NMI:0.9437771054596696
ARM:0.9996238118163395
__glovexmax30alpha0.3__
Network Properties for:		G#197cc
nodes, edges			4974, 27606
directed?			False
weighted?			True
isolated nodes			0
self-loops			0
density				0.002232
clustering coefficient		0.413147
min/max/avg degree		1, 357, 11.100121
degree assortativity		0.161784
number of connected components	1
size of largest component	4974 (100.00 %)
tot:  11860.46309551421
__glovexmax30alpha0.3+Louvain__
PLM(balanced,pc,turbo) detected communities in 0.28911900520324707 [s]
solution properties:
-------------------  ----------
# communities         31
min community size     7
max community size   475
avg. community size  160.452
modularity             0.723328
-------------------  ----------
50 community detected
NMI:0.9595016213164185
ARM:0.9996087549630847
__glovexmax30alpha0.3+PLP__
PLP detected communities in 0.06694817543029785 [s]
solution properties:
-------------------  ----------
# communities         72
min community size     2
max community size   491
avg. community size   69.0833
modularity             0.717222
-------------------  ----------
50 community detected
NMI:0.9409259464863184
ARM:0.999521197096754
