__LOADINGS__
Network Properties for:		network
nodes, edges			5000, 33808
directed?			False
weighted?			True
isolated nodes			0
self-loops			0
density				0.002705
clustering coefficient		0.292150
min/max/avg degree		1, 217, 13.523200
degree assortativity		0.183008
number of connected components	1
size of largest component	5000 (100.00 %)
250726.48647717867
__Groundtruth__
read communities from: ../../lfr_5000/mk300/k15/muw0.3/10/community.dat
-------------------  ----------
# communities         32
min community size   100
max community size   215
avg. community size  156.25
modularity             0.588183
-------------------  ----------
32 community detected
__CLASSIC_METHODS__
__Louvain__
PLM(balanced,pc,turbo) detected communities in 0.452648401260376 [s]
solution properties:
-------------------  ----------
# communities         25
min community size   116
max community size   389
avg. community size  200
modularity             0.594559
-------------------  ----------
32 community detected
NMI:0.15366722238309893
ARM:0.2631285350052338
__Singleton__
32 community detected
NMI:0.42370093147868315
ARM:1.0
__AllInOne__
32 community detected
NMI:1.0
ARM:1.0
__PLP__
PLP detected communities in 0.1416621208190918 [s]
solution properties:
-------------------  ----------
# communities         34
min community size     2
max community size   233
avg. community size  147.059
modularity             0.594546
-------------------  ----------
32 community detected
NMI:0.11555328669154163
ARM:0.13618860370708052
__NORMALIZATION__
__glove__
Network Properties for:		G#21cc
nodes, edges			5000, 33808
directed?			False
weighted?			True
isolated nodes			0
self-loops			0
density				0.002705
clustering coefficient		0.292150
min/max/avg degree		1, 217, 13.523200
degree assortativity		0.183008
number of connected components	1
size of largest component	5000 (100.00 %)
tot:  3966.619593052101
__glove+Louvain__
PLM(balanced,pc,turbo) detected communities in 0.3998677730560303 [s]
solution properties:
-------------------  ---------
# communities         31
min community size    93
max community size   256
avg. community size  161.29
modularity             0.62358
-------------------  ---------
32 community detected
NMI:0.10217822648832564
ARM:0.1303615810149924
__glove+PLP__
PLP detected communities in 0.11839509010314941 [s]
solution properties:
-------------------  ----------
# communities         34
min community size     2
max community size   229
avg. community size  147.059
modularity             0.623482
-------------------  ----------
32 community detected
NMI:0.09695163890898206
ARM:0.11279656429687579
__fake_pmi__
Network Properties for:		G#40cc
nodes, edges			5000, 33808
directed?			False
weighted?			True
isolated nodes			0
self-loops			0
density				0.002705
clustering coefficient		0.292150
min/max/avg degree		1, 217, 13.523200
degree assortativity		0.183008
number of connected components	1
size of largest component	5000 (100.00 %)
tot:  0.0
__fake_pmi+Louvain__
1 community detected due to total edge weight equal 0
NMI:1
ARM:0.11279656429687579
__fake_pmi+PLP__
1 community detected due to total edge weight equal 0
NMI:1
ARM:0.11279656429687579
__iterative_rev_degree_order__
Network Properties for:		G#53cc
nodes, edges			5000, 33808
directed?			False
weighted?			True
isolated nodes			0
self-loops			0
density				0.002705
clustering coefficient		0.292150
min/max/avg degree		1, 217, 13.523200
degree assortativity		0.183008
number of connected components	1
size of largest component	5000 (100.00 %)
tot:  1484.2692169428233
__iterative_rev_degree_order+Louvain__
PLM(balanced,pc,turbo) detected communities in 0.687047004699707 [s]
solution properties:
-------------------  ----------
# communities         78
min community size     2
max community size   143
avg. community size   64.1026
modularity             0.883588
-------------------  ----------
32 community detected
NMI:0.6807757577256848
ARM:0.8948904190108321
__iterative_rev_degree_order+PLP__
PLP detected communities in 0.08777785301208496 [s]
solution properties:
-------------------  ----------
# communities        1517
min community size      2
max community size     16
avg. community size     3.29598
modularity              0.7803
-------------------  ----------
32 community detected
NMI:0.4644415512027623
ARM:0.9813282617558954
__pmi__
Network Properties for:		G#78cc
nodes, edges			5000, 33808
directed?			False
weighted?			True
isolated nodes			0
self-loops			0
density				0.002705
clustering coefficient		0.292150
min/max/avg degree		1, 217, 13.523200
degree assortativity		0.183008
number of connected components	1
size of largest component	5000 (100.00 %)
tot:  72523.98511975973
__pmi+Louvain__
PLM(balanced,pc,turbo) detected communities in 0.5615534782409668 [s]
solution properties:
-------------------  ---------
# communities         27
min community size   104
max community size   474
avg. community size  185.185
modularity             1.08311
-------------------  ---------
32 community detected
NMI:0.3357281476056242
ARM:0.49121555774539005
__pmi+PLP__
PLP detected communities in 0.17458510398864746 [s]
solution properties:
-------------------  ---------
# communities        275
min community size     1
max community size   248
avg. community size   18.1818
modularity             1.03869
-------------------  ---------
32 community detected
NMI:0.2735048117676184
ARM:0.3850888599913307
__standard__
Network Properties for:		G#100cc
nodes, edges			5000, 33808
directed?			False
weighted?			True
isolated nodes			0
self-loops			0
density				0.002705
clustering coefficient		0.292150
min/max/avg degree		1, 217, 13.523200
degree assortativity		0.183008
number of connected components	1
size of largest component	5000 (100.00 %)
tot:  18.113349165934977
__standard+Louvain__
PLM(balanced,pc,turbo) detected communities in 0.6897683143615723 [s]
solution properties:
-------------------  ----------
# communities         64
min community size     2
max community size   210
avg. community size   78.125
modularity             0.855195
-------------------  ----------
32 community detected
NMI:0.49685002473083506
ARM:0.6479842810399716
__standard+PLP__
PLP detected communities in 0.13222241401672363 [s]
solution properties:
-------------------  -----------
# communities        1248
min community size      2
max community size     69
avg. community size     4.00641
modularity              0.739468
-------------------  -----------
32 community detected
NMI:0.4468237583399507
ARM:0.9331770947224308
__ppmi__
Network Properties for:		G#125cc
nodes, edges			5000, 33808
directed?			False
weighted?			True
isolated nodes			0
self-loops			0
density				0.002705
clustering coefficient		0.292150
min/max/avg degree		1, 217, 13.523200
degree assortativity		0.183008
number of connected components	1
size of largest component	5000 (100.00 %)
tot:  132341.00002269362
__ppmi+Louvain__
PLM(balanced,pc,turbo) detected communities in 0.29563236236572266 [s]
solution properties:
-------------------  ----------
# communities         32
min community size   102
max community size   212
avg. community size  156.25
modularity             0.691149
-------------------  ----------
32 community detected
NMI:0.12630596463468957
ARM:0.15436816546855403
__ppmi+PLP__
PLP detected communities in 0.15752887725830078 [s]
solution properties:
-------------------  ----------
# communities        110
min community size     1
max community size   210
avg. community size   45.4545
modularity             0.676373
-------------------  ----------
32 community detected
NMI:0.13178101570172174
ARM:0.1672091786583303
__glovexmax50alpha0.2__
Network Properties for:		G#144cc
nodes, edges			5000, 33808
directed?			False
weighted?			True
isolated nodes			0
self-loops			0
density				0.002705
clustering coefficient		0.292150
min/max/avg degree		1, 217, 13.523200
degree assortativity		0.183008
number of connected components	1
size of largest component	5000 (100.00 %)
tot:  17408.452645433714
__glovexmax50alpha0.2+Louvain__
PLM(balanced,pc,turbo) detected communities in 0.4550349712371826 [s]
solution properties:
-------------------  ---------
# communities         15
min community size   286
max community size   400
avg. community size  333.333
modularity             0.64719
-------------------  ---------
32 community detected
NMI:0.16119953521679997
ARM:0.39478839052443837
__glovexmax50alpha0.2+PLP__
PLP detected communities in 0.12510275840759277 [s]
solution properties:
-------------------  ----------
# communities         33
min community size     2
max community size   217
avg. community size  151.515
modularity             0.669371
-------------------  ----------
32 community detected
NMI:0.03529735229619313
ARM:0.041082647383132054
__glovexmax40alpha0.2__
Network Properties for:		G#163cc
nodes, edges			5000, 33808
directed?			False
weighted?			True
isolated nodes			0
self-loops			0
density				0.002705
clustering coefficient		0.292150
min/max/avg degree		1, 217, 13.523200
degree assortativity		0.183008
number of connected components	1
size of largest component	5000 (100.00 %)
tot:  18175.67179176199
__glovexmax40alpha0.2+Louvain__
PLM(balanced,pc,turbo) detected communities in 0.4442007541656494 [s]
solution properties:
-------------------  ----------
# communities         25
min community size   129
max community size   299
avg. community size  200
modularity             0.666031
-------------------  ----------
32 community detected
NMI:0.07627405535915366
ARM:0.17389747514759268
__glovexmax40alpha0.2+PLP__
PLP detected communities in 0.13856768608093262 [s]
solution properties:
-------------------  ---------
# communities         33
min community size     2
max community size   217
avg. community size  151.515
modularity             0.66972
-------------------  ---------
32 community detected
NMI:0.03529735229619313
ARM:0.041082647383132054
__glovexmax30alpha0.3__
Network Properties for:		G#182cc
nodes, edges			5000, 33808
directed?			False
weighted?			True
isolated nodes			0
self-loops			0
density				0.002705
clustering coefficient		0.292150
min/max/avg degree		1, 217, 13.523200
degree assortativity		0.183008
number of connected components	1
size of largest component	5000 (100.00 %)
tot:  16086.946825098265
__glovexmax30alpha0.3+Louvain__
PLM(balanced,pc,turbo) detected communities in 0.2282695770263672 [s]
solution properties:
-------------------  ----------
# communities         30
min community size    98
max community size   272
avg. community size  166.667
modularity             0.666239
-------------------  ----------
32 community detected
NMI:0.05868056343564365
ARM:0.0941156306988914
__glovexmax30alpha0.3+PLP__
PLP detected communities in 0.10957145690917969 [s]
solution properties:
-------------------  ----------
# communities         33
min community size     2
max community size   218
avg. community size  151.515
modularity             0.666925
-------------------  ----------
32 community detected
NMI:0.047588840606496374
ARM:0.05491155877105691
