__LOADINGS__
4994/32649 15.296027443413273 % of nul weighted edges removed
0/5000 0.0 % of nul degree nodes removed
Network Properties for:		network
nodes, edges			5000, 27655
directed?			False
weighted?			True
isolated nodes			0
self-loops			0
density				0.002213
clustering coefficient		0.205761
min/max/avg degree		1, 286, 11.062000
degree assortativity		0.306133
number of connected components	2
size of largest component	4997 (99.94 %)
238041.44501592824
__Groundtruth__
read communities from: ../../lfr_5000/mk500/k15/muw0.4/38/community.dat
-------------------  ----------
# communities         53
min community size     3
max community size   469
avg. community size   94.3396
modularity             0.409189
-------------------  ----------
53 community detected
__CLASSIC_METHODS__
__Louvain__
PLM(balanced,pc,turbo) detected communities in 0.6929149627685547 [s]
solution properties:
-------------------  ----------
# communities         19
min community size     2
max community size   563
avg. community size  263.158
modularity             0.425933
-------------------  ----------
53 community detected
NMI:0.4234082958219261
ARI:0.49634705619466
__Singleton__
53 community detected
NMI:0.45522622314942107
ARI:1.0
__AllInOne__
53 community detected
NMI:1.0
ARI:1.0
__PLP__
PLP detected communities in 0.1916337013244629 [s]
solution properties:
-------------------  -----------
# communities          69
min community size      2
max community size   1410
avg. community size    72.4638
modularity              0.391644
-------------------  -----------
53 community detected
NMI:0.4062053346344169
ARI:0.6328062959317651
__NORMALIZATION__
__glove__
Network Properties for:		G#24
nodes, edges			5000, 27655
directed?			False
weighted?			True
isolated nodes			0
self-loops			0
density				0.002213
clustering coefficient		0.205761
min/max/avg degree		1, 286, 11.062000
degree assortativity		0.306133
number of connected components	2
size of largest component	4997 (99.94 %)
tot:  3433.471805995347
__glove+Louvain__
PLM(balanced,pc,turbo) detected communities in 0.648815393447876 [s]
solution properties:
-------------------  ----------
# communities         16
min community size     3
max community size   532
avg. community size  312.5
modularity             0.467097
-------------------  ----------
53 community detected
NMI:0.3912050774567698
ARI:0.4684470728848945
__glove+PLP__
PLP detected communities in 0.1854548454284668 [s]
solution properties:
-------------------  -------------
# communities          36
min community size      1
max community size   4868
avg. community size   138.889
modularity              0.00696256
-------------------  -------------
53 community detected
NMI:0.9188857837442584
ARI:0.9953776737619885
__fake_pmi__
Network Properties for:		G#36
nodes, edges			5000, 27655
directed?			False
weighted?			True
isolated nodes			0
self-loops			0
density				0.002213
clustering coefficient		0.205761
min/max/avg degree		1, 286, 11.062000
degree assortativity		0.306133
number of connected components	2
size of largest component	4997 (99.94 %)
tot:  0.0
__fake_pmi+Louvain__
1 community detected due to total edge weight equal 0
NMI:1
ARI:1
__fake_pmi+PLP__
1 community detected due to total edge weight equal 0
NMI:1
ARI:1
__iterative_rev_degree_order__
Network Properties for:		G#39
nodes, edges			5000, 27655
directed?			False
weighted?			True
isolated nodes			0
self-loops			0
density				0.002213
clustering coefficient		0.205761
min/max/avg degree		1, 286, 11.062000
degree assortativity		0.306133
number of connected components	2
size of largest component	4997 (99.94 %)
tot:  1451.3078405405195
__iterative_rev_degree_order+Louvain__
PLM(balanced,pc,turbo) detected communities in 0.7871866226196289 [s]
solution properties:
-------------------  ----------
# communities        102
min community size     2
max community size    95
avg. community size   49.0196
modularity             0.918657
-------------------  ----------
53 community detected
NMI:0.7323658148076915
ARI:0.9701833213960878
__iterative_rev_degree_order+PLP__
PLP detected communities in 0.048821210861206055 [s]
solution properties:
-------------------  -----------
# communities        1498
min community size      2
max community size     16
avg. community size     3.33778
modularity              0.823041
-------------------  -----------
53 community detected
NMI:0.5141152608757209
ARI:0.9904344267766398
__pmi__
Network Properties for:		G#54
nodes, edges			5000, 27655
directed?			False
weighted?			True
isolated nodes			0
self-loops			0
density				0.002213
clustering coefficient		0.205761
min/max/avg degree		1, 286, 11.062000
degree assortativity		0.306133
number of connected components	2
size of largest component	4997 (99.94 %)
tot:  41601.523785995116
__pmi+Louvain__
PLM(balanced,pc,turbo) detected communities in 0.6941759586334229 [s]
solution properties:
-------------------  ---------
# communities         32
min community size     3
max community size   464
avg. community size  156.25
modularity             1.42096
-------------------  ---------
53 community detected
NMI:0.6385589959986337
ARI:0.8357998522347081
__pmi+PLP__
PLP detected communities in 0.20502209663391113 [s]
solution properties:
-------------------  ----------
# communities        1063
min community size      2
max community size    174
avg. community size     4.70367
modularity              1.05818
-------------------  ----------
53 community detected
NMI:0.49528814346566563
ARI:0.9229631884499141
__standard__
Network Properties for:		G#66
nodes, edges			5000, 27655
directed?			False
weighted?			True
isolated nodes			0
self-loops			0
density				0.002213
clustering coefficient		0.205761
min/max/avg degree		1, 286, 11.062000
degree assortativity		0.306133
number of connected components	2
size of largest component	4997 (99.94 %)
tot:  50.898635516001555
__standard+Louvain__
PLM(balanced,pc,turbo) detected communities in 0.6167440414428711 [s]
solution properties:
-------------------  ----------
# communities        149
min community size     2
max community size   531
avg. community size   33.557
modularity             0.947936
-------------------  ----------
53 community detected
NMI:0.6432943127794961
ARI:0.8966287273089475
__standard+PLP__
PLP detected communities in 0.10177445411682129 [s]
solution properties:
-------------------  -----------
# communities        1290
min community size      2
max community size     42
avg. community size     3.87597
modularity              0.862796
-------------------  -----------
53 community detected
NMI:0.5094694457821296
ARI:0.9809224880603424
__ppmi__
Network Properties for:		G#78
nodes, edges			5000, 27655
directed?			False
weighted?			True
isolated nodes			0
self-loops			0
density				0.002213
clustering coefficient		0.205761
min/max/avg degree		1, 286, 11.062000
degree assortativity		0.306133
number of connected components	2
size of largest component	4997 (99.94 %)
tot:  102264.21935459219
__ppmi+Louvain__
PLM(balanced,pc,turbo) detected communities in 0.746617317199707 [s]
solution properties:
-------------------  ----------
# communities         31
min community size     3
max community size   369
avg. community size  161.29
modularity             0.613962
-------------------  ----------
53 community detected
NMI:0.5053984985115696
ARI:0.653697741086666
__ppmi+PLP__
PLP detected communities in 0.20778369903564453 [s]
solution properties:
-------------------  ---------
# communities        980
min community size     1
max community size   180
avg. community size    5.10204
modularity             0.45963
-------------------  ---------
53 community detected
NMI:0.49132942776442756
ARI:0.9008329149651931
__glovexmax50alpha0.2__
Network Properties for:		G#90
nodes, edges			5000, 27655
directed?			False
weighted?			True
isolated nodes			0
self-loops			0
density				0.002213
clustering coefficient		0.205761
min/max/avg degree		1, 286, 11.062000
degree assortativity		0.306133
number of connected components	2
size of largest component	4997 (99.94 %)
tot:  14019.457612784285
__glovexmax50alpha0.2+Louvain__
PLM(balanced,pc,turbo) detected communities in 0.48526644706726074 [s]
solution properties:
-------------------  ----------
# communities         26
min community size     3
max community size   511
avg. community size  192.308
modularity             0.540706
-------------------  ----------
53 community detected
NMI:0.26517543608078675
ARI:0.30766557104537384
__glovexmax50alpha0.2+PLP__
PLP detected communities in 0.1548774242401123 [s]
solution properties:
-------------------  ----------
# communities         83
min community size     1
max community size   508
avg. community size   60.241
modularity             0.538333
-------------------  ----------
53 community detected
NMI:0.23707567146906128
ARI:0.296030372685245
__glovexmax40alpha0.2__
Network Properties for:		G#99
nodes, edges			5000, 27655
directed?			False
weighted?			True
isolated nodes			0
self-loops			0
density				0.002213
clustering coefficient		0.205761
min/max/avg degree		1, 286, 11.062000
degree assortativity		0.306133
number of connected components	2
size of largest component	4997 (99.94 %)
tot:  14624.229298653228
__glovexmax40alpha0.2+Louvain__
PLM(balanced,pc,turbo) detected communities in 0.6488542556762695 [s]
solution properties:
-------------------  ----------
# communities         27
min community size     3
max community size   456
avg. community size  185.185
modularity             0.542679
-------------------  ----------
53 community detected
NMI:0.2516600687791247
ARI:0.2888279687901648
__glovexmax40alpha0.2+PLP__
PLP detected communities in 0.15639948844909668 [s]
solution properties:
-------------------  ----------
# communities         92
min community size     2
max community size   681
avg. community size   54.3478
modularity             0.523237
-------------------  ----------
53 community detected
NMI:0.2595190016966433
ARI:0.3528209006283872
__glovexmax30alpha0.3__
Network Properties for:		G#111
nodes, edges			5000, 27655
directed?			False
weighted?			True
isolated nodes			0
self-loops			0
density				0.002213
clustering coefficient		0.205761
min/max/avg degree		1, 286, 11.062000
degree assortativity		0.306133
number of connected components	2
size of largest component	4997 (99.94 %)
tot:  12926.175814719498
__glovexmax30alpha0.3+Louvain__
PLM(balanced,pc,turbo) detected communities in 0.46623754501342773 [s]
solution properties:
-------------------  ----------
# communities         28
min community size     3
max community size   478
avg. community size  178.571
modularity             0.537484
-------------------  ----------
53 community detected
NMI:0.2704765477895522
ARI:0.3151528034452734
__glovexmax30alpha0.3+PLP__
PLP detected communities in 0.1524672508239746 [s]
solution properties:
-------------------  ----------
# communities         81
min community size     2
max community size   670
avg. community size   61.7284
modularity             0.529591
-------------------  ----------
53 community detected
NMI:0.26349720655176234
ARI:0.36104795292080405
NMI classement:
[('NMIglovexmax50alpha0.2+PLP', 0.23707567146906128), ('NMIglovexmax40alpha0.2+Louvain', 0.2516600687791247), ('NMIglovexmax40alpha0.2+PLP', 0.2595190016966433), ('NMIglovexmax30alpha0.3+PLP', 0.26349720655176234), ('NMIglovexmax50alpha0.2+Louvain', 0.26517543608078675), ('NMIglovexmax30alpha0.3+Louvain', 0.2704765477895522), ('NMIglove+Louvain', 0.3912050774567698), ('NMIPLP', 0.4062053346344169), ('NMILouvain', 0.4234082958219261), ('NMISingleton', 0.45522622314942107), ('NMIppmi+PLP', 0.49132942776442756), ('NMIpmi+PLP', 0.49528814346566563), ('NMIppmi+Louvain', 0.5053984985115696), ('NMIstandard+PLP', 0.5094694457821296), ('NMIiterative_rev_degree_order+PLP', 0.5141152608757209), ('NMIpmi+Louvain', 0.6385589959986337), ('NMIstandard+Louvain', 0.6432943127794961), ('NMIiterative_rev_degree_order+Louvain', 0.7323658148076915), ('NMIglove+PLP', 0.9188857837442584), ('NMIAllInOne', 1.0), ('NMIfake_pmi+Louvain', 1), ('NMIfake_pmi+PLP', 1)]
ARI classement:
[('ARIglovexmax40alpha0.2+Louvain', 0.2888279687901648), ('ARIglovexmax50alpha0.2+PLP', 0.296030372685245), ('ARIglovexmax50alpha0.2+Louvain', 0.30766557104537384), ('ARIglovexmax30alpha0.3+Louvain', 0.3151528034452734), ('ARIglovexmax40alpha0.2+PLP', 0.3528209006283872), ('ARIglovexmax30alpha0.3+PLP', 0.36104795292080405), ('ARIglove+Louvain', 0.4684470728848945), ('ARILouvain', 0.49634705619466), ('ARIPLP', 0.6328062959317651), ('ARIppmi+Louvain', 0.653697741086666), ('ARIpmi+Louvain', 0.8357998522347081), ('ARIstandard+Louvain', 0.8966287273089475), ('ARIppmi+PLP', 0.9008329149651931), ('ARIpmi+PLP', 0.9229631884499141), ('ARIiterative_rev_degree_order+Louvain', 0.9701833213960878), ('ARIstandard+PLP', 0.9809224880603424), ('ARIiterative_rev_degree_order+PLP', 0.9904344267766398), ('ARIglove+PLP', 0.9953776737619885), ('ARISingleton', 1.0), ('ARIAllInOne', 1.0), ('ARIfake_pmi+Louvain', 1), ('ARIfake_pmi+PLP', 1)]
