__LOADINGS__
Network Properties for:		network
nodes, edges			5000, 57123
directed?			False
weighted?			True
isolated nodes			0
self-loops			0
density				0.004571
clustering coefficient		0.243022
min/max/avg degree		1, 224, 22.849200
degree assortativity		0.277078
number of connected components	1
size of largest component	5000 (100.00 %)
449149.96764233906
__Groundtruth__
read communities from: ../../lfr_5000/mk300/k25/muw0.4/14/community.dat
-------------------  ----------
# communities         40
min community size    89
max community size   180
avg. community size  125
modularity             0.539834
-------------------  ----------
40 community detected
__CLASSIC_METHODS__
__Louvain__
PLM(balanced,pc,turbo) detected communities in 0.4002211093902588 [s]
solution properties:
-------------------  ----------
# communities         37
min community size    91
max community size   199
avg. community size  135.135
modularity             0.540757
-------------------  ----------
40 community detected
NMI:0.04722112126710398
ARM:0.08537683096478543
__Singleton__
40 community detected
NMI:0.3983004112753803
ARM:1.0
__AllInOne__
40 community detected
NMI:1.0
ARM:1.0
__PLP__
PLP detected communities in 0.1325819492340088 [s]
solution properties:
-------------------  ---------
# communities         40
min community size    88
max community size   181
avg. community size  125
modularity             0.54068
-------------------  ---------
40 community detected
NMI:0.03683131972497067
ARM:0.047370453560310555
__NORMALIZATION__
__glove__
Network Properties for:		G#21cc
nodes, edges			5000, 57123
directed?			False
weighted?			True
isolated nodes			0
self-loops			0
density				0.004571
clustering coefficient		0.243022
min/max/avg degree		1, 224, 22.849200
degree assortativity		0.277078
number of connected components	1
size of largest component	5000 (100.00 %)
tot:  7515.647068245747
__glove+Louvain__
PLM(balanced,pc,turbo) detected communities in 0.501178503036499 [s]
solution properties:
-------------------  ----------
# communities         22
min community size   144
max community size   332
avg. community size  227.273
modularity             0.548889
-------------------  ----------
40 community detected
NMI:0.10821929059546265
ARM:0.3227411811992472
__glove+PLP__
PLP detected communities in 0.0953378677368164 [s]
solution properties:
-------------------  ----------
# communities         40
min community size    88
max community size   180
avg. community size  125
modularity             0.555672
-------------------  ----------
40 community detected
NMI:0.01881618386831385
ARM:0.025172274528611482
__fake_pmi__
Network Properties for:		G#40cc
nodes, edges			5000, 57123
directed?			False
weighted?			True
isolated nodes			0
self-loops			0
density				0.004571
clustering coefficient		0.243022
min/max/avg degree		1, 224, 22.849200
degree assortativity		0.277078
number of connected components	1
size of largest component	5000 (100.00 %)
tot:  0.0
__fake_pmi+Louvain__
1 community detected due to total edge weight equal 0
NMI:1
ARM:0.025172274528611482
__fake_pmi+PLP__
1 community detected due to total edge weight equal 0
NMI:1
ARM:0.025172274528611482
__iterative_rev_degree_order__
Network Properties for:		G#53cc
nodes, edges			5000, 57123
directed?			False
weighted?			True
isolated nodes			0
self-loops			0
density				0.004571
clustering coefficient		0.243022
min/max/avg degree		1, 224, 22.849200
degree assortativity		0.277078
number of connected components	1
size of largest component	5000 (100.00 %)
tot:  1316.2058389086055
__iterative_rev_degree_order+Louvain__
PLM(balanced,pc,turbo) detected communities in 1.0388104915618896 [s]
solution properties:
-------------------  ----------
# communities         72
min community size    33
max community size   131
avg. community size   69.4444
modularity             0.800325
-------------------  ----------
40 community detected
NMI:0.780422629552828
ARM:0.9621852802848341
__iterative_rev_degree_order+PLP__
PLP detected communities in 0.027276039123535156 [s]
solution properties:
-------------------  -----------
# communities        1509
min community size      2
max community size     12
avg. community size     3.31345
modularity              0.686473
-------------------  -----------
40 community detected
NMI:0.47540802768301826
ARM:0.987690437064726
__pmi__
Network Properties for:		G#78cc
nodes, edges			5000, 57123
directed?			False
weighted?			True
isolated nodes			0
self-loops			0
density				0.004571
clustering coefficient		0.243022
min/max/avg degree		1, 224, 22.849200
degree assortativity		0.277078
number of connected components	1
size of largest component	5000 (100.00 %)
tot:  184487.74458732668
__pmi+Louvain__
PLM(balanced,pc,turbo) detected communities in 0.5244729518890381 [s]
solution properties:
-------------------  ----------
# communities         30
min community size    99
max community size   295
avg. community size  166.667
modularity             0.668391
-------------------  ----------
40 community detected
NMI:0.1752012165977047
ARM:0.3427729500790164
__pmi+PLP__
PLP detected communities in 0.15157079696655273 [s]
solution properties:
-------------------  ----------
# communities         53
min community size     1
max community size   188
avg. community size   94.3396
modularity             0.673219
-------------------  ----------
40 community detected
NMI:0.11743004743629315
ARM:0.17117367472881295
__standard__
Network Properties for:		G#97cc
nodes, edges			5000, 57123
directed?			False
weighted?			True
isolated nodes			0
self-loops			0
density				0.004571
clustering coefficient		0.243022
min/max/avg degree		1, 224, 22.849200
degree assortativity		0.277078
number of connected components	1
size of largest component	5000 (100.00 %)
tot:  10.358519649279494
__standard+Louvain__
PLM(balanced,pc,turbo) detected communities in 0.8465442657470703 [s]
solution properties:
-------------------  ----------
# communities         39
min community size    11
max community size   296
avg. community size  128.205
modularity             0.697118
-------------------  ----------
40 community detected
NMI:0.5905621198380496
ARM:0.755200598663449
__standard+PLP__
PLP detected communities in 0.34060239791870117 [s]
solution properties:
-------------------  -----------
# communities         633
min community size      1
max community size   3198
avg. community size     7.89889
modularity              0.508421
-------------------  -----------
40 community detected
NMI:0.6934577240482093
ARM:0.9997441345156741
__ppmi__
Network Properties for:		G#122cc
nodes, edges			5000, 57123
directed?			False
weighted?			True
isolated nodes			0
self-loops			0
density				0.004571
clustering coefficient		0.243022
min/max/avg degree		1, 224, 22.849200
degree assortativity		0.277078
number of connected components	1
size of largest component	5000 (100.00 %)
tot:  239599.99295715382
__ppmi+Louvain__
PLM(balanced,pc,turbo) detected communities in 0.3626396656036377 [s]
solution properties:
-------------------  ----------
# communities         40
min community size    90
max community size   178
avg. community size  125
modularity             0.598623
-------------------  ----------
40 community detected
NMI:0.009707402023761302
ARM:0.013403300246570105
__ppmi+PLP__
PLP detected communities in 0.06233668327331543 [s]
solution properties:
-------------------  ----------
# communities         39
min community size     1
max community size   427
avg. community size  128.205
modularity             0.595656
-------------------  ----------
40 community detected
NMI:0.027954294304080363
ARM:0.12204866181428442
__glovexmax50alpha0.2__
Network Properties for:		G#141cc
nodes, edges			5000, 57123
directed?			False
weighted?			True
isolated nodes			0
self-loops			0
density				0.004571
clustering coefficient		0.243022
min/max/avg degree		1, 224, 22.849200
degree assortativity		0.277078
number of connected components	1
size of largest component	5000 (100.00 %)
tot:  33049.713111317345
__glovexmax50alpha0.2+Louvain__
PLM(balanced,pc,turbo) detected communities in 0.22747325897216797 [s]
solution properties:
-------------------  ----------
# communities         40
min community size    89
max community size   179
avg. community size  125
modularity             0.583824
-------------------  ----------
40 community detected
NMI:0.0009797950030926428
ARM:0.001417978322932667
__glovexmax50alpha0.2+PLP__
PLP detected communities in 0.08320808410644531 [s]
solution properties:
-------------------  ----------
# communities         40
min community size    89
max community size   179
avg. community size  125
modularity             0.583824
-------------------  ----------
40 community detected
NMI:0.0009797950030924207
ARM:0.001417978322932667
__glovexmax40alpha0.2__
Network Properties for:		G#157cc
nodes, edges			5000, 57123
directed?			False
weighted?			True
isolated nodes			0
self-loops			0
density				0.004571
clustering coefficient		0.243022
min/max/avg degree		1, 224, 22.849200
degree assortativity		0.277078
number of connected components	1
size of largest component	5000 (100.00 %)
tot:  34530.771199846175
__glovexmax40alpha0.2+Louvain__
PLM(balanced,pc,turbo) detected communities in 0.2456207275390625 [s]
solution properties:
-------------------  ----------
# communities         40
min community size    89
max community size   179
avg. community size  125
modularity             0.583887
-------------------  ----------
40 community detected
NMI:0.0009797950030926428
ARM:0.001417978322932667
__glovexmax40alpha0.2+PLP__
PLP detected communities in 0.10485625267028809 [s]
solution properties:
-------------------  ----------
# communities         40
min community size    89
max community size   179
avg. community size  125
modularity             0.583887
-------------------  ----------
40 community detected
NMI:0.0009797950030926428
ARM:0.001417978322932667
__glovexmax30alpha0.3__
Network Properties for:		G#173cc
nodes, edges			5000, 57123
directed?			False
weighted?			True
isolated nodes			0
self-loops			0
density				0.004571
clustering coefficient		0.243022
min/max/avg degree		1, 224, 22.849200
degree assortativity		0.277078
number of connected components	1
size of largest component	5000 (100.00 %)
tot:  31168.17962803801
__glovexmax30alpha0.3+Louvain__
PLM(balanced,pc,turbo) detected communities in 0.1952052116394043 [s]
solution properties:
-------------------  ----------
# communities         40
min community size    89
max community size   179
avg. community size  125
modularity             0.581229
-------------------  ----------
40 community detected
NMI:0.0019465508945408772
ARM:0.002720759728334632
__glovexmax30alpha0.3+PLP__
PLP detected communities in 0.07791447639465332 [s]
solution properties:
-------------------  ----------
# communities         40
min community size    89
max community size   179
avg. community size  125
modularity             0.581229
-------------------  ----------
40 community detected
NMI:0.0019655380217816765
ARM:0.0028610315502938244
