__LOADINGS__
Network Properties for:		network
nodes, edges			5000, 56565
directed?			False
weighted?			True
isolated nodes			1
self-loops			0
density				0.004526
clustering coefficient		0.427630
min/max/avg degree		0, 238, 22.626000
degree assortativity		0.170895
number of connected components	2
size of largest component	4999 (99.98 %)
438163.620463726
__Groundtruth__
read communities from: ../../lfr_5000/mk300/k25/muw0.2/20/community.dat
-------------------  ---------
# communities         30
min community size   122
max community size   240
avg. community size  166.667
modularity             0.75297
-------------------  ---------
30 community detected
__CLASSIC_METHODS__
__Louvain__
PLM(balanced,pc,turbo) detected communities in 0.23404216766357422 [s]
solution properties:
-------------------  ----------
# communities         31
min community size     1
max community size   239
avg. community size  161.29
modularity             0.753048
-------------------  ----------
30 community detected
NMI:0.00623371047167931
ARM:0.00708803513578149
__Singleton__
30 community detected
NMI:0.43129281532966046
ARM:1.0
__AllInOne__
30 community detected
NMI:1.0
ARM:1.0
__PLP__
PLP detected communities in 0.07550168037414551 [s]
solution properties:
-------------------  ----------
# communities         31
min community size     1
max community size   239
avg. community size  161.29
modularity             0.753047
-------------------  ----------
30 community detected
NMI:0.0069588320128112224
ARM:0.00791234221514181
__NORMALIZATION__
__glove__
Network Properties for:		G#18cc
nodes, edges			4999, 56565
directed?			False
weighted?			True
isolated nodes			0
self-loops			0
density				0.004528
clustering coefficient		0.427715
min/max/avg degree		6, 238, 22.630526
degree assortativity		0.170895
number of connected components	1
size of largest component	4999 (100.00 %)
tot:  7275.404806235313
__glove+Louvain__
PLM(balanced,pc,turbo) detected communities in 0.22031235694885254 [s]
solution properties:
-------------------  ----------
# communities         30
min community size   122
max community size   239
avg. community size  166.633
modularity             0.765131
-------------------  ----------
30 community detected
NMI:0.001425651561413721
ARM:0.0014866455716091576
__glove+PLP__
PLP detected communities in 0.09638261795043945 [s]
solution properties:
-------------------  ----------
# communities         30
min community size   122
max community size   239
avg. community size  166.633
modularity             0.765131
-------------------  ----------
30 community detected
NMI:0.001425651561413721
ARM:0.0014866455716091576
__fake_pmi__
Network Properties for:		G#34cc
nodes, edges			4999, 56565
directed?			False
weighted?			True
isolated nodes			0
self-loops			0
density				0.004528
clustering coefficient		0.427715
min/max/avg degree		6, 238, 22.630526
degree assortativity		0.170895
number of connected components	1
size of largest component	4999 (100.00 %)
tot:  0.0
__fake_pmi+Louvain__
1 community detected due to total edge weight equal 0
NMI:1
ARM:0.0014866455716091576
__fake_pmi+PLP__
1 community detected due to total edge weight equal 0
NMI:1
ARM:0.0014866455716091576
__iterative_rev_degree_order__
Network Properties for:		G#47cc
nodes, edges			4999, 56565
directed?			False
weighted?			True
isolated nodes			0
self-loops			0
density				0.004528
clustering coefficient		0.427715
min/max/avg degree		6, 238, 22.630526
degree assortativity		0.170895
number of connected components	1
size of largest component	4999 (100.00 %)
tot:  1547.317646878493
__iterative_rev_degree_order+Louvain__
PLM(balanced,pc,turbo) detected communities in 0.7524814605712891 [s]
solution properties:
-------------------  ----------
# communities         33
min community size    36
max community size   273
avg. community size  151.485
modularity             0.827731
-------------------  ----------
30 community detected
NMI:0.5439543809211724
ARM:0.6829253999103004
__iterative_rev_degree_order+PLP__
PLP detected communities in 0.08787298202514648 [s]
solution properties:
-------------------  ----------
# communities        1519
min community size      2
max community size     12
avg. community size     3.29098
modularity              0.66287
-------------------  ----------
30 community detected
NMI:0.45457521179269433
ARM:0.9812408685344629
__pmi__
Network Properties for:		G#72cc
nodes, edges			4999, 56565
directed?			False
weighted?			True
isolated nodes			0
self-loops			0
density				0.004528
clustering coefficient		0.427715
min/max/avg degree		6, 238, 22.630526
degree assortativity		0.170895
number of connected components	1
size of largest component	4999 (100.00 %)
tot:  185543.26655251769
__pmi+Louvain__
PLM(balanced,pc,turbo) detected communities in 0.2176206111907959 [s]
solution properties:
-------------------  ----------
# communities         30
min community size   124
max community size   214
avg. community size  166.633
modularity             0.903256
-------------------  ----------
30 community detected
NMI:0.06246286518671629
ARM:0.08905632230417848
__pmi+PLP__
PLP detected communities in 0.10866093635559082 [s]
solution properties:
-------------------  ----------
# communities         33
min community size    15
max community size   215
avg. community size  151.485
modularity             0.894036
-------------------  ----------
30 community detected
NMI:0.06273349722946098
ARM:0.09671078981590908
__standard__
Network Properties for:		G#88cc
nodes, edges			4999, 56565
directed?			False
weighted?			True
isolated nodes			0
self-loops			0
density				0.004528
clustering coefficient		0.427715
min/max/avg degree		6, 238, 22.630526
degree assortativity		0.170895
number of connected components	1
size of largest component	4999 (100.00 %)
tot:  7.3631412601231165
__standard+Louvain__
PLM(balanced,pc,turbo) detected communities in 0.20819354057312012 [s]
solution properties:
-------------------  ----------
# communities         21
min community size   150
max community size   483
avg. community size  238.048
modularity             0.814125
-------------------  ----------
30 community detected
NMI:0.26097867182047974
ARM:0.4379556536419281
__standard+PLP__
PLP detected communities in 0.07020163536071777 [s]
solution properties:
-------------------  ----------
# communities        567
min community size     1
max community size   165
avg. community size    8.81658
modularity             0.710891
-------------------  ----------
30 community detected
NMI:0.2625431898510244
ARM:0.41295621430514007
__ppmi__
Network Properties for:		G#110cc
nodes, edges			4999, 56565
directed?			False
weighted?			True
isolated nodes			0
self-loops			0
density				0.004528
clustering coefficient		0.427715
min/max/avg degree		6, 238, 22.630526
degree assortativity		0.170895
number of connected components	1
size of largest component	4999 (100.00 %)
tot:  233975.53899225936
__ppmi+Louvain__
PLM(balanced,pc,turbo) detected communities in 0.06361603736877441 [s]
solution properties:
-------------------  ----------
# communities         30
min community size   122
max community size   239
avg. community size  166.633
modularity             0.792969
-------------------  ----------
30 community detected
NMI:0.0
ARM:0.0
__ppmi+PLP__
PLP detected communities in 0.02380681037902832 [s]
solution properties:
-------------------  ----------
# communities         30
min community size   122
max community size   239
avg. community size  166.633
modularity             0.792969
-------------------  ----------
30 community detected
NMI:0.0
ARM:0.0
__glovexmax50alpha0.2__
Network Properties for:		G#126cc
nodes, edges			4999, 56565
directed?			False
weighted?			True
isolated nodes			0
self-loops			0
density				0.004528
clustering coefficient		0.427715
min/max/avg degree		6, 238, 22.630526
degree assortativity		0.170895
number of connected components	1
size of largest component	4999 (100.00 %)
tot:  32284.710231069257
__glovexmax50alpha0.2+Louvain__
PLM(balanced,pc,turbo) detected communities in 0.0329136848449707 [s]
solution properties:
-------------------  ---------
# communities         23
min community size   146
max community size   330
avg. community size  217.348
modularity             0.77515
-------------------  ---------
30 community detected
NMI:0.042271992630010136
ARM:0.14741813608581988
__glovexmax50alpha0.2+PLP__
PLP detected communities in 0.0014564990997314453 [s]
solution properties:
-------------------  ----------
# communities         30
min community size   122
max community size   239
avg. community size  166.633
modularity             0.782376
-------------------  ----------
30 community detected
NMI:0.0
ARM:0.0
__glovexmax40alpha0.2__
Network Properties for:		G#145cc
nodes, edges			4999, 56565
directed?			False
weighted?			True
isolated nodes			0
self-loops			0
density				0.004528
clustering coefficient		0.427715
min/max/avg degree		6, 238, 22.630526
degree assortativity		0.170895
number of connected components	1
size of largest component	4999 (100.00 %)
tot:  33726.36299110277
__glovexmax40alpha0.2+Louvain__
PLM(balanced,pc,turbo) detected communities in 0.0030851364135742188 [s]
solution properties:
-------------------  ----------
# communities         19
min community size   178
max community size   354
avg. community size  263.105
modularity             0.768256
-------------------  ----------
30 community detected
NMI:0.07332120285987731
ARM:0.24020054480776432
__glovexmax40alpha0.2+PLP__
PLP detected communities in 0.001491546630859375 [s]
solution properties:
-------------------  ----------
# communities         30
min community size   122
max community size   239
avg. community size  166.633
modularity             0.782429
-------------------  ----------
30 community detected
NMI:0.0
ARM:0.0
__glovexmax30alpha0.3__
Network Properties for:		G#164cc
nodes, edges			4999, 56565
directed?			False
weighted?			True
isolated nodes			0
self-loops			0
density				0.004528
clustering coefficient		0.427715
min/max/avg degree		6, 238, 22.630526
degree assortativity		0.170895
number of connected components	1
size of largest component	4999 (100.00 %)
tot:  30208.93745631785
__glovexmax30alpha0.3+Louvain__
PLM(balanced,pc,turbo) detected communities in 0.07550573348999023 [s]
solution properties:
-------------------  ----------
# communities         30
min community size   122
max community size   239
avg. community size  166.633
modularity             0.782045
-------------------  ----------
30 community detected
NMI:0.0
ARM:0.0
__glovexmax30alpha0.3+PLP__
PLP detected communities in 0.029116392135620117 [s]
solution properties:
-------------------  ----------
# communities         30
min community size   122
max community size   239
avg. community size  166.633
modularity             0.782045
-------------------  ----------
30 community detected
NMI:0.0
ARM:0.0
