__LOADINGS__
Network Properties for:		network
nodes, edges			5000, 41646
directed?			False
weighted?			True
isolated nodes			0
self-loops			0
density				0.003332
clustering coefficient		0.212311
min/max/avg degree		2, 210, 16.658400
degree assortativity		0.285559
number of connected components	1
size of largest component	5000 (100.00 %)
311162.4010280151
__Groundtruth__
read communities from: ../../lfr_5000/mk300/k25/muw0.3/18/community.dat
-------------------  ------------
# communities         32
min community size   100
max community size   215
avg. community size  156.25
modularity            -0.00124218
-------------------  ------------
32 community detected
__CLASSIC_METHODS__
__Louvain__
PLM(balanced,pc,turbo) detected communities in 0.4215507507324219 [s]
solution properties:
-------------------  ----------
# communities         23
min community size   130
max community size   316
avg. community size  217.391
modularity             0.511338
-------------------  ----------
32 community detected
NMI:0.978223160362251
ARM:0.9998205519309894
__Singleton__
32 community detected
NMI:0.42370093147868493
ARM:1.0
__AllInOne__
32 community detected
NMI:1.0
ARM:1.0
__PLP__
PLP detected communities in 0.11703157424926758 [s]
solution properties:
-------------------  ----------
# communities         43
min community size     4
max community size   213
avg. community size  116.279
modularity             0.507432
-------------------  ----------
32 community detected
NMI:0.960638883229437
ARM:0.9994872190037197
__NORMALIZATION__
__glove__
Network Properties for:		G#21cc
nodes, edges			5000, 41646
directed?			False
weighted?			True
isolated nodes			0
self-loops			0
density				0.003332
clustering coefficient		0.212311
min/max/avg degree		2, 210, 16.658400
degree assortativity		0.285559
number of connected components	1
size of largest component	5000 (100.00 %)
tot:  5143.474975718058
__glove+Louvain__
PLM(balanced,pc,turbo) detected communities in 0.3477303981781006 [s]
solution properties:
-------------------  ----------
# communities         38
min community size    85
max community size   199
avg. community size  131.579
modularity             0.535666
-------------------  ----------
32 community detected
NMI:0.9635836129912443
ARM:0.9994354537781224
__glove+PLP__
PLP detected communities in 0.0816652774810791 [s]
solution properties:
-------------------  ---------
# communities         40
min community size    76
max community size   201
avg. community size  125
modularity             0.53572
-------------------  ---------
32 community detected
NMI:0.9622013833611877
ARM:0.9994987355745673
__fake_pmi__
Network Properties for:		G#40cc
nodes, edges			5000, 41646
directed?			False
weighted?			True
isolated nodes			0
self-loops			0
density				0.003332
clustering coefficient		0.212311
min/max/avg degree		2, 210, 16.658400
degree assortativity		0.285559
number of connected components	1
size of largest component	5000 (100.00 %)
tot:  0.0
__fake_pmi+Louvain__
1 community detected due to total edge weight equal 0
NMI:1
ARM:0.9994987355745673
__fake_pmi+PLP__
1 community detected due to total edge weight equal 0
NMI:1
ARM:0.9994987355745673
__iterative_rev_degree_order__
Network Properties for:		G#53cc
nodes, edges			5000, 41646
directed?			False
weighted?			True
isolated nodes			0
self-loops			0
density				0.003332
clustering coefficient		0.212311
min/max/avg degree		2, 210, 16.658400
degree assortativity		0.285559
number of connected components	1
size of largest component	5000 (100.00 %)
tot:  1365.854521911309
__iterative_rev_degree_order+Louvain__
PLM(balanced,pc,turbo) detected communities in 0.5523993968963623 [s]
solution properties:
-------------------  ---------
# communities         82
min community size    26
max community size   101
avg. community size   60.9756
modularity             0.84024
-------------------  ---------
32 community detected
NMI:0.9269635339053396
ARM:1.000029045387048
__iterative_rev_degree_order+PLP__
PLP detected communities in 0.0852668285369873 [s]
solution properties:
-------------------  -----------
# communities        1579
min community size      2
max community size     10
avg. community size     3.16656
modularity              0.728116
-------------------  -----------
32 community detected
NMI:0.5763449361995538
ARM:0.9999657520842303
__pmi__
Network Properties for:		G#78cc
nodes, edges			5000, 41646
directed?			False
weighted?			True
isolated nodes			0
self-loops			0
density				0.003332
clustering coefficient		0.212311
min/max/avg degree		2, 210, 16.658400
degree assortativity		0.285559
number of connected components	1
size of largest component	5000 (100.00 %)
tot:  122296.99099491497
__pmi+Louvain__
PLM(balanced,pc,turbo) detected communities in 0.45829176902770996 [s]
solution properties:
-------------------  ----------
# communities         34
min community size    95
max community size   310
avg. community size  147.059
modularity             0.753934
-------------------  ----------
32 community detected
NMI:0.9677386407092339
ARM:0.9994355951335758
__pmi+PLP__
PLP detected communities in 0.07208776473999023 [s]
solution properties:
-------------------  ----------
# communities        115
min community size     2
max community size   173
avg. community size   43.4783
modularity             0.748354
-------------------  ----------
32 community detected
NMI:0.9375338680654915
ARM:0.9994303901533836
__standard__
Network Properties for:		G#100cc
nodes, edges			5000, 41646
directed?			False
weighted?			True
isolated nodes			0
self-loops			0
density				0.003332
clustering coefficient		0.212311
min/max/avg degree		2, 210, 16.658400
degree assortativity		0.285559
number of connected components	1
size of largest component	5000 (100.00 %)
tot:  18.41303833482568
__standard+Louvain__
PLM(balanced,pc,turbo) detected communities in 0.8066885471343994 [s]
solution properties:
-------------------  ---------
# communities         62
min community size     6
max community size   258
avg. community size   80.6452
modularity             0.79078
-------------------  ---------
32 community detected
NMI:0.9415496139095524
ARM:0.999761249368013
__standard+PLP__
PLP detected communities in 0.16945648193359375 [s]
solution properties:
-------------------  ----------
# communities        1321
min community size      2
max community size     54
avg. community size     3.78501
modularity              0.68017
-------------------  ----------
32 community detected
NMI:0.607175744130956
ARM:0.9998984430350057
__ppmi__
Network Properties for:		G#125cc
nodes, edges			5000, 41646
directed?			False
weighted?			True
isolated nodes			0
self-loops			0
density				0.003332
clustering coefficient		0.212311
min/max/avg degree		2, 210, 16.658400
degree assortativity		0.285559
number of connected components	1
size of largest component	5000 (100.00 %)
tot:  177582.87907479634
__ppmi+Louvain__
PLM(balanced,pc,turbo) detected communities in 0.5174820423126221 [s]
solution properties:
-------------------  ----------
# communities         29
min community size    99
max community size   322
avg. community size  172.414
modularity             0.589205
-------------------  ----------
32 community detected
NMI:0.9724545716744878
ARM:0.9997296116080534
__ppmi+PLP__
PLP detected communities in 0.08201813697814941 [s]
solution properties:
-------------------  ---------
# communities         79
min community size     2
max community size   171
avg. community size   63.2911
modularity             0.58579
-------------------  ---------
32 community detected
NMI:0.949473791746673
ARM:0.999648956370499
__glovexmax50alpha0.2__
Network Properties for:		G#144cc
nodes, edges			5000, 41646
directed?			False
weighted?			True
isolated nodes			0
self-loops			0
density				0.003332
clustering coefficient		0.212311
min/max/avg degree		2, 210, 16.658400
degree assortativity		0.285559
number of connected components	1
size of largest component	5000 (100.00 %)
tot:  23024.244126972844
__glovexmax50alpha0.2+Louvain__
PLM(balanced,pc,turbo) detected communities in 0.368222713470459 [s]
solution properties:
-------------------  ---------
# communities         40
min community size    90
max community size   185
avg. community size  125
modularity             0.57378
-------------------  ---------
32 community detected
NMI:0.9614519711856663
ARM:0.999419666237314
__glovexmax50alpha0.2+PLP__
PLP detected communities in 0.09375739097595215 [s]
solution properties:
-------------------  ---------
# communities         41
min community size    36
max community size   185
avg. community size  121.951
modularity             0.57166
-------------------  ---------
32 community detected
NMI:0.9603564148632668
ARM:0.9993896467048019
__glovexmax40alpha0.2__
Network Properties for:		G#163cc
nodes, edges			5000, 41646
directed?			False
weighted?			True
isolated nodes			0
self-loops			0
density				0.003332
clustering coefficient		0.212311
min/max/avg degree		2, 210, 16.658400
degree assortativity		0.285559
number of connected components	1
size of largest component	5000 (100.00 %)
tot:  24053.281156333804
__glovexmax40alpha0.2+Louvain__
PLM(balanced,pc,turbo) detected communities in 0.3647146224975586 [s]
solution properties:
-------------------  ----------
# communities         40
min community size    90
max community size   185
avg. community size  125
modularity             0.573935
-------------------  ----------
32 community detected
NMI:0.9614519711856663
ARM:0.999419666237314
__glovexmax40alpha0.2+PLP__
PLP detected communities in 0.14487242698669434 [s]
solution properties:
-------------------  ----------
# communities         40
min community size    90
max community size   185
avg. community size  125
modularity             0.573933
-------------------  ----------
32 community detected
NMI:0.9615956529801536
ARM:0.9994424254774763
__glovexmax30alpha0.3__
Network Properties for:		G#182cc
nodes, edges			5000, 41646
directed?			False
weighted?			True
isolated nodes			0
self-loops			0
density				0.003332
clustering coefficient		0.212311
min/max/avg degree		2, 210, 16.658400
degree assortativity		0.285559
number of connected components	1
size of largest component	5000 (100.00 %)
tot:  21527.476513088804
__glovexmax30alpha0.3+Louvain__
PLM(balanced,pc,turbo) detected communities in 0.37226176261901855 [s]
solution properties:
-------------------  ----------
# communities         40
min community size    89
max community size   187
avg. community size  125
modularity             0.570273
-------------------  ----------
32 community detected
NMI:0.9615933900162331
ARM:0.9994395134523848
__glovexmax30alpha0.3+PLP__
PLP detected communities in 0.051613807678222656 [s]
solution properties:
-------------------  ---------
# communities         40
min community size    89
max community size   187
avg. community size  125
modularity             0.57026
-------------------  ---------
32 community detected
NMI:0.9616354234054743
ARM:0.9994510578454869
