__LOADINGS__
Network Properties for:		network
nodes, edges			5000, 47394
directed?			False
weighted?			True
isolated nodes			0
self-loops			0
density				0.003792
clustering coefficient		0.460965
min/max/avg degree		1, 386, 18.957600
degree assortativity		0.195578
number of connected components	8
size of largest component	4962 (99.24 %)
425748.560164296
__Groundtruth__
read communities from: ../../lfr_5000/mk500/k20/muw0.2/11/community.dat
-------------------  ----------
# communities         46
min community size     5
max community size   472
avg. community size  108.696
modularity             0.636866
-------------------  ----------
46 community detected
__CLASSIC_METHODS__
__Louvain__
PLM(balanced,pc,turbo) detected communities in 0.39852356910705566 [s]
solution properties:
-------------------  ----------
# communities         32
min community size     5
max community size   484
avg. community size  156.25
modularity             0.638237
-------------------  ----------
46 community detected
NMI:0.05345878735493059
ARM:0.05574459417446587
__Singleton__
46 community detected
NMI:0.4646126258031138
ARM:1.0
__AllInOne__
46 community detected
NMI:1.0
ARM:1.0
__PLP__
PLP detected communities in 0.10885000228881836 [s]
solution properties:
-------------------  ----------
# communities         46
min community size     5
max community size   487
avg. community size  108.696
modularity             0.638115
-------------------  ----------
46 community detected
NMI:0.031471395155221016
ARM:0.04029726346848039
__NORMALIZATION__
__glove__
Network Properties for:		G#21cc
nodes, edges			4962, 47316
directed?			False
weighted?			True
isolated nodes			0
self-loops			0
density				0.003844
clustering coefficient		0.457617
min/max/avg degree		1, 386, 19.071342
degree assortativity		0.194487
number of connected components	1
size of largest component	4962 (100.00 %)
tot:  6233.094421880828
__glove+Louvain__
PLM(balanced,pc,turbo) detected communities in 0.4169747829437256 [s]
solution properties:
-------------------  ----------
# communities         24
min community size     8
max community size   480
avg. community size  206.75
modularity             0.676576
-------------------  ----------
46 community detected
NMI:0.9666468447294964
ARM:0.9990516242202143
__glove+PLP__
PLP detected communities in 0.0962669849395752 [s]
solution properties:
-------------------  ----------
# communities         39
min community size     6
max community size   482
avg. community size  127.231
modularity             0.676466
-------------------  ----------
46 community detected
NMI:0.9532505331590522
ARM:0.9987489268114834
__fake_pmi__
Network Properties for:		G#40cc
nodes, edges			4962, 47316
directed?			False
weighted?			True
isolated nodes			0
self-loops			0
density				0.003844
clustering coefficient		0.457617
min/max/avg degree		1, 386, 19.071342
degree assortativity		0.194487
number of connected components	1
size of largest component	4962 (100.00 %)
tot:  0.0
__fake_pmi+Louvain__
1 community detected due to total edge weight equal 0
NMI:1
ARM:0.9987489268114834
__fake_pmi+PLP__
1 community detected due to total edge weight equal 0
NMI:1
ARM:0.9987489268114834
__iterative_rev_degree_order__
Network Properties for:		G#53cc
nodes, edges			4962, 47316
directed?			False
weighted?			True
isolated nodes			0
self-loops			0
density				0.003844
clustering coefficient		0.457617
min/max/avg degree		1, 386, 19.071342
degree assortativity		0.194487
number of connected components	1
size of largest component	4962 (100.00 %)
tot:  1578.4555533511389
__iterative_rev_degree_order+Louvain__
PLM(balanced,pc,turbo) detected communities in 0.8345015048980713 [s]
solution properties:
-------------------  ---------
# communities         69
min community size     2
max community size   198
avg. community size   71.913
modularity             0.88072
-------------------  ---------
46 community detected
NMI:0.9307249651583507
ARM:0.9997879232918546
__iterative_rev_degree_order+PLP__
PLP detected communities in 0.09835147857666016 [s]
solution properties:
-------------------  -----------
# communities        1448
min community size      2
max community size     20
avg. community size     3.4268
modularity              0.758044
-------------------  -----------
46 community detected
NMI:0.6301452255334683
ARM:0.9999694782303478
__pmi__
Network Properties for:		G#78cc
nodes, edges			4962, 47316
directed?			False
weighted?			True
isolated nodes			0
self-loops			0
density				0.003844
clustering coefficient		0.457617
min/max/avg degree		1, 386, 19.071342
degree assortativity		0.194487
number of connected components	1
size of largest component	4962 (100.00 %)
tot:  79303.3176285321
__pmi+Louvain__
PLM(balanced,pc,turbo) detected communities in 0.4721493721008301 [s]
solution properties:
-------------------  ---------
# communities         32
min community size     8
max community size   725
avg. community size  155.062
modularity             1.35504
-------------------  ---------
46 community detected
NMI:0.9571746188460377
ARM:0.9986802080613174
__pmi+PLP__
PLP detected communities in 0.1729433536529541 [s]
solution properties:
-------------------  ---------
# communities         95
min community size     2
max community size   445
avg. community size   52.2316
modularity             1.34175
-------------------  ---------
46 community detected
NMI:0.9336595084959152
ARM:0.999316727747065
__standard__
Network Properties for:		G#97cc
nodes, edges			4962, 47316
directed?			False
weighted?			True
isolated nodes			0
self-loops			0
density				0.003844
clustering coefficient		0.457617
min/max/avg degree		1, 386, 19.071342
degree assortativity		0.194487
number of connected components	1
size of largest component	4962 (100.00 %)
tot:  13.638498498007086
__standard+Louvain__
PLM(balanced,pc,turbo) detected communities in 0.6400818824768066 [s]
solution properties:
-------------------  ----------
# communities         53
min community size     2
max community size   853
avg. community size   93.6226
modularity             0.912019
-------------------  ----------
46 community detected
NMI:0.9508204740399236
ARM:0.9976555923346266
__standard+PLP__
PLP detected communities in 0.14624762535095215 [s]
solution properties:
-------------------  ----------
# communities        869
min community size     2
max community size   197
avg. community size    5.71001
modularity             0.763089
-------------------  ----------
46 community detected
NMI:0.728227607802828
ARM:0.9997260700858481
__ppmi__
Network Properties for:		G#119cc
nodes, edges			4962, 47316
directed?			False
weighted?			True
isolated nodes			0
self-loops			0
density				0.003844
clustering coefficient		0.457617
min/max/avg degree		1, 386, 19.071342
degree assortativity		0.194487
number of connected components	1
size of largest component	4962 (100.00 %)
tot:  157501.65555459066
__ppmi+Louvain__
PLM(balanced,pc,turbo) detected communities in 0.3587789535522461 [s]
solution properties:
-------------------  ----------
# communities         28
min community size     9
max community size   468
avg. community size  177.214
modularity             0.769874
-------------------  ----------
46 community detected
NMI:0.9611980774516333
ARM:0.9987815936252031
__ppmi+PLP__
PLP detected communities in 0.14938068389892578 [s]
solution properties:
-------------------  ----------
# communities         45
min community size     2
max community size   750
avg. community size  110.267
modularity             0.770536
-------------------  ----------
46 community detected
NMI:0.9518580653220778
ARM:0.9985342561587731
__glovexmax50alpha0.2__
Network Properties for:		G#138cc
nodes, edges			4962, 47316
directed?			False
weighted?			True
isolated nodes			0
self-loops			0
density				0.003844
clustering coefficient		0.457617
min/max/avg degree		1, 386, 19.071342
degree assortativity		0.194487
number of connected components	1
size of largest component	4962 (100.00 %)
tot:  24788.70748216339
__glovexmax50alpha0.2+Louvain__
PLM(balanced,pc,turbo) detected communities in 0.3204042911529541 [s]
solution properties:
-------------------  --------
# communities         19
min community size   110
max community size   480
avg. community size  261.158
modularity             0.7355
-------------------  --------
46 community detected
NMI:0.9707614272574839
ARM:0.9992342661622502
__glovexmax50alpha0.2+PLP__
PLP detected communities in 0.0879068374633789 [s]
solution properties:
-------------------  ----------
# communities         39
min community size     6
max community size   472
avg. community size  127.231
modularity             0.736404
-------------------  ----------
46 community detected
NMI:0.9531576617965699
ARM:0.9987346312569648
__glovexmax40alpha0.2__
Network Properties for:		G#157cc
nodes, edges			4962, 47316
directed?			False
weighted?			True
isolated nodes			0
self-loops			0
density				0.003844
clustering coefficient		0.457617
min/max/avg degree		1, 386, 19.071342
degree assortativity		0.194487
number of connected components	1
size of largest component	4962 (100.00 %)
tot:  25839.903347894116
__glovexmax40alpha0.2+Louvain__
PLM(balanced,pc,turbo) detected communities in 0.32549238204956055 [s]
solution properties:
-------------------  ----------
# communities         23
min community size    72
max community size   480
avg. community size  215.739
modularity             0.736947
-------------------  ----------
46 community detected
NMI:0.9668653525068821
ARM:0.9989211362192576
__glovexmax40alpha0.2+PLP__
PLP detected communities in 0.09682893753051758 [s]
solution properties:
-------------------  ---------
# communities         39
min community size     6
max community size   472
avg. community size  127.231
modularity             0.73709
-------------------  ---------
46 community detected
NMI:0.9531576617965699
ARM:0.9987346312569648
__glovexmax30alpha0.3__
Network Properties for:		G#176cc
nodes, edges			4962, 47316
directed?			False
weighted?			True
isolated nodes			0
self-loops			0
density				0.003844
clustering coefficient		0.457617
min/max/avg degree		1, 386, 19.071342
degree assortativity		0.194487
number of connected components	1
size of largest component	4962 (100.00 %)
tot:  22792.793028550455
__glovexmax30alpha0.3+Louvain__
PLM(balanced,pc,turbo) detected communities in 0.36889076232910156 [s]
solution properties:
-------------------  ----------
# communities         17
min community size   159
max community size   480
avg. community size  291.882
modularity             0.731816
-------------------  ----------
46 community detected
NMI:0.9734176644075335
ARM:0.999197701659432
__glovexmax30alpha0.3+PLP__
PLP detected communities in 0.12216448783874512 [s]
solution properties:
-------------------  ----------
# communities         39
min community size     6
max community size   472
avg. community size  127.231
modularity             0.733622
-------------------  ----------
46 community detected
NMI:0.9531342994957402
ARM:0.9986934901341566
