__LOADINGS__
Network Properties for:		network
nodes, edges			5000, 56252
directed?			False
weighted?			True
isolated nodes			0
self-loops			0
density				0.004501
clustering coefficient		0.447707
min/max/avg degree		2, 87, 22.500800
degree assortativity		0.409931
number of connected components	1
size of largest component	5000 (100.00 %)
337213.31007433764
__Groundtruth__
read communities from: ../../lfr_5000/mk100/k25/muw0.2/8/community.dat
-------------------  ----------
# communities        104
min community size    20
max community size    99
avg. community size   48.0769
modularity             0.817437
-------------------  ----------
104 community detected
__CLASSIC_METHODS__
__Louvain__
PLM(balanced,pc,turbo) detected communities in 0.14253497123718262 [s]
solution properties:
-------------------  ---------
# communities         45
min community size    67
max community size   181
avg. community size  111.111
modularity             0.81534
-------------------  ---------
104 community detected
NMI:0.09354831634416483
ARM:0.35602052213560476
__Singleton__
104 community detected
NMI:0.30478149554017087
ARM:1.0
__AllInOne__
104 community detected
NMI:1.0
ARM:1.0
__PLP__
PLP detected communities in 0.024855613708496094 [s]
solution properties:
-------------------  ----------
# communities        104
min community size    20
max community size   101
avg. community size   48.0769
modularity             0.817479
-------------------  ----------
104 community detected
NMI:0.00048498238702465724
ARM:0.0012679256946371842
__NORMALIZATION__
__glove__
Network Properties for:		G#21cc
nodes, edges			5000, 56252
directed?			False
weighted?			True
isolated nodes			0
self-loops			0
density				0.004501
clustering coefficient		0.447707
min/max/avg degree		2, 87, 22.500800
degree assortativity		0.409931
number of connected components	1
size of largest component	5000 (100.00 %)
tot:  6589.782112459165
__glove+Louvain__
PLM(balanced,pc,turbo) detected communities in 0.1446826457977295 [s]
solution properties:
-------------------  ----------
# communities         51
min community size    65
max community size   141
avg. community size   98.0392
modularity             0.817837
-------------------  ----------
104 community detected
NMI:0.0747659208931889
ARM:0.279477255180665
__glove+PLP__
PLP detected communities in 0.0015561580657958984 [s]
solution properties:
-------------------  ----------
# communities        104
min community size    20
max community size   101
avg. community size   48.0769
modularity             0.819364
-------------------  ----------
104 community detected
NMI:0.00048498238702465724
ARM:0.0012679256946371842
__fake_pmi__
Network Properties for:		G#40cc
nodes, edges			5000, 56252
directed?			False
weighted?			True
isolated nodes			0
self-loops			0
density				0.004501
clustering coefficient		0.447707
min/max/avg degree		2, 87, 22.500800
degree assortativity		0.409931
number of connected components	1
size of largest component	5000 (100.00 %)
tot:  0.0
__fake_pmi+Louvain__
1 community detected due to total edge weight equal 0
NMI:1
ARM:0.0012679256946371842
__fake_pmi+PLP__
1 community detected due to total edge weight equal 0
NMI:1
ARM:0.0012679256946371842
__iterative_rev_degree_order__
Network Properties for:		G#53cc
nodes, edges			5000, 56252
directed?			False
weighted?			True
isolated nodes			0
self-loops			0
density				0.004501
clustering coefficient		0.447707
min/max/avg degree		2, 87, 22.500800
degree assortativity		0.409931
number of connected components	1
size of largest component	5000 (100.00 %)
tot:  1155.7024762138512
__iterative_rev_degree_order+Louvain__
PLM(balanced,pc,turbo) detected communities in 0.26089024543762207 [s]
solution properties:
-------------------  ---------
# communities         35
min community size    84
max community size   216
avg. community size  142.857
modularity             0.78628
-------------------  ---------
104 community detected
NMI:0.4334057763005491
ARM:0.7701731888120842
__iterative_rev_degree_order+PLP__
PLP detected communities in 0.0388796329498291 [s]
solution properties:
-------------------  -----------
# communities        1082
min community size      2
max community size     33
avg. community size     4.62107
modularity              0.619752
-------------------  -----------
104 community detected
NMI:0.29804505098568257
ARM:0.8979644780218042
__pmi__
Network Properties for:		G#78cc
nodes, edges			5000, 56252
directed?			False
weighted?			True
isolated nodes			0
self-loops			0
density				0.004501
clustering coefficient		0.447707
min/max/avg degree		2, 87, 22.500800
degree assortativity		0.409931
number of connected components	1
size of largest component	5000 (100.00 %)
tot:  335514.76424942346
__pmi+Louvain__
PLM(balanced,pc,turbo) detected communities in 0.006392478942871094 [s]
solution properties:
-------------------  ----------
# communities         16
min community size   183
max community size   656
avg. community size  312.5
modularity             0.773237
-------------------  ----------
104 community detected
NMI:0.25137745926969113
ARM:0.7334777142652212
__pmi+PLP__
PLP detected communities in 0.002074718475341797 [s]
solution properties:
-------------------  ----------
# communities        104
min community size    20
max community size   100
avg. community size   48.0769
modularity             0.821322
-------------------  ----------
104 community detected
NMI:0.0002442217426903426
ARM:0.0006568525172906403
__standard__
Network Properties for:		G#97cc
nodes, edges			5000, 56252
directed?			False
weighted?			True
isolated nodes			0
self-loops			0
density				0.004501
clustering coefficient		0.447707
min/max/avg degree		2, 87, 22.500800
degree assortativity		0.409931
number of connected components	1
size of largest component	5000 (100.00 %)
tot:  18.340756248022466
__standard+Louvain__
PLM(balanced,pc,turbo) detected communities in 0.04326319694519043 [s]
solution properties:
-------------------  ----------
# communities         53
min community size    29
max community size   307
avg. community size   94.3396
modularity             0.823665
-------------------  ----------
104 community detected
NMI:0.12325694212561367
ARM:0.4134532225959229
__standard+PLP__
PLP detected communities in 0.0025033950805664062 [s]
solution properties:
-------------------  ----------
# communities        159
min community size     2
max community size    95
avg. community size   31.4465
modularity             0.817401
-------------------  ----------
104 community detected
NMI:0.044046559491078385
ARM:0.09084677047820877
__ppmi__
Network Properties for:		G#116cc
nodes, edges			5000, 56252
directed?			False
weighted?			True
isolated nodes			0
self-loops			0
density				0.004501
clustering coefficient		0.447707
min/max/avg degree		2, 87, 22.500800
degree assortativity		0.409931
number of connected components	1
size of largest component	5000 (100.00 %)
tot:  336462.75511678885
__ppmi+Louvain__
PLM(balanced,pc,turbo) detected communities in 0.0064809322357177734 [s]
solution properties:
-------------------  ----------
# communities         21
min community size    63
max community size   390
avg. community size  238.095
modularity             0.790458
-------------------  ----------
104 community detected
NMI:0.2043608076243424
ARM:0.6451729850891725
__ppmi+PLP__
PLP detected communities in 0.022932767868041992 [s]
solution properties:
-------------------  ----------
# communities        104
min community size    20
max community size   100
avg. community size   48.0769
modularity             0.820215
-------------------  ----------
104 community detected
NMI:0.0002442217426905646
ARM:0.0006568525172906403
__glovexmax50alpha0.2__
Network Properties for:		G#135cc
nodes, edges			5000, 56252
directed?			False
weighted?			True
isolated nodes			0
self-loops			0
density				0.004501
clustering coefficient		0.447707
min/max/avg degree		2, 87, 22.500800
degree assortativity		0.409931
number of connected components	1
size of largest component	5000 (100.00 %)
tot:  35506.4123400506
__glovexmax50alpha0.2+Louvain__
PLM(balanced,pc,turbo) detected communities in 0.1304171085357666 [s]
solution properties:
-------------------  ----------
# communities         52
min community size    65
max community size   139
avg. community size   96.1538
modularity             0.815422
-------------------  ----------
104 community detected
NMI:0.07227989126319223
ARM:0.270328532795052
__glovexmax50alpha0.2+PLP__
PLP detected communities in 0.0017142295837402344 [s]
solution properties:
-------------------  ---------
# communities        104
min community size    20
max community size   101
avg. community size   48.0769
modularity             0.81742
-------------------  ---------
104 community detected
NMI:0.0004849823870245462
ARM:0.0012679256946371842
__glovexmax40alpha0.2__
Network Properties for:		G#154cc
nodes, edges			5000, 56252
directed?			False
weighted?			True
isolated nodes			0
self-loops			0
density				0.004501
clustering coefficient		0.447707
min/max/avg degree		2, 87, 22.500800
degree assortativity		0.409931
number of connected components	1
size of largest component	5000 (100.00 %)
tot:  37126.90911337224
__glovexmax40alpha0.2+Louvain__
PLM(balanced,pc,turbo) detected communities in 0.005788326263427734 [s]
solution properties:
-------------------  ----------
# communities         17
min community size   157
max community size   431
avg. community size  294.118
modularity             0.778109
-------------------  ----------
104 community detected
NMI:0.24028522602103686
ARM:0.7101914908507534
__glovexmax40alpha0.2+PLP__
PLP detected communities in 0.0016040802001953125 [s]
solution properties:
-------------------  ---------
# communities        104
min community size    20
max community size   101
avg. community size   48.0769
modularity             0.81742
-------------------  ---------
104 community detected
NMI:0.0004849823870245462
ARM:0.0012679256946371842
__glovexmax30alpha0.3__
Network Properties for:		G#173cc
nodes, edges			5000, 56252
directed?			False
weighted?			True
isolated nodes			0
self-loops			0
density				0.004501
clustering coefficient		0.447707
min/max/avg degree		2, 87, 22.500800
degree assortativity		0.409931
number of connected components	1
size of largest component	5000 (100.00 %)
tot:  33191.21641282592
__glovexmax30alpha0.3+Louvain__
PLM(balanced,pc,turbo) detected communities in 0.005814313888549805 [s]
solution properties:
-------------------  ----------
# communities         17
min community size   138
max community size   557
avg. community size  294.118
modularity             0.779357
-------------------  ----------
104 community detected
NMI:0.24069821568060112
ARM:0.7130319089346511
__glovexmax30alpha0.3+PLP__
PLP detected communities in 0.0016789436340332031 [s]
solution properties:
-------------------  ---------
# communities        104
min community size    20
max community size   101
avg. community size   48.0769
modularity             0.81898
-------------------  ---------
104 community detected
NMI:0.00048498238702476826
ARM:0.0012679256946371842
