__LOADINGS__
Network Properties for:		network
nodes, edges			5000, 56377
directed?			False
weighted?			True
isolated nodes			0
self-loops			0
density				0.004511
clustering coefficient		0.238915
min/max/avg degree		1, 346, 22.550800
degree assortativity		0.312479
number of connected components	1
size of largest component	5000 (100.00 %)
521145.34949742927
__Groundtruth__
read communities from: ../../lfr_5000/mk500/k25/muw0.4/5/community.dat
-------------------  ----------
# communities         45
min community size     6
max community size   473
avg. community size  111.111
modularity             0.451656
-------------------  ----------
45 community detected
__CLASSIC_METHODS__
__Louvain__
PLM(balanced,pc,turbo) detected communities in 0.36946678161621094 [s]
solution properties:
-------------------  ----------
# communities         21
min community size    54
max community size   474
avg. community size  238.095
modularity             0.456995
-------------------  ----------
45 community detected
NMI:0.16241144182508094
ARM:0.1842074702624178
__Singleton__
45 community detected
NMI:0.4614604625731926
ARM:1.0
__AllInOne__
45 community detected
NMI:1.0
ARM:1.0
__PLP__
PLP detected communities in 0.13880372047424316 [s]
solution properties:
-------------------  ----------
# communities         32
min community size     2
max community size   533
avg. community size  156.25
modularity             0.452898
-------------------  ----------
45 community detected
NMI:0.1860347111631514
ARM:0.2591439813570675
__NORMALIZATION__
__glove__
Network Properties for:		G#21cc
nodes, edges			5000, 56377
directed?			False
weighted?			True
isolated nodes			0
self-loops			0
density				0.004511
clustering coefficient		0.238915
min/max/avg degree		1, 346, 22.550800
degree assortativity		0.312479
number of connected components	1
size of largest component	5000 (100.00 %)
tot:  8043.002234928878
__glove+Louvain__
PLM(balanced,pc,turbo) detected communities in 0.42658400535583496 [s]
solution properties:
-------------------  ---------
# communities         22
min community size    67
max community size   456
avg. community size  227.273
modularity             0.48268
-------------------  ---------
45 community detected
NMI:0.12043880247981398
ARM:0.1372633835519722
__glove+PLP__
PLP detected communities in 0.14215826988220215 [s]
solution properties:
-------------------  ----------
# communities         39
min community size     5
max community size   487
avg. community size  128.205
modularity             0.482139
-------------------  ----------
45 community detected
NMI:0.10407807458603824
ARM:0.1384843726946614
__fake_pmi__
Network Properties for:		G#40cc
nodes, edges			5000, 56377
directed?			False
weighted?			True
isolated nodes			0
self-loops			0
density				0.004511
clustering coefficient		0.238915
min/max/avg degree		1, 346, 22.550800
degree assortativity		0.312479
number of connected components	1
size of largest component	5000 (100.00 %)
tot:  0.0
__fake_pmi+Louvain__
1 community detected due to total edge weight equal 0
NMI:1
ARM:0.1384843726946614
__fake_pmi+PLP__
1 community detected due to total edge weight equal 0
NMI:1
ARM:0.1384843726946614
__iterative_rev_degree_order__
Network Properties for:		G#53cc
nodes, edges			5000, 56377
directed?			False
weighted?			True
isolated nodes			0
self-loops			0
density				0.004511
clustering coefficient		0.238915
min/max/avg degree		1, 346, 22.550800
degree assortativity		0.312479
number of connected components	1
size of largest component	5000 (100.00 %)
tot:  1361.939837967122
__iterative_rev_degree_order+Louvain__
PLM(balanced,pc,turbo) detected communities in 0.7459936141967773 [s]
solution properties:
-------------------  ----------
# communities         62
min community size    38
max community size   146
avg. community size   80.6452
modularity             0.831247
-------------------  ----------
45 community detected
NMI:0.7988644138685901
ARM:0.9763639256668718
__iterative_rev_degree_order+PLP__
PLP detected communities in 0.0849916934967041 [s]
solution properties:
-------------------  -----------
# communities        1533
min community size      2
max community size     12
avg. community size     3.26158
modularity              0.718215
-------------------  -----------
45 community detected
NMI:0.5391503948045532
ARM:0.9942676348868202
__pmi__
Network Properties for:		G#78cc
nodes, edges			5000, 56377
directed?			False
weighted?			True
isolated nodes			0
self-loops			0
density				0.004511
clustering coefficient		0.238915
min/max/avg degree		1, 346, 22.550800
degree assortativity		0.312479
number of connected components	1
size of largest component	5000 (100.00 %)
tot:  127581.94557328263
__pmi+Louvain__
PLM(balanced,pc,turbo) detected communities in 0.6059474945068359 [s]
solution properties:
-------------------  ----------
# communities         31
min community size     8
max community size   617
avg. community size  161.29
modularity             0.747002
-------------------  ----------
45 community detected
NMI:0.37562657285971524
ARM:0.5706157450155603
__pmi+PLP__
PLP detected communities in 0.21141839027404785 [s]
solution properties:
-------------------  -----------
# communities         103
min community size      1
max community size   1372
avg. community size    48.5437
modularity              0.727054
-------------------  -----------
45 community detected
NMI:0.38528111982714386
ARM:0.6982695861566892
__standard__
Network Properties for:		G#97cc
nodes, edges			5000, 56377
directed?			False
weighted?			True
isolated nodes			0
self-loops			0
density				0.004511
clustering coefficient		0.238915
min/max/avg degree		1, 346, 22.550800
degree assortativity		0.312479
number of connected components	1
size of largest component	5000 (100.00 %)
tot:  13.353442862431047
__standard+Louvain__
PLM(balanced,pc,turbo) detected communities in 0.8330023288726807 [s]
solution properties:
-------------------  ---------
# communities         73
min community size     2
max community size   247
avg. community size   68.4932
modularity             0.82772
-------------------  ---------
45 community detected
NMI:0.7277393562352192
ARM:0.9373936139594932
__standard+PLP__
PLP detected communities in 0.18761229515075684 [s]
solution properties:
-------------------  -----------
# communities        1175
min community size      1
max community size     65
avg. community size     4.25532
modularity              0.691451
-------------------  -----------
45 community detected
NMI:0.573984325150631
ARM:0.9889196139164999
__ppmi__
Network Properties for:		G#122cc
nodes, edges			5000, 56377
directed?			False
weighted?			True
isolated nodes			0
self-loops			0
density				0.004511
clustering coefficient		0.238915
min/max/avg degree		1, 346, 22.550800
degree assortativity		0.312479
number of connected components	1
size of largest component	5000 (100.00 %)
tot:  196856.27413942356
__ppmi+Louvain__
PLM(balanced,pc,turbo) detected communities in 0.4913060665130615 [s]
solution properties:
-------------------  ----------
# communities         32
min community size    12
max community size   431
avg. community size  156.25
modularity             0.564952
-------------------  ----------
45 community detected
NMI:0.16408874527256678
ARM:0.20293438265371266
__ppmi+PLP__
PLP detected communities in 0.11425328254699707 [s]
solution properties:
-------------------  -----------
# communities          43
min community size      1
max community size   2796
avg. community size   116.279
modularity              0.448803
-------------------  -----------
45 community detected
NMI:0.3021842901942514
ARM:0.8107888810551866
__glovexmax50alpha0.2__
Network Properties for:		G#141cc
nodes, edges			5000, 56377
directed?			False
weighted?			True
isolated nodes			0
self-loops			0
density				0.004511
clustering coefficient		0.238915
min/max/avg degree		1, 346, 22.550800
degree assortativity		0.312479
number of connected components	1
size of largest component	5000 (100.00 %)
tot:  31755.873352172875
__glovexmax50alpha0.2+Louvain__
PLM(balanced,pc,turbo) detected communities in 0.3973391056060791 [s]
solution properties:
-------------------  -------
# communities         27
min community size    25
max community size   465
avg. community size  185.185
modularity             0.532
-------------------  -------
45 community detected
NMI:0.032872114791009155
ARM:0.029329847774461792
__glovexmax50alpha0.2+PLP__
PLP detected communities in 0.11455917358398438 [s]
solution properties:
-------------------  ----------
# communities         43
min community size     6
max community size   476
avg. community size  116.279
modularity             0.531699
-------------------  ----------
45 community detected
NMI:0.016323157995585702
ARM:0.02265196468833075
__glovexmax40alpha0.2__
Network Properties for:		G#160cc
nodes, edges			5000, 56377
directed?			False
weighted?			True
isolated nodes			0
self-loops			0
density				0.004511
clustering coefficient		0.238915
min/max/avg degree		1, 346, 22.550800
degree assortativity		0.312479
number of connected components	1
size of largest component	5000 (100.00 %)
tot:  33148.792608596064
__glovexmax40alpha0.2+Louvain__
PLM(balanced,pc,turbo) detected communities in 0.2891721725463867 [s]
solution properties:
-------------------  ---------
# communities         27
min community size    25
max community size   465
avg. community size  185.185
modularity             0.53236
-------------------  ---------
45 community detected
NMI:0.03346375688744985
ARM:0.02998842823273229
__glovexmax40alpha0.2+PLP__
PLP detected communities in 0.0813760757446289 [s]
solution properties:
-------------------  ----------
# communities         44
min community size     1
max community size   476
avg. community size  113.636
modularity             0.532029
-------------------  ----------
45 community detected
NMI:0.016199964972933745
ARM:0.022490904303700487
__glovexmax30alpha0.3__
Network Properties for:		G#179cc
nodes, edges			5000, 56377
directed?			False
weighted?			True
isolated nodes			0
self-loops			0
density				0.004511
clustering coefficient		0.238915
min/max/avg degree		1, 346, 22.550800
degree assortativity		0.312479
number of connected components	1
size of largest component	5000 (100.00 %)
tot:  29933.96284662349
__glovexmax30alpha0.3+Louvain__
PLM(balanced,pc,turbo) detected communities in 0.2671077251434326 [s]
solution properties:
-------------------  ----------
# communities         19
min community size   132
max community size   460
avg. community size  263.158
modularity             0.526821
-------------------  ----------
45 community detected
NMI:0.07154280832511906
ARM:0.07738869452741337
__glovexmax30alpha0.3+PLP__
PLP detected communities in 0.04553651809692383 [s]
solution properties:
-------------------  ----------
# communities         43
min community size     6
max community size   473
avg. community size  116.279
modularity             0.526957
-------------------  ----------
45 community detected
NMI:0.027605748867955193
ARM:0.035788765305168724
