__LOADINGS__
Network Properties for:		network
nodes, edges			5000, 33303
directed?			False
weighted?			True
isolated nodes			1
self-loops			0
density				0.002665
clustering coefficient		0.390982
min/max/avg degree		0, 237, 13.321200
degree assortativity		0.125698
number of connected components	2
size of largest component	4999 (99.98 %)
241720.1186862698
__Groundtruth__
read communities from: ../../lfr_5000/mk300/k15/muw0.2/15/community.dat
-------------------  ----------
# communities         30
min community size   122
max community size   240
avg. community size  166.667
modularity             0.704068
-------------------  ----------
30 community detected
__CLASSIC_METHODS__
__Louvain__
PLM(balanced,pc,turbo) detected communities in 0.24402904510498047 [s]
solution properties:
-------------------  ----------
# communities         31
min community size     1
max community size   247
avg. community size  161.29
modularity             0.707794
-------------------  ----------
30 community detected
NMI:0.06551592286998753
ARM:0.07489958219935744
__Singleton__
30 community detected
NMI:0.43129281532966113
ARM:1.0
__AllInOne__
30 community detected
NMI:1.0
ARM:1.0
__PLP__
PLP detected communities in 0.07836294174194336 [s]
solution properties:
-------------------  ----------
# communities         31
min community size     1
max community size   247
avg. community size  161.29
modularity             0.707794
-------------------  ----------
30 community detected
NMI:0.06576398795805005
ARM:0.07528815321951643
__NORMALIZATION__
__glove__
Network Properties for:		G#18cc
nodes, edges			4999, 33303
directed?			False
weighted?			True
isolated nodes			0
self-loops			0
density				0.002666
clustering coefficient		0.391060
min/max/avg degree		3, 237, 13.323865
degree assortativity		0.125698
number of connected components	1
size of largest component	4999 (100.00 %)
tot:  3816.210325828703
__glove+Louvain__
PLM(balanced,pc,turbo) detected communities in 0.27010345458984375 [s]
solution properties:
-------------------  ----------
# communities         30
min community size   121
max community size   245
avg. community size  166.633
modularity             0.735373
-------------------  ----------
30 community detected
NMI:0.050815307696264855
ARM:0.0577393652286069
__glove+PLP__
PLP detected communities in 0.12149691581726074 [s]
solution properties:
-------------------  ----------
# communities         30
min community size   121
max community size   246
avg. community size  166.633
modularity             0.735371
-------------------  ----------
30 community detected
NMI:0.05155179063918447
ARM:0.05863877248233418
__fake_pmi__
Network Properties for:		G#34cc
nodes, edges			4999, 33303
directed?			False
weighted?			True
isolated nodes			0
self-loops			0
density				0.002666
clustering coefficient		0.391060
min/max/avg degree		3, 237, 13.323865
degree assortativity		0.125698
number of connected components	1
size of largest component	4999 (100.00 %)
tot:  0.0
__fake_pmi+Louvain__
1 community detected due to total edge weight equal 0
NMI:1
ARM:0.05863877248233418
__fake_pmi+PLP__
1 community detected due to total edge weight equal 0
NMI:1
ARM:0.05863877248233418
__iterative_rev_degree_order__
Network Properties for:		G#47cc
nodes, edges			4999, 33303
directed?			False
weighted?			True
isolated nodes			0
self-loops			0
density				0.002666
clustering coefficient		0.391060
min/max/avg degree		3, 237, 13.323865
degree assortativity		0.125698
number of connected components	1
size of largest component	4999 (100.00 %)
tot:  1702.4836074448085
__iterative_rev_degree_order+Louvain__
PLM(balanced,pc,turbo) detected communities in 0.7740573883056641 [s]
solution properties:
-------------------  --------
# communities         59
min community size     2
max community size   208
avg. community size   84.7288
modularity             0.8807
-------------------  --------
30 community detected
NMI:0.5681291253510496
ARM:0.7583878482765585
__iterative_rev_degree_order+PLP__
PLP detected communities in 0.02413654327392578 [s]
solution properties:
-------------------  -----------
# communities        1516
min community size      2
max community size     23
avg. community size     3.29749
modularity              0.763516
-------------------  -----------
30 community detected
NMI:0.4540785089548427
ARM:0.978502910777446
__pmi__
Network Properties for:		G#72cc
nodes, edges			4999, 33303
directed?			False
weighted?			True
isolated nodes			0
self-loops			0
density				0.002666
clustering coefficient		0.391060
min/max/avg degree		3, 237, 13.323865
degree assortativity		0.125698
number of connected components	1
size of largest component	4999 (100.00 %)
tot:  97309.61047926306
__pmi+Louvain__
PLM(balanced,pc,turbo) detected communities in 0.45752477645874023 [s]
solution properties:
-------------------  ----------
# communities         27
min community size   126
max community size   525
avg. community size  185.148
modularity             0.983327
-------------------  ----------
30 community detected
NMI:0.14885583619177611
ARM:0.2842820734259164
__pmi+PLP__
PLP detected communities in 0.14093637466430664 [s]
solution properties:
-------------------  ----------
# communities         86
min community size     1
max community size   203
avg. community size   58.1279
modularity             0.973933
-------------------  ----------
30 community detected
NMI:0.12976152325620194
ARM:0.17419487112812426
__standard__
Network Properties for:		G#91cc
nodes, edges			4999, 33303
directed?			False
weighted?			True
isolated nodes			0
self-loops			0
density				0.002666
clustering coefficient		0.391060
min/max/avg degree		3, 237, 13.323865
degree assortativity		0.125698
number of connected components	1
size of largest component	4999 (100.00 %)
tot:  15.903931177740395
__standard+Louvain__
PLM(balanced,pc,turbo) detected communities in 0.8292720317840576 [s]
solution properties:
-------------------  ----------
# communities         57
min community size     2
max community size   510
avg. community size   87.7018
modularity             0.868003
-------------------  ----------
30 community detected
NMI:0.358493587469355
ARM:0.49434194646031726
__standard+PLP__
PLP detected communities in 0.08899140357971191 [s]
solution properties:
-------------------  -----------
# communities        1143
min community size      2
max community size     92
avg. community size     4.37358
modularity              0.702344
-------------------  -----------
30 community detected
NMI:0.4116697748226428
ARM:0.8513791076676462
__ppmi__
Network Properties for:		G#116cc
nodes, edges			4999, 33303
directed?			False
weighted?			True
isolated nodes			0
self-loops			0
density				0.002666
clustering coefficient		0.391060
min/max/avg degree		3, 237, 13.323865
degree assortativity		0.125698
number of connected components	1
size of largest component	4999 (100.00 %)
tot:  135525.42941063986
__ppmi+Louvain__
PLM(balanced,pc,turbo) detected communities in 0.41022562980651855 [s]
solution properties:
-------------------  ----------
# communities         30
min community size   123
max community size   222
avg. community size  166.633
modularity             0.777346
-------------------  ----------
30 community detected
NMI:0.040782248331024507
ARM:0.05125315821584908
__ppmi+PLP__
PLP detected communities in 0.0900111198425293 [s]
solution properties:
-------------------  ----------
# communities         58
min community size     1
max community size   216
avg. community size   86.1897
modularity             0.774306
-------------------  ----------
30 community detected
NMI:0.04516441808736904
ARM:0.05619578344644094
__glovexmax50alpha0.2__
Network Properties for:		G#135cc
nodes, edges			4999, 33303
directed?			False
weighted?			True
isolated nodes			0
self-loops			0
density				0.002666
clustering coefficient		0.391060
min/max/avg degree		3, 237, 13.323865
degree assortativity		0.125698
number of connected components	1
size of largest component	4999 (100.00 %)
tot:  17436.48707724031
__glovexmax50alpha0.2+Louvain__
PLM(balanced,pc,turbo) detected communities in 0.36420273780822754 [s]
solution properties:
-------------------  ---------
# communities         30
min community size   122
max community size   240
avg. community size  166.633
modularity             0.76992
-------------------  ---------
30 community detected
NMI:0.003980011081304191
ARM:0.0045134230216000715
__glovexmax50alpha0.2+PLP__
PLP detected communities in 0.11028432846069336 [s]
solution properties:
-------------------  ----------
# communities         30
min community size   122
max community size   240
avg. community size  166.633
modularity             0.769895
-------------------  ----------
30 community detected
NMI:0.0045943487215885925
ARM:0.005151523942136582
__glovexmax40alpha0.2__
Network Properties for:		G#154cc
nodes, edges			4999, 33303
directed?			False
weighted?			True
isolated nodes			0
self-loops			0
density				0.002666
clustering coefficient		0.391060
min/max/avg degree		3, 237, 13.323865
degree assortativity		0.125698
number of connected components	1
size of largest component	4999 (100.00 %)
tot:  18205.486756017737
__glovexmax40alpha0.2+Louvain__
PLM(balanced,pc,turbo) detected communities in 0.12901997566223145 [s]
solution properties:
-------------------  ----------
# communities         23
min community size   153
max community size   306
avg. community size  217.348
modularity             0.763305
-------------------  ----------
30 community detected
NMI:0.04569698061710703
ARM:0.1484835050856531
__glovexmax40alpha0.2+PLP__
PLP detected communities in 0.04631233215332031 [s]
solution properties:
-------------------  ----------
# communities         30
min community size   122
max community size   240
avg. community size  166.633
modularity             0.770125
-------------------  ----------
30 community detected
NMI:0.004949147562494538
ARM:0.005514417021441176
__glovexmax30alpha0.3__
Network Properties for:		G#173cc
nodes, edges			4999, 33303
directed?			False
weighted?			True
isolated nodes			0
self-loops			0
density				0.002666
clustering coefficient		0.391060
min/max/avg degree		3, 237, 13.323865
degree assortativity		0.125698
number of connected components	1
size of largest component	4999 (100.00 %)
tot:  15920.035126459583
__glovexmax30alpha0.3+Louvain__
PLM(balanced,pc,turbo) detected communities in 0.07087850570678711 [s]
solution properties:
-------------------  ----------
# communities         30
min community size   121
max community size   241
avg. community size  166.633
modularity             0.768341
-------------------  ----------
30 community detected
NMI:0.01645650133844534
ARM:0.018622345122854322
__glovexmax30alpha0.3+PLP__
PLP detected communities in 0.043558359146118164 [s]
solution properties:
-------------------  ---------
# communities         30
min community size   121
max community size   241
avg. community size  166.633
modularity             0.76832
-------------------  ---------
30 community detected
NMI:0.01669975261913792
ARM:0.018788009113730797
