__LOADINGS__
Network Properties for:		network
nodes, edges			5000, 41646
directed?			False
weighted?			True
isolated nodes			0
self-loops			0
density				0.003332
clustering coefficient		0.212311
min/max/avg degree		2, 210, 16.658400
degree assortativity		0.285559
number of connected components	1
size of largest component	5000 (100.00 %)
311162.4010280151
__Groundtruth__
read communities from: ../../lfr_5000/mk300/k20/muw0.4/39/community.dat
-------------------  ----------
# communities         40
min community size    89
max community size   180
avg. community size  125
modularity             0.507325
-------------------  ----------
40 community detected
__CLASSIC_METHODS__
__Louvain__
PLM(balanced,pc,turbo) detected communities in 0.45764994621276855 [s]
solution properties:
-------------------  ----------
# communities         34
min community size    78
max community size   298
avg. community size  147.059
modularity             0.513341
-------------------  ----------
40 community detected
NMI:0.13288131393556402
ARM:0.22870314408613712
__Singleton__
40 community detected
NMI:0.3983004112753791
ARM:1.0
__AllInOne__
40 community detected
NMI:1.0
ARM:1.0
__PLP__
PLP detected communities in 0.06264901161193848 [s]
solution properties:
-------------------  ----------
# communities         42
min community size     4
max community size   212
avg. community size  119.048
modularity             0.511277
-------------------  ----------
40 community detected
NMI:0.12234176918209927
ARM:0.16040710808859493
__NORMALIZATION__
__glove__
Network Properties for:		G#21cc
nodes, edges			5000, 41646
directed?			False
weighted?			True
isolated nodes			0
self-loops			0
density				0.003332
clustering coefficient		0.212311
min/max/avg degree		2, 210, 16.658400
degree assortativity		0.285559
number of connected components	1
size of largest component	5000 (100.00 %)
tot:  5143.474975718058
__glove+Louvain__
PLM(balanced,pc,turbo) detected communities in 0.365081787109375 [s]
solution properties:
-------------------  ----------
# communities         36
min community size    85
max community size   235
avg. community size  138.889
modularity             0.535725
-------------------  ----------
40 community detected
NMI:0.09934088130256336
ARM:0.16159319451271947
__glove+PLP__
PLP detected communities in 0.15263009071350098 [s]
solution properties:
-------------------  ----------
# communities         41
min community size     1
max community size   201
avg. community size  121.951
modularity             0.535681
-------------------  ----------
40 community detected
NMI:0.08747819513707922
ARM:0.1150719209317147
__fake_pmi__
Network Properties for:		G#40cc
nodes, edges			5000, 41646
directed?			False
weighted?			True
isolated nodes			0
self-loops			0
density				0.003332
clustering coefficient		0.212311
min/max/avg degree		2, 210, 16.658400
degree assortativity		0.285559
number of connected components	1
size of largest component	5000 (100.00 %)
tot:  0.0
__fake_pmi+Louvain__
1 community detected due to total edge weight equal 0
NMI:1
ARM:0.1150719209317147
__fake_pmi+PLP__
1 community detected due to total edge weight equal 0
NMI:1
ARM:0.1150719209317147
__iterative_rev_degree_order__
Network Properties for:		G#53cc
nodes, edges			5000, 41646
directed?			False
weighted?			True
isolated nodes			0
self-loops			0
density				0.003332
clustering coefficient		0.212311
min/max/avg degree		2, 210, 16.658400
degree assortativity		0.285559
number of connected components	1
size of largest component	5000 (100.00 %)
tot:  1365.854521911309
__iterative_rev_degree_order+Louvain__
PLM(balanced,pc,turbo) detected communities in 0.8556101322174072 [s]
solution properties:
-------------------  ----------
# communities         89
min community size    20
max community size   132
avg. community size   56.1798
modularity             0.840452
-------------------  ----------
40 community detected
NMI:0.7591953467877266
ARM:0.9660656121601772
__iterative_rev_degree_order+PLP__
PLP detected communities in 0.07122540473937988 [s]
solution properties:
-------------------  -----------
# communities        1582
min community size      2
max community size     10
avg. community size     3.16056
modularity              0.727728
-------------------  -----------
40 community detected
NMI:0.4664014019398921
ARM:0.9877363126335876
__pmi__
Network Properties for:		G#78cc
nodes, edges			5000, 41646
directed?			False
weighted?			True
isolated nodes			0
self-loops			0
density				0.003332
clustering coefficient		0.212311
min/max/avg degree		2, 210, 16.658400
degree assortativity		0.285559
number of connected components	1
size of largest component	5000 (100.00 %)
tot:  122296.99099491497
__pmi+Louvain__
PLM(balanced,pc,turbo) detected communities in 0.4976460933685303 [s]
solution properties:
-------------------  ----------
# communities         36
min community size    91
max community size   313
avg. community size  138.889
modularity             0.755262
-------------------  ----------
40 community detected
NMI:0.2513919469925321
ARM:0.3947619504003136
__pmi+PLP__
PLP detected communities in 0.15950846672058105 [s]
solution properties:
-------------------  ----------
# communities        130
min community size     1
max community size   173
avg. community size   38.4615
modularity             0.739076
-------------------  ----------
40 community detected
NMI:0.22031569480683633
ARM:0.31813640083750494
__standard__
Network Properties for:		G#97cc
nodes, edges			5000, 41646
directed?			False
weighted?			True
isolated nodes			0
self-loops			0
density				0.003332
clustering coefficient		0.212311
min/max/avg degree		2, 210, 16.658400
degree assortativity		0.285559
number of connected components	1
size of largest component	5000 (100.00 %)
tot:  18.41303833482568
__standard+Louvain__
PLM(balanced,pc,turbo) detected communities in 0.7346506118774414 [s]
solution properties:
-------------------  ---------
# communities         63
min community size     6
max community size   225
avg. community size   79.3651
modularity             0.79029
-------------------  ---------
40 community detected
NMI:0.6545702052616991
ARM:0.8211205965420404
__standard+PLP__
PLP detected communities in 0.1460106372833252 [s]
solution properties:
-------------------  -----------
# communities        1337
min community size      2
max community size     55
avg. community size     3.73972
modularity              0.679101
-------------------  -----------
40 community detected
NMI:0.4763712306777984
ARM:0.9725513621787728
__ppmi__
Network Properties for:		G#119cc
nodes, edges			5000, 41646
directed?			False
weighted?			True
isolated nodes			0
self-loops			0
density				0.003332
clustering coefficient		0.212311
min/max/avg degree		2, 210, 16.658400
degree assortativity		0.285559
number of connected components	1
size of largest component	5000 (100.00 %)
tot:  177582.87907479634
__ppmi+Louvain__
PLM(balanced,pc,turbo) detected communities in 0.32082533836364746 [s]
solution properties:
-------------------  ----------
# communities         35
min community size    94
max community size   324
avg. community size  142.857
modularity             0.591631
-------------------  ----------
40 community detected
NMI:0.11777365133650142
ARM:0.23513719887332818
__ppmi+PLP__
PLP detected communities in 0.15604162216186523 [s]
solution properties:
-------------------  ----------
# communities         78
min community size     1
max community size   169
avg. community size   64.1026
modularity             0.590247
-------------------  ----------
40 community detected
NMI:0.09394909711512445
ARM:0.1301246848899259
__glovexmax50alpha0.2__
Network Properties for:		G#138cc
nodes, edges			5000, 41646
directed?			False
weighted?			True
isolated nodes			0
self-loops			0
density				0.003332
clustering coefficient		0.212311
min/max/avg degree		2, 210, 16.658400
degree assortativity		0.285559
number of connected components	1
size of largest component	5000 (100.00 %)
tot:  23024.244126972844
__glovexmax50alpha0.2+Louvain__
PLM(balanced,pc,turbo) detected communities in 0.20037293434143066 [s]
solution properties:
-------------------  ---------
# communities         40
min community size    90
max community size   185
avg. community size  125
modularity             0.57378
-------------------  ---------
40 community detected
NMI:0.020144615499101404
ARM:0.02665382550759421
__glovexmax50alpha0.2+PLP__
PLP detected communities in 0.08358645439147949 [s]
solution properties:
-------------------  ----------
# communities         40
min community size    90
max community size   185
avg. community size  125
modularity             0.573778
-------------------  ----------
40 community detected
NMI:0.019598036633472593
ARM:0.025931222593690517
__glovexmax40alpha0.2__
Network Properties for:		G#157cc
nodes, edges			5000, 41646
directed?			False
weighted?			True
isolated nodes			0
self-loops			0
density				0.003332
clustering coefficient		0.212311
min/max/avg degree		2, 210, 16.658400
degree assortativity		0.285559
number of connected components	1
size of largest component	5000 (100.00 %)
tot:  24053.281156333804
__glovexmax40alpha0.2+Louvain__
PLM(balanced,pc,turbo) detected communities in 0.4562523365020752 [s]
solution properties:
-------------------  ---------
# communities         16
min community size   185
max community size   520
avg. community size  312.5
modularity             0.55361
-------------------  ---------
40 community detected
NMI:0.1668412924436251
ARM:0.47139678226108195
__glovexmax40alpha0.2+PLP__
PLP detected communities in 0.09026789665222168 [s]
solution properties:
-------------------  ----------
# communities         41
min community size    43
max community size   185
avg. community size  121.951
modularity             0.571643
-------------------  ----------
40 community detected
NMI:0.022565816567811203
ARM:0.031266480109843675
__glovexmax30alpha0.3__
Network Properties for:		G#176cc
nodes, edges			5000, 41646
directed?			False
weighted?			True
isolated nodes			0
self-loops			0
density				0.003332
clustering coefficient		0.212311
min/max/avg degree		2, 210, 16.658400
degree assortativity		0.285559
number of connected components	1
size of largest component	5000 (100.00 %)
tot:  21527.476513088804
__glovexmax30alpha0.3+Louvain__
PLM(balanced,pc,turbo) detected communities in 0.46520566940307617 [s]
solution properties:
-------------------  ----------
# communities         14
min community size   275
max community size   443
avg. community size  357.143
modularity             0.550358
-------------------  ----------
40 community detected
NMI:0.19754729530417847
ARM:0.5116070222822418
__glovexmax30alpha0.3+PLP__
PLP detected communities in 0.05640697479248047 [s]
solution properties:
-------------------  ----------
# communities         42
min community size     1
max community size   179
avg. community size  119.048
modularity             0.564166
-------------------  ----------
40 community detected
NMI:0.03317742539173585
ARM:0.0466257649204197
