__LOADINGS__
Network Properties for:		network
nodes, edges			5000, 33477
directed?			False
weighted?			True
isolated nodes			1
self-loops			0
density				0.002679
clustering coefficient		0.197367
min/max/avg degree		0, 204, 13.390800
degree assortativity		0.270690
number of connected components	2
size of largest component	4999 (99.98 %)
245127.99555277813
__Groundtruth__
read communities from: ../../lfr_5000/mk300/k15/muw0.4/46/community.dat
-------------------  ----------
# communities         40
min community size    89
max community size   180
avg. community size  125
modularity             0.492086
-------------------  ----------
40 community detected
__CLASSIC_METHODS__
__Louvain__
PLM(balanced,pc,turbo) detected communities in 0.5010662078857422 [s]
solution properties:
-------------------  ----------
# communities         24
min community size     1
max community size   385
avg. community size  208.333
modularity             0.504722
-------------------  ----------
40 community detected
NMI:0.2616458210132594
ARM:0.4573672754802688
__Singleton__
40 community detected
NMI:0.3983004112753793
ARM:1.0
__AllInOne__
40 community detected
NMI:1.0
ARM:1.0
__PLP__
PLP detected communities in 0.13739752769470215 [s]
solution properties:
-------------------  ----------
# communities         45
min community size     1
max community size   208
avg. community size  111.111
modularity             0.501663
-------------------  ----------
40 community detected
NMI:0.1751762034502229
ARM:0.22784851468056422
__NORMALIZATION__
__glove__
Network Properties for:		G#21cc
nodes, edges			4999, 33477
directed?			False
weighted?			True
isolated nodes			0
self-loops			0
density				0.002680
clustering coefficient		0.197407
min/max/avg degree		3, 204, 13.393479
degree assortativity		0.270690
number of connected components	1
size of largest component	4999 (100.00 %)
tot:  3963.939050343743
__glove+Louvain__
PLM(balanced,pc,turbo) detected communities in 0.4743824005126953 [s]
solution properties:
-------------------  ----------
# communities         23
min community size   122
max community size   381
avg. community size  217.348
modularity             0.527536
-------------------  ----------
40 community detected
NMI:0.2391811662799338
ARM:0.42666241936768334
__glove+PLP__
PLP detected communities in 0.1029052734375 [s]
solution properties:
-------------------  ---------
# communities         44
min community size     2
max community size   206
avg. community size  113.614
modularity             0.52933
-------------------  ---------
40 community detected
NMI:0.15092549692217383
ARM:0.19513208797115122
__fake_pmi__
Network Properties for:		G#40cc
nodes, edges			4999, 33477
directed?			False
weighted?			True
isolated nodes			0
self-loops			0
density				0.002680
clustering coefficient		0.197407
min/max/avg degree		3, 204, 13.393479
degree assortativity		0.270690
number of connected components	1
size of largest component	4999 (100.00 %)
tot:  0.0
__fake_pmi+Louvain__
1 community detected due to total edge weight equal 0
NMI:1
ARM:0.19513208797115122
__fake_pmi+PLP__
1 community detected due to total edge weight equal 0
NMI:1
ARM:0.19513208797115122
__iterative_rev_degree_order__
Network Properties for:		G#53cc
nodes, edges			4999, 33477
directed?			False
weighted?			True
isolated nodes			0
self-loops			0
density				0.002680
clustering coefficient		0.197407
min/max/avg degree		3, 204, 13.393479
degree assortativity		0.270690
number of connected components	1
size of largest component	4999 (100.00 %)
tot:  1408.8429785671183
__iterative_rev_degree_order+Louvain__
PLM(balanced,pc,turbo) detected communities in 0.7826623916625977 [s]
solution properties:
-------------------  ----------
# communities         89
min community size    21
max community size   106
avg. community size   56.1685
modularity             0.867468
-------------------  ----------
40 community detected
NMI:0.7472739867358535
ARM:0.9576698494113158
__iterative_rev_degree_order+PLP__
PLP detected communities in 0.05030369758605957 [s]
solution properties:
-------------------  -----------
# communities        1577
min community size      2
max community size     10
avg. community size     3.16994
modularity              0.757347
-------------------  -----------
40 community detected
NMI:0.4633520030048247
ARM:0.9860420367527528
__pmi__
Network Properties for:		G#78cc
nodes, edges			4999, 33477
directed?			False
weighted?			True
isolated nodes			0
self-loops			0
density				0.002680
clustering coefficient		0.197407
min/max/avg degree		3, 204, 13.393479
degree assortativity		0.270690
number of connected components	1
size of largest component	4999 (100.00 %)
tot:  98775.29118985613
__pmi+Louvain__
PLM(balanced,pc,turbo) detected communities in 0.4948406219482422 [s]
solution properties:
-------------------  ----------
# communities         32
min community size     1
max community size   422
avg. community size  156.219
modularity             0.776484
-------------------  ----------
40 community detected
NMI:0.40634376643219017
ARM:0.5914717825016977
__pmi+PLP__
PLP detected communities in 0.13528800010681152 [s]
solution properties:
-------------------  ----------
# communities        340
min community size     1
max community size   246
avg. community size   14.7029
modularity             0.737411
-------------------  ----------
40 community detected
NMI:0.3337920890210404
ARM:0.5078939518700244
__standard__
Network Properties for:		G#100cc
nodes, edges			4999, 33477
directed?			False
weighted?			True
isolated nodes			0
self-loops			0
density				0.002680
clustering coefficient		0.197407
min/max/avg degree		3, 204, 13.393479
degree assortativity		0.270690
number of connected components	1
size of largest component	4999 (100.00 %)
tot:  27.01532069564013
__standard+Louvain__
PLM(balanced,pc,turbo) detected communities in 0.634263277053833 [s]
solution properties:
-------------------  ----------
# communities         75
min community size     6
max community size   179
avg. community size   66.6533
modularity             0.854508
-------------------  ----------
40 community detected
NMI:0.6567002946996093
ARM:0.8579037911334763
__standard+PLP__
PLP detected communities in 0.05323028564453125 [s]
solution properties:
-------------------  -----------
# communities        1367
min community size      2
max community size     24
avg. community size     3.65691
modularity              0.761297
-------------------  -----------
40 community detected
NMI:0.4666854752156484
ARM:0.975783769566218
__ppmi__
Network Properties for:		G#125cc
nodes, edges			4999, 33477
directed?			False
weighted?			True
isolated nodes			0
self-loops			0
density				0.002680
clustering coefficient		0.197407
min/max/avg degree		3, 204, 13.393479
degree assortativity		0.270690
number of connected components	1
size of largest component	4999 (100.00 %)
tot:  143308.58253177674
__ppmi+Louvain__
PLM(balanced,pc,turbo) detected communities in 0.29174375534057617 [s]
solution properties:
-------------------  ----------
# communities         36
min community size    89
max community size   274
avg. community size  138.861
modularity             0.598524
-------------------  ----------
40 community detected
NMI:0.24169201168205912
ARM:0.3615525139574779
__ppmi+PLP__
PLP detected communities in 0.11912155151367188 [s]
solution properties:
-------------------  ----------
# communities        198
min community size     1
max community size   171
avg. community size   25.2475
modularity             0.586419
-------------------  ----------
40 community detected
NMI:0.21936497064298954
ARM:0.3097927134713194
__glovexmax50alpha0.2__
Network Properties for:		G#144cc
nodes, edges			4999, 33477
directed?			False
weighted?			True
isolated nodes			0
self-loops			0
density				0.002680
clustering coefficient		0.197407
min/max/avg degree		3, 204, 13.393479
degree assortativity		0.270690
number of connected components	1
size of largest component	4999 (100.00 %)
tot:  17964.18236642499
__glovexmax50alpha0.2+Louvain__
PLM(balanced,pc,turbo) detected communities in 0.2628908157348633 [s]
solution properties:
-------------------  ----------
# communities         26
min community size   127
max community size   274
avg. community size  192.269
modularity             0.567714
-------------------  ----------
40 community detected
NMI:0.1389906053694394
ARM:0.28949083416103594
__glovexmax50alpha0.2+PLP__
PLP detected communities in 0.1157991886138916 [s]
solution properties:
-------------------  ----------
# communities         43
min community size     2
max community size   191
avg. community size  116.256
modularity             0.571871
-------------------  ----------
40 community detected
NMI:0.07344132127439551
ARM:0.09432982553309333
__glovexmax40alpha0.2__
Network Properties for:		G#163cc
nodes, edges			4999, 33477
directed?			False
weighted?			True
isolated nodes			0
self-loops			0
density				0.002680
clustering coefficient		0.197407
min/max/avg degree		3, 204, 13.393479
degree assortativity		0.270690
number of connected components	1
size of largest component	4999 (100.00 %)
tot:  18760.862129043482
__glovexmax40alpha0.2+Louvain__
PLM(balanced,pc,turbo) detected communities in 0.28925585746765137 [s]
solution properties:
-------------------  ----------
# communities         33
min community size   105
max community size   248
avg. community size  151.485
modularity             0.570934
-------------------  ----------
40 community detected
NMI:0.10710519554454934
ARM:0.1896855688189676
__glovexmax40alpha0.2+PLP__
PLP detected communities in 0.11983132362365723 [s]
solution properties:
-------------------  ----------
# communities         44
min community size     2
max community size   191
avg. community size  113.614
modularity             0.572007
-------------------  ----------
40 community detected
NMI:0.07397349702672151
ARM:0.0948748622697938
__glovexmax30alpha0.3__
Network Properties for:		G#182cc
nodes, edges			4999, 33477
directed?			False
weighted?			True
isolated nodes			0
self-loops			0
density				0.002680
clustering coefficient		0.197407
min/max/avg degree		3, 204, 13.393479
degree assortativity		0.270690
number of connected components	1
size of largest component	4999 (100.00 %)
tot:  16614.88626537595
__glovexmax30alpha0.3+Louvain__
PLM(balanced,pc,turbo) detected communities in 0.30276966094970703 [s]
solution properties:
-------------------  ----------
# communities         23
min community size   154
max community size   315
avg. community size  217.348
modularity             0.562461
-------------------  ----------
40 community detected
NMI:0.17430444911669274
ARM:0.35759906759906757
__glovexmax30alpha0.3+PLP__
PLP detected communities in 0.038201093673706055 [s]
solution properties:
-------------------  ---------
# communities         43
min community size     2
max community size   193
avg. community size  116.256
modularity             0.56862
-------------------  ---------
40 community detected
NMI:0.08936443198268718
ARM:0.11429339259249949
