__LOADINGS__
4980/47037 10.587409911346386 % of nul weighted edges removed
1/5000 0.02 % of nul degree nodes removed
Network Properties for:		network
nodes, edges			4999, 42057
directed?			False
weighted?			True
isolated nodes			1
self-loops			0
density				0.003367
clustering coefficient		0.188297
min/max/avg degree		0, 80, 16.826165
degree assortativity		0.389876
number of connected components	1
size of largest component	4999 (100.00 %)
238181.79002959278
__Groundtruth__
read communities from: ../../lfr_5000/mk100/k20/muw0.4/41/community.dat
-------------------  ----------
# communities        104
min community size    20
max community size    99
avg. community size   48.0769
modularity             0.595166
-------------------  ----------
104 community detected
__CLASSIC_METHODS__
__Louvain__
PLM(balanced,pc,turbo) detected communities in 0.3387796878814697 [s]
solution properties:
-------------------  ---------
# communities         44
min community size    64
max community size   182
avg. community size  113.614
modularity             0.59753
-------------------  ---------
104 community detected
NMI:0.10825473626848148
ARI:0.3800784470029802
__Singleton__
104 community detected
NMI:0.3047653125958618
ARI:1.0
__AllInOne__
104 community detected
NMI:1.0
ARI:1.0
__PLP__
PLP detected communities in 0.09314966201782227 [s]
solution properties:
-------------------  ----------
# communities        105
min community size     1
max community size    99
avg. community size   47.619
modularity             0.595789
-------------------  ----------
104 community detected
NMI:0.01167608600731529
ARI:0.025196850393700787
__NORMALIZATION__
__glove__
Network Properties for:		G#21
nodes, edges			4999, 42057
directed?			False
weighted?			True
isolated nodes			1
self-loops			0
density				0.003367
clustering coefficient		0.188297
min/max/avg degree		0, 80, 16.826165
degree assortativity		0.389876
number of connected components	1
size of largest component	4999 (100.00 %)
tot:  4667.094802963346
__glove+Louvain__
PLM(balanced,pc,turbo) detected communities in 0.36510157585144043 [s]
solution properties:
-------------------  ----------
# communities         54
min community size    51
max community size   173
avg. community size   92.5741
modularity             0.602192
-------------------  ----------
104 community detected
NMI:0.07472033772103037
ARI:0.2765535432416715
__glove+PLP__
PLP detected communities in 0.10265707969665527 [s]
solution properties:
-------------------  ----------
# communities        106
min community size     1
max community size    99
avg. community size   47.1698
modularity             0.600147
-------------------  ----------
104 community detected
NMI:0.005786722528842381
ARI:0.012534608253914614
__fake_pmi__
Network Properties for:		G#30
nodes, edges			4999, 42057
directed?			False
weighted?			True
isolated nodes			1
self-loops			0
density				0.003367
clustering coefficient		0.188297
min/max/avg degree		0, 80, 16.826165
degree assortativity		0.389876
number of connected components	1
size of largest component	4999 (100.00 %)
tot:  0.0
__fake_pmi+Louvain__
1 community detected due to total edge weight equal 0
NMI:1
ARI:1
__fake_pmi+PLP__
1 community detected due to total edge weight equal 0
NMI:1
ARI:1
__iterative_rev_degree_order__
Network Properties for:		G#33
nodes, edges			4999, 42057
directed?			False
weighted?			True
isolated nodes			1
self-loops			0
density				0.003367
clustering coefficient		0.188297
min/max/avg degree		0, 80, 16.826165
degree assortativity		0.389876
number of connected components	1
size of largest component	4999 (100.00 %)
tot:  1326.2941047543793
__iterative_rev_degree_order+Louvain__
PLM(balanced,pc,turbo) detected communities in 0.7771759033203125 [s]
solution properties:
-------------------  ----------
# communities         61
min community size    41
max community size   145
avg. community size   81.9508
modularity             0.750234
-------------------  ----------
104 community detected
NMI:0.6348427323533903
ARI:0.9289289430422044
__iterative_rev_degree_order+PLP__
PLP detected communities in 0.06310868263244629 [s]
solution properties:
-------------------  -----------
# communities        1285
min community size      1
max community size     14
avg. community size     3.89105
modularity              0.632564
-------------------  -----------
104 community detected
NMI:0.35605052431708495
ARI:0.9598285076642978
__pmi__
Network Properties for:		G#48
nodes, edges			4999, 42057
directed?			False
weighted?			True
isolated nodes			1
self-loops			0
density				0.003367
clustering coefficient		0.188297
min/max/avg degree		0, 80, 16.826165
degree assortativity		0.389876
number of connected components	1
size of largest component	4999 (100.00 %)
tot:  251107.28687433005
__pmi+Louvain__
PLM(balanced,pc,turbo) detected communities in 0.4429600238800049 [s]
solution properties:
-------------------  ---------
# communities         61
min community size    37
max community size   146
avg. community size   81.9508
modularity             0.61396
-------------------  ---------
104 community detected
NMI:0.05465699247902356
ARI:0.20528182204833967
__pmi+PLP__
PLP detected communities in 0.1097249984741211 [s]
solution properties:
-------------------  ----------
# communities        104
min community size     1
max community size   122
avg. community size   48.0769
modularity             0.612717
-------------------  ----------
104 community detected
NMI:0.0025389031003958396
ARI:0.01104822182877696
__standard__
Network Properties for:		G#57
nodes, edges			4999, 42057
directed?			False
weighted?			True
isolated nodes			1
self-loops			0
density				0.003367
clustering coefficient		0.188297
min/max/avg degree		0, 80, 16.826165
degree assortativity		0.389876
number of connected components	1
size of largest component	4999 (100.00 %)
tot:  23.720400866667287
__standard+Louvain__
PLM(balanced,pc,turbo) detected communities in 0.7778558731079102 [s]
solution properties:
-------------------  ----------
# communities         42
min community size    39
max community size   197
avg. community size  119.024
modularity             0.615887
-------------------  ----------
104 community detected
NMI:0.41186453769788867
ARI:0.7362111234367619
__standard+PLP__
PLP detected communities in 0.19530296325683594 [s]
solution properties:
-------------------  ----------
# communities        707
min community size     1
max community size    66
avg. community size    7.07214
modularity             0.503431
-------------------  ----------
104 community detected
NMI:0.29681520006603057
ARI:0.6851490123096011
__ppmi__
Network Properties for:		G#69
nodes, edges			4999, 42057
directed?			False
weighted?			True
isolated nodes			1
self-loops			0
density				0.003367
clustering coefficient		0.188297
min/max/avg degree		0, 80, 16.826165
degree assortativity		0.389876
number of connected components	1
size of largest component	4999 (100.00 %)
tot:  254611.08864003725
__ppmi+Louvain__
PLM(balanced,pc,turbo) detected communities in 0.49530863761901855 [s]
solution properties:
-------------------  ----------
# communities         56
min community size    51
max community size   146
avg. community size   89.2679
modularity             0.609323
-------------------  ----------
104 community detected
NMI:0.0640472252446298
ARI:0.23818200496347686
__ppmi+PLP__
PLP detected communities in 0.14182734489440918 [s]
solution properties:
-------------------  ----------
# communities        104
min community size     1
max community size    99
avg. community size   48.0769
modularity             0.608459
-------------------  ----------
104 community detected
NMI:0.001959829566455351
ARI:0.004908904753222365
__glovexmax50alpha0.2__
Network Properties for:		G#78
nodes, edges			4999, 42057
directed?			False
weighted?			True
isolated nodes			1
self-loops			0
density				0.003367
clustering coefficient		0.188297
min/max/avg degree		0, 80, 16.826165
degree assortativity		0.389876
number of connected components	1
size of largest component	4999 (100.00 %)
tot:  25737.66386976494
__glovexmax50alpha0.2+Louvain__
PLM(balanced,pc,turbo) detected communities in 0.5813388824462891 [s]
solution properties:
-------------------  ----------
# communities         52
min community size    51
max community size   148
avg. community size   96.1346
modularity             0.604935
-------------------  ----------
104 community detected
NMI:0.07434586293201328
ARI:0.2808071508036981
__glovexmax50alpha0.2+PLP__
PLP detected communities in 0.10078191757202148 [s]
solution properties:
-------------------  ----------
# communities        106
min community size     1
max community size    99
avg. community size   47.1698
modularity             0.602963
-------------------  ----------
104 community detected
NMI:0.0016387095442619293
ARI:0.0034968971194573317
__glovexmax40alpha0.2__
Network Properties for:		G#87
nodes, edges			4999, 42057
directed?			False
weighted?			True
isolated nodes			1
self-loops			0
density				0.003367
clustering coefficient		0.188297
min/max/avg degree		0, 80, 16.826165
degree assortativity		0.389876
number of connected components	1
size of largest component	4999 (100.00 %)
tot:  26912.319333525043
__glovexmax40alpha0.2+Louvain__
PLM(balanced,pc,turbo) detected communities in 0.5856716632843018 [s]
solution properties:
-------------------  ----------
# communities         52
min community size    51
max community size   147
avg. community size   96.1346
modularity             0.604851
-------------------  ----------
104 community detected
NMI:0.07341127341443876
ARI:0.2754443377353001
__glovexmax40alpha0.2+PLP__
PLP detected communities in 0.08697199821472168 [s]
solution properties:
-------------------  ----------
# communities        105
min community size     1
max community size    99
avg. community size   47.619
modularity             0.604103
-------------------  ----------
104 community detected
NMI:0.0011748301797983585
ARI:0.0026715410573677767
__glovexmax30alpha0.3__
Network Properties for:		G#96
nodes, edges			4999, 42057
directed?			False
weighted?			True
isolated nodes			1
self-loops			0
density				0.003367
clustering coefficient		0.188297
min/max/avg degree		0, 80, 16.826165
degree assortativity		0.389876
number of connected components	1
size of largest component	4999 (100.00 %)
tot:  23877.962520684192
__glovexmax30alpha0.3+Louvain__
PLM(balanced,pc,turbo) detected communities in 0.4242269992828369 [s]
solution properties:
-------------------  ----------
# communities         47
min community size    59
max community size   173
avg. community size  106.362
modularity             0.605222
-------------------  ----------
104 community detected
NMI:0.08740042791789249
ARI:0.3290639475238598
__glovexmax30alpha0.3+PLP__
PLP detected communities in 0.0856161117553711 [s]
solution properties:
-------------------  ----------
# communities        105
min community size     1
max community size    99
avg. community size   47.619
modularity             0.605067
-------------------  ----------
104 community detected
NMI:0.0011748301797983585
ARI:0.0026715410573677767
NMI classement:
[('NMIglovexmax40alpha0.2+PLP', 0.0011748301797983585), ('NMIglovexmax30alpha0.3+PLP', 0.0011748301797983585), ('NMIglovexmax50alpha0.2+PLP', 0.0016387095442619293), ('NMIppmi+PLP', 0.001959829566455351), ('NMIpmi+PLP', 0.0025389031003958396), ('NMIglove+PLP', 0.005786722528842381), ('NMIPLP', 0.01167608600731529), ('NMIpmi+Louvain', 0.05465699247902356), ('NMIppmi+Louvain', 0.0640472252446298), ('NMIglovexmax40alpha0.2+Louvain', 0.07341127341443876), ('NMIglovexmax50alpha0.2+Louvain', 0.07434586293201328), ('NMIglove+Louvain', 0.07472033772103037), ('NMIglovexmax30alpha0.3+Louvain', 0.08740042791789249), ('NMILouvain', 0.10825473626848148), ('NMIstandard+PLP', 0.29681520006603057), ('NMISingleton', 0.3047653125958618), ('NMIiterative_rev_degree_order+PLP', 0.35605052431708495), ('NMIstandard+Louvain', 0.41186453769788867), ('NMIiterative_rev_degree_order+Louvain', 0.6348427323533903), ('NMIAllInOne', 1.0), ('NMIfake_pmi+Louvain', 1), ('NMIfake_pmi+PLP', 1)]
ARI classement:
[('ARIglovexmax40alpha0.2+PLP', 0.0026715410573677767), ('ARIglovexmax30alpha0.3+PLP', 0.0026715410573677767), ('ARIglovexmax50alpha0.2+PLP', 0.0034968971194573317), ('ARIppmi+PLP', 0.004908904753222365), ('ARIpmi+PLP', 0.01104822182877696), ('ARIglove+PLP', 0.012534608253914614), ('ARIPLP', 0.025196850393700787), ('ARIpmi+Louvain', 0.20528182204833967), ('ARIppmi+Louvain', 0.23818200496347686), ('ARIglovexmax40alpha0.2+Louvain', 0.2754443377353001), ('ARIglove+Louvain', 0.2765535432416715), ('ARIglovexmax50alpha0.2+Louvain', 0.2808071508036981), ('ARIglovexmax30alpha0.3+Louvain', 0.3290639475238598), ('ARILouvain', 0.3800784470029802), ('ARIstandard+PLP', 0.6851490123096011), ('ARIstandard+Louvain', 0.7362111234367619), ('ARIiterative_rev_degree_order+Louvain', 0.9289289430422044), ('ARIiterative_rev_degree_order+PLP', 0.9598285076642978), ('ARISingleton', 1.0), ('ARIAllInOne', 1.0), ('ARIfake_pmi+Louvain', 1), ('ARIfake_pmi+PLP', 1)]
