__LOADINGS__
Network Properties for:		network
nodes, edges			5000, 57123
directed?			False
weighted?			True
isolated nodes			0
self-loops			0
density				0.004571
clustering coefficient		0.243022
min/max/avg degree		1, 224, 22.849200
degree assortativity		0.277078
number of connected components	1
size of largest component	5000 (100.00 %)
449149.96764233906
__Groundtruth__
read communities from: ../../lfr_5000/mk300/k25/muw0.4/45/community.dat
-------------------  ----------
# communities         40
min community size    89
max community size   180
avg. community size  125
modularity             0.539834
-------------------  ----------
40 community detected
__CLASSIC_METHODS__
__Louvain__
PLM(balanced,pc,turbo) detected communities in 0.4686155319213867 [s]
solution properties:
-------------------  ----------
# communities         25
min community size   124
max community size   329
avg. community size  200
modularity             0.538157
-------------------  ----------
40 community detected
NMI:0.10745540914978569
ARM:0.28501662735253597
__Singleton__
40 community detected
NMI:0.3983004112753804
ARM:1.0
__AllInOne__
40 community detected
NMI:1.0
ARM:1.0
__PLP__
PLP detected communities in 0.1230309009552002 [s]
solution properties:
-------------------  ---------
# communities         40
min community size    88
max community size   181
avg. community size  125
modularity             0.54068
-------------------  ---------
40 community detected
NMI:0.03683131972497067
ARM:0.047370453560310555
__NORMALIZATION__
__glove__
Network Properties for:		G#21cc
nodes, edges			5000, 57123
directed?			False
weighted?			True
isolated nodes			0
self-loops			0
density				0.004571
clustering coefficient		0.243022
min/max/avg degree		1, 224, 22.849200
degree assortativity		0.277078
number of connected components	1
size of largest component	5000 (100.00 %)
tot:  7515.647068245747
__glove+Louvain__
PLM(balanced,pc,turbo) detected communities in 0.3710753917694092 [s]
solution properties:
-------------------  ----------
# communities         39
min community size    89
max community size   180
avg. community size  128.205
modularity             0.555678
-------------------  ----------
40 community detected
NMI:0.02095685341077458
ARM:0.0354867437446289
__glove+PLP__
PLP detected communities in 0.10364151000976562 [s]
solution properties:
-------------------  ----------
# communities         40
min community size    88
max community size   180
avg. community size  125
modularity             0.555672
-------------------  ----------
40 community detected
NMI:0.01881618386831385
ARM:0.025172274528611482
__fake_pmi__
Network Properties for:		G#40cc
nodes, edges			5000, 57123
directed?			False
weighted?			True
isolated nodes			0
self-loops			0
density				0.004571
clustering coefficient		0.243022
min/max/avg degree		1, 224, 22.849200
degree assortativity		0.277078
number of connected components	1
size of largest component	5000 (100.00 %)
tot:  0.0
__fake_pmi+Louvain__
1 community detected due to total edge weight equal 0
NMI:1
ARM:0.025172274528611482
__fake_pmi+PLP__
1 community detected due to total edge weight equal 0
NMI:1
ARM:0.025172274528611482
__iterative_rev_degree_order__
Network Properties for:		G#53cc
nodes, edges			5000, 57123
directed?			False
weighted?			True
isolated nodes			0
self-loops			0
density				0.004571
clustering coefficient		0.243022
min/max/avg degree		1, 224, 22.849200
degree assortativity		0.277078
number of connected components	1
size of largest component	5000 (100.00 %)
tot:  1316.2058389086055
__iterative_rev_degree_order+Louvain__
PLM(balanced,pc,turbo) detected communities in 0.7575271129608154 [s]
solution properties:
-------------------  ---------
# communities         73
min community size    30
max community size   163
avg. community size   68.4932
modularity             0.80042
-------------------  ---------
40 community detected
NMI:0.7812845262256327
ARM:0.9602944104987746
__iterative_rev_degree_order+PLP__
PLP detected communities in 0.06396365165710449 [s]
solution properties:
-------------------  -----------
# communities        1509
min community size      2
max community size     12
avg. community size     3.31345
modularity              0.685846
-------------------  -----------
40 community detected
NMI:0.4757871680080866
ARM:0.9877872611925026
__pmi__
Network Properties for:		G#78cc
nodes, edges			5000, 57123
directed?			False
weighted?			True
isolated nodes			0
self-loops			0
density				0.004571
clustering coefficient		0.243022
min/max/avg degree		1, 224, 22.849200
degree assortativity		0.277078
number of connected components	1
size of largest component	5000 (100.00 %)
tot:  184487.74458732668
__pmi+Louvain__
PLM(balanced,pc,turbo) detected communities in 0.36377644538879395 [s]
solution properties:
-------------------  ----------
# communities         21
min community size   105
max community size   482
avg. community size  238.095
modularity             0.664629
-------------------  ----------
40 community detected
NMI:0.22456872827043894
ARM:0.47516136743963666
__pmi+PLP__
PLP detected communities in 0.1747138500213623 [s]
solution properties:
-------------------  ----------
# communities         49
min community size     2
max community size   283
avg. community size  102.041
modularity             0.670721
-------------------  ----------
40 community detected
NMI:0.1338126720021655
ARM:0.2112662976858215
__standard__
Network Properties for:		G#97cc
nodes, edges			5000, 57123
directed?			False
weighted?			True
isolated nodes			0
self-loops			0
density				0.004571
clustering coefficient		0.243022
min/max/avg degree		1, 224, 22.849200
degree assortativity		0.277078
number of connected components	1
size of largest component	5000 (100.00 %)
tot:  10.358519649279494
__standard+Louvain__
PLM(balanced,pc,turbo) detected communities in 0.8406779766082764 [s]
solution properties:
-------------------  ----------
# communities         35
min community size    60
max community size   316
avg. community size  142.857
modularity             0.697709
-------------------  ----------
40 community detected
NMI:0.5902265398311226
ARM:0.7549677446887202
__standard+PLP__
PLP detected communities in 0.2732231616973877 [s]
solution properties:
-------------------  -----------
# communities        1107
min community size      2
max community size    171
avg. community size     4.51671
modularity              0.567493
-------------------  -----------
40 community detected
NMI:0.45956069302626545
ARM:0.8813335793678361
__ppmi__
Network Properties for:		G#122cc
nodes, edges			5000, 57123
directed?			False
weighted?			True
isolated nodes			0
self-loops			0
density				0.004571
clustering coefficient		0.243022
min/max/avg degree		1, 224, 22.849200
degree assortativity		0.277078
number of connected components	1
size of largest component	5000 (100.00 %)
tot:  239599.99295715382
__ppmi+Louvain__
PLM(balanced,pc,turbo) detected communities in 0.303342342376709 [s]
solution properties:
-------------------  ----------
# communities         40
min community size    90
max community size   178
avg. community size  125
modularity             0.598623
-------------------  ----------
40 community detected
NMI:0.009707402023761302
ARM:0.013403300246570105
__ppmi+PLP__
PLP detected communities in 0.08439779281616211 [s]
solution properties:
-------------------  ----------
# communities         40
min community size     2
max community size   263
avg. community size  125
modularity             0.597706
-------------------  ----------
40 community detected
NMI:0.014080237623779301
ARM:0.037693581978716195
__glovexmax50alpha0.2__
Network Properties for:		G#141cc
nodes, edges			5000, 57123
directed?			False
weighted?			True
isolated nodes			0
self-loops			0
density				0.004571
clustering coefficient		0.243022
min/max/avg degree		1, 224, 22.849200
degree assortativity		0.277078
number of connected components	1
size of largest component	5000 (100.00 %)
tot:  33049.713111317345
__glovexmax50alpha0.2+Louvain__
PLM(balanced,pc,turbo) detected communities in 0.2474536895751953 [s]
solution properties:
-------------------  ----------
# communities         40
min community size    89
max community size   179
avg. community size  125
modularity             0.583824
-------------------  ----------
40 community detected
NMI:0.0009797950030926428
ARM:0.001417978322932667
__glovexmax50alpha0.2+PLP__
PLP detected communities in 0.10267758369445801 [s]
solution properties:
-------------------  ----------
# communities         40
min community size    89
max community size   179
avg. community size  125
modularity             0.583824
-------------------  ----------
40 community detected
NMI:0.0009797950030926428
ARM:0.001417978322932667
__glovexmax40alpha0.2__
Network Properties for:		G#157cc
nodes, edges			5000, 57123
directed?			False
weighted?			True
isolated nodes			0
self-loops			0
density				0.004571
clustering coefficient		0.243022
min/max/avg degree		1, 224, 22.849200
degree assortativity		0.277078
number of connected components	1
size of largest component	5000 (100.00 %)
tot:  34530.771199846175
__glovexmax40alpha0.2+Louvain__
PLM(balanced,pc,turbo) detected communities in 0.24232220649719238 [s]
solution properties:
-------------------  ----------
# communities         40
min community size    89
max community size   179
avg. community size  125
modularity             0.583887
-------------------  ----------
40 community detected
NMI:0.0009797950030926428
ARM:0.001417978322932667
__glovexmax40alpha0.2+PLP__
PLP detected communities in 0.09310460090637207 [s]
solution properties:
-------------------  ----------
# communities         40
min community size    89
max community size   179
avg. community size  125
modularity             0.583887
-------------------  ----------
40 community detected
NMI:0.0009797950030926428
ARM:0.001417978322932667
__glovexmax30alpha0.3__
Network Properties for:		G#173cc
nodes, edges			5000, 57123
directed?			False
weighted?			True
isolated nodes			0
self-loops			0
density				0.004571
clustering coefficient		0.243022
min/max/avg degree		1, 224, 22.849200
degree assortativity		0.277078
number of connected components	1
size of largest component	5000 (100.00 %)
tot:  31168.17962803801
__glovexmax30alpha0.3+Louvain__
PLM(balanced,pc,turbo) detected communities in 0.21361327171325684 [s]
solution properties:
-------------------  ----------
# communities         40
min community size    89
max community size   179
avg. community size  125
modularity             0.581229
-------------------  ----------
40 community detected
NMI:0.0019465508945410992
ARM:0.002720759728334632
__glovexmax30alpha0.3+PLP__
PLP detected communities in 0.04816126823425293 [s]
solution properties:
-------------------  ----------
# communities         40
min community size    89
max community size   179
avg. community size  125
modularity             0.581229
-------------------  ----------
40 community detected
NMI:0.0019655380217814544
ARM:0.0028610315502938244
