__LOADINGS__
4992/38469 12.976682523590425 % of nul weighted edges removed
1/5000 0.02 % of nul degree nodes removed
Network Properties for:		network
nodes, edges			4999, 33477
directed?			False
weighted?			True
isolated nodes			1
self-loops			0
density				0.002680
clustering coefficient		0.197407
min/max/avg degree		0, 204, 13.393479
degree assortativity		0.270690
number of connected components	1
size of largest component	4999 (100.00 %)
245127.99555277813
__Groundtruth__
read communities from: ../../lfr_5000/mk300/k15/muw0.4/28/community.dat
-------------------  ----------
# communities         40
min community size    89
max community size   180
avg. community size  125
modularity             0.492086
-------------------  ----------
40 community detected
__CLASSIC_METHODS__
__Louvain__
PLM(balanced,pc,turbo) detected communities in 0.48032498359680176 [s]
solution properties:
-------------------  ----------
# communities         23
min community size    92
max community size   385
avg. community size  217.348
modularity             0.504456
-------------------  ----------
40 community detected
NMI:0.26436494034802815
ARI:0.4657203905861871
__Singleton__
40 community detected
NMI:0.39828276874165713
ARI:1.0
__AllInOne__
40 community detected
NMI:1.0
ARI:1.0
__PLP__
PLP detected communities in 0.13773226737976074 [s]
solution properties:
-------------------  ----------
# communities         45
min community size     1
max community size   205
avg. community size  111.111
modularity             0.501656
-------------------  ----------
40 community detected
NMI:0.1746784361915078
ARI:0.22776252637869532
__NORMALIZATION__
__glove__
Network Properties for:		G#21
nodes, edges			4999, 33477
directed?			False
weighted?			True
isolated nodes			1
self-loops			0
density				0.002680
clustering coefficient		0.197407
min/max/avg degree		0, 204, 13.393479
degree assortativity		0.270690
number of connected components	1
size of largest component	4999 (100.00 %)
tot:  3963.939050343743
__glove+Louvain__
PLM(balanced,pc,turbo) detected communities in 0.4074862003326416 [s]
solution properties:
-------------------  ---------
# communities         21
min community size   164
max community size   381
avg. community size  238.048
modularity             0.52727
-------------------  ---------
40 community detected
NMI:0.24963102832610218
ARI:0.450975735437504
__glove+PLP__
PLP detected communities in 0.08646869659423828 [s]
solution properties:
-------------------  ----------
# communities         46
min community size     1
max community size   206
avg. community size  108.696
modularity             0.527345
-------------------  ----------
40 community detected
NMI:0.15408808069295832
ARI:0.19993925293636905
__fake_pmi__
Network Properties for:		G#30
nodes, edges			4999, 33477
directed?			False
weighted?			True
isolated nodes			1
self-loops			0
density				0.002680
clustering coefficient		0.197407
min/max/avg degree		0, 204, 13.393479
degree assortativity		0.270690
number of connected components	1
size of largest component	4999 (100.00 %)
tot:  0.0
__fake_pmi+Louvain__
1 community detected due to total edge weight equal 0
NMI:1
ARI:1
__fake_pmi+PLP__
1 community detected due to total edge weight equal 0
NMI:1
ARI:1
__iterative_rev_degree_order__
Network Properties for:		G#33
nodes, edges			4999, 33477
directed?			False
weighted?			True
isolated nodes			1
self-loops			0
density				0.002680
clustering coefficient		0.197407
min/max/avg degree		0, 204, 13.393479
degree assortativity		0.270690
number of connected components	1
size of largest component	4999 (100.00 %)
tot:  1408.8429785671183
__iterative_rev_degree_order+Louvain__
PLM(balanced,pc,turbo) detected communities in 0.5726358890533447 [s]
solution properties:
-------------------  ----------
# communities         71
min community size    22
max community size   137
avg. community size   70.4085
modularity             0.866301
-------------------  ----------
40 community detected
NMI:0.7702564313663521
ARI:0.9578655540065113
__iterative_rev_degree_order+PLP__
PLP detected communities in 0.060279130935668945 [s]
solution properties:
-------------------  -----------
# communities        1584
min community size      1
max community size     10
avg. community size     3.15657
modularity              0.756669
-------------------  -----------
40 community detected
NMI:0.46321461894453686
ARI:0.9861129962929783
__pmi__
Network Properties for:		G#48
nodes, edges			4999, 33477
directed?			False
weighted?			True
isolated nodes			1
self-loops			0
density				0.002680
clustering coefficient		0.197407
min/max/avg degree		0, 204, 13.393479
degree assortativity		0.270690
number of connected components	1
size of largest component	4999 (100.00 %)
tot:  98775.29118985613
__pmi+Louvain__
PLM(balanced,pc,turbo) detected communities in 0.386232852935791 [s]
solution properties:
-------------------  ----------
# communities         34
min community size     1
max community size   377
avg. community size  147.029
modularity             0.779555
-------------------  ----------
40 community detected
NMI:0.3905293138579523
ARI:0.5668313870561061
__pmi+PLP__
PLP detected communities in 0.17160296440124512 [s]
solution properties:
-------------------  --------
# communities        340
min community size     1
max community size   210
avg. community size   14.7059
modularity             0.7375
-------------------  --------
40 community detected
NMI:0.3292876563491728
ARI:0.49493734519098065
__standard__
Network Properties for:		G#60
nodes, edges			4999, 33477
directed?			False
weighted?			True
isolated nodes			1
self-loops			0
density				0.002680
clustering coefficient		0.197407
min/max/avg degree		0, 204, 13.393479
degree assortativity		0.270690
number of connected components	1
size of largest component	4999 (100.00 %)
tot:  27.01532069564013
__standard+Louvain__
PLM(balanced,pc,turbo) detected communities in 0.4514744281768799 [s]
solution properties:
-------------------  ----------
# communities         48
min community size    31
max community size   196
avg. community size  104.146
modularity             0.852017
-------------------  ----------
40 community detected
NMI:0.6920847509198901
ARI:0.8662405437113152
__standard+PLP__
PLP detected communities in 0.03076767921447754 [s]
solution properties:
-------------------  -----------
# communities        1368
min community size      1
max community size     24
avg. community size     3.65497
modularity              0.761297
-------------------  -----------
40 community detected
NMI:0.4666854752156484
ARI:0.975783769566218
__ppmi__
Network Properties for:		G#75
nodes, edges			4999, 33477
directed?			False
weighted?			True
isolated nodes			1
self-loops			0
density				0.002680
clustering coefficient		0.197407
min/max/avg degree		0, 204, 13.393479
degree assortativity		0.270690
number of connected components	1
size of largest component	4999 (100.00 %)
tot:  143308.58253177674
__ppmi+Louvain__
PLM(balanced,pc,turbo) detected communities in 0.14333701133728027 [s]
solution properties:
-------------------  ----------
# communities         37
min community size    95
max community size   271
avg. community size  135.108
modularity             0.600783
-------------------  ----------
40 community detected
NMI:0.2280720763718671
ARI:0.3299961842480329
__ppmi+PLP__
PLP detected communities in 0.04462146759033203 [s]
solution properties:
-------------------  ----------
# communities        215
min community size     1
max community size   168
avg. community size   23.2558
modularity             0.580823
-------------------  ----------
40 community detected
NMI:0.22243945525091624
ARI:0.31661444165145824
__glovexmax50alpha0.2__
Network Properties for:		G#84
nodes, edges			4999, 33477
directed?			False
weighted?			True
isolated nodes			1
self-loops			0
density				0.002680
clustering coefficient		0.197407
min/max/avg degree		0, 204, 13.393479
degree assortativity		0.270690
number of connected components	1
size of largest component	4999 (100.00 %)
tot:  17964.18236642499
__glovexmax50alpha0.2+Louvain__
PLM(balanced,pc,turbo) detected communities in 0.11528229713439941 [s]
solution properties:
-------------------  ----------
# communities         17
min community size   117
max community size   554
avg. community size  294.059
modularity             0.550491
-------------------  ----------
40 community detected
NMI:0.23181706463041862
ARI:0.5192413595219467
__glovexmax50alpha0.2+PLP__
PLP detected communities in 0.0022766590118408203 [s]
solution properties:
-------------------  ----------
# communities         44
min community size     1
max community size   191
avg. community size  113.636
modularity             0.571829
-------------------  ----------
40 community detected
NMI:0.07459794080789472
ARI:0.0956541169287708
__glovexmax40alpha0.2__
Network Properties for:		G#93
nodes, edges			4999, 33477
directed?			False
weighted?			True
isolated nodes			1
self-loops			0
density				0.002680
clustering coefficient		0.197407
min/max/avg degree		0, 204, 13.393479
degree assortativity		0.270690
number of connected components	1
size of largest component	4999 (100.00 %)
tot:  18760.862129043482
__glovexmax40alpha0.2+Louvain__
PLM(balanced,pc,turbo) detected communities in 0.012265443801879883 [s]
solution properties:
-------------------  ----------
# communities         29
min community size   105
max community size   279
avg. community size  172.379
modularity             0.569299
-------------------  ----------
40 community detected
NMI:0.1202183746333918
ARI:0.24538076874178916
__glovexmax40alpha0.2+PLP__
PLP detected communities in 0.002047300338745117 [s]
solution properties:
-------------------  ----------
# communities         44
min community size     1
max community size   191
avg. community size  113.636
modularity             0.572085
-------------------  ----------
40 community detected
NMI:0.07345981398014723
ARI:0.09445831740172361
__glovexmax30alpha0.3__
Network Properties for:		G#102
nodes, edges			4999, 33477
directed?			False
weighted?			True
isolated nodes			1
self-loops			0
density				0.002680
clustering coefficient		0.197407
min/max/avg degree		0, 204, 13.393479
degree assortativity		0.270690
number of connected components	1
size of largest component	4999 (100.00 %)
tot:  16614.88626537595
__glovexmax30alpha0.3+Louvain__
PLM(balanced,pc,turbo) detected communities in 0.004637002944946289 [s]
solution properties:
-------------------  ----------
# communities         21
min community size   157
max community size   337
avg. community size  238.048
modularity             0.560582
-------------------  ----------
40 community detected
NMI:0.19034420464702828
ARI:0.3959136672872786
__glovexmax30alpha0.3+PLP__
PLP detected communities in 0.002228260040283203 [s]
solution properties:
-------------------  ----------
# communities         44
min community size     1
max community size   193
avg. community size  113.636
modularity             0.568391
-------------------  ----------
40 community detected
NMI:0.09174958911245812
ARI:0.11804426601073426
NMI classement:
[('NMIglovexmax40alpha0.2+PLP', 0.07345981398014723), ('NMIglovexmax50alpha0.2+PLP', 0.07459794080789472), ('NMIglovexmax30alpha0.3+PLP', 0.09174958911245812), ('NMIglovexmax40alpha0.2+Louvain', 0.1202183746333918), ('NMIglove+PLP', 0.15408808069295832), ('NMIPLP', 0.1746784361915078), ('NMIglovexmax30alpha0.3+Louvain', 0.19034420464702828), ('NMIppmi+PLP', 0.22243945525091624), ('NMIppmi+Louvain', 0.2280720763718671), ('NMIglovexmax50alpha0.2+Louvain', 0.23181706463041862), ('NMIglove+Louvain', 0.24963102832610218), ('NMILouvain', 0.26436494034802815), ('NMIpmi+PLP', 0.3292876563491728), ('NMIpmi+Louvain', 0.3905293138579523), ('NMISingleton', 0.39828276874165713), ('NMIiterative_rev_degree_order+PLP', 0.46321461894453686), ('NMIstandard+PLP', 0.4666854752156484), ('NMIstandard+Louvain', 0.6920847509198901), ('NMIiterative_rev_degree_order+Louvain', 0.7702564313663521), ('NMIAllInOne', 1.0), ('NMIfake_pmi+Louvain', 1), ('NMIfake_pmi+PLP', 1)]
ARI classement:
[('ARIglovexmax40alpha0.2+PLP', 0.09445831740172361), ('ARIglovexmax50alpha0.2+PLP', 0.0956541169287708), ('ARIglovexmax30alpha0.3+PLP', 0.11804426601073426), ('ARIglove+PLP', 0.19993925293636905), ('ARIPLP', 0.22776252637869532), ('ARIglovexmax40alpha0.2+Louvain', 0.24538076874178916), ('ARIppmi+PLP', 0.31661444165145824), ('ARIppmi+Louvain', 0.3299961842480329), ('ARIglovexmax30alpha0.3+Louvain', 0.3959136672872786), ('ARIglove+Louvain', 0.450975735437504), ('ARILouvain', 0.4657203905861871), ('ARIpmi+PLP', 0.49493734519098065), ('ARIglovexmax50alpha0.2+Louvain', 0.5192413595219467), ('ARIpmi+Louvain', 0.5668313870561061), ('ARIstandard+Louvain', 0.8662405437113152), ('ARIiterative_rev_degree_order+Louvain', 0.9578655540065113), ('ARIstandard+PLP', 0.975783769566218), ('ARIiterative_rev_degree_order+PLP', 0.9861129962929783), ('ARISingleton', 1.0), ('ARIAllInOne', 1.0), ('ARIfake_pmi+Louvain', 1), ('ARIfake_pmi+PLP', 1)]
