__LOADINGS__
4992/62242 8.020307830725233 % of nul weighted edges removed
1/5000 0.02 % of nul degree nodes removed
Network Properties for:		network
nodes, edges			4999, 57250
directed?			False
weighted?			True
isolated nodes			1
self-loops			0
density				0.004583
clustering coefficient		0.315327
min/max/avg degree		0, 230, 22.904581
degree assortativity		0.236355
number of connected components	1
size of largest component	4999 (100.00 %)
453017.4023682407
__Groundtruth__
read communities from: ../../lfr_5000/mk300/k25/muw0.3/5/community.dat
-------------------  ---------
# communities         32
min community size   100
max community size   215
avg. community size  156.25
modularity             0.62618
-------------------  ---------
32 community detected
__CLASSIC_METHODS__
__Louvain__
PLM(balanced,pc,turbo) detected communities in 0.25106096267700195 [s]
solution properties:
-------------------  ----------
# communities         32
min community size   100
max community size   219
avg. community size  156.219
modularity             0.627155
-------------------  ----------
32 community detected
NMI:0.022974020014939867
ARI:0.028239339046543854
__Singleton__
32 community detected
NMI:0.4236841828226895
ARI:1.0
__AllInOne__
32 community detected
NMI:1.0
ARI:1.0
__PLP__
PLP detected communities in 0.09878921508789062 [s]
solution properties:
-------------------  ----------
# communities         33
min community size     1
max community size   219
avg. community size  151.515
modularity             0.627151
-------------------  ----------
32 community detected
NMI:0.023884878212647842
ARI:0.029581609171812406
__NORMALIZATION__
__glove__
Network Properties for:		G#18
nodes, edges			4999, 57250
directed?			False
weighted?			True
isolated nodes			1
self-loops			0
density				0.004583
clustering coefficient		0.315327
min/max/avg degree		0, 230, 22.904581
degree assortativity		0.236355
number of connected components	1
size of largest component	4999 (100.00 %)
tot:  7504.885269874634
__glove+Louvain__
PLM(balanced,pc,turbo) detected communities in 0.23518896102905273 [s]
solution properties:
-------------------  ----------
# communities         32
min community size   100
max community size   216
avg. community size  156.219
modularity             0.644812
-------------------  ----------
32 community detected
NMI:0.012839179093905972
ARI:0.015863962984942748
__glove+PLP__
PLP detected communities in 0.08129262924194336 [s]
solution properties:
-------------------  ----------
# communities         33
min community size     1
max community size   219
avg. community size  151.515
modularity             0.644808
-------------------  ----------
32 community detected
NMI:0.014967279698305802
ARI:0.01846822727873887
__fake_pmi__
Network Properties for:		G#24
nodes, edges			4999, 57250
directed?			False
weighted?			True
isolated nodes			1
self-loops			0
density				0.004583
clustering coefficient		0.315327
min/max/avg degree		0, 230, 22.904581
degree assortativity		0.236355
number of connected components	1
size of largest component	4999 (100.00 %)
tot:  0.0
__fake_pmi+Louvain__
1 community detected due to total edge weight equal 0
NMI:1
ARI:1
__fake_pmi+PLP__
1 community detected due to total edge weight equal 0
NMI:1
ARI:1
__iterative_rev_degree_order__
Network Properties for:		G#27
nodes, edges			4999, 57250
directed?			False
weighted?			True
isolated nodes			1
self-loops			0
density				0.004583
clustering coefficient		0.315327
min/max/avg degree		0, 230, 22.904581
degree assortativity		0.236355
number of connected components	1
size of largest component	4999 (100.00 %)
tot:  1366.7117333150118
__iterative_rev_degree_order+Louvain__
PLM(balanced,pc,turbo) detected communities in 0.7906546592712402 [s]
solution properties:
-------------------  ---------
# communities         65
min community size    16
max community size   189
avg. community size   76.9077
modularity             0.80804
-------------------  ---------
32 community detected
NMI:0.7258396729836689
ARI:0.906946395018501
__iterative_rev_degree_order+PLP__
PLP detected communities in 0.08778738975524902 [s]
solution properties:
-------------------  -----------
# communities        1536
min community size      1
max community size     13
avg. community size     3.25521
modularity              0.688475
-------------------  -----------
32 community detected
NMI:0.48514312269448123
ARI:0.9874276884257471
__pmi__
Network Properties for:		G#42
nodes, edges			4999, 57250
directed?			False
weighted?			True
isolated nodes			1
self-loops			0
density				0.004583
clustering coefficient		0.315327
min/max/avg degree		0, 230, 22.904581
degree assortativity		0.236355
number of connected components	1
size of largest component	4999 (100.00 %)
tot:  176111.99515152458
__pmi+Louvain__
PLM(balanced,pc,turbo) detected communities in 0.44496941566467285 [s]
solution properties:
-------------------  ----------
# communities         30
min community size   105
max community size   368
avg. community size  166.633
modularity             0.781201
-------------------  ----------
32 community detected
NMI:0.11472261990619781
ARI:0.20448599661779654
__pmi+PLP__
PLP detected communities in 0.18793082237243652 [s]
solution properties:
-------------------  ----------
# communities         44
min community size     1
max community size   342
avg. community size  113.636
modularity             0.777691
-------------------  ----------
32 community detected
NMI:0.11922800489583751
ARI:0.18497056740310014
__standard__
Network Properties for:		G#51
nodes, edges			4999, 57250
directed?			False
weighted?			True
isolated nodes			1
self-loops			0
density				0.004583
clustering coefficient		0.315327
min/max/avg degree		0, 230, 22.904581
degree assortativity		0.236355
number of connected components	1
size of largest component	4999 (100.00 %)
tot:  8.856242689270262
__standard+Louvain__
PLM(balanced,pc,turbo) detected communities in 0.6491734981536865 [s]
solution properties:
-------------------  ----------
# communities         35
min community size     3
max community size   237
avg. community size  142.829
modularity             0.760584
-------------------  ----------
32 community detected
NMI:0.40674037610835145
ARI:0.5313748057211434
__standard+PLP__
PLP detected communities in 0.3430349826812744 [s]
solution properties:
-------------------  ---------
# communities        922
min community size     1
max community size   150
avg. community size    5.42299
modularity             0.63186
-------------------  ---------
32 community detected
NMI:0.40133942279140045
ARI:0.7068708147739603
__ppmi__
Network Properties for:		G#63
nodes, edges			4999, 57250
directed?			False
weighted?			True
isolated nodes			1
self-loops			0
density				0.004583
clustering coefficient		0.315327
min/max/avg degree		0, 230, 22.904581
degree assortativity		0.236355
number of connected components	1
size of largest component	4999 (100.00 %)
tot:  232158.45915200433
__ppmi+Louvain__
PLM(balanced,pc,turbo) detected communities in 0.06791043281555176 [s]
solution properties:
-------------------  ----------
# communities         32
min community size   101
max community size   215
avg. community size  156.219
modularity             0.685475
-------------------  ----------
32 community detected
NMI:0.0039215058760267985
ARI:0.004919168561538401
__ppmi+PLP__
PLP detected communities in 0.11194610595703125 [s]
solution properties:
-------------------  ---------
# communities         32
min community size     1
max community size   410
avg. community size  156.25
modularity             0.68427
-------------------  ---------
32 community detected
NMI:0.0122654284447411
ARI:0.0560916789328596
__glovexmax50alpha0.2__
Network Properties for:		G#69
nodes, edges			4999, 57250
directed?			False
weighted?			True
isolated nodes			1
self-loops			0
density				0.004583
clustering coefficient		0.315327
min/max/avg degree		0, 230, 22.904581
degree assortativity		0.236355
number of connected components	1
size of largest component	4999 (100.00 %)
tot:  32641.375980874385
__glovexmax50alpha0.2+Louvain__
PLM(balanced,pc,turbo) detected communities in 0.2037796974182129 [s]
solution properties:
-------------------  ----------
# communities         32
min community size   100
max community size   214
avg. community size  156.219
modularity             0.674828
-------------------  ----------
32 community detected
NMI:0.0
ARI:0.0
__glovexmax50alpha0.2+PLP__
PLP detected communities in 0.08132648468017578 [s]
solution properties:
-------------------  ----------
# communities         33
min community size     1
max community size   214
avg. community size  151.515
modularity             0.674828
-------------------  ----------
32 community detected
NMI:0.0
ARI:0.0
__glovexmax40alpha0.2__
Network Properties for:		G#75
nodes, edges			4999, 57250
directed?			False
weighted?			True
isolated nodes			1
self-loops			0
density				0.004583
clustering coefficient		0.315327
min/max/avg degree		0, 230, 22.904581
degree assortativity		0.236355
number of connected components	1
size of largest component	4999 (100.00 %)
tot:  34100.99993707267
__glovexmax40alpha0.2+Louvain__
PLM(balanced,pc,turbo) detected communities in 0.22689008712768555 [s]
solution properties:
-------------------  ----------
# communities         32
min community size   100
max community size   214
avg. community size  156.219
modularity             0.674957
-------------------  ----------
32 community detected
NMI:0.0
ARI:0.0
__glovexmax40alpha0.2+PLP__
PLP detected communities in 0.05493044853210449 [s]
solution properties:
-------------------  ----------
# communities         33
min community size     1
max community size   214
avg. community size  151.515
modularity             0.674957
-------------------  ----------
32 community detected
NMI:0.0
ARI:0.0
__glovexmax30alpha0.3__
Network Properties for:		G#81
nodes, edges			4999, 57250
directed?			False
weighted?			True
isolated nodes			1
self-loops			0
density				0.004583
clustering coefficient		0.315327
min/max/avg degree		0, 230, 22.904581
degree assortativity		0.236355
number of connected components	1
size of largest component	4999 (100.00 %)
tot:  30698.333172912255
__glovexmax30alpha0.3+Louvain__
PLM(balanced,pc,turbo) detected communities in 0.25834202766418457 [s]
solution properties:
-------------------  ----------
# communities         32
min community size   100
max community size   215
avg. community size  156.219
modularity             0.672457
-------------------  ----------
32 community detected
NMI:0.0003681098493909518
ARI:0.0005371217981501308
__glovexmax30alpha0.3+PLP__
PLP detected communities in 0.029011011123657227 [s]
solution properties:
-------------------  ----------
# communities         33
min community size     1
max community size   215
avg. community size  151.515
modularity             0.672457
-------------------  ----------
32 community detected
NMI:0.00036810984939072977
ARI:0.0005371217981501308
NMI classement:
[('NMIglovexmax50alpha0.2+Louvain', 0.0), ('NMIglovexmax50alpha0.2+PLP', 0.0), ('NMIglovexmax40alpha0.2+Louvain', 0.0), ('NMIglovexmax40alpha0.2+PLP', 0.0), ('NMIglovexmax30alpha0.3+PLP', 0.00036810984939072977), ('NMIglovexmax30alpha0.3+Louvain', 0.0003681098493909518), ('NMIppmi+Louvain', 0.0039215058760267985), ('NMIppmi+PLP', 0.0122654284447411), ('NMIglove+Louvain', 0.012839179093905972), ('NMIglove+PLP', 0.014967279698305802), ('NMILouvain', 0.022974020014939867), ('NMIPLP', 0.023884878212647842), ('NMIpmi+Louvain', 0.11472261990619781), ('NMIpmi+PLP', 0.11922800489583751), ('NMIstandard+PLP', 0.40133942279140045), ('NMIstandard+Louvain', 0.40674037610835145), ('NMISingleton', 0.4236841828226895), ('NMIiterative_rev_degree_order+PLP', 0.48514312269448123), ('NMIiterative_rev_degree_order+Louvain', 0.7258396729836689), ('NMIAllInOne', 1.0), ('NMIfake_pmi+Louvain', 1), ('NMIfake_pmi+PLP', 1)]
ARI classement:
[('ARIglovexmax50alpha0.2+Louvain', 0.0), ('ARIglovexmax50alpha0.2+PLP', 0.0), ('ARIglovexmax40alpha0.2+Louvain', 0.0), ('ARIglovexmax40alpha0.2+PLP', 0.0), ('ARIglovexmax30alpha0.3+Louvain', 0.0005371217981501308), ('ARIglovexmax30alpha0.3+PLP', 0.0005371217981501308), ('ARIppmi+Louvain', 0.004919168561538401), ('ARIglove+Louvain', 0.015863962984942748), ('ARIglove+PLP', 0.01846822727873887), ('ARILouvain', 0.028239339046543854), ('ARIPLP', 0.029581609171812406), ('ARIppmi+PLP', 0.0560916789328596), ('ARIpmi+PLP', 0.18497056740310014), ('ARIpmi+Louvain', 0.20448599661779654), ('ARIstandard+Louvain', 0.5313748057211434), ('ARIstandard+PLP', 0.7068708147739603), ('ARIiterative_rev_degree_order+Louvain', 0.906946395018501), ('ARIiterative_rev_degree_order+PLP', 0.9874276884257471), ('ARISingleton', 1.0), ('ARIAllInOne', 1.0), ('ARIfake_pmi+Louvain', 1), ('ARIfake_pmi+PLP', 1)]
