__LOADINGS__
Network Properties for:		network
nodes, edges			5000, 57123
directed?			False
weighted?			True
isolated nodes			0
self-loops			0
density				0.004571
clustering coefficient		0.243022
min/max/avg degree		1, 224, 22.849200
degree assortativity		0.277078
number of connected components	1
size of largest component	5000 (100.00 %)
449149.96764233906
__Groundtruth__
read communities from: ../../lfr_5000/mk300/k25/muw0.4/37/community.dat
-------------------  ----------
# communities         40
min community size    89
max community size   180
avg. community size  125
modularity             0.539834
-------------------  ----------
40 community detected
[1/90]: reference_model/mk300k25muw0.4.model0.dat
             precision    recall  f1-score   support

          0       0.74      0.46      0.57     22565
          1       0.72      0.90      0.80     34558

avg / total       0.73      0.72      0.71     57123

Confusion matrix:
[[10452 12113]
 [ 3619 30939]]
Importance of features:
[0.19764012 0.21533923 0.21386431 0.19075713 0.18239921]
[2/90]: reference_model/mk100k20muw0.4.model1.dat
             precision    recall  f1-score   support

          0       0.55      0.45      0.50     22565
          1       0.68      0.75      0.71     34558

avg / total       0.63      0.64      0.63     57123

Confusion matrix:
[[10257 12308]
 [ 8512 26046]]
Importance of features:
[0.14987469 0.21353383 0.20701754 0.23909774 0.1904762 ]
[3/90]: reference_model/mk300k20muw0.4.model2.dat
             precision    recall  f1-score   support

          0       0.70      0.44      0.54     22565
          1       0.71      0.88      0.78     34558

avg / total       0.70      0.70      0.69     57123

Confusion matrix:
[[ 9840 12725]
 [ 4147 30411]]
Importance of features:
[0.21138996 0.22635135 0.19111969 0.1722973  0.1988417 ]
[4/90]: reference_model/mk300k20muw0.4.model3.dat
             precision    recall  f1-score   support

          0       0.70      0.44      0.54     22565
          1       0.71      0.88      0.78     34558

avg / total       0.70      0.70      0.69     57123

Confusion matrix:
[[ 9840 12725]
 [ 4147 30411]]
Importance of features:
[0.21138996 0.22635135 0.19111969 0.1722973  0.1988417 ]
[5/90]: reference_model/mk300k15muw0.4.model4.dat
             precision    recall  f1-score   support

          0       0.70      0.43      0.53     22565
          1       0.70      0.88      0.78     34558

avg / total       0.70      0.70      0.68     57123

Confusion matrix:
[[ 9648 12917]
 [ 4130 30428]]
Importance of features:
[0.23644578 0.21636546 0.17921686 0.18624498 0.1817269 ]
[6/90]: reference_model/mk500k15muw0.4.model5.dat
             precision    recall  f1-score   support

          0       0.72      0.33      0.45     22565
          1       0.68      0.92      0.78     34558

avg / total       0.69      0.68      0.65     57123

Confusion matrix:
[[ 7371 15194]
 [ 2918 31640]]
Importance of features:
[0.23721163 0.20962888 0.17352057 0.16449349 0.21514544]
[7/90]: reference_model/mk100k15muw0.4.model6.dat
             precision    recall  f1-score   support

          0       0.62      0.34      0.44     22565
          1       0.67      0.86      0.75     34558

avg / total       0.65      0.66      0.63     57123

Confusion matrix:
[[ 7716 14849]
 [ 4761 29797]]
Importance of features:
[0.20738493 0.18462317 0.19221042 0.21598381 0.19979768]
[8/90]: reference_model/mk500k20muw0.4.model7.dat
             precision    recall  f1-score   support

          0       0.74      0.32      0.44     22565
          1       0.67      0.93      0.78     34558

avg / total       0.70      0.69      0.65     57123

Confusion matrix:
[[ 7143 15422]
 [ 2533 32025]]
Importance of features:
[0.19845486 0.21583776 0.1921777  0.19652341 0.19700627]
[9/90]: reference_model/mk100k20muw0.4.model8.dat
             precision    recall  f1-score   support

          0       0.55      0.45      0.50     22565
          1       0.68      0.75      0.71     34558

avg / total       0.63      0.64      0.63     57123

Confusion matrix:
[[10257 12308]
 [ 8512 26046]]
Importance of features:
[0.14987469 0.21353383 0.20701754 0.23909774 0.1904762 ]
[10/90]: reference_model/mk500k20muw0.4.model9.dat
             precision    recall  f1-score   support

          0       0.74      0.32      0.44     22565
          1       0.67      0.93      0.78     34558

avg / total       0.70      0.69      0.65     57123

Confusion matrix:
[[ 7143 15422]
 [ 2533 32025]]
Importance of features:
[0.19845486 0.21583776 0.1921777  0.19652341 0.19700627]
[11/90]: reference_model/mk500k20muw0.2.model10.dat
             precision    recall  f1-score   support

          0       0.81      0.04      0.08     22565
          1       0.61      0.99      0.76     34558

avg / total       0.69      0.62      0.49     57123

Confusion matrix:
[[  953 21612]
 [  221 34337]]
Importance of features:
[0.2188952  0.20650491 0.1765617  0.21218379 0.18585442]
[12/90]: reference_model/mk300k15muw0.2.model11.dat
             precision    recall  f1-score   support

          0       0.71      0.18      0.29     22565
          1       0.64      0.95      0.77     34558

avg / total       0.67      0.65      0.58     57123

Confusion matrix:
[[ 4037 18528]
 [ 1610 32948]]
Importance of features:
[0.26180905 0.19849247 0.14522614 0.16733669 0.22713567]
[13/90]: reference_model/mk100k20muw0.2.model12.dat
             precision    recall  f1-score   support

          0       0.40      0.41      0.41     22565
          1       0.61      0.59      0.60     34558

avg / total       0.53      0.52      0.52     57123

Confusion matrix:
[[ 9355 13210]
 [14004 20554]]
Importance of features:
[0.18442623 0.20133197 0.19467214 0.23155738 0.1880123 ]
[14/90]: reference_model/mk500k15muw0.2.model13.dat
             precision    recall  f1-score   support

          0       0.73      0.12      0.21     22565
          1       0.63      0.97      0.76     34558

avg / total       0.67      0.64      0.54     57123

Confusion matrix:
[[ 2725 19840]
 [ 1006 33552]]
Importance of features:
[0.2821758  0.1845556  0.1457018  0.1704711  0.21709567]
[15/90]: reference_model/mk500k25muw0.2.model14.dat
             precision    recall  f1-score   support

          0       0.59      0.12      0.20     22565
          1       0.62      0.94      0.75     34558

avg / total       0.61      0.62      0.53     57123

Confusion matrix:
[[ 2786 19779]
 [ 1949 32609]]
Importance of features:
[0.18267795 0.25833747 0.17869587 0.20856148 0.17172723]
[16/90]: reference_model/mk300k15muw0.2.model15.dat
             precision    recall  f1-score   support

          0       0.71      0.18      0.29     22565
          1       0.64      0.95      0.77     34558

avg / total       0.67      0.65      0.58     57123

Confusion matrix:
[[ 4037 18528]
 [ 1610 32948]]
Importance of features:
[0.26180905 0.19849247 0.14522614 0.16733669 0.22713567]
[17/90]: reference_model/mk100k15muw0.2.model16.dat
             precision    recall  f1-score   support

          0       0.51      0.34      0.40     22565
          1       0.64      0.78      0.71     34558

avg / total       0.59      0.61      0.59     57123

Confusion matrix:
[[ 7616 14949]
 [ 7451 27107]]
Importance of features:
[0.22274144 0.1879543  0.1827622  0.23364486 0.17289719]
[18/90]: reference_model/mk300k15muw0.2.model17.dat
             precision    recall  f1-score   support

          0       0.71      0.18      0.29     22565
          1       0.64      0.95      0.77     34558

avg / total       0.67      0.65      0.58     57123

Confusion matrix:
[[ 4037 18528]
 [ 1610 32948]]
Importance of features:
[0.26180905 0.19849247 0.14522614 0.16733669 0.22713567]
[19/90]: reference_model/mk100k20muw0.2.model18.dat
             precision    recall  f1-score   support

          0       0.40      0.41      0.41     22565
          1       0.61      0.59      0.60     34558

avg / total       0.53      0.52      0.52     57123

Confusion matrix:
[[ 9355 13210]
 [14004 20554]]
Importance of features:
[0.18442623 0.20133197 0.19467214 0.23155738 0.1880123 ]
[20/90]: reference_model/mk500k20muw0.2.model19.dat
             precision    recall  f1-score   support

          0       0.81      0.04      0.08     22565
          1       0.61      0.99      0.76     34558

avg / total       0.69      0.62      0.49     57123

Confusion matrix:
[[  953 21612]
 [  221 34337]]
Importance of features:
[0.2188952  0.20650491 0.1765617  0.21218379 0.18585442]
[21/90]: reference_model/mk300k20muw0.3.model20.dat
             precision    recall  f1-score   support

          0       0.74      0.24      0.36     22565
          1       0.66      0.95      0.77     34558

avg / total       0.69      0.67      0.61     57123

Confusion matrix:
[[ 5376 17189]
 [ 1900 32658]]
Importance of features:
[0.2446289  0.19091797 0.17138672 0.19238281 0.2006836 ]
[22/90]: reference_model/mk300k20muw0.3.model21.dat
             precision    recall  f1-score   support

          0       0.74      0.24      0.36     22565
          1       0.66      0.95      0.77     34558

avg / total       0.69      0.67      0.61     57123

Confusion matrix:
[[ 5376 17189]
 [ 1900 32658]]
Importance of features:
[0.2446289  0.19091797 0.17138672 0.19238281 0.2006836 ]
[23/90]: reference_model/mk300k20muw0.3.model22.dat
             precision    recall  f1-score   support

          0       0.74      0.24      0.36     22565
          1       0.66      0.95      0.77     34558

avg / total       0.69      0.67      0.61     57123

Confusion matrix:
[[ 5376 17189]
 [ 1900 32658]]
Importance of features:
[0.2446289  0.19091797 0.17138672 0.19238281 0.2006836 ]
[24/90]: reference_model/mk300k20muw0.3.model23.dat
             precision    recall  f1-score   support

          0       0.74      0.24      0.36     22565
          1       0.66      0.95      0.77     34558

avg / total       0.69      0.67      0.61     57123

Confusion matrix:
[[ 5376 17189]
 [ 1900 32658]]
Importance of features:
[0.2446289  0.19091797 0.17138672 0.19238281 0.2006836 ]
[25/90]: reference_model/mk300k15muw0.3.model24.dat
             precision    recall  f1-score   support

          0       0.73      0.22      0.34     22565
          1       0.65      0.95      0.77     34558

avg / total       0.68      0.66      0.60     57123

Confusion matrix:
[[ 5062 17503]
 [ 1867 32691]]
Importance of features:
[0.25915948 0.1950431  0.15894397 0.20905173 0.17780173]
[26/90]: reference_model/mk300k25muw0.3.model25.dat
             precision    recall  f1-score   support

          0       0.68      0.29      0.40     22565
          1       0.66      0.91      0.77     34558

avg / total       0.67      0.66      0.62     57123

Confusion matrix:
[[ 6494 16071]
 [ 3089 31469]]
Importance of features:
[0.16503428 0.21057786 0.2238002  0.22575906 0.1748286 ]
[27/90]: reference_model/mk100k15muw0.3.model26.dat
             precision    recall  f1-score   support

          0       0.56      0.35      0.43     22565
          1       0.66      0.82      0.73     34558

avg / total       0.62      0.63      0.61     57123

Confusion matrix:
[[ 7909 14656]
 [ 6267 28291]]
Importance of features:
[0.20265618 0.19134285 0.18445647 0.23413675 0.18740778]
[28/90]: reference_model/mk500k15muw0.3.model27.dat
             precision    recall  f1-score   support

          0       0.74      0.17      0.27     22565
          1       0.64      0.96      0.77     34558

avg / total       0.68      0.65      0.57     57123

Confusion matrix:
[[ 3797 18768]
 [ 1315 33243]]
Importance of features:
[0.25457242 0.16757292 0.1507662  0.19327731 0.23381117]
[29/90]: reference_model/mk300k25muw0.3.model28.dat
             precision    recall  f1-score   support

          0       0.68      0.29      0.40     22565
          1       0.66      0.91      0.77     34558

avg / total       0.67      0.66      0.62     57123

Confusion matrix:
[[ 6494 16071]
 [ 3089 31469]]
Importance of features:
[0.16503428 0.21057786 0.2238002  0.22575906 0.1748286 ]
[30/90]: reference_model/mk300k20muw0.3.model29.dat
             precision    recall  f1-score   support

          0       0.40      1.00      0.57     22565
          1       0.00      0.00      0.00     34558

avg / total       0.16      0.40      0.22     57123

Confusion matrix:
[[22565     0]
 [34558     0]]
Importance of features:
[0.20055866 0.20726258 0.20167598 0.16927375 0.22122905]
[31/90]: reference_model/mk300k15muw0.2.model30.dat
             precision    recall  f1-score   support

          0       0.71      0.18      0.29     22565
          1       0.64      0.95      0.77     34558

avg / total       0.67      0.65      0.58     57123

Confusion matrix:
[[ 4037 18528]
 [ 1610 32948]]
Importance of features:
[0.26180905 0.19849247 0.14522614 0.16733669 0.22713567]
[32/90]: reference_model/mk300k15muw0.4.model31.dat
             precision    recall  f1-score   support

          0       0.67      0.44      0.53     22565
          1       0.70      0.86      0.77     34558

avg / total       0.69      0.69      0.68     57123

Confusion matrix:
[[ 9917 12648]
 [ 4958 29600]]
Importance of features:
[0.2353823  0.20589705 0.1884058  0.16791604 0.2023988 ]
[33/90]: reference_model/mk500k15muw0.2.model32.dat
             precision    recall  f1-score   support

          0       0.73      0.12      0.21     22565
          1       0.63      0.97      0.76     34558

avg / total       0.67      0.64      0.54     57123

Confusion matrix:
[[ 2725 19840]
 [ 1006 33552]]
Importance of features:
[0.2821758  0.1845556  0.1457018  0.1704711  0.21709567]
[34/90]: reference_model/mk500k15muw0.3.model33.dat
             precision    recall  f1-score   support

          0       0.74      0.17      0.27     22565
          1       0.64      0.96      0.77     34558

avg / total       0.68      0.65      0.57     57123

Confusion matrix:
[[ 3797 18768]
 [ 1315 33243]]
Importance of features:
[0.25457242 0.16757292 0.1507662  0.19327731 0.23381117]
[35/90]: reference_model/mk300k15muw0.2.model34.dat
             precision    recall  f1-score   support

          0       0.71      0.18      0.29     22565
          1       0.64      0.95      0.77     34558

avg / total       0.67      0.65      0.58     57123

Confusion matrix:
[[ 4037 18528]
 [ 1610 32948]]
Importance of features:
[0.26180905 0.19849247 0.14522614 0.16733669 0.22713567]
[36/90]: reference_model/mk500k15muw0.2.model35.dat
             precision    recall  f1-score   support

          0       0.73      0.12      0.21     22565
          1       0.63      0.97      0.76     34558

avg / total       0.67      0.64      0.54     57123

Confusion matrix:
[[ 2725 19840]
 [ 1006 33552]]
Importance of features:
[0.2821758  0.1845556  0.1457018  0.1704711  0.21709567]
[37/90]: reference_model/mk500k15muw0.2.model36.dat
             precision    recall  f1-score   support

          0       0.73      0.12      0.21     22565
          1       0.63      0.97      0.76     34558

avg / total       0.67      0.64      0.54     57123

Confusion matrix:
[[ 2725 19840]
 [ 1006 33552]]
Importance of features:
[0.2821758  0.1845556  0.1457018  0.1704711  0.21709567]
[38/90]: reference_model/mk300k15muw0.4.model37.dat
             precision    recall  f1-score   support

          0       0.70      0.43      0.53     22565
          1       0.70      0.88      0.78     34558

avg / total       0.70      0.70      0.68     57123

Confusion matrix:
[[ 9648 12917]
 [ 4130 30428]]
Importance of features:
[0.23644578 0.21636546 0.17921686 0.18624498 0.1817269 ]
[39/90]: reference_model/mk100k15muw0.3.model38.dat
             precision    recall  f1-score   support

          0       0.56      0.35      0.43     22565
          1       0.66      0.82      0.73     34558

avg / total       0.62      0.63      0.61     57123

Confusion matrix:
[[ 7909 14656]
 [ 6267 28291]]
Importance of features:
[0.20265618 0.19134285 0.18445647 0.23413675 0.18740778]
[40/90]: reference_model/mk100k15muw0.4.model39.dat
             precision    recall  f1-score   support

          0       0.62      0.34      0.44     22565
          1       0.67      0.86      0.75     34558

avg / total       0.65      0.66      0.63     57123

Confusion matrix:
[[ 7716 14849]
 [ 4761 29797]]
Importance of features:
[0.20738493 0.18462317 0.19221042 0.21598381 0.19979768]
[41/90]: reference_model/mk100k20muw0.3.model40.dat
             precision    recall  f1-score   support

          0       0.45      0.45      0.45     22565
          1       0.64      0.64      0.64     34558

avg / total       0.56      0.56      0.56     57123

Confusion matrix:
[[10096 12469]
 [12477 22081]]
Importance of features:
[0.17603183 0.1735455  0.2347091  0.24017902 0.17553456]
[42/90]: reference_model/mk500k20muw0.4.model41.dat
             precision    recall  f1-score   support

          0       0.74      0.32      0.44     22565
          1       0.67      0.93      0.78     34558

avg / total       0.70      0.69      0.65     57123

Confusion matrix:
[[ 7143 15422]
 [ 2533 32025]]
Importance of features:
[0.19845486 0.21583776 0.1921777  0.19652341 0.19700627]
[43/90]: reference_model/mk500k20muw0.4.model42.dat
             precision    recall  f1-score   support

          0       0.74      0.32      0.44     22565
          1       0.67      0.93      0.78     34558

avg / total       0.70      0.69      0.65     57123

Confusion matrix:
[[ 7143 15422]
 [ 2533 32025]]
Importance of features:
[0.19845486 0.21583776 0.1921777  0.19652341 0.19700627]
[44/90]: reference_model/mk100k20muw0.4.model43.dat
             precision    recall  f1-score   support

          0       0.55      0.45      0.50     22565
          1       0.68      0.75      0.71     34558

avg / total       0.63      0.64      0.63     57123

Confusion matrix:
[[10257 12308]
 [ 8512 26046]]
Importance of features:
[0.14987469 0.21353383 0.20701754 0.23909774 0.1904762 ]
[45/90]: reference_model/mk500k20muw0.3.model44.dat
             precision    recall  f1-score   support

          0       0.78      0.19      0.30     22565
          1       0.65      0.97      0.77     34558

avg / total       0.70      0.66      0.59     57123

Confusion matrix:
[[ 4223 18342]
 [ 1207 33351]]
Importance of features:
[0.20040384 0.23220596 0.18980312 0.20545179 0.17213528]
[46/90]: reference_model/mk300k20muw0.2.model45.dat
             precision    recall  f1-score   support

          0       0.71      0.17      0.28     22565
          1       0.64      0.95      0.77     34558

avg / total       0.67      0.65      0.57     57123

Confusion matrix:
[[ 3909 18656]
 [ 1595 32963]]
Importance of features:
[0.18968213 0.2094841  0.19228765 0.22511725 0.18342887]
[47/90]: reference_model/mk300k20muw0.3.model46.dat
             precision    recall  f1-score   support

          0       0.74      0.24      0.36     22565
          1       0.66      0.95      0.77     34558

avg / total       0.69      0.67      0.61     57123

Confusion matrix:
[[ 5376 17189]
 [ 1900 32658]]
Importance of features:
[0.2446289  0.19091797 0.17138672 0.19238281 0.2006836 ]
[48/90]: reference_model/mk500k20muw0.3.model47.dat
             precision    recall  f1-score   support

          0       0.78      0.19      0.30     22565
          1       0.65      0.97      0.77     34558

avg / total       0.70      0.66      0.59     57123

Confusion matrix:
[[ 4223 18342]
 [ 1207 33351]]
Importance of features:
[0.20040384 0.23220596 0.18980312 0.20545179 0.17213528]
[49/90]: reference_model/mk300k20muw0.2.model48.dat
             precision    recall  f1-score   support

          0       0.71      0.17      0.28     22565
          1       0.64      0.95      0.77     34558

avg / total       0.67      0.65      0.57     57123

Confusion matrix:
[[ 3909 18656]
 [ 1595 32963]]
Importance of features:
[0.18968213 0.2094841  0.19228765 0.22511725 0.18342887]
[50/90]: reference_model/mk300k20muw0.3.model49.dat
             precision    recall  f1-score   support

          0       0.74      0.24      0.36     22565
          1       0.66      0.95      0.77     34558

avg / total       0.69      0.67      0.61     57123

Confusion matrix:
[[ 5376 17189]
 [ 1900 32658]]
Importance of features:
[0.2446289  0.19091797 0.17138672 0.19238281 0.2006836 ]
[51/90]: reference_model/mk500k25muw0.3.model50.dat
             precision    recall  f1-score   support

          0       0.81      0.13      0.22     22565
          1       0.63      0.98      0.77     34558

avg / total       0.70      0.64      0.55     57123

Confusion matrix:
[[ 2870 19695]
 [  662 33896]]
Importance of features:
[0.2168119  0.26550487 0.18657099 0.1768324  0.15427986]
[52/90]: reference_model/mk300k25muw0.2.model51.dat
             precision    recall  f1-score   support

          0       0.45      0.30      0.36     22565
          1       0.62      0.75      0.68     34558

avg / total       0.55      0.58      0.56     57123

Confusion matrix:
[[ 6867 15698]
 [ 8557 26001]]
Importance of features:
[0.20226377 0.21062993 0.17864174 0.22096457 0.1875    ]
[53/90]: reference_model/mk300k25muw0.3.model52.dat
             precision    recall  f1-score   support

          0       0.68      0.29      0.40     22565
          1       0.66      0.91      0.77     34558

avg / total       0.67      0.66      0.62     57123

Confusion matrix:
[[ 6494 16071]
 [ 3089 31469]]
Importance of features:
[0.16503428 0.21057786 0.2238002  0.22575906 0.1748286 ]
[54/90]: reference_model/mk300k25muw0.4.model53.dat
             precision    recall  f1-score   support

          0       0.74      0.46      0.57     22565
          1       0.72      0.90      0.80     34558

avg / total       0.73      0.72      0.71     57123

Confusion matrix:
[[10452 12113]
 [ 3619 30939]]
Importance of features:
[0.19764012 0.21533923 0.21386431 0.19075713 0.18239921]
[55/90]: reference_model/mk100k25muw0.4.model54.dat
             precision    recall  f1-score   support

          0       0.43      0.60      0.50     22565
          1       0.65      0.48      0.55     34558

avg / total       0.56      0.53      0.53     57123

Confusion matrix:
[[13494  9071]
 [17937 16621]]
Importance of features:
[0.16218956 0.18398379 0.2321338  0.2584896  0.16320324]
[56/90]: reference_model/mk100k25muw0.4.model55.dat
             precision    recall  f1-score   support

          0       0.43      0.60      0.50     22565
          1       0.65      0.48      0.55     34558

avg / total       0.56      0.53      0.53     57123

Confusion matrix:
[[13494  9071]
 [17937 16621]]
Importance of features:
[0.16218956 0.18398379 0.2321338  0.2584896  0.16320324]
[57/90]: reference_model/mk100k25muw0.2.model56.dat
             precision    recall  f1-score   support

          0       0.36      0.30      0.33     22565
          1       0.59      0.65      0.62     34558

avg / total       0.50      0.51      0.50     57123

Confusion matrix:
[[ 6734 15831]
 [11941 22617]]
Importance of features:
[0.1647586  0.19462419 0.19711299 0.2543554  0.18914883]
[58/90]: reference_model/mk300k25muw0.4.model57.dat
             precision    recall  f1-score   support

          0       0.74      0.46      0.57     22565
          1       0.72      0.90      0.80     34558

avg / total       0.73      0.72      0.71     57123

Confusion matrix:
[[10452 12113]
 [ 3619 30939]]
Importance of features:
[0.19764012 0.21533923 0.21386431 0.19075713 0.18239921]
[59/90]: reference_model/mk500k25muw0.2.model58.dat
             precision    recall  f1-score   support

          0       0.65      0.21      0.31     22565
          1       0.64      0.93      0.76     34558

avg / total       0.64      0.64      0.58     57123

Confusion matrix:
[[ 4691 17874]
 [ 2559 31999]]
Importance of features:
[0.22440746 0.2521432  0.16288452 0.1785174  0.1820474 ]
[60/90]: reference_model/mk100k25muw0.2.model59.dat
             precision    recall  f1-score   support

          0       0.36      0.30      0.33     22565
          1       0.59      0.65      0.62     34558

avg / total       0.50      0.51      0.50     57123

Confusion matrix:
[[ 6734 15831]
 [11941 22617]]
Importance of features:
[0.1647586  0.19462419 0.19711299 0.2543554  0.18914883]
[61/90]: reference_model/mk300k15muw0.3.model60.dat
             precision    recall  f1-score   support

          0       0.73      0.22      0.34     22565
          1       0.65      0.95      0.77     34558

avg / total       0.68      0.66      0.60     57123

Confusion matrix:
[[ 5062 17503]
 [ 1867 32691]]
Importance of features:
[0.25915948 0.1950431  0.15894397 0.20905173 0.17780173]
[62/90]: reference_model/mk300k15muw0.3.model61.dat
             precision    recall  f1-score   support

          0       0.73      0.22      0.34     22565
          1       0.65      0.95      0.77     34558

avg / total       0.68      0.66      0.60     57123

Confusion matrix:
[[ 5062 17503]
 [ 1867 32691]]
Importance of features:
[0.25915948 0.1950431  0.15894397 0.20905173 0.17780173]
[63/90]: reference_model/mk300k25muw0.2.model62.dat
             precision    recall  f1-score   support

          0       0.45      0.30      0.36     22565
          1       0.62      0.75      0.68     34558

avg / total       0.55      0.58      0.56     57123

Confusion matrix:
[[ 6867 15698]
 [ 8557 26001]]
Importance of features:
[0.20226377 0.21062993 0.17864174 0.22096457 0.1875    ]
[64/90]: reference_model/mk300k25muw0.4.model63.dat
             precision    recall  f1-score   support

          0       0.74      0.46      0.57     22565
          1       0.72      0.90      0.80     34558

avg / total       0.73      0.72      0.71     57123

Confusion matrix:
[[10452 12113]
 [ 3619 30939]]
Importance of features:
[0.19764012 0.21533923 0.21386431 0.19075713 0.18239921]
[65/90]: reference_model/mk300k20muw0.4.model64.dat
             precision    recall  f1-score   support

          0       0.70      0.44      0.54     22565
          1       0.71      0.88      0.78     34558

avg / total       0.70      0.70      0.69     57123

Confusion matrix:
[[ 9840 12725]
 [ 4147 30411]]
Importance of features:
[0.21138996 0.22635135 0.19111969 0.1722973  0.1988417 ]
[66/90]: reference_model/mk300k20muw0.2.model65.dat
             precision    recall  f1-score   support

          0       0.71      0.17      0.28     22565
          1       0.64      0.95      0.77     34558

avg / total       0.67      0.65      0.57     57123

Confusion matrix:
[[ 3909 18656]
 [ 1595 32963]]
Importance of features:
[0.18968213 0.2094841  0.19228765 0.22511725 0.18342887]
[67/90]: reference_model/mk300k20muw0.2.model66.dat
             precision    recall  f1-score   support

          0       0.71      0.17      0.28     22565
          1       0.64      0.95      0.77     34558

avg / total       0.67      0.65      0.57     57123

Confusion matrix:
[[ 3909 18656]
 [ 1595 32963]]
Importance of features:
[0.18968213 0.2094841  0.19228765 0.22511725 0.18342887]
[68/90]: reference_model/mk300k15muw0.3.model67.dat
             precision    recall  f1-score   support

          0       0.73      0.22      0.34     22565
          1       0.65      0.95      0.77     34558

avg / total       0.68      0.66      0.60     57123

Confusion matrix:
[[ 5062 17503]
 [ 1867 32691]]
Importance of features:
[0.25915948 0.1950431  0.15894397 0.20905173 0.17780173]
[69/90]: reference_model/mk300k15muw0.4.model68.dat
             precision    recall  f1-score   support

          0       0.70      0.43      0.53     22565
          1       0.70      0.88      0.78     34558

avg / total       0.70      0.70      0.68     57123

Confusion matrix:
[[ 9648 12917]
 [ 4130 30428]]
Importance of features:
[0.23644578 0.21636546 0.17921686 0.18624498 0.1817269 ]
[70/90]: reference_model/mk300k15muw0.4.model69.dat
             precision    recall  f1-score   support

          0       0.70      0.43      0.53     22565
          1       0.70      0.88      0.78     34558

avg / total       0.70      0.70      0.68     57123

Confusion matrix:
[[ 9648 12917]
 [ 4130 30428]]
Importance of features:
[0.23644578 0.21636546 0.17921686 0.18624498 0.1817269 ]
[71/90]: reference_model/mk500k25muw0.2.model70.dat
             precision    recall  f1-score   support

          0       0.59      0.12      0.20     22565
          1       0.62      0.94      0.75     34558

avg / total       0.61      0.62      0.53     57123

Confusion matrix:
[[ 2786 19779]
 [ 1949 32609]]
Importance of features:
[0.18267795 0.25833747 0.17869587 0.20856148 0.17172723]
[72/90]: reference_model/mk500k20muw0.3.model71.dat
             precision    recall  f1-score   support

          0       0.78      0.19      0.30     22565
          1       0.65      0.97      0.77     34558

avg / total       0.70      0.66      0.59     57123

Confusion matrix:
[[ 4223 18342]
 [ 1207 33351]]
Importance of features:
[0.20040384 0.23220596 0.18980312 0.20545179 0.17213528]
[73/90]: reference_model/mk500k15muw0.3.model72.dat
             precision    recall  f1-score   support

          0       0.74      0.17      0.27     22565
          1       0.64      0.96      0.77     34558

avg / total       0.68      0.65      0.57     57123

Confusion matrix:
[[ 3797 18768]
 [ 1315 33243]]
Importance of features:
[0.25457242 0.16757292 0.1507662  0.19327731 0.23381117]
[74/90]: reference_model/mk500k25muw0.3.model73.dat
             precision    recall  f1-score   support

          0       0.81      0.13      0.22     22565
          1       0.63      0.98      0.77     34558

avg / total       0.70      0.64      0.55     57123

Confusion matrix:
[[ 2870 19695]
 [  662 33896]]
Importance of features:
[0.2168119  0.26550487 0.18657099 0.1768324  0.15427986]
[75/90]: reference_model/mk500k25muw0.2.model74.dat
             precision    recall  f1-score   support

          0       0.59      0.12      0.20     22565
          1       0.62      0.94      0.75     34558

avg / total       0.61      0.62      0.53     57123

Confusion matrix:
[[ 2786 19779]
 [ 1949 32609]]
Importance of features:
[0.18267795 0.25833747 0.17869587 0.20856148 0.17172723]
[76/90]: reference_model/mk500k15muw0.2.model75.dat
             precision    recall  f1-score   support

          0       0.73      0.12      0.21     22565
          1       0.63      0.97      0.76     34558

avg / total       0.67      0.64      0.54     57123

Confusion matrix:
[[ 2725 19840]
 [ 1006 33552]]
Importance of features:
[0.2821758  0.1845556  0.1457018  0.1704711  0.21709567]
[77/90]: reference_model/mk500k25muw0.4.model76.dat
             precision    recall  f1-score   support

          0       0.70      0.37      0.48     22565
          1       0.68      0.90      0.78     34558

avg / total       0.69      0.69      0.66     57123

Confusion matrix:
[[ 8237 14328]
 [ 3555 31003]]
Importance of features:
[0.1406637  0.25903913 0.2060426  0.19019316 0.20406142]
[78/90]: reference_model/mk500k25muw0.4.model77.dat
             precision    recall  f1-score   support

          0       0.70      0.37      0.48     22565
          1       0.68      0.90      0.78     34558

avg / total       0.69      0.69      0.66     57123

Confusion matrix:
[[ 8237 14328]
 [ 3555 31003]]
Importance of features:
[0.1406637  0.25903913 0.2060426  0.19019316 0.20406142]
[79/90]: reference_model/mk500k25muw0.4.model78.dat
             precision    recall  f1-score   support

          0       0.70      0.37      0.48     22565
          1       0.68      0.90      0.78     34558

avg / total       0.69      0.69      0.66     57123

Confusion matrix:
[[ 8237 14328]
 [ 3555 31003]]
Importance of features:
[0.1406637  0.25903913 0.2060426  0.19019316 0.20406142]
[80/90]: reference_model/mk500k25muw0.3.model79.dat
             precision    recall  f1-score   support

          0       0.81      0.13      0.22     22565
          1       0.63      0.98      0.77     34558

avg / total       0.70      0.64      0.55     57123

Confusion matrix:
[[ 2870 19695]
 [  662 33896]]
Importance of features:
[0.2168119  0.26550487 0.18657099 0.1768324  0.15427986]
[81/90]: reference_model/mk100k15muw0.4.model80.dat
             precision    recall  f1-score   support

          0       0.62      0.34      0.44     22565
          1       0.67      0.86      0.75     34558

avg / total       0.65      0.66      0.63     57123

Confusion matrix:
[[ 7716 14849]
 [ 4761 29797]]
Importance of features:
[0.20738493 0.18462317 0.19221042 0.21598381 0.19979768]
[82/90]: reference_model/mk100k15muw0.4.model81.dat
             precision    recall  f1-score   support

          0       0.62      0.34      0.44     22565
          1       0.67      0.86      0.75     34558

avg / total       0.65      0.66      0.63     57123

Confusion matrix:
[[ 7716 14849]
 [ 4761 29797]]
Importance of features:
[0.20738493 0.18462317 0.19221042 0.21598381 0.19979768]
[83/90]: reference_model/mk100k20muw0.2.model82.dat
             precision    recall  f1-score   support

          0       0.40      0.41      0.41     22565
          1       0.61      0.59      0.60     34558

avg / total       0.53      0.52      0.52     57123

Confusion matrix:
[[ 9355 13210]
 [14004 20554]]
Importance of features:
[0.18442623 0.20133197 0.19467214 0.23155738 0.1880123 ]
[84/90]: reference_model/mk100k15muw0.2.model83.dat
             precision    recall  f1-score   support

          0       0.51      0.34      0.40     22565
          1       0.64      0.78      0.71     34558

avg / total       0.59      0.61      0.59     57123

Confusion matrix:
[[ 7616 14949]
 [ 7451 27107]]
Importance of features:
[0.22274144 0.1879543  0.1827622  0.23364486 0.17289719]
[85/90]: reference_model/mk100k15muw0.4.model84.dat
             precision    recall  f1-score   support

          0       0.62      0.34      0.44     22565
          1       0.67      0.86      0.75     34558

avg / total       0.65      0.66      0.63     57123

Confusion matrix:
[[ 7716 14849]
 [ 4761 29797]]
Importance of features:
[0.20738493 0.18462317 0.19221042 0.21598381 0.19979768]
[86/90]: reference_model/mk100k15muw0.3.model85.dat
             precision    recall  f1-score   support

          0       0.56      0.35      0.43     22565
          1       0.66      0.82      0.73     34558

avg / total       0.62      0.63      0.61     57123

Confusion matrix:
[[ 7909 14656]
 [ 6267 28291]]
Importance of features:
[0.20265618 0.19134285 0.18445647 0.23413675 0.18740778]
[87/90]: reference_model/mk100k20muw0.4.model86.dat
             precision    recall  f1-score   support

          0       0.55      0.45      0.50     22565
          1       0.68      0.75      0.71     34558

avg / total       0.63      0.64      0.63     57123

Confusion matrix:
[[10257 12308]
 [ 8512 26046]]
Importance of features:
[0.14987469 0.21353383 0.20701754 0.23909774 0.1904762 ]
[88/90]: reference_model/mk100k20muw0.4.model87.dat
             precision    recall  f1-score   support

          0       0.55      0.45      0.50     22565
          1       0.68      0.75      0.71     34558

avg / total       0.63      0.64      0.63     57123

Confusion matrix:
[[10257 12308]
 [ 8512 26046]]
Importance of features:
[0.14987469 0.21353383 0.20701754 0.23909774 0.1904762 ]
[89/90]: reference_model/mk100k20muw0.3.model88.dat
             precision    recall  f1-score   support

          0       0.45      0.45      0.45     22565
          1       0.64      0.64      0.64     34558

avg / total       0.56      0.56      0.56     57123

Confusion matrix:
[[10096 12469]
 [12477 22081]]
Importance of features:
[0.17603183 0.1735455  0.2347091  0.24017902 0.17553456]
[90/90]: reference_model/mk100k25muw0.2.model89.dat
             precision    recall  f1-score   support

          0       0.36      0.30      0.33     22565
          1       0.59      0.65      0.62     34558

avg / total       0.50      0.51      0.50     57123

Confusion matrix:
[[ 6734 15831]
 [11941 22617]]
Importance of features:
[0.1647586  0.19462419 0.19711299 0.2543554  0.18914883]
