__LOADINGS__
Network Properties for:		network
nodes, edges			5000, 47554
directed?			False
weighted?			True
isolated nodes			1
self-loops			0
density				0.003805
clustering coefficient		0.340701
min/max/avg degree		0, 360, 19.021600
degree assortativity		0.259490
number of connected components	2
size of largest component	4999 (99.98 %)
429561.4226880868
__Groundtruth__
read communities from: ../../lfr_5000/mk500/k20/muw0.3/32/community.dat
-------------------  ----------
# communities         46
min community size     5
max community size   472
avg. community size  108.696
modularity             0.539673
-------------------  ----------
46 community detected
__CLASSIC_METHODS__
__Louvain__
PLM(balanced,pc,turbo) detected communities in 0.14778375625610352 [s]
solution properties:
-------------------  ----------
# communities         17
min community size     1
max community size   486
avg. community size  294.118
modularity             0.543316
-------------------  ----------
46 community detected
NMI:0.15353666194766502
ARM:0.19264089247676786
__Singleton__
46 community detected
NMI:0.4626433730173759
ARM:1.0
__AllInOne__
46 community detected
NMI:1.0
ARM:1.0
__PLP__
PLP detected communities in 0.1827847957611084 [s]
solution properties:
-------------------  ----------
# communities         45
min community size     1
max community size   582
avg. community size  111.111
modularity             0.542297
-------------------  ----------
46 community detected
NMI:0.08758013306708368
ARM:0.1275542267198928
__NORMALIZATION__
__glove__
Network Properties for:		G#21cc
nodes, edges			4999, 47554
directed?			False
weighted?			True
isolated nodes			0
self-loops			0
density				0.003807
clustering coefficient		0.340769
min/max/avg degree		3, 360, 19.025405
degree assortativity		0.259490
number of connected components	1
size of largest component	4999 (100.00 %)
tot:  6429.417882565148
__glove+Louvain__
PLM(balanced,pc,turbo) detected communities in 0.45587730407714844 [s]
solution properties:
-------------------  ----------
# communities         22
min community size    11
max community size   483
avg. community size  227.227
modularity             0.580011
-------------------  ----------
46 community detected
NMI:0.09206049959409679
ARM:0.10420323762123895
__glove+PLP__
PLP detected communities in 0.0506742000579834 [s]
solution properties:
-------------------  ----------
# communities         46
min community size     3
max community size   581
avg. community size  108.674
modularity             0.578092
-------------------  ----------
46 community detected
NMI:0.06808488074182029
ARM:0.105520349811149
__fake_pmi__
Network Properties for:		G#40cc
nodes, edges			4999, 47554
directed?			False
weighted?			True
isolated nodes			0
self-loops			0
density				0.003807
clustering coefficient		0.340769
min/max/avg degree		3, 360, 19.025405
degree assortativity		0.259490
number of connected components	1
size of largest component	4999 (100.00 %)
tot:  0.0
__fake_pmi+Louvain__
1 community detected due to total edge weight equal 0
NMI:1
ARM:0.105520349811149
__fake_pmi+PLP__
1 community detected due to total edge weight equal 0
NMI:1
ARM:0.105520349811149
__iterative_rev_degree_order__
Network Properties for:		G#53cc
nodes, edges			4999, 47554
directed?			False
weighted?			True
isolated nodes			0
self-loops			0
density				0.003807
clustering coefficient		0.340769
min/max/avg degree		3, 360, 19.025405
degree assortativity		0.259490
number of connected components	1
size of largest component	4999 (100.00 %)
tot:  1410.2480445210515
__iterative_rev_degree_order+Louvain__
PLM(balanced,pc,turbo) detected communities in 0.5062329769134521 [s]
solution properties:
-------------------  ----------
# communities         48
min community size    54
max community size   178
avg. community size  104.146
modularity             0.863221
-------------------  ----------
46 community detected
NMI:0.7076954011756049
ARM:0.9238154272559738
__iterative_rev_degree_order+PLP__
PLP detected communities in 0.06836342811584473 [s]
solution properties:
-------------------  -----------
# communities        1522
min community size      2
max community size     14
avg. community size     3.28449
modularity              0.745576
-------------------  -----------
46 community detected
NMI:0.5157774773643371
ARM:0.9912696111147341
__pmi__
Network Properties for:		G#78cc
nodes, edges			4999, 47554
directed?			False
weighted?			True
isolated nodes			0
self-loops			0
density				0.003807
clustering coefficient		0.340769
min/max/avg degree		3, 360, 19.025405
degree assortativity		0.259490
number of connected components	1
size of largest component	4999 (100.00 %)
tot:  91064.02466502716
__pmi+Louvain__
PLM(balanced,pc,turbo) detected communities in 0.6791913509368896 [s]
solution properties:
-------------------  ----------
# communities          33
min community size      1
max community size   1397
avg. community size   151.485
modularity              1.09208
-------------------  ----------
46 community detected
NMI:0.35602543314099866
ARM:0.6607759868837999
__pmi+PLP__
PLP detected communities in 0.0814976692199707 [s]
solution properties:
-------------------  --------
# communities        140
min community size     2
max community size   889
avg. community size   35.7071
modularity             1.0724
-------------------  --------
46 community detected
NMI:0.3139827357435475
ARM:0.5511886850457985
__standard__
Network Properties for:		G#100cc
nodes, edges			4999, 47554
directed?			False
weighted?			True
isolated nodes			0
self-loops			0
density				0.003807
clustering coefficient		0.340769
min/max/avg degree		3, 360, 19.025405
degree assortativity		0.259490
number of connected components	1
size of largest component	4999 (100.00 %)
tot:  16.71473960866726
__standard+Louvain__
PLM(balanced,pc,turbo) detected communities in 0.7164123058319092 [s]
solution properties:
-------------------  ----------
# communities         69
min community size     2
max community size   697
avg. community size   72.4493
modularity             0.891941
-------------------  ----------
46 community detected
NMI:0.5400746187150792
ARM:0.7570908719223113
__standard+PLP__
PLP detected communities in 0.15322113037109375 [s]
solution properties:
-------------------  -----------
# communities        1158
min community size      1
max community size     76
avg. community size     4.31693
modularity              0.726542
-------------------  -----------
46 community detected
NMI:0.5251425407248207
ARM:0.972824570074079
__ppmi__
Network Properties for:		G#122cc
nodes, edges			4999, 47554
directed?			False
weighted?			True
isolated nodes			0
self-loops			0
density				0.003807
clustering coefficient		0.340769
min/max/avg degree		3, 360, 19.025405
degree assortativity		0.259490
number of connected components	1
size of largest component	4999 (100.00 %)
tot:  163881.54419444103
__ppmi+Louvain__
PLM(balanced,pc,turbo) detected communities in 0.5602078437805176 [s]
solution properties:
-------------------  ----------
# communities         32
min community size     6
max community size   464
avg. community size  156.219
modularity             0.654686
-------------------  ----------
46 community detected
NMI:0.24166617983465577
ARM:0.3502709429371421
__ppmi+PLP__
PLP detected communities in 0.1714797019958496 [s]
solution properties:
-------------------  -----------
# communities          71
min community size      2
max community size   1091
avg. community size    70.4085
modularity              0.662002
-------------------  -----------
46 community detected
NMI:0.14281829568828797
ARM:0.362373399546027
__glovexmax50alpha0.2__
Network Properties for:		G#144cc
nodes, edges			4999, 47554
directed?			False
weighted?			True
isolated nodes			0
self-loops			0
density				0.003807
clustering coefficient		0.340769
min/max/avg degree		3, 360, 19.025405
degree assortativity		0.259490
number of connected components	1
size of largest component	4999 (100.00 %)
tot:  25549.50578983707
__glovexmax50alpha0.2+Louvain__
PLM(balanced,pc,turbo) detected communities in 0.3067171573638916 [s]
solution properties:
-------------------  ---------
# communities         22
min community size    66
max community size   471
avg. community size  227.227
modularity             0.63832
-------------------  ---------
46 community detected
NMI:0.03792808486767563
ARM:0.03358392427444423
__glovexmax50alpha0.2+PLP__
PLP detected communities in 0.06889796257019043 [s]
solution properties:
-------------------  ----------
# communities         46
min community size     4
max community size   475
avg. community size  108.674
modularity             0.638326
-------------------  ----------
46 community detected
NMI:0.006185629029562878
ARM:0.007806478917161019
__glovexmax40alpha0.2__
Network Properties for:		G#163cc
nodes, edges			4999, 47554
directed?			False
weighted?			True
isolated nodes			0
self-loops			0
density				0.003807
clustering coefficient		0.340769
min/max/avg degree		3, 360, 19.025405
degree assortativity		0.259490
number of connected components	1
size of largest component	4999 (100.00 %)
tot:  26650.641699725547
__glovexmax40alpha0.2+Louvain__
PLM(balanced,pc,turbo) detected communities in 0.44940996170043945 [s]
solution properties:
-------------------  ----------
# communities         29
min community size     5
max community size   471
avg. community size  172.379
modularity             0.639078
-------------------  ----------
46 community detected
NMI:0.023283722237813054
ARM:0.018270917869848913
__glovexmax40alpha0.2+PLP__
PLP detected communities in 0.07133364677429199 [s]
solution properties:
-------------------  ----------
# communities         46
min community size     4
max community size   475
avg. community size  108.674
modularity             0.638868
-------------------  ----------
46 community detected
NMI:0.006185629029562656
ARM:0.007806478917161019
__glovexmax30alpha0.3__
Network Properties for:		G#182cc
nodes, edges			4999, 47554
directed?			False
weighted?			True
isolated nodes			0
self-loops			0
density				0.003807
clustering coefficient		0.340769
min/max/avg degree		3, 360, 19.025405
degree assortativity		0.259490
number of connected components	1
size of largest component	4999 (100.00 %)
tot:  23739.22529898177
__glovexmax30alpha0.3+Louvain__
PLM(balanced,pc,turbo) detected communities in 0.4419071674346924 [s]
solution properties:
-------------------  ----------
# communities         25
min community size    38
max community size   474
avg. community size  199.96
modularity             0.635044
-------------------  ----------
46 community detected
NMI:0.03997381645963238
ARM:0.037487409524255666
__glovexmax30alpha0.3+PLP__
PLP detected communities in 0.07015275955200195 [s]
solution properties:
-------------------  ----------
# communities         46
min community size     4
max community size   475
avg. community size  108.674
modularity             0.634892
-------------------  ----------
46 community detected
NMI:0.017380860548743993
ARM:0.0219468963490127
