__LOADINGS__
4992/52502 9.508209211077673 % of nul weighted edges removed
0/5000 0.0 % of nul degree nodes removed
Network Properties for:		network
nodes, edges			5000, 47510
directed?			False
weighted?			True
isolated nodes			0
self-loops			0
density				0.003802
clustering coefficient		0.242096
min/max/avg degree		1, 343, 19.004000
degree assortativity		0.286771
number of connected components	1
size of largest component	5000 (100.00 %)
430577.5410640363
__Groundtruth__
read communities from: ../../lfr_5000/mk500/k20/muw0.4/47/community.dat
-------------------  ----------
# communities         46
min community size     5
max community size   472
avg. community size  108.696
modularity             0.438322
-------------------  ----------
46 community detected
__CLASSIC_METHODS__
__Louvain__
PLM(balanced,pc,turbo) detected communities in 0.2338697910308838 [s]
solution properties:
-------------------  ----------
# communities         19
min community size     5
max community size   492
avg. community size  263.158
modularity             0.445687
-------------------  ----------
46 community detected
NMI:0.20479709817275227
ARI:0.25402850532673504
__Singleton__
46 community detected
NMI:0.4615053837445433
ARI:1.0
__AllInOne__
46 community detected
NMI:1.0
ARI:1.0
__PLP__
PLP detected communities in 0.08369135856628418 [s]
solution properties:
-------------------  ----------
# communities         38
min community size     2
max community size   529
avg. community size  131.579
modularity             0.443891
-------------------  ----------
46 community detected
NMI:0.17166693762520036
ARI:0.22297586858373986
__NORMALIZATION__
__glove__
Network Properties for:		G#21
nodes, edges			5000, 47510
directed?			False
weighted?			True
isolated nodes			0
self-loops			0
density				0.003802
clustering coefficient		0.242096
min/max/avg degree		1, 343, 19.004000
degree assortativity		0.286771
number of connected components	1
size of largest component	5000 (100.00 %)
tot:  6498.1735316812465
__glove+Louvain__
PLM(balanced,pc,turbo) detected communities in 0.6000792980194092 [s]
solution properties:
-------------------  ----------
# communities         20
min community size    52
max community size   484
avg. community size  250
modularity             0.476516
-------------------  ----------
46 community detected
NMI:0.1663099470552859
ARI:0.20826571632382362
__glove+PLP__
PLP detected communities in 0.1587388515472412 [s]
solution properties:
-------------------  ----------
# communities         43
min community size     2
max community size   513
avg. community size  116.279
modularity             0.475011
-------------------  ----------
46 community detected
NMI:0.1322693684315963
ARI:0.17960763343271458
__fake_pmi__
Network Properties for:		G#33
nodes, edges			5000, 47510
directed?			False
weighted?			True
isolated nodes			0
self-loops			0
density				0.003802
clustering coefficient		0.242096
min/max/avg degree		1, 343, 19.004000
degree assortativity		0.286771
number of connected components	1
size of largest component	5000 (100.00 %)
tot:  0.0
__fake_pmi+Louvain__
1 community detected due to total edge weight equal 0
NMI:1
ARI:1
__fake_pmi+PLP__
1 community detected due to total edge weight equal 0
NMI:1
ARI:1
__iterative_rev_degree_order__
Network Properties for:		G#36
nodes, edges			5000, 47510
directed?			False
weighted?			True
isolated nodes			0
self-loops			0
density				0.003802
clustering coefficient		0.242096
min/max/avg degree		1, 343, 19.004000
degree assortativity		0.286771
number of connected components	1
size of largest component	5000 (100.00 %)
tot:  1281.512367395057
__iterative_rev_degree_order+Louvain__
PLM(balanced,pc,turbo) detected communities in 0.7464323043823242 [s]
solution properties:
-------------------  ----------
# communities         78
min community size    24
max community size   115
avg. community size   64.1026
modularity             0.867111
-------------------  ----------
46 community detected
NMI:0.7866761465649539
ARI:0.9772947311802811
__iterative_rev_degree_order+PLP__
PLP detected communities in 0.04729938507080078 [s]
solution properties:
-------------------  -----------
# communities        1601
min community size      1
max community size     11
avg. community size     3.12305
modularity              0.752914
-------------------  -----------
46 community detected
NMI:0.5282981437380919
ARI:0.9936057208122113
__pmi__
Network Properties for:		G#51
nodes, edges			5000, 47510
directed?			False
weighted?			True
isolated nodes			0
self-loops			0
density				0.003802
clustering coefficient		0.242096
min/max/avg degree		1, 343, 19.004000
degree assortativity		0.286771
number of connected components	1
size of largest component	5000 (100.00 %)
tot:  56074.20777610619
__pmi+Louvain__
PLM(balanced,pc,turbo) detected communities in 0.7387790679931641 [s]
solution properties:
-------------------  ---------
# communities         29
min community size     1
max community size   683
avg. community size  172.414
modularity             1.32926
-------------------  ---------
46 community detected
NMI:0.5985060461390195
ARI:0.8134572951429966
__pmi+PLP__
PLP detected communities in 0.25638341903686523 [s]
solution properties:
-------------------  ---------
# communities        406
min community size     2
max community size   728
avg. community size   12.3153
modularity             1.23648
-------------------  ---------
46 community detected
NMI:0.5244695751959259
ARI:0.8276913574882525
__standard__
Network Properties for:		G#63
nodes, edges			5000, 47510
directed?			False
weighted?			True
isolated nodes			0
self-loops			0
density				0.003802
clustering coefficient		0.242096
min/max/avg degree		1, 343, 19.004000
degree assortativity		0.286771
number of connected components	1
size of largest component	5000 (100.00 %)
tot:  16.77310943032269
__standard+Louvain__
PLM(balanced,pc,turbo) detected communities in 0.756725549697876 [s]
solution properties:
-------------------  ----------
# communities         82
min community size     2
max community size   243
avg. community size   60.9756
modularity             0.872097
-------------------  ----------
46 community detected
NMI:0.7209062750253152
ARI:0.927959529810593
__standard+PLP__
PLP detected communities in 0.11297273635864258 [s]
solution properties:
-------------------  -----------
# communities        1272
min community size      2
max community size     35
avg. community size     3.93082
modularity              0.748758
-------------------  -----------
46 community detected
NMI:0.5563640868373673
ARI:0.9904657214331308
__ppmi__
Network Properties for:		G#78
nodes, edges			5000, 47510
directed?			False
weighted?			True
isolated nodes			0
self-loops			0
density				0.003802
clustering coefficient		0.242096
min/max/avg degree		1, 343, 19.004000
degree assortativity		0.286771
number of connected components	1
size of largest component	5000 (100.00 %)
tot:  157513.6551980143
__ppmi+Louvain__
PLM(balanced,pc,turbo) detected communities in 0.6703197956085205 [s]
solution properties:
-------------------  ----------
# communities         28
min community size     7
max community size   457
avg. community size  178.571
modularity             0.572528
-------------------  ----------
46 community detected
NMI:0.3008372653400695
ARI:0.39956713424475454
__ppmi+PLP__
PLP detected communities in 0.21161460876464844 [s]
solution properties:
-------------------  ----------
# communities        130
min community size     1
max community size   957
avg. community size   38.4615
modularity             0.547357
-------------------  ----------
46 community detected
NMI:0.3052143109420201
ARI:0.572331767797948
__glovexmax50alpha0.2__
Network Properties for:		G#90
nodes, edges			5000, 47510
directed?			False
weighted?			True
isolated nodes			0
self-loops			0
density				0.003802
clustering coefficient		0.242096
min/max/avg degree		1, 343, 19.004000
degree assortativity		0.286771
number of connected components	1
size of largest component	5000 (100.00 %)
tot:  25050.279987292663
__glovexmax50alpha0.2+Louvain__
PLM(balanced,pc,turbo) detected communities in 0.5301918983459473 [s]
solution properties:
-------------------  ----------
# communities         18
min community size   164
max community size   471
avg. community size  277.778
modularity             0.530917
-------------------  ----------
46 community detected
NMI:0.09150297522702133
ARI:0.10586446095419211
__glovexmax50alpha0.2+PLP__
PLP detected communities in 0.10627532005310059 [s]
solution properties:
-------------------  ----------
# communities         45
min community size     5
max community size   480
avg. community size  111.111
modularity             0.531201
-------------------  ----------
46 community detected
NMI:0.034914542964860296
ARI:0.04529959977043663
__glovexmax40alpha0.2__
Network Properties for:		G#99
nodes, edges			5000, 47510
directed?			False
weighted?			True
isolated nodes			0
self-loops			0
density				0.003802
clustering coefficient		0.242096
min/max/avg degree		1, 343, 19.004000
degree assortativity		0.286771
number of connected components	1
size of largest component	5000 (100.00 %)
tot:  26134.120139684062
__glovexmax40alpha0.2+Louvain__
PLM(balanced,pc,turbo) detected communities in 0.49217772483825684 [s]
solution properties:
-------------------  ----------
# communities         24
min community size    34
max community size   473
avg. community size  208.333
modularity             0.532252
-------------------  ----------
46 community detected
NMI:0.0631632444769511
ARI:0.06513860115378267
__glovexmax40alpha0.2+PLP__
PLP detected communities in 0.13233590126037598 [s]
solution properties:
-------------------  ----------
# communities         45
min community size     5
max community size   480
avg. community size  111.111
modularity             0.531738
-------------------  ----------
46 community detected
NMI:0.034914542964860296
ARI:0.04529959977043663
__glovexmax30alpha0.3__
Network Properties for:		G#108
nodes, edges			5000, 47510
directed?			False
weighted?			True
isolated nodes			0
self-loops			0
density				0.003802
clustering coefficient		0.242096
min/max/avg degree		1, 343, 19.004000
degree assortativity		0.286771
number of connected components	1
size of largest component	5000 (100.00 %)
tot:  23550.73387008627
__glovexmax30alpha0.3+Louvain__
PLM(balanced,pc,turbo) detected communities in 0.48531293869018555 [s]
solution properties:
-------------------  ----------
# communities         25
min community size    11
max community size   476
avg. community size  200
modularity             0.527663
-------------------  ----------
46 community detected
NMI:0.07902317737095754
ARI:0.08844034186610472
__glovexmax30alpha0.3+PLP__
PLP detected communities in 0.1198885440826416 [s]
solution properties:
-------------------  ----------
# communities         44
min community size     5
max community size   487
avg. community size  113.636
modularity             0.527106
-------------------  ----------
46 community detected
NMI:0.05746746087212151
ARI:0.07522640309721695
NMI classement:
[('NMIglovexmax50alpha0.2+PLP', 0.034914542964860296), ('NMIglovexmax40alpha0.2+PLP', 0.034914542964860296), ('NMIglovexmax30alpha0.3+PLP', 0.05746746087212151), ('NMIglovexmax40alpha0.2+Louvain', 0.0631632444769511), ('NMIglovexmax30alpha0.3+Louvain', 0.07902317737095754), ('NMIglovexmax50alpha0.2+Louvain', 0.09150297522702133), ('NMIglove+PLP', 0.1322693684315963), ('NMIglove+Louvain', 0.1663099470552859), ('NMIPLP', 0.17166693762520036), ('NMILouvain', 0.20479709817275227), ('NMIppmi+Louvain', 0.3008372653400695), ('NMIppmi+PLP', 0.3052143109420201), ('NMISingleton', 0.4615053837445433), ('NMIpmi+PLP', 0.5244695751959259), ('NMIiterative_rev_degree_order+PLP', 0.5282981437380919), ('NMIstandard+PLP', 0.5563640868373673), ('NMIpmi+Louvain', 0.5985060461390195), ('NMIstandard+Louvain', 0.7209062750253152), ('NMIiterative_rev_degree_order+Louvain', 0.7866761465649539), ('NMIAllInOne', 1.0), ('NMIfake_pmi+Louvain', 1), ('NMIfake_pmi+PLP', 1)]
ARI classement:
[('ARIglovexmax50alpha0.2+PLP', 0.04529959977043663), ('ARIglovexmax40alpha0.2+PLP', 0.04529959977043663), ('ARIglovexmax40alpha0.2+Louvain', 0.06513860115378267), ('ARIglovexmax30alpha0.3+PLP', 0.07522640309721695), ('ARIglovexmax30alpha0.3+Louvain', 0.08844034186610472), ('ARIglovexmax50alpha0.2+Louvain', 0.10586446095419211), ('ARIglove+PLP', 0.17960763343271458), ('ARIglove+Louvain', 0.20826571632382362), ('ARIPLP', 0.22297586858373986), ('ARILouvain', 0.25402850532673504), ('ARIppmi+Louvain', 0.39956713424475454), ('ARIppmi+PLP', 0.572331767797948), ('ARIpmi+Louvain', 0.8134572951429966), ('ARIpmi+PLP', 0.8276913574882525), ('ARIstandard+Louvain', 0.927959529810593), ('ARIiterative_rev_degree_order+Louvain', 0.9772947311802811), ('ARIstandard+PLP', 0.9904657214331308), ('ARIiterative_rev_degree_order+PLP', 0.9936057208122113), ('ARISingleton', 1.0), ('ARIAllInOne', 1.0), ('ARIfake_pmi+Louvain', 1), ('ARIfake_pmi+PLP', 1)]
