__LOADINGS__
Network Properties for:		network
nodes, edges			5000, 41894
directed?			False
weighted?			True
isolated nodes			0
self-loops			0
density				0.003352
clustering coefficient		0.300233
min/max/avg degree		2, 220, 16.757600
degree assortativity		0.209864
number of connected components	1
size of largest component	5000 (100.00 %)
315493.25764802744
__Groundtruth__
read communities from: ../../lfr_5000/mk300/k20/muw0.3/29/community.dat
-------------------  ----------
# communities         32
min community size   100
max community size   215
avg. community size  156.25
modularity             0.612028
-------------------  ----------
32 community detected
__CLASSIC_METHODS__
__Louvain__
PLM(balanced,pc,turbo) detected communities in 0.366865873336792 [s]
solution properties:
-------------------  ----------
# communities         32
min community size   100
max community size   225
avg. community size  156.25
modularity             0.615668
-------------------  ----------
32 community detected
NMI:0.07807110390550565
ARM:0.09263173219487464
__Singleton__
32 community detected
NMI:0.42370093147868537
ARM:1.0
__AllInOne__
32 community detected
NMI:1.0
ARM:1.0
__PLP__
PLP detected communities in 0.11658215522766113 [s]
solution properties:
-------------------  ----------
# communities         32
min community size   100
max community size   225
avg. community size  156.25
modularity             0.615673
-------------------  ----------
32 community detected
NMI:0.0796366838000293
ARM:0.09521372255953964
__NORMALIZATION__
__glove__
Network Properties for:		G#21cc
nodes, edges			5000, 41894
directed?			False
weighted?			True
isolated nodes			0
self-loops			0
density				0.003352
clustering coefficient		0.300233
min/max/avg degree		2, 220, 16.757600
degree assortativity		0.209864
number of connected components	1
size of largest component	5000 (100.00 %)
tot:  5124.533187612409
__glove+Louvain__
PLM(balanced,pc,turbo) detected communities in 0.21760869026184082 [s]
solution properties:
-------------------  ----------
# communities         32
min community size   101
max community size   224
avg. community size  156.25
modularity             0.638303
-------------------  ----------
32 community detected
NMI:0.05774064715805516
ARM:0.06907271094463596
__glove+PLP__
PLP detected communities in 0.11398172378540039 [s]
solution properties:
-------------------  ----------
# communities         32
min community size   101
max community size   224
avg. community size  156.25
modularity             0.638299
-------------------  ----------
32 community detected
NMI:0.05885312866459114
ARM:0.07012482095355022
__fake_pmi__
Network Properties for:		G#37cc
nodes, edges			5000, 41894
directed?			False
weighted?			True
isolated nodes			0
self-loops			0
density				0.003352
clustering coefficient		0.300233
min/max/avg degree		2, 220, 16.757600
degree assortativity		0.209864
number of connected components	1
size of largest component	5000 (100.00 %)
tot:  0.0
__fake_pmi+Louvain__
1 community detected due to total edge weight equal 0
NMI:1
ARM:0.07012482095355022
__fake_pmi+PLP__
1 community detected due to total edge weight equal 0
NMI:1
ARM:0.07012482095355022
__iterative_rev_degree_order__
Network Properties for:		G#50cc
nodes, edges			5000, 41894
directed?			False
weighted?			True
isolated nodes			0
self-loops			0
density				0.003352
clustering coefficient		0.300233
min/max/avg degree		2, 220, 16.757600
degree assortativity		0.209864
number of connected components	1
size of largest component	5000 (100.00 %)
tot:  1503.597910135453
__iterative_rev_degree_order+Louvain__
PLM(balanced,pc,turbo) detected communities in 0.697967529296875 [s]
solution properties:
-------------------  ----------
# communities         75
min community size    25
max community size   166
avg. community size   66.6667
modularity             0.856145
-------------------  ----------
32 community detected
NMI:0.6900313673697638
ARM:0.8945068536208711
__iterative_rev_degree_order+PLP__
PLP detected communities in 0.09067201614379883 [s]
solution properties:
-------------------  -----------
# communities        1562
min community size      2
max community size     13
avg. community size     3.20102
modularity              0.744119
-------------------  -----------
32 community detected
NMI:0.47116268953024776
ARM:0.9851487448317681
__pmi__
Network Properties for:		G#75cc
nodes, edges			5000, 41894
directed?			False
weighted?			True
isolated nodes			0
self-loops			0
density				0.003352
clustering coefficient		0.300233
min/max/avg degree		2, 220, 16.757600
degree assortativity		0.209864
number of connected components	1
size of largest component	5000 (100.00 %)
tot:  117937.31738414227
__pmi+Louvain__
PLM(balanced,pc,turbo) detected communities in 0.35373640060424805 [s]
solution properties:
-------------------  ----------
# communities         30
min community size   120
max community size   337
avg. community size  166.667
modularity             0.868453
-------------------  ----------
32 community detected
NMI:0.17949445518057627
ARM:0.27227910044570325
__pmi+PLP__
PLP detected communities in 0.1915595531463623 [s]
solution properties:
-------------------  ----------
# communities         72
min community size     2
max community size   236
avg. community size   69.4444
modularity             0.863607
-------------------  ----------
32 community detected
NMI:0.1687545131536773
ARM:0.22460075200528162
__standard__
Network Properties for:		G#94cc
nodes, edges			5000, 41894
directed?			False
weighted?			True
isolated nodes			0
self-loops			0
density				0.003352
clustering coefficient		0.300233
min/max/avg degree		2, 220, 16.757600
degree assortativity		0.209864
number of connected components	1
size of largest component	5000 (100.00 %)
tot:  13.015612682698366
__standard+Louvain__
PLM(balanced,pc,turbo) detected communities in 0.4925992488861084 [s]
solution properties:
-------------------  ---------
# communities         38
min community size     2
max community size   265
avg. community size  131.579
modularity             0.80455
-------------------  ---------
32 community detected
NMI:0.4859705860356808
ARM:0.6213167014916894
__standard+PLP__
PLP detected communities in 0.12691640853881836 [s]
solution properties:
-------------------  -----------
# communities        1308
min community size      2
max community size     94
avg. community size     3.82263
modularity              0.651013
-------------------  -----------
32 community detected
NMI:0.45498684887417196
ARM:0.9326226699107253
__ppmi__
Network Properties for:		G#116cc
nodes, edges			5000, 41894
directed?			False
weighted?			True
isolated nodes			0
self-loops			0
density				0.003352
clustering coefficient		0.300233
min/max/avg degree		2, 220, 16.757600
degree assortativity		0.209864
number of connected components	1
size of largest component	5000 (100.00 %)
tot:  169792.56156598887
__ppmi+Louvain__
PLM(balanced,pc,turbo) detected communities in 0.4114539623260498 [s]
solution properties:
-------------------  ----------
# communities         32
min community size   104
max community size   210
avg. community size  156.25
modularity             0.689636
-------------------  ----------
32 community detected
NMI:0.03888414679037744
ARM:0.04869497367543463
__ppmi+PLP__
PLP detected communities in 0.17599153518676758 [s]
solution properties:
-------------------  ----------
# communities         47
min community size     2
max community size   208
avg. community size  106.383
modularity             0.681949
-------------------  ----------
32 community detected
NMI:0.04901286274622374
ARM:0.06447468210924656
__glovexmax50alpha0.2__
Network Properties for:		G#135cc
nodes, edges			5000, 41894
directed?			False
weighted?			True
isolated nodes			0
self-loops			0
density				0.003352
clustering coefficient		0.300233
min/max/avg degree		2, 220, 16.757600
degree assortativity		0.209864
number of connected components	1
size of largest component	5000 (100.00 %)
tot:  22756.67882291087
__glovexmax50alpha0.2+Louvain__
PLM(balanced,pc,turbo) detected communities in 0.18825721740722656 [s]
solution properties:
-------------------  ---------
# communities         32
min community size   100
max community size   215
avg. community size  156.25
modularity             0.67463
-------------------  ---------
32 community detected
NMI:0.008015783480821992
ARM:0.009487237116712177
__glovexmax50alpha0.2+PLP__
PLP detected communities in 0.07731890678405762 [s]
solution properties:
-------------------  ---------
# communities         32
min community size   100
max community size   215
avg. community size  156.25
modularity             0.67463
-------------------  ---------
32 community detected
NMI:0.008015783480821992
ARM:0.009487237116712177
__glovexmax40alpha0.2__
Network Properties for:		G#151cc
nodes, edges			5000, 41894
directed?			False
weighted?			True
isolated nodes			0
self-loops			0
density				0.003352
clustering coefficient		0.300233
min/max/avg degree		2, 220, 16.757600
degree assortativity		0.209864
number of connected components	1
size of largest component	5000 (100.00 %)
tot:  23769.39947063079
__glovexmax40alpha0.2+Louvain__
PLM(balanced,pc,turbo) detected communities in 0.1832430362701416 [s]
solution properties:
-------------------  ----------
# communities         32
min community size   100
max community size   215
avg. community size  156.25
modularity             0.674844
-------------------  ----------
32 community detected
NMI:0.008015783480821992
ARM:0.009487237116712177
__glovexmax40alpha0.2+PLP__
PLP detected communities in 0.09570097923278809 [s]
solution properties:
-------------------  ----------
# communities         32
min community size   100
max community size   215
avg. community size  156.25
modularity             0.674844
-------------------  ----------
32 community detected
NMI:0.00801578348082188
ARM:0.009487237116712177
__glovexmax30alpha0.3__
Network Properties for:		G#167cc
nodes, edges			5000, 41894
directed?			False
weighted?			True
isolated nodes			0
self-loops			0
density				0.003352
clustering coefficient		0.300233
min/max/avg degree		2, 220, 16.757600
degree assortativity		0.209864
number of connected components	1
size of largest component	5000 (100.00 %)
tot:  21163.098836317833
__glovexmax30alpha0.3+Louvain__
PLM(balanced,pc,turbo) detected communities in 0.14548063278198242 [s]
solution properties:
-------------------  ----------
# communities         32
min community size   101
max community size   216
avg. community size  156.25
modularity             0.672586
-------------------  ----------
32 community detected
NMI:0.0136056329926455
ARM:0.01582943707712081
__glovexmax30alpha0.3+PLP__
PLP detected communities in 0.06110048294067383 [s]
solution properties:
-------------------  ----------
# communities         32
min community size   101
max community size   216
avg. community size  156.25
modularity             0.672585
-------------------  ----------
32 community detected
NMI:0.013959314371604581
ARM:0.016251017614685503
