__LOADINGS__
Network Properties for:		network
nodes, edges			5000, 41894
directed?			False
weighted?			True
isolated nodes			0
self-loops			0
density				0.003352
clustering coefficient		0.300233
min/max/avg degree		2, 220, 16.757600
degree assortativity		0.209864
number of connected components	1
size of largest component	5000 (100.00 %)
315493.25764802744
__Groundtruth__
read communities from: ../../lfr_5000/mk300/k20/muw0.3/10/community.dat
-------------------  ----------
# communities         32
min community size   100
max community size   215
avg. community size  156.25
modularity             0.612028
-------------------  ----------
32 community detected
__CLASSIC_METHODS__
__Louvain__
PLM(balanced,pc,turbo) detected communities in 0.27075695991516113 [s]
solution properties:
-------------------  ----------
# communities         32
min community size   100
max community size   225
avg. community size  156.25
modularity             0.615688
-------------------  ----------
32 community detected
NMI:0.07688968899642235
ARM:0.09124633060220277
__Singleton__
32 community detected
NMI:0.4237009314786855
ARM:1.0
__AllInOne__
32 community detected
NMI:1.0
ARM:1.0
__PLP__
PLP detected communities in 0.10358929634094238 [s]
solution properties:
-------------------  ----------
# communities         32
min community size   100
max community size   225
avg. community size  156.25
modularity             0.615673
-------------------  ----------
32 community detected
NMI:0.0796366838000293
ARM:0.09521372255953964
__NORMALIZATION__
__glove__
Network Properties for:		G#18cc
nodes, edges			5000, 41894
directed?			False
weighted?			True
isolated nodes			0
self-loops			0
density				0.003352
clustering coefficient		0.300233
min/max/avg degree		2, 220, 16.757600
degree assortativity		0.209864
number of connected components	1
size of largest component	5000 (100.00 %)
tot:  5124.533187612409
__glove+Louvain__
PLM(balanced,pc,turbo) detected communities in 0.24675393104553223 [s]
solution properties:
-------------------  ----------
# communities         32
min community size   101
max community size   224
avg. community size  156.25
modularity             0.638303
-------------------  ----------
32 community detected
NMI:0.05774064715805505
ARM:0.06907271094463596
__glove+PLP__
PLP detected communities in 0.09691286087036133 [s]
solution properties:
-------------------  ----------
# communities         32
min community size   101
max community size   224
avg. community size  156.25
modularity             0.638299
-------------------  ----------
32 community detected
NMI:0.05885312866459114
ARM:0.07012482095355022
__fake_pmi__
Network Properties for:		G#34cc
nodes, edges			5000, 41894
directed?			False
weighted?			True
isolated nodes			0
self-loops			0
density				0.003352
clustering coefficient		0.300233
min/max/avg degree		2, 220, 16.757600
degree assortativity		0.209864
number of connected components	1
size of largest component	5000 (100.00 %)
tot:  0.0
__fake_pmi+Louvain__
1 community detected due to total edge weight equal 0
NMI:1
ARM:0.07012482095355022
__fake_pmi+PLP__
1 community detected due to total edge weight equal 0
NMI:1
ARM:0.07012482095355022
__iterative_rev_degree_order__
Network Properties for:		G#47cc
nodes, edges			5000, 41894
directed?			False
weighted?			True
isolated nodes			0
self-loops			0
density				0.003352
clustering coefficient		0.300233
min/max/avg degree		2, 220, 16.757600
degree assortativity		0.209864
number of connected components	1
size of largest component	5000 (100.00 %)
tot:  1503.597910135453
__iterative_rev_degree_order+Louvain__
PLM(balanced,pc,turbo) detected communities in 0.79506516456604 [s]
solution properties:
-------------------  ---------
# communities         66
min community size    27
max community size   172
avg. community size   75.7576
modularity             0.85512
-------------------  ---------
32 community detected
NMI:0.7033505660620932
ARM:0.8971233455714771
__iterative_rev_degree_order+PLP__
PLP detected communities in 0.07974839210510254 [s]
solution properties:
-------------------  -----------
# communities        1564
min community size      2
max community size     12
avg. community size     3.19693
modularity              0.743788
-------------------  -----------
32 community detected
NMI:0.4713562288357115
ARM:0.9854007815594997
__pmi__
Network Properties for:		G#72cc
nodes, edges			5000, 41894
directed?			False
weighted?			True
isolated nodes			0
self-loops			0
density				0.003352
clustering coefficient		0.300233
min/max/avg degree		2, 220, 16.757600
degree assortativity		0.209864
number of connected components	1
size of largest component	5000 (100.00 %)
tot:  117937.31738414227
__pmi+Louvain__
PLM(balanced,pc,turbo) detected communities in 0.40103626251220703 [s]
solution properties:
-------------------  ----------
# communities         30
min community size   116
max community size   415
avg. community size  166.667
modularity             0.865968
-------------------  ----------
32 community detected
NMI:0.1887616720701606
ARM:0.29074965694313626
__pmi+PLP__
PLP detected communities in 0.20011329650878906 [s]
solution properties:
-------------------  ----------
# communities         72
min community size     1
max community size   254
avg. community size   69.4444
modularity             0.862762
-------------------  ----------
32 community detected
NMI:0.17137662767437356
ARM:0.23242272971450284
__standard__
Network Properties for:		G#91cc
nodes, edges			5000, 41894
directed?			False
weighted?			True
isolated nodes			0
self-loops			0
density				0.003352
clustering coefficient		0.300233
min/max/avg degree		2, 220, 16.757600
degree assortativity		0.209864
number of connected components	1
size of largest component	5000 (100.00 %)
tot:  13.015612682698366
__standard+Louvain__
PLM(balanced,pc,turbo) detected communities in 0.7267334461212158 [s]
solution properties:
-------------------  ----------
# communities         39
min community size     2
max community size   252
avg. community size  128.205
modularity             0.804636
-------------------  ----------
32 community detected
NMI:0.48682496096992656
ARM:0.621898402847131
__standard+PLP__
PLP detected communities in 0.1519935131072998 [s]
solution properties:
-------------------  ----------
# communities        1298
min community size      2
max community size     94
avg. community size     3.85208
modularity              0.65276
-------------------  ----------
32 community detected
NMI:0.45360986693391014
ARM:0.9257937302082475
__ppmi__
Network Properties for:		G#113cc
nodes, edges			5000, 41894
directed?			False
weighted?			True
isolated nodes			0
self-loops			0
density				0.003352
clustering coefficient		0.300233
min/max/avg degree		2, 220, 16.757600
degree assortativity		0.209864
number of connected components	1
size of largest component	5000 (100.00 %)
tot:  169792.56156598887
__ppmi+Louvain__
PLM(balanced,pc,turbo) detected communities in 0.43295812606811523 [s]
solution properties:
-------------------  ----------
# communities         32
min community size   104
max community size   210
avg. community size  156.25
modularity             0.689636
-------------------  ----------
32 community detected
NMI:0.038884146790377216
ARM:0.04869497367543463
__ppmi+PLP__
PLP detected communities in 0.17067646980285645 [s]
solution properties:
-------------------  ----------
# communities         48
min community size     1
max community size   208
avg. community size  104.167
modularity             0.681854
-------------------  ----------
32 community detected
NMI:0.04917551434156209
ARM:0.06466840790962214
__glovexmax50alpha0.2__
Network Properties for:		G#132cc
nodes, edges			5000, 41894
directed?			False
weighted?			True
isolated nodes			0
self-loops			0
density				0.003352
clustering coefficient		0.300233
min/max/avg degree		2, 220, 16.757600
degree assortativity		0.209864
number of connected components	1
size of largest component	5000 (100.00 %)
tot:  22756.67882291087
__glovexmax50alpha0.2+Louvain__
PLM(balanced,pc,turbo) detected communities in 0.2751903533935547 [s]
solution properties:
-------------------  ---------
# communities         32
min community size   100
max community size   215
avg. community size  156.25
modularity             0.67463
-------------------  ---------
32 community detected
NMI:0.00801578348082188
ARM:0.009487237116712177
__glovexmax50alpha0.2+PLP__
PLP detected communities in 0.10780215263366699 [s]
solution properties:
-------------------  ---------
# communities         32
min community size   100
max community size   215
avg. community size  156.25
modularity             0.67463
-------------------  ---------
32 community detected
NMI:0.00801578348082188
ARM:0.009487237116712177
__glovexmax40alpha0.2__
Network Properties for:		G#148cc
nodes, edges			5000, 41894
directed?			False
weighted?			True
isolated nodes			0
self-loops			0
density				0.003352
clustering coefficient		0.300233
min/max/avg degree		2, 220, 16.757600
degree assortativity		0.209864
number of connected components	1
size of largest component	5000 (100.00 %)
tot:  23769.39947063079
__glovexmax40alpha0.2+Louvain__
PLM(balanced,pc,turbo) detected communities in 0.2533602714538574 [s]
solution properties:
-------------------  ----------
# communities         32
min community size   100
max community size   215
avg. community size  156.25
modularity             0.674844
-------------------  ----------
32 community detected
NMI:0.00801578348082188
ARM:0.009487237116712177
__glovexmax40alpha0.2+PLP__
PLP detected communities in 0.13151764869689941 [s]
solution properties:
-------------------  ----------
# communities         32
min community size   100
max community size   215
avg. community size  156.25
modularity             0.674844
-------------------  ----------
32 community detected
NMI:0.008015783480821992
ARM:0.009487237116712177
__glovexmax30alpha0.3__
Network Properties for:		G#164cc
nodes, edges			5000, 41894
directed?			False
weighted?			True
isolated nodes			0
self-loops			0
density				0.003352
clustering coefficient		0.300233
min/max/avg degree		2, 220, 16.757600
degree assortativity		0.209864
number of connected components	1
size of largest component	5000 (100.00 %)
tot:  21163.098836317833
__glovexmax30alpha0.3+Louvain__
PLM(balanced,pc,turbo) detected communities in 0.2828242778778076 [s]
solution properties:
-------------------  ----------
# communities         32
min community size   101
max community size   216
avg. community size  156.25
modularity             0.672586
-------------------  ----------
32 community detected
NMI:0.013605632992645278
ARM:0.01582943707712081
__glovexmax30alpha0.3+PLP__
PLP detected communities in 0.14431977272033691 [s]
solution properties:
-------------------  ----------
# communities         32
min community size   101
max community size   216
avg. community size  156.25
modularity             0.672585
-------------------  ----------
32 community detected
NMI:0.013959314371604581
ARM:0.016251017614685503
