__LOADINGS__
Network Properties for:		network
nodes, edges			5000, 33477
directed?			False
weighted?			True
isolated nodes			1
self-loops			0
density				0.002679
clustering coefficient		0.197367
min/max/avg degree		0, 204, 13.390800
degree assortativity		0.270690
number of connected components	2
size of largest component	4999 (99.98 %)
245127.99555277813
__Groundtruth__
read communities from: ../../lfr_5000/mk300/k15/muw0.4/19/community.dat
-------------------  ----------
# communities         40
min community size    89
max community size   180
avg. community size  125
modularity             0.492086
-------------------  ----------
40 community detected
__CLASSIC_METHODS__
__Louvain__
PLM(balanced,pc,turbo) detected communities in 0.453080415725708 [s]
solution properties:
-------------------  ----------
# communities         20
min community size     1
max community size   503
avg. community size  250
modularity             0.503756
-------------------  ----------
40 community detected
NMI:0.290803968125673
ARM:0.5279442071215078
__Singleton__
40 community detected
NMI:0.3983004112753793
ARM:1.0
__AllInOne__
40 community detected
NMI:1.0
ARM:1.0
__PLP__
PLP detected communities in 0.15706753730773926 [s]
solution properties:
-------------------  ----------
# communities         45
min community size     1
max community size   205
avg. community size  111.111
modularity             0.501656
-------------------  ----------
40 community detected
NMI:0.17478622025643975
ARM:0.22797829919049817
__NORMALIZATION__
__glove__
Network Properties for:		G#21cc
nodes, edges			4999, 33477
directed?			False
weighted?			True
isolated nodes			0
self-loops			0
density				0.002680
clustering coefficient		0.197407
min/max/avg degree		3, 204, 13.393479
degree assortativity		0.270690
number of connected components	1
size of largest component	4999 (100.00 %)
tot:  3963.939050343743
__glove+Louvain__
PLM(balanced,pc,turbo) detected communities in 0.3728199005126953 [s]
solution properties:
-------------------  ----------
# communities         23
min community size   103
max community size   381
avg. community size  217.348
modularity             0.528292
-------------------  ----------
40 community detected
NMI:0.23645759581449233
ARM:0.42753628109444286
__glove+PLP__
PLP detected communities in 0.1680593490600586 [s]
solution properties:
-------------------  ---------
# communities         44
min community size     2
max community size   206
avg. community size  113.614
modularity             0.52931
-------------------  ---------
40 community detected
NMI:0.15153716936827089
ARM:0.19621778957548563
__fake_pmi__
Network Properties for:		G#40cc
nodes, edges			4999, 33477
directed?			False
weighted?			True
isolated nodes			0
self-loops			0
density				0.002680
clustering coefficient		0.197407
min/max/avg degree		3, 204, 13.393479
degree assortativity		0.270690
number of connected components	1
size of largest component	4999 (100.00 %)
tot:  0.0
__fake_pmi+Louvain__
1 community detected due to total edge weight equal 0
NMI:1
ARM:0.19621778957548563
__fake_pmi+PLP__
1 community detected due to total edge weight equal 0
NMI:1
ARM:0.19621778957548563
__iterative_rev_degree_order__
Network Properties for:		G#53cc
nodes, edges			4999, 33477
directed?			False
weighted?			True
isolated nodes			0
self-loops			0
density				0.002680
clustering coefficient		0.197407
min/max/avg degree		3, 204, 13.393479
degree assortativity		0.270690
number of connected components	1
size of largest component	4999 (100.00 %)
tot:  1408.8429785671183
__iterative_rev_degree_order+Louvain__
PLM(balanced,pc,turbo) detected communities in 0.7626757621765137 [s]
solution properties:
-------------------  ----------
# communities         91
min community size    22
max community size   105
avg. community size   54.9341
modularity             0.867568
-------------------  ----------
40 community detected
NMI:0.7460382145014668
ARM:0.9582323935192344
__iterative_rev_degree_order+PLP__
PLP detected communities in 0.09136486053466797 [s]
solution properties:
-------------------  -----------
# communities        1583
min community size      1
max community size     10
avg. community size     3.15793
modularity              0.756462
-------------------  -----------
40 community detected
NMI:0.4630830235972976
ARM:0.9860348675876214
__pmi__
Network Properties for:		G#78cc
nodes, edges			4999, 33477
directed?			False
weighted?			True
isolated nodes			0
self-loops			0
density				0.002680
clustering coefficient		0.197407
min/max/avg degree		3, 204, 13.393479
degree assortativity		0.270690
number of connected components	1
size of largest component	4999 (100.00 %)
tot:  98775.29118985613
__pmi+Louvain__
PLM(balanced,pc,turbo) detected communities in 0.3885033130645752 [s]
solution properties:
-------------------  ----------
# communities         30
min community size     1
max community size   317
avg. community size  166.633
modularity             0.778459
-------------------  ----------
40 community detected
NMI:0.4041877122693014
ARM:0.5800260087436949
__pmi+PLP__
PLP detected communities in 0.0993187427520752 [s]
solution properties:
-------------------  ----------
# communities        347
min community size     1
max community size   256
avg. community size   14.4063
modularity             0.736151
-------------------  ----------
40 community detected
NMI:0.33298239180924927
ARM:0.5084316173594329
__standard__
Network Properties for:		G#100cc
nodes, edges			4999, 33477
directed?			False
weighted?			True
isolated nodes			0
self-loops			0
density				0.002680
clustering coefficient		0.197407
min/max/avg degree		3, 204, 13.393479
degree assortativity		0.270690
number of connected components	1
size of largest component	4999 (100.00 %)
tot:  27.01532069564013
__standard+Louvain__
PLM(balanced,pc,turbo) detected communities in 0.2678220272064209 [s]
solution properties:
-------------------  ----------
# communities         42
min community size    48
max community size   247
avg. community size  119.024
modularity             0.850525
-------------------  ----------
40 community detected
NMI:0.707330472746994
ARM:0.8756377531430748
__standard+PLP__
PLP detected communities in 0.02446603775024414 [s]
solution properties:
-------------------  -----------
# communities        1368
min community size      2
max community size     24
avg. community size     3.65424
modularity              0.761202
-------------------  -----------
40 community detected
NMI:0.4666098164903635
ARM:0.975806234662187
__ppmi__
Network Properties for:		G#125cc
nodes, edges			4999, 33477
directed?			False
weighted?			True
isolated nodes			0
self-loops			0
density				0.002680
clustering coefficient		0.197407
min/max/avg degree		3, 204, 13.393479
degree assortativity		0.270690
number of connected components	1
size of largest component	4999 (100.00 %)
tot:  143308.58253177674
__ppmi+Louvain__
PLM(balanced,pc,turbo) detected communities in 0.14380097389221191 [s]
solution properties:
-------------------  ----------
# communities         30
min community size   103
max community size   290
avg. community size  166.633
modularity             0.598265
-------------------  ----------
40 community detected
NMI:0.26050103204839425
ARM:0.42185503834595006
__ppmi+PLP__
PLP detected communities in 0.04431295394897461 [s]
solution properties:
-------------------  ----------
# communities        208
min community size     1
max community size   168
avg. community size   24.0337
modularity             0.585526
-------------------  ----------
40 community detected
NMI:0.2193454429303443
ARM:0.31053716461452074
__glovexmax50alpha0.2__
Network Properties for:		G#144cc
nodes, edges			4999, 33477
directed?			False
weighted?			True
isolated nodes			0
self-loops			0
density				0.002680
clustering coefficient		0.197407
min/max/avg degree		3, 204, 13.393479
degree assortativity		0.270690
number of connected components	1
size of largest component	4999 (100.00 %)
tot:  17964.18236642499
__glovexmax50alpha0.2+Louvain__
PLM(balanced,pc,turbo) detected communities in 0.14202570915222168 [s]
solution properties:
-------------------  ----------
# communities         31
min community size   107
max community size   249
avg. community size  161.258
modularity             0.570083
-------------------  ----------
40 community detected
NMI:0.11905531000473524
ARM:0.22183153185080184
__glovexmax50alpha0.2+PLP__
PLP detected communities in 0.04052424430847168 [s]
solution properties:
-------------------  ----------
# communities         43
min community size     2
max community size   191
avg. community size  116.256
modularity             0.571794
-------------------  ----------
40 community detected
NMI:0.07539767315220325
ARM:0.09702058556020987
__glovexmax40alpha0.2__
Network Properties for:		G#163cc
nodes, edges			4999, 33477
directed?			False
weighted?			True
isolated nodes			0
self-loops			0
density				0.002680
clustering coefficient		0.197407
min/max/avg degree		3, 204, 13.393479
degree assortativity		0.270690
number of connected components	1
size of largest component	4999 (100.00 %)
tot:  18760.862129043482
__glovexmax40alpha0.2+Louvain__
PLM(balanced,pc,turbo) detected communities in 0.24854683876037598 [s]
solution properties:
-------------------  ----------
# communities         14
min community size   111
max community size   647
avg. community size  357.071
modularity             0.540175
-------------------  ----------
40 community detected
NMI:0.2695136099940606
ARM:0.6015217646957483
__glovexmax40alpha0.2+PLP__
PLP detected communities in 0.03998255729675293 [s]
solution properties:
-------------------  ----------
# communities         44
min community size     1
max community size   191
avg. community size  113.614
modularity             0.572071
-------------------  ----------
40 community detected
NMI:0.07327306623665908
ARM:0.09416448962890689
__glovexmax30alpha0.3__
Network Properties for:		G#182cc
nodes, edges			4999, 33477
directed?			False
weighted?			True
isolated nodes			0
self-loops			0
density				0.002680
clustering coefficient		0.197407
min/max/avg degree		3, 204, 13.393479
degree assortativity		0.270690
number of connected components	1
size of largest component	4999 (100.00 %)
tot:  16614.88626537595
__glovexmax30alpha0.3+Louvain__
PLM(balanced,pc,turbo) detected communities in 0.18072247505187988 [s]
solution properties:
-------------------  ----------
# communities         17
min community size   241
max community size   352
avg. community size  294.059
modularity             0.556087
-------------------  ----------
40 community detected
NMI:0.2268548955190114
ARM:0.4755228857229463
__glovexmax30alpha0.3+PLP__
PLP detected communities in 0.036719322204589844 [s]
solution properties:
-------------------  ----------
# communities         43
min community size     2
max community size   193
avg. community size  116.256
modularity             0.568551
-------------------  ----------
40 community detected
NMI:0.09034353729682432
ARM:0.11580634768464315
