__LOADINGS__
Network Properties for:		network
nodes, edges			5000, 33808
directed?			False
weighted?			True
isolated nodes			0
self-loops			0
density				0.002705
clustering coefficient		0.292150
min/max/avg degree		1, 217, 13.523200
degree assortativity		0.183008
number of connected components	1
size of largest component	5000 (100.00 %)
250726.48647717867
__Groundtruth__
read communities from: ../../lfr_5000/mk300/k15/muw0.3/30/community.dat
-------------------  ----------
# communities         32
min community size   100
max community size   215
avg. community size  156.25
modularity             0.588183
-------------------  ----------
32 community detected
__CLASSIC_METHODS__
__Louvain__
PLM(balanced,pc,turbo) detected communities in 0.41945552825927734 [s]
solution properties:
-------------------  ----------
# communities         30
min community size    92
max community size   326
avg. community size  166.667
modularity             0.595093
-------------------  ----------
32 community detected
NMI:0.1249397927319924
ARM:0.1763910746982572
__Singleton__
32 community detected
NMI:0.42370093147868304
ARM:1.0
__AllInOne__
32 community detected
NMI:1.0
ARM:1.0
__PLP__
PLP detected communities in 0.1311330795288086 [s]
solution properties:
-------------------  ----------
# communities         34
min community size     2
max community size   233
avg. community size  147.059
modularity             0.594546
-------------------  ----------
32 community detected
NMI:0.11555328669154197
ARM:0.13618860370708052
__NORMALIZATION__
__glove__
Network Properties for:		G#21cc
nodes, edges			5000, 33808
directed?			False
weighted?			True
isolated nodes			0
self-loops			0
density				0.002705
clustering coefficient		0.292150
min/max/avg degree		1, 217, 13.523200
degree assortativity		0.183008
number of connected components	1
size of largest component	5000 (100.00 %)
tot:  3966.619593052101
__glove+Louvain__
PLM(balanced,pc,turbo) detected communities in 0.46886134147644043 [s]
solution properties:
-------------------  ----------
# communities         27
min community size   127
max community size   263
avg. community size  185.185
modularity             0.622701
-------------------  ----------
32 community detected
NMI:0.12223558811537594
ARM:0.1886110970904442
__glove+PLP__
PLP detected communities in 0.12643742561340332 [s]
solution properties:
-------------------  ----------
# communities         34
min community size     2
max community size   229
avg. community size  147.059
modularity             0.623458
-------------------  ----------
32 community detected
NMI:0.0975565212920334
ARM:0.11346954614734572
__fake_pmi__
Network Properties for:		G#40cc
nodes, edges			5000, 33808
directed?			False
weighted?			True
isolated nodes			0
self-loops			0
density				0.002705
clustering coefficient		0.292150
min/max/avg degree		1, 217, 13.523200
degree assortativity		0.183008
number of connected components	1
size of largest component	5000 (100.00 %)
tot:  0.0
__fake_pmi+Louvain__
1 community detected due to total edge weight equal 0
NMI:1
ARM:0.11346954614734572
__fake_pmi+PLP__
1 community detected due to total edge weight equal 0
NMI:1
ARM:0.11346954614734572
__iterative_rev_degree_order__
Network Properties for:		G#53cc
nodes, edges			5000, 33808
directed?			False
weighted?			True
isolated nodes			0
self-loops			0
density				0.002705
clustering coefficient		0.292150
min/max/avg degree		1, 217, 13.523200
degree assortativity		0.183008
number of connected components	1
size of largest component	5000 (100.00 %)
tot:  1484.2692169428233
__iterative_rev_degree_order+Louvain__
PLM(balanced,pc,turbo) detected communities in 0.7595393657684326 [s]
solution properties:
-------------------  ---------
# communities         83
min community size     2
max community size   139
avg. community size   60.241
modularity             0.88373
-------------------  ---------
32 community detected
NMI:0.6748770547403018
ARM:0.8971847837003963
__iterative_rev_degree_order+PLP__
PLP detected communities in 0.10149526596069336 [s]
solution properties:
-------------------  ----------
# communities        1517
min community size      2
max community size     16
avg. community size     3.29598
modularity              0.7803
-------------------  ----------
32 community detected
NMI:0.4644415512027624
ARM:0.9813282617558954
__pmi__
Network Properties for:		G#78cc
nodes, edges			5000, 33808
directed?			False
weighted?			True
isolated nodes			0
self-loops			0
density				0.002705
clustering coefficient		0.292150
min/max/avg degree		1, 217, 13.523200
degree assortativity		0.183008
number of connected components	1
size of largest component	5000 (100.00 %)
tot:  72523.98511975973
__pmi+Louvain__
PLM(balanced,pc,turbo) detected communities in 0.7120358943939209 [s]
solution properties:
-------------------  ---------
# communities         26
min community size   111
max community size   440
avg. community size  192.308
modularity             1.08186
-------------------  ---------
32 community detected
NMI:0.34210238779113333
ARM:0.5011230425007636
__pmi+PLP__
PLP detected communities in 0.18588662147521973 [s]
solution properties:
-------------------  ---------
# communities        286
min community size     1
max community size   245
avg. community size   17.4825
modularity             1.02666
-------------------  ---------
32 community detected
NMI:0.27713978235502623
ARM:0.3916836696744611
__standard__
Network Properties for:		G#100cc
nodes, edges			5000, 33808
directed?			False
weighted?			True
isolated nodes			0
self-loops			0
density				0.002705
clustering coefficient		0.292150
min/max/avg degree		1, 217, 13.523200
degree assortativity		0.183008
number of connected components	1
size of largest component	5000 (100.00 %)
tot:  18.113349165934977
__standard+Louvain__
PLM(balanced,pc,turbo) detected communities in 0.6871371269226074 [s]
solution properties:
-------------------  ----------
# communities         56
min community size     2
max community size   236
avg. community size   89.2857
modularity             0.854828
-------------------  ----------
32 community detected
NMI:0.49698498080009856
ARM:0.6443796340832884
__standard+PLP__
PLP detected communities in 0.12375593185424805 [s]
solution properties:
-------------------  -----------
# communities        1247
min community size      2
max community size     69
avg. community size     4.00962
modularity              0.739587
-------------------  -----------
32 community detected
NMI:0.44689734955412985
ARM:0.9331656929900034
__ppmi__
Network Properties for:		G#125cc
nodes, edges			5000, 33808
directed?			False
weighted?			True
isolated nodes			0
self-loops			0
density				0.002705
clustering coefficient		0.292150
min/max/avg degree		1, 217, 13.523200
degree assortativity		0.183008
number of connected components	1
size of largest component	5000 (100.00 %)
tot:  132341.00002269362
__ppmi+Louvain__
PLM(balanced,pc,turbo) detected communities in 0.48312926292419434 [s]
solution properties:
-------------------  ----------
# communities         25
min community size   102
max community size   378
avg. community size  200
modularity             0.685319
-------------------  ----------
32 community detected
NMI:0.16853197841828726
ARM:0.2987043573048298
__ppmi+PLP__
PLP detected communities in 0.13648009300231934 [s]
solution properties:
-------------------  ----------
# communities        109
min community size     1
max community size   210
avg. community size   45.8716
modularity             0.683651
-------------------  ----------
32 community detected
NMI:0.1263125374830989
ARM:0.15647136639071435
__glovexmax50alpha0.2__
Network Properties for:		G#144cc
nodes, edges			5000, 33808
directed?			False
weighted?			True
isolated nodes			0
self-loops			0
density				0.002705
clustering coefficient		0.292150
min/max/avg degree		1, 217, 13.523200
degree assortativity		0.183008
number of connected components	1
size of largest component	5000 (100.00 %)
tot:  17408.452645433714
__glovexmax50alpha0.2+Louvain__
PLM(balanced,pc,turbo) detected communities in 0.4683878421783447 [s]
solution properties:
-------------------  ----------
# communities         28
min community size   121
max community size   283
avg. community size  178.571
modularity             0.667638
-------------------  ----------
32 community detected
NMI:0.059115695494108667
ARM:0.11862503182576378
__glovexmax50alpha0.2+PLP__
PLP detected communities in 0.08472776412963867 [s]
solution properties:
-------------------  ----------
# communities         33
min community size     2
max community size   217
avg. community size  151.515
modularity             0.669371
-------------------  ----------
32 community detected
NMI:0.03529735229619313
ARM:0.041082647383132054
__glovexmax40alpha0.2__
Network Properties for:		G#163cc
nodes, edges			5000, 33808
directed?			False
weighted?			True
isolated nodes			0
self-loops			0
density				0.002705
clustering coefficient		0.292150
min/max/avg degree		1, 217, 13.523200
degree assortativity		0.183008
number of connected components	1
size of largest component	5000 (100.00 %)
tot:  18175.67179176199
__glovexmax40alpha0.2+Louvain__
PLM(balanced,pc,turbo) detected communities in 0.43143367767333984 [s]
solution properties:
-------------------  ----------
# communities         30
min community size   101
max community size   283
avg. community size  166.667
modularity             0.669058
-------------------  ----------
32 community detected
NMI:0.04894487950116566
ARM:0.08887627125087527
__glovexmax40alpha0.2+PLP__
PLP detected communities in 0.08015632629394531 [s]
solution properties:
-------------------  ---------
# communities         33
min community size     2
max community size   217
avg. community size  151.515
modularity             0.66972
-------------------  ---------
32 community detected
NMI:0.03529735229619313
ARM:0.041082647383132054
__glovexmax30alpha0.3__
Network Properties for:		G#182cc
nodes, edges			5000, 33808
directed?			False
weighted?			True
isolated nodes			0
self-loops			0
density				0.002705
clustering coefficient		0.292150
min/max/avg degree		1, 217, 13.523200
degree assortativity		0.183008
number of connected components	1
size of largest component	5000 (100.00 %)
tot:  16086.946825098265
__glovexmax30alpha0.3+Louvain__
PLM(balanced,pc,turbo) detected communities in 0.29311490058898926 [s]
solution properties:
-------------------  ----------
# communities         32
min community size    98
max community size   218
avg. community size  156.25
modularity             0.666958
-------------------  ----------
32 community detected
NMI:0.04776865193279034
ARM:0.05544828222438902
__glovexmax30alpha0.3+PLP__
PLP detected communities in 0.0850985050201416 [s]
solution properties:
-------------------  ----------
# communities         33
min community size     2
max community size   218
avg. community size  151.515
modularity             0.666925
-------------------  ----------
32 community detected
NMI:0.04758884060649671
ARM:0.05491155877105691
