__LOADINGS__
Network Properties for:		network
nodes, edges			5000, 27633
directed?			False
weighted?			True
isolated nodes			1
self-loops			0
density				0.002211
clustering coefficient		0.414399
min/max/avg degree		0, 357, 11.053200
degree assortativity		0.162374
number of connected components	9
size of largest component	4974 (99.48 %)
236216.53044496043
__Groundtruth__
read communities from: ../../lfr_5000/mk500/k15/muw0.2/15/community.dat
-------------------  ---------
# communities         50
min community size     3
max community size   469
avg. community size  100
modularity             0.58299
-------------------  ---------
50 community detected
__CLASSIC_METHODS__
__Louvain__
PLM(balanced,pc,turbo) detected communities in 0.4140474796295166 [s]
solution properties:
-------------------  ----------
# communities         31
min community size     1
max community size   496
avg. community size  161.29
modularity             0.593072
-------------------  ----------
50 community detected
NMI:0.15356306825921706
ARM:0.16492730126376154
__Singleton__
50 community detected
NMI:0.46195834337911923
ARM:1.0
__AllInOne__
50 community detected
NMI:1.0
ARM:1.0
__PLP__
PLP detected communities in 0.18215727806091309 [s]
solution properties:
-------------------  ----------
# communities         72
min community size     1
max community size   513
avg. community size   69.4444
modularity             0.586931
-------------------  ----------
50 community detected
NMI:0.13496791455725998
ARM:0.15404071187012258
__NORMALIZATION__
__glove__
Network Properties for:		G#24cc
nodes, edges			4974, 27606
directed?			False
weighted?			True
isolated nodes			0
self-loops			0
density				0.002232
clustering coefficient		0.413147
min/max/avg degree		1, 357, 11.100121
degree assortativity		0.161784
number of connected components	1
size of largest component	4974 (100.00 %)
tot:  3207.066624133135
__glove+Louvain__
PLM(balanced,pc,turbo) detected communities in 0.47182154655456543 [s]
solution properties:
-------------------  ----------
# communities         27
min community size     7
max community size   493
avg. community size  184.222
modularity             0.648357
-------------------  ----------
50 community detected
NMI:0.9620160520943238
ARM:0.9992639489284879
__glove+PLP__
PLP detected communities in 0.11747288703918457 [s]
solution properties:
-------------------  ----------
# communities         67
min community size     2
max community size   506
avg. community size   74.2388
modularity             0.645617
-------------------  ----------
50 community detected
NMI:0.9426995656846605
ARM:0.999297333328423
__fake_pmi__
Network Properties for:		G#46cc
nodes, edges			4974, 27606
directed?			False
weighted?			True
isolated nodes			0
self-loops			0
density				0.002232
clustering coefficient		0.413147
min/max/avg degree		1, 357, 11.100121
degree assortativity		0.161784
number of connected components	1
size of largest component	4974 (100.00 %)
tot:  0.0
__fake_pmi+Louvain__
1 community detected due to total edge weight equal 0
NMI:1
ARM:0.999297333328423
__fake_pmi+PLP__
1 community detected due to total edge weight equal 0
NMI:1
ARM:0.999297333328423
__iterative_rev_degree_order__
Network Properties for:		G#59cc
nodes, edges			4974, 27606
directed?			False
weighted?			True
isolated nodes			0
self-loops			0
density				0.002232
clustering coefficient		0.413147
min/max/avg degree		1, 357, 11.100121
degree assortativity		0.161784
number of connected components	1
size of largest component	4974 (100.00 %)
tot:  1691.3778098927692
__iterative_rev_degree_order+Louvain__
PLM(balanced,pc,turbo) detected communities in 0.5006430149078369 [s]
solution properties:
-------------------  ----------
# communities         83
min community size     2
max community size   237
avg. community size   59.9277
modularity             0.934989
-------------------  ----------
50 community detected
NMI:0.9222395215177532
ARM:0.9998989456294534
__iterative_rev_degree_order+PLP__
PLP detected communities in 0.09337520599365234 [s]
solution properties:
-------------------  ----------
# communities        1389
min community size      2
max community size     29
avg. community size     3.58099
modularity              0.84386
-------------------  ----------
50 community detected
NMI:0.6393991223147355
ARM:0.9999408395710023
__pmi__
Network Properties for:		G#84cc
nodes, edges			4974, 27606
directed?			False
weighted?			True
isolated nodes			0
self-loops			0
density				0.002232
clustering coefficient		0.413147
min/max/avg degree		1, 357, 11.100121
degree assortativity		0.161784
number of connected components	1
size of largest component	4974 (100.00 %)
tot:  35776.767798562796
__pmi+Louvain__
PLM(balanced,pc,turbo) detected communities in 0.5228660106658936 [s]
solution properties:
-------------------  ---------
# communities         33
min community size     1
max community size   683
avg. community size  150.727
modularity             1.86783
-------------------  ---------
50 community detected
NMI:0.9573912230335145
ARM:1.0003826761160945
__pmi+PLP__
PLP detected communities in 0.13459420204162598 [s]
solution properties:
-------------------  ---------
# communities        540
min community size     1
max community size   331
avg. community size    9.21111
modularity             1.59983
-------------------  ---------
50 community detected
NMI:0.799304665382532
ARM:1.0002858801590373
__standard__
Network Properties for:		G#106cc
nodes, edges			4974, 27606
directed?			False
weighted?			True
isolated nodes			0
self-loops			0
density				0.002232
clustering coefficient		0.413147
min/max/avg degree		1, 357, 11.100121
degree assortativity		0.161784
number of connected components	1
size of largest component	4974 (100.00 %)
tot:  38.433557364548165
__standard+Louvain__
PLM(balanced,pc,turbo) detected communities in 0.5841279029846191 [s]
solution properties:
-------------------  -----------
# communities          90
min community size      2
max community size   1160
avg. community size    55.2667
modularity              0.944291
-------------------  -----------
50 community detected
NMI:0.9277000451715911
ARM:1.0008488936715108
__standard+PLP__
PLP detected communities in 0.0679631233215332 [s]
solution properties:
-------------------  -----------
# communities        1074
min community size      2
max community size    149
avg. community size     4.63128
modularity              0.811658
-------------------  -----------
50 community detected
NMI:0.6876316037030152
ARM:0.9998309869137529
__ppmi__
Network Properties for:		G#128cc
nodes, edges			4974, 27606
directed?			False
weighted?			True
isolated nodes			0
self-loops			0
density				0.002232
clustering coefficient		0.413147
min/max/avg degree		1, 357, 11.100121
degree assortativity		0.161784
number of connected components	1
size of largest component	4974 (100.00 %)
tot:  94406.65315170372
__ppmi+Louvain__
PLM(balanced,pc,turbo) detected communities in 0.5730321407318115 [s]
solution properties:
-------------------  ----------
# communities         35
min community size     8
max community size   417
avg. community size  142.114
modularity             0.767151
-------------------  ----------
50 community detected
NMI:0.9560758251619871
ARM:0.9998562848528972
__ppmi+PLP__
PLP detected communities in 0.15941143035888672 [s]
solution properties:
-------------------  ----------
# communities        494
min community size     1
max community size   395
avg. community size   10.0688
modularity             0.646989
-------------------  ----------
50 community detected
NMI:0.8101380682217227
ARM:1.0003158805802936
__glovexmax50alpha0.2__
Network Properties for:		G#150cc
nodes, edges			4974, 27606
directed?			False
weighted?			True
isolated nodes			0
self-loops			0
density				0.002232
clustering coefficient		0.413147
min/max/avg degree		1, 357, 11.100121
degree assortativity		0.161784
number of connected components	1
size of largest component	4974 (100.00 %)
tot:  13229.137474914718
__glovexmax50alpha0.2+Louvain__
PLM(balanced,pc,turbo) detected communities in 0.44602108001708984 [s]
solution properties:
-------------------  ----------
# communities         28
min community size     7
max community size   473
avg. community size  177.643
modularity             0.727456
-------------------  ----------
50 community detected
NMI:0.9623411335809406
ARM:0.9997159627450193
__glovexmax50alpha0.2+PLP__
PLP detected communities in 0.1468038558959961 [s]
solution properties:
-------------------  ----------
# communities         67
min community size     2
max community size   486
avg. community size   74.2388
modularity             0.723626
-------------------  ----------
50 community detected
NMI:0.94302810622146
ARM:0.9996030443217431
__glovexmax40alpha0.2__
Network Properties for:		G#172cc
nodes, edges			4974, 27606
directed?			False
weighted?			True
isolated nodes			0
self-loops			0
density				0.002232
clustering coefficient		0.413147
min/max/avg degree		1, 357, 11.100121
degree assortativity		0.161784
number of connected components	1
size of largest component	4974 (100.00 %)
tot:  13783.686314911965
__glovexmax40alpha0.2+Louvain__
PLM(balanced,pc,turbo) detected communities in 0.5704793930053711 [s]
solution properties:
-------------------  ----------
# communities         26
min community size     7
max community size   470
avg. community size  191.308
modularity             0.728258
-------------------  ----------
50 community detected
NMI:0.963541923451325
ARM:0.9996134282057241
__glovexmax40alpha0.2+PLP__
PLP detected communities in 0.13911890983581543 [s]
solution properties:
-------------------  ----------
# communities         67
min community size     2
max community size   486
avg. community size   74.2388
modularity             0.724405
-------------------  ----------
50 community detected
NMI:0.9430986737458025
ARM:0.9995881577445369
__glovexmax30alpha0.3__
Network Properties for:		G#194cc
nodes, edges			4974, 27606
directed?			False
weighted?			True
isolated nodes			0
self-loops			0
density				0.002232
clustering coefficient		0.413147
min/max/avg degree		1, 357, 11.100121
degree assortativity		0.161784
number of connected components	1
size of largest component	4974 (100.00 %)
tot:  11860.46309551421
__glovexmax30alpha0.3+Louvain__
PLM(balanced,pc,turbo) detected communities in 0.5236005783081055 [s]
solution properties:
-------------------  ----------
# communities         32
min community size     7
max community size   475
avg. community size  155.438
modularity             0.723264
-------------------  ----------
50 community detected
NMI:0.958297792837453
ARM:0.9994930945311609
__glovexmax30alpha0.3+PLP__
PLP detected communities in 0.13754606246948242 [s]
solution properties:
-------------------  ---------
# communities         70
min community size     1
max community size   491
avg. community size   71.0571
modularity             0.71934
-------------------  ---------
50 community detected
NMI:0.9424426239880721
ARM:0.9995037620203592
