__LOADINGS__
4997/38300 13.046997389033944 % of nul weighted edges removed
1/5000 0.02 % of nul degree nodes removed
Network Properties for:		network
nodes, edges			4999, 33303
directed?			False
weighted?			True
isolated nodes			1
self-loops			0
density				0.002666
clustering coefficient		0.391060
min/max/avg degree		0, 237, 13.323865
degree assortativity		0.125698
number of connected components	1
size of largest component	4999 (100.00 %)
241720.1186862698
__Groundtruth__
read communities from: ../../lfr_5000/mk300/k15/muw0.2/26/community.dat
-------------------  ----------
# communities         30
min community size   122
max community size   240
avg. community size  166.667
modularity             0.704068
-------------------  ----------
30 community detected
__CLASSIC_METHODS__
__Louvain__
PLM(balanced,pc,turbo) detected communities in 0.26138782501220703 [s]
solution properties:
-------------------  ----------
# communities         30
min community size   117
max community size   247
avg. community size  166.633
modularity             0.707794
-------------------  ----------
30 community detected
NMI:0.06534866333697609
ARI:0.07463301161648273
__Singleton__
30 community detected
NMI:0.4312749414218584
ARI:1.0
__AllInOne__
30 community detected
NMI:1.0
ARI:1.0
__PLP__
PLP detected communities in 0.1442577838897705 [s]
solution properties:
-------------------  ----------
# communities         31
min community size     1
max community size   247
avg. community size  161.29
modularity             0.707794
-------------------  ----------
30 community detected
NMI:0.06559681962188968
ARI:0.07502170188532498
__NORMALIZATION__
__glove__
Network Properties for:		G#18
nodes, edges			4999, 33303
directed?			False
weighted?			True
isolated nodes			1
self-loops			0
density				0.002666
clustering coefficient		0.391060
min/max/avg degree		0, 237, 13.323865
degree assortativity		0.125698
number of connected components	1
size of largest component	4999 (100.00 %)
tot:  3816.210325828703
__glove+Louvain__
PLM(balanced,pc,turbo) detected communities in 0.2590007781982422 [s]
solution properties:
-------------------  ----------
# communities         30
min community size   121
max community size   245
avg. community size  166.633
modularity             0.735373
-------------------  ----------
30 community detected
NMI:0.050815307696264855
ARI:0.0577393652286069
__glove+PLP__
PLP detected communities in 0.13854026794433594 [s]
solution properties:
-------------------  ----------
# communities         31
min community size     1
max community size   246
avg. community size  161.29
modularity             0.735371
-------------------  ----------
30 community detected
NMI:0.05155179063918447
ARI:0.05863877248233418
__fake_pmi__
Network Properties for:		G#24
nodes, edges			4999, 33303
directed?			False
weighted?			True
isolated nodes			1
self-loops			0
density				0.002666
clustering coefficient		0.391060
min/max/avg degree		0, 237, 13.323865
degree assortativity		0.125698
number of connected components	1
size of largest component	4999 (100.00 %)
tot:  0.0
__fake_pmi+Louvain__
1 community detected due to total edge weight equal 0
NMI:1
ARI:1
__fake_pmi+PLP__
1 community detected due to total edge weight equal 0
NMI:1
ARI:1
__iterative_rev_degree_order__
Network Properties for:		G#27
nodes, edges			4999, 33303
directed?			False
weighted?			True
isolated nodes			1
self-loops			0
density				0.002666
clustering coefficient		0.391060
min/max/avg degree		0, 237, 13.323865
degree assortativity		0.125698
number of connected components	1
size of largest component	4999 (100.00 %)
tot:  1702.4836074448085
__iterative_rev_degree_order+Louvain__
PLM(balanced,pc,turbo) detected communities in 0.7843716144561768 [s]
solution properties:
-------------------  ----------
# communities         67
min community size     2
max community size   202
avg. community size   74.6119
modularity             0.881389
-------------------  ----------
30 community detected
NMI:0.5556908851847981
ARI:0.7454953820016845
__iterative_rev_degree_order+PLP__
PLP detected communities in 0.09692049026489258 [s]
solution properties:
-------------------  -----------
# communities        1518
min community size      1
max community size     23
avg. community size     3.29381
modularity              0.763334
-------------------  -----------
30 community detected
NMI:0.4539331856537753
ARI:0.9784976820895831
__pmi__
Network Properties for:		G#42
nodes, edges			4999, 33303
directed?			False
weighted?			True
isolated nodes			1
self-loops			0
density				0.002666
clustering coefficient		0.391060
min/max/avg degree		0, 237, 13.323865
degree assortativity		0.125698
number of connected components	1
size of largest component	4999 (100.00 %)
tot:  97309.61047926306
__pmi+Louvain__
PLM(balanced,pc,turbo) detected communities in 0.34905242919921875 [s]
solution properties:
-------------------  ----------
# communities         28
min community size   126
max community size   378
avg. community size  178.536
modularity             0.982547
-------------------  ----------
30 community detected
NMI:0.1417967175326741
ARI:0.23222673714473285
__pmi+PLP__
PLP detected communities in 0.18263554573059082 [s]
solution properties:
-------------------  ----------
# communities         91
min community size     1
max community size   205
avg. community size   54.9451
modularity             0.973057
-------------------  ----------
30 community detected
NMI:0.13081350753724996
ARI:0.17582706437521123
__standard__
Network Properties for:		G#51
nodes, edges			4999, 33303
directed?			False
weighted?			True
isolated nodes			1
self-loops			0
density				0.002666
clustering coefficient		0.391060
min/max/avg degree		0, 237, 13.323865
degree assortativity		0.125698
number of connected components	1
size of largest component	4999 (100.00 %)
tot:  15.903931177740395
__standard+Louvain__
PLM(balanced,pc,turbo) detected communities in 0.6356544494628906 [s]
solution properties:
-------------------  ----------
# communities         52
min community size     2
max community size   243
avg. community size   96.1346
modularity             0.868084
-------------------  ----------
30 community detected
NMI:0.3451518505297543
ARI:0.44633829724698737
__standard+PLP__
PLP detected communities in 0.12990856170654297 [s]
solution properties:
-------------------  -----------
# communities        1143
min community size      1
max community size     92
avg. community size     4.37445
modularity              0.702673
-------------------  -----------
30 community detected
NMI:0.41126963435432184
ARI:0.8498416677521091
__ppmi__
Network Properties for:		G#63
nodes, edges			4999, 33303
directed?			False
weighted?			True
isolated nodes			1
self-loops			0
density				0.002666
clustering coefficient		0.391060
min/max/avg degree		0, 237, 13.323865
degree assortativity		0.125698
number of connected components	1
size of largest component	4999 (100.00 %)
tot:  135525.42941063986
__ppmi+Louvain__
PLM(balanced,pc,turbo) detected communities in 0.4310290813446045 [s]
solution properties:
-------------------  ----------
# communities         24
min community size   127
max community size   423
avg. community size  208.292
modularity             0.771038
-------------------  ----------
30 community detected
NMI:0.08334805789974209
ARI:0.2206456898848107
__ppmi+PLP__
PLP detected communities in 0.18179607391357422 [s]
solution properties:
-------------------  ----------
# communities         58
min community size     1
max community size   216
avg. community size   86.2069
modularity             0.774511
-------------------  ----------
30 community detected
NMI:0.0448730357320436
ARI:0.05585035639644276
__glovexmax50alpha0.2__
Network Properties for:		G#72
nodes, edges			4999, 33303
directed?			False
weighted?			True
isolated nodes			1
self-loops			0
density				0.002666
clustering coefficient		0.391060
min/max/avg degree		0, 237, 13.323865
degree assortativity		0.125698
number of connected components	1
size of largest component	4999 (100.00 %)
tot:  17436.48707724031
__glovexmax50alpha0.2+Louvain__
PLM(balanced,pc,turbo) detected communities in 0.36943912506103516 [s]
solution properties:
-------------------  ---------
# communities         30
min community size   122
max community size   240
avg. community size  166.633
modularity             0.76992
-------------------  ---------
30 community detected
NMI:0.003980011081304302
ARI:0.0045134230216000715
__glovexmax50alpha0.2+PLP__
PLP detected communities in 0.12607431411743164 [s]
solution properties:
-------------------  ----------
# communities         31
min community size     1
max community size   240
avg. community size  161.29
modularity             0.769895
-------------------  ----------
30 community detected
NMI:0.0045943487215885925
ARI:0.005151523942136582
__glovexmax40alpha0.2__
Network Properties for:		G#81
nodes, edges			4999, 33303
directed?			False
weighted?			True
isolated nodes			1
self-loops			0
density				0.002666
clustering coefficient		0.391060
min/max/avg degree		0, 237, 13.323865
degree assortativity		0.125698
number of connected components	1
size of largest component	4999 (100.00 %)
tot:  18205.486756017737
__glovexmax40alpha0.2+Louvain__
PLM(balanced,pc,turbo) detected communities in 0.3591122627258301 [s]
solution properties:
-------------------  ----------
# communities         27
min community size   122
max community size   269
avg. community size  185.148
modularity             0.767955
-------------------  ----------
30 community detected
NMI:0.020628300112434772
ARI:0.06457559944966307
__glovexmax40alpha0.2+PLP__
PLP detected communities in 0.12073826789855957 [s]
solution properties:
-------------------  ----------
# communities         31
min community size     1
max community size   240
avg. community size  161.29
modularity             0.770126
-------------------  ----------
30 community detected
NMI:0.0045943487215885925
ARI:0.005151523942136582
__glovexmax30alpha0.3__
Network Properties for:		G#90
nodes, edges			4999, 33303
directed?			False
weighted?			True
isolated nodes			1
self-loops			0
density				0.002666
clustering coefficient		0.391060
min/max/avg degree		0, 237, 13.323865
degree assortativity		0.125698
number of connected components	1
size of largest component	4999 (100.00 %)
tot:  15920.035126459583
__glovexmax30alpha0.3+Louvain__
PLM(balanced,pc,turbo) detected communities in 0.3600654602050781 [s]
solution properties:
-------------------  ----------
# communities         30
min community size   121
max community size   241
avg. community size  166.633
modularity             0.768341
-------------------  ----------
30 community detected
NMI:0.01645650133844545
ARI:0.018622345122854322
__glovexmax30alpha0.3+PLP__
PLP detected communities in 0.1461198329925537 [s]
solution properties:
-------------------  ---------
# communities         31
min community size     1
max community size   241
avg. community size  161.29
modularity             0.76832
-------------------  ---------
30 community detected
NMI:0.01669975261913803
ARI:0.018788009113730797
NMI classement:
[('NMIglovexmax50alpha0.2+Louvain', 0.003980011081304302), ('NMIglovexmax50alpha0.2+PLP', 0.0045943487215885925), ('NMIglovexmax40alpha0.2+PLP', 0.0045943487215885925), ('NMIglovexmax30alpha0.3+Louvain', 0.01645650133844545), ('NMIglovexmax30alpha0.3+PLP', 0.01669975261913803), ('NMIglovexmax40alpha0.2+Louvain', 0.020628300112434772), ('NMIppmi+PLP', 0.0448730357320436), ('NMIglove+Louvain', 0.050815307696264855), ('NMIglove+PLP', 0.05155179063918447), ('NMILouvain', 0.06534866333697609), ('NMIPLP', 0.06559681962188968), ('NMIppmi+Louvain', 0.08334805789974209), ('NMIpmi+PLP', 0.13081350753724996), ('NMIpmi+Louvain', 0.1417967175326741), ('NMIstandard+Louvain', 0.3451518505297543), ('NMIstandard+PLP', 0.41126963435432184), ('NMISingleton', 0.4312749414218584), ('NMIiterative_rev_degree_order+PLP', 0.4539331856537753), ('NMIiterative_rev_degree_order+Louvain', 0.5556908851847981), ('NMIAllInOne', 1.0), ('NMIfake_pmi+Louvain', 1), ('NMIfake_pmi+PLP', 1)]
ARI classement:
[('ARIglovexmax50alpha0.2+Louvain', 0.0045134230216000715), ('ARIglovexmax50alpha0.2+PLP', 0.005151523942136582), ('ARIglovexmax40alpha0.2+PLP', 0.005151523942136582), ('ARIglovexmax30alpha0.3+Louvain', 0.018622345122854322), ('ARIglovexmax30alpha0.3+PLP', 0.018788009113730797), ('ARIppmi+PLP', 0.05585035639644276), ('ARIglove+Louvain', 0.0577393652286069), ('ARIglove+PLP', 0.05863877248233418), ('ARIglovexmax40alpha0.2+Louvain', 0.06457559944966307), ('ARILouvain', 0.07463301161648273), ('ARIPLP', 0.07502170188532498), ('ARIpmi+PLP', 0.17582706437521123), ('ARIppmi+Louvain', 0.2206456898848107), ('ARIpmi+Louvain', 0.23222673714473285), ('ARIstandard+Louvain', 0.44633829724698737), ('ARIiterative_rev_degree_order+Louvain', 0.7454953820016845), ('ARIstandard+PLP', 0.8498416677521091), ('ARIiterative_rev_degree_order+PLP', 0.9784976820895831), ('ARISingleton', 1.0), ('ARIAllInOne', 1.0), ('ARIfake_pmi+Louvain', 1), ('ARIfake_pmi+PLP', 1)]
