__LOADINGS__
Network Properties for:		network
nodes, edges			5000, 41963
directed?			False
weighted?			True
isolated nodes			2
self-loops			0
density				0.003358
clustering coefficient		0.424569
min/max/avg degree		0, 84, 16.785200
degree assortativity		0.345729
number of connected components	3
size of largest component	4998 (99.96 %)
235448.77397713254
__Groundtruth__
read communities from: ../../lfr_5000/mk100/k20/muw0.2/47/community.dat
-------------------  ----------
# communities        104
min community size    20
max community size    99
avg. community size   48.0769
modularity             0.812683
-------------------  ----------
104 community detected
__CLASSIC_METHODS__
__Louvain__
PLM(balanced,pc,turbo) detected communities in 0.367107629776001 [s]
solution properties:
-------------------  ----------
# communities         69
min community size     1
max community size   111
avg. community size   72.4638
modularity             0.813939
-------------------  ----------
104 community detected
NMI:0.04405224740775804
ARM:0.15997284760719543
__Singleton__
104 community detected
NMI:0.304781495540172
ARM:1.0
__AllInOne__
104 community detected
NMI:1.0
ARM:1.0
__PLP__
PLP detected communities in 0.10075879096984863 [s]
solution properties:
-------------------  ----------
# communities        106
min community size     1
max community size    99
avg. community size   47.1698
modularity             0.813259
-------------------  ----------
104 community detected
NMI:0.0016588078780046533
ARM:0.0040000000000000036
__NORMALIZATION__
__glove__
Network Properties for:		G#21cc
nodes, edges			4998, 41963
directed?			False
weighted?			True
isolated nodes			0
self-loops			0
density				0.003360
clustering coefficient		0.424739
min/max/avg degree		1, 84, 16.791917
degree assortativity		0.345729
number of connected components	1
size of largest component	4998 (100.00 %)
tot:  4590.192734666051
__glove+Louvain__
PLM(balanced,pc,turbo) detected communities in 0.4405856132507324 [s]
solution properties:
-------------------  ----------
# communities         61
min community size    38
max community size   120
avg. community size   81.9344
modularity             0.817998
-------------------  ----------
104 community detected
NMI:0.053974806179938994
ARM:0.1977799483430771
__glove+PLP__
PLP detected communities in 0.09870719909667969 [s]
solution properties:
-------------------  ----------
# communities        104
min community size    20
max community size    99
avg. community size   48.0577
modularity             0.817731
-------------------  ----------
104 community detected
NMI:0.0016595356290808327
ARM:0.003998747973369854
__fake_pmi__
Network Properties for:		G#40cc
nodes, edges			4998, 41963
directed?			False
weighted?			True
isolated nodes			0
self-loops			0
density				0.003360
clustering coefficient		0.424739
min/max/avg degree		1, 84, 16.791917
degree assortativity		0.345729
number of connected components	1
size of largest component	4998 (100.00 %)
tot:  0.0
__fake_pmi+Louvain__
1 community detected due to total edge weight equal 0
NMI:1
ARM:0.003998747973369854
__fake_pmi+PLP__
1 community detected due to total edge weight equal 0
NMI:1
ARM:0.003998747973369854
__iterative_rev_degree_order__
Network Properties for:		G#53cc
nodes, edges			4998, 41963
directed?			False
weighted?			True
isolated nodes			0
self-loops			0
density				0.003360
clustering coefficient		0.424739
min/max/avg degree		1, 84, 16.791917
degree assortativity		0.345729
number of connected components	1
size of largest component	4998 (100.00 %)
tot:  1405.3228766642994
__iterative_rev_degree_order+Louvain__
PLM(balanced,pc,turbo) detected communities in 0.70206618309021 [s]
solution properties:
-------------------  ----------
# communities         53
min community size    48
max community size   202
avg. community size   94.3019
modularity             0.823743
-------------------  ----------
104 community detected
NMI:0.3797145240793164
ARM:0.7019443829643255
__iterative_rev_degree_order+PLP__
PLP detected communities in 0.08626055717468262 [s]
solution properties:
-------------------  -----------
# communities        1347
min community size      2
max community size     14
avg. community size     3.71047
modularity              0.641385
-------------------  -----------
104 community detected
NMI:0.30049734010735485
ARM:0.9286437742999967
__pmi__
Network Properties for:		G#78cc
nodes, edges			4998, 41963
directed?			False
weighted?			True
isolated nodes			0
self-loops			0
density				0.003360
clustering coefficient		0.424739
min/max/avg degree		1, 84, 16.791917
degree assortativity		0.345729
number of connected components	1
size of largest component	4998 (100.00 %)
tot:  247446.5494809843
__pmi+Louvain__
PLM(balanced,pc,turbo) detected communities in 0.4615464210510254 [s]
solution properties:
-------------------  ----------
# communities         76
min community size    32
max community size   100
avg. community size   65.7632
modularity             0.824829
-------------------  ----------
104 community detected
NMI:0.029183368297250434
ARM:0.09751010173606123
__pmi+PLP__
PLP detected communities in 0.14702844619750977 [s]
solution properties:
-------------------  ----------
# communities        104
min community size    20
max community size    98
avg. community size   48.0577
modularity             0.824833
-------------------  ----------
104 community detected
NMI:0.0016381284332736001
ARM:0.0038549199471004103
__standard__
Network Properties for:		G#97cc
nodes, edges			4998, 41963
directed?			False
weighted?			True
isolated nodes			0
self-loops			0
density				0.003360
clustering coefficient		0.424739
min/max/avg degree		1, 84, 16.791917
degree assortativity		0.345729
number of connected components	1
size of largest component	4998 (100.00 %)
tot:  24.441991562147226
__standard+Louvain__
PLM(balanced,pc,turbo) detected communities in 0.6216757297515869 [s]
solution properties:
-------------------  ----------
# communities         51
min community size    23
max community size   222
avg. community size   98
modularity             0.836903
-------------------  ----------
104 community detected
NMI:0.16225715119194906
ARM:0.45689941505360476
__standard+PLP__
PLP detected communities in 0.18762564659118652 [s]
solution properties:
-------------------  ----------
# communities        254
min community size     1
max community size    81
avg. community size   19.6772
modularity             0.802501
-------------------  ----------
104 community detected
NMI:0.08993212045279508
ARM:0.19207795306699627
__ppmi__
Network Properties for:		G#119cc
nodes, edges			4998, 41963
directed?			False
weighted?			True
isolated nodes			0
self-loops			0
density				0.003360
clustering coefficient		0.424739
min/max/avg degree		1, 84, 16.791917
degree assortativity		0.345729
number of connected components	1
size of largest component	4998 (100.00 %)
tot:  251611.3216002954
__ppmi+Louvain__
PLM(balanced,pc,turbo) detected communities in 0.4757082462310791 [s]
solution properties:
-------------------  ----------
# communities         61
min community size    51
max community size   119
avg. community size   81.9344
modularity             0.820642
-------------------  ----------
104 community detected
NMI:0.0527557347913733
ARM:0.1888546138882814
__ppmi+PLP__
PLP detected communities in 0.09577202796936035 [s]
solution properties:
-------------------  ----------
# communities        104
min community size    20
max community size    98
avg. community size   48.0577
modularity             0.821921
-------------------  ----------
104 community detected
NMI:0.0014016671519947455
ARM:0.0033061804471081757
__glovexmax50alpha0.2__
Network Properties for:		G#138cc
nodes, edges			4998, 41963
directed?			False
weighted?			True
isolated nodes			0
self-loops			0
density				0.003360
clustering coefficient		0.424739
min/max/avg degree		1, 84, 16.791917
degree assortativity		0.345729
number of connected components	1
size of largest component	4998 (100.00 %)
tot:  25455.872185876706
__glovexmax50alpha0.2+Louvain__
PLM(balanced,pc,turbo) detected communities in 0.316697359085083 [s]
solution properties:
-------------------  ----------
# communities         63
min community size    51
max community size   119
avg. community size   79.3333
modularity             0.818297
-------------------  ----------
104 community detected
NMI:0.04864584145535933
ARM:0.17297663333597169
__glovexmax50alpha0.2+PLP__
PLP detected communities in 0.07736873626708984 [s]
solution properties:
-------------------  ---------
# communities        104
min community size    20
max community size    98
avg. community size   48.0577
modularity             0.81866
-------------------  ---------
104 community detected
NMI:0.0011957835744381695
ARM:0.002965146340348168
__glovexmax40alpha0.2__
Network Properties for:		G#157cc
nodes, edges			4998, 41963
directed?			False
weighted?			True
isolated nodes			0
self-loops			0
density				0.003360
clustering coefficient		0.424739
min/max/avg degree		1, 84, 16.791917
degree assortativity		0.345729
number of connected components	1
size of largest component	4998 (100.00 %)
tot:  26617.666803260603
__glovexmax40alpha0.2+Louvain__
PLM(balanced,pc,turbo) detected communities in 0.3431081771850586 [s]
solution properties:
-------------------  ----------
# communities         65
min community size    42
max community size   116
avg. community size   76.8923
modularity             0.818436
-------------------  ----------
104 community detected
NMI:0.04599311832298092
ARM:0.16549855982777073
__glovexmax40alpha0.2+PLP__
PLP detected communities in 0.08233356475830078 [s]
solution properties:
-------------------  -------
# communities        105
min community size    11
max community size    98
avg. community size   47.6
modularity             0.818
-------------------  -------
104 community detected
NMI:0.0015314071282118702
ARM:0.003392144581365719
__glovexmax30alpha0.3__
Network Properties for:		G#176cc
nodes, edges			4998, 41963
directed?			False
weighted?			True
isolated nodes			0
self-loops			0
density				0.003360
clustering coefficient		0.424739
min/max/avg degree		1, 84, 16.791917
degree assortativity		0.345729
number of connected components	1
size of largest component	4998 (100.00 %)
tot:  23546.373937688262
__glovexmax30alpha0.3+Louvain__
PLM(balanced,pc,turbo) detected communities in 0.3687255382537842 [s]
solution properties:
-------------------  ----------
# communities         57
min community size    59
max community size   128
avg. community size   87.6842
modularity             0.819569
-------------------  ----------
104 community detected
NMI:0.06103804452863504
ARM:0.22307775071107572
__glovexmax30alpha0.3+PLP__
PLP detected communities in 0.04140210151672363 [s]
solution properties:
-------------------  ----------
# communities        104
min community size    20
max community size    98
avg. community size   48.0577
modularity             0.820328
-------------------  ----------
104 community detected
NMI:0.0011957835744381695
ARM:0.002965146340348168
