__LOADINGS__
4991/61548 8.109118086696562 % of nul weighted edges removed
1/5000 0.02 % of nul degree nodes removed
Network Properties for:		network
nodes, edges			4999, 56557
directed?			False
weighted?			True
isolated nodes			1
self-loops			0
density				0.004527
clustering coefficient		0.484121
min/max/avg degree		0, 390, 22.627325
degree assortativity		0.186473
number of connected components	1
size of largest component	4999 (100.00 %)
520486.57553039753
__Groundtruth__
read communities from: ../../lfr_5000/mk500/k25/muw0.2/17/community.dat
-------------------  ----------
# communities         45
min community size     6
max community size   473
avg. community size  111.111
modularity             0.649358
-------------------  ----------
45 community detected
__CLASSIC_METHODS__
__Louvain__
PLM(balanced,pc,turbo) detected communities in 0.39683055877685547 [s]
solution properties:
-------------------  ----------
# communities         30
min community size     6
max community size   479
avg. community size  166.633
modularity             0.651761
-------------------  ----------
45 community detected
NMI:0.039018529508997535
ARI:0.03897327419942587
__Singleton__
45 community detected
NMI:0.4611423197435752
ARI:1.0
__AllInOne__
45 community detected
NMI:1.0
ARI:1.0
__PLP__
PLP detected communities in 0.08286714553833008 [s]
solution properties:
-------------------  ----------
# communities         46
min community size     1
max community size   479
avg. community size  108.696
modularity             0.651644
-------------------  ----------
45 community detected
NMI:0.013935931303255211
ARI:0.01786121605515467
__NORMALIZATION__
__glove__
Network Properties for:		G#21
nodes, edges			4999, 56557
directed?			False
weighted?			True
isolated nodes			1
self-loops			0
density				0.004527
clustering coefficient		0.484121
min/max/avg degree		0, 390, 22.627325
degree assortativity		0.186473
number of connected components	1
size of largest component	4999 (100.00 %)
tot:  7672.675002855133
__glove+Louvain__
PLM(balanced,pc,turbo) detected communities in 0.3884594440460205 [s]
solution properties:
-------------------  ----------
# communities         34
min community size     6
max community size   476
avg. community size  147.029
modularity             0.690624
-------------------  ----------
45 community detected
NMI:0.022528846395520885
ARI:0.02043572632045998
__glove+PLP__
PLP detected communities in 0.0591731071472168 [s]
solution properties:
-------------------  ----------
# communities         46
min community size     1
max community size   477
avg. community size  108.696
modularity             0.690508
-------------------  ----------
45 community detected
NMI:0.009853540848230646
ARI:0.012316543632171717
__fake_pmi__
Network Properties for:		G#30
nodes, edges			4999, 56557
directed?			False
weighted?			True
isolated nodes			1
self-loops			0
density				0.004527
clustering coefficient		0.484121
min/max/avg degree		0, 390, 22.627325
degree assortativity		0.186473
number of connected components	1
size of largest component	4999 (100.00 %)
tot:  0.0
__fake_pmi+Louvain__
1 community detected due to total edge weight equal 0
NMI:1
ARI:1
__fake_pmi+PLP__
1 community detected due to total edge weight equal 0
NMI:1
ARI:1
__iterative_rev_degree_order__
Network Properties for:		G#33
nodes, edges			4999, 56557
directed?			False
weighted?			True
isolated nodes			1
self-loops			0
density				0.004527
clustering coefficient		0.484121
min/max/avg degree		0, 390, 22.627325
degree assortativity		0.186473
number of connected components	1
size of largest component	4999 (100.00 %)
tot:  1544.0182904671274
__iterative_rev_degree_order+Louvain__
PLM(balanced,pc,turbo) detected communities in 0.8326804637908936 [s]
solution properties:
-------------------  ----------
# communities         80
min community size     2
max community size   210
avg. community size   62.4875
modularity             0.866466
-------------------  ----------
45 community detected
NMI:0.6091985207615931
ARI:0.8629978927810518
__iterative_rev_degree_order+PLP__
PLP detected communities in 0.07082796096801758 [s]
solution properties:
-------------------  -----------
# communities        1479
min community size      1
max community size     15
avg. community size     3.38066
modularity              0.734525
-------------------  -----------
45 community detected
NMI:0.5011871570182054
ARI:0.9888307756609752
__pmi__
Network Properties for:		G#48
nodes, edges			4999, 56557
directed?			False
weighted?			True
isolated nodes			1
self-loops			0
density				0.004527
clustering coefficient		0.484121
min/max/avg degree		0, 390, 22.627325
degree assortativity		0.186473
number of connected components	1
size of largest component	4999 (100.00 %)
tot:  109510.88671241463
__pmi+Louvain__
PLM(balanced,pc,turbo) detected communities in 0.4797248840332031 [s]
solution properties:
-------------------  ----------
# communities          38
min community size      7
max community size   1468
avg. community size   131.553
modularity              1.21429
-------------------  ----------
45 community detected
NMI:0.18566067837245293
ARI:0.5091447282201159
__pmi+PLP__
PLP detected communities in 0.1346421241760254 [s]
solution properties:
-------------------  ---------
# communities         53
min community size     1
max community size   793
avg. community size   94.3396
modularity             1.20279
-------------------  ---------
45 community detected
NMI:0.13052727806284548
ARI:0.2590344757041968
__standard__
Network Properties for:		G#57
nodes, edges			4999, 56557
directed?			False
weighted?			True
isolated nodes			1
self-loops			0
density				0.004527
clustering coefficient		0.484121
min/max/avg degree		0, 390, 22.627325
degree assortativity		0.186473
number of connected components	1
size of largest component	4999 (100.00 %)
tot:  12.31619670018919
__standard+Louvain__
PLM(balanced,pc,turbo) detected communities in 0.6813836097717285 [s]
solution properties:
-------------------  -----------
# communities          36
min community size      2
max community size   1448
avg. community size   138.861
modularity              0.911734
-------------------  -----------
45 community detected
NMI:0.4354393508237886
ARI:0.7182246978160196
__standard+PLP__
PLP detected communities in 0.09821319580078125 [s]
solution properties:
-------------------  ----------
# communities        762
min community size     1
max community size   207
avg. community size    6.56168
modularity             0.828223
-------------------  ----------
45 community detected
NMI:0.42065443067060715
ARI:0.7370305368637065
__ppmi__
Network Properties for:		G#69
nodes, edges			4999, 56557
directed?			False
weighted?			True
isolated nodes			1
self-loops			0
density				0.004527
clustering coefficient		0.484121
min/max/avg degree		0, 390, 22.627325
degree assortativity		0.186473
number of connected components	1
size of largest component	4999 (100.00 %)
tot:  190543.44768572418
__ppmi+Louvain__
PLM(balanced,pc,turbo) detected communities in 0.31648874282836914 [s]
solution properties:
-------------------  ----------
# communities         40
min community size     7
max community size   465
avg. community size  124.975
modularity             0.777216
-------------------  ----------
45 community detected
NMI:0.01884651448998631
ARI:0.020948003656312664
__ppmi+PLP__
PLP detected communities in 0.08763909339904785 [s]
solution properties:
-------------------  ----------
# communities         49
min community size     1
max community size   897
avg. community size  102.041
modularity             0.770923
-------------------  ----------
45 community detected
NMI:0.030588000800627402
ARI:0.1449385412179558
__glovexmax50alpha0.2__
Network Properties for:		G#78
nodes, edges			4999, 56557
directed?			False
weighted?			True
isolated nodes			1
self-loops			0
density				0.004527
clustering coefficient		0.484121
min/max/avg degree		0, 390, 22.627325
degree assortativity		0.186473
number of connected components	1
size of largest component	4999 (100.00 %)
tot:  30603.289608275132
__glovexmax50alpha0.2+Louvain__
PLM(balanced,pc,turbo) detected communities in 0.32779979705810547 [s]
solution properties:
-------------------  ----------
# communities         29
min community size     7
max community size   473
avg. community size  172.379
modularity             0.744378
-------------------  ----------
45 community detected
NMI:0.0184771110018932
ARI:0.013652524365642127
__glovexmax50alpha0.2+PLP__
PLP detected communities in 0.08893871307373047 [s]
solution properties:
-------------------  ----------
# communities         46
min community size     1
max community size   473
avg. community size  108.696
modularity             0.744299
-------------------  ----------
45 community detected
NMI:0.0
ARI:0.0
__glovexmax40alpha0.2__
Network Properties for:		G#87
nodes, edges			4999, 56557
directed?			False
weighted?			True
isolated nodes			1
self-loops			0
density				0.004527
clustering coefficient		0.484121
min/max/avg degree		0, 390, 22.627325
degree assortativity		0.186473
number of connected components	1
size of largest component	4999 (100.00 %)
tot:  31913.575881315206
__glovexmax40alpha0.2+Louvain__
PLM(balanced,pc,turbo) detected communities in 0.28714466094970703 [s]
solution properties:
-------------------  ----------
# communities         34
min community size     6
max community size   473
avg. community size  147.029
modularity             0.745012
-------------------  ----------
45 community detected
NMI:0.01213971123928581
ARI:0.008290552701012754
__glovexmax40alpha0.2+PLP__
PLP detected communities in 0.0657339096069336 [s]
solution properties:
-------------------  ----------
# communities         46
min community size     1
max community size   473
avg. community size  108.696
modularity             0.744891
-------------------  ----------
45 community detected
NMI:0.0
ARI:0.0
__glovexmax30alpha0.3__
Network Properties for:		G#96
nodes, edges			4999, 56557
directed?			False
weighted?			True
isolated nodes			1
self-loops			0
density				0.004527
clustering coefficient		0.484121
min/max/avg degree		0, 390, 22.627325
degree assortativity		0.186473
number of connected components	1
size of largest component	4999 (100.00 %)
tot:  28319.426315684
__glovexmax30alpha0.3+Louvain__
PLM(balanced,pc,turbo) detected communities in 0.2926347255706787 [s]
solution properties:
-------------------  ----------
# communities         31
min community size     6
max community size   474
avg. community size  161.258
modularity             0.742238
-------------------  ----------
45 community detected
NMI:0.01847858249617962
ARI:0.013575912156126302
__glovexmax30alpha0.3+PLP__
PLP detected communities in 0.043361663818359375 [s]
solution properties:
-------------------  ---------
# communities         46
min community size     1
max community size   474
avg. community size  108.696
modularity             0.74217
-------------------  ---------
45 community detected
NMI:0.000453123973539471
ARI:0.000683953690666983
NMI classement:
[('NMIglovexmax50alpha0.2+PLP', 0.0), ('NMIglovexmax40alpha0.2+PLP', 0.0), ('NMIglovexmax30alpha0.3+PLP', 0.000453123973539471), ('NMIglove+PLP', 0.009853540848230646), ('NMIglovexmax40alpha0.2+Louvain', 0.01213971123928581), ('NMIPLP', 0.013935931303255211), ('NMIglovexmax50alpha0.2+Louvain', 0.0184771110018932), ('NMIglovexmax30alpha0.3+Louvain', 0.01847858249617962), ('NMIppmi+Louvain', 0.01884651448998631), ('NMIglove+Louvain', 0.022528846395520885), ('NMIppmi+PLP', 0.030588000800627402), ('NMILouvain', 0.039018529508997535), ('NMIpmi+PLP', 0.13052727806284548), ('NMIpmi+Louvain', 0.18566067837245293), ('NMIstandard+PLP', 0.42065443067060715), ('NMIstandard+Louvain', 0.4354393508237886), ('NMISingleton', 0.4611423197435752), ('NMIiterative_rev_degree_order+PLP', 0.5011871570182054), ('NMIiterative_rev_degree_order+Louvain', 0.6091985207615931), ('NMIAllInOne', 1.0), ('NMIfake_pmi+Louvain', 1), ('NMIfake_pmi+PLP', 1)]
ARI classement:
[('ARIglovexmax50alpha0.2+PLP', 0.0), ('ARIglovexmax40alpha0.2+PLP', 0.0), ('ARIglovexmax30alpha0.3+PLP', 0.000683953690666983), ('ARIglovexmax40alpha0.2+Louvain', 0.008290552701012754), ('ARIglove+PLP', 0.012316543632171717), ('ARIglovexmax30alpha0.3+Louvain', 0.013575912156126302), ('ARIglovexmax50alpha0.2+Louvain', 0.013652524365642127), ('ARIPLP', 0.01786121605515467), ('ARIglove+Louvain', 0.02043572632045998), ('ARIppmi+Louvain', 0.020948003656312664), ('ARILouvain', 0.03897327419942587), ('ARIppmi+PLP', 0.1449385412179558), ('ARIpmi+PLP', 0.2590344757041968), ('ARIpmi+Louvain', 0.5091447282201159), ('ARIstandard+Louvain', 0.7182246978160196), ('ARIstandard+PLP', 0.7370305368637065), ('ARIiterative_rev_degree_order+Louvain', 0.8629978927810518), ('ARIiterative_rev_degree_order+PLP', 0.9888307756609752), ('ARISingleton', 1.0), ('ARIAllInOne', 1.0), ('ARIfake_pmi+Louvain', 1), ('ARIfake_pmi+PLP', 1)]
