__LOADINGS__
Network Properties for:		network
nodes, edges			5000, 58378
directed?			False
weighted?			True
isolated nodes			1
self-loops			0
density				0.004671
clustering coefficient		0.376063
min/max/avg degree		0, 389, 23.351200
degree assortativity		0.228405
number of connected components	2
size of largest component	4999 (99.98 %)
555574.3370471065
__Groundtruth__
read communities from: ../../lfr_5000/mk500/k25/muw0.3/0/community.dat
-------------------  ----------
# communities         43
min community size     6
max community size   475
avg. community size  116.279
modularity             0.531992
-------------------  ----------
43 community detected
__CLASSIC_METHODS__
__Louvain__
PLM(balanced,pc,turbo) detected communities in 0.315704345703125 [s]
solution properties:
-------------------  ---------
# communities         21
min community size     1
max community size   482
avg. community size  238.095
modularity             0.53535
-------------------  ---------
43 community detected
NMI:0.07972157562373272
ARM:0.09003228683185827
__Singleton__
43 community detected
NMI:0.45827861570127015
ARM:1.0
__AllInOne__
43 community detected
NMI:1.0
ARM:1.0
__PLP__
PLP detected communities in 0.0856943130493164 [s]
solution properties:
-------------------  ----------
# communities         44
min community size     1
max community size   484
avg. community size  113.636
modularity             0.535156
-------------------  ----------
43 community detected
NMI:0.036654536193623466
ARM:0.04799857627441084
__NORMALIZATION__
__glove__
Network Properties for:		G#21cc
nodes, edges			4999, 58378
directed?			False
weighted?			True
isolated nodes			0
self-loops			0
density				0.004673
clustering coefficient		0.376138
min/max/avg degree		5, 389, 23.355871
degree assortativity		0.228405
number of connected components	1
size of largest component	4999 (100.00 %)
tot:  8202.581710222914
__glove+Louvain__
PLM(balanced,pc,turbo) detected communities in 0.35503125190734863 [s]
solution properties:
-------------------  ----------
# communities         24
min community size    65
max community size   480
avg. community size  208.292
modularity             0.571818
-------------------  ----------
43 community detected
NMI:0.05251930215765921
ARM:0.052364391155765855
__glove+PLP__
PLP detected communities in 0.08676624298095703 [s]
solution properties:
-------------------  ----------
# communities         43
min community size     6
max community size   480
avg. community size  116.256
modularity             0.571557
-------------------  ----------
43 community detected
NMI:0.02600089768322189
ARM:0.034111592341008246
__fake_pmi__
Network Properties for:		G#43cc
nodes, edges			4999, 58378
directed?			False
weighted?			True
isolated nodes			0
self-loops			0
density				0.004673
clustering coefficient		0.376138
min/max/avg degree		5, 389, 23.355871
degree assortativity		0.228405
number of connected components	1
size of largest component	4999 (100.00 %)
tot:  0.0
__fake_pmi+Louvain__
1 community detected due to total edge weight equal 0
NMI:1
ARM:0.034111592341008246
__fake_pmi+PLP__
1 community detected due to total edge weight equal 0
NMI:1
ARM:0.034111592341008246
__iterative_rev_degree_order__
Network Properties for:		G#56cc
nodes, edges			4999, 58378
directed?			False
weighted?			True
isolated nodes			0
self-loops			0
density				0.004673
clustering coefficient		0.376138
min/max/avg degree		5, 389, 23.355871
degree assortativity		0.228405
number of connected components	1
size of largest component	4999 (100.00 %)
tot:  1276.5122845042238
__iterative_rev_degree_order+Louvain__
PLM(balanced,pc,turbo) detected communities in 0.6452243328094482 [s]
solution properties:
-------------------  ----------
# communities         62
min community size    18
max community size   144
avg. community size   80.629
modularity             0.861113
-------------------  ----------
43 community detected
NMI:0.710006878084511
ARM:0.9360125679149055
__iterative_rev_degree_order+PLP__
PLP detected communities in 0.059726715087890625 [s]
solution properties:
-------------------  -----------
# communities        1514
min community size      2
max community size     14
avg. community size     3.30185
modularity              0.735172
-------------------  -----------
43 community detected
NMI:0.5225424439806767
ARM:0.9917915249298168
__pmi__
Network Properties for:		G#81cc
nodes, edges			4999, 58378
directed?			False
weighted?			True
isolated nodes			0
self-loops			0
density				0.004673
clustering coefficient		0.376138
min/max/avg degree		5, 389, 23.355871
degree assortativity		0.228405
number of connected components	1
size of largest component	4999 (100.00 %)
tot:  53375.46009766301
__pmi+Louvain__
PLM(balanced,pc,turbo) detected communities in 0.4971175193786621 [s]
solution properties:
-------------------  ---------
# communities         34
min community size     8
max community size   765
avg. community size  147.029
modularity             2.03651
-------------------  ---------
43 community detected
NMI:0.37282021351444017
ARM:0.6206167155016046
__pmi+PLP__
PLP detected communities in 0.14574694633483887 [s]
solution properties:
-------------------  ---------
# communities         92
min community size     1
max community size   721
avg. community size   54.337
modularity             2.02585
-------------------  ---------
43 community detected
NMI:0.2828773592180107
ARM:0.4684643393483333
__standard__
Network Properties for:		G#103cc
nodes, edges			4999, 58378
directed?			False
weighted?			True
isolated nodes			0
self-loops			0
density				0.004673
clustering coefficient		0.376138
min/max/avg degree		5, 389, 23.355871
degree assortativity		0.228405
number of connected components	1
size of largest component	4999 (100.00 %)
tot:  12.309423566682357
__standard+Louvain__
PLM(balanced,pc,turbo) detected communities in 0.5119454860687256 [s]
solution properties:
-------------------  ----------
# communities         78
min community size     2
max community size   517
avg. community size   64.0897
modularity             0.875438
-------------------  ----------
43 community detected
NMI:0.5648051735232297
ARM:0.7920499790397926
__standard+PLP__
PLP detected communities in 0.1636061668395996 [s]
solution properties:
-------------------  ----------
# communities        959
min community size     1
max community size   281
avg. community size    5.21272
modularity             0.745418
-------------------  ----------
43 community detected
NMI:0.5149396921595791
ARM:0.8993770444951665
__ppmi__
Network Properties for:		G#125cc
nodes, edges			4999, 58378
directed?			False
weighted?			True
isolated nodes			0
self-loops			0
density				0.004673
clustering coefficient		0.376138
min/max/avg degree		5, 389, 23.355871
degree assortativity		0.228405
number of connected components	1
size of largest component	4999 (100.00 %)
tot:  190026.44353729597
__ppmi+Louvain__
PLM(balanced,pc,turbo) detected communities in 0.35365891456604004 [s]
solution properties:
-------------------  ----------
# communities         31
min community size    27
max community size   499
avg. community size  161.258
modularity             0.674414
-------------------  ----------
43 community detected
NMI:0.06694591599591782
ARM:0.08706327042008721
__ppmi+PLP__
PLP detected communities in 0.10374903678894043 [s]
solution properties:
-------------------  ----------
# communities         51
min community size     1
max community size   825
avg. community size   98.0196
modularity             0.669992
-------------------  ----------
43 community detected
NMI:0.06304439646344395
ARM:0.1722885089329973
__glovexmax50alpha0.2__
Network Properties for:		G#144cc
nodes, edges			4999, 58378
directed?			False
weighted?			True
isolated nodes			0
self-loops			0
density				0.004673
clustering coefficient		0.376138
min/max/avg degree		5, 389, 23.355871
degree assortativity		0.228405
number of connected components	1
size of largest component	4999 (100.00 %)
tot:  30951.97765866351
__glovexmax50alpha0.2+Louvain__
PLM(balanced,pc,turbo) detected communities in 0.345137357711792 [s]
solution properties:
-------------------  ----------
# communities         22
min community size    86
max community size   473
avg. community size  227.227
modularity             0.635232
-------------------  ----------
43 community detected
NMI:0.03613969480351187
ARM:0.031003816722131372
__glovexmax50alpha0.2+PLP__
PLP detected communities in 0.07513713836669922 [s]
solution properties:
-------------------  ----------
# communities         44
min community size     6
max community size   474
avg. community size  113.614
modularity             0.633914
-------------------  ----------
43 community detected
NMI:0.0024169703376476503
ARM:0.002549969687293152
__glovexmax40alpha0.2__
Network Properties for:		G#163cc
nodes, edges			4999, 58378
directed?			False
weighted?			True
isolated nodes			0
self-loops			0
density				0.004673
clustering coefficient		0.376138
min/max/avg degree		5, 389, 23.355871
degree assortativity		0.228405
number of connected components	1
size of largest component	4999 (100.00 %)
tot:  32273.413364646487
__glovexmax40alpha0.2+Louvain__
PLM(balanced,pc,turbo) detected communities in 0.28913211822509766 [s]
solution properties:
-------------------  ----------
# communities         29
min community size    25
max community size   473
avg. community size  172.379
modularity             0.636332
-------------------  ----------
43 community detected
NMI:0.017114688229288966
ARM:0.011936198459672531
__glovexmax40alpha0.2+PLP__
PLP detected communities in 0.07967448234558105 [s]
solution properties:
-------------------  ---------
# communities         43
min community size     6
max community size   474
avg. community size  116.256
modularity             0.63612
-------------------  ---------
43 community detected
NMI:0.001348818210775815
ARM:0.0020878661668535248
__glovexmax30alpha0.3__
Network Properties for:		G#182cc
nodes, edges			4999, 58378
directed?			False
weighted?			True
isolated nodes			0
self-loops			0
density				0.004673
clustering coefficient		0.376138
min/max/avg degree		5, 389, 23.355871
degree assortativity		0.228405
number of connected components	1
size of largest component	4999 (100.00 %)
tot:  29081.873089253622
__glovexmax30alpha0.3+Louvain__
PLM(balanced,pc,turbo) detected communities in 0.3012576103210449 [s]
solution properties:
-------------------  ----------
# communities         20
min community size    98
max community size   473
avg. community size  249.95
modularity             0.630389
-------------------  ----------
43 community detected
NMI:0.04755053344960147
ARM:0.04764144713900542
__glovexmax30alpha0.3+PLP__
PLP detected communities in 0.07201862335205078 [s]
solution properties:
-------------------  ----------
# communities         44
min community size     6
max community size   474
avg. community size  113.614
modularity             0.629482
-------------------  ----------
43 community detected
NMI:0.005838654372236962
ARM:0.006693506519554027
