__LOADINGS__
Network Properties for:		network
nodes, edges			5000, 42794
directed?			False
weighted?			True
isolated nodes			1
self-loops			0
density				0.003424
clustering coefficient		0.226209
min/max/avg degree		0, 228, 17.117600
degree assortativity		0.268823
number of connected components	2
size of largest component	4999 (99.98 %)
327124.8009669236
__Groundtruth__
read communities from: ../../lfr_5000/mk300/k20/muw0.4/0/community.dat
-------------------  ----------
# communities         40
min community size    89
max community size   179
avg. community size  125
modularity             0.503463
-------------------  ----------
40 community detected
5 features on 42794 samples
Trainning set:34235 samples
Testing set:8559 samples
             precision    recall  f1-score   support

          0       0.73      0.52      0.61      3429
          1       0.73      0.87      0.80      5130

avg / total       0.73      0.73      0.72      8559

Confusion matrix:
[[1779 1650]
 [ 656 4474]]
Importance of features:
[0.18700787 0.22637795 0.20226377 0.1687992  0.21555118]
