__LOADINGS__
4990/62113 8.03374494872249 % of nul weighted edges removed
0/5000 0.0 % of nul degree nodes removed
Network Properties for:		network
nodes, edges			5000, 57123
directed?			False
weighted?			True
isolated nodes			0
self-loops			0
density				0.004571
clustering coefficient		0.243022
min/max/avg degree		1, 224, 22.849200
degree assortativity		0.277078
number of connected components	1
size of largest component	5000 (100.00 %)
449149.96764233906
__Groundtruth__
read communities from: ../../lfr_5000/mk300/k25/muw0.4/4/community.dat
-------------------  ----------
# communities         40
min community size    89
max community size   180
avg. community size  125
modularity             0.539834
-------------------  ----------
40 community detected
__CLASSIC_METHODS__
__Louvain__
PLM(balanced,pc,turbo) detected communities in 0.3597571849822998 [s]
solution properties:
-------------------  ----------
# communities         37
min community size    91
max community size   199
avg. community size  135.135
modularity             0.540757
-------------------  ----------
40 community detected
NMI:0.047221121267104316
ARI:0.08537683096478543
__Singleton__
40 community detected
NMI:0.3983004112753803
ARI:1.0
__AllInOne__
40 community detected
NMI:1.0
ARI:1.0
__PLP__
PLP detected communities in 0.14020299911499023 [s]
solution properties:
-------------------  ---------
# communities         40
min community size    88
max community size   181
avg. community size  125
modularity             0.54068
-------------------  ---------
40 community detected
NMI:0.036831319724970446
ARI:0.047370453560310555
__NORMALIZATION__
__glove__
Network Properties for:		G#21
nodes, edges			5000, 57123
directed?			False
weighted?			True
isolated nodes			0
self-loops			0
density				0.004571
clustering coefficient		0.243022
min/max/avg degree		1, 224, 22.849200
degree assortativity		0.277078
number of connected components	1
size of largest component	5000 (100.00 %)
tot:  7515.647068245747
__glove+Louvain__
PLM(balanced,pc,turbo) detected communities in 0.46941637992858887 [s]
solution properties:
-------------------  ----------
# communities         27
min community size   136
max community size   281
avg. community size  185.185
modularity             0.553125
-------------------  ----------
40 community detected
NMI:0.07442407935950268
ARI:0.21725167145751612
__glove+PLP__
PLP detected communities in 0.1118929386138916 [s]
solution properties:
-------------------  ----------
# communities         40
min community size    88
max community size   180
avg. community size  125
modularity             0.555672
-------------------  ----------
40 community detected
NMI:0.01881618386831363
ARI:0.025172274528611482
__fake_pmi__
Network Properties for:		G#30
nodes, edges			5000, 57123
directed?			False
weighted?			True
isolated nodes			0
self-loops			0
density				0.004571
clustering coefficient		0.243022
min/max/avg degree		1, 224, 22.849200
degree assortativity		0.277078
number of connected components	1
size of largest component	5000 (100.00 %)
tot:  0.0
__fake_pmi+Louvain__
1 community detected due to total edge weight equal 0
NMI:1
ARI:1
__fake_pmi+PLP__
1 community detected due to total edge weight equal 0
NMI:1
ARI:1
__iterative_rev_degree_order__
Network Properties for:		G#33
nodes, edges			5000, 57123
directed?			False
weighted?			True
isolated nodes			0
self-loops			0
density				0.004571
clustering coefficient		0.243022
min/max/avg degree		1, 224, 22.849200
degree assortativity		0.277078
number of connected components	1
size of largest component	5000 (100.00 %)
tot:  1316.2058389086055
__iterative_rev_degree_order+Louvain__
PLM(balanced,pc,turbo) detected communities in 0.9157271385192871 [s]
solution properties:
-------------------  ----------
# communities         65
min community size     2
max community size   179
avg. community size   76.9231
modularity             0.800043
-------------------  ----------
40 community detected
NMI:0.7931623150472553
ARI:0.9592043257612373
__iterative_rev_degree_order+PLP__
PLP detected communities in 0.1014091968536377 [s]
solution properties:
-------------------  -----------
# communities        1509
min community size      2
max community size     12
avg. community size     3.31345
modularity              0.686257
-------------------  -----------
40 community detected
NMI:0.4755663661577354
ARI:0.9877566867210613
__pmi__
Network Properties for:		G#48
nodes, edges			5000, 57123
directed?			False
weighted?			True
isolated nodes			0
self-loops			0
density				0.004571
clustering coefficient		0.243022
min/max/avg degree		1, 224, 22.849200
degree assortativity		0.277078
number of connected components	1
size of largest component	5000 (100.00 %)
tot:  184487.74458732668
__pmi+Louvain__
PLM(balanced,pc,turbo) detected communities in 0.49232935905456543 [s]
solution properties:
-------------------  ----------
# communities         36
min community size    94
max community size   370
avg. community size  138.889
modularity             0.670341
-------------------  ----------
40 community detected
NMI:0.14949054554355545
ARI:0.2782804337265886
__pmi+PLP__
PLP detected communities in 0.19245004653930664 [s]
solution properties:
-------------------  ----------
# communities         49
min community size     2
max community size   394
avg. community size  102.041
modularity             0.670115
-------------------  ----------
40 community detected
NMI:0.14057045672718604
ARI:0.2501282823219545
__standard__
Network Properties for:		G#57
nodes, edges			5000, 57123
directed?			False
weighted?			True
isolated nodes			0
self-loops			0
density				0.004571
clustering coefficient		0.243022
min/max/avg degree		1, 224, 22.849200
degree assortativity		0.277078
number of connected components	1
size of largest component	5000 (100.00 %)
tot:  10.358519649279494
__standard+Louvain__
PLM(balanced,pc,turbo) detected communities in 0.8007597923278809 [s]
solution properties:
-------------------  ----------
# communities         42
min community size    10
max community size   284
avg. community size  119.048
modularity             0.697953
-------------------  ----------
40 community detected
NMI:0.5854952749164519
ARI:0.7508892964224376
__standard+PLP__
PLP detected communities in 0.5596504211425781 [s]
solution properties:
-------------------  -----------
# communities         643
min community size      1
max community size   3112
avg. community size     7.77605
modularity              0.517527
-------------------  -----------
40 community detected
NMI:0.6797656053264931
ARI:0.9981585763017837
__ppmi__
Network Properties for:		G#72
nodes, edges			5000, 57123
directed?			False
weighted?			True
isolated nodes			0
self-loops			0
density				0.004571
clustering coefficient		0.243022
min/max/avg degree		1, 224, 22.849200
degree assortativity		0.277078
number of connected components	1
size of largest component	5000 (100.00 %)
tot:  239599.99295715382
__ppmi+Louvain__
PLM(balanced,pc,turbo) detected communities in 0.42164015769958496 [s]
solution properties:
-------------------  ----------
# communities         39
min community size    90
max community size   196
avg. community size  128.205
modularity             0.597995
-------------------  ----------
40 community detected
NMI:0.016606829658525446
ARI:0.03233972375544203
__ppmi+PLP__
PLP detected communities in 0.12276172637939453 [s]
solution properties:
-------------------  ----------
# communities         41
min community size     2
max community size   178
avg. community size  121.951
modularity             0.598539
-------------------  ----------
40 community detected
NMI:0.008713941771256728
ARI:0.01219367598305876
__glovexmax50alpha0.2__
Network Properties for:		G#81
nodes, edges			5000, 57123
directed?			False
weighted?			True
isolated nodes			0
self-loops			0
density				0.004571
clustering coefficient		0.243022
min/max/avg degree		1, 224, 22.849200
degree assortativity		0.277078
number of connected components	1
size of largest component	5000 (100.00 %)
tot:  33049.713111317345
__glovexmax50alpha0.2+Louvain__
PLM(balanced,pc,turbo) detected communities in 0.2857797145843506 [s]
solution properties:
-------------------  ----------
# communities         40
min community size    89
max community size   179
avg. community size  125
modularity             0.583824
-------------------  ----------
40 community detected
NMI:0.0009797950030926428
ARI:0.001417978322932667
__glovexmax50alpha0.2+PLP__
PLP detected communities in 0.09642791748046875 [s]
solution properties:
-------------------  ----------
# communities         40
min community size    89
max community size   179
avg. community size  125
modularity             0.583824
-------------------  ----------
40 community detected
NMI:0.0009797950030926428
ARI:0.001417978322932667
__glovexmax40alpha0.2__
Network Properties for:		G#87
nodes, edges			5000, 57123
directed?			False
weighted?			True
isolated nodes			0
self-loops			0
density				0.004571
clustering coefficient		0.243022
min/max/avg degree		1, 224, 22.849200
degree assortativity		0.277078
number of connected components	1
size of largest component	5000 (100.00 %)
tot:  34530.771199846175
__glovexmax40alpha0.2+Louvain__
PLM(balanced,pc,turbo) detected communities in 0.2375631332397461 [s]
solution properties:
-------------------  ----------
# communities         40
min community size    89
max community size   179
avg. community size  125
modularity             0.583887
-------------------  ----------
40 community detected
NMI:0.0009797950030926428
ARI:0.001417978322932667
__glovexmax40alpha0.2+PLP__
PLP detected communities in 0.09768390655517578 [s]
solution properties:
-------------------  ----------
# communities         41
min community size    64
max community size   179
avg. community size  121.951
modularity             0.576827
-------------------  ----------
40 community detected
NMI:0.004428433924897446
ARI:0.011230873836188149
__glovexmax30alpha0.3__
Network Properties for:		G#93
nodes, edges			5000, 57123
directed?			False
weighted?			True
isolated nodes			0
self-loops			0
density				0.004571
clustering coefficient		0.243022
min/max/avg degree		1, 224, 22.849200
degree assortativity		0.277078
number of connected components	1
size of largest component	5000 (100.00 %)
tot:  31168.17962803801
__glovexmax30alpha0.3+Louvain__
PLM(balanced,pc,turbo) detected communities in 0.14932751655578613 [s]
solution properties:
-------------------  ----------
# communities         40
min community size    89
max community size   179
avg. community size  125
modularity             0.581229
-------------------  ----------
40 community detected
NMI:0.0019465508945412102
ARI:0.002720759728334632
__glovexmax30alpha0.3+PLP__
PLP detected communities in 0.05790424346923828 [s]
solution properties:
-------------------  ----------
# communities         40
min community size    89
max community size   179
avg. community size  125
modularity             0.581229
-------------------  ----------
40 community detected
NMI:0.0019655380217814544
ARI:0.0028610315502938244
NMI classement:
[('NMIglovexmax50alpha0.2+Louvain', 0.0009797950030926428), ('NMIglovexmax50alpha0.2+PLP', 0.0009797950030926428), ('NMIglovexmax40alpha0.2+Louvain', 0.0009797950030926428), ('NMIglovexmax30alpha0.3+Louvain', 0.0019465508945412102), ('NMIglovexmax30alpha0.3+PLP', 0.0019655380217814544), ('NMIglovexmax40alpha0.2+PLP', 0.004428433924897446), ('NMIppmi+PLP', 0.008713941771256728), ('NMIppmi+Louvain', 0.016606829658525446), ('NMIglove+PLP', 0.01881618386831363), ('NMIPLP', 0.036831319724970446), ('NMILouvain', 0.047221121267104316), ('NMIglove+Louvain', 0.07442407935950268), ('NMIpmi+PLP', 0.14057045672718604), ('NMIpmi+Louvain', 0.14949054554355545), ('NMISingleton', 0.3983004112753803), ('NMIiterative_rev_degree_order+PLP', 0.4755663661577354), ('NMIstandard+Louvain', 0.5854952749164519), ('NMIstandard+PLP', 0.6797656053264931), ('NMIiterative_rev_degree_order+Louvain', 0.7931623150472553), ('NMIAllInOne', 1.0), ('NMIfake_pmi+Louvain', 1), ('NMIfake_pmi+PLP', 1)]
ARI classement:
[('ARIglovexmax50alpha0.2+Louvain', 0.001417978322932667), ('ARIglovexmax50alpha0.2+PLP', 0.001417978322932667), ('ARIglovexmax40alpha0.2+Louvain', 0.001417978322932667), ('ARIglovexmax30alpha0.3+Louvain', 0.002720759728334632), ('ARIglovexmax30alpha0.3+PLP', 0.0028610315502938244), ('ARIglovexmax40alpha0.2+PLP', 0.011230873836188149), ('ARIppmi+PLP', 0.01219367598305876), ('ARIglove+PLP', 0.025172274528611482), ('ARIppmi+Louvain', 0.03233972375544203), ('ARIPLP', 0.047370453560310555), ('ARILouvain', 0.08537683096478543), ('ARIglove+Louvain', 0.21725167145751612), ('ARIpmi+PLP', 0.2501282823219545), ('ARIpmi+Louvain', 0.2782804337265886), ('ARIstandard+Louvain', 0.7508892964224376), ('ARIiterative_rev_degree_order+Louvain', 0.9592043257612373), ('ARIiterative_rev_degree_order+PLP', 0.9877566867210613), ('ARIstandard+PLP', 0.9981585763017837), ('ARISingleton', 1.0), ('ARIAllInOne', 1.0), ('ARIfake_pmi+Louvain', 1), ('ARIfake_pmi+PLP', 1)]
