__LOADINGS__
4994/32598 15.319958279649057 % of nul weighted edges removed
0/5000 0.0 % of nul degree nodes removed
Network Properties for:		network
nodes, edges			5000, 27604
directed?			False
weighted?			True
isolated nodes			0
self-loops			0
density				0.002209
clustering coefficient		0.290535
min/max/avg degree		1, 341, 11.041600
degree assortativity		0.233045
number of connected components	6
size of largest component	4984 (99.68 %)
236508.52028918432
__Groundtruth__
read communities from: ../../lfr_5000/mk500/k15/muw0.3/10/community.dat
-------------------  ----------
# communities         51
min community size     3
max community size   469
avg. community size   98.0392
modularity             0.475463
-------------------  ----------
51 community detected
__CLASSIC_METHODS__
__Louvain__
PLM(balanced,pc,turbo) detected communities in 0.5492219924926758 [s]
solution properties:
-------------------  ----------
# communities         26
min community size     3
max community size   503
avg. community size  192.308
modularity             0.491254
-------------------  ----------
51 community detected
NMI:0.2726184501792718
ARI:0.33226502369565747
__Singleton__
51 community detected
NMI:0.45964250499882586
ARI:1.0
__AllInOne__
51 community detected
NMI:1.0
ARI:1.0
__PLP__
PLP detected communities in 0.13938021659851074 [s]
solution properties:
-------------------  ----------
# communities         80
min community size     1
max community size   527
avg. community size   62.5
modularity             0.486429
-------------------  ----------
51 community detected
NMI:0.22833431621798772
ARI:0.2856496470288483
__NORMALIZATION__
__glove__
Network Properties for:		G#24
nodes, edges			5000, 27604
directed?			False
weighted?			True
isolated nodes			0
self-loops			0
density				0.002209
clustering coefficient		0.290535
min/max/avg degree		1, 341, 11.041600
degree assortativity		0.233045
number of connected components	6
size of largest component	4984 (99.68 %)
tot:  3321.9926055680244
__glove+Louvain__
PLM(balanced,pc,turbo) detected communities in 0.31922340393066406 [s]
solution properties:
-------------------  ----------
# communities         29
min community size     3
max community size   488
avg. community size  172.414
modularity             0.550682
-------------------  ----------
51 community detected
NMI:0.2206285516550308
ARI:0.2638854897896641
__glove+PLP__
PLP detected communities in 0.11328482627868652 [s]
solution properties:
-------------------  ----------
# communities         82
min community size     1
max community size   520
avg. community size   60.9756
modularity             0.542431
-------------------  ----------
51 community detected
NMI:0.21103936692283198
ARI:0.2615988563725381
__fake_pmi__
Network Properties for:		G#33
nodes, edges			5000, 27604
directed?			False
weighted?			True
isolated nodes			0
self-loops			0
density				0.002209
clustering coefficient		0.290535
min/max/avg degree		1, 341, 11.041600
degree assortativity		0.233045
number of connected components	6
size of largest component	4984 (99.68 %)
tot:  0.0
__fake_pmi+Louvain__
1 community detected due to total edge weight equal 0
NMI:1
ARI:1
__fake_pmi+PLP__
1 community detected due to total edge weight equal 0
NMI:1
ARI:1
__iterative_rev_degree_order__
Network Properties for:		G#36
nodes, edges			5000, 27604
directed?			False
weighted?			True
isolated nodes			0
self-loops			0
density				0.002209
clustering coefficient		0.290535
min/max/avg degree		1, 341, 11.041600
degree assortativity		0.233045
number of connected components	6
size of largest component	4984 (99.68 %)
tot:  1676.0011883796071
__iterative_rev_degree_order+Louvain__
PLM(balanced,pc,turbo) detected communities in 0.7807388305664062 [s]
solution properties:
-------------------  ----------
# communities        104
min community size     2
max community size   139
avg. community size   48.0769
modularity             0.933236
-------------------  ----------
51 community detected
NMI:0.6573898943280161
ARI:0.9280945680109715
__iterative_rev_degree_order+PLP__
PLP detected communities in 0.07576560974121094 [s]
solution properties:
-------------------  -----------
# communities        1455
min community size      2
max community size     22
avg. community size     3.43643
modularity              0.849217
-------------------  -----------
51 community detected
NMI:0.4999174649346787
ARI:0.9864071697572993
__pmi__
Network Properties for:		G#51
nodes, edges			5000, 27604
directed?			False
weighted?			True
isolated nodes			0
self-loops			0
density				0.002209
clustering coefficient		0.290535
min/max/avg degree		1, 341, 11.041600
degree assortativity		0.233045
number of connected components	6
size of largest component	4984 (99.68 %)
tot:  36822.06094552276
__pmi+Louvain__
PLM(balanced,pc,turbo) detected communities in 0.7027134895324707 [s]
solution properties:
-------------------  ---------
# communities         38
min community size     3
max community size   423
avg. community size  131.579
modularity             1.66192
-------------------  ---------
51 community detected
NMI:0.5338778819241261
ARI:0.7587672167261988
__pmi+PLP__
PLP detected communities in 0.21138525009155273 [s]
solution properties:
-------------------  ---------
# communities        908
min community size     1
max community size   216
avg. community size    5.50661
modularity             1.27246
-------------------  ---------
51 community detected
NMI:0.46022521372646175
ARI:0.8664043333576235
__standard__
Network Properties for:		G#63
nodes, edges			5000, 27604
directed?			False
weighted?			True
isolated nodes			0
self-loops			0
density				0.002209
clustering coefficient		0.290535
min/max/avg degree		1, 341, 11.041600
degree assortativity		0.233045
number of connected components	6
size of largest component	4984 (99.68 %)
tot:  43.16202045971353
__standard+Louvain__
PLM(balanced,pc,turbo) detected communities in 0.6010611057281494 [s]
solution properties:
-------------------  ----------
# communities        122
min community size     2
max community size   937
avg. community size   40.9836
modularity             0.951637
-------------------  ----------
51 community detected
NMI:0.5618616727787817
ARI:0.8286535508322032
__standard+PLP__
PLP detected communities in 0.0844724178314209 [s]
solution properties:
-------------------  -----------
# communities        1200
min community size      2
max community size     75
avg. community size     4.16667
modularity              0.847435
-------------------  -----------
51 community detected
NMI:0.48207562400395465
ARI:0.9667928165996685
__ppmi__
Network Properties for:		G#75
nodes, edges			5000, 27604
directed?			False
weighted?			True
isolated nodes			0
self-loops			0
density				0.002209
clustering coefficient		0.290535
min/max/avg degree		1, 341, 11.041600
degree assortativity		0.233045
number of connected components	6
size of largest component	4984 (99.68 %)
tot:  96891.39179736929
__ppmi+Louvain__
PLM(balanced,pc,turbo) detected communities in 0.6556835174560547 [s]
solution properties:
-------------------  ----------
# communities         39
min community size     3
max community size   395
avg. community size  128.205
modularity             0.681408
-------------------  ----------
51 community detected
NMI:0.39851598490859685
ARI:0.5330486325933708
__ppmi+PLP__
PLP detected communities in 0.18626713752746582 [s]
solution properties:
-------------------  ----------
# communities        829
min community size     2
max community size   215
avg. community size    6.03136
modularity             0.523727
-------------------  ----------
51 community detected
NMI:0.44981452475412176
ARI:0.821311237741394
__glovexmax50alpha0.2__
Network Properties for:		G#87
nodes, edges			5000, 27604
directed?			False
weighted?			True
isolated nodes			0
self-loops			0
density				0.002209
clustering coefficient		0.290535
min/max/avg degree		1, 341, 11.041600
degree assortativity		0.233045
number of connected components	6
size of largest component	4984 (99.68 %)
tot:  13500.505044549538
__glovexmax50alpha0.2+Louvain__
PLM(balanced,pc,turbo) detected communities in 0.5199179649353027 [s]
solution properties:
-------------------  ----------
# communities         34
min community size     3
max community size   442
avg. community size  147.059
modularity             0.629953
-------------------  ----------
51 community detected
NMI:0.1249072985513231
ARI:0.14716235279917322
__glovexmax50alpha0.2+PLP__
PLP detected communities in 0.12379574775695801 [s]
solution properties:
-------------------  ----------
# communities         75
min community size     1
max community size   465
avg. community size   66.6667
modularity             0.625267
-------------------  ----------
51 community detected
NMI:0.13099512997788365
ARI:0.15492350883853512
__glovexmax40alpha0.2__
Network Properties for:		G#99
nodes, edges			5000, 27604
directed?			False
weighted?			True
isolated nodes			0
self-loops			0
density				0.002209
clustering coefficient		0.290535
min/max/avg degree		1, 341, 11.041600
degree assortativity		0.233045
number of connected components	6
size of largest component	4984 (99.68 %)
tot:  14073.621124587069
__glovexmax40alpha0.2+Louvain__
PLM(balanced,pc,turbo) detected communities in 0.5322110652923584 [s]
solution properties:
-------------------  ----------
# communities         34
min community size     3
max community size   445
avg. community size  147.059
modularity             0.630834
-------------------  ----------
51 community detected
NMI:0.12517902623504817
ARI:0.14740967422602125
__glovexmax40alpha0.2+PLP__
PLP detected communities in 0.09267163276672363 [s]
solution properties:
-------------------  ----------
# communities         78
min community size     2
max community size   465
avg. community size   64.1026
modularity             0.624814
-------------------  ----------
51 community detected
NMI:0.13362721390394416
ARI:0.15623624999246577
__glovexmax30alpha0.3__
Network Properties for:		G#111
nodes, edges			5000, 27604
directed?			False
weighted?			True
isolated nodes			0
self-loops			0
density				0.002209
clustering coefficient		0.290535
min/max/avg degree		1, 341, 11.041600
degree assortativity		0.233045
number of connected components	6
size of largest component	4984 (99.68 %)
tot:  12279.759343994889
__glovexmax30alpha0.3+Louvain__
PLM(balanced,pc,turbo) detected communities in 0.19360709190368652 [s]
solution properties:
-------------------  ----------
# communities         28
min community size     3
max community size   457
avg. community size  178.571
modularity             0.625184
-------------------  ----------
51 community detected
NMI:0.1614750491657202
ARI:0.19011580248615345
__glovexmax30alpha0.3+PLP__
PLP detected communities in 0.03708481788635254 [s]
solution properties:
-------------------  ----------
# communities         81
min community size     1
max community size   474
avg. community size   61.7284
modularity             0.609187
-------------------  ----------
51 community detected
NMI:0.15553603308851827
ARI:0.19384959806180302
NMI classement:
[('NMIglovexmax50alpha0.2+Louvain', 0.1249072985513231), ('NMIglovexmax40alpha0.2+Louvain', 0.12517902623504817), ('NMIglovexmax50alpha0.2+PLP', 0.13099512997788365), ('NMIglovexmax40alpha0.2+PLP', 0.13362721390394416), ('NMIglovexmax30alpha0.3+PLP', 0.15553603308851827), ('NMIglovexmax30alpha0.3+Louvain', 0.1614750491657202), ('NMIglove+PLP', 0.21103936692283198), ('NMIglove+Louvain', 0.2206285516550308), ('NMIPLP', 0.22833431621798772), ('NMILouvain', 0.2726184501792718), ('NMIppmi+Louvain', 0.39851598490859685), ('NMIppmi+PLP', 0.44981452475412176), ('NMISingleton', 0.45964250499882586), ('NMIpmi+PLP', 0.46022521372646175), ('NMIstandard+PLP', 0.48207562400395465), ('NMIiterative_rev_degree_order+PLP', 0.4999174649346787), ('NMIpmi+Louvain', 0.5338778819241261), ('NMIstandard+Louvain', 0.5618616727787817), ('NMIiterative_rev_degree_order+Louvain', 0.6573898943280161), ('NMIAllInOne', 1.0), ('NMIfake_pmi+Louvain', 1), ('NMIfake_pmi+PLP', 1)]
ARI classement:
[('ARIglovexmax50alpha0.2+Louvain', 0.14716235279917322), ('ARIglovexmax40alpha0.2+Louvain', 0.14740967422602125), ('ARIglovexmax50alpha0.2+PLP', 0.15492350883853512), ('ARIglovexmax40alpha0.2+PLP', 0.15623624999246577), ('ARIglovexmax30alpha0.3+Louvain', 0.19011580248615345), ('ARIglovexmax30alpha0.3+PLP', 0.19384959806180302), ('ARIglove+PLP', 0.2615988563725381), ('ARIglove+Louvain', 0.2638854897896641), ('ARIPLP', 0.2856496470288483), ('ARILouvain', 0.33226502369565747), ('ARIppmi+Louvain', 0.5330486325933708), ('ARIpmi+Louvain', 0.7587672167261988), ('ARIppmi+PLP', 0.821311237741394), ('ARIstandard+Louvain', 0.8286535508322032), ('ARIpmi+PLP', 0.8664043333576235), ('ARIiterative_rev_degree_order+Louvain', 0.9280945680109715), ('ARIstandard+PLP', 0.9667928165996685), ('ARIiterative_rev_degree_order+PLP', 0.9864071697572993), ('ARISingleton', 1.0), ('ARIAllInOne', 1.0), ('ARIfake_pmi+Louvain', 1), ('ARIfake_pmi+PLP', 1)]
