__LOADINGS__
4976/36020 13.814547473625764 % of nul weighted edges removed
1/5000 0.02 % of nul degree nodes removed
Network Properties for:		network
nodes, edges			4999, 31044
directed?			False
weighted?			True
isolated nodes			1
self-loops			0
density				0.002485
clustering coefficient		0.391669
min/max/avg degree		0, 80, 12.420084
degree assortativity		0.306274
number of connected components	1
size of largest component	4999 (100.00 %)
164321.43546958535
__Groundtruth__
read communities from: ../../lfr_5000/mk100/k15/muw0.2/26/community.dat
-------------------  ----------
# communities        104
min community size    20
max community size    99
avg. community size   48.0769
modularity             0.800845
-------------------  ----------
104 community detected
__CLASSIC_METHODS__
__Louvain__
PLM(balanced,pc,turbo) detected communities in 0.05347919464111328 [s]
solution properties:
-------------------  ---------
# communities         34
min community size    66
max community size   253
avg. community size  147.029
modularity             0.79834
-------------------  ---------
104 community detected
NMI:0.14043698132911264
ARI:0.48514041761391347
__Singleton__
104 community detected
NMI:0.304762170037969
ARI:1.0
__AllInOne__
104 community detected
NMI:1.0
ARI:1.0
__PLP__
PLP detected communities in 0.07679581642150879 [s]
solution properties:
-------------------  ----------
# communities        113
min community size     1
max community size   100
avg. community size   44.2478
modularity             0.795171
-------------------  ----------
104 community detected
NMI:0.010936720684119772
ARI:0.022003246902532747
__NORMALIZATION__
__glove__
Network Properties for:		G#21
nodes, edges			4999, 31044
directed?			False
weighted?			True
isolated nodes			1
self-loops			0
density				0.002485
clustering coefficient		0.391669
min/max/avg degree		0, 80, 12.420084
degree assortativity		0.306274
number of connected components	1
size of largest component	4999 (100.00 %)
tot:  3183.6892404816745
__glove+Louvain__
PLM(balanced,pc,turbo) detected communities in 0.3526191711425781 [s]
solution properties:
-------------------  ----------
# communities         54
min community size    60
max community size   163
avg. community size   92.5741
modularity             0.810495
-------------------  ----------
104 community detected
NMI:0.07221570597188376
ARI:0.2666636964275886
__glove+PLP__
PLP detected communities in 0.0870966911315918 [s]
solution properties:
-------------------  ----------
# communities        108
min community size     1
max community size   100
avg. community size   46.2963
modularity             0.808443
-------------------  ----------
104 community detected
NMI:0.005298324607510896
ARI:0.010940287635609947
__fake_pmi__
Network Properties for:		G#30
nodes, edges			4999, 31044
directed?			False
weighted?			True
isolated nodes			1
self-loops			0
density				0.002485
clustering coefficient		0.391669
min/max/avg degree		0, 80, 12.420084
degree assortativity		0.306274
number of connected components	1
size of largest component	4999 (100.00 %)
tot:  0.0
__fake_pmi+Louvain__
1 community detected due to total edge weight equal 0
NMI:1
ARI:1
__fake_pmi+PLP__
1 community detected due to total edge weight equal 0
NMI:1
ARI:1
__iterative_rev_degree_order__
Network Properties for:		G#33
nodes, edges			4999, 31044
directed?			False
weighted?			True
isolated nodes			1
self-loops			0
density				0.002485
clustering coefficient		0.391669
min/max/avg degree		0, 80, 12.420084
degree assortativity		0.306274
number of connected components	1
size of largest component	4999 (100.00 %)
tot:  1548.0427533339318
__iterative_rev_degree_order+Louvain__
PLM(balanced,pc,turbo) detected communities in 0.5606565475463867 [s]
solution properties:
-------------------  ----------
# communities         54
min community size    51
max community size   148
avg. community size   92.5741
modularity             0.845286
-------------------  ----------
104 community detected
NMI:0.40071119690480894
ARI:0.7247982758841867
__iterative_rev_degree_order+PLP__
PLP detected communities in 0.03892016410827637 [s]
solution properties:
-------------------  -----------
# communities        1428
min community size      1
max community size     12
avg. community size     3.5014
modularity              0.681758
-------------------  -----------
104 community detected
NMI:0.3042053218031965
ARI:0.9386296320673995
__pmi__
Network Properties for:		G#48
nodes, edges			4999, 31044
directed?			False
weighted?			True
isolated nodes			1
self-loops			0
density				0.002485
clustering coefficient		0.391669
min/max/avg degree		0, 80, 12.420084
degree assortativity		0.306274
number of connected components	1
size of largest component	4999 (100.00 %)
tot:  182396.74786884442
__pmi+Louvain__
PLM(balanced,pc,turbo) detected communities in 0.4466567039489746 [s]
solution properties:
-------------------  ----------
# communities         72
min community size    34
max community size   148
avg. community size   69.4306
modularity             0.820913
-------------------  ----------
104 community detected
NMI:0.038256152838566204
ARI:0.1364573634120333
__pmi+PLP__
PLP detected communities in 0.1385946273803711 [s]
solution properties:
-------------------  ----------
# communities        110
min community size     1
max community size   100
avg. community size   45.4545
modularity             0.815269
-------------------  ----------
104 community detected
NMI:0.004930835922074994
ARI:0.012002245786501997
__standard__
Network Properties for:		G#57
nodes, edges			4999, 31044
directed?			False
weighted?			True
isolated nodes			1
self-loops			0
density				0.002485
clustering coefficient		0.391669
min/max/avg degree		0, 80, 12.420084
degree assortativity		0.306274
number of connected components	1
size of largest component	4999 (100.00 %)
tot:  33.90761600365918
__standard+Louvain__
PLM(balanced,pc,turbo) detected communities in 0.6512150764465332 [s]
solution properties:
-------------------  ----------
# communities         61
min community size    26
max community size   366
avg. community size   81.9508
modularity             0.853062
-------------------  ----------
104 community detected
NMI:0.2023179575597457
ARI:0.5434775913876313
__standard+PLP__
PLP detected communities in 0.11664175987243652 [s]
solution properties:
-------------------  ----------
# communities        542
min community size     1
max community size    75
avg. community size    9.22509
modularity             0.706782
-------------------  ----------
104 community detected
NMI:0.16768289745774823
ARI:0.3984192211038088
__ppmi__
Network Properties for:		G#69
nodes, edges			4999, 31044
directed?			False
weighted?			True
isolated nodes			1
self-loops			0
density				0.002485
clustering coefficient		0.391669
min/max/avg degree		0, 80, 12.420084
degree assortativity		0.306274
number of connected components	1
size of largest component	4999 (100.00 %)
tot:  187000.93710105584
__ppmi+Louvain__
PLM(balanced,pc,turbo) detected communities in 0.4993293285369873 [s]
solution properties:
-------------------  ----------
# communities         73
min community size    32
max community size   108
avg. community size   68.4795
modularity             0.818062
-------------------  ----------
104 community detected
NMI:0.033474778105113456
ARI:0.11708763932686006
__ppmi+PLP__
PLP detected communities in 0.12455415725708008 [s]
solution properties:
-------------------  ----------
# communities        107
min community size     1
max community size   100
avg. community size   46.729
modularity             0.816383
-------------------  ----------
104 community detected
NMI:0.0017332633874671544
ARI:0.003713628594940177
__glovexmax50alpha0.2__
Network Properties for:		G#78
nodes, edges			4999, 31044
directed?			False
weighted?			True
isolated nodes			1
self-loops			0
density				0.002485
clustering coefficient		0.391669
min/max/avg degree		0, 80, 12.420084
degree assortativity		0.306274
number of connected components	1
size of largest component	4999 (100.00 %)
tot:  18136.795746897587
__glovexmax50alpha0.2+Louvain__
PLM(balanced,pc,turbo) detected communities in 0.3470001220703125 [s]
solution properties:
-------------------  ----------
# communities         62
min community size    44
max community size   128
avg. community size   80.629
modularity             0.815504
-------------------  ----------
104 community detected
NMI:0.05174355389370022
ARI:0.1897485965340493
__glovexmax50alpha0.2+PLP__
PLP detected communities in 0.20415735244750977 [s]
solution properties:
-------------------  ----------
# communities        106
min community size     1
max community size   100
avg. community size   47.1698
modularity             0.814646
-------------------  ----------
104 community detected
NMI:0.0015566558084102455
ARI:0.003565200270027047
__glovexmax40alpha0.2__
Network Properties for:		G#87
nodes, edges			4999, 31044
directed?			False
weighted?			True
isolated nodes			1
self-loops			0
density				0.002485
clustering coefficient		0.391669
min/max/avg degree		0, 80, 12.420084
degree assortativity		0.306274
number of connected components	1
size of largest component	4999 (100.00 %)
tot:  18964.354840543925
__glovexmax40alpha0.2+Louvain__
PLM(balanced,pc,turbo) detected communities in 0.4181690216064453 [s]
solution properties:
-------------------  ----------
# communities         74
min community size    33
max community size   117
avg. community size   67.5541
modularity             0.815895
-------------------  ----------
104 community detected
NMI:0.032325163378747135
ARI:0.11514059391072573
__glovexmax40alpha0.2+PLP__
PLP detected communities in 0.0978240966796875 [s]
solution properties:
-------------------  ----------
# communities        108
min community size     1
max community size   100
avg. community size   46.2963
modularity             0.811002
-------------------  ----------
104 community detected
NMI:0.0028886460872767916
ARI:0.007816582169436925
__glovexmax30alpha0.3__
Network Properties for:		G#96
nodes, edges			4999, 31044
directed?			False
weighted?			True
isolated nodes			1
self-loops			0
density				0.002485
clustering coefficient		0.391669
min/max/avg degree		0, 80, 12.420084
degree assortativity		0.306274
number of connected components	1
size of largest component	4999 (100.00 %)
tot:  16592.3187560347
__glovexmax30alpha0.3+Louvain__
PLM(balanced,pc,turbo) detected communities in 0.4334273338317871 [s]
solution properties:
-------------------  ----------
# communities         72
min community size    37
max community size   116
avg. community size   69.4306
modularity             0.817783
-------------------  ----------
104 community detected
NMI:0.035123179653219094
ARI:0.1219809429064399
__glovexmax30alpha0.3+PLP__
PLP detected communities in 0.10480833053588867 [s]
solution properties:
-------------------  ----------
# communities        107
min community size     1
max community size   100
avg. community size   46.729
modularity             0.815778
-------------------  ----------
104 community detected
NMI:0.0023686857009526108
ARI:0.005181675232436622
NMI classement:
[('NMIglovexmax50alpha0.2+PLP', 0.0015566558084102455), ('NMIppmi+PLP', 0.0017332633874671544), ('NMIglovexmax30alpha0.3+PLP', 0.0023686857009526108), ('NMIglovexmax40alpha0.2+PLP', 0.0028886460872767916), ('NMIpmi+PLP', 0.004930835922074994), ('NMIglove+PLP', 0.005298324607510896), ('NMIPLP', 0.010936720684119772), ('NMIglovexmax40alpha0.2+Louvain', 0.032325163378747135), ('NMIppmi+Louvain', 0.033474778105113456), ('NMIglovexmax30alpha0.3+Louvain', 0.035123179653219094), ('NMIpmi+Louvain', 0.038256152838566204), ('NMIglovexmax50alpha0.2+Louvain', 0.05174355389370022), ('NMIglove+Louvain', 0.07221570597188376), ('NMILouvain', 0.14043698132911264), ('NMIstandard+PLP', 0.16768289745774823), ('NMIstandard+Louvain', 0.2023179575597457), ('NMIiterative_rev_degree_order+PLP', 0.3042053218031965), ('NMISingleton', 0.304762170037969), ('NMIiterative_rev_degree_order+Louvain', 0.40071119690480894), ('NMIAllInOne', 1.0), ('NMIfake_pmi+Louvain', 1), ('NMIfake_pmi+PLP', 1)]
ARI classement:
[('ARIglovexmax50alpha0.2+PLP', 0.003565200270027047), ('ARIppmi+PLP', 0.003713628594940177), ('ARIglovexmax30alpha0.3+PLP', 0.005181675232436622), ('ARIglovexmax40alpha0.2+PLP', 0.007816582169436925), ('ARIglove+PLP', 0.010940287635609947), ('ARIpmi+PLP', 0.012002245786501997), ('ARIPLP', 0.022003246902532747), ('ARIglovexmax40alpha0.2+Louvain', 0.11514059391072573), ('ARIppmi+Louvain', 0.11708763932686006), ('ARIglovexmax30alpha0.3+Louvain', 0.1219809429064399), ('ARIpmi+Louvain', 0.1364573634120333), ('ARIglovexmax50alpha0.2+Louvain', 0.1897485965340493), ('ARIglove+Louvain', 0.2666636964275886), ('ARIstandard+PLP', 0.3984192211038088), ('ARILouvain', 0.48514041761391347), ('ARIstandard+Louvain', 0.5434775913876313), ('ARIiterative_rev_degree_order+Louvain', 0.7247982758841867), ('ARIiterative_rev_degree_order+PLP', 0.9386296320673995), ('ARISingleton', 1.0), ('ARIAllInOne', 1.0), ('ARIfake_pmi+Louvain', 1), ('ARIfake_pmi+PLP', 1)]
