__LOADINGS__
4987/36163 13.79033819096867 % of nul weighted edges removed
1/5000 0.02 % of nul degree nodes removed
Network Properties for:		network
nodes, edges			4999, 31176
directed?			False
weighted?			True
isolated nodes			1
self-loops			0
density				0.002496
clustering coefficient		0.164325
min/max/avg degree		0, 75, 12.472895
degree assortativity		0.383725
number of connected components	1
size of largest component	4999 (100.00 %)
167693.060348957
__Groundtruth__
read communities from: ../../lfr_5000/mk100/k15/muw0.4/1/community.dat
-------------------  ----------
# communities        104
min community size    20
max community size    99
avg. community size   48.0769
modularity             0.584412
-------------------  ----------
104 community detected
__CLASSIC_METHODS__
__Louvain__
PLM(balanced,pc,turbo) detected communities in 0.574343204498291 [s]
solution properties:
-------------------  ----------
# communities         47
min community size    51
max community size   169
avg. community size  106.362
modularity             0.591824
-------------------  ----------
104 community detected
NMI:0.15213126813983524
ARI:0.3992665658093797
__Singleton__
104 community detected
NMI:0.3047653125958608
ARI:1.0
__AllInOne__
104 community detected
NMI:1.0
ARI:1.0
__PLP__
PLP detected communities in 0.14917564392089844 [s]
solution properties:
-------------------  ----------
# communities        110
min community size     1
max community size   141
avg. community size   45.4545
modularity             0.584816
-------------------  ----------
104 community detected
NMI:0.07150306753778346
ARI:0.14672502347158556
__NORMALIZATION__
__glove__
Network Properties for:		G#21
nodes, edges			4999, 31176
directed?			False
weighted?			True
isolated nodes			1
self-loops			0
density				0.002496
clustering coefficient		0.164325
min/max/avg degree		0, 75, 12.472895
degree assortativity		0.383725
number of connected components	1
size of largest component	4999 (100.00 %)
tot:  3274.1210807038187
__glove+Louvain__
PLM(balanced,pc,turbo) detected communities in 0.6548337936401367 [s]
solution properties:
-------------------  ----------
# communities         42
min community size    78
max community size   173
avg. community size  119.024
modularity             0.596978
-------------------  ----------
104 community detected
NMI:0.14941153342983604
ARI:0.42776573929338946
__glove+PLP__
PLP detected communities in 0.15408611297607422 [s]
solution properties:
-------------------  ----------
# communities        107
min community size     1
max community size   135
avg. community size   46.729
modularity             0.591165
-------------------  ----------
104 community detected
NMI:0.046806462722002506
ARI:0.1059660936441299
__fake_pmi__
Network Properties for:		G#30
nodes, edges			4999, 31176
directed?			False
weighted?			True
isolated nodes			1
self-loops			0
density				0.002496
clustering coefficient		0.164325
min/max/avg degree		0, 75, 12.472895
degree assortativity		0.383725
number of connected components	1
size of largest component	4999 (100.00 %)
tot:  0.0
__fake_pmi+Louvain__
1 community detected due to total edge weight equal 0
NMI:1
ARI:1
__fake_pmi+PLP__
1 community detected due to total edge weight equal 0
NMI:1
ARI:1
__iterative_rev_degree_order__
Network Properties for:		G#33
nodes, edges			4999, 31176
directed?			False
weighted?			True
isolated nodes			1
self-loops			0
density				0.002496
clustering coefficient		0.164325
min/max/avg degree		0, 75, 12.472895
degree assortativity		0.383725
number of connected components	1
size of largest component	4999 (100.00 %)
tot:  1402.2389410944602
__iterative_rev_degree_order+Louvain__
PLM(balanced,pc,turbo) detected communities in 0.7970061302185059 [s]
solution properties:
-------------------  ----------
# communities         65
min community size    41
max community size   112
avg. community size   76.9077
modularity             0.800352
-------------------  ----------
104 community detected
NMI:0.6281074203138813
ARI:0.9341257990072538
__iterative_rev_degree_order+PLP__
PLP detected communities in 0.09779214859008789 [s]
solution properties:
-------------------  -----------
# communities        1425
min community size      1
max community size     11
avg. community size     3.50877
modularity              0.686777
-------------------  -----------
104 community detected
NMI:0.3476276706659872
ARI:0.9635491480305207
__pmi__
Network Properties for:		G#48
nodes, edges			4999, 31176
directed?			False
weighted?			True
isolated nodes			1
self-loops			0
density				0.002496
clustering coefficient		0.164325
min/max/avg degree		0, 75, 12.472895
degree assortativity		0.383725
number of connected components	1
size of largest component	4999 (100.00 %)
tot:  182530.45015212052
__pmi+Louvain__
PLM(balanced,pc,turbo) detected communities in 0.6010560989379883 [s]
solution properties:
-------------------  ----------
# communities         49
min community size    56
max community size   179
avg. community size  102.02
modularity             0.622369
-------------------  ----------
104 community detected
NMI:0.10256993355497768
ARI:0.3409771929696028
__pmi+PLP__
PLP detected communities in 0.18018651008605957 [s]
solution properties:
-------------------  ----------
# communities        130
min community size     1
max community size   118
avg. community size   38.4615
modularity             0.608676
-------------------  ----------
104 community detected
NMI:0.029365493981382107
ARI:0.06724311737729127
__standard__
Network Properties for:		G#57
nodes, edges			4999, 31176
directed?			False
weighted?			True
isolated nodes			1
self-loops			0
density				0.002496
clustering coefficient		0.164325
min/max/avg degree		0, 75, 12.472895
degree assortativity		0.383725
number of connected components	1
size of largest component	4999 (100.00 %)
tot:  36.45966937294655
__standard+Louvain__
PLM(balanced,pc,turbo) detected communities in 0.6315515041351318 [s]
solution properties:
-------------------  ----------
# communities         52
min community size    36
max community size   165
avg. community size   96.1346
modularity             0.697698
-------------------  ----------
104 community detected
NMI:0.5378672332130785
ARI:0.842728027114306
__standard+PLP__
PLP detected communities in 0.18062996864318848 [s]
solution properties:
-------------------  ----------
# communities        1147
min community size      1
max community size     30
avg. community size     4.3592
modularity              0.54468
-------------------  ----------
104 community detected
NMI:0.34705458543076995
ARI:0.922275060624193
__ppmi__
Network Properties for:		G#72
nodes, edges			4999, 31176
directed?			False
weighted?			True
isolated nodes			1
self-loops			0
density				0.002496
clustering coefficient		0.164325
min/max/avg degree		0, 75, 12.472895
degree assortativity		0.383725
number of connected components	1
size of largest component	4999 (100.00 %)
tot:  189513.00524861555
__ppmi+Louvain__
PLM(balanced,pc,turbo) detected communities in 0.612471342086792 [s]
solution properties:
-------------------  ----------
# communities         50
min community size    46
max community size   163
avg. community size   99.98
modularity             0.611342
-------------------  ----------
104 community detected
NMI:0.09066854105188382
ARI:0.3151933095147802
__ppmi+PLP__
PLP detected communities in 0.1742548942565918 [s]
solution properties:
-------------------  ----------
# communities        124
min community size     1
max community size   118
avg. community size   40.3226
modularity             0.604313
-------------------  ----------
104 community detected
NMI:0.019064435120715095
ARI:0.049299038552008456
__glovexmax50alpha0.2__
Network Properties for:		G#81
nodes, edges			4999, 31176
directed?			False
weighted?			True
isolated nodes			1
self-loops			0
density				0.002496
clustering coefficient		0.164325
min/max/avg degree		0, 75, 12.472895
degree assortativity		0.383725
number of connected components	1
size of largest component	4999 (100.00 %)
tot:  18395.876376914595
__glovexmax50alpha0.2+Louvain__
PLM(balanced,pc,turbo) detected communities in 0.511775016784668 [s]
solution properties:
-------------------  ----------
# communities         53
min community size    48
max community size   133
avg. community size   94.3208
modularity             0.605116
-------------------  ----------
104 community detected
NMI:0.07937570321282061
ARI:0.2744143898759638
__glovexmax50alpha0.2+PLP__
PLP detected communities in 0.13283848762512207 [s]
solution properties:
-------------------  ----------
# communities        108
min community size     1
max community size    99
avg. community size   46.2963
modularity             0.599946
-------------------  ----------
104 community detected
NMI:0.010742358156130005
ARI:0.023207547835785824
__glovexmax40alpha0.2__
Network Properties for:		G#90
nodes, edges			4999, 31176
directed?			False
weighted?			True
isolated nodes			1
self-loops			0
density				0.002496
clustering coefficient		0.164325
min/max/avg degree		0, 75, 12.472895
degree assortativity		0.383725
number of connected components	1
size of largest component	4999 (100.00 %)
tot:  19235.38404131157
__glovexmax40alpha0.2+Louvain__
PLM(balanced,pc,turbo) detected communities in 0.43440723419189453 [s]
solution properties:
-------------------  ----------
# communities         49
min community size    65
max community size   159
avg. community size  102.02
modularity             0.604817
-------------------  ----------
104 community detected
NMI:0.08837987187987739
ARI:0.30829249049358454
__glovexmax40alpha0.2+PLP__
PLP detected communities in 0.12415599822998047 [s]
solution properties:
-------------------  ---------
# communities        108
min community size     1
max community size   100
avg. community size   46.2963
modularity             0.59799
-------------------  ---------
104 community detected
NMI:0.011415387477057615
ARI:0.025209727689709083
__glovexmax30alpha0.3__
Network Properties for:		G#99
nodes, edges			4999, 31176
directed?			False
weighted?			True
isolated nodes			1
self-loops			0
density				0.002496
clustering coefficient		0.164325
min/max/avg degree		0, 75, 12.472895
degree assortativity		0.383725
number of connected components	1
size of largest component	4999 (100.00 %)
tot:  16935.904177502947
__glovexmax30alpha0.3+Louvain__
PLM(balanced,pc,turbo) detected communities in 0.19047212600708008 [s]
solution properties:
-------------------  ----------
# communities         46
min community size    58
max community size   167
avg. community size  108.674
modularity             0.605381
-------------------  ----------
104 community detected
NMI:0.1017473932745615
ARI:0.3500976655098519
__glovexmax30alpha0.3+PLP__
PLP detected communities in 0.04369044303894043 [s]
solution properties:
-------------------  ----------
# communities        112
min community size     1
max community size   100
avg. community size   44.6429
modularity             0.594655
-------------------  ----------
104 community detected
NMI:0.016986750120477567
ARI:0.03781545433236977
NMI classement:
[('NMIglovexmax50alpha0.2+PLP', 0.010742358156130005), ('NMIglovexmax40alpha0.2+PLP', 0.011415387477057615), ('NMIglovexmax30alpha0.3+PLP', 0.016986750120477567), ('NMIppmi+PLP', 0.019064435120715095), ('NMIpmi+PLP', 0.029365493981382107), ('NMIglove+PLP', 0.046806462722002506), ('NMIPLP', 0.07150306753778346), ('NMIglovexmax50alpha0.2+Louvain', 0.07937570321282061), ('NMIglovexmax40alpha0.2+Louvain', 0.08837987187987739), ('NMIppmi+Louvain', 0.09066854105188382), ('NMIglovexmax30alpha0.3+Louvain', 0.1017473932745615), ('NMIpmi+Louvain', 0.10256993355497768), ('NMIglove+Louvain', 0.14941153342983604), ('NMILouvain', 0.15213126813983524), ('NMISingleton', 0.3047653125958608), ('NMIstandard+PLP', 0.34705458543076995), ('NMIiterative_rev_degree_order+PLP', 0.3476276706659872), ('NMIstandard+Louvain', 0.5378672332130785), ('NMIiterative_rev_degree_order+Louvain', 0.6281074203138813), ('NMIAllInOne', 1.0), ('NMIfake_pmi+Louvain', 1), ('NMIfake_pmi+PLP', 1)]
ARI classement:
[('ARIglovexmax50alpha0.2+PLP', 0.023207547835785824), ('ARIglovexmax40alpha0.2+PLP', 0.025209727689709083), ('ARIglovexmax30alpha0.3+PLP', 0.03781545433236977), ('ARIppmi+PLP', 0.049299038552008456), ('ARIpmi+PLP', 0.06724311737729127), ('ARIglove+PLP', 0.1059660936441299), ('ARIPLP', 0.14672502347158556), ('ARIglovexmax50alpha0.2+Louvain', 0.2744143898759638), ('ARIglovexmax40alpha0.2+Louvain', 0.30829249049358454), ('ARIppmi+Louvain', 0.3151933095147802), ('ARIpmi+Louvain', 0.3409771929696028), ('ARIglovexmax30alpha0.3+Louvain', 0.3500976655098519), ('ARILouvain', 0.3992665658093797), ('ARIglove+Louvain', 0.42776573929338946), ('ARIstandard+Louvain', 0.842728027114306), ('ARIstandard+PLP', 0.922275060624193), ('ARIiterative_rev_degree_order+Louvain', 0.9341257990072538), ('ARIiterative_rev_degree_order+PLP', 0.9635491480305207), ('ARISingleton', 1.0), ('ARIAllInOne', 1.0), ('ARIfake_pmi+Louvain', 1), ('ARIfake_pmi+PLP', 1)]
