__LOADINGS__
Network Properties for:		network
nodes, edges			5000, 41798
directed?			False
weighted?			True
isolated nodes			1
self-loops			0
density				0.003345
clustering coefficient		0.415177
min/max/avg degree		0, 235, 16.719200
degree assortativity		0.148925
number of connected components	2
size of largest component	4999 (99.98 %)
312280.7541406028
__Groundtruth__
read communities from: ../../lfr_5000/mk300/k20/muw0.2/39/community.dat
-------------------  ----------
# communities         30
min community size   122
max community size   240
avg. community size  166.667
modularity             0.725913
-------------------  ----------
30 community detected
__CLASSIC_METHODS__
__Louvain__
PLM(balanced,pc,turbo) detected communities in 0.24169039726257324 [s]
solution properties:
-------------------  ----------
# communities         31
min community size     1
max community size   245
avg. community size  161.29
modularity             0.727212
-------------------  ----------
30 community detected
NMI:0.03425765839671824
ARM:0.03838215892866825
__Singleton__
30 community detected
NMI:0.43129281532965946
ARM:1.0
__AllInOne__
30 community detected
NMI:1.0
ARM:1.0
__PLP__
PLP detected communities in 0.13217473030090332 [s]
solution properties:
-------------------  ----------
# communities         31
min community size     1
max community size   245
avg. community size  161.29
modularity             0.727202
-------------------  ----------
30 community detected
NMI:0.036616214446379525
ARM:0.04116953514614974
__NORMALIZATION__
__glove__
Network Properties for:		G#18cc
nodes, edges			4999, 41798
directed?			False
weighted?			True
isolated nodes			0
self-loops			0
density				0.003346
clustering coefficient		0.415260
min/max/avg degree		4, 235, 16.722545
degree assortativity		0.148925
number of connected components	1
size of largest component	4999 (100.00 %)
tot:  5037.179805290888
__glove+Louvain__
PLM(balanced,pc,turbo) detected communities in 0.17780399322509766 [s]
solution properties:
-------------------  ----------
# communities         30
min community size   121
max community size   242
avg. community size  166.633
modularity             0.747892
-------------------  ----------
30 community detected
NMI:0.02286594503611572
ARM:0.025448657466282776
__glove+PLP__
PLP detected communities in 0.10097551345825195 [s]
solution properties:
-------------------  ----------
# communities         30
min community size   121
max community size   242
avg. community size  166.633
modularity             0.747889
-------------------  ----------
30 community detected
NMI:0.023859951705909932
ARM:0.026608089785716715
__fake_pmi__
Network Properties for:		G#34cc
nodes, edges			4999, 41798
directed?			False
weighted?			True
isolated nodes			0
self-loops			0
density				0.003346
clustering coefficient		0.415260
min/max/avg degree		4, 235, 16.722545
degree assortativity		0.148925
number of connected components	1
size of largest component	4999 (100.00 %)
tot:  0.0
__fake_pmi+Louvain__
1 community detected due to total edge weight equal 0
NMI:1
ARM:0.026608089785716715
__fake_pmi+PLP__
1 community detected due to total edge weight equal 0
NMI:1
ARM:0.026608089785716715
__iterative_rev_degree_order__
Network Properties for:		G#47cc
nodes, edges			4999, 41798
directed?			False
weighted?			True
isolated nodes			0
self-loops			0
density				0.003346
clustering coefficient		0.415260
min/max/avg degree		4, 235, 16.722545
degree assortativity		0.148925
number of connected components	1
size of largest component	4999 (100.00 %)
tot:  1623.636967681665
__iterative_rev_degree_order+Louvain__
PLM(balanced,pc,turbo) detected communities in 0.39244627952575684 [s]
solution properties:
-------------------  ----------
# communities         41
min community size     2
max community size   234
avg. community size  121.927
modularity             0.858758
-------------------  ----------
30 community detected
NMI:0.5716049181028233
ARM:0.7321292499967041
__iterative_rev_degree_order+PLP__
PLP detected communities in 0.0340578556060791 [s]
solution properties:
-------------------  -----------
# communities        1541
min community size      2
max community size     16
avg. community size     3.244
modularity              0.727669
-------------------  -----------
30 community detected
NMI:0.4510760196542204
ARM:0.9806321088129186
__pmi__
Network Properties for:		G#72cc
nodes, edges			4999, 41798
directed?			False
weighted?			True
isolated nodes			0
self-loops			0
density				0.003346
clustering coefficient		0.415260
min/max/avg degree		4, 235, 16.722545
degree assortativity		0.148925
number of connected components	1
size of largest component	4999 (100.00 %)
tot:  116692.59942177487
__pmi+Louvain__
PLM(balanced,pc,turbo) detected communities in 0.45636582374572754 [s]
solution properties:
-------------------  ---------
# communities         26
min community size   132
max community size   546
avg. community size  192.269
modularity             1.00603
-------------------  ---------
30 community detected
NMI:0.1268781013105792
ARM:0.27153323260509354
__pmi+PLP__
PLP detected communities in 0.17833614349365234 [s]
solution properties:
-------------------  ----------
# communities         42
min community size     2
max community size   221
avg. community size  119.024
modularity             0.995168
-------------------  ----------
30 community detected
NMI:0.09651271499300074
ARM:0.13674852766938317
__standard__
Network Properties for:		G#91cc
nodes, edges			4999, 41798
directed?			False
weighted?			True
isolated nodes			0
self-loops			0
density				0.003346
clustering coefficient		0.415260
min/max/avg degree		4, 235, 16.722545
degree assortativity		0.148925
number of connected components	1
size of largest component	4999 (100.00 %)
tot:  10.53031585263825
__standard+Louvain__
PLM(balanced,pc,turbo) detected communities in 0.7508013248443604 [s]
solution properties:
-------------------  ----------
# communities         28
min community size   147
max community size   305
avg. community size  178.536
modularity             0.839807
-------------------  ----------
30 community detected
NMI:0.2966859697837898
ARM:0.3938567443985598
__standard+PLP__
PLP detected communities in 0.210160493850708 [s]
solution properties:
-------------------  -----------
# communities        1008
min community size      1
max community size    131
avg. community size     4.95933
modularity              0.648492
-------------------  -----------
30 community detected
NMI:0.3748336484088284
ARM:0.7097143212893284
__ppmi__
Network Properties for:		G#113cc
nodes, edges			4999, 41798
directed?			False
weighted?			True
isolated nodes			0
self-loops			0
density				0.003346
clustering coefficient		0.415260
min/max/avg degree		4, 235, 16.722545
degree assortativity		0.148925
number of connected components	1
size of largest component	4999 (100.00 %)
tot:  167770.4413900096
__ppmi+Louvain__
PLM(balanced,pc,turbo) detected communities in 0.41054701805114746 [s]
solution properties:
-------------------  ----------
# communities         29
min community size   123
max community size   346
avg. community size  172.379
modularity             0.786378
-------------------  ----------
30 community detected
NMI:0.01103373891892423
ARM:0.038703868279220566
__ppmi+PLP__
PLP detected communities in 0.10845088958740234 [s]
solution properties:
-------------------  ----------
# communities         30
min community size   123
max community size   238
avg. community size  166.633
modularity             0.787671
-------------------  ----------
30 community detected
NMI:0.004779670523414992
ARM:0.005902508263753381
__glovexmax50alpha0.2__
Network Properties for:		G#132cc
nodes, edges			4999, 41798
directed?			False
weighted?			True
isolated nodes			0
self-loops			0
density				0.003346
clustering coefficient		0.415260
min/max/avg degree		4, 235, 16.722545
degree assortativity		0.148925
number of connected components	1
size of largest component	4999 (100.00 %)
tot:  22467.673829845553
__glovexmax50alpha0.2+Louvain__
PLM(balanced,pc,turbo) detected communities in 0.25099658966064453 [s]
solution properties:
-------------------  ----------
# communities         30
min community size   122
max community size   239
avg. community size  166.633
modularity             0.777287
-------------------  ----------
30 community detected
NMI:0.0
ARM:0.0
__glovexmax50alpha0.2+PLP__
PLP detected communities in 0.08656859397888184 [s]
solution properties:
-------------------  ----------
# communities         30
min community size   122
max community size   239
avg. community size  166.633
modularity             0.777287
-------------------  ----------
30 community detected
NMI:0.0
ARM:0.0
__glovexmax40alpha0.2__
Network Properties for:		G#151cc
nodes, edges			4999, 41798
directed?			False
weighted?			True
isolated nodes			0
self-loops			0
density				0.003346
clustering coefficient		0.415260
min/max/avg degree		4, 235, 16.722545
degree assortativity		0.148925
number of connected components	1
size of largest component	4999 (100.00 %)
tot:  23463.070343337
__glovexmax40alpha0.2+Louvain__
PLM(balanced,pc,turbo) detected communities in 0.23596429824829102 [s]
solution properties:
-------------------  ----------
# communities         30
min community size   122
max community size   239
avg. community size  166.633
modularity             0.777499
-------------------  ----------
30 community detected
NMI:0.0
ARM:0.0
__glovexmax40alpha0.2+PLP__
PLP detected communities in 0.10972785949707031 [s]
solution properties:
-------------------  ----------
# communities         30
min community size   122
max community size   239
avg. community size  166.633
modularity             0.777499
-------------------  ----------
30 community detected
NMI:0.0
ARM:0.0
__glovexmax30alpha0.3__
Network Properties for:		G#167cc
nodes, edges			4999, 41798
directed?			False
weighted?			True
isolated nodes			0
self-loops			0
density				0.003346
clustering coefficient		0.415260
min/max/avg degree		4, 235, 16.722545
degree assortativity		0.148925
number of connected components	1
size of largest component	4999 (100.00 %)
tot:  20763.072400504618
__glovexmax30alpha0.3+Louvain__
PLM(balanced,pc,turbo) detected communities in 0.2252368927001953 [s]
solution properties:
-------------------  ----------
# communities         30
min community size   122
max community size   239
avg. community size  166.633
modularity             0.776341
-------------------  ----------
30 community detected
NMI:0.0017961516855817816
ARM:0.0019690488249166638
__glovexmax30alpha0.3+PLP__
PLP detected communities in 0.07434391975402832 [s]
solution properties:
-------------------  ----------
# communities         30
min community size   122
max community size   239
avg. community size  166.633
modularity             0.776341
-------------------  ----------
30 community detected
NMI:0.0017961516855816706
ARM:0.0019690488249166638
