__LOADINGS__
Network Properties for:		network
nodes, edges			5000, 47394
directed?			False
weighted?			True
isolated nodes			0
self-loops			0
density				0.003792
clustering coefficient		0.460965
min/max/avg degree		1, 386, 18.957600
degree assortativity		0.195578
number of connected components	8
size of largest component	4962 (99.24 %)
425748.560164296
__Groundtruth__
read communities from: ../../lfr_5000/mk500/k20/muw0.2/29/community.dat
-------------------  ----------
# communities         46
min community size     5
max community size   472
avg. community size  108.696
modularity             0.636866
-------------------  ----------
46 community detected
__CLASSIC_METHODS__
__Louvain__
PLM(balanced,pc,turbo) detected communities in 0.38121747970581055 [s]
solution properties:
-------------------  ----------
# communities         34
min community size     5
max community size   483
avg. community size  147.059
modularity             0.638257
-------------------  ----------
46 community detected
NMI:0.05041064921714
ARM:0.05327468510715094
__Singleton__
46 community detected
NMI:0.4646126258031138
ARM:1.0
__AllInOne__
46 community detected
NMI:1.0
ARM:1.0
__PLP__
PLP detected communities in 0.12520670890808105 [s]
solution properties:
-------------------  ----------
# communities         46
min community size     5
max community size   487
avg. community size  108.696
modularity             0.638115
-------------------  ----------
46 community detected
NMI:0.03147139515522146
ARM:0.04029726346848039
__NORMALIZATION__
__glove__
Network Properties for:		G#21cc
nodes, edges			4962, 47316
directed?			False
weighted?			True
isolated nodes			0
self-loops			0
density				0.003844
clustering coefficient		0.457617
min/max/avg degree		1, 386, 19.071342
degree assortativity		0.194487
number of connected components	1
size of largest component	4962 (100.00 %)
tot:  6233.094421880828
__glove+Louvain__
PLM(balanced,pc,turbo) detected communities in 0.39503908157348633 [s]
solution properties:
-------------------  ---------
# communities         29
min community size     8
max community size   481
avg. community size  171.103
modularity             0.67658
-------------------  ---------
46 community detected
NMI:0.9616519063386881
ARM:0.9989217070296968
__glove+PLP__
PLP detected communities in 0.09679317474365234 [s]
solution properties:
-------------------  ----------
# communities         39
min community size     6
max community size   482
avg. community size  127.231
modularity             0.676466
-------------------  ----------
46 community detected
NMI:0.9532505331590522
ARM:0.9987489268114834
__fake_pmi__
Network Properties for:		G#40cc
nodes, edges			4962, 47316
directed?			False
weighted?			True
isolated nodes			0
self-loops			0
density				0.003844
clustering coefficient		0.457617
min/max/avg degree		1, 386, 19.071342
degree assortativity		0.194487
number of connected components	1
size of largest component	4962 (100.00 %)
tot:  0.0
__fake_pmi+Louvain__
1 community detected due to total edge weight equal 0
NMI:1
ARM:0.9987489268114834
__fake_pmi+PLP__
1 community detected due to total edge weight equal 0
NMI:1
ARM:0.9987489268114834
__iterative_rev_degree_order__
Network Properties for:		G#53cc
nodes, edges			4962, 47316
directed?			False
weighted?			True
isolated nodes			0
self-loops			0
density				0.003844
clustering coefficient		0.457617
min/max/avg degree		1, 386, 19.071342
degree assortativity		0.194487
number of connected components	1
size of largest component	4962 (100.00 %)
tot:  1578.4555533511389
__iterative_rev_degree_order+Louvain__
PLM(balanced,pc,turbo) detected communities in 0.7485396862030029 [s]
solution properties:
-------------------  ----------
# communities         92
min community size     2
max community size   213
avg. community size   53.9348
modularity             0.881754
-------------------  ----------
46 community detected
NMI:0.9178312116915048
ARM:0.999829926847016
__iterative_rev_degree_order+PLP__
PLP detected communities in 0.09904718399047852 [s]
solution properties:
-------------------  -----------
# communities        1449
min community size      2
max community size     20
avg. community size     3.42443
modularity              0.757823
-------------------  -----------
46 community detected
NMI:0.6299924031834588
ARM:0.9999667030620697
__pmi__
Network Properties for:		G#78cc
nodes, edges			4962, 47316
directed?			False
weighted?			True
isolated nodes			0
self-loops			0
density				0.003844
clustering coefficient		0.457617
min/max/avg degree		1, 386, 19.071342
degree assortativity		0.194487
number of connected components	1
size of largest component	4962 (100.00 %)
tot:  79303.3176285321
__pmi+Louvain__
PLM(balanced,pc,turbo) detected communities in 0.4031219482421875 [s]
solution properties:
-------------------  ---------
# communities         34
min community size     8
max community size   737
avg. community size  145.941
modularity             1.35568
-------------------  ---------
46 community detected
NMI:0.9557420302665867
ARM:0.9987602586474082
__pmi+PLP__
PLP detected communities in 0.23703718185424805 [s]
solution properties:
-------------------  ---------
# communities         89
min community size     2
max community size   661
avg. community size   55.7528
modularity             1.34396
-------------------  ---------
46 community detected
NMI:0.9363196038350866
ARM:0.999614795697268
__standard__
Network Properties for:		G#97cc
nodes, edges			4962, 47316
directed?			False
weighted?			True
isolated nodes			0
self-loops			0
density				0.003844
clustering coefficient		0.457617
min/max/avg degree		1, 386, 19.071342
degree assortativity		0.194487
number of connected components	1
size of largest component	4962 (100.00 %)
tot:  13.638498498007086
__standard+Louvain__
PLM(balanced,pc,turbo) detected communities in 0.4802558422088623 [s]
solution properties:
-------------------  ----------
# communities          46
min community size      2
max community size   1047
avg. community size   107.87
modularity              0.91163
-------------------  ----------
46 community detected
NMI:0.9538008088707782
ARM:0.9980535696004375
__standard+PLP__
PLP detected communities in 0.23884129524230957 [s]
solution properties:
-------------------  ----------
# communities        863
min community size     1
max community size   197
avg. community size    5.74971
modularity             0.760106
-------------------  ----------
46 community detected
NMI:0.7299777807322756
ARM:0.9996822175708661
__ppmi__
Network Properties for:		G#119cc
nodes, edges			4962, 47316
directed?			False
weighted?			True
isolated nodes			0
self-loops			0
density				0.003844
clustering coefficient		0.457617
min/max/avg degree		1, 386, 19.071342
degree assortativity		0.194487
number of connected components	1
size of largest component	4962 (100.00 %)
tot:  157501.65555459066
__ppmi+Louvain__
PLM(balanced,pc,turbo) detected communities in 0.3205549716949463 [s]
solution properties:
-------------------  ----------
# communities         35
min community size     8
max community size   468
avg. community size  141.771
modularity             0.770993
-------------------  ----------
46 community detected
NMI:0.9553932222303793
ARM:0.9987016544971591
__ppmi+PLP__
PLP detected communities in 0.1149899959564209 [s]
solution properties:
-------------------  ----------
# communities         44
min community size     2
max community size   750
avg. community size  112.773
modularity             0.771003
-------------------  ----------
46 community detected
NMI:0.9523679476995586
ARM:0.998537010774773
__glovexmax50alpha0.2__
Network Properties for:		G#138cc
nodes, edges			4962, 47316
directed?			False
weighted?			True
isolated nodes			0
self-loops			0
density				0.003844
clustering coefficient		0.457617
min/max/avg degree		1, 386, 19.071342
degree assortativity		0.194487
number of connected components	1
size of largest component	4962 (100.00 %)
tot:  24788.70748216339
__glovexmax50alpha0.2+Louvain__
PLM(balanced,pc,turbo) detected communities in 0.3633568286895752 [s]
solution properties:
-------------------  ----------
# communities         31
min community size     8
max community size   472
avg. community size  160.065
modularity             0.736506
-------------------  ----------
46 community detected
NMI:0.9593786170314709
ARM:0.9987907764418597
__glovexmax50alpha0.2+PLP__
PLP detected communities in 0.10920858383178711 [s]
solution properties:
-------------------  ----------
# communities         39
min community size     6
max community size   472
avg. community size  127.231
modularity             0.736404
-------------------  ----------
46 community detected
NMI:0.9531576617965699
ARM:0.9987346312569648
__glovexmax40alpha0.2__
Network Properties for:		G#157cc
nodes, edges			4962, 47316
directed?			False
weighted?			True
isolated nodes			0
self-loops			0
density				0.003844
clustering coefficient		0.457617
min/max/avg degree		1, 386, 19.071342
degree assortativity		0.194487
number of connected components	1
size of largest component	4962 (100.00 %)
tot:  25839.903347894116
__glovexmax40alpha0.2+Louvain__
PLM(balanced,pc,turbo) detected communities in 0.38332319259643555 [s]
solution properties:
-------------------  ---------
# communities         18
min community size     8
max community size   472
avg. community size  275.667
modularity             0.73529
-------------------  ---------
46 community detected
NMI:0.9726870970538121
ARM:0.9993150115224847
__glovexmax40alpha0.2+PLP__
PLP detected communities in 0.0643770694732666 [s]
solution properties:
-------------------  ---------
# communities         39
min community size     6
max community size   472
avg. community size  127.231
modularity             0.73709
-------------------  ---------
46 community detected
NMI:0.9531576617965699
ARM:0.9987346312569648
__glovexmax30alpha0.3__
Network Properties for:		G#176cc
nodes, edges			4962, 47316
directed?			False
weighted?			True
isolated nodes			0
self-loops			0
density				0.003844
clustering coefficient		0.457617
min/max/avg degree		1, 386, 19.071342
degree assortativity		0.194487
number of connected components	1
size of largest component	4962 (100.00 %)
tot:  22792.793028550455
__glovexmax30alpha0.3+Louvain__
PLM(balanced,pc,turbo) detected communities in 0.35497236251831055 [s]
solution properties:
-------------------  ----------
# communities         31
min community size     8
max community size   472
avg. community size  160.065
modularity             0.733737
-------------------  ----------
46 community detected
NMI:0.9593641515895062
ARM:0.9987888921592878
__glovexmax30alpha0.3+PLP__
PLP detected communities in 0.029170751571655273 [s]
solution properties:
-------------------  ----------
# communities         39
min community size     6
max community size   472
avg. community size  127.231
modularity             0.733622
-------------------  ----------
46 community detected
NMI:0.9531342994957402
ARM:0.9986934901341566
