__LOADINGS__
4993/38801 12.868225045746243 % of nul weighted edges removed
0/5000 0.0 % of nul degree nodes removed
Network Properties for:		network
nodes, edges			5000, 33808
directed?			False
weighted?			True
isolated nodes			0
self-loops			0
density				0.002705
clustering coefficient		0.292150
min/max/avg degree		1, 217, 13.523200
degree assortativity		0.183008
number of connected components	1
size of largest component	5000 (100.00 %)
250726.48647717867
__Groundtruth__
read communities from: ../../lfr_5000/mk300/k15/muw0.3/32/community.dat
-------------------  ----------
# communities         32
min community size   100
max community size   215
avg. community size  156.25
modularity             0.588183
-------------------  ----------
32 community detected
__CLASSIC_METHODS__
__Louvain__
PLM(balanced,pc,turbo) detected communities in 0.428938627243042 [s]
solution properties:
-------------------  ----------
# communities         30
min community size    92
max community size   326
avg. community size  166.667
modularity             0.595093
-------------------  ----------
32 community detected
NMI:0.12493979273199252
ARI:0.1763910746982572
__Singleton__
32 community detected
NMI:0.42370093147868315
ARI:1.0
__AllInOne__
32 community detected
NMI:1.0
ARI:1.0
__PLP__
PLP detected communities in 0.1506032943725586 [s]
solution properties:
-------------------  ----------
# communities         34
min community size     2
max community size   233
avg. community size  147.059
modularity             0.594546
-------------------  ----------
32 community detected
NMI:0.11555328669154197
ARI:0.13618860370708052
__NORMALIZATION__
__glove__
Network Properties for:		G#21
nodes, edges			5000, 33808
directed?			False
weighted?			True
isolated nodes			0
self-loops			0
density				0.002705
clustering coefficient		0.292150
min/max/avg degree		1, 217, 13.523200
degree assortativity		0.183008
number of connected components	1
size of largest component	5000 (100.00 %)
tot:  3966.619593052101
__glove+Louvain__
PLM(balanced,pc,turbo) detected communities in 0.43582773208618164 [s]
solution properties:
-------------------  ----------
# communities         29
min community size    93
max community size   265
avg. community size  172.414
modularity             0.623269
-------------------  ----------
32 community detected
NMI:0.11309051280604443
ARI:0.16272325427142487
__glove+PLP__
PLP detected communities in 0.14768195152282715 [s]
solution properties:
-------------------  ----------
# communities         34
min community size     2
max community size   229
avg. community size  147.059
modularity             0.623482
-------------------  ----------
32 community detected
NMI:0.09695163890898206
ARI:0.11279656429687579
__fake_pmi__
Network Properties for:		G#30
nodes, edges			5000, 33808
directed?			False
weighted?			True
isolated nodes			0
self-loops			0
density				0.002705
clustering coefficient		0.292150
min/max/avg degree		1, 217, 13.523200
degree assortativity		0.183008
number of connected components	1
size of largest component	5000 (100.00 %)
tot:  0.0
__fake_pmi+Louvain__
1 community detected due to total edge weight equal 0
NMI:1
ARI:1
__fake_pmi+PLP__
1 community detected due to total edge weight equal 0
NMI:1
ARI:1
__iterative_rev_degree_order__
Network Properties for:		G#33
nodes, edges			5000, 33808
directed?			False
weighted?			True
isolated nodes			0
self-loops			0
density				0.002705
clustering coefficient		0.292150
min/max/avg degree		1, 217, 13.523200
degree assortativity		0.183008
number of connected components	1
size of largest component	5000 (100.00 %)
tot:  1484.2692169428233
__iterative_rev_degree_order+Louvain__
PLM(balanced,pc,turbo) detected communities in 0.7958157062530518 [s]
solution properties:
-------------------  ----------
# communities         78
min community size     2
max community size   140
avg. community size   64.1026
modularity             0.883643
-------------------  ----------
32 community detected
NMI:0.6793839175793677
ARI:0.8973592409125793
__iterative_rev_degree_order+PLP__
PLP detected communities in 0.08563470840454102 [s]
solution properties:
-------------------  -----------
# communities        1508
min community size      2
max community size     16
avg. community size     3.31565
modularity              0.781885
-------------------  -----------
32 community detected
NMI:0.46487861245224804
ARI:0.9811960429679205
__pmi__
Network Properties for:		G#48
nodes, edges			5000, 33808
directed?			False
weighted?			True
isolated nodes			0
self-loops			0
density				0.002705
clustering coefficient		0.292150
min/max/avg degree		1, 217, 13.523200
degree assortativity		0.183008
number of connected components	1
size of largest component	5000 (100.00 %)
tot:  72523.98511975973
__pmi+Louvain__
PLM(balanced,pc,turbo) detected communities in 0.6813561916351318 [s]
solution properties:
-------------------  ---------
# communities         26
min community size     2
max community size   477
avg. community size  192.308
modularity             1.08061
-------------------  ---------
32 community detected
NMI:0.3509498402795034
ARI:0.5144458618097032
__pmi+PLP__
PLP detected communities in 0.15518450736999512 [s]
solution properties:
-------------------  ---------
# communities        281
min community size     2
max community size   245
avg. community size   17.7936
modularity             1.02955
-------------------  ---------
32 community detected
NMI:0.2750441088134741
ARI:0.38851312021234485
__standard__
Network Properties for:		G#60
nodes, edges			5000, 33808
directed?			False
weighted?			True
isolated nodes			0
self-loops			0
density				0.002705
clustering coefficient		0.292150
min/max/avg degree		1, 217, 13.523200
degree assortativity		0.183008
number of connected components	1
size of largest component	5000 (100.00 %)
tot:  18.113349165934977
__standard+Louvain__
PLM(balanced,pc,turbo) detected communities in 0.6599917411804199 [s]
solution properties:
-------------------  ----------
# communities         60
min community size     2
max community size   231
avg. community size   83.3333
modularity             0.854801
-------------------  ----------
32 community detected
NMI:0.49677459294075543
ARI:0.6465585607568893
__standard+PLP__
PLP detected communities in 0.11835384368896484 [s]
solution properties:
-------------------  -----------
# communities        1243
min community size      2
max community size     69
avg. community size     4.02253
modularity              0.739988
-------------------  -----------
32 community detected
NMI:0.4460437218415859
ARI:0.9312250712250713
__ppmi__
Network Properties for:		G#72
nodes, edges			5000, 33808
directed?			False
weighted?			True
isolated nodes			0
self-loops			0
density				0.002705
clustering coefficient		0.292150
min/max/avg degree		1, 217, 13.523200
degree assortativity		0.183008
number of connected components	1
size of largest component	5000 (100.00 %)
tot:  132341.00002269362
__ppmi+Louvain__
PLM(balanced,pc,turbo) detected communities in 0.4369819164276123 [s]
solution properties:
-------------------  ----------
# communities         26
min community size   122
max community size   339
avg. community size  192.308
modularity             0.686467
-------------------  ----------
32 community detected
NMI:0.16161970510357815
ARI:0.2687784210443419
__ppmi+PLP__
PLP detected communities in 0.1488335132598877 [s]
solution properties:
-------------------  ----------
# communities        108
min community size     1
max community size   210
avg. community size   46.2963
modularity             0.683795
-------------------  ----------
32 community detected
NMI:0.12615161543412956
ARI:0.15618899284182675
__glovexmax50alpha0.2__
Network Properties for:		G#81
nodes, edges			5000, 33808
directed?			False
weighted?			True
isolated nodes			0
self-loops			0
density				0.002705
clustering coefficient		0.292150
min/max/avg degree		1, 217, 13.523200
degree assortativity		0.183008
number of connected components	1
size of largest component	5000 (100.00 %)
tot:  17408.452645433714
__glovexmax50alpha0.2+Louvain__
PLM(balanced,pc,turbo) detected communities in 0.3625504970550537 [s]
solution properties:
-------------------  ----------
# communities         25
min community size   121
max community size   299
avg. community size  200
modularity             0.665599
-------------------  ----------
32 community detected
NMI:0.07887217185473205
ARI:0.17850671665104656
__glovexmax50alpha0.2+PLP__
PLP detected communities in 0.14429807662963867 [s]
solution properties:
-------------------  ----------
# communities         33
min community size     2
max community size   217
avg. community size  151.515
modularity             0.669371
-------------------  ----------
32 community detected
NMI:0.03529735229619313
ARI:0.041082647383132054
__glovexmax40alpha0.2__
Network Properties for:		G#90
nodes, edges			5000, 33808
directed?			False
weighted?			True
isolated nodes			0
self-loops			0
density				0.002705
clustering coefficient		0.292150
min/max/avg degree		1, 217, 13.523200
degree assortativity		0.183008
number of connected components	1
size of largest component	5000 (100.00 %)
tot:  18175.67179176199
__glovexmax40alpha0.2+Louvain__
PLM(balanced,pc,turbo) detected communities in 0.40186214447021484 [s]
solution properties:
-------------------  ---------
# communities         29
min community size   101
max community size   300
avg. community size  172.414
modularity             0.66841
-------------------  ---------
32 community detected
NMI:0.054919915682865916
ARI:0.10918693697482018
__glovexmax40alpha0.2+PLP__
PLP detected communities in 0.11528372764587402 [s]
solution properties:
-------------------  ---------
# communities         33
min community size     2
max community size   217
avg. community size  151.515
modularity             0.66972
-------------------  ---------
32 community detected
NMI:0.03529735229619313
ARI:0.041082647383132054
__glovexmax30alpha0.3__
Network Properties for:		G#99
nodes, edges			5000, 33808
directed?			False
weighted?			True
isolated nodes			0
self-loops			0
density				0.002705
clustering coefficient		0.292150
min/max/avg degree		1, 217, 13.523200
degree assortativity		0.183008
number of connected components	1
size of largest component	5000 (100.00 %)
tot:  16086.946825098265
__glovexmax30alpha0.3+Louvain__
PLM(balanced,pc,turbo) detected communities in 0.35232090950012207 [s]
solution properties:
-------------------  ----------
# communities         32
min community size    98
max community size   218
avg. community size  156.25
modularity             0.666958
-------------------  ----------
32 community detected
NMI:0.04776865193279001
ARI:0.05544828222438902
__glovexmax30alpha0.3+PLP__
PLP detected communities in 0.13849234580993652 [s]
solution properties:
-------------------  ----------
# communities         33
min community size     2
max community size   218
avg. community size  151.515
modularity             0.666925
-------------------  ----------
32 community detected
NMI:0.04758884060649671
ARI:0.05491155877105691
NMI classement:
[('NMIglovexmax50alpha0.2+PLP', 0.03529735229619313), ('NMIglovexmax40alpha0.2+PLP', 0.03529735229619313), ('NMIglovexmax30alpha0.3+PLP', 0.04758884060649671), ('NMIglovexmax30alpha0.3+Louvain', 0.04776865193279001), ('NMIglovexmax40alpha0.2+Louvain', 0.054919915682865916), ('NMIglovexmax50alpha0.2+Louvain', 0.07887217185473205), ('NMIglove+PLP', 0.09695163890898206), ('NMIglove+Louvain', 0.11309051280604443), ('NMIPLP', 0.11555328669154197), ('NMILouvain', 0.12493979273199252), ('NMIppmi+PLP', 0.12615161543412956), ('NMIppmi+Louvain', 0.16161970510357815), ('NMIpmi+PLP', 0.2750441088134741), ('NMIpmi+Louvain', 0.3509498402795034), ('NMISingleton', 0.42370093147868315), ('NMIstandard+PLP', 0.4460437218415859), ('NMIiterative_rev_degree_order+PLP', 0.46487861245224804), ('NMIstandard+Louvain', 0.49677459294075543), ('NMIiterative_rev_degree_order+Louvain', 0.6793839175793677), ('NMIAllInOne', 1.0), ('NMIfake_pmi+Louvain', 1), ('NMIfake_pmi+PLP', 1)]
ARI classement:
[('ARIglovexmax50alpha0.2+PLP', 0.041082647383132054), ('ARIglovexmax40alpha0.2+PLP', 0.041082647383132054), ('ARIglovexmax30alpha0.3+PLP', 0.05491155877105691), ('ARIglovexmax30alpha0.3+Louvain', 0.05544828222438902), ('ARIglovexmax40alpha0.2+Louvain', 0.10918693697482018), ('ARIglove+PLP', 0.11279656429687579), ('ARIPLP', 0.13618860370708052), ('ARIppmi+PLP', 0.15618899284182675), ('ARIglove+Louvain', 0.16272325427142487), ('ARILouvain', 0.1763910746982572), ('ARIglovexmax50alpha0.2+Louvain', 0.17850671665104656), ('ARIppmi+Louvain', 0.2687784210443419), ('ARIpmi+PLP', 0.38851312021234485), ('ARIpmi+Louvain', 0.5144458618097032), ('ARIstandard+Louvain', 0.6465585607568893), ('ARIiterative_rev_degree_order+Louvain', 0.8973592409125793), ('ARIstandard+PLP', 0.9312250712250713), ('ARIiterative_rev_degree_order+PLP', 0.9811960429679205), ('ARISingleton', 1.0), ('ARIAllInOne', 1.0), ('ARIfake_pmi+Louvain', 1), ('ARIfake_pmi+PLP', 1)]
