__LOADINGS__
Network Properties for:		network
nodes, edges			5000, 56377
directed?			False
weighted?			True
isolated nodes			0
self-loops			0
density				0.004511
clustering coefficient		0.238915
min/max/avg degree		1, 346, 22.550800
degree assortativity		0.312479
number of connected components	1
size of largest component	5000 (100.00 %)
521145.34949742927
__Groundtruth__
read communities from: ../../lfr_5000/mk500/k25/muw0.4/33/community.dat
-------------------  ----------
# communities         45
min community size     6
max community size   473
avg. community size  111.111
modularity             0.451656
-------------------  ----------
45 community detected
__CLASSIC_METHODS__
__Louvain__
PLM(balanced,pc,turbo) detected communities in 0.41922450065612793 [s]
solution properties:
-------------------  ----------
# communities         20
min community size    60
max community size   472
avg. community size  250
modularity             0.457036
-------------------  ----------
45 community detected
NMI:0.16794682119787285
ARM:0.19413972234853705
__Singleton__
45 community detected
NMI:0.4614604625731925
ARM:1.0
__AllInOne__
45 community detected
NMI:1.0
ARM:1.0
__PLP__
PLP detected communities in 0.12698745727539062 [s]
solution properties:
-------------------  ----------
# communities         32
min community size     2
max community size   750
avg. community size  156.25
modularity             0.448943
-------------------  ----------
45 community detected
NMI:0.1913805982140162
ARM:0.28179226545916725
__NORMALIZATION__
__glove__
Network Properties for:		G#21cc
nodes, edges			5000, 56377
directed?			False
weighted?			True
isolated nodes			0
self-loops			0
density				0.004511
clustering coefficient		0.238915
min/max/avg degree		1, 346, 22.550800
degree assortativity		0.312479
number of connected components	1
size of largest component	5000 (100.00 %)
tot:  8043.002234928878
__glove+Louvain__
PLM(balanced,pc,turbo) detected communities in 0.5235238075256348 [s]
solution properties:
-------------------  ----------
# communities         22
min community size    67
max community size   460
avg. community size  227.273
modularity             0.482726
-------------------  ----------
45 community detected
NMI:0.1216130008537315
ARM:0.1401484665402033
__glove+PLP__
PLP detected communities in 0.1577470302581787 [s]
solution properties:
-------------------  ----------
# communities         40
min community size     5
max community size   477
avg. community size  125
modularity             0.482161
-------------------  ----------
45 community detected
NMI:0.10238528920177503
ARM:0.13475538982501267
__fake_pmi__
Network Properties for:		G#43cc
nodes, edges			5000, 56377
directed?			False
weighted?			True
isolated nodes			0
self-loops			0
density				0.004511
clustering coefficient		0.238915
min/max/avg degree		1, 346, 22.550800
degree assortativity		0.312479
number of connected components	1
size of largest component	5000 (100.00 %)
tot:  0.0
__fake_pmi+Louvain__
1 community detected due to total edge weight equal 0
NMI:1
ARM:0.13475538982501267
__fake_pmi+PLP__
1 community detected due to total edge weight equal 0
NMI:1
ARM:0.13475538982501267
__iterative_rev_degree_order__
Network Properties for:		G#56cc
nodes, edges			5000, 56377
directed?			False
weighted?			True
isolated nodes			0
self-loops			0
density				0.004511
clustering coefficient		0.238915
min/max/avg degree		1, 346, 22.550800
degree assortativity		0.312479
number of connected components	1
size of largest component	5000 (100.00 %)
tot:  1361.939837967122
__iterative_rev_degree_order+Louvain__
PLM(balanced,pc,turbo) detected communities in 0.8379940986633301 [s]
solution properties:
-------------------  ----------
# communities         69
min community size    23
max community size   154
avg. community size   72.4638
modularity             0.832465
-------------------  ----------
45 community detected
NMI:0.7847379992993797
ARM:0.9740780982964805
__iterative_rev_degree_order+PLP__
PLP detected communities in 0.08027052879333496 [s]
solution properties:
-------------------  -----------
# communities        1531
min community size      2
max community size     12
avg. community size     3.26584
modularity              0.718698
-------------------  -----------
45 community detected
NMI:0.5392547590505904
ARM:0.9942201564321121
__pmi__
Network Properties for:		G#81cc
nodes, edges			5000, 56377
directed?			False
weighted?			True
isolated nodes			0
self-loops			0
density				0.004511
clustering coefficient		0.238915
min/max/avg degree		1, 346, 22.550800
degree assortativity		0.312479
number of connected components	1
size of largest component	5000 (100.00 %)
tot:  127581.94557328263
__pmi+Louvain__
PLM(balanced,pc,turbo) detected communities in 0.7329907417297363 [s]
solution properties:
-------------------  ----------
# communities         30
min community size     8
max community size   517
avg. community size  166.667
modularity             0.751994
-------------------  ----------
45 community detected
NMI:0.3623791225366103
ARM:0.5242519219704915
__pmi+PLP__
PLP detected communities in 0.17604637145996094 [s]
solution properties:
-------------------  -----------
# communities         117
min community size      2
max community size   1179
avg. community size    42.735
modularity              0.724794
-------------------  -----------
45 community detected
NMI:0.3647910119816681
ARM:0.644207171810766
__standard__
Network Properties for:		G#103cc
nodes, edges			5000, 56377
directed?			False
weighted?			True
isolated nodes			0
self-loops			0
density				0.004511
clustering coefficient		0.238915
min/max/avg degree		1, 346, 22.550800
degree assortativity		0.312479
number of connected components	1
size of largest component	5000 (100.00 %)
tot:  13.353442862431047
__standard+Louvain__
PLM(balanced,pc,turbo) detected communities in 0.9342775344848633 [s]
solution properties:
-------------------  ----------
# communities         61
min community size    19
max community size   251
avg. community size   81.9672
modularity             0.828055
-------------------  ----------
45 community detected
NMI:0.7343051837101964
ARM:0.9348558423560959
__standard+PLP__
PLP detected communities in 0.2181994915008545 [s]
solution properties:
-------------------  -----------
# communities        1153
min community size      2
max community size     67
avg. community size     4.33651
modularity              0.698981
-------------------  -----------
45 community detected
NMI:0.5739520970340142
ARM:0.987017434362236
__ppmi__
Network Properties for:		G#128cc
nodes, edges			5000, 56377
directed?			False
weighted?			True
isolated nodes			0
self-loops			0
density				0.004511
clustering coefficient		0.238915
min/max/avg degree		1, 346, 22.550800
degree assortativity		0.312479
number of connected components	1
size of largest component	5000 (100.00 %)
tot:  196856.27413942356
__ppmi+Louvain__
PLM(balanced,pc,turbo) detected communities in 0.49826669692993164 [s]
solution properties:
-------------------  ----------
# communities         29
min community size    14
max community size   485
avg. community size  172.414
modularity             0.563016
-------------------  ----------
45 community detected
NMI:0.17560019483265155
ARM:0.24239066943864496
__ppmi+PLP__
PLP detected communities in 0.1360185146331787 [s]
solution properties:
-------------------  -----------
# communities          40
min community size      2
max community size   3123
avg. community size   125
modularity              0.413589
-------------------  -----------
45 community detected
NMI:0.33995575487935425
ARM:0.8542893019620739
__glovexmax50alpha0.2__
Network Properties for:		G#147cc
nodes, edges			5000, 56377
directed?			False
weighted?			True
isolated nodes			0
self-loops			0
density				0.004511
clustering coefficient		0.238915
min/max/avg degree		1, 346, 22.550800
degree assortativity		0.312479
number of connected components	1
size of largest component	5000 (100.00 %)
tot:  31755.873352172875
__glovexmax50alpha0.2+Louvain__
PLM(balanced,pc,turbo) detected communities in 0.4096207618713379 [s]
solution properties:
-------------------  ----------
# communities         24
min community size    58
max community size   466
avg. community size  208.333
modularity             0.531968
-------------------  ----------
45 community detected
NMI:0.039085279598624845
ARM:0.0338877798970747
__glovexmax50alpha0.2+PLP__
PLP detected communities in 0.08697867393493652 [s]
solution properties:
-------------------  ----------
# communities         42
min community size     6
max community size   471
avg. community size  119.048
modularity             0.531571
-------------------  ----------
45 community detected
NMI:0.01811014951751566
ARM:0.02343737176741989
__glovexmax40alpha0.2__
Network Properties for:		G#166cc
nodes, edges			5000, 56377
directed?			False
weighted?			True
isolated nodes			0
self-loops			0
density				0.004511
clustering coefficient		0.238915
min/max/avg degree		1, 346, 22.550800
degree assortativity		0.312479
number of connected components	1
size of largest component	5000 (100.00 %)
tot:  33148.792608596064
__glovexmax40alpha0.2+Louvain__
PLM(balanced,pc,turbo) detected communities in 0.32047581672668457 [s]
solution properties:
-------------------  ----------
# communities         21
min community size    74
max community size   465
avg. community size  238.095
modularity             0.532117
-------------------  ----------
45 community detected
NMI:0.05352539501329068
ARM:0.050621766474012175
__glovexmax40alpha0.2+PLP__
PLP detected communities in 0.09192657470703125 [s]
solution properties:
-------------------  ---------
# communities         42
min community size     6
max community size   476
avg. community size  119.048
modularity             0.53203
-------------------  ---------
45 community detected
NMI:0.017474367777441935
ARM:0.02425979415298951
__glovexmax30alpha0.3__
Network Properties for:		G#185cc
nodes, edges			5000, 56377
directed?			False
weighted?			True
isolated nodes			0
self-loops			0
density				0.004511
clustering coefficient		0.238915
min/max/avg degree		1, 346, 22.550800
degree assortativity		0.312479
number of connected components	1
size of largest component	5000 (100.00 %)
tot:  29933.96284662349
__glovexmax30alpha0.3+Louvain__
PLM(balanced,pc,turbo) detected communities in 0.330761194229126 [s]
solution properties:
-------------------  ---------
# communities         26
min community size    25
max community size   458
avg. community size  192.308
modularity             0.52722
-------------------  ---------
45 community detected
NMI:0.04798853416596116
ARM:0.05098957473781429
__glovexmax30alpha0.3+PLP__
PLP detected communities in 0.0686652660369873 [s]
solution properties:
-------------------  ----------
# communities         42
min community size     6
max community size   472
avg. community size  119.048
modularity             0.526936
-------------------  ----------
45 community detected
NMI:0.029836576897754208
ARM:0.03893282771542572
