__LOADINGS__
Network Properties for:		network
nodes, edges			5000, 56252
directed?			False
weighted?			True
isolated nodes			0
self-loops			0
density				0.004501
clustering coefficient		0.447707
min/max/avg degree		2, 87, 22.500800
degree assortativity		0.409931
number of connected components	1
size of largest component	5000 (100.00 %)
337213.31007433764
__Groundtruth__
read communities from: ../../lfr_5000/mk100/k25/muw0.2/36/community.dat
-------------------  ----------
# communities        104
min community size    20
max community size    99
avg. community size   48.0769
modularity             0.817437
-------------------  ----------
104 community detected
__CLASSIC_METHODS__
__Louvain__
PLM(balanced,pc,turbo) detected communities in 0.44403553009033203 [s]
solution properties:
-------------------  ----------
# communities         63
min community size    43
max community size   122
avg. community size   79.3651
modularity             0.817642
-------------------  ----------
104 community detected
NMI:0.04903715023552091
ARM:0.1805482745137793
__Singleton__
104 community detected
NMI:0.30478149554017087
ARM:1.0
__AllInOne__
104 community detected
NMI:1.0
ARM:1.0
__PLP__
PLP detected communities in 0.06691122055053711 [s]
solution properties:
-------------------  ----------
# communities        104
min community size    20
max community size   101
avg. community size   48.0769
modularity             0.817479
-------------------  ----------
104 community detected
NMI:0.00048498238702465724
ARM:0.0012679256946371842
__NORMALIZATION__
__glove__
Network Properties for:		G#21cc
nodes, edges			5000, 56252
directed?			False
weighted?			True
isolated nodes			0
self-loops			0
density				0.004501
clustering coefficient		0.447707
min/max/avg degree		2, 87, 22.500800
degree assortativity		0.409931
number of connected components	1
size of largest component	5000 (100.00 %)
tot:  6589.782112459165
__glove+Louvain__
PLM(balanced,pc,turbo) detected communities in 0.34899449348449707 [s]
solution properties:
-------------------  ----------
# communities         64
min community size    43
max community size   119
avg. community size   78.125
modularity             0.819294
-------------------  ----------
104 community detected
NMI:0.047159423197769
ARM:0.17277483850223607
__glove+PLP__
PLP detected communities in 0.07184982299804688 [s]
solution properties:
-------------------  ----------
# communities        104
min community size    20
max community size   101
avg. community size   48.0769
modularity             0.819364
-------------------  ----------
104 community detected
NMI:0.00048498238702465724
ARM:0.0012679256946371842
__fake_pmi__
Network Properties for:		G#40cc
nodes, edges			5000, 56252
directed?			False
weighted?			True
isolated nodes			0
self-loops			0
density				0.004501
clustering coefficient		0.447707
min/max/avg degree		2, 87, 22.500800
degree assortativity		0.409931
number of connected components	1
size of largest component	5000 (100.00 %)
tot:  0.0
__fake_pmi+Louvain__
1 community detected due to total edge weight equal 0
NMI:1
ARM:0.0012679256946371842
__fake_pmi+PLP__
1 community detected due to total edge weight equal 0
NMI:1
ARM:0.0012679256946371842
__iterative_rev_degree_order__
Network Properties for:		G#53cc
nodes, edges			5000, 56252
directed?			False
weighted?			True
isolated nodes			0
self-loops			0
density				0.004501
clustering coefficient		0.447707
min/max/avg degree		2, 87, 22.500800
degree assortativity		0.409931
number of connected components	1
size of largest component	5000 (100.00 %)
tot:  1155.7024762138512
__iterative_rev_degree_order+Louvain__
PLM(balanced,pc,turbo) detected communities in 0.5438621044158936 [s]
solution properties:
-------------------  ----------
# communities         58
min community size    31
max community size   176
avg. community size   86.2069
modularity             0.789063
-------------------  ----------
104 community detected
NMI:0.376598097739821
ARM:0.6990160087701836
__iterative_rev_degree_order+PLP__
PLP detected communities in 0.1424713134765625 [s]
solution properties:
-------------------  -----------
# communities        1078
min community size      2
max community size     33
avg. community size     4.63822
modularity              0.620756
-------------------  -----------
104 community detected
NMI:0.2980196956242662
ARM:0.8967260608585332
__pmi__
Network Properties for:		G#75cc
nodes, edges			5000, 56252
directed?			False
weighted?			True
isolated nodes			0
self-loops			0
density				0.004501
clustering coefficient		0.447707
min/max/avg degree		2, 87, 22.500800
degree assortativity		0.409931
number of connected components	1
size of largest component	5000 (100.00 %)
tot:  335514.76424942346
__pmi+Louvain__
PLM(balanced,pc,turbo) detected communities in 0.3789186477661133 [s]
solution properties:
-------------------  ----------
# communities         59
min community size    52
max community size   119
avg. community size   84.7458
modularity             0.819292
-------------------  ----------
104 community detected
NMI:0.05553365602426463
ARM:0.20226075381022757
__pmi+PLP__
PLP detected communities in 0.09662604331970215 [s]
solution properties:
-------------------  ----------
# communities        104
min community size    20
max community size   100
avg. community size   48.0769
modularity             0.821322
-------------------  ----------
104 community detected
NMI:0.0002442217426904536
ARM:0.0006568525172906403
__standard__
Network Properties for:		G#94cc
nodes, edges			5000, 56252
directed?			False
weighted?			True
isolated nodes			0
self-loops			0
density				0.004501
clustering coefficient		0.447707
min/max/avg degree		2, 87, 22.500800
degree assortativity		0.409931
number of connected components	1
size of largest component	5000 (100.00 %)
tot:  18.340756248022466
__standard+Louvain__
PLM(balanced,pc,turbo) detected communities in 0.5406296253204346 [s]
solution properties:
-------------------  ----------
# communities         68
min community size    21
max community size   247
avg. community size   73.5294
modularity             0.824981
-------------------  ----------
104 community detected
NMI:0.1022887461268589
ARM:0.3700085076335784
__standard+PLP__
PLP detected communities in 0.1490931510925293 [s]
solution properties:
-------------------  ----------
# communities        158
min community size     2
max community size    95
avg. community size   31.6456
modularity             0.817609
-------------------  ----------
104 community detected
NMI:0.04385610836880238
ARM:0.09027616616384315
__ppmi__
Network Properties for:		G#116cc
nodes, edges			5000, 56252
directed?			False
weighted?			True
isolated nodes			0
self-loops			0
density				0.004501
clustering coefficient		0.447707
min/max/avg degree		2, 87, 22.500800
degree assortativity		0.409931
number of connected components	1
size of largest component	5000 (100.00 %)
tot:  336462.75511678885
__ppmi+Louvain__
PLM(balanced,pc,turbo) detected communities in 0.4111170768737793 [s]
solution properties:
-------------------  ----------
# communities         68
min community size    51
max community size   102
avg. community size   73.5294
modularity             0.819339
-------------------  ----------
104 community detected
NMI:0.038350386855534824
ARM:0.13148962762372718
__ppmi+PLP__
PLP detected communities in 0.09148049354553223 [s]
solution properties:
-------------------  ----------
# communities        103
min community size    20
max community size   109
avg. community size   48.5437
modularity             0.820124
-------------------  ----------
104 community detected
NMI:0.0016378870322432126
ARM:0.008736500590680873
__glovexmax50alpha0.2__
Network Properties for:		G#135cc
nodes, edges			5000, 56252
directed?			False
weighted?			True
isolated nodes			0
self-loops			0
density				0.004501
clustering coefficient		0.447707
min/max/avg degree		2, 87, 22.500800
degree assortativity		0.409931
number of connected components	1
size of largest component	5000 (100.00 %)
tot:  35506.4123400506
__glovexmax50alpha0.2+Louvain__
PLM(balanced,pc,turbo) detected communities in 0.3991849422454834 [s]
solution properties:
-------------------  ----------
# communities         67
min community size    49
max community size   101
avg. community size   74.6269
modularity             0.817159
-------------------  ----------
104 community detected
NMI:0.04053835800056926
ARM:0.14055584038928848
__glovexmax50alpha0.2+PLP__
PLP detected communities in 0.0859830379486084 [s]
solution properties:
-------------------  ---------
# communities        104
min community size    20
max community size   101
avg. community size   48.0769
modularity             0.81742
-------------------  ---------
104 community detected
NMI:0.00048498238702465724
ARM:0.0012679256946371842
__glovexmax40alpha0.2__
Network Properties for:		G#154cc
nodes, edges			5000, 56252
directed?			False
weighted?			True
isolated nodes			0
self-loops			0
density				0.004501
clustering coefficient		0.447707
min/max/avg degree		2, 87, 22.500800
degree assortativity		0.409931
number of connected components	1
size of largest component	5000 (100.00 %)
tot:  37126.90911337224
__glovexmax40alpha0.2+Louvain__
PLM(balanced,pc,turbo) detected communities in 0.4065971374511719 [s]
solution properties:
-------------------  ----------
# communities         67
min community size    43
max community size   101
avg. community size   74.6269
modularity             0.817201
-------------------  ----------
104 community detected
NMI:0.04072561094853233
ARM:0.1418860791702512
__glovexmax40alpha0.2+PLP__
PLP detected communities in 0.08085489273071289 [s]
solution properties:
-------------------  ---------
# communities        104
min community size    20
max community size   101
avg. community size   48.0769
modularity             0.81742
-------------------  ---------
104 community detected
NMI:0.00048498238702465724
ARM:0.0012679256946371842
__glovexmax30alpha0.3__
Network Properties for:		G#173cc
nodes, edges			5000, 56252
directed?			False
weighted?			True
isolated nodes			0
self-loops			0
density				0.004501
clustering coefficient		0.447707
min/max/avg degree		2, 87, 22.500800
degree assortativity		0.409931
number of connected components	1
size of largest component	5000 (100.00 %)
tot:  33191.21641282592
__glovexmax30alpha0.3+Louvain__
PLM(balanced,pc,turbo) detected communities in 0.3092508316040039 [s]
solution properties:
-------------------  ----------
# communities         64
min community size    43
max community size   119
avg. community size   78.125
modularity             0.818697
-------------------  ----------
104 community detected
NMI:0.046631754757453514
ARM:0.16829797924888124
__glovexmax30alpha0.3+PLP__
PLP detected communities in 0.06954407691955566 [s]
solution properties:
-------------------  ---------
# communities        104
min community size    20
max community size   101
avg. community size   48.0769
modularity             0.81898
-------------------  ---------
104 community detected
NMI:0.00048498238702476826
ARM:0.0012679256946371842
