__LOADINGS__
Network Properties for:		network
nodes, edges			5000, 27633
directed?			False
weighted?			True
isolated nodes			1
self-loops			0
density				0.002211
clustering coefficient		0.414399
min/max/avg degree		0, 357, 11.053200
degree assortativity		0.162374
number of connected components	9
size of largest component	4974 (99.48 %)
236216.53044496043
__Groundtruth__
read communities from: ../../lfr_5000/mk500/k15/muw0.2/45/community.dat
-------------------  ---------
# communities         50
min community size     3
max community size   469
avg. community size  100
modularity             0.58299
-------------------  ---------
50 community detected
__CLASSIC_METHODS__
__Louvain__
PLM(balanced,pc,turbo) detected communities in 0.5392153263092041 [s]
solution properties:
-------------------  ---------
# communities         33
min community size     1
max community size   496
avg. community size  151.515
modularity             0.59307
-------------------  ---------
50 community detected
NMI:0.1533399521779656
ARM:0.17223801256956994
__Singleton__
50 community detected
NMI:0.46195834337911923
ARM:1.0
__AllInOne__
50 community detected
NMI:1.0
ARM:1.0
__PLP__
PLP detected communities in 0.0863652229309082 [s]
solution properties:
-------------------  ----------
# communities         72
min community size     1
max community size   512
avg. community size   69.4444
modularity             0.590415
-------------------  ----------
50 community detected
NMI:0.13364501884395308
ARM:0.1501408046102084
__NORMALIZATION__
__glove__
Network Properties for:		G#24cc
nodes, edges			4974, 27606
directed?			False
weighted?			True
isolated nodes			0
self-loops			0
density				0.002232
clustering coefficient		0.413147
min/max/avg degree		1, 357, 11.100121
degree assortativity		0.161784
number of connected components	1
size of largest component	4974 (100.00 %)
tot:  3207.066624133135
__glove+Louvain__
PLM(balanced,pc,turbo) detected communities in 0.49914073944091797 [s]
solution properties:
-------------------  ----------
# communities         25
min community size     7
max community size   493
avg. community size  198.96
modularity             0.648211
-------------------  ----------
50 community detected
NMI:0.9635320337927342
ARM:0.9993007018110674
__glove+PLP__
PLP detected communities in 0.14862275123596191 [s]
solution properties:
-------------------  ----------
# communities         67
min community size     2
max community size   506
avg. community size   74.2388
modularity             0.645688
-------------------  ----------
50 community detected
NMI:0.942722794370652
ARM:0.9993295261223254
__fake_pmi__
Network Properties for:		G#46cc
nodes, edges			4974, 27606
directed?			False
weighted?			True
isolated nodes			0
self-loops			0
density				0.002232
clustering coefficient		0.413147
min/max/avg degree		1, 357, 11.100121
degree assortativity		0.161784
number of connected components	1
size of largest component	4974 (100.00 %)
tot:  0.0
__fake_pmi+Louvain__
1 community detected due to total edge weight equal 0
NMI:1
ARM:0.9993295261223254
__fake_pmi+PLP__
1 community detected due to total edge weight equal 0
NMI:1
ARM:0.9993295261223254
__iterative_rev_degree_order__
Network Properties for:		G#59cc
nodes, edges			4974, 27606
directed?			False
weighted?			True
isolated nodes			0
self-loops			0
density				0.002232
clustering coefficient		0.413147
min/max/avg degree		1, 357, 11.100121
degree assortativity		0.161784
number of connected components	1
size of largest component	4974 (100.00 %)
tot:  1691.3778098927692
__iterative_rev_degree_order+Louvain__
PLM(balanced,pc,turbo) detected communities in 0.7177791595458984 [s]
solution properties:
-------------------  ----------
# communities        131
min community size     2
max community size   205
avg. community size   37.9695
modularity             0.936139
-------------------  ----------
50 community detected
NMI:0.8991960368492632
ARM:0.9997274414886733
__iterative_rev_degree_order+PLP__
PLP detected communities in 0.10638236999511719 [s]
solution properties:
-------------------  -----------
# communities        1387
min community size      2
max community size     29
avg. community size     3.58616
modularity              0.844113
-------------------  -----------
50 community detected
NMI:0.6395821051731576
ARM:0.9999380237171965
__pmi__
Network Properties for:		G#84cc
nodes, edges			4974, 27606
directed?			False
weighted?			True
isolated nodes			0
self-loops			0
density				0.002232
clustering coefficient		0.413147
min/max/avg degree		1, 357, 11.100121
degree assortativity		0.161784
number of connected components	1
size of largest component	4974 (100.00 %)
tot:  35776.767798562796
__pmi+Louvain__
PLM(balanced,pc,turbo) detected communities in 0.6272878646850586 [s]
solution properties:
-------------------  ---------
# communities         35
min community size     1
max community size   603
avg. community size  142.114
modularity             1.87257
-------------------  ---------
50 community detected
NMI:0.956188716590021
ARM:0.9999045899174626
__pmi+PLP__
PLP detected communities in 0.23825287818908691 [s]
solution properties:
-------------------  ---------
# communities        541
min community size     1
max community size   331
avg. community size    9.19409
modularity             1.59728
-------------------  ---------
50 community detected
NMI:0.7995073658269336
ARM:1.0003212572159101
__standard__
Network Properties for:		G#106cc
nodes, edges			4974, 27606
directed?			False
weighted?			True
isolated nodes			0
self-loops			0
density				0.002232
clustering coefficient		0.413147
min/max/avg degree		1, 357, 11.100121
degree assortativity		0.161784
number of connected components	1
size of largest component	4974 (100.00 %)
tot:  38.433557364548165
__standard+Louvain__
PLM(balanced,pc,turbo) detected communities in 0.5888636112213135 [s]
solution properties:
-------------------  -----------
# communities          85
min community size      2
max community size   1180
avg. community size    58.5176
modularity              0.944146
-------------------  -----------
50 community detected
NMI:0.9298630934616103
ARM:1.000033432924873
__standard+PLP__
PLP detected communities in 0.08803701400756836 [s]
solution properties:
-------------------  -----------
# communities        1072
min community size      2
max community size    149
avg. community size     4.63993
modularity              0.812113
-------------------  -----------
50 community detected
NMI:0.6880885494373461
ARM:0.9998093014576179
__ppmi__
Network Properties for:		G#128cc
nodes, edges			4974, 27606
directed?			False
weighted?			True
isolated nodes			0
self-loops			0
density				0.002232
clustering coefficient		0.413147
min/max/avg degree		1, 357, 11.100121
degree assortativity		0.161784
number of connected components	1
size of largest component	4974 (100.00 %)
tot:  94406.65315170372
__ppmi+Louvain__
PLM(balanced,pc,turbo) detected communities in 0.5886268615722656 [s]
solution properties:
-------------------  ----------
# communities         36
min community size     8
max community size   405
avg. community size  138.167
modularity             0.765554
-------------------  ----------
50 community detected
NMI:0.955085966189622
ARM:0.9997714133323173
__ppmi+PLP__
PLP detected communities in 0.1503908634185791 [s]
solution properties:
-------------------  ----------
# communities        495
min community size     1
max community size   394
avg. community size   10.0485
modularity             0.645269
-------------------  ----------
50 community detected
NMI:0.8102266443354653
ARM:1.0003578032145461
__glovexmax50alpha0.2__
Network Properties for:		G#150cc
nodes, edges			4974, 27606
directed?			False
weighted?			True
isolated nodes			0
self-loops			0
density				0.002232
clustering coefficient		0.413147
min/max/avg degree		1, 357, 11.100121
degree assortativity		0.161784
number of connected components	1
size of largest component	4974 (100.00 %)
tot:  13229.137474914718
__glovexmax50alpha0.2+Louvain__
PLM(balanced,pc,turbo) detected communities in 0.481154203414917 [s]
solution properties:
-------------------  ----------
# communities         31
min community size     7
max community size   470
avg. community size  160.452
modularity             0.727592
-------------------  ----------
50 community detected
NMI:0.9588545736214065
ARM:0.9996010924389835
__glovexmax50alpha0.2+PLP__
PLP detected communities in 0.11118006706237793 [s]
solution properties:
-------------------  ----------
# communities         69
min community size     1
max community size   486
avg. community size   72.087
modularity             0.723488
-------------------  ----------
50 community detected
NMI:0.9429890459620177
ARM:0.9996059842632503
__glovexmax40alpha0.2__
Network Properties for:		G#172cc
nodes, edges			4974, 27606
directed?			False
weighted?			True
isolated nodes			0
self-loops			0
density				0.002232
clustering coefficient		0.413147
min/max/avg degree		1, 357, 11.100121
degree assortativity		0.161784
number of connected components	1
size of largest component	4974 (100.00 %)
tot:  13783.686314911965
__glovexmax40alpha0.2+Louvain__
PLM(balanced,pc,turbo) detected communities in 0.5364851951599121 [s]
solution properties:
-------------------  ---------
# communities         29
min community size     7
max community size   473
avg. community size  171.517
modularity             0.72845
-------------------  ---------
50 community detected
NMI:0.9606194558574339
ARM:0.9995680911714857
__glovexmax40alpha0.2+PLP__
PLP detected communities in 0.12696194648742676 [s]
solution properties:
-------------------  ----------
# communities         68
min community size     2
max community size   486
avg. community size   73.1471
modularity             0.723805
-------------------  ----------
50 community detected
NMI:0.9423130322535976
ARM:0.999592607543028
__glovexmax30alpha0.3__
Network Properties for:		G#194cc
nodes, edges			4974, 27606
directed?			False
weighted?			True
isolated nodes			0
self-loops			0
density				0.002232
clustering coefficient		0.413147
min/max/avg degree		1, 357, 11.100121
degree assortativity		0.161784
number of connected components	1
size of largest component	4974 (100.00 %)
tot:  11860.46309551421
__glovexmax30alpha0.3+Louvain__
PLM(balanced,pc,turbo) detected communities in 0.25183939933776855 [s]
solution properties:
-------------------  ----------
# communities         26
min community size    11
max community size   482
avg. community size  191.308
modularity             0.722591
-------------------  ----------
50 community detected
NMI:0.9626961061316042
ARM:0.9994386851198933
__glovexmax30alpha0.3+PLP__
PLP detected communities in 0.06539559364318848 [s]
solution properties:
-------------------  ----------
# communities         69
min community size     2
max community size   491
avg. community size   72.087
modularity             0.718541
-------------------  ----------
50 community detected
NMI:0.942204520203182
ARM:0.9995214155365514
