__LOADINGS__
4976/47007 10.585657455272619 % of nul weighted edges removed
2/5000 0.04 % of nul degree nodes removed
Network Properties for:		network
nodes, edges			4998, 42031
directed?			False
weighted?			True
isolated nodes			2
self-loops			0
density				0.003366
clustering coefficient		0.286554
min/max/avg degree		0, 78, 16.819128
degree assortativity		0.384470
number of connected components	1
size of largest component	4998 (100.00 %)
236964.3465485788
__Groundtruth__
read communities from: ../../lfr_5000/mk100/k20/muw0.3/38/community.dat
-------------------  ----------
# communities        104
min community size    20
max community size    99
avg. community size   48.0769
modularity             0.703283
-------------------  ----------
104 community detected
__CLASSIC_METHODS__
__Louvain__
PLM(balanced,pc,turbo) detected communities in 0.46947360038757324 [s]
solution properties:
-------------------  ----------
# communities         57
min community size    37
max community size   148
avg. community size   87.6842
modularity             0.704581
-------------------  ----------
104 community detected
NMI:0.0635782377735743
ARI:0.23704933869540912
__Singleton__
104 community detected
NMI:0.30474940662083094
ARI:1.0
__AllInOne__
104 community detected
NMI:1.0
ARI:1.0
__PLP__
PLP detected communities in 0.1047360897064209 [s]
solution properties:
-------------------  ----------
# communities        108
min community size     1
max community size    99
avg. community size   46.2963
modularity             0.701346
-------------------  ----------
104 community detected
NMI:0.0033091120405808194
ARI:0.007011189717861299
__NORMALIZATION__
__glove__
Network Properties for:		G#21
nodes, edges			4998, 42031
directed?			False
weighted?			True
isolated nodes			2
self-loops			0
density				0.003366
clustering coefficient		0.286554
min/max/avg degree		0, 78, 16.819128
degree assortativity		0.384470
number of connected components	1
size of largest component	4998 (100.00 %)
tot:  4636.328881527944
__glove+Louvain__
PLM(balanced,pc,turbo) detected communities in 0.4495251178741455 [s]
solution properties:
-------------------  ----------
# communities         56
min community size    44
max community size   148
avg. community size   89.25
modularity             0.709107
-------------------  ----------
104 community detected
NMI:0.06410315767220665
ARI:0.24428850737873964
__glove+PLP__
PLP detected communities in 0.1285381317138672 [s]
solution properties:
-------------------  ----------
# communities        106
min community size     1
max community size    99
avg. community size   47.1698
modularity             0.708429
-------------------  ----------
104 community detected
NMI:0.00023472252025646956
ARI:0.0005274113245760104
__fake_pmi__
Network Properties for:		G#30
nodes, edges			4998, 42031
directed?			False
weighted?			True
isolated nodes			2
self-loops			0
density				0.003366
clustering coefficient		0.286554
min/max/avg degree		0, 78, 16.819128
degree assortativity		0.384470
number of connected components	1
size of largest component	4998 (100.00 %)
tot:  0.0
__fake_pmi+Louvain__
1 community detected due to total edge weight equal 0
NMI:1
ARI:1
__fake_pmi+PLP__
1 community detected due to total edge weight equal 0
NMI:1
ARI:1
__iterative_rev_degree_order__
Network Properties for:		G#33
nodes, edges			4998, 42031
directed?			False
weighted?			True
isolated nodes			2
self-loops			0
density				0.003366
clustering coefficient		0.286554
min/max/avg degree		0, 78, 16.819128
degree assortativity		0.384470
number of connected components	1
size of largest component	4998 (100.00 %)
tot:  1302.684281841205
__iterative_rev_degree_order+Louvain__
PLM(balanced,pc,turbo) detected communities in 0.8673248291015625 [s]
solution properties:
-------------------  ----------
# communities         49
min community size    53
max community size   154
avg. community size  102
modularity             0.773961
-------------------  ----------
104 community detected
NMI:0.5340716401315092
ARI:0.8469796273776076
__iterative_rev_degree_order+PLP__
PLP detected communities in 0.0878603458404541 [s]
solution properties:
-------------------  -----------
# communities        1251
min community size      1
max community size     16
avg. community size     3.9968
modularity              0.642162
-------------------  -----------
104 community detected
NMI:0.3332140479546397
ARI:0.9434244207954885
__pmi__
Network Properties for:		G#48
nodes, edges			4998, 42031
directed?			False
weighted?			True
isolated nodes			2
self-loops			0
density				0.003366
clustering coefficient		0.286554
min/max/avg degree		0, 78, 16.819128
degree assortativity		0.384470
number of connected components	1
size of largest component	4998 (100.00 %)
tot:  250603.57536568827
__pmi+Louvain__
PLM(balanced,pc,turbo) detected communities in 0.4767894744873047 [s]
solution properties:
-------------------  ----------
# communities         64
min community size    38
max community size   118
avg. community size   78.0938
modularity             0.718883
-------------------  ----------
104 community detected
NMI:0.04697830836000805
ARI:0.17053290064375293
__pmi+PLP__
PLP detected communities in 0.11338973045349121 [s]
solution properties:
-------------------  ----------
# communities        105
min community size     1
max community size    99
avg. community size   47.619
modularity             0.717254
-------------------  ----------
104 community detected
NMI:0.0033969842888028623
ARI:0.013949409029527682
__standard__
Network Properties for:		G#57
nodes, edges			4998, 42031
directed?			False
weighted?			True
isolated nodes			2
self-loops			0
density				0.003366
clustering coefficient		0.286554
min/max/avg degree		0, 78, 16.819128
degree assortativity		0.384470
number of connected components	1
size of largest component	4998 (100.00 %)
tot:  24.985874236530805
__standard+Louvain__
PLM(balanced,pc,turbo) detected communities in 0.8560342788696289 [s]
solution properties:
-------------------  --------
# communities         41
min community size    30
max community size   356
avg. community size  121.902
modularity             0.7372
-------------------  --------
104 community detected
NMI:0.27120289730295
ARI:0.6270365680518784
__standard+PLP__
PLP detected communities in 0.22648239135742188 [s]
solution properties:
-------------------  ----------
# communities        363
min community size     1
max community size    93
avg. community size   13.7741
modularity             0.682068
-------------------  ----------
104 community detected
NMI:0.16404465249491162
ARI:0.345805989539958
__ppmi__
Network Properties for:		G#69
nodes, edges			4998, 42031
directed?			False
weighted?			True
isolated nodes			2
self-loops			0
density				0.003366
clustering coefficient		0.286554
min/max/avg degree		0, 78, 16.819128
degree assortativity		0.384470
number of connected components	1
size of largest component	4998 (100.00 %)
tot:  254077.85671636468
__ppmi+Louvain__
PLM(balanced,pc,turbo) detected communities in 0.47390246391296387 [s]
solution properties:
-------------------  ----------
# communities         63
min community size    44
max community size   159
avg. community size   79.3333
modularity             0.715139
-------------------  ----------
104 community detected
NMI:0.05003008311359247
ARI:0.1904082754828511
__ppmi+PLP__
PLP detected communities in 0.13158798217773438 [s]
solution properties:
-------------------  ----------
# communities        105
min community size     1
max community size    99
avg. community size   47.619
modularity             0.713159
-------------------  ----------
104 community detected
NMI:0.003419582251932063
ARI:0.015044340114762633
__glovexmax50alpha0.2__
Network Properties for:		G#78
nodes, edges			4998, 42031
directed?			False
weighted?			True
isolated nodes			2
self-loops			0
density				0.003366
clustering coefficient		0.286554
min/max/avg degree		0, 78, 16.819128
degree assortativity		0.384470
number of connected components	1
size of largest component	4998 (100.00 %)
tot:  25658.002286344556
__glovexmax50alpha0.2+Louvain__
PLM(balanced,pc,turbo) detected communities in 0.5481929779052734 [s]
solution properties:
-------------------  ----------
# communities         58
min community size    48
max community size   126
avg. community size   86.1724
modularity             0.711744
-------------------  ----------
104 community detected
NMI:0.0592021029931491
ARI:0.221348562600011
__glovexmax50alpha0.2+PLP__
PLP detected communities in 0.12393021583557129 [s]
solution properties:
-------------------  ----------
# communities        106
min community size     1
max community size    99
avg. community size   47.1698
modularity             0.711558
-------------------  ----------
104 community detected
NMI:0.00023472252025646956
ARI:0.0005274113245760104
__glovexmax40alpha0.2__
Network Properties for:		G#87
nodes, edges			4998, 42031
directed?			False
weighted?			True
isolated nodes			2
self-loops			0
density				0.003366
clustering coefficient		0.286554
min/max/avg degree		0, 78, 16.819128
degree assortativity		0.384470
number of connected components	1
size of largest component	4998 (100.00 %)
tot:  26829.02203107912
__glovexmax40alpha0.2+Louvain__
PLM(balanced,pc,turbo) detected communities in 0.430462121963501 [s]
solution properties:
-------------------  ----------
# communities         67
min community size    33
max community size   126
avg. community size   74.597
modularity             0.712077
-------------------  ----------
104 community detected
NMI:0.04305316647192481
ARI:0.16058147196220074
__glovexmax40alpha0.2+PLP__
PLP detected communities in 0.1008756160736084 [s]
solution properties:
-------------------  ----------
# communities        106
min community size     1
max community size    99
avg. community size   47.1698
modularity             0.711558
-------------------  ----------
104 community detected
NMI:0.0002347225202566916
ARI:0.0005274113245760104
__glovexmax30alpha0.3__
Network Properties for:		G#96
nodes, edges			4998, 42031
directed?			False
weighted?			True
isolated nodes			2
self-loops			0
density				0.003366
clustering coefficient		0.286554
min/max/avg degree		0, 78, 16.819128
degree assortativity		0.384470
number of connected components	1
size of largest component	4998 (100.00 %)
tot:  23772.95158607808
__glovexmax30alpha0.3+Louvain__
PLM(balanced,pc,turbo) detected communities in 0.5042316913604736 [s]
solution properties:
-------------------  ----------
# communities         55
min community size    58
max community size   128
avg. community size   90.8727
modularity             0.712802
-------------------  ----------
104 community detected
NMI:0.06530668229031267
ARI:0.24347672116370034
__glovexmax30alpha0.3+PLP__
PLP detected communities in 0.09873819351196289 [s]
solution properties:
-------------------  ----------
# communities        106
min community size     1
max community size    99
avg. community size   47.1698
modularity             0.712709
-------------------  ----------
104 community detected
NMI:0.00023472252025646956
ARI:0.0005274113245760104
NMI classement:
[('NMIglove+PLP', 0.00023472252025646956), ('NMIglovexmax50alpha0.2+PLP', 0.00023472252025646956), ('NMIglovexmax30alpha0.3+PLP', 0.00023472252025646956), ('NMIglovexmax40alpha0.2+PLP', 0.0002347225202566916), ('NMIPLP', 0.0033091120405808194), ('NMIpmi+PLP', 0.0033969842888028623), ('NMIppmi+PLP', 0.003419582251932063), ('NMIglovexmax40alpha0.2+Louvain', 0.04305316647192481), ('NMIpmi+Louvain', 0.04697830836000805), ('NMIppmi+Louvain', 0.05003008311359247), ('NMIglovexmax50alpha0.2+Louvain', 0.0592021029931491), ('NMILouvain', 0.0635782377735743), ('NMIglove+Louvain', 0.06410315767220665), ('NMIglovexmax30alpha0.3+Louvain', 0.06530668229031267), ('NMIstandard+PLP', 0.16404465249491162), ('NMIstandard+Louvain', 0.27120289730295), ('NMISingleton', 0.30474940662083094), ('NMIiterative_rev_degree_order+PLP', 0.3332140479546397), ('NMIiterative_rev_degree_order+Louvain', 0.5340716401315092), ('NMIAllInOne', 1.0), ('NMIfake_pmi+Louvain', 1), ('NMIfake_pmi+PLP', 1)]
ARI classement:
[('ARIglove+PLP', 0.0005274113245760104), ('ARIglovexmax50alpha0.2+PLP', 0.0005274113245760104), ('ARIglovexmax40alpha0.2+PLP', 0.0005274113245760104), ('ARIglovexmax30alpha0.3+PLP', 0.0005274113245760104), ('ARIPLP', 0.007011189717861299), ('ARIpmi+PLP', 0.013949409029527682), ('ARIppmi+PLP', 0.015044340114762633), ('ARIglovexmax40alpha0.2+Louvain', 0.16058147196220074), ('ARIpmi+Louvain', 0.17053290064375293), ('ARIppmi+Louvain', 0.1904082754828511), ('ARIglovexmax50alpha0.2+Louvain', 0.221348562600011), ('ARILouvain', 0.23704933869540912), ('ARIglovexmax30alpha0.3+Louvain', 0.24347672116370034), ('ARIglove+Louvain', 0.24428850737873964), ('ARIstandard+PLP', 0.345805989539958), ('ARIstandard+Louvain', 0.6270365680518784), ('ARIiterative_rev_degree_order+Louvain', 0.8469796273776076), ('ARIiterative_rev_degree_order+PLP', 0.9434244207954885), ('ARISingleton', 1.0), ('ARIAllInOne', 1.0), ('ARIfake_pmi+Louvain', 1), ('ARIfake_pmi+PLP', 1)]
