__LOADINGS__
4992/52502 9.508209211077673 % of nul weighted edges removed
0/5000 0.0 % of nul degree nodes removed
Network Properties for:		network
nodes, edges			5000, 47510
directed?			False
weighted?			True
isolated nodes			0
self-loops			0
density				0.003802
clustering coefficient		0.242096
min/max/avg degree		1, 343, 19.004000
degree assortativity		0.286771
number of connected components	1
size of largest component	5000 (100.00 %)
430577.5410640363
__Groundtruth__
read communities from: ../../lfr_5000/mk500/k20/muw0.4/26/community.dat
-------------------  ----------
# communities         46
min community size     5
max community size   472
avg. community size  108.696
modularity             0.438322
-------------------  ----------
46 community detected
__CLASSIC_METHODS__
__Louvain__
PLM(balanced,pc,turbo) detected communities in 0.4821631908416748 [s]
solution properties:
-------------------  ----------
# communities         19
min community size    95
max community size   496
avg. community size  263.158
modularity             0.446005
-------------------  ----------
46 community detected
NMI:0.19651908322892553
ARI:0.23951077201872195
__Singleton__
46 community detected
NMI:0.4615053837445433
ARI:1.0
__AllInOne__
46 community detected
NMI:1.0
ARI:1.0
__PLP__
PLP detected communities in 0.15886998176574707 [s]
solution properties:
-------------------  ----------
# communities         40
min community size     2
max community size   531
avg. community size  125
modularity             0.435548
-------------------  ----------
46 community detected
NMI:0.17600496929643994
ARI:0.23729823649647575
__NORMALIZATION__
__glove__
Network Properties for:		G#21
nodes, edges			5000, 47510
directed?			False
weighted?			True
isolated nodes			0
self-loops			0
density				0.003802
clustering coefficient		0.242096
min/max/avg degree		1, 343, 19.004000
degree assortativity		0.286771
number of connected components	1
size of largest component	5000 (100.00 %)
tot:  6498.1735316812465
__glove+Louvain__
PLM(balanced,pc,turbo) detected communities in 0.464231014251709 [s]
solution properties:
-------------------  ----------
# communities         19
min community size   102
max community size   484
avg. community size  263.158
modularity             0.476478
-------------------  ----------
46 community detected
NMI:0.17059925559922684
ARI:0.21144298416439955
__glove+PLP__
PLP detected communities in 0.16706132888793945 [s]
solution properties:
-------------------  ----------
# communities         43
min community size     2
max community size   513
avg. community size  116.279
modularity             0.474993
-------------------  ----------
46 community detected
NMI:0.13282969463530736
ARI:0.17988746393649235
__fake_pmi__
Network Properties for:		G#30
nodes, edges			5000, 47510
directed?			False
weighted?			True
isolated nodes			0
self-loops			0
density				0.003802
clustering coefficient		0.242096
min/max/avg degree		1, 343, 19.004000
degree assortativity		0.286771
number of connected components	1
size of largest component	5000 (100.00 %)
tot:  0.0
__fake_pmi+Louvain__
1 community detected due to total edge weight equal 0
NMI:1
ARI:1
__fake_pmi+PLP__
1 community detected due to total edge weight equal 0
NMI:1
ARI:1
__iterative_rev_degree_order__
Network Properties for:		G#33
nodes, edges			5000, 47510
directed?			False
weighted?			True
isolated nodes			0
self-loops			0
density				0.003802
clustering coefficient		0.242096
min/max/avg degree		1, 343, 19.004000
degree assortativity		0.286771
number of connected components	1
size of largest component	5000 (100.00 %)
tot:  1281.512367395057
__iterative_rev_degree_order+Louvain__
PLM(balanced,pc,turbo) detected communities in 0.7988412380218506 [s]
solution properties:
-------------------  ----------
# communities         78
min community size    23
max community size   116
avg. community size   64.1026
modularity             0.867092
-------------------  ----------
46 community detected
NMI:0.7842623877353296
ARI:0.9759481961147086
__iterative_rev_degree_order+PLP__
PLP detected communities in 0.06061267852783203 [s]
solution properties:
-------------------  -----------
# communities        1600
min community size      1
max community size     11
avg. community size     3.125
modularity              0.752829
-------------------  -----------
46 community detected
NMI:0.528069471714701
ARI:0.9935522891905197
__pmi__
Network Properties for:		G#48
nodes, edges			5000, 47510
directed?			False
weighted?			True
isolated nodes			0
self-loops			0
density				0.003802
clustering coefficient		0.242096
min/max/avg degree		1, 343, 19.004000
degree assortativity		0.286771
number of connected components	1
size of largest component	5000 (100.00 %)
tot:  56074.20777610619
__pmi+Louvain__
PLM(balanced,pc,turbo) detected communities in 0.725928783416748 [s]
solution properties:
-------------------  ---------
# communities         27
min community size    13
max community size   675
avg. community size  185.185
modularity             1.34146
-------------------  ---------
46 community detected
NMI:0.5861457012370556
ARI:0.8106494080619062
__pmi+PLP__
PLP detected communities in 0.20523810386657715 [s]
solution properties:
-------------------  ----------
# communities         381
min community size      1
max community size   1040
avg. community size    13.1234
modularity              1.24762
-------------------  ----------
46 community detected
NMI:0.5070899781750593
ARI:0.8204616116761947
__standard__
Network Properties for:		G#60
nodes, edges			5000, 47510
directed?			False
weighted?			True
isolated nodes			0
self-loops			0
density				0.003802
clustering coefficient		0.242096
min/max/avg degree		1, 343, 19.004000
degree assortativity		0.286771
number of connected components	1
size of largest component	5000 (100.00 %)
tot:  16.77310943032269
__standard+Louvain__
PLM(balanced,pc,turbo) detected communities in 0.8192665576934814 [s]
solution properties:
-------------------  ---------
# communities         81
min community size     2
max community size   243
avg. community size   61.7284
modularity             0.87274
-------------------  ---------
46 community detected
NMI:0.7127622397353459
ARI:0.9244415111697766
__standard+PLP__
PLP detected communities in 0.09701418876647949 [s]
solution properties:
-------------------  -----------
# communities        1275
min community size      1
max community size     35
avg. community size     3.92157
modularity              0.747541
-------------------  -----------
46 community detected
NMI:0.5550819067830046
ARI:0.9898715018353889
__ppmi__
Network Properties for:		G#75
nodes, edges			5000, 47510
directed?			False
weighted?			True
isolated nodes			0
self-loops			0
density				0.003802
clustering coefficient		0.242096
min/max/avg degree		1, 343, 19.004000
degree assortativity		0.286771
number of connected components	1
size of largest component	5000 (100.00 %)
tot:  157513.6551980143
__ppmi+Louvain__
PLM(balanced,pc,turbo) detected communities in 0.4944155216217041 [s]
solution properties:
-------------------  ----------
# communities         23
min community size    59
max community size   465
avg. community size  217.391
modularity             0.566146
-------------------  ----------
46 community detected
NMI:0.3371207648599114
ARI:0.4452624375272184
__ppmi+PLP__
PLP detected communities in 0.12517046928405762 [s]
solution properties:
-------------------  -----------
# communities         101
min community size      1
max community size   2602
avg. community size    49.505
modularity              0.465104
-------------------  -----------
46 community detected
NMI:0.35569471935667185
ARI:0.8128374975910492
__glovexmax50alpha0.2__
Network Properties for:		G#87
nodes, edges			5000, 47510
directed?			False
weighted?			True
isolated nodes			0
self-loops			0
density				0.003802
clustering coefficient		0.242096
min/max/avg degree		1, 343, 19.004000
degree assortativity		0.286771
number of connected components	1
size of largest component	5000 (100.00 %)
tot:  25050.279987292663
__glovexmax50alpha0.2+Louvain__
PLM(balanced,pc,turbo) detected communities in 0.3423454761505127 [s]
solution properties:
-------------------  ----------
# communities         26
min community size    43
max community size   471
avg. community size  192.308
modularity             0.531789
-------------------  ----------
46 community detected
NMI:0.05829060700292954
ARI:0.061184865433652535
__glovexmax50alpha0.2+PLP__
PLP detected communities in 0.08830761909484863 [s]
solution properties:
-------------------  ----------
# communities         46
min community size     5
max community size   480
avg. community size  108.696
modularity             0.530651
-------------------  ----------
46 community detected
NMI:0.03572119532763218
ARI:0.04557213510698466
__glovexmax40alpha0.2__
Network Properties for:		G#96
nodes, edges			5000, 47510
directed?			False
weighted?			True
isolated nodes			0
self-loops			0
density				0.003802
clustering coefficient		0.242096
min/max/avg degree		1, 343, 19.004000
degree assortativity		0.286771
number of connected components	1
size of largest component	5000 (100.00 %)
tot:  26134.120139684062
__glovexmax40alpha0.2+Louvain__
PLM(balanced,pc,turbo) detected communities in 0.3489201068878174 [s]
solution properties:
-------------------  ----------
# communities         17
min community size   169
max community size   471
avg. community size  294.118
modularity             0.530841
-------------------  ----------
46 community detected
NMI:0.10030062832861375
ARI:0.12336715387112429
__glovexmax40alpha0.2+PLP__
PLP detected communities in 0.08132719993591309 [s]
solution properties:
-------------------  ----------
# communities         46
min community size     5
max community size   480
avg. community size  108.696
modularity             0.530276
-------------------  ----------
46 community detected
NMI:0.035803477548826956
ARI:0.04564210316955075
__glovexmax30alpha0.3__
Network Properties for:		G#105
nodes, edges			5000, 47510
directed?			False
weighted?			True
isolated nodes			0
self-loops			0
density				0.003802
clustering coefficient		0.242096
min/max/avg degree		1, 343, 19.004000
degree assortativity		0.286771
number of connected components	1
size of largest component	5000 (100.00 %)
tot:  23550.73387008627
__glovexmax30alpha0.3+Louvain__
PLM(balanced,pc,turbo) detected communities in 0.34598517417907715 [s]
solution properties:
-------------------  ----------
# communities         24
min community size    42
max community size   476
avg. community size  208.333
modularity             0.527649
-------------------  ----------
46 community detected
NMI:0.0810539858949163
ARI:0.09179628432668985
__glovexmax30alpha0.3+PLP__
PLP detected communities in 0.0332491397857666 [s]
solution properties:
-------------------  ----------
# communities         46
min community size     5
max community size   488
avg. community size  108.696
modularity             0.525738
-------------------  ----------
46 community detected
NMI:0.056989520163407525
ARI:0.07449906141076779
NMI classement:
[('NMIglovexmax50alpha0.2+PLP', 0.03572119532763218), ('NMIglovexmax40alpha0.2+PLP', 0.035803477548826956), ('NMIglovexmax30alpha0.3+PLP', 0.056989520163407525), ('NMIglovexmax50alpha0.2+Louvain', 0.05829060700292954), ('NMIglovexmax30alpha0.3+Louvain', 0.0810539858949163), ('NMIglovexmax40alpha0.2+Louvain', 0.10030062832861375), ('NMIglove+PLP', 0.13282969463530736), ('NMIglove+Louvain', 0.17059925559922684), ('NMIPLP', 0.17600496929643994), ('NMILouvain', 0.19651908322892553), ('NMIppmi+Louvain', 0.3371207648599114), ('NMIppmi+PLP', 0.35569471935667185), ('NMISingleton', 0.4615053837445433), ('NMIpmi+PLP', 0.5070899781750593), ('NMIiterative_rev_degree_order+PLP', 0.528069471714701), ('NMIstandard+PLP', 0.5550819067830046), ('NMIpmi+Louvain', 0.5861457012370556), ('NMIstandard+Louvain', 0.7127622397353459), ('NMIiterative_rev_degree_order+Louvain', 0.7842623877353296), ('NMIAllInOne', 1.0), ('NMIfake_pmi+Louvain', 1), ('NMIfake_pmi+PLP', 1)]
ARI classement:
[('ARIglovexmax50alpha0.2+PLP', 0.04557213510698466), ('ARIglovexmax40alpha0.2+PLP', 0.04564210316955075), ('ARIglovexmax50alpha0.2+Louvain', 0.061184865433652535), ('ARIglovexmax30alpha0.3+PLP', 0.07449906141076779), ('ARIglovexmax30alpha0.3+Louvain', 0.09179628432668985), ('ARIglovexmax40alpha0.2+Louvain', 0.12336715387112429), ('ARIglove+PLP', 0.17988746393649235), ('ARIglove+Louvain', 0.21144298416439955), ('ARIPLP', 0.23729823649647575), ('ARILouvain', 0.23951077201872195), ('ARIppmi+Louvain', 0.4452624375272184), ('ARIpmi+Louvain', 0.8106494080619062), ('ARIppmi+PLP', 0.8128374975910492), ('ARIpmi+PLP', 0.8204616116761947), ('ARIstandard+Louvain', 0.9244415111697766), ('ARIiterative_rev_degree_order+Louvain', 0.9759481961147086), ('ARIstandard+PLP', 0.9898715018353889), ('ARIiterative_rev_degree_order+PLP', 0.9935522891905197), ('ARISingleton', 1.0), ('ARIAllInOne', 1.0), ('ARIfake_pmi+Louvain', 1), ('ARIfake_pmi+PLP', 1)]
