__LOADINGS__
4992/52502 9.508209211077673 % of nul weighted edges removed
0/5000 0.0 % of nul degree nodes removed
Network Properties for:		network
nodes, edges			5000, 47510
directed?			False
weighted?			True
isolated nodes			0
self-loops			0
density				0.003802
clustering coefficient		0.242096
min/max/avg degree		1, 343, 19.004000
degree assortativity		0.286771
number of connected components	1
size of largest component	5000 (100.00 %)
430577.5410640363
__Groundtruth__
read communities from: ../../lfr_5000/mk500/k20/muw0.4/42/community.dat
-------------------  ----------
# communities         46
min community size     5
max community size   472
avg. community size  108.696
modularity             0.438322
-------------------  ----------
46 community detected
__CLASSIC_METHODS__
__Louvain__
PLM(balanced,pc,turbo) detected communities in 0.50386643409729 [s]
solution properties:
-------------------  ----------
# communities         19
min community size    98
max community size   492
avg. community size  263.158
modularity             0.445863
-------------------  ----------
46 community detected
NMI:0.1992335234061573
ARI:0.24554302128084005
__Singleton__
46 community detected
NMI:0.4615053837445433
ARI:1.0
__AllInOne__
46 community detected
NMI:1.0
ARI:1.0
__PLP__
PLP detected communities in 0.1596083641052246 [s]
solution properties:
-------------------  ----------
# communities         39
min community size     2
max community size   521
avg. community size  128.205
modularity             0.444981
-------------------  ----------
46 community detected
NMI:0.16609661575355228
ARI:0.2171767915755729
__NORMALIZATION__
__glove__
Network Properties for:		G#21
nodes, edges			5000, 47510
directed?			False
weighted?			True
isolated nodes			0
self-loops			0
density				0.003802
clustering coefficient		0.242096
min/max/avg degree		1, 343, 19.004000
degree assortativity		0.286771
number of connected components	1
size of largest component	5000 (100.00 %)
tot:  6498.1735316812465
__glove+Louvain__
PLM(balanced,pc,turbo) detected communities in 0.5500106811523438 [s]
solution properties:
-------------------  ----------
# communities         21
min community size    52
max community size   484
avg. community size  238.095
modularity             0.476521
-------------------  ----------
46 community detected
NMI:0.15855418915928376
ARI:0.19577748127464922
__glove+PLP__
PLP detected communities in 0.17200064659118652 [s]
solution properties:
-------------------  ---------
# communities         42
min community size     2
max community size   513
avg. community size  119.048
modularity             0.47499
-------------------  ---------
46 community detected
NMI:0.13364943770600812
ARI:0.18092534610605515
__fake_pmi__
Network Properties for:		G#33
nodes, edges			5000, 47510
directed?			False
weighted?			True
isolated nodes			0
self-loops			0
density				0.003802
clustering coefficient		0.242096
min/max/avg degree		1, 343, 19.004000
degree assortativity		0.286771
number of connected components	1
size of largest component	5000 (100.00 %)
tot:  0.0
__fake_pmi+Louvain__
1 community detected due to total edge weight equal 0
NMI:1
ARI:1
__fake_pmi+PLP__
1 community detected due to total edge weight equal 0
NMI:1
ARI:1
__iterative_rev_degree_order__
Network Properties for:		G#36
nodes, edges			5000, 47510
directed?			False
weighted?			True
isolated nodes			0
self-loops			0
density				0.003802
clustering coefficient		0.242096
min/max/avg degree		1, 343, 19.004000
degree assortativity		0.286771
number of connected components	1
size of largest component	5000 (100.00 %)
tot:  1281.512367395057
__iterative_rev_degree_order+Louvain__
PLM(balanced,pc,turbo) detected communities in 0.7952392101287842 [s]
solution properties:
-------------------  ----------
# communities         76
min community size    27
max community size   116
avg. community size   65.7895
modularity             0.866697
-------------------  ----------
46 community detected
NMI:0.7921888708474654
ARI:0.9786294601694473
__iterative_rev_degree_order+PLP__
PLP detected communities in 0.09736776351928711 [s]
solution properties:
-------------------  -----------
# communities        1599
min community size      2
max community size     11
avg. community size     3.12695
modularity              0.752986
-------------------  -----------
46 community detected
NMI:0.5284858247770807
ARI:0.9936142770137883
__pmi__
Network Properties for:		G#51
nodes, edges			5000, 47510
directed?			False
weighted?			True
isolated nodes			0
self-loops			0
density				0.003802
clustering coefficient		0.242096
min/max/avg degree		1, 343, 19.004000
degree assortativity		0.286771
number of connected components	1
size of largest component	5000 (100.00 %)
tot:  56074.20777610619
__pmi+Louvain__
PLM(balanced,pc,turbo) detected communities in 0.7553892135620117 [s]
solution properties:
-------------------  ---------
# communities         29
min community size     1
max community size   822
avg. community size  172.414
modularity             1.34792
-------------------  ---------
46 community detected
NMI:0.5969237612937833
ARI:0.8308231390925191
__pmi+PLP__
PLP detected communities in 0.2213737964630127 [s]
solution properties:
-------------------  ---------
# communities        429
min community size     1
max community size   527
avg. community size   11.655
modularity             1.23678
-------------------  ---------
46 community detected
NMI:0.5181784854406835
ARI:0.801706862319212
__standard__
Network Properties for:		G#63
nodes, edges			5000, 47510
directed?			False
weighted?			True
isolated nodes			0
self-loops			0
density				0.003802
clustering coefficient		0.242096
min/max/avg degree		1, 343, 19.004000
degree assortativity		0.286771
number of connected components	1
size of largest component	5000 (100.00 %)
tot:  16.77310943032269
__standard+Louvain__
PLM(balanced,pc,turbo) detected communities in 0.9837138652801514 [s]
solution properties:
-------------------  ----------
# communities        102
min community size     2
max community size   500
avg. community size   49.0196
modularity             0.872611
-------------------  ----------
46 community detected
NMI:0.7155725139407267
ARI:0.9310568703832288
__standard+PLP__
PLP detected communities in 0.1465916633605957 [s]
solution properties:
-------------------  -----------
# communities        1263
min community size      2
max community size     53
avg. community size     3.95883
modularity              0.752228
-------------------  -----------
46 community detected
NMI:0.5559078181476267
ARI:0.9888633911169232
__ppmi__
Network Properties for:		G#78
nodes, edges			5000, 47510
directed?			False
weighted?			True
isolated nodes			0
self-loops			0
density				0.003802
clustering coefficient		0.242096
min/max/avg degree		1, 343, 19.004000
degree assortativity		0.286771
number of connected components	1
size of largest component	5000 (100.00 %)
tot:  157513.6551980143
__ppmi+Louvain__
PLM(balanced,pc,turbo) detected communities in 0.6512625217437744 [s]
solution properties:
-------------------  ----------
# communities         30
min community size    13
max community size   465
avg. community size  166.667
modularity             0.563795
-------------------  ----------
46 community detected
NMI:0.3299571732430733
ARI:0.457708315739046
__ppmi+PLP__
PLP detected communities in 0.25065159797668457 [s]
solution properties:
-------------------  -----------
# communities          79
min community size      1
max community size   3333
avg. community size    63.2911
modularity              0.401996
-------------------  -----------
46 community detected
NMI:0.42664681990269904
ARI:0.8933933290679896
__glovexmax50alpha0.2__
Network Properties for:		G#90
nodes, edges			5000, 47510
directed?			False
weighted?			True
isolated nodes			0
self-loops			0
density				0.003802
clustering coefficient		0.242096
min/max/avg degree		1, 343, 19.004000
degree assortativity		0.286771
number of connected components	1
size of largest component	5000 (100.00 %)
tot:  25050.279987292663
__glovexmax50alpha0.2+Louvain__
PLM(balanced,pc,turbo) detected communities in 0.40485596656799316 [s]
solution properties:
-------------------  ----------
# communities         26
min community size    43
max community size   473
avg. community size  192.308
modularity             0.531782
-------------------  ----------
46 community detected
NMI:0.057392139432537514
ARI:0.05997442999894642
__glovexmax50alpha0.2+PLP__
PLP detected communities in 0.12534427642822266 [s]
solution properties:
-------------------  ----------
# communities         46
min community size     5
max community size   480
avg. community size  108.696
modularity             0.529742
-------------------  ----------
46 community detected
NMI:0.035803477548826734
ARI:0.04564210316955075
__glovexmax40alpha0.2__
Network Properties for:		G#99
nodes, edges			5000, 47510
directed?			False
weighted?			True
isolated nodes			0
self-loops			0
density				0.003802
clustering coefficient		0.242096
min/max/avg degree		1, 343, 19.004000
degree assortativity		0.286771
number of connected components	1
size of largest component	5000 (100.00 %)
tot:  26134.120139684062
__glovexmax40alpha0.2+Louvain__
PLM(balanced,pc,turbo) detected communities in 0.43471598625183105 [s]
solution properties:
-------------------  ----------
# communities         24
min community size    51
max community size   473
avg. community size  208.333
modularity             0.532258
-------------------  ----------
46 community detected
NMI:0.06264926825459549
ARI:0.06446836405629397
__glovexmax40alpha0.2+PLP__
PLP detected communities in 0.09830451011657715 [s]
solution properties:
-------------------  ----------
# communities         45
min community size     5
max community size   480
avg. community size  111.111
modularity             0.531738
-------------------  ----------
46 community detected
NMI:0.034914542964860296
ARI:0.04529959977043663
__glovexmax30alpha0.3__
Network Properties for:		G#108
nodes, edges			5000, 47510
directed?			False
weighted?			True
isolated nodes			0
self-loops			0
density				0.003802
clustering coefficient		0.242096
min/max/avg degree		1, 343, 19.004000
degree assortativity		0.286771
number of connected components	1
size of largest component	5000 (100.00 %)
tot:  23550.73387008627
__glovexmax30alpha0.3+Louvain__
PLM(balanced,pc,turbo) detected communities in 0.46008944511413574 [s]
solution properties:
-------------------  ----------
# communities         15
min community size   236
max community size   476
avg. community size  333.333
modularity             0.524268
-------------------  ----------
46 community detected
NMI:0.1348086213320061
ARI:0.18146227797782366
__glovexmax30alpha0.3+PLP__
PLP detected communities in 0.06558775901794434 [s]
solution properties:
-------------------  ----------
# communities         45
min community size     5
max community size   487
avg. community size  111.111
modularity             0.525816
-------------------  ----------
46 community detected
NMI:0.05763540444502824
ARI:0.07598956058043893
NMI classement:
[('NMIglovexmax40alpha0.2+PLP', 0.034914542964860296), ('NMIglovexmax50alpha0.2+PLP', 0.035803477548826734), ('NMIglovexmax50alpha0.2+Louvain', 0.057392139432537514), ('NMIglovexmax30alpha0.3+PLP', 0.05763540444502824), ('NMIglovexmax40alpha0.2+Louvain', 0.06264926825459549), ('NMIglove+PLP', 0.13364943770600812), ('NMIglovexmax30alpha0.3+Louvain', 0.1348086213320061), ('NMIglove+Louvain', 0.15855418915928376), ('NMIPLP', 0.16609661575355228), ('NMILouvain', 0.1992335234061573), ('NMIppmi+Louvain', 0.3299571732430733), ('NMIppmi+PLP', 0.42664681990269904), ('NMISingleton', 0.4615053837445433), ('NMIpmi+PLP', 0.5181784854406835), ('NMIiterative_rev_degree_order+PLP', 0.5284858247770807), ('NMIstandard+PLP', 0.5559078181476267), ('NMIpmi+Louvain', 0.5969237612937833), ('NMIstandard+Louvain', 0.7155725139407267), ('NMIiterative_rev_degree_order+Louvain', 0.7921888708474654), ('NMIAllInOne', 1.0), ('NMIfake_pmi+Louvain', 1), ('NMIfake_pmi+PLP', 1)]
ARI classement:
[('ARIglovexmax40alpha0.2+PLP', 0.04529959977043663), ('ARIglovexmax50alpha0.2+PLP', 0.04564210316955075), ('ARIglovexmax50alpha0.2+Louvain', 0.05997442999894642), ('ARIglovexmax40alpha0.2+Louvain', 0.06446836405629397), ('ARIglovexmax30alpha0.3+PLP', 0.07598956058043893), ('ARIglove+PLP', 0.18092534610605515), ('ARIglovexmax30alpha0.3+Louvain', 0.18146227797782366), ('ARIglove+Louvain', 0.19577748127464922), ('ARIPLP', 0.2171767915755729), ('ARILouvain', 0.24554302128084005), ('ARIppmi+Louvain', 0.457708315739046), ('ARIpmi+PLP', 0.801706862319212), ('ARIpmi+Louvain', 0.8308231390925191), ('ARIppmi+PLP', 0.8933933290679896), ('ARIstandard+Louvain', 0.9310568703832288), ('ARIiterative_rev_degree_order+Louvain', 0.9786294601694473), ('ARIstandard+PLP', 0.9888633911169232), ('ARIiterative_rev_degree_order+PLP', 0.9936142770137883), ('ARISingleton', 1.0), ('ARIAllInOne', 1.0), ('ARIfake_pmi+Louvain', 1), ('ARIfake_pmi+PLP', 1)]
