__LOADINGS__
Network Properties for:		network
nodes, edges			5000, 47554
directed?			False
weighted?			True
isolated nodes			1
self-loops			0
density				0.003805
clustering coefficient		0.340701
min/max/avg degree		0, 360, 19.021600
degree assortativity		0.259490
number of connected components	2
size of largest component	4999 (99.98 %)
429561.4226880868
__Groundtruth__
read communities from: ../../lfr_5000/mk500/k20/muw0.3/47/community.dat
-------------------  ----------
# communities         46
min community size     5
max community size   472
avg. community size  108.696
modularity             0.539673
-------------------  ----------
46 community detected
__CLASSIC_METHODS__
__Louvain__
PLM(balanced,pc,turbo) detected communities in 0.35674619674682617 [s]
solution properties:
-------------------  ----------
# communities         24
min community size     1
max community size   484
avg. community size  208.333
modularity             0.543983
-------------------  ----------
46 community detected
NMI:0.10786695064888063
ARM:0.12457286771794152
__Singleton__
46 community detected
NMI:0.462643373017376
ARM:1.0
__AllInOne__
46 community detected
NMI:1.0
ARM:1.0
__PLP__
PLP detected communities in 0.14722442626953125 [s]
solution properties:
-------------------  ----------
# communities         46
min community size     1
max community size   574
avg. community size  108.696
modularity             0.542385
-------------------  ----------
46 community detected
NMI:0.08482938219684899
ARM:0.12431025410920415
__NORMALIZATION__
__glove__
Network Properties for:		G#21cc
nodes, edges			4999, 47554
directed?			False
weighted?			True
isolated nodes			0
self-loops			0
density				0.003807
clustering coefficient		0.340769
min/max/avg degree		3, 360, 19.025405
degree assortativity		0.259490
number of connected components	1
size of largest component	4999 (100.00 %)
tot:  6429.417882565148
__glove+Louvain__
PLM(balanced,pc,turbo) detected communities in 0.4124281406402588 [s]
solution properties:
-------------------  ----------
# communities         26
min community size     5
max community size   483
avg. community size  192.269
modularity             0.580106
-------------------  ----------
46 community detected
NMI:0.08156873675056275
ARM:0.09072762853068617
__glove+PLP__
PLP detected communities in 0.09807944297790527 [s]
solution properties:
-------------------  ----------
# communities         48
min community size     3
max community size   489
avg. community size  104.146
modularity             0.579533
-------------------  ----------
46 community detected
NMI:0.05842743919344773
ARM:0.07531653080614831
__fake_pmi__
Network Properties for:		G#40cc
nodes, edges			4999, 47554
directed?			False
weighted?			True
isolated nodes			0
self-loops			0
density				0.003807
clustering coefficient		0.340769
min/max/avg degree		3, 360, 19.025405
degree assortativity		0.259490
number of connected components	1
size of largest component	4999 (100.00 %)
tot:  0.0
__fake_pmi+Louvain__
1 community detected due to total edge weight equal 0
NMI:1
ARM:0.07531653080614831
__fake_pmi+PLP__
1 community detected due to total edge weight equal 0
NMI:1
ARM:0.07531653080614831
__iterative_rev_degree_order__
Network Properties for:		G#53cc
nodes, edges			4999, 47554
directed?			False
weighted?			True
isolated nodes			0
self-loops			0
density				0.003807
clustering coefficient		0.340769
min/max/avg degree		3, 360, 19.025405
degree assortativity		0.259490
number of connected components	1
size of largest component	4999 (100.00 %)
tot:  1410.2480445210515
__iterative_rev_degree_order+Louvain__
PLM(balanced,pc,turbo) detected communities in 0.8035788536071777 [s]
solution properties:
-------------------  ----------
# communities         78
min community size     5
max community size   191
avg. community size   64.0897
modularity             0.865196
-------------------  ----------
46 community detected
NMI:0.6917227964908401
ARM:0.9276125053909238
__iterative_rev_degree_order+PLP__
PLP detected communities in 0.10069942474365234 [s]
solution properties:
-------------------  -----------
# communities        1533
min community size      2
max community size     14
avg. community size     3.26093
modularity              0.744017
-------------------  -----------
46 community detected
NMI:0.5152702420529574
ARM:0.9914041824467132
__pmi__
Network Properties for:		G#78cc
nodes, edges			4999, 47554
directed?			False
weighted?			True
isolated nodes			0
self-loops			0
density				0.003807
clustering coefficient		0.340769
min/max/avg degree		3, 360, 19.025405
degree assortativity		0.259490
number of connected components	1
size of largest component	4999 (100.00 %)
tot:  91064.02466502716
__pmi+Louvain__
PLM(balanced,pc,turbo) detected communities in 0.6604626178741455 [s]
solution properties:
-------------------  ----------
# communities          33
min community size      1
max community size   1390
avg. community size   151.485
modularity              1.09557
-------------------  ----------
46 community detected
NMI:0.3539093808859033
ARM:0.6612096020835687
__pmi+PLP__
PLP detected communities in 9.66611385345459 [s]
solution properties:
-------------------  ---------
# communities        190
min community size     2
max community size   400
avg. community size   26.3105
modularity             1.05242
-------------------  ---------
46 community detected
NMI:0.3194066665477757
ARM:0.5031365002967292
__standard__
Network Properties for:		G#100cc
nodes, edges			4999, 47554
directed?			False
weighted?			True
isolated nodes			0
self-loops			0
density				0.003807
clustering coefficient		0.340769
min/max/avg degree		3, 360, 19.025405
degree assortativity		0.259490
number of connected components	1
size of largest component	4999 (100.00 %)
tot:  16.71473960866726
__standard+Louvain__
PLM(balanced,pc,turbo) detected communities in 0.2815868854522705 [s]
solution properties:
-------------------  ----------
# communities         59
min community size     2
max community size   716
avg. community size   84.7288
modularity             0.890953
-------------------  ----------
46 community detected
NMI:0.5378872870622018
ARM:0.7545053740527883
__standard+PLP__
PLP detected communities in 0.09973692893981934 [s]
solution properties:
-------------------  -----------
# communities        1154
min community size      1
max community size     76
avg. community size     4.33189
modularity              0.737145
-------------------  -----------
46 community detected
NMI:0.5248749662723171
ARM:0.9728400677091774
__ppmi__
Network Properties for:		G#122cc
nodes, edges			4999, 47554
directed?			False
weighted?			True
isolated nodes			0
self-loops			0
density				0.003807
clustering coefficient		0.340769
min/max/avg degree		3, 360, 19.025405
degree assortativity		0.259490
number of connected components	1
size of largest component	4999 (100.00 %)
tot:  163881.54419444103
__ppmi+Louvain__
PLM(balanced,pc,turbo) detected communities in 0.4825575351715088 [s]
solution properties:
-------------------  ----------
# communities         34
min community size     6
max community size   450
avg. community size  147.029
modularity             0.672716
-------------------  ----------
46 community detected
NMI:0.1650473672172642
ARM:0.23164239497642813
__ppmi+PLP__
PLP detected communities in 0.15698957443237305 [s]
solution properties:
-------------------  ----------
# communities         75
min community size     2
max community size   841
avg. community size   66.6533
modularity             0.676969
-------------------  ----------
46 community detected
NMI:0.11291449342711013
ARM:0.2345938865708037
__glovexmax50alpha0.2__
Network Properties for:		G#144cc
nodes, edges			4999, 47554
directed?			False
weighted?			True
isolated nodes			0
self-loops			0
density				0.003807
clustering coefficient		0.340769
min/max/avg degree		3, 360, 19.025405
degree assortativity		0.259490
number of connected components	1
size of largest component	4999 (100.00 %)
tot:  25549.50578983707
__glovexmax50alpha0.2+Louvain__
PLM(balanced,pc,turbo) detected communities in 0.36581921577453613 [s]
solution properties:
-------------------  ----------
# communities         30
min community size     5
max community size   471
avg. community size  166.633
modularity             0.638529
-------------------  ----------
46 community detected
NMI:0.02137307275362066
ARM:0.01681322194248469
__glovexmax50alpha0.2+PLP__
PLP detected communities in 0.10786318778991699 [s]
solution properties:
-------------------  ----------
# communities         46
min community size     4
max community size   475
avg. community size  108.674
modularity             0.638326
-------------------  ----------
46 community detected
NMI:0.006185629029562878
ARM:0.007806478917161019
__glovexmax40alpha0.2__
Network Properties for:		G#163cc
nodes, edges			4999, 47554
directed?			False
weighted?			True
isolated nodes			0
self-loops			0
density				0.003807
clustering coefficient		0.340769
min/max/avg degree		3, 360, 19.025405
degree assortativity		0.259490
number of connected components	1
size of largest component	4999 (100.00 %)
tot:  26650.641699725547
__glovexmax40alpha0.2+Louvain__
PLM(balanced,pc,turbo) detected communities in 0.24773788452148438 [s]
solution properties:
-------------------  ----------
# communities         28
min community size     8
max community size   471
avg. community size  178.536
modularity             0.639051
-------------------  ----------
46 community detected
NMI:0.0232187408379122
ARM:0.019222927324947015
__glovexmax40alpha0.2+PLP__
PLP detected communities in 0.029178857803344727 [s]
solution properties:
-------------------  ----------
# communities         47
min community size     4
max community size   475
avg. community size  106.362
modularity             0.638399
-------------------  ----------
46 community detected
NMI:0.006610114155220614
ARM:0.007879757221501915
__glovexmax30alpha0.3__
Network Properties for:		G#182cc
nodes, edges			4999, 47554
directed?			False
weighted?			True
isolated nodes			0
self-loops			0
density				0.003807
clustering coefficient		0.340769
min/max/avg degree		3, 360, 19.025405
degree assortativity		0.259490
number of connected components	1
size of largest component	4999 (100.00 %)
tot:  23739.22529898177
__glovexmax30alpha0.3+Louvain__
PLM(balanced,pc,turbo) detected communities in 0.15145468711853027 [s]
solution properties:
-------------------  ----------
# communities         24
min community size    47
max community size   474
avg. community size  208.292
modularity             0.635022
-------------------  ----------
46 community detected
NMI:0.04376135616185195
ARM:0.041001768841226416
__glovexmax30alpha0.3+PLP__
PLP detected communities in 0.09587693214416504 [s]
solution properties:
-------------------  ----------
# communities         46
min community size     4
max community size   475
avg. community size  108.674
modularity             0.634892
-------------------  ----------
46 community detected
NMI:0.017380860548743993
ARM:0.0219468963490127
