__LOADINGS__
Network Properties for:		network
nodes, edges			5000, 47394
directed?			False
weighted?			True
isolated nodes			0
self-loops			0
density				0.003792
clustering coefficient		0.460965
min/max/avg degree		1, 386, 18.957600
degree assortativity		0.195578
number of connected components	8
size of largest component	4962 (99.24 %)
425748.560164296
__Groundtruth__
read communities from: ../../lfr_5000/mk500/k20/muw0.2/6/community.dat
-------------------  ----------
# communities         46
min community size     5
max community size   472
avg. community size  108.696
modularity             0.636866
-------------------  ----------
46 community detected
__CLASSIC_METHODS__
__Louvain__
PLM(balanced,pc,turbo) detected communities in 0.3531515598297119 [s]
solution properties:
-------------------  ----------
# communities         26
min community size     5
max community size   483
avg. community size  192.308
modularity             0.638151
-------------------  ----------
46 community detected
NMI:0.07472904069585129
ARM:0.08212101104611935
__Singleton__
46 community detected
NMI:0.4646126258031138
ARM:1.0
__AllInOne__
46 community detected
NMI:1.0
ARM:1.0
__PLP__
PLP detected communities in 0.08871006965637207 [s]
solution properties:
-------------------  ----------
# communities         46
min community size     5
max community size   487
avg. community size  108.696
modularity             0.638115
-------------------  ----------
46 community detected
NMI:0.03147139515522146
ARM:0.04029726346848039
__NORMALIZATION__
__glove__
Network Properties for:		G#21cc
nodes, edges			4962, 47316
directed?			False
weighted?			True
isolated nodes			0
self-loops			0
density				0.003844
clustering coefficient		0.457617
min/max/avg degree		1, 386, 19.071342
degree assortativity		0.194487
number of connected components	1
size of largest component	4962 (100.00 %)
tot:  6233.094421880828
__glove+Louvain__
PLM(balanced,pc,turbo) detected communities in 0.3887336254119873 [s]
solution properties:
-------------------  ----------
# communities         28
min community size     8
max community size   480
avg. community size  177.214
modularity             0.676615
-------------------  ----------
46 community detected
NMI:0.9622858658997459
ARM:0.9989346872957452
__glove+PLP__
PLP detected communities in 0.06718277931213379 [s]
solution properties:
-------------------  ----------
# communities         39
min community size     6
max community size   482
avg. community size  127.231
modularity             0.676466
-------------------  ----------
46 community detected
NMI:0.9532505331590522
ARM:0.9987489268114834
__fake_pmi__
Network Properties for:		G#40cc
nodes, edges			4962, 47316
directed?			False
weighted?			True
isolated nodes			0
self-loops			0
density				0.003844
clustering coefficient		0.457617
min/max/avg degree		1, 386, 19.071342
degree assortativity		0.194487
number of connected components	1
size of largest component	4962 (100.00 %)
tot:  0.0
__fake_pmi+Louvain__
1 community detected due to total edge weight equal 0
NMI:1
ARM:0.9987489268114834
__fake_pmi+PLP__
1 community detected due to total edge weight equal 0
NMI:1
ARM:0.9987489268114834
__iterative_rev_degree_order__
Network Properties for:		G#53cc
nodes, edges			4962, 47316
directed?			False
weighted?			True
isolated nodes			0
self-loops			0
density				0.003844
clustering coefficient		0.457617
min/max/avg degree		1, 386, 19.071342
degree assortativity		0.194487
number of connected components	1
size of largest component	4962 (100.00 %)
tot:  1578.4555533511389
__iterative_rev_degree_order+Louvain__
PLM(balanced,pc,turbo) detected communities in 0.8231203556060791 [s]
solution properties:
-------------------  ---------
# communities         75
min community size     2
max community size   215
avg. community size   66.16
modularity             0.88177
-------------------  ---------
46 community detected
NMI:0.9267706343631404
ARM:0.9998330505053921
__iterative_rev_degree_order+PLP__
PLP detected communities in 0.10213589668273926 [s]
solution properties:
-------------------  -----------
# communities        1449
min community size      2
max community size     20
avg. community size     3.42443
modularity              0.757823
-------------------  -----------
46 community detected
NMI:0.6299924031834586
ARM:0.9999667030620697
__pmi__
Network Properties for:		G#78cc
nodes, edges			4962, 47316
directed?			False
weighted?			True
isolated nodes			0
self-loops			0
density				0.003844
clustering coefficient		0.457617
min/max/avg degree		1, 386, 19.071342
degree assortativity		0.194487
number of connected components	1
size of largest component	4962 (100.00 %)
tot:  79303.3176285321
__pmi+Louvain__
PLM(balanced,pc,turbo) detected communities in 0.41762256622314453 [s]
solution properties:
-------------------  ---------
# communities         34
min community size     9
max community size   727
avg. community size  145.941
modularity             1.35412
-------------------  ---------
46 community detected
NMI:0.9558320038873991
ARM:0.9987418286467399
__pmi+PLP__
PLP detected communities in 0.23852133750915527 [s]
solution properties:
-------------------  ---------
# communities         92
min community size     2
max community size   710
avg. community size   53.9348
modularity             1.33724
-------------------  ---------
46 community detected
NMI:0.9354111787057469
ARM:0.9996237648353861
__standard__
Network Properties for:		G#97cc
nodes, edges			4962, 47316
directed?			False
weighted?			True
isolated nodes			0
self-loops			0
density				0.003844
clustering coefficient		0.457617
min/max/avg degree		1, 386, 19.071342
degree assortativity		0.194487
number of connected components	1
size of largest component	4962 (100.00 %)
tot:  13.638498498007086
__standard+Louvain__
PLM(balanced,pc,turbo) detected communities in 0.5488214492797852 [s]
solution properties:
-------------------  ---------
# communities         53
min community size     2
max community size   868
avg. community size   93.6226
modularity             0.91222
-------------------  ---------
46 community detected
NMI:0.9511986172045273
ARM:0.9978784448768411
__standard+PLP__
PLP detected communities in 0.15685820579528809 [s]
solution properties:
-------------------  ----------
# communities        861
min community size     2
max community size   197
avg. community size    5.76307
modularity             0.758064
-------------------  ----------
46 community detected
NMI:0.7302443271392416
ARM:0.9996899972874763
__ppmi__
Network Properties for:		G#119cc
nodes, edges			4962, 47316
directed?			False
weighted?			True
isolated nodes			0
self-loops			0
density				0.003844
clustering coefficient		0.457617
min/max/avg degree		1, 386, 19.071342
degree assortativity		0.194487
number of connected components	1
size of largest component	4962 (100.00 %)
tot:  157501.65555459066
__ppmi+Louvain__
PLM(balanced,pc,turbo) detected communities in 0.4200782775878906 [s]
solution properties:
-------------------  ----------
# communities         33
min community size     9
max community size   468
avg. community size  150.364
modularity             0.770693
-------------------  ----------
46 community detected
NMI:0.9566029808170524
ARM:0.9987213445508091
__ppmi+PLP__
PLP detected communities in 0.14943599700927734 [s]
solution properties:
-------------------  ----------
# communities         44
min community size     2
max community size   750
avg. community size  112.773
modularity             0.771003
-------------------  ----------
46 community detected
NMI:0.9523679476995586
ARM:0.998537010774773
__glovexmax50alpha0.2__
Network Properties for:		G#138cc
nodes, edges			4962, 47316
directed?			False
weighted?			True
isolated nodes			0
self-loops			0
density				0.003844
clustering coefficient		0.457617
min/max/avg degree		1, 386, 19.071342
degree assortativity		0.194487
number of connected components	1
size of largest component	4962 (100.00 %)
tot:  24788.70748216339
__glovexmax50alpha0.2+Louvain__
PLM(balanced,pc,turbo) detected communities in 0.38095998764038086 [s]
solution properties:
-------------------  ----------
# communities         31
min community size     8
max community size   472
avg. community size  160.065
modularity             0.736506
-------------------  ----------
46 community detected
NMI:0.959378617031471
ARM:0.9987907764418597
__glovexmax50alpha0.2+PLP__
PLP detected communities in 0.08814859390258789 [s]
solution properties:
-------------------  ----------
# communities         40
min community size     6
max community size   472
avg. community size  124.05
modularity             0.736044
-------------------  ----------
46 community detected
NMI:0.9527611842972378
ARM:0.9987345771992614
__glovexmax40alpha0.2__
Network Properties for:		G#157cc
nodes, edges			4962, 47316
directed?			False
weighted?			True
isolated nodes			0
self-loops			0
density				0.003844
clustering coefficient		0.457617
min/max/avg degree		1, 386, 19.071342
degree assortativity		0.194487
number of connected components	1
size of largest component	4962 (100.00 %)
tot:  25839.903347894116
__glovexmax40alpha0.2+Louvain__
PLM(balanced,pc,turbo) detected communities in 0.44385409355163574 [s]
solution properties:
-------------------  ----------
# communities         20
min community size     8
max community size   472
avg. community size  248.1
modularity             0.736351
-------------------  ----------
46 community detected
NMI:0.9702527850370929
ARM:0.9992787156854344
__glovexmax40alpha0.2+PLP__
PLP detected communities in 0.07854199409484863 [s]
solution properties:
-------------------  ---------
# communities         39
min community size     6
max community size   472
avg. community size  127.231
modularity             0.73709
-------------------  ---------
46 community detected
NMI:0.9531576617965699
ARM:0.9987346312569648
__glovexmax30alpha0.3__
Network Properties for:		G#176cc
nodes, edges			4962, 47316
directed?			False
weighted?			True
isolated nodes			0
self-loops			0
density				0.003844
clustering coefficient		0.457617
min/max/avg degree		1, 386, 19.071342
degree assortativity		0.194487
number of connected components	1
size of largest component	4962 (100.00 %)
tot:  22792.793028550455
__glovexmax30alpha0.3+Louvain__
PLM(balanced,pc,turbo) detected communities in 0.24720311164855957 [s]
solution properties:
-------------------  ----------
# communities         23
min community size     8
max community size   480
avg. community size  215.739
modularity             0.733438
-------------------  ----------
46 community detected
NMI:0.9669319748447408
ARM:0.9989441721998658
__glovexmax30alpha0.3+PLP__
PLP detected communities in 0.08246064186096191 [s]
solution properties:
-------------------  ---------
# communities         40
min community size     6
max community size   472
avg. community size  124.05
modularity             0.73328
-------------------  ---------
46 community detected
NMI:0.9527378247710123
ARM:0.9986934343233478
