__LOADINGS__
Network Properties for:		network
nodes, edges			5000, 41798
directed?			False
weighted?			True
isolated nodes			1
self-loops			0
density				0.003345
clustering coefficient		0.415177
min/max/avg degree		0, 235, 16.719200
degree assortativity		0.148925
number of connected components	2
size of largest component	4999 (99.98 %)
312280.7541406028
__Groundtruth__
read communities from: ../../lfr_5000/mk300/k20/muw0.2/21/community.dat
-------------------  ----------
# communities         30
min community size   122
max community size   240
avg. community size  166.667
modularity             0.725913
-------------------  ----------
30 community detected
__CLASSIC_METHODS__
__Louvain__
PLM(balanced,pc,turbo) detected communities in 0.2806546688079834 [s]
solution properties:
-------------------  ----------
# communities         31
min community size     1
max community size   245
avg. community size  161.29
modularity             0.727212
-------------------  ----------
30 community detected
NMI:0.03425765839671824
ARM:0.03838215892866825
__Singleton__
30 community detected
NMI:0.4312928153296596
ARM:1.0
__AllInOne__
30 community detected
NMI:1.0
ARM:1.0
__PLP__
PLP detected communities in 0.12984871864318848 [s]
solution properties:
-------------------  ----------
# communities         31
min community size     1
max community size   245
avg. community size  161.29
modularity             0.727202
-------------------  ----------
30 community detected
NMI:0.036616214446379525
ARM:0.04116953514614974
__NORMALIZATION__
__glove__
Network Properties for:		G#18cc
nodes, edges			4999, 41798
directed?			False
weighted?			True
isolated nodes			0
self-loops			0
density				0.003346
clustering coefficient		0.415260
min/max/avg degree		4, 235, 16.722545
degree assortativity		0.148925
number of connected components	1
size of largest component	4999 (100.00 %)
tot:  5037.179805290888
__glove+Louvain__
PLM(balanced,pc,turbo) detected communities in 0.2121734619140625 [s]
solution properties:
-------------------  ----------
# communities         30
min community size   121
max community size   242
avg. community size  166.633
modularity             0.747892
-------------------  ----------
30 community detected
NMI:0.02286594503611572
ARM:0.025448657466282776
__glove+PLP__
PLP detected communities in 0.10542821884155273 [s]
solution properties:
-------------------  ----------
# communities         30
min community size   121
max community size   242
avg. community size  166.633
modularity             0.747889
-------------------  ----------
30 community detected
NMI:0.02385995170590971
ARM:0.026608089785716715
__fake_pmi__
Network Properties for:		G#34cc
nodes, edges			4999, 41798
directed?			False
weighted?			True
isolated nodes			0
self-loops			0
density				0.003346
clustering coefficient		0.415260
min/max/avg degree		4, 235, 16.722545
degree assortativity		0.148925
number of connected components	1
size of largest component	4999 (100.00 %)
tot:  0.0
__fake_pmi+Louvain__
1 community detected due to total edge weight equal 0
NMI:1
ARM:0.026608089785716715
__fake_pmi+PLP__
1 community detected due to total edge weight equal 0
NMI:1
ARM:0.026608089785716715
__iterative_rev_degree_order__
Network Properties for:		G#47cc
nodes, edges			4999, 41798
directed?			False
weighted?			True
isolated nodes			0
self-loops			0
density				0.003346
clustering coefficient		0.415260
min/max/avg degree		4, 235, 16.722545
degree assortativity		0.148925
number of connected components	1
size of largest component	4999 (100.00 %)
tot:  1623.636967681665
__iterative_rev_degree_order+Louvain__
PLM(balanced,pc,turbo) detected communities in 0.703068733215332 [s]
solution properties:
-------------------  ----------
# communities         50
min community size     2
max community size   255
avg. community size   99.98
modularity             0.858385
-------------------  ----------
30 community detected
NMI:0.5788052458526382
ARM:0.7504283653794016
__iterative_rev_degree_order+PLP__
PLP detected communities in 0.10305523872375488 [s]
solution properties:
-------------------  -----------
# communities        1541
min community size      2
max community size     16
avg. community size     3.244
modularity              0.727686
-------------------  -----------
30 community detected
NMI:0.4512197898588981
ARM:0.9806779038258393
__pmi__
Network Properties for:		G#72cc
nodes, edges			4999, 41798
directed?			False
weighted?			True
isolated nodes			0
self-loops			0
density				0.003346
clustering coefficient		0.415260
min/max/avg degree		4, 235, 16.722545
degree assortativity		0.148925
number of connected components	1
size of largest component	4999 (100.00 %)
tot:  116692.59942177487
__pmi+Louvain__
PLM(balanced,pc,turbo) detected communities in 0.4376063346862793 [s]
solution properties:
-------------------  ---------
# communities         30
min community size   132
max community size   221
avg. community size  166.633
modularity             1.00718
-------------------  ---------
30 community detected
NMI:0.09410273263633306
ARM:0.1281653734191388
__pmi+PLP__
PLP detected communities in 0.16882896423339844 [s]
solution properties:
-------------------  ---------
# communities         40
min community size     2
max community size   217
avg. community size  124.975
modularity             1.00368
-------------------  ---------
30 community detected
NMI:0.09392428037138023
ARM:0.1273498650368612
__standard__
Network Properties for:		G#91cc
nodes, edges			4999, 41798
directed?			False
weighted?			True
isolated nodes			0
self-loops			0
density				0.003346
clustering coefficient		0.415260
min/max/avg degree		4, 235, 16.722545
degree assortativity		0.148925
number of connected components	1
size of largest component	4999 (100.00 %)
tot:  10.53031585263825
__standard+Louvain__
PLM(balanced,pc,turbo) detected communities in 0.5712604522705078 [s]
solution properties:
-------------------  ----------
# communities         29
min community size     2
max community size   377
avg. community size  172.379
modularity             0.839532
-------------------  ----------
30 community detected
NMI:0.3030784909904257
ARM:0.4160506851890843
__standard+PLP__
PLP detected communities in 0.259946346282959 [s]
solution properties:
-------------------  -----------
# communities        1006
min community size      2
max community size    131
avg. community size     4.96918
modularity              0.649045
-------------------  -----------
30 community detected
NMI:0.37412032029240627
ARM:0.7088341778501959
__ppmi__
Network Properties for:		G#113cc
nodes, edges			4999, 41798
directed?			False
weighted?			True
isolated nodes			0
self-loops			0
density				0.003346
clustering coefficient		0.415260
min/max/avg degree		4, 235, 16.722545
degree assortativity		0.148925
number of connected components	1
size of largest component	4999 (100.00 %)
tot:  167770.4413900096
__ppmi+Louvain__
PLM(balanced,pc,turbo) detected communities in 0.38676023483276367 [s]
solution properties:
-------------------  ----------
# communities         30
min community size   123
max community size   238
avg. community size  166.633
modularity             0.787673
-------------------  ----------
30 community detected
NMI:0.00404559639732438
ARM:0.005017373411064341
__ppmi+PLP__
PLP detected communities in 0.11367416381835938 [s]
solution properties:
-------------------  ----------
# communities         30
min community size   123
max community size   238
avg. community size  166.633
modularity             0.787671
-------------------  ----------
30 community detected
NMI:0.004779670523414992
ARM:0.005902508263753381
__glovexmax50alpha0.2__
Network Properties for:		G#132cc
nodes, edges			4999, 41798
directed?			False
weighted?			True
isolated nodes			0
self-loops			0
density				0.003346
clustering coefficient		0.415260
min/max/avg degree		4, 235, 16.722545
degree assortativity		0.148925
number of connected components	1
size of largest component	4999 (100.00 %)
tot:  22467.673829845553
__glovexmax50alpha0.2+Louvain__
PLM(balanced,pc,turbo) detected communities in 0.24032282829284668 [s]
solution properties:
-------------------  ----------
# communities         30
min community size   122
max community size   239
avg. community size  166.633
modularity             0.777287
-------------------  ----------
30 community detected
NMI:0.0
ARM:0.0
__glovexmax50alpha0.2+PLP__
PLP detected communities in 0.09719276428222656 [s]
solution properties:
-------------------  ----------
# communities         30
min community size   122
max community size   239
avg. community size  166.633
modularity             0.777287
-------------------  ----------
30 community detected
NMI:0.0
ARM:0.0
__glovexmax40alpha0.2__
Network Properties for:		G#148cc
nodes, edges			4999, 41798
directed?			False
weighted?			True
isolated nodes			0
self-loops			0
density				0.003346
clustering coefficient		0.415260
min/max/avg degree		4, 235, 16.722545
degree assortativity		0.148925
number of connected components	1
size of largest component	4999 (100.00 %)
tot:  23463.070343337
__glovexmax40alpha0.2+Louvain__
PLM(balanced,pc,turbo) detected communities in 0.15435314178466797 [s]
solution properties:
-------------------  ----------
# communities         30
min community size   122
max community size   239
avg. community size  166.633
modularity             0.777499
-------------------  ----------
30 community detected
NMI:0.0
ARM:0.0
__glovexmax40alpha0.2+PLP__
PLP detected communities in 0.09483790397644043 [s]
solution properties:
-------------------  ----------
# communities         30
min community size   122
max community size   239
avg. community size  166.633
modularity             0.777499
-------------------  ----------
30 community detected
NMI:0.0
ARM:0.0
__glovexmax30alpha0.3__
Network Properties for:		G#164cc
nodes, edges			4999, 41798
directed?			False
weighted?			True
isolated nodes			0
self-loops			0
density				0.003346
clustering coefficient		0.415260
min/max/avg degree		4, 235, 16.722545
degree assortativity		0.148925
number of connected components	1
size of largest component	4999 (100.00 %)
tot:  20763.072400504618
__glovexmax30alpha0.3+Louvain__
PLM(balanced,pc,turbo) detected communities in 0.16956782341003418 [s]
solution properties:
-------------------  ----------
# communities         30
min community size   122
max community size   239
avg. community size  166.633
modularity             0.776341
-------------------  ----------
30 community detected
NMI:0.0017961516855820037
ARM:0.0019690488249166638
__glovexmax30alpha0.3+PLP__
PLP detected communities in 0.044669151306152344 [s]
solution properties:
-------------------  ----------
# communities         30
min community size   122
max community size   239
avg. community size  166.633
modularity             0.776341
-------------------  ----------
30 community detected
NMI:0.0017961516855817816
ARM:0.0019690488249166638
