__LOADINGS__
Network Properties for:		network
nodes, edges			5000, 47554
directed?			False
weighted?			True
isolated nodes			1
self-loops			0
density				0.003805
clustering coefficient		0.340701
min/max/avg degree		0, 360, 19.021600
degree assortativity		0.259490
number of connected components	2
size of largest component	4999 (99.98 %)
429561.4226880868
__Groundtruth__
read communities from: ../../lfr_5000/mk500/k20/muw0.3/10/community.dat
-------------------  ----------
# communities         46
min community size     5
max community size   472
avg. community size  108.696
modularity             0.539673
-------------------  ----------
46 community detected
__CLASSIC_METHODS__
__Louvain__
PLM(balanced,pc,turbo) detected communities in 0.44948554039001465 [s]
solution properties:
-------------------  ----------
# communities         22
min community size     1
max community size   484
avg. community size  227.273
modularity             0.543996
-------------------  ----------
46 community detected
NMI:0.11552380659737027
ARM:0.13182490218225917
__Singleton__
46 community detected
NMI:0.462643373017376
ARM:1.0
__AllInOne__
46 community detected
NMI:1.0
ARM:1.0
__PLP__
PLP detected communities in 0.17502045631408691 [s]
solution properties:
-------------------  ----------
# communities         46
min community size     1
max community size   574
avg. community size  108.696
modularity             0.542385
-------------------  ----------
46 community detected
NMI:0.08482938219684899
ARM:0.12431025410920415
__NORMALIZATION__
__glove__
Network Properties for:		G#21cc
nodes, edges			4999, 47554
directed?			False
weighted?			True
isolated nodes			0
self-loops			0
density				0.003807
clustering coefficient		0.340769
min/max/avg degree		3, 360, 19.025405
degree assortativity		0.259490
number of connected components	1
size of largest component	4999 (100.00 %)
tot:  6429.417882565148
__glove+Louvain__
PLM(balanced,pc,turbo) detected communities in 0.4709296226501465 [s]
solution properties:
-------------------  ----------
# communities         23
min community size     5
max community size   483
avg. community size  217.348
modularity             0.580023
-------------------  ----------
46 community detected
NMI:0.09239542804018264
ARM:0.10219590171989468
__glove+PLP__
PLP detected communities in 0.20168852806091309 [s]
solution properties:
-------------------  ----------
# communities         49
min community size     4
max community size   490
avg. community size  102.02
modularity             0.577258
-------------------  ----------
46 community detected
NMI:0.06945957253618595
ARM:0.09327961964904641
__fake_pmi__
Network Properties for:		G#40cc
nodes, edges			4999, 47554
directed?			False
weighted?			True
isolated nodes			0
self-loops			0
density				0.003807
clustering coefficient		0.340769
min/max/avg degree		3, 360, 19.025405
degree assortativity		0.259490
number of connected components	1
size of largest component	4999 (100.00 %)
tot:  0.0
__fake_pmi+Louvain__
1 community detected due to total edge weight equal 0
NMI:1
ARM:0.09327961964904641
__fake_pmi+PLP__
1 community detected due to total edge weight equal 0
NMI:1
ARM:0.09327961964904641
__iterative_rev_degree_order__
Network Properties for:		G#53cc
nodes, edges			4999, 47554
directed?			False
weighted?			True
isolated nodes			0
self-loops			0
density				0.003807
clustering coefficient		0.340769
min/max/avg degree		3, 360, 19.025405
degree assortativity		0.259490
number of connected components	1
size of largest component	4999 (100.00 %)
tot:  1410.2480445210515
__iterative_rev_degree_order+Louvain__
PLM(balanced,pc,turbo) detected communities in 0.8064851760864258 [s]
solution properties:
-------------------  --------
# communities         76
min community size     5
max community size   178
avg. community size   65.7763
modularity             0.8656
-------------------  --------
46 community detected
NMI:0.6892897082769338
ARM:0.92726661662727
__iterative_rev_degree_order+PLP__
PLP detected communities in 0.06917357444763184 [s]
solution properties:
-------------------  -----------
# communities        1534
min community size      2
max community size     13
avg. community size     3.2588
modularity              0.743764
-------------------  -----------
46 community detected
NMI:0.5150263746311999
ARM:0.991425803640078
__pmi__
Network Properties for:		G#78cc
nodes, edges			4999, 47554
directed?			False
weighted?			True
isolated nodes			0
self-loops			0
density				0.003807
clustering coefficient		0.340769
min/max/avg degree		3, 360, 19.025405
degree assortativity		0.259490
number of connected components	1
size of largest component	4999 (100.00 %)
tot:  91064.02466502716
__pmi+Louvain__
PLM(balanced,pc,turbo) detected communities in 0.66607666015625 [s]
solution properties:
-------------------  ---------
# communities          34
min community size      1
max community size   1208
avg. community size   147.029
modularity              1.0922
-------------------  ---------
46 community detected
NMI:0.3419350266344193
ARM:0.6158481202573647
__pmi+PLP__
PLP detected communities in 0.1945819854736328 [s]
solution properties:
-------------------  ---------
# communities        173
min community size     2
max community size   610
avg. community size   28.896
modularity             1.05074
-------------------  ---------
46 community detected
NMI:0.3202272390750045
ARM:0.5234289545045321
__standard__
Network Properties for:		G#100cc
nodes, edges			4999, 47554
directed?			False
weighted?			True
isolated nodes			0
self-loops			0
density				0.003807
clustering coefficient		0.340769
min/max/avg degree		3, 360, 19.025405
degree assortativity		0.259490
number of connected components	1
size of largest component	4999 (100.00 %)
tot:  16.71473960866726
__standard+Louvain__
PLM(balanced,pc,turbo) detected communities in 0.7067909240722656 [s]
solution properties:
-------------------  ---------
# communities         60
min community size     2
max community size   465
avg. community size   83.3167
modularity             0.89086
-------------------  ---------
46 community detected
NMI:0.5308470772185487
ARM:0.7380253734115818
__standard+PLP__
PLP detected communities in 0.1580367088317871 [s]
solution properties:
-------------------  -----------
# communities        1171
min community size      2
max community size     76
avg. community size     4.269
modularity              0.713237
-------------------  -----------
46 community detected
NMI:0.5258918942862845
ARM:0.9761003882114933
__ppmi__
Network Properties for:		G#125cc
nodes, edges			4999, 47554
directed?			False
weighted?			True
isolated nodes			0
self-loops			0
density				0.003807
clustering coefficient		0.340769
min/max/avg degree		3, 360, 19.025405
degree assortativity		0.259490
number of connected components	1
size of largest component	4999 (100.00 %)
tot:  163881.54419444103
__ppmi+Louvain__
PLM(balanced,pc,turbo) detected communities in 0.6303319931030273 [s]
solution properties:
-------------------  ----------
# communities         32
min community size     6
max community size   455
avg. community size  156.219
modularity             0.672625
-------------------  ----------
46 community detected
NMI:0.16803756150132165
ARM:0.23214883692547095
__ppmi+PLP__
PLP detected communities in 0.16341185569763184 [s]
solution properties:
-------------------  ----------
# communities         75
min community size     2
max community size   837
avg. community size   66.6533
modularity             0.667162
-------------------  ----------
46 community detected
NMI:0.1417399323599411
ARM:0.32012447899977936
__glovexmax50alpha0.2__
Network Properties for:		G#147cc
nodes, edges			4999, 47554
directed?			False
weighted?			True
isolated nodes			0
self-loops			0
density				0.003807
clustering coefficient		0.340769
min/max/avg degree		3, 360, 19.025405
degree assortativity		0.259490
number of connected components	1
size of largest component	4999 (100.00 %)
tot:  25549.50578983707
__glovexmax50alpha0.2+Louvain__
PLM(balanced,pc,turbo) detected communities in 0.32050514221191406 [s]
solution properties:
-------------------  ----------
# communities         29
min community size     5
max community size   471
avg. community size  172.379
modularity             0.638536
-------------------  ----------
46 community detected
NMI:0.023283722237813165
ARM:0.018270917869848913
__glovexmax50alpha0.2+PLP__
PLP detected communities in 0.10217571258544922 [s]
solution properties:
-------------------  ----------
# communities         46
min community size     4
max community size   475
avg. community size  108.674
modularity             0.638326
-------------------  ----------
46 community detected
NMI:0.006185629029562656
ARM:0.007806478917161019
__glovexmax40alpha0.2__
Network Properties for:		G#166cc
nodes, edges			4999, 47554
directed?			False
weighted?			True
isolated nodes			0
self-loops			0
density				0.003807
clustering coefficient		0.340769
min/max/avg degree		3, 360, 19.025405
degree assortativity		0.259490
number of connected components	1
size of largest component	4999 (100.00 %)
tot:  26650.641699725547
__glovexmax40alpha0.2+Louvain__
PLM(balanced,pc,turbo) detected communities in 0.2764906883239746 [s]
solution properties:
-------------------  ----------
# communities         24
min community size    56
max community size   471
avg. community size  208.292
modularity             0.638987
-------------------  ----------
46 community detected
NMI:0.031072736209270868
ARM:0.02611754758352991
__glovexmax40alpha0.2+PLP__
PLP detected communities in 0.10511660575866699 [s]
solution properties:
-------------------  ----------
# communities         46
min community size     4
max community size   475
avg. community size  108.674
modularity             0.638868
-------------------  ----------
46 community detected
NMI:0.006185629029562878
ARM:0.007806478917161019
__glovexmax30alpha0.3__
Network Properties for:		G#185cc
nodes, edges			4999, 47554
directed?			False
weighted?			True
isolated nodes			0
self-loops			0
density				0.003807
clustering coefficient		0.340769
min/max/avg degree		3, 360, 19.025405
degree assortativity		0.259490
number of connected components	1
size of largest component	4999 (100.00 %)
tot:  23739.22529898177
__glovexmax30alpha0.3+Louvain__
PLM(balanced,pc,turbo) detected communities in 0.32550764083862305 [s]
solution properties:
-------------------  ---------
# communities         20
min community size   110
max community size   474
avg. community size  249.95
modularity             0.63465
-------------------  ---------
46 community detected
NMI:0.057850565663474796
ARM:0.057638020214009544
__glovexmax30alpha0.3+PLP__
PLP detected communities in 0.09368538856506348 [s]
solution properties:
-------------------  ----------
# communities         46
min community size     4
max community size   475
avg. community size  108.674
modularity             0.634892
-------------------  ----------
46 community detected
NMI:0.017380860548744215
ARM:0.0219468963490127
