__LOADINGS__
4993/46791 10.670855506400803 % of nul weighted edges removed
1/5000 0.02 % of nul degree nodes removed
Network Properties for:		network
nodes, edges			4999, 41798
directed?			False
weighted?			True
isolated nodes			1
self-loops			0
density				0.003346
clustering coefficient		0.415260
min/max/avg degree		0, 235, 16.722545
degree assortativity		0.148925
number of connected components	1
size of largest component	4999 (100.00 %)
312280.7541406028
__Groundtruth__
read communities from: ../../lfr_5000/mk300/k20/muw0.2/44/community.dat
-------------------  ----------
# communities         30
min community size   122
max community size   240
avg. community size  166.667
modularity             0.725913
-------------------  ----------
30 community detected
__CLASSIC_METHODS__
__Louvain__
PLM(balanced,pc,turbo) detected communities in 0.260556697845459 [s]
solution properties:
-------------------  ----------
# communities         30
min community size   120
max community size   245
avg. community size  166.633
modularity             0.727212
-------------------  ----------
30 community detected
NMI:0.03407881653215261
ARI:0.038104994215194754
__Singleton__
30 community detected
NMI:0.4312749414218585
ARI:1.0
__AllInOne__
30 community detected
NMI:1.0
ARI:1.0
__PLP__
PLP detected communities in 0.13299822807312012 [s]
solution properties:
-------------------  ----------
# communities         31
min community size     1
max community size   245
avg. community size  161.29
modularity             0.727202
-------------------  ----------
30 community detected
NMI:0.03643823592946149
ARI:0.04089327705177137
__NORMALIZATION__
__glove__
Network Properties for:		G#18
nodes, edges			4999, 41798
directed?			False
weighted?			True
isolated nodes			1
self-loops			0
density				0.003346
clustering coefficient		0.415260
min/max/avg degree		0, 235, 16.722545
degree assortativity		0.148925
number of connected components	1
size of largest component	4999 (100.00 %)
tot:  5037.179805290888
__glove+Louvain__
PLM(balanced,pc,turbo) detected communities in 0.2298276424407959 [s]
solution properties:
-------------------  ----------
# communities         30
min community size   121
max community size   242
avg. community size  166.633
modularity             0.747892
-------------------  ----------
30 community detected
NMI:0.02286594503611572
ARI:0.025448657466282776
__glove+PLP__
PLP detected communities in 0.10633420944213867 [s]
solution properties:
-------------------  ----------
# communities         31
min community size     1
max community size   242
avg. community size  161.29
modularity             0.747889
-------------------  ----------
30 community detected
NMI:0.023859951705909932
ARI:0.026608089785716715
__fake_pmi__
Network Properties for:		G#24
nodes, edges			4999, 41798
directed?			False
weighted?			True
isolated nodes			1
self-loops			0
density				0.003346
clustering coefficient		0.415260
min/max/avg degree		0, 235, 16.722545
degree assortativity		0.148925
number of connected components	1
size of largest component	4999 (100.00 %)
tot:  0.0
__fake_pmi+Louvain__
1 community detected due to total edge weight equal 0
NMI:1
ARI:1
__fake_pmi+PLP__
1 community detected due to total edge weight equal 0
NMI:1
ARI:1
__iterative_rev_degree_order__
Network Properties for:		G#27
nodes, edges			4999, 41798
directed?			False
weighted?			True
isolated nodes			1
self-loops			0
density				0.003346
clustering coefficient		0.415260
min/max/avg degree		0, 235, 16.722545
degree assortativity		0.148925
number of connected components	1
size of largest component	4999 (100.00 %)
tot:  1623.636967681665
__iterative_rev_degree_order+Louvain__
PLM(balanced,pc,turbo) detected communities in 0.8792822360992432 [s]
solution properties:
-------------------  ----------
# communities         46
min community size     2
max community size   274
avg. community size  108.674
modularity             0.858482
-------------------  ----------
30 community detected
NMI:0.5793002780816296
ARI:0.7398302665929986
__iterative_rev_degree_order+PLP__
PLP detected communities in 0.10316801071166992 [s]
solution properties:
-------------------  -----------
# communities        1540
min community size      1
max community size     16
avg. community size     3.24675
modularity              0.728019
-------------------  -----------
30 community detected
NMI:0.451308218618777
ARI:0.9806693396161424
__pmi__
Network Properties for:		G#42
nodes, edges			4999, 41798
directed?			False
weighted?			True
isolated nodes			1
self-loops			0
density				0.003346
clustering coefficient		0.415260
min/max/avg degree		0, 235, 16.722545
degree assortativity		0.148925
number of connected components	1
size of largest component	4999 (100.00 %)
tot:  116692.59942177487
__pmi+Louvain__
PLM(balanced,pc,turbo) detected communities in 0.4516294002532959 [s]
solution properties:
-------------------  ---------
# communities         25
min community size   129
max community size   364
avg. community size  199.96
modularity             1.00423
-------------------  ---------
30 community detected
NMI:0.13515317162244778
ARI:0.265534239233408
__pmi+PLP__
PLP detected communities in 0.15296244621276855 [s]
solution properties:
-------------------  ----------
# communities         41
min community size     1
max community size   219
avg. community size  121.951
modularity             0.995348
-------------------  ----------
30 community detected
NMI:0.09662078984566025
ARI:0.1336726175384787
__standard__
Network Properties for:		G#51
nodes, edges			4999, 41798
directed?			False
weighted?			True
isolated nodes			1
self-loops			0
density				0.003346
clustering coefficient		0.415260
min/max/avg degree		0, 235, 16.722545
degree assortativity		0.148925
number of connected components	1
size of largest component	4999 (100.00 %)
tot:  10.53031585263825
__standard+Louvain__
PLM(balanced,pc,turbo) detected communities in 0.6923496723175049 [s]
solution properties:
-------------------  ----------
# communities         31
min community size     2
max community size   377
avg. community size  161.258
modularity             0.839702
-------------------  ----------
30 community detected
NMI:0.2983700623964237
ARI:0.4034424255881649
__standard+PLP__
PLP detected communities in 0.2525777816772461 [s]
solution properties:
-------------------  -----------
# communities        1021
min community size      1
max community size    131
avg. community size     4.89716
modularity              0.646201
-------------------  -----------
30 community detected
NMI:0.3782773256548969
ARI:0.7193618734220749
__ppmi__
Network Properties for:		G#63
nodes, edges			4999, 41798
directed?			False
weighted?			True
isolated nodes			1
self-loops			0
density				0.003346
clustering coefficient		0.415260
min/max/avg degree		0, 235, 16.722545
degree assortativity		0.148925
number of connected components	1
size of largest component	4999 (100.00 %)
tot:  167770.4413900096
__ppmi+Louvain__
PLM(balanced,pc,turbo) detected communities in 0.40165162086486816 [s]
solution properties:
-------------------  ----------
# communities         30
min community size   123
max community size   238
avg. community size  166.633
modularity             0.787673
-------------------  ----------
30 community detected
NMI:0.00404559639732438
ARI:0.005017373411064341
__ppmi+PLP__
PLP detected communities in 0.1112983226776123 [s]
solution properties:
-------------------  ----------
# communities         31
min community size     1
max community size   238
avg. community size  161.29
modularity             0.787671
-------------------  ----------
30 community detected
NMI:0.004779670523414992
ARI:0.005902508263753381
__glovexmax50alpha0.2__
Network Properties for:		G#72
nodes, edges			4999, 41798
directed?			False
weighted?			True
isolated nodes			1
self-loops			0
density				0.003346
clustering coefficient		0.415260
min/max/avg degree		0, 235, 16.722545
degree assortativity		0.148925
number of connected components	1
size of largest component	4999 (100.00 %)
tot:  22467.673829845553
__glovexmax50alpha0.2+Louvain__
PLM(balanced,pc,turbo) detected communities in 0.2585461139678955 [s]
solution properties:
-------------------  ----------
# communities         30
min community size   122
max community size   239
avg. community size  166.633
modularity             0.777287
-------------------  ----------
30 community detected
NMI:0.0
ARI:0.0
__glovexmax50alpha0.2+PLP__
PLP detected communities in 0.09726738929748535 [s]
solution properties:
-------------------  ----------
# communities         31
min community size     1
max community size   239
avg. community size  161.29
modularity             0.777287
-------------------  ----------
30 community detected
NMI:0.0
ARI:0.0
__glovexmax40alpha0.2__
Network Properties for:		G#78
nodes, edges			4999, 41798
directed?			False
weighted?			True
isolated nodes			1
self-loops			0
density				0.003346
clustering coefficient		0.415260
min/max/avg degree		0, 235, 16.722545
degree assortativity		0.148925
number of connected components	1
size of largest component	4999 (100.00 %)
tot:  23463.070343337
__glovexmax40alpha0.2+Louvain__
PLM(balanced,pc,turbo) detected communities in 0.2019519805908203 [s]
solution properties:
-------------------  ----------
# communities         30
min community size   122
max community size   239
avg. community size  166.633
modularity             0.777499
-------------------  ----------
30 community detected
NMI:0.0
ARI:0.0
__glovexmax40alpha0.2+PLP__
PLP detected communities in 0.10171794891357422 [s]
solution properties:
-------------------  ----------
# communities         31
min community size     1
max community size   239
avg. community size  161.29
modularity             0.777499
-------------------  ----------
30 community detected
NMI:0.0
ARI:0.0
__glovexmax30alpha0.3__
Network Properties for:		G#84
nodes, edges			4999, 41798
directed?			False
weighted?			True
isolated nodes			1
self-loops			0
density				0.003346
clustering coefficient		0.415260
min/max/avg degree		0, 235, 16.722545
degree assortativity		0.148925
number of connected components	1
size of largest component	4999 (100.00 %)
tot:  20763.072400504618
__glovexmax30alpha0.3+Louvain__
PLM(balanced,pc,turbo) detected communities in 0.31241369247436523 [s]
solution properties:
-------------------  ----------
# communities         28
min community size   127
max community size   269
avg. community size  178.536
modularity             0.775236
-------------------  ----------
30 community detected
NMI:0.012831005793557226
ARI:0.043052111921309644
__glovexmax30alpha0.3+PLP__
PLP detected communities in 0.11291790008544922 [s]
solution properties:
-------------------  ----------
# communities         31
min community size     1
max community size   239
avg. community size  161.29
modularity             0.776341
-------------------  ----------
30 community detected
NMI:0.0017961516855820037
ARI:0.0019690488249166638
NMI classement:
[('NMIglovexmax50alpha0.2+Louvain', 0.0), ('NMIglovexmax50alpha0.2+PLP', 0.0), ('NMIglovexmax40alpha0.2+Louvain', 0.0), ('NMIglovexmax40alpha0.2+PLP', 0.0), ('NMIglovexmax30alpha0.3+PLP', 0.0017961516855820037), ('NMIppmi+Louvain', 0.00404559639732438), ('NMIppmi+PLP', 0.004779670523414992), ('NMIglovexmax30alpha0.3+Louvain', 0.012831005793557226), ('NMIglove+Louvain', 0.02286594503611572), ('NMIglove+PLP', 0.023859951705909932), ('NMILouvain', 0.03407881653215261), ('NMIPLP', 0.03643823592946149), ('NMIpmi+PLP', 0.09662078984566025), ('NMIpmi+Louvain', 0.13515317162244778), ('NMIstandard+Louvain', 0.2983700623964237), ('NMIstandard+PLP', 0.3782773256548969), ('NMISingleton', 0.4312749414218585), ('NMIiterative_rev_degree_order+PLP', 0.451308218618777), ('NMIiterative_rev_degree_order+Louvain', 0.5793002780816296), ('NMIAllInOne', 1.0), ('NMIfake_pmi+Louvain', 1), ('NMIfake_pmi+PLP', 1)]
ARI classement:
[('ARIglovexmax50alpha0.2+Louvain', 0.0), ('ARIglovexmax50alpha0.2+PLP', 0.0), ('ARIglovexmax40alpha0.2+Louvain', 0.0), ('ARIglovexmax40alpha0.2+PLP', 0.0), ('ARIglovexmax30alpha0.3+PLP', 0.0019690488249166638), ('ARIppmi+Louvain', 0.005017373411064341), ('ARIppmi+PLP', 0.005902508263753381), ('ARIglove+Louvain', 0.025448657466282776), ('ARIglove+PLP', 0.026608089785716715), ('ARILouvain', 0.038104994215194754), ('ARIPLP', 0.04089327705177137), ('ARIglovexmax30alpha0.3+Louvain', 0.043052111921309644), ('ARIpmi+PLP', 0.1336726175384787), ('ARIpmi+Louvain', 0.265534239233408), ('ARIstandard+Louvain', 0.4034424255881649), ('ARIstandard+PLP', 0.7193618734220749), ('ARIiterative_rev_degree_order+Louvain', 0.7398302665929986), ('ARIiterative_rev_degree_order+PLP', 0.9806693396161424), ('ARISingleton', 1.0), ('ARIAllInOne', 1.0), ('ARIfake_pmi+Louvain', 1), ('ARIfake_pmi+PLP', 1)]
