__LOADINGS__
4970/61222 8.117996798536474 % of nul weighted edges removed
0/5000 0.0 % of nul degree nodes removed
Network Properties for:		network
nodes, edges			5000, 56252
directed?			False
weighted?			True
isolated nodes			0
self-loops			0
density				0.004501
clustering coefficient		0.447707
min/max/avg degree		2, 87, 22.500800
degree assortativity		0.409931
number of connected components	1
size of largest component	5000 (100.00 %)
337213.31007433764
__Groundtruth__
read communities from: ../../lfr_5000/mk100/k25/muw0.2/22/community.dat
-------------------  ----------
# communities        104
min community size    20
max community size    99
avg. community size   48.0769
modularity             0.817437
-------------------  ----------
104 community detected
__CLASSIC_METHODS__
__Louvain__
PLM(balanced,pc,turbo) detected communities in 0.1329193115234375 [s]
solution properties:
-------------------  ----------
# communities         48
min community size    65
max community size   182
avg. community size  104.167
modularity             0.815904
-------------------  ----------
104 community detected
NMI:0.08347411323405296
ARI:0.31542683638911595
__Singleton__
104 community detected
NMI:0.30478149554017087
ARI:1.0
__AllInOne__
104 community detected
NMI:1.0
ARI:1.0
__PLP__
PLP detected communities in 0.024985313415527344 [s]
solution properties:
-------------------  ----------
# communities        104
min community size    20
max community size   101
avg. community size   48.0769
modularity             0.817479
-------------------  ----------
104 community detected
NMI:0.00048498238702421315
ARI:0.0012679256946371842
__NORMALIZATION__
__glove__
Network Properties for:		G#21
nodes, edges			5000, 56252
directed?			False
weighted?			True
isolated nodes			0
self-loops			0
density				0.004501
clustering coefficient		0.447707
min/max/avg degree		2, 87, 22.500800
degree assortativity		0.409931
number of connected components	1
size of largest component	5000 (100.00 %)
tot:  6589.782112459165
__glove+Louvain__
PLM(balanced,pc,turbo) detected communities in 0.15433740615844727 [s]
solution properties:
-------------------  ----------
# communities         65
min community size    43
max community size   121
avg. community size   76.9231
modularity             0.819413
-------------------  ----------
104 community detected
NMI:0.04476461508749696
ARI:0.16101041950664408
__glove+PLP__
PLP detected communities in 0.03110480308532715 [s]
solution properties:
-------------------  ----------
# communities        104
min community size    20
max community size   101
avg. community size   48.0769
modularity             0.819364
-------------------  ----------
104 community detected
NMI:0.0004849823870245462
ARI:0.0012679256946371842
__fake_pmi__
Network Properties for:		G#30
nodes, edges			5000, 56252
directed?			False
weighted?			True
isolated nodes			0
self-loops			0
density				0.004501
clustering coefficient		0.447707
min/max/avg degree		2, 87, 22.500800
degree assortativity		0.409931
number of connected components	1
size of largest component	5000 (100.00 %)
tot:  0.0
__fake_pmi+Louvain__
1 community detected due to total edge weight equal 0
NMI:1
ARI:1
__fake_pmi+PLP__
1 community detected due to total edge weight equal 0
NMI:1
ARI:1
__iterative_rev_degree_order__
Network Properties for:		G#33
nodes, edges			5000, 56252
directed?			False
weighted?			True
isolated nodes			0
self-loops			0
density				0.004501
clustering coefficient		0.447707
min/max/avg degree		2, 87, 22.500800
degree assortativity		0.409931
number of connected components	1
size of largest component	5000 (100.00 %)
tot:  1155.7024762138512
__iterative_rev_degree_order+Louvain__
PLM(balanced,pc,turbo) detected communities in 0.5119056701660156 [s]
solution properties:
-------------------  ----------
# communities         57
min community size    20
max community size   176
avg. community size   87.7193
modularity             0.788852
-------------------  ----------
104 community detected
NMI:0.381583356724986
ARI:0.7062063611135883
__iterative_rev_degree_order+PLP__
PLP detected communities in 0.09764909744262695 [s]
solution properties:
-------------------  -----------
# communities        1080
min community size      2
max community size     33
avg. community size     4.62963
modularity              0.620257
-------------------  -----------
104 community detected
NMI:0.2973530364106711
ARI:0.8965144435944287
__pmi__
Network Properties for:		G#45
nodes, edges			5000, 56252
directed?			False
weighted?			True
isolated nodes			0
self-loops			0
density				0.004501
clustering coefficient		0.447707
min/max/avg degree		2, 87, 22.500800
degree assortativity		0.409931
number of connected components	1
size of largest component	5000 (100.00 %)
tot:  335514.76424942346
__pmi+Louvain__
PLM(balanced,pc,turbo) detected communities in 0.2502272129058838 [s]
solution properties:
-------------------  ----------
# communities         75
min community size    36
max community size   100
avg. community size   66.6667
modularity             0.820967
-------------------  ----------
104 community detected
NMI:0.028300856465433566
ARI:0.09383121236694736
__pmi+PLP__
PLP detected communities in 0.029824018478393555 [s]
solution properties:
-------------------  ----------
# communities        104
min community size    20
max community size   100
avg. community size   48.0769
modularity             0.821322
-------------------  ----------
104 community detected
NMI:0.0002442217426903426
ARI:0.0006568525172906403
__standard__
Network Properties for:		G#54
nodes, edges			5000, 56252
directed?			False
weighted?			True
isolated nodes			0
self-loops			0
density				0.004501
clustering coefficient		0.447707
min/max/avg degree		2, 87, 22.500800
degree assortativity		0.409931
number of connected components	1
size of largest component	5000 (100.00 %)
tot:  18.340756248022466
__standard+Louvain__
PLM(balanced,pc,turbo) detected communities in 0.4042847156524658 [s]
solution properties:
-------------------  ---------
# communities         52
min community size    30
max community size   231
avg. community size   96.1538
modularity             0.82359
-------------------  ---------
104 community detected
NMI:0.12258093541503001
ARI:0.4052744225520637
__standard+PLP__
PLP detected communities in 0.09295487403869629 [s]
solution properties:
-------------------  ----------
# communities        159
min community size     2
max community size    95
avg. community size   31.4465
modularity             0.817401
-------------------  ----------
104 community detected
NMI:0.044046559491078496
ARI:0.09084677047820877
__ppmi__
Network Properties for:		G#66
nodes, edges			5000, 56252
directed?			False
weighted?			True
isolated nodes			0
self-loops			0
density				0.004501
clustering coefficient		0.447707
min/max/avg degree		2, 87, 22.500800
degree assortativity		0.409931
number of connected components	1
size of largest component	5000 (100.00 %)
tot:  336462.75511678885
__ppmi+Louvain__
PLM(balanced,pc,turbo) detected communities in 0.40988826751708984 [s]
solution properties:
-------------------  ----------
# communities         76
min community size    36
max community size   100
avg. community size   65.7895
modularity             0.820001
-------------------  ----------
104 community detected
NMI:0.026643456191701276
ARI:0.08595548486594906
__ppmi+PLP__
PLP detected communities in 0.12039327621459961 [s]
solution properties:
-------------------  ----------
# communities        103
min community size    20
max community size   100
avg. community size   48.5437
modularity             0.820129
-------------------  ----------
104 community detected
NMI:0.001404557415929597
ARI:0.0057285859584983445
__glovexmax50alpha0.2__
Network Properties for:		G#75
nodes, edges			5000, 56252
directed?			False
weighted?			True
isolated nodes			0
self-loops			0
density				0.004501
clustering coefficient		0.447707
min/max/avg degree		2, 87, 22.500800
degree assortativity		0.409931
number of connected components	1
size of largest component	5000 (100.00 %)
tot:  35506.4123400506
__glovexmax50alpha0.2+Louvain__
PLM(balanced,pc,turbo) detected communities in 0.4311084747314453 [s]
solution properties:
-------------------  ---------
# communities         72
min community size    34
max community size   103
avg. community size   69.4444
modularity             0.81744
-------------------  ---------
104 community detected
NMI:0.03335599716490889
ARI:0.11488102299618497
__glovexmax50alpha0.2+PLP__
PLP detected communities in 0.08156180381774902 [s]
solution properties:
-------------------  ---------
# communities        104
min community size    20
max community size   101
avg. community size   48.0769
modularity             0.81742
-------------------  ---------
104 community detected
NMI:0.00048498238702476826
ARI:0.0012679256946371842
__glovexmax40alpha0.2__
Network Properties for:		G#84
nodes, edges			5000, 56252
directed?			False
weighted?			True
isolated nodes			0
self-loops			0
density				0.004501
clustering coefficient		0.447707
min/max/avg degree		2, 87, 22.500800
degree assortativity		0.409931
number of connected components	1
size of largest component	5000 (100.00 %)
tot:  37126.90911337224
__glovexmax40alpha0.2+Louvain__
PLM(balanced,pc,turbo) detected communities in 0.5306458473205566 [s]
solution properties:
-------------------  ----------
# communities         60
min community size    51
max community size   120
avg. community size   83.3333
modularity             0.816615
-------------------  ----------
104 community detected
NMI:0.054359168503533395
ARI:0.19939630933200436
__glovexmax40alpha0.2+PLP__
PLP detected communities in 0.04897141456604004 [s]
solution properties:
-------------------  ---------
# communities        104
min community size    20
max community size   101
avg. community size   48.0769
modularity             0.81742
-------------------  ---------
104 community detected
NMI:0.0004849823870245462
ARI:0.0012679256946371842
__glovexmax30alpha0.3__
Network Properties for:		G#93
nodes, edges			5000, 56252
directed?			False
weighted?			True
isolated nodes			0
self-loops			0
density				0.004501
clustering coefficient		0.447707
min/max/avg degree		2, 87, 22.500800
degree assortativity		0.409931
number of connected components	1
size of largest component	5000 (100.00 %)
tot:  33191.21641282592
__glovexmax30alpha0.3+Louvain__
PLM(balanced,pc,turbo) detected communities in 0.4313173294067383 [s]
solution properties:
-------------------  ----------
# communities         70
min community size    34
max community size   112
avg. community size   71.4286
modularity             0.818958
-------------------  ----------
104 community detected
NMI:0.036363043340751244
ARI:0.12689038610240821
__glovexmax30alpha0.3+PLP__
PLP detected communities in 0.03555035591125488 [s]
solution properties:
-------------------  ---------
# communities        104
min community size    20
max community size   101
avg. community size   48.0769
modularity             0.81898
-------------------  ---------
104 community detected
NMI:0.0004849823870245462
ARI:0.0012679256946371842
NMI classement:
[('NMIpmi+PLP', 0.0002442217426903426), ('NMIPLP', 0.00048498238702421315), ('NMIglove+PLP', 0.0004849823870245462), ('NMIglovexmax40alpha0.2+PLP', 0.0004849823870245462), ('NMIglovexmax30alpha0.3+PLP', 0.0004849823870245462), ('NMIglovexmax50alpha0.2+PLP', 0.00048498238702476826), ('NMIppmi+PLP', 0.001404557415929597), ('NMIppmi+Louvain', 0.026643456191701276), ('NMIpmi+Louvain', 0.028300856465433566), ('NMIglovexmax50alpha0.2+Louvain', 0.03335599716490889), ('NMIglovexmax30alpha0.3+Louvain', 0.036363043340751244), ('NMIstandard+PLP', 0.044046559491078496), ('NMIglove+Louvain', 0.04476461508749696), ('NMIglovexmax40alpha0.2+Louvain', 0.054359168503533395), ('NMILouvain', 0.08347411323405296), ('NMIstandard+Louvain', 0.12258093541503001), ('NMIiterative_rev_degree_order+PLP', 0.2973530364106711), ('NMISingleton', 0.30478149554017087), ('NMIiterative_rev_degree_order+Louvain', 0.381583356724986), ('NMIAllInOne', 1.0), ('NMIfake_pmi+Louvain', 1), ('NMIfake_pmi+PLP', 1)]
ARI classement:
[('ARIpmi+PLP', 0.0006568525172906403), ('ARIPLP', 0.0012679256946371842), ('ARIglove+PLP', 0.0012679256946371842), ('ARIglovexmax50alpha0.2+PLP', 0.0012679256946371842), ('ARIglovexmax40alpha0.2+PLP', 0.0012679256946371842), ('ARIglovexmax30alpha0.3+PLP', 0.0012679256946371842), ('ARIppmi+PLP', 0.0057285859584983445), ('ARIppmi+Louvain', 0.08595548486594906), ('ARIstandard+PLP', 0.09084677047820877), ('ARIpmi+Louvain', 0.09383121236694736), ('ARIglovexmax50alpha0.2+Louvain', 0.11488102299618497), ('ARIglovexmax30alpha0.3+Louvain', 0.12689038610240821), ('ARIglove+Louvain', 0.16101041950664408), ('ARIglovexmax40alpha0.2+Louvain', 0.19939630933200436), ('ARILouvain', 0.31542683638911595), ('ARIstandard+Louvain', 0.4052744225520637), ('ARIiterative_rev_degree_order+Louvain', 0.7062063611135883), ('ARIiterative_rev_degree_order+PLP', 0.8965144435944287), ('ARISingleton', 1.0), ('ARIAllInOne', 1.0), ('ARIfake_pmi+Louvain', 1), ('ARIfake_pmi+PLP', 1)]
