__LOADINGS__
4991/46637 10.70180328923387 % of nul weighted edges removed
0/5000 0.0 % of nul degree nodes removed
Network Properties for:		network
nodes, edges			5000, 41646
directed?			False
weighted?			True
isolated nodes			0
self-loops			0
density				0.003332
clustering coefficient		0.212311
min/max/avg degree		2, 210, 16.658400
degree assortativity		0.285559
number of connected components	1
size of largest component	5000 (100.00 %)
311162.4010280151
__Groundtruth__
read communities from: ../../lfr_5000/mk300/k20/muw0.4/33/community.dat
-------------------  ----------
# communities         40
min community size    89
max community size   180
avg. community size  125
modularity             0.507325
-------------------  ----------
40 community detected
__CLASSIC_METHODS__
__Louvain__
PLM(balanced,pc,turbo) detected communities in 0.2956399917602539 [s]
solution properties:
-------------------  ----------
# communities         34
min community size    78
max community size   298
avg. community size  147.059
modularity             0.513341
-------------------  ----------
40 community detected
NMI:0.13288131393556413
ARI:0.22870314408613712
__Singleton__
40 community detected
NMI:0.3983004112753792
ARI:1.0
__AllInOne__
40 community detected
NMI:1.0
ARI:1.0
__PLP__
PLP detected communities in 0.1314854621887207 [s]
solution properties:
-------------------  ---------
# communities         43
min community size     4
max community size   213
avg. community size  116.279
modularity             0.50744
-------------------  ---------
40 community detected
NMI:0.12607384614055117
ARI:0.1676254389387437
__NORMALIZATION__
__glove__
Network Properties for:		G#21
nodes, edges			5000, 41646
directed?			False
weighted?			True
isolated nodes			0
self-loops			0
density				0.003332
clustering coefficient		0.212311
min/max/avg degree		2, 210, 16.658400
degree assortativity		0.285559
number of connected components	1
size of largest component	5000 (100.00 %)
tot:  5143.474975718058
__glove+Louvain__
PLM(balanced,pc,turbo) detected communities in 0.38732123374938965 [s]
solution properties:
-------------------  ----------
# communities         24
min community size   127
max community size   381
avg. community size  208.333
modularity             0.532108
-------------------  ----------
40 community detected
NMI:0.16551780726916132
ARI:0.3561662310604299
__glove+PLP__
PLP detected communities in 0.12519264221191406 [s]
solution properties:
-------------------  ----------
# communities         40
min community size    76
max community size   201
avg. community size  125
modularity             0.535662
-------------------  ----------
40 community detected
NMI:0.0885305530031838
ARI:0.11640705523926664
__fake_pmi__
Network Properties for:		G#30
nodes, edges			5000, 41646
directed?			False
weighted?			True
isolated nodes			0
self-loops			0
density				0.003332
clustering coefficient		0.212311
min/max/avg degree		2, 210, 16.658400
degree assortativity		0.285559
number of connected components	1
size of largest component	5000 (100.00 %)
tot:  0.0
__fake_pmi+Louvain__
1 community detected due to total edge weight equal 0
NMI:1
ARI:1
__fake_pmi+PLP__
1 community detected due to total edge weight equal 0
NMI:1
ARI:1
__iterative_rev_degree_order__
Network Properties for:		G#33
nodes, edges			5000, 41646
directed?			False
weighted?			True
isolated nodes			0
self-loops			0
density				0.003332
clustering coefficient		0.212311
min/max/avg degree		2, 210, 16.658400
degree assortativity		0.285559
number of connected components	1
size of largest component	5000 (100.00 %)
tot:  1365.854521911309
__iterative_rev_degree_order+Louvain__
PLM(balanced,pc,turbo) detected communities in 0.7272622585296631 [s]
solution properties:
-------------------  ----------
# communities         79
min community size    16
max community size   132
avg. community size   63.2911
modularity             0.840003
-------------------  ----------
40 community detected
NMI:0.7677245174383451
ARI:0.9655713851187491
__iterative_rev_degree_order+PLP__
PLP detected communities in 0.09204387664794922 [s]
solution properties:
-------------------  -----------
# communities        1579
min community size      2
max community size     10
avg. community size     3.16656
modularity              0.728388
-------------------  -----------
40 community detected
NMI:0.46663595005694414
ARI:0.9876901931470184
__pmi__
Network Properties for:		G#48
nodes, edges			5000, 41646
directed?			False
weighted?			True
isolated nodes			0
self-loops			0
density				0.003332
clustering coefficient		0.212311
min/max/avg degree		2, 210, 16.658400
degree assortativity		0.285559
number of connected components	1
size of largest component	5000 (100.00 %)
tot:  122296.99099491497
__pmi+Louvain__
PLM(balanced,pc,turbo) detected communities in 0.5175297260284424 [s]
solution properties:
-------------------  ----------
# communities         28
min community size    98
max community size   418
avg. community size  178.571
modularity             0.752207
-------------------  ----------
40 community detected
NMI:0.2914353602900851
ARI:0.4857283957861178
__pmi+PLP__
PLP detected communities in 0.23698711395263672 [s]
solution properties:
-------------------  ----------
# communities        125
min community size     1
max community size   170
avg. community size   40
modularity             0.740815
-------------------  ----------
40 community detected
NMI:0.22356878788416412
ARI:0.3192992586397998
__standard__
Network Properties for:		G#60
nodes, edges			5000, 41646
directed?			False
weighted?			True
isolated nodes			0
self-loops			0
density				0.003332
clustering coefficient		0.212311
min/max/avg degree		2, 210, 16.658400
degree assortativity		0.285559
number of connected components	1
size of largest component	5000 (100.00 %)
tot:  18.41303833482568
__standard+Louvain__
PLM(balanced,pc,turbo) detected communities in 0.861248254776001 [s]
solution properties:
-------------------  ----------
# communities         58
min community size     6
max community size   236
avg. community size   86.2069
modularity             0.789155
-------------------  ----------
40 community detected
NMI:0.6635593370336406
ARI:0.8367721736051953
__standard+PLP__
PLP detected communities in 0.13778185844421387 [s]
solution properties:
-------------------  ----------
# communities        1338
min community size      2
max community size     55
avg. community size     3.73692
modularity              0.67845
-------------------  ----------
40 community detected
NMI:0.4761571187819723
ARI:0.9725435415799798
__ppmi__
Network Properties for:		G#75
nodes, edges			5000, 41646
directed?			False
weighted?			True
isolated nodes			0
self-loops			0
density				0.003332
clustering coefficient		0.212311
min/max/avg degree		2, 210, 16.658400
degree assortativity		0.285559
number of connected components	1
size of largest component	5000 (100.00 %)
tot:  177582.87907479634
__ppmi+Louvain__
PLM(balanced,pc,turbo) detected communities in 0.487642765045166 [s]
solution properties:
-------------------  ----------
# communities         35
min community size    94
max community size   322
avg. community size  142.857
modularity             0.591784
-------------------  ----------
40 community detected
NMI:0.11863878115949156
ARI:0.22976899113075744
__ppmi+PLP__
PLP detected communities in 0.10926318168640137 [s]
solution properties:
-------------------  ---------
# communities         78
min community size     1
max community size   167
avg. community size   64.1026
modularity             0.58731
-------------------  ---------
40 community detected
NMI:0.09556739932240332
ARI:0.13347595632942333
__glovexmax50alpha0.2__
Network Properties for:		G#84
nodes, edges			5000, 41646
directed?			False
weighted?			True
isolated nodes			0
self-loops			0
density				0.003332
clustering coefficient		0.212311
min/max/avg degree		2, 210, 16.658400
degree assortativity		0.285559
number of connected components	1
size of largest component	5000 (100.00 %)
tot:  23024.244126972844
__glovexmax50alpha0.2+Louvain__
PLM(balanced,pc,turbo) detected communities in 0.416515588760376 [s]
solution properties:
-------------------  ---------
# communities         40
min community size    90
max community size   185
avg. community size  125
modularity             0.57378
-------------------  ---------
40 community detected
NMI:0.020144615499101404
ARI:0.02665382550759421
__glovexmax50alpha0.2+PLP__
PLP detected communities in 0.12584829330444336 [s]
solution properties:
-------------------  ----------
# communities         40
min community size    90
max community size   185
avg. community size  125
modularity             0.573778
-------------------  ----------
40 community detected
NMI:0.01959803663347237
ARI:0.025931222593690517
__glovexmax40alpha0.2__
Network Properties for:		G#93
nodes, edges			5000, 41646
directed?			False
weighted?			True
isolated nodes			0
self-loops			0
density				0.003332
clustering coefficient		0.212311
min/max/avg degree		2, 210, 16.658400
degree assortativity		0.285559
number of connected components	1
size of largest component	5000 (100.00 %)
tot:  24053.281156333804
__glovexmax40alpha0.2+Louvain__
PLM(balanced,pc,turbo) detected communities in 0.47149109840393066 [s]
solution properties:
-------------------  ----------
# communities         26
min community size   121
max community size   287
avg. community size  192.308
modularity             0.569109
-------------------  ----------
40 community detected
NMI:0.08269238875241136
ARI:0.24170995503662163
__glovexmax40alpha0.2+PLP__
PLP detected communities in 0.12426877021789551 [s]
solution properties:
-------------------  ----------
# communities         40
min community size    90
max community size   185
avg. community size  125
modularity             0.573933
-------------------  ----------
40 community detected
NMI:0.019598036633472482
ARI:0.025931222593690517
__glovexmax30alpha0.3__
Network Properties for:		G#102
nodes, edges			5000, 41646
directed?			False
weighted?			True
isolated nodes			0
self-loops			0
density				0.003332
clustering coefficient		0.212311
min/max/avg degree		2, 210, 16.658400
degree assortativity		0.285559
number of connected components	1
size of largest component	5000 (100.00 %)
tot:  21527.476513088804
__glovexmax30alpha0.3+Louvain__
PLM(balanced,pc,turbo) detected communities in 0.47629594802856445 [s]
solution properties:
-------------------  ----------
# communities         29
min community size   119
max community size   287
avg. community size  172.414
modularity             0.567331
-------------------  ----------
40 community detected
NMI:0.07596605402629464
ARI:0.19877749050400584
__glovexmax30alpha0.3+PLP__
PLP detected communities in 0.06202554702758789 [s]
solution properties:
-------------------  ----------
# communities         40
min community size    88
max community size   187
avg. community size  125
modularity             0.570264
-------------------  ----------
40 community detected
NMI:0.031656028813981774
ARI:0.04195925581101767
NMI classement:
[('NMIglovexmax50alpha0.2+PLP', 0.01959803663347237), ('NMIglovexmax40alpha0.2+PLP', 0.019598036633472482), ('NMIglovexmax50alpha0.2+Louvain', 0.020144615499101404), ('NMIglovexmax30alpha0.3+PLP', 0.031656028813981774), ('NMIglovexmax30alpha0.3+Louvain', 0.07596605402629464), ('NMIglovexmax40alpha0.2+Louvain', 0.08269238875241136), ('NMIglove+PLP', 0.0885305530031838), ('NMIppmi+PLP', 0.09556739932240332), ('NMIppmi+Louvain', 0.11863878115949156), ('NMIPLP', 0.12607384614055117), ('NMILouvain', 0.13288131393556413), ('NMIglove+Louvain', 0.16551780726916132), ('NMIpmi+PLP', 0.22356878788416412), ('NMIpmi+Louvain', 0.2914353602900851), ('NMISingleton', 0.3983004112753792), ('NMIiterative_rev_degree_order+PLP', 0.46663595005694414), ('NMIstandard+PLP', 0.4761571187819723), ('NMIstandard+Louvain', 0.6635593370336406), ('NMIiterative_rev_degree_order+Louvain', 0.7677245174383451), ('NMIAllInOne', 1.0), ('NMIfake_pmi+Louvain', 1), ('NMIfake_pmi+PLP', 1)]
ARI classement:
[('ARIglovexmax50alpha0.2+PLP', 0.025931222593690517), ('ARIglovexmax40alpha0.2+PLP', 0.025931222593690517), ('ARIglovexmax50alpha0.2+Louvain', 0.02665382550759421), ('ARIglovexmax30alpha0.3+PLP', 0.04195925581101767), ('ARIglove+PLP', 0.11640705523926664), ('ARIppmi+PLP', 0.13347595632942333), ('ARIPLP', 0.1676254389387437), ('ARIglovexmax30alpha0.3+Louvain', 0.19877749050400584), ('ARILouvain', 0.22870314408613712), ('ARIppmi+Louvain', 0.22976899113075744), ('ARIglovexmax40alpha0.2+Louvain', 0.24170995503662163), ('ARIpmi+PLP', 0.3192992586397998), ('ARIglove+Louvain', 0.3561662310604299), ('ARIpmi+Louvain', 0.4857283957861178), ('ARIstandard+Louvain', 0.8367721736051953), ('ARIiterative_rev_degree_order+Louvain', 0.9655713851187491), ('ARIstandard+PLP', 0.9725435415799798), ('ARIiterative_rev_degree_order+PLP', 0.9876901931470184), ('ARISingleton', 1.0), ('ARIAllInOne', 1.0), ('ARIfake_pmi+Louvain', 1), ('ARIfake_pmi+PLP', 1)]
