__LOADINGS__
Network Properties for:		network
nodes, edges			5000, 33477
directed?			False
weighted?			True
isolated nodes			1
self-loops			0
density				0.002679
clustering coefficient		0.197367
min/max/avg degree		0, 204, 13.390800
degree assortativity		0.270690
number of connected components	2
size of largest component	4999 (99.98 %)
245127.99555277813
__Groundtruth__
read communities from: ../../lfr_5000/mk300/k15/muw0.4/3/community.dat
-------------------  ----------
# communities         40
min community size    89
max community size   180
avg. community size  125
modularity             0.492086
-------------------  ----------
40 community detected
__CLASSIC_METHODS__
__Louvain__
PLM(balanced,pc,turbo) detected communities in 0.452042818069458 [s]
solution properties:
-------------------  ----------
# communities         25
min community size     1
max community size   389
avg. community size  200
modularity             0.503891
-------------------  ----------
40 community detected
NMI:0.25901287093477365
ARM:0.45795151787641974
__Singleton__
40 community detected
NMI:0.3983004112753793
ARM:1.0
__AllInOne__
40 community detected
NMI:1.0
ARM:1.0
__PLP__
PLP detected communities in 0.1580500602722168 [s]
solution properties:
-------------------  ----------
# communities         45
min community size     1
max community size   208
avg. community size  111.111
modularity             0.501663
-------------------  ----------
40 community detected
NMI:0.17517620345022278
ARM:0.22784851468056422
__NORMALIZATION__
__glove__
Network Properties for:		G#21cc
nodes, edges			4999, 33477
directed?			False
weighted?			True
isolated nodes			0
self-loops			0
density				0.002680
clustering coefficient		0.197407
min/max/avg degree		3, 204, 13.393479
degree assortativity		0.270690
number of connected components	1
size of largest component	4999 (100.00 %)
tot:  3963.939050343743
__glove+Louvain__
PLM(balanced,pc,turbo) detected communities in 0.42237281799316406 [s]
solution properties:
-------------------  ----------
# communities         34
min community size    82
max community size   381
avg. community size  147.029
modularity             0.530138
-------------------  ----------
40 community detected
NMI:0.1808631706998305
ARM:0.3005114615951183
__glove+PLP__
PLP detected communities in 0.12854290008544922 [s]
solution properties:
-------------------  ----------
# communities         44
min community size     2
max community size   206
avg. community size  113.614
modularity             0.529332
-------------------  ----------
40 community detected
NMI:0.1511522813529691
ARM:0.19560486258555687
__fake_pmi__
Network Properties for:		G#40cc
nodes, edges			4999, 33477
directed?			False
weighted?			True
isolated nodes			0
self-loops			0
density				0.002680
clustering coefficient		0.197407
min/max/avg degree		3, 204, 13.393479
degree assortativity		0.270690
number of connected components	1
size of largest component	4999 (100.00 %)
tot:  0.0
__fake_pmi+Louvain__
1 community detected due to total edge weight equal 0
NMI:1
ARM:0.19560486258555687
__fake_pmi+PLP__
1 community detected due to total edge weight equal 0
NMI:1
ARM:0.19560486258555687
__iterative_rev_degree_order__
Network Properties for:		G#53cc
nodes, edges			4999, 33477
directed?			False
weighted?			True
isolated nodes			0
self-loops			0
density				0.002680
clustering coefficient		0.197407
min/max/avg degree		3, 204, 13.393479
degree assortativity		0.270690
number of connected components	1
size of largest component	4999 (100.00 %)
tot:  1408.8429785671183
__iterative_rev_degree_order+Louvain__
PLM(balanced,pc,turbo) detected communities in 0.8128931522369385 [s]
solution properties:
-------------------  ----------
# communities         87
min community size    21
max community size   105
avg. community size   57.4598
modularity             0.867479
-------------------  ----------
40 community detected
NMI:0.7482829286843571
ARM:0.9575203440961982
__iterative_rev_degree_order+PLP__
PLP detected communities in 0.07364130020141602 [s]
solution properties:
-------------------  -----------
# communities        1583
min community size      2
max community size     10
avg. community size     3.15793
modularity              0.756631
-------------------  -----------
40 community detected
NMI:0.4632358443717728
ARM:0.9861131219535737
__pmi__
Network Properties for:		G#78cc
nodes, edges			4999, 33477
directed?			False
weighted?			True
isolated nodes			0
self-loops			0
density				0.002680
clustering coefficient		0.197407
min/max/avg degree		3, 204, 13.393479
degree assortativity		0.270690
number of connected components	1
size of largest component	4999 (100.00 %)
tot:  98775.29118985613
__pmi+Louvain__
PLM(balanced,pc,turbo) detected communities in 0.5996737480163574 [s]
solution properties:
-------------------  ----------
# communities         34
min community size     1
max community size   434
avg. community size  147.029
modularity             0.774426
-------------------  ----------
40 community detected
NMI:0.4007316039178217
ARM:0.5906930945731199
__pmi+PLP__
PLP detected communities in 0.22042512893676758 [s]
solution properties:
-------------------  ----------
# communities        343
min community size     1
max community size   196
avg. community size   14.5743
modularity             0.737321
-------------------  ----------
40 community detected
NMI:0.331635945315335
ARM:0.4951743256523461
__standard__
Network Properties for:		G#100cc
nodes, edges			4999, 33477
directed?			False
weighted?			True
isolated nodes			0
self-loops			0
density				0.002680
clustering coefficient		0.197407
min/max/avg degree		3, 204, 13.393479
degree assortativity		0.270690
number of connected components	1
size of largest component	4999 (100.00 %)
tot:  27.01532069564013
__standard+Louvain__
PLM(balanced,pc,turbo) detected communities in 0.8559346199035645 [s]
solution properties:
-------------------  ----------
# communities         67
min community size    16
max community size   184
avg. community size   74.6119
modularity             0.853904
-------------------  ----------
40 community detected
NMI:0.6669078440613175
ARM:0.8640747379322719
__standard+PLP__
PLP detected communities in 0.06867146492004395 [s]
solution properties:
-------------------  -----------
# communities        1368
min community size      2
max community size     24
avg. community size     3.65424
modularity              0.761198
-------------------  -----------
40 community detected
NMI:0.4666421704308886
ARM:0.9758068131887839
__ppmi__
Network Properties for:		G#125cc
nodes, edges			4999, 33477
directed?			False
weighted?			True
isolated nodes			0
self-loops			0
density				0.002680
clustering coefficient		0.197407
min/max/avg degree		3, 204, 13.393479
degree assortativity		0.270690
number of connected components	1
size of largest component	4999 (100.00 %)
tot:  143308.58253177674
__ppmi+Louvain__
PLM(balanced,pc,turbo) detected communities in 0.45510029792785645 [s]
solution properties:
-------------------  ----------
# communities         39
min community size    90
max community size   273
avg. community size  128.179
modularity             0.601303
-------------------  ----------
40 community detected
NMI:0.21994767068798338
ARM:0.30968832901534304
__ppmi+PLP__
PLP detected communities in 0.11798572540283203 [s]
solution properties:
-------------------  ----------
# communities        203
min community size     1
max community size   169
avg. community size   24.6256
modularity             0.585658
-------------------  ----------
40 community detected
NMI:0.21808137965015295
ARM:0.3082694151486097
__glovexmax50alpha0.2__
Network Properties for:		G#144cc
nodes, edges			4999, 33477
directed?			False
weighted?			True
isolated nodes			0
self-loops			0
density				0.002680
clustering coefficient		0.197407
min/max/avg degree		3, 204, 13.393479
degree assortativity		0.270690
number of connected components	1
size of largest component	4999 (100.00 %)
tot:  17964.18236642499
__glovexmax50alpha0.2+Louvain__
PLM(balanced,pc,turbo) detected communities in 0.3916008472442627 [s]
solution properties:
-------------------  --------
# communities         27
min community size   124
max community size   277
avg. community size  185.148
modularity             0.5684
-------------------  --------
40 community detected
NMI:0.1305224967800387
ARM:0.27129894038564273
__glovexmax50alpha0.2+PLP__
PLP detected communities in 0.13792729377746582 [s]
solution properties:
-------------------  ----------
# communities         43
min community size     2
max community size   191
avg. community size  116.256
modularity             0.571882
-------------------  ----------
40 community detected
NMI:0.07313445918743056
ARM:0.09401357033157931
__glovexmax40alpha0.2__
Network Properties for:		G#163cc
nodes, edges			4999, 33477
directed?			False
weighted?			True
isolated nodes			0
self-loops			0
density				0.002680
clustering coefficient		0.197407
min/max/avg degree		3, 204, 13.393479
degree assortativity		0.270690
number of connected components	1
size of largest component	4999 (100.00 %)
tot:  18760.862129043482
__glovexmax40alpha0.2+Louvain__
PLM(balanced,pc,turbo) detected communities in 0.388721227645874 [s]
solution properties:
-------------------  ----------
# communities         40
min community size    86
max community size   191
avg. community size  124.975
modularity             0.572395
-------------------  ----------
40 community detected
NMI:0.075246917578911
ARM:0.09620877346377732
__glovexmax40alpha0.2+PLP__
PLP detected communities in 0.14694905281066895 [s]
solution properties:
-------------------  ----------
# communities         43
min community size     2
max community size   191
avg. community size  116.256
modularity             0.572069
-------------------  ----------
40 community detected
NMI:0.07368774170262105
ARM:0.09474310315527101
__glovexmax30alpha0.3__
Network Properties for:		G#182cc
nodes, edges			4999, 33477
directed?			False
weighted?			True
isolated nodes			0
self-loops			0
density				0.002680
clustering coefficient		0.197407
min/max/avg degree		3, 204, 13.393479
degree assortativity		0.270690
number of connected components	1
size of largest component	4999 (100.00 %)
tot:  16614.88626537595
__glovexmax30alpha0.3+Louvain__
PLM(balanced,pc,turbo) detected communities in 0.3753800392150879 [s]
solution properties:
-------------------  ----------
# communities         40
min community size    85
max community size   193
avg. community size  124.975
modularity             0.568862
-------------------  ----------
40 community detected
NMI:0.09111402960754966
ARM:0.11688438353406072
__glovexmax30alpha0.3+PLP__
PLP detected communities in 0.13467192649841309 [s]
solution properties:
-------------------  ----------
# communities         43
min community size     2
max community size   193
avg. community size  116.256
modularity             0.568571
-------------------  ----------
40 community detected
NMI:0.08931852519298822
ARM:0.11444753152382992
