__LOADINGS__
4973/61218 8.123427750008167 % of nul weighted edges removed
1/5000 0.02 % of nul degree nodes removed
Network Properties for:		network
nodes, edges			4999, 56245
directed?			False
weighted?			True
isolated nodes			1
self-loops			0
density				0.004502
clustering coefficient		0.313948
min/max/avg degree		0, 83, 22.502501
degree assortativity		0.392818
number of connected components	1
size of largest component	4999 (100.00 %)
337698.64591871476
__Groundtruth__
read communities from: ../../lfr_5000/mk100/k25/muw0.3/28/community.dat
-------------------  ----------
# communities        104
min community size    20
max community size    99
avg. community size   48.0769
modularity             0.708015
-------------------  ----------
104 community detected
__CLASSIC_METHODS__
__Louvain__
PLM(balanced,pc,turbo) detected communities in 0.24915409088134766 [s]
solution properties:
-------------------  ----------
# communities         46
min community size    62
max community size   200
avg. community size  108.674
modularity             0.707095
-------------------  ----------
104 community detected
NMI:0.09252875455901843
ARI:0.35503665427594855
__Singleton__
104 community detected
NMI:0.3047653125958626
ARI:1.0
__AllInOne__
104 community detected
NMI:1.0
ARI:1.0
__PLP__
PLP detected communities in 0.0616607666015625 [s]
solution properties:
-------------------  ----------
# communities        105
min community size     1
max community size    99
avg. community size   47.619
modularity             0.708293
-------------------  ----------
104 community detected
NMI:0.0011757316955851582
ARI:0.002674745969428516
__NORMALIZATION__
__glove__
Network Properties for:		G#21
nodes, edges			4999, 56245
directed?			False
weighted?			True
isolated nodes			1
self-loops			0
density				0.004502
clustering coefficient		0.313948
min/max/avg degree		0, 83, 22.502501
degree assortativity		0.392818
number of connected components	1
size of largest component	4999 (100.00 %)
tot:  6601.456418691188
__glove+Louvain__
PLM(balanced,pc,turbo) detected communities in 0.28130006790161133 [s]
solution properties:
-------------------  ----------
# communities         55
min community size    58
max community size   144
avg. community size   90.8909
modularity             0.710889
-------------------  ----------
104 community detected
NMI:0.06666155608063418
ARI:0.24985948583803708
__glove+PLP__
PLP detected communities in 0.06837868690490723 [s]
solution properties:
-------------------  ----------
# communities        105
min community size     1
max community size    99
avg. community size   47.619
modularity             0.710965
-------------------  ----------
104 community detected
NMI:0.0011757316955851582
ARI:0.002674745969428516
__fake_pmi__
Network Properties for:		G#30
nodes, edges			4999, 56245
directed?			False
weighted?			True
isolated nodes			1
self-loops			0
density				0.004502
clustering coefficient		0.313948
min/max/avg degree		0, 83, 22.502501
degree assortativity		0.392818
number of connected components	1
size of largest component	4999 (100.00 %)
tot:  0.0
__fake_pmi+Louvain__
1 community detected due to total edge weight equal 0
NMI:1
ARI:1
__fake_pmi+PLP__
1 community detected due to total edge weight equal 0
NMI:1
ARI:1
__iterative_rev_degree_order__
Network Properties for:		G#33
nodes, edges			4999, 56245
directed?			False
weighted?			True
isolated nodes			1
self-loops			0
density				0.004502
clustering coefficient		0.313948
min/max/avg degree		0, 83, 22.502501
degree assortativity		0.392818
number of connected components	1
size of largest component	4999 (100.00 %)
tot:  1099.1840954784568
__iterative_rev_degree_order+Louvain__
PLM(balanced,pc,turbo) detected communities in 0.7912318706512451 [s]
solution properties:
-------------------  ---------
# communities         44
min community size    62
max community size   189
avg. community size  113.614
modularity             0.73254
-------------------  ---------
104 community detected
NMI:0.5391333136213954
ARI:0.8540954167476866
__iterative_rev_degree_order+PLP__
PLP detected communities in 0.08820128440856934 [s]
solution properties:
-------------------  -----------
# communities        1067
min community size      1
max community size     18
avg. community size     4.68604
modularity              0.601162
-------------------  -----------
104 community detected
NMI:0.33160442696286463
ARI:0.9259358237730735
__pmi__
Network Properties for:		G#48
nodes, edges			4999, 56245
directed?			False
weighted?			True
isolated nodes			1
self-loops			0
density				0.004502
clustering coefficient		0.313948
min/max/avg degree		0, 83, 22.502501
degree assortativity		0.392818
number of connected components	1
size of largest component	4999 (100.00 %)
tot:  334631.00700765784
__pmi+Louvain__
PLM(balanced,pc,turbo) detected communities in 0.33610057830810547 [s]
solution properties:
-------------------  ----------
# communities         73
min community size    41
max community size   102
avg. community size   68.4795
modularity             0.715703
-------------------  ----------
104 community detected
NMI:0.03210673735853464
ARI:0.10975057829628887
__pmi+PLP__
PLP detected communities in 0.12985610961914062 [s]
solution properties:
-------------------  ----------
# communities        101
min community size     1
max community size   162
avg. community size   49.505
modularity             0.715398
-------------------  ----------
104 community detected
NMI:0.006713876883610359
ARI:0.039871706820311714
__standard__
Network Properties for:		G#57
nodes, edges			4999, 56245
directed?			False
weighted?			True
isolated nodes			1
self-loops			0
density				0.004502
clustering coefficient		0.313948
min/max/avg degree		0, 83, 22.502501
degree assortativity		0.392818
number of connected components	1
size of largest component	4999 (100.00 %)
tot:  17.52851769592785
__standard+Louvain__
PLM(balanced,pc,turbo) detected communities in 0.618992805480957 [s]
solution properties:
-------------------  ---------
# communities         59
min community size    25
max community size   233
avg. community size   84.7288
modularity             0.71776
-------------------  ---------
104 community detected
NMI:0.11803974843830423
ARI:0.3670483729944226
__standard+PLP__
PLP detected communities in 0.11433148384094238 [s]
solution properties:
-------------------  ----------
# communities        162
min community size     1
max community size   173
avg. community size   30.8642
modularity             0.706822
-------------------  ----------
104 community detected
NMI:0.05750621373027209
ARI:0.135706061971267
__ppmi__
Network Properties for:		G#69
nodes, edges			4999, 56245
directed?			False
weighted?			True
isolated nodes			1
self-loops			0
density				0.004502
clustering coefficient		0.313948
min/max/avg degree		0, 83, 22.502501
degree assortativity		0.392818
number of connected components	1
size of largest component	4999 (100.00 %)
tot:  336391.6757769469
__ppmi+Louvain__
PLM(balanced,pc,turbo) detected communities in 0.5453925132751465 [s]
solution properties:
-------------------  ---------
# communities         62
min community size    51
max community size   114
avg. community size   80.629
modularity             0.71296
-------------------  ---------
104 community detected
NMI:0.05014598353904354
ARI:0.1798758636299007
__ppmi+PLP__
PLP detected communities in 0.08463191986083984 [s]
solution properties:
-------------------  ----------
# communities        100
min community size     1
max community size   191
avg. community size   50
modularity             0.713261
-------------------  ----------
104 community detected
NMI:0.00786208005450495
ARI:0.04922724287227054
__glovexmax50alpha0.2__
Network Properties for:		G#78
nodes, edges			4999, 56245
directed?			False
weighted?			True
isolated nodes			1
self-loops			0
density				0.004502
clustering coefficient		0.313948
min/max/avg degree		0, 83, 22.502501
degree assortativity		0.392818
number of connected components	1
size of largest component	4999 (100.00 %)
tot:  35493.75621104696
__glovexmax50alpha0.2+Louvain__
PLM(balanced,pc,turbo) detected communities in 0.3280959129333496 [s]
solution properties:
-------------------  ----------
# communities         64
min community size    48
max community size   112
avg. community size   78.1094
modularity             0.710706
-------------------  ----------
104 community detected
NMI:0.04653921182179643
ARI:0.1659444934414479
__glovexmax50alpha0.2+PLP__
PLP detected communities in 0.06559610366821289 [s]
solution properties:
-------------------  ----------
# communities        105
min community size     1
max community size    99
avg. community size   47.619
modularity             0.710711
-------------------  ----------
104 community detected
NMI:0.0007093774559288057
ARI:0.001655413835885522
__glovexmax40alpha0.2__
Network Properties for:		G#87
nodes, edges			4999, 56245
directed?			False
weighted?			True
isolated nodes			1
self-loops			0
density				0.004502
clustering coefficient		0.313948
min/max/avg degree		0, 83, 22.502501
degree assortativity		0.392818
number of connected components	1
size of largest component	4999 (100.00 %)
tot:  37113.67536430306
__glovexmax40alpha0.2+Louvain__
PLM(balanced,pc,turbo) detected communities in 0.2529618740081787 [s]
solution properties:
-------------------  ----------
# communities         55
min community size    59
max community size   142
avg. community size   90.8909
modularity             0.710005
-------------------  ----------
104 community detected
NMI:0.0659380183580418
ARI:0.24730212466026258
__glovexmax40alpha0.2+PLP__
PLP detected communities in 0.0468602180480957 [s]
solution properties:
-------------------  ----------
# communities        105
min community size     1
max community size    99
avg. community size   47.619
modularity             0.710711
-------------------  ----------
104 community detected
NMI:0.0007093774559288057
ARI:0.001655413835885522
__glovexmax30alpha0.3__
Network Properties for:		G#96
nodes, edges			4999, 56245
directed?			False
weighted?			True
isolated nodes			1
self-loops			0
density				0.004502
clustering coefficient		0.313948
min/max/avg degree		0, 83, 22.502501
degree assortativity		0.392818
number of connected components	1
size of largest component	4999 (100.00 %)
tot:  33197.85897836203
__glovexmax30alpha0.3+Louvain__
PLM(balanced,pc,turbo) detected communities in 0.3834712505340576 [s]
solution properties:
-------------------  ----------
# communities         59
min community size    51
max community size   125
avg. community size   84.7288
modularity             0.711608
-------------------  ----------
104 community detected
NMI:0.056733855725098925
ARI:0.20875031177049208
__glovexmax30alpha0.3+PLP__
PLP detected communities in 0.04883837699890137 [s]
solution properties:
-------------------  ---------
# communities        105
min community size     1
max community size    99
avg. community size   47.619
modularity             0.71194
-------------------  ---------
104 community detected
NMI:0.0007093774559288057
ARI:0.001655413835885522
NMI classement:
[('NMIglovexmax50alpha0.2+PLP', 0.0007093774559288057), ('NMIglovexmax40alpha0.2+PLP', 0.0007093774559288057), ('NMIglovexmax30alpha0.3+PLP', 0.0007093774559288057), ('NMIPLP', 0.0011757316955851582), ('NMIglove+PLP', 0.0011757316955851582), ('NMIpmi+PLP', 0.006713876883610359), ('NMIppmi+PLP', 0.00786208005450495), ('NMIpmi+Louvain', 0.03210673735853464), ('NMIglovexmax50alpha0.2+Louvain', 0.04653921182179643), ('NMIppmi+Louvain', 0.05014598353904354), ('NMIglovexmax30alpha0.3+Louvain', 0.056733855725098925), ('NMIstandard+PLP', 0.05750621373027209), ('NMIglovexmax40alpha0.2+Louvain', 0.0659380183580418), ('NMIglove+Louvain', 0.06666155608063418), ('NMILouvain', 0.09252875455901843), ('NMIstandard+Louvain', 0.11803974843830423), ('NMISingleton', 0.3047653125958626), ('NMIiterative_rev_degree_order+PLP', 0.33160442696286463), ('NMIiterative_rev_degree_order+Louvain', 0.5391333136213954), ('NMIAllInOne', 1.0), ('NMIfake_pmi+Louvain', 1), ('NMIfake_pmi+PLP', 1)]
ARI classement:
[('ARIglovexmax50alpha0.2+PLP', 0.001655413835885522), ('ARIglovexmax40alpha0.2+PLP', 0.001655413835885522), ('ARIglovexmax30alpha0.3+PLP', 0.001655413835885522), ('ARIPLP', 0.002674745969428516), ('ARIglove+PLP', 0.002674745969428516), ('ARIpmi+PLP', 0.039871706820311714), ('ARIppmi+PLP', 0.04922724287227054), ('ARIpmi+Louvain', 0.10975057829628887), ('ARIstandard+PLP', 0.135706061971267), ('ARIglovexmax50alpha0.2+Louvain', 0.1659444934414479), ('ARIppmi+Louvain', 0.1798758636299007), ('ARIglovexmax30alpha0.3+Louvain', 0.20875031177049208), ('ARIglovexmax40alpha0.2+Louvain', 0.24730212466026258), ('ARIglove+Louvain', 0.24985948583803708), ('ARILouvain', 0.35503665427594855), ('ARIstandard+Louvain', 0.3670483729944226), ('ARIiterative_rev_degree_order+Louvain', 0.8540954167476866), ('ARIiterative_rev_degree_order+PLP', 0.9259358237730735), ('ARISingleton', 1.0), ('ARIAllInOne', 1.0), ('ARIfake_pmi+Louvain', 1), ('ARIfake_pmi+PLP', 1)]
