__LOADINGS__
4988/46882 10.639477837976195 % of nul weighted edges removed
0/5000 0.0 % of nul degree nodes removed
Network Properties for:		network
nodes, edges			5000, 41894
directed?			False
weighted?			True
isolated nodes			0
self-loops			0
density				0.003352
clustering coefficient		0.300233
min/max/avg degree		2, 220, 16.757600
degree assortativity		0.209864
number of connected components	1
size of largest component	5000 (100.00 %)
315493.25764802744
__Groundtruth__
read communities from: ../../lfr_5000/mk300/k20/muw0.3/49/community.dat
-------------------  ----------
# communities         32
min community size   100
max community size   215
avg. community size  156.25
modularity             0.612028
-------------------  ----------
32 community detected
__CLASSIC_METHODS__
__Louvain__
PLM(balanced,pc,turbo) detected communities in 0.28721189498901367 [s]
solution properties:
-------------------  ----------
# communities         32
min community size   100
max community size   225
avg. community size  156.25
modularity             0.615684
-------------------  ----------
32 community detected
NMI:0.07733191116371696
ARI:0.0919007293303189
__Singleton__
32 community detected
NMI:0.4237009314786855
ARI:1.0
__AllInOne__
32 community detected
NMI:1.0
ARI:1.0
__PLP__
PLP detected communities in 0.11694884300231934 [s]
solution properties:
-------------------  ----------
# communities         32
min community size   100
max community size   225
avg. community size  156.25
modularity             0.615673
-------------------  ----------
32 community detected
NMI:0.0796366838000293
ARI:0.09521372255953964
__NORMALIZATION__
__glove__
Network Properties for:		G#18
nodes, edges			5000, 41894
directed?			False
weighted?			True
isolated nodes			0
self-loops			0
density				0.003352
clustering coefficient		0.300233
min/max/avg degree		2, 220, 16.757600
degree assortativity		0.209864
number of connected components	1
size of largest component	5000 (100.00 %)
tot:  5124.533187612409
__glove+Louvain__
PLM(balanced,pc,turbo) detected communities in 0.1700272560119629 [s]
solution properties:
-------------------  ----------
# communities         32
min community size   101
max community size   224
avg. community size  156.25
modularity             0.638303
-------------------  ----------
32 community detected
NMI:0.05774064715805505
ARI:0.06907271094463596
__glove+PLP__
PLP detected communities in 0.1035299301147461 [s]
solution properties:
-------------------  ----------
# communities         32
min community size   101
max community size   224
avg. community size  156.25
modularity             0.638299
-------------------  ----------
32 community detected
NMI:0.05885312866459114
ARI:0.07012482095355022
__fake_pmi__
Network Properties for:		G#24
nodes, edges			5000, 41894
directed?			False
weighted?			True
isolated nodes			0
self-loops			0
density				0.003352
clustering coefficient		0.300233
min/max/avg degree		2, 220, 16.757600
degree assortativity		0.209864
number of connected components	1
size of largest component	5000 (100.00 %)
tot:  0.0
__fake_pmi+Louvain__
1 community detected due to total edge weight equal 0
NMI:1
ARI:1
__fake_pmi+PLP__
1 community detected due to total edge weight equal 0
NMI:1
ARI:1
__iterative_rev_degree_order__
Network Properties for:		G#27
nodes, edges			5000, 41894
directed?			False
weighted?			True
isolated nodes			0
self-loops			0
density				0.003352
clustering coefficient		0.300233
min/max/avg degree		2, 220, 16.757600
degree assortativity		0.209864
number of connected components	1
size of largest component	5000 (100.00 %)
tot:  1503.597910135453
__iterative_rev_degree_order+Louvain__
PLM(balanced,pc,turbo) detected communities in 0.7528343200683594 [s]
solution properties:
-------------------  ----------
# communities         73
min community size    24
max community size   149
avg. community size   68.4932
modularity             0.855544
-------------------  ----------
32 community detected
NMI:0.6919131410752615
ARI:0.8978751243806656
__iterative_rev_degree_order+PLP__
PLP detected communities in 0.0859212875366211 [s]
solution properties:
-------------------  -----------
# communities        1566
min community size      2
max community size     12
avg. community size     3.19285
modularity              0.743365
-------------------  -----------
32 community detected
NMI:0.4712085664014747
ARI:0.9854244517050457
__pmi__
Network Properties for:		G#42
nodes, edges			5000, 41894
directed?			False
weighted?			True
isolated nodes			0
self-loops			0
density				0.003352
clustering coefficient		0.300233
min/max/avg degree		2, 220, 16.757600
degree assortativity		0.209864
number of connected components	1
size of largest component	5000 (100.00 %)
tot:  117937.31738414227
__pmi+Louvain__
PLM(balanced,pc,turbo) detected communities in 0.3955533504486084 [s]
solution properties:
-------------------  ----------
# communities         30
min community size   117
max community size   410
avg. community size  166.667
modularity             0.867666
-------------------  ----------
32 community detected
NMI:0.18056815123154846
ARI:0.28350791089383076
__pmi+PLP__
PLP detected communities in 0.1850907802581787 [s]
solution properties:
-------------------  ----------
# communities         75
min community size     1
max community size   239
avg. community size   66.6667
modularity             0.862699
-------------------  ----------
32 community detected
NMI:0.17700165012236801
ARI:0.2361412128608703
__standard__
Network Properties for:		G#51
nodes, edges			5000, 41894
directed?			False
weighted?			True
isolated nodes			0
self-loops			0
density				0.003352
clustering coefficient		0.300233
min/max/avg degree		2, 220, 16.757600
degree assortativity		0.209864
number of connected components	1
size of largest component	5000 (100.00 %)
tot:  13.015612682698366
__standard+Louvain__
PLM(balanced,pc,turbo) detected communities in 0.679469108581543 [s]
solution properties:
-------------------  ----------
# communities         38
min community size     2
max community size   338
avg. community size  131.579
modularity             0.805427
-------------------  ----------
32 community detected
NMI:0.485669715202217
ARI:0.6231281441329017
__standard+PLP__
PLP detected communities in 0.1298813819885254 [s]
solution properties:
-------------------  -----------
# communities        1308
min community size      2
max community size     94
avg. community size     3.82263
modularity              0.651036
-------------------  -----------
32 community detected
NMI:0.4548940231498193
ARI:0.9325324699912908
__ppmi__
Network Properties for:		G#63
nodes, edges			5000, 41894
directed?			False
weighted?			True
isolated nodes			0
self-loops			0
density				0.003352
clustering coefficient		0.300233
min/max/avg degree		2, 220, 16.757600
degree assortativity		0.209864
number of connected components	1
size of largest component	5000 (100.00 %)
tot:  169792.56156598887
__ppmi+Louvain__
PLM(balanced,pc,turbo) detected communities in 0.43691253662109375 [s]
solution properties:
-------------------  ----------
# communities         24
min community size   104
max community size   415
avg. community size  208.333
modularity             0.683054
-------------------  ----------
32 community detected
NMI:0.09136522268784897
ARI:0.23979308066424954
__ppmi+PLP__
PLP detected communities in 0.16633248329162598 [s]
solution properties:
-------------------  ----------
# communities         50
min community size     1
max community size   208
avg. community size  100
modularity             0.681632
-------------------  ----------
32 community detected
NMI:0.049093751848352296
ARI:0.06448066623283977
__glovexmax50alpha0.2__
Network Properties for:		G#72
nodes, edges			5000, 41894
directed?			False
weighted?			True
isolated nodes			0
self-loops			0
density				0.003352
clustering coefficient		0.300233
min/max/avg degree		2, 220, 16.757600
degree assortativity		0.209864
number of connected components	1
size of largest component	5000 (100.00 %)
tot:  22756.67882291087
__glovexmax50alpha0.2+Louvain__
PLM(balanced,pc,turbo) detected communities in 0.26010847091674805 [s]
solution properties:
-------------------  ---------
# communities         32
min community size   100
max community size   215
avg. community size  156.25
modularity             0.67463
-------------------  ---------
32 community detected
NMI:0.008015783480821992
ARI:0.009487237116712177
__glovexmax50alpha0.2+PLP__
PLP detected communities in 0.11248993873596191 [s]
solution properties:
-------------------  ---------
# communities         32
min community size   100
max community size   215
avg. community size  156.25
modularity             0.67463
-------------------  ---------
32 community detected
NMI:0.008015783480821992
ARI:0.009487237116712177
__glovexmax40alpha0.2__
Network Properties for:		G#78
nodes, edges			5000, 41894
directed?			False
weighted?			True
isolated nodes			0
self-loops			0
density				0.003352
clustering coefficient		0.300233
min/max/avg degree		2, 220, 16.757600
degree assortativity		0.209864
number of connected components	1
size of largest component	5000 (100.00 %)
tot:  23769.39947063079
__glovexmax40alpha0.2+Louvain__
PLM(balanced,pc,turbo) detected communities in 0.2682929039001465 [s]
solution properties:
-------------------  ----------
# communities         32
min community size   100
max community size   215
avg. community size  156.25
modularity             0.674844
-------------------  ----------
32 community detected
NMI:0.008015783480821992
ARI:0.009487237116712177
__glovexmax40alpha0.2+PLP__
PLP detected communities in 0.1419663429260254 [s]
solution properties:
-------------------  ----------
# communities         32
min community size   100
max community size   215
avg. community size  156.25
modularity             0.674844
-------------------  ----------
32 community detected
NMI:0.008015783480821992
ARI:0.009487237116712177
__glovexmax30alpha0.3__
Network Properties for:		G#84
nodes, edges			5000, 41894
directed?			False
weighted?			True
isolated nodes			0
self-loops			0
density				0.003352
clustering coefficient		0.300233
min/max/avg degree		2, 220, 16.757600
degree assortativity		0.209864
number of connected components	1
size of largest component	5000 (100.00 %)
tot:  21163.098836317833
__glovexmax30alpha0.3+Louvain__
PLM(balanced,pc,turbo) detected communities in 0.25936436653137207 [s]
solution properties:
-------------------  ----------
# communities         32
min community size   101
max community size   216
avg. community size  156.25
modularity             0.672586
-------------------  ----------
32 community detected
NMI:0.013605632992645278
ARI:0.01582943707712081
__glovexmax30alpha0.3+PLP__
PLP detected communities in 0.10538411140441895 [s]
solution properties:
-------------------  ----------
# communities         32
min community size   101
max community size   216
avg. community size  156.25
modularity             0.672585
-------------------  ----------
32 community detected
NMI:0.013959314371604359
ARI:0.016251017614685503
NMI classement:
[('NMIglovexmax50alpha0.2+Louvain', 0.008015783480821992), ('NMIglovexmax50alpha0.2+PLP', 0.008015783480821992), ('NMIglovexmax40alpha0.2+Louvain', 0.008015783480821992), ('NMIglovexmax40alpha0.2+PLP', 0.008015783480821992), ('NMIglovexmax30alpha0.3+Louvain', 0.013605632992645278), ('NMIglovexmax30alpha0.3+PLP', 0.013959314371604359), ('NMIppmi+PLP', 0.049093751848352296), ('NMIglove+Louvain', 0.05774064715805505), ('NMIglove+PLP', 0.05885312866459114), ('NMILouvain', 0.07733191116371696), ('NMIPLP', 0.0796366838000293), ('NMIppmi+Louvain', 0.09136522268784897), ('NMIpmi+PLP', 0.17700165012236801), ('NMIpmi+Louvain', 0.18056815123154846), ('NMISingleton', 0.4237009314786855), ('NMIstandard+PLP', 0.4548940231498193), ('NMIiterative_rev_degree_order+PLP', 0.4712085664014747), ('NMIstandard+Louvain', 0.485669715202217), ('NMIiterative_rev_degree_order+Louvain', 0.6919131410752615), ('NMIAllInOne', 1.0), ('NMIfake_pmi+Louvain', 1), ('NMIfake_pmi+PLP', 1)]
ARI classement:
[('ARIglovexmax50alpha0.2+Louvain', 0.009487237116712177), ('ARIglovexmax50alpha0.2+PLP', 0.009487237116712177), ('ARIglovexmax40alpha0.2+Louvain', 0.009487237116712177), ('ARIglovexmax40alpha0.2+PLP', 0.009487237116712177), ('ARIglovexmax30alpha0.3+Louvain', 0.01582943707712081), ('ARIglovexmax30alpha0.3+PLP', 0.016251017614685503), ('ARIppmi+PLP', 0.06448066623283977), ('ARIglove+Louvain', 0.06907271094463596), ('ARIglove+PLP', 0.07012482095355022), ('ARILouvain', 0.0919007293303189), ('ARIPLP', 0.09521372255953964), ('ARIpmi+PLP', 0.2361412128608703), ('ARIppmi+Louvain', 0.23979308066424954), ('ARIpmi+Louvain', 0.28350791089383076), ('ARIstandard+Louvain', 0.6231281441329017), ('ARIiterative_rev_degree_order+Louvain', 0.8978751243806656), ('ARIstandard+PLP', 0.9325324699912908), ('ARIiterative_rev_degree_order+PLP', 0.9854244517050457), ('ARISingleton', 1.0), ('ARIAllInOne', 1.0), ('ARIfake_pmi+Louvain', 1), ('ARIfake_pmi+PLP', 1)]
