__LOADINGS__
Network Properties for:		network
nodes, edges			5000, 27655
directed?			False
weighted?			True
isolated nodes			0
self-loops			0
density				0.002213
clustering coefficient		0.205761
min/max/avg degree		1, 286, 11.062000
degree assortativity		0.306133
number of connected components	2
size of largest component	4997 (99.94 %)
238041.44501592824
__Groundtruth__
read communities from: ../../lfr_5000/mk500/k15/muw0.4/31/community.dat
-------------------  ----------
# communities         53
min community size     3
max community size   469
avg. community size   94.3396
modularity             0.409189
-------------------  ----------
53 community detected
__CLASSIC_METHODS__
__Louvain__
PLM(balanced,pc,turbo) detected communities in 0.5243000984191895 [s]
solution properties:
-------------------  ---------
# communities         21
min community size     2
max community size   563
avg. community size  238.095
modularity             0.42593
-------------------  ---------
53 community detected
NMI:0.4181794606047604
ARM:0.4912698289026709
__Singleton__
53 community detected
NMI:0.45522622314942107
ARM:1.0
__AllInOne__
53 community detected
NMI:1.0
ARM:1.0
__PLP__
PLP detected communities in 0.3011002540588379 [s]
solution properties:
-------------------  -------------
# communities          32
min community size      1
max community size   4912
avg. community size   156.25
modularity              0.00177001
-------------------  -------------
53 community detected
NMI:0.9473364945464404
ARM:0.997328830628312
__NORMALIZATION__
__glove__
Network Properties for:		G#24cc
nodes, edges			4997, 27652
directed?			False
weighted?			True
isolated nodes			0
self-loops			0
density				0.002215
clustering coefficient		0.205285
min/max/avg degree		1, 286, 11.067440
degree assortativity		0.306079
number of connected components	1
size of largest component	4997 (100.00 %)
tot:  3433.318209891922
__glove+Louvain__
PLM(balanced,pc,turbo) detected communities in 0.5668940544128418 [s]
solution properties:
-------------------  ----------
# communities         18
min community size     9
max community size   530
avg. community size  277.611
modularity             0.468308
-------------------  ----------
53 community detected
NMI:0.9573349488395728
ARM:0.9919963718720989
__glove+PLP__
PLP detected communities in 0.22069883346557617 [s]
solution properties:
-------------------  ----------
# communities          70
min community size      1
max community size   1537
avg. community size    71.3857
modularity              0.41797
-------------------  ----------
53 community detected
NMI:0.9281460694934095
ARM:0.9933258846242703
__fake_pmi__
Network Properties for:		G#46cc
nodes, edges			4997, 27652
directed?			False
weighted?			True
isolated nodes			0
self-loops			0
density				0.002215
clustering coefficient		0.205285
min/max/avg degree		1, 286, 11.067440
degree assortativity		0.306079
number of connected components	1
size of largest component	4997 (100.00 %)
tot:  0.0
__fake_pmi+Louvain__
1 community detected due to total edge weight equal 0
NMI:1
ARM:0.9933258846242703
__fake_pmi+PLP__
1 community detected due to total edge weight equal 0
NMI:1
ARM:0.9933258846242703
__iterative_rev_degree_order__
Network Properties for:		G#59cc
nodes, edges			4997, 27652
directed?			False
weighted?			True
isolated nodes			0
self-loops			0
density				0.002215
clustering coefficient		0.205285
min/max/avg degree		1, 286, 11.067440
degree assortativity		0.306079
number of connected components	1
size of largest component	4997 (100.00 %)
tot:  1450.4066604757545
__iterative_rev_degree_order+Louvain__
PLM(balanced,pc,turbo) detected communities in 0.7349605560302734 [s]
solution properties:
-------------------  ---------
# communities        107
min community size     2
max community size   100
avg. community size   46.7009
modularity             0.91883
-------------------  ---------
53 community detected
NMI:0.8952310896199202
ARM:0.9995235083754006
__iterative_rev_degree_order+PLP__
PLP detected communities in 0.08989930152893066 [s]
solution properties:
-------------------  -----------
# communities        1497
min community size      2
max community size     16
avg. community size     3.33801
modularity              0.823096
-------------------  -----------
53 community detected
NMI:0.6128444019633547
ARM:0.9995667603414161
__pmi__
Network Properties for:		G#84cc
nodes, edges			4997, 27652
directed?			False
weighted?			True
isolated nodes			0
self-loops			0
density				0.002215
clustering coefficient		0.205285
min/max/avg degree		1, 286, 11.067440
degree assortativity		0.306079
number of connected components	1
size of largest component	4997 (100.00 %)
tot:  41556.75219200997
__pmi+Louvain__
PLM(balanced,pc,turbo) detected communities in 0.6517958641052246 [s]
solution properties:
-------------------  ---------
# communities         27
min community size    31
max community size   412
avg. community size  185.074
modularity             1.42569
-------------------  ---------
53 community detected
NMI:0.9501195578166697
ARM:0.9963117102397389
__pmi+PLP__
PLP detected communities in 0.2232508659362793 [s]
solution properties:
-------------------  ----------
# communities        1055
min community size      2
max community size    172
avg. community size     4.73649
modularity              1.06419
-------------------  ----------
53 community detected
NMI:0.6805601188665633
ARM:0.9991784347277273
__standard__
Network Properties for:		G#106cc
nodes, edges			4997, 27652
directed?			False
weighted?			True
isolated nodes			0
self-loops			0
density				0.002215
clustering coefficient		0.205285
min/max/avg degree		1, 286, 11.067440
degree assortativity		0.306079
number of connected components	1
size of largest component	4997 (100.00 %)
tot:  50.50587686233725
__standard+Louvain__
PLM(balanced,pc,turbo) detected communities in 0.6873311996459961 [s]
solution properties:
-------------------  ----------
# communities        139
min community size     2
max community size   661
avg. community size   35.9496
modularity             0.947273
-------------------  ----------
53 community detected
NMI:0.8815792845750643
ARM:0.9919997904754997
__standard+PLP__
PLP detected communities in 0.09353327751159668 [s]
solution properties:
-------------------  -----------
# communities        1289
min community size      2
max community size     42
avg. community size     3.87665
modularity              0.861413
-------------------  -----------
53 community detected
NMI:0.6349386416194878
ARM:0.998957566307157
__ppmi__
Network Properties for:		G#131cc
nodes, edges			4997, 27652
directed?			False
weighted?			True
isolated nodes			0
self-loops			0
density				0.002215
clustering coefficient		0.205285
min/max/avg degree		1, 286, 11.067440
degree assortativity		0.306079
number of connected components	1
size of largest component	4997 (100.00 %)
tot:  102219.44776060703
__ppmi+Louvain__
PLM(balanced,pc,turbo) detected communities in 0.6166284084320068 [s]
solution properties:
-------------------  ----------
# communities         28
min community size    11
max community size   379
avg. community size  178.464
modularity             0.612876
-------------------  ----------
53 community detected
NMI:0.9455765486134179
ARM:0.993879113756125
__ppmi+PLP__
PLP detected communities in 0.37935709953308105 [s]
solution properties:
-------------------  -----------
# communities         289
min community size      1
max community size   3285
avg. community size    17.2907
modularity              0.395888
-------------------  -----------
53 community detected
NMI:0.8434952616925685
ARM:0.9945031621389769
__glovexmax50alpha0.2__
Network Properties for:		G#153cc
nodes, edges			4997, 27652
directed?			False
weighted?			True
isolated nodes			0
self-loops			0
density				0.002215
clustering coefficient		0.205285
min/max/avg degree		1, 286, 11.067440
degree assortativity		0.306079
number of connected components	1
size of largest component	4997 (100.00 %)
tot:  14017.899121320486
__glovexmax50alpha0.2+Louvain__
PLM(balanced,pc,turbo) detected communities in 0.4927241802215576 [s]
solution properties:
-------------------  ----------
# communities         24
min community size    34
max community size   515
avg. community size  208.208
modularity             0.540692
-------------------  ----------
53 community detected
NMI:0.9467224388792757
ARM:0.9904233279912442
__glovexmax50alpha0.2+PLP__
PLP detected communities in 0.13036799430847168 [s]
solution properties:
-------------------  ----------
# communities         80
min community size     2
max community size   673
avg. community size   62.4625
modularity             0.534941
-------------------  ----------
53 community detected
NMI:0.9175047418312388
ARM:0.9901394513991163
__glovexmax40alpha0.2__
Network Properties for:		G#172cc
nodes, edges			4997, 27652
directed?			False
weighted?			True
isolated nodes			0
self-loops			0
density				0.002215
clustering coefficient		0.205285
min/max/avg degree		1, 286, 11.067440
degree assortativity		0.306079
number of connected components	1
size of largest component	4997 (100.00 %)
tot:  14622.5996783363
__glovexmax40alpha0.2+Louvain__
PLM(balanced,pc,turbo) detected communities in 0.32663440704345703 [s]
solution properties:
-------------------  ----------
# communities         26
min community size     9
max community size   454
avg. community size  192.192
modularity             0.542875
-------------------  ----------
53 community detected
NMI:0.9438762881561004
ARM:0.9902731925300339
__glovexmax40alpha0.2+PLP__
PLP detected communities in 0.15291047096252441 [s]
solution properties:
-------------------  ----------
# communities         82
min community size     1
max community size   669
avg. community size   60.939
modularity             0.535742
-------------------  ----------
53 community detected
NMI:0.9170479122726134
ARM:0.9903481001247593
__glovexmax30alpha0.3__
Network Properties for:		G#191cc
nodes, edges			4997, 27652
directed?			False
weighted?			True
isolated nodes			0
self-loops			0
density				0.002215
clustering coefficient		0.205285
min/max/avg degree		1, 286, 11.067440
degree assortativity		0.306079
number of connected components	1
size of largest component	4997 (100.00 %)
tot:  12924.866124843642
__glovexmax30alpha0.3+Louvain__
PLM(balanced,pc,turbo) detected communities in 0.15756630897521973 [s]
solution properties:
-------------------  ----------
# communities         21
min community size     9
max community size   479
avg. community size  237.952
modularity             0.536747
-------------------  ----------
53 community detected
NMI:0.9521216275141213
ARM:0.9905858774880129
__glovexmax30alpha0.3+PLP__
PLP detected communities in 0.045987606048583984 [s]
solution properties:
-------------------  ----------
# communities         83
min community size     1
max community size   676
avg. community size   60.2048
modularity             0.529325
-------------------  ----------
53 community detected
NMI:0.9171953307569566
ARM:0.9903730445246691
