__LOADINGS__
Network Properties for:		network
nodes, edges			5000, 56377
directed?			False
weighted?			True
isolated nodes			0
self-loops			0
density				0.004511
clustering coefficient		0.238915
min/max/avg degree		1, 346, 22.550800
degree assortativity		0.312479
number of connected components	1
size of largest component	5000 (100.00 %)
521145.34949742927
__Groundtruth__
read communities from: ../../lfr_5000/mk500/k25/muw0.4/20/community.dat
-------------------  ----------
# communities         45
min community size     6
max community size   473
avg. community size  111.111
modularity             0.451656
-------------------  ----------
45 community detected
__CLASSIC_METHODS__
__Louvain__
PLM(balanced,pc,turbo) detected communities in 0.3997371196746826 [s]
solution properties:
-------------------  ----------
# communities         16
min community size   206
max community size   472
avg. community size  312.5
modularity             0.456626
-------------------  ----------
45 community detected
NMI:0.19381511550020425
ARM:0.23001441416706703
__Singleton__
45 community detected
NMI:0.4614604625731926
ARM:1.0
__AllInOne__
45 community detected
NMI:1.0
ARM:1.0
__PLP__
PLP detected communities in 0.11543512344360352 [s]
solution properties:
-------------------  ----------
# communities         30
min community size     2
max community size   995
avg. community size  166.667
modularity             0.442913
-------------------  ----------
45 community detected
NMI:0.20153443619816758
ARM:0.35300227833625164
__NORMALIZATION__
__glove__
Network Properties for:		G#21cc
nodes, edges			5000, 56377
directed?			False
weighted?			True
isolated nodes			0
self-loops			0
density				0.004511
clustering coefficient		0.238915
min/max/avg degree		1, 346, 22.550800
degree assortativity		0.312479
number of connected components	1
size of largest component	5000 (100.00 %)
tot:  8043.002234928878
__glove+Louvain__
PLM(balanced,pc,turbo) detected communities in 0.4600849151611328 [s]
solution properties:
-------------------  ----------
# communities         19
min community size   127
max community size   460
avg. community size  263.158
modularity             0.482666
-------------------  ----------
45 community detected
NMI:0.13475031129841908
ARM:0.15487154541980974
__glove+PLP__
PLP detected communities in 0.14139008522033691 [s]
solution properties:
-------------------  ----------
# communities         40
min community size     5
max community size   477
avg. community size  125
modularity             0.482172
-------------------  ----------
45 community detected
NMI:0.10231439575975176
ARM:0.13435549307030548
__fake_pmi__
Network Properties for:		G#40cc
nodes, edges			5000, 56377
directed?			False
weighted?			True
isolated nodes			0
self-loops			0
density				0.004511
clustering coefficient		0.238915
min/max/avg degree		1, 346, 22.550800
degree assortativity		0.312479
number of connected components	1
size of largest component	5000 (100.00 %)
tot:  0.0
__fake_pmi+Louvain__
1 community detected due to total edge weight equal 0
NMI:1
ARM:0.13435549307030548
__fake_pmi+PLP__
1 community detected due to total edge weight equal 0
NMI:1
ARM:0.13435549307030548
__iterative_rev_degree_order__
Network Properties for:		G#53cc
nodes, edges			5000, 56377
directed?			False
weighted?			True
isolated nodes			0
self-loops			0
density				0.004511
clustering coefficient		0.238915
min/max/avg degree		1, 346, 22.550800
degree assortativity		0.312479
number of connected components	1
size of largest component	5000 (100.00 %)
tot:  1361.939837967122
__iterative_rev_degree_order+Louvain__
PLM(balanced,pc,turbo) detected communities in 0.7721307277679443 [s]
solution properties:
-------------------  ----------
# communities         66
min community size    37
max community size   134
avg. community size   75.7576
modularity             0.832285
-------------------  ----------
45 community detected
NMI:0.7922958120709889
ARM:0.9749547738240912
__iterative_rev_degree_order+PLP__
PLP detected communities in 0.08957791328430176 [s]
solution properties:
-------------------  -----------
# communities        1532
min community size      2
max community size     12
avg. community size     3.26371
modularity              0.718506
-------------------  -----------
45 community detected
NMI:0.5391130098388783
ARM:0.9942172667527944
__pmi__
Network Properties for:		G#78cc
nodes, edges			5000, 56377
directed?			False
weighted?			True
isolated nodes			0
self-loops			0
density				0.004511
clustering coefficient		0.238915
min/max/avg degree		1, 346, 22.550800
degree assortativity		0.312479
number of connected components	1
size of largest component	5000 (100.00 %)
tot:  127581.94557328263
__pmi+Louvain__
PLM(balanced,pc,turbo) detected communities in 0.5672178268432617 [s]
solution properties:
-------------------  ----------
# communities         32
min community size     8
max community size   634
avg. community size  156.25
modularity             0.754546
-------------------  ----------
45 community detected
NMI:0.36408733361021917
ARM:0.548333394502147
__pmi+PLP__
PLP detected communities in 0.2640690803527832 [s]
solution properties:
-------------------  -----------
# communities         105
min community size      2
max community size   1914
avg. community size    47.619
modularity              0.683087
-------------------  -----------
45 community detected
NMI:0.40559864424150593
ARM:0.7801770872040732
__standard__
Network Properties for:		G#97cc
nodes, edges			5000, 56377
directed?			False
weighted?			True
isolated nodes			0
self-loops			0
density				0.004511
clustering coefficient		0.238915
min/max/avg degree		1, 346, 22.550800
degree assortativity		0.312479
number of connected components	1
size of largest component	5000 (100.00 %)
tot:  13.353442862431047
__standard+Louvain__
PLM(balanced,pc,turbo) detected communities in 0.8228867053985596 [s]
solution properties:
-------------------  ----------
# communities         77
min community size     2
max community size   256
avg. community size   64.9351
modularity             0.828146
-------------------  ----------
45 community detected
NMI:0.7279387728541507
ARM:0.933079284536344
__standard+PLP__
PLP detected communities in 0.19073486328125 [s]
solution properties:
-------------------  -----------
# communities        1174
min community size      2
max community size     69
avg. community size     4.25894
modularity              0.693762
-------------------  -----------
45 community detected
NMI:0.5740238567390676
ARM:0.9882063637532293
__ppmi__
Network Properties for:		G#119cc
nodes, edges			5000, 56377
directed?			False
weighted?			True
isolated nodes			0
self-loops			0
density				0.004511
clustering coefficient		0.238915
min/max/avg degree		1, 346, 22.550800
degree assortativity		0.312479
number of connected components	1
size of largest component	5000 (100.00 %)
tot:  196856.27413942356
__ppmi+Louvain__
PLM(balanced,pc,turbo) detected communities in 0.5737123489379883 [s]
solution properties:
-------------------  ----------
# communities         33
min community size    12
max community size   429
avg. community size  151.515
modularity             0.565836
-------------------  ----------
45 community detected
NMI:0.14935571095331124
ARM:0.18765989675321104
__ppmi+PLP__
PLP detected communities in 0.16503024101257324 [s]
solution properties:
-------------------  -----------
# communities          66
min community size      2
max community size   1111
avg. community size    75.7576
modularity              0.540841
-------------------  -----------
45 community detected
NMI:0.19022410830376746
ARM:0.4326489031968086
__glovexmax50alpha0.2__
Network Properties for:		G#138cc
nodes, edges			5000, 56377
directed?			False
weighted?			True
isolated nodes			0
self-loops			0
density				0.004511
clustering coefficient		0.238915
min/max/avg degree		1, 346, 22.550800
degree assortativity		0.312479
number of connected components	1
size of largest component	5000 (100.00 %)
tot:  31755.873352172875
__glovexmax50alpha0.2+Louvain__
PLM(balanced,pc,turbo) detected communities in 0.3920407295227051 [s]
solution properties:
-------------------  ----------
# communities         27
min community size    25
max community size   466
avg. community size  185.185
modularity             0.532007
-------------------  ----------
45 community detected
NMI:0.03307274616852807
ARM:0.029189880286479952
__glovexmax50alpha0.2+PLP__
PLP detected communities in 0.12218546867370605 [s]
solution properties:
-------------------  ----------
# communities         42
min community size     6
max community size   476
avg. community size  119.048
modularity             0.531687
-------------------  ----------
45 community detected
NMI:0.017474367777441935
ARM:0.02425979415298951
__glovexmax40alpha0.2__
Network Properties for:		G#157cc
nodes, edges			5000, 56377
directed?			False
weighted?			True
isolated nodes			0
self-loops			0
density				0.004511
clustering coefficient		0.238915
min/max/avg degree		1, 346, 22.550800
degree assortativity		0.312479
number of connected components	1
size of largest component	5000 (100.00 %)
tot:  33148.792608596064
__glovexmax40alpha0.2+Louvain__
PLM(balanced,pc,turbo) detected communities in 0.33431529998779297 [s]
solution properties:
-------------------  ----------
# communities         27
min community size    25
max community size   467
avg. community size  185.185
modularity             0.532426
-------------------  ----------
45 community detected
NMI:0.03296836949898496
ARM:0.029244652530648563
__glovexmax40alpha0.2+PLP__
PLP detected communities in 0.08080196380615234 [s]
solution properties:
-------------------  ----------
# communities         41
min community size     6
max community size   476
avg. community size  121.951
modularity             0.531975
-------------------  ----------
45 community detected
NMI:0.019670895048977233
ARM:0.029270162800235422
__glovexmax30alpha0.3__
Network Properties for:		G#176cc
nodes, edges			5000, 56377
directed?			False
weighted?			True
isolated nodes			0
self-loops			0
density				0.004511
clustering coefficient		0.238915
min/max/avg degree		1, 346, 22.550800
degree assortativity		0.312479
number of connected components	1
size of largest component	5000 (100.00 %)
tot:  29933.96284662349
__glovexmax30alpha0.3+Louvain__
PLM(balanced,pc,turbo) detected communities in 0.21683216094970703 [s]
solution properties:
-------------------  ----------
# communities         26
min community size    25
max community size   457
avg. community size  192.308
modularity             0.527331
-------------------  ----------
45 community detected
NMI:0.0476487150027175
ARM:0.04996463822007924
__glovexmax30alpha0.3+PLP__
PLP detected communities in 0.07438325881958008 [s]
solution properties:
-------------------  ----------
# communities         42
min community size     6
max community size   472
avg. community size  119.048
modularity             0.526938
-------------------  ----------
45 community detected
NMI:0.029774016294358385
ARM:0.03947749323289873
