__LOADINGS__
4973/61218 8.123427750008167 % of nul weighted edges removed
1/5000 0.02 % of nul degree nodes removed
Network Properties for:		network
nodes, edges			4999, 56245
directed?			False
weighted?			True
isolated nodes			1
self-loops			0
density				0.004502
clustering coefficient		0.313948
min/max/avg degree		0, 83, 22.502501
degree assortativity		0.392818
number of connected components	1
size of largest component	4999 (100.00 %)
337698.64591871476
__Groundtruth__
read communities from: ../../lfr_5000/mk300/k20/muw0.3/8/community.dat
-------------------  -------------
# communities         32
min community size   100
max community size   215
avg. community size  156.25
modularity            -0.000533383
-------------------  -------------
32 community detected
__CLASSIC_METHODS__
__Louvain__
PLM(balanced,pc,turbo) detected communities in 0.32049107551574707 [s]
solution properties:
-------------------  ----------
# communities         58
min community size    55
max community size   131
avg. community size   86.1897
modularity             0.708733
-------------------  ----------
32 community detected
NMI:0.9489274660079383
ARI:1.0002034921885257
__Singleton__
32 community detected
NMI:0.4236841828226877
ARI:1.0
__AllInOne__
32 community detected
NMI:1.0
ARI:1.0
__PLP__
PLP detected communities in 0.0898749828338623 [s]
solution properties:
-------------------  ----------
# communities        105
min community size     1
max community size    99
avg. community size   47.619
modularity             0.708293
-------------------  ----------
32 community detected
NMI:0.9093348524822765
ARI:1.000007453217088
__NORMALIZATION__
__glove__
Network Properties for:		G#21
nodes, edges			4999, 56245
directed?			False
weighted?			True
isolated nodes			1
self-loops			0
density				0.004502
clustering coefficient		0.313948
min/max/avg degree		0, 83, 22.502501
degree assortativity		0.392818
number of connected components	1
size of largest component	4999 (100.00 %)
tot:  6601.456418691188
__glove+Louvain__
PLM(balanced,pc,turbo) detected communities in 0.38116025924682617 [s]
solution properties:
-------------------  ----------
# communities         63
min community size    41
max community size   127
avg. community size   79.3492
modularity             0.711323
-------------------  ----------
32 community detected
NMI:0.9445996068283854
ARI:1.0002083168835794
__glove+PLP__
PLP detected communities in 0.07917332649230957 [s]
solution properties:
-------------------  ----------
# communities        106
min community size     1
max community size    99
avg. community size   47.1698
modularity             0.709953
-------------------  ----------
32 community detected
NMI:0.9085429394447122
ARI:0.9999925436707882
__fake_pmi__
Network Properties for:		G#30
nodes, edges			4999, 56245
directed?			False
weighted?			True
isolated nodes			1
self-loops			0
density				0.004502
clustering coefficient		0.313948
min/max/avg degree		0, 83, 22.502501
degree assortativity		0.392818
number of connected components	1
size of largest component	4999 (100.00 %)
tot:  0.0
__fake_pmi+Louvain__
1 community detected due to total edge weight equal 0
NMI:1
ARI:1
__fake_pmi+PLP__
1 community detected due to total edge weight equal 0
NMI:1
ARI:1
__iterative_rev_degree_order__
Network Properties for:		G#33
nodes, edges			4999, 56245
directed?			False
weighted?			True
isolated nodes			1
self-loops			0
density				0.004502
clustering coefficient		0.313948
min/max/avg degree		0, 83, 22.502501
degree assortativity		0.392818
number of connected components	1
size of largest component	4999 (100.00 %)
tot:  1099.1840954784568
__iterative_rev_degree_order+Louvain__
PLM(balanced,pc,turbo) detected communities in 0.7126812934875488 [s]
solution properties:
-------------------  ----------
# communities         57
min community size    37
max community size   185
avg. community size   87.7018
modularity             0.733394
-------------------  ----------
32 community detected
NMI:0.9475839750692754
ARI:0.9998531557155945
__iterative_rev_degree_order+PLP__
PLP detected communities in 0.08700180053710938 [s]
solution properties:
-------------------  -----------
# communities        1059
min community size      1
max community size     18
avg. community size     4.72144
modularity              0.603032
-------------------  -----------
32 community detected
NMI:0.6393089843974731
ARI:1.0000240979533608
__pmi__
Network Properties for:		G#48
nodes, edges			4999, 56245
directed?			False
weighted?			True
isolated nodes			1
self-loops			0
density				0.004502
clustering coefficient		0.313948
min/max/avg degree		0, 83, 22.502501
degree assortativity		0.392818
number of connected components	1
size of largest component	4999 (100.00 %)
tot:  334631.00700765784
__pmi+Louvain__
PLM(balanced,pc,turbo) detected communities in 0.28124356269836426 [s]
solution properties:
-------------------  ----------
# communities         59
min community size    56
max community size   125
avg. community size   84.7288
modularity             0.714653
-------------------  ----------
32 community detected
NMI:0.9484550211882412
ARI:1.000268274547535
__pmi+PLP__
PLP detected communities in 0.11153721809387207 [s]
solution properties:
-------------------  ----------
# communities        100
min community size     1
max community size   162
avg. community size   50
modularity             0.715077
-------------------  ----------
32 community detected
NMI:0.9129501806107395
ARI:0.9999347485644684
__standard__
Network Properties for:		G#57
nodes, edges			4999, 56245
directed?			False
weighted?			True
isolated nodes			1
self-loops			0
density				0.004502
clustering coefficient		0.313948
min/max/avg degree		0, 83, 22.502501
degree assortativity		0.392818
number of connected components	1
size of largest component	4999 (100.00 %)
tot:  17.52851769592785
__standard+Louvain__
PLM(balanced,pc,turbo) detected communities in 0.7652435302734375 [s]
solution properties:
-------------------  ----------
# communities         42
min community size    46
max community size   256
avg. community size  119.024
modularity             0.715272
-------------------  ----------
32 community detected
NMI:0.96166901367766
ARI:1.0000659325263008
__standard+PLP__
PLP detected communities in 0.16461467742919922 [s]
solution properties:
-------------------  ----------
# communities        163
min community size     1
max community size   125
avg. community size   30.6748
modularity             0.706573
-------------------  ----------
32 community detected
NMI:0.8943845234950709
ARI:1.0000677445578539
__ppmi__
Network Properties for:		G#69
nodes, edges			4999, 56245
directed?			False
weighted?			True
isolated nodes			1
self-loops			0
density				0.004502
clustering coefficient		0.313948
min/max/avg degree		0, 83, 22.502501
degree assortativity		0.392818
number of connected components	1
size of largest component	4999 (100.00 %)
tot:  336391.6757769469
__ppmi+Louvain__
PLM(balanced,pc,turbo) detected communities in 0.4831509590148926 [s]
solution properties:
-------------------  ----------
# communities         44
min community size    78
max community size   166
avg. community size  113.614
modularity             0.710251
-------------------  ----------
32 community detected
NMI:0.959944932447617
ARI:0.9999108040126301
__ppmi+PLP__
PLP detected communities in 0.09886503219604492 [s]
solution properties:
-------------------  ----------
# communities        100
min community size     1
max community size   191
avg. community size   50
modularity             0.712986
-------------------  ----------
32 community detected
NMI:0.9131282216760062
ARI:0.999917236415977
__glovexmax50alpha0.2__
Network Properties for:		G#78
nodes, edges			4999, 56245
directed?			False
weighted?			True
isolated nodes			1
self-loops			0
density				0.004502
clustering coefficient		0.313948
min/max/avg degree		0, 83, 22.502501
degree assortativity		0.392818
number of connected components	1
size of largest component	4999 (100.00 %)
tot:  35493.75621104696
__glovexmax50alpha0.2+Louvain__
PLM(balanced,pc,turbo) detected communities in 0.36540889739990234 [s]
solution properties:
-------------------  ----------
# communities         70
min community size    41
max community size   102
avg. community size   71.4143
modularity             0.710986
-------------------  ----------
32 community detected
NMI:0.938180767102079
ARI:1.0000870508394313
__glovexmax50alpha0.2+PLP__
PLP detected communities in 0.08239364624023438 [s]
solution properties:
-------------------  ----------
# communities        105
min community size     1
max community size    99
avg. community size   47.619
modularity             0.710711
-------------------  ----------
32 community detected
NMI:0.9093089610406604
ARI:1.0000186327649718
__glovexmax40alpha0.2__
Network Properties for:		G#87
nodes, edges			4999, 56245
directed?			False
weighted?			True
isolated nodes			1
self-loops			0
density				0.004502
clustering coefficient		0.313948
min/max/avg degree		0, 83, 22.502501
degree assortativity		0.392818
number of connected components	1
size of largest component	4999 (100.00 %)
tot:  37113.67536430306
__glovexmax40alpha0.2+Louvain__
PLM(balanced,pc,turbo) detected communities in 0.2813148498535156 [s]
solution properties:
-------------------  ----------
# communities         67
min community size    41
max community size   108
avg. community size   74.6119
modularity             0.710836
-------------------  ----------
32 community detected
NMI:0.9403320188911424
ARI:1.0001410291689599
__glovexmax40alpha0.2+PLP__
PLP detected communities in 0.05966377258300781 [s]
solution properties:
-------------------  ----------
# communities        105
min community size     1
max community size    99
avg. community size   47.619
modularity             0.710711
-------------------  ----------
32 community detected
NMI:0.9093089610406604
ARI:1.0000186327649718
__glovexmax30alpha0.3__
Network Properties for:		G#96
nodes, edges			4999, 56245
directed?			False
weighted?			True
isolated nodes			1
self-loops			0
density				0.004502
clustering coefficient		0.313948
min/max/avg degree		0, 83, 22.502501
degree assortativity		0.392818
number of connected components	1
size of largest component	4999 (100.00 %)
tot:  33197.85897836203
__glovexmax30alpha0.3+Louvain__
PLM(balanced,pc,turbo) detected communities in 0.23867297172546387 [s]
solution properties:
-------------------  --------
# communities         57
min community size    59
max community size   138
avg. community size   87.7018
modularity             0.7114
-------------------  --------
32 community detected
NMI:0.9488803792214822
ARI:1.0000945930297984
__glovexmax30alpha0.3+PLP__
PLP detected communities in 0.06779789924621582 [s]
solution properties:
-------------------  ---------
# communities        105
min community size     1
max community size    99
avg. community size   47.619
modularity             0.71194
-------------------  ---------
32 community detected
NMI:0.9093089610406604
ARI:1.0000186327649718
NMI classement:
[('NMISingleton', 0.4236841828226877), ('NMIiterative_rev_degree_order+PLP', 0.6393089843974731), ('NMIstandard+PLP', 0.8943845234950709), ('NMIglove+PLP', 0.9085429394447122), ('NMIglovexmax50alpha0.2+PLP', 0.9093089610406604), ('NMIglovexmax40alpha0.2+PLP', 0.9093089610406604), ('NMIglovexmax30alpha0.3+PLP', 0.9093089610406604), ('NMIPLP', 0.9093348524822765), ('NMIpmi+PLP', 0.9129501806107395), ('NMIppmi+PLP', 0.9131282216760062), ('NMIglovexmax50alpha0.2+Louvain', 0.938180767102079), ('NMIglovexmax40alpha0.2+Louvain', 0.9403320188911424), ('NMIglove+Louvain', 0.9445996068283854), ('NMIiterative_rev_degree_order+Louvain', 0.9475839750692754), ('NMIpmi+Louvain', 0.9484550211882412), ('NMIglovexmax30alpha0.3+Louvain', 0.9488803792214822), ('NMILouvain', 0.9489274660079383), ('NMIppmi+Louvain', 0.959944932447617), ('NMIstandard+Louvain', 0.96166901367766), ('NMIAllInOne', 1.0), ('NMIfake_pmi+Louvain', 1), ('NMIfake_pmi+PLP', 1)]
ARI classement:
[('ARIiterative_rev_degree_order+Louvain', 0.9998531557155945), ('ARIppmi+Louvain', 0.9999108040126301), ('ARIppmi+PLP', 0.999917236415977), ('ARIpmi+PLP', 0.9999347485644684), ('ARIglove+PLP', 0.9999925436707882), ('ARISingleton', 1.0), ('ARIAllInOne', 1.0), ('ARIfake_pmi+Louvain', 1), ('ARIfake_pmi+PLP', 1), ('ARIPLP', 1.000007453217088), ('ARIglovexmax50alpha0.2+PLP', 1.0000186327649718), ('ARIglovexmax40alpha0.2+PLP', 1.0000186327649718), ('ARIglovexmax30alpha0.3+PLP', 1.0000186327649718), ('ARIiterative_rev_degree_order+PLP', 1.0000240979533608), ('ARIstandard+Louvain', 1.0000659325263008), ('ARIstandard+PLP', 1.0000677445578539), ('ARIglovexmax50alpha0.2+Louvain', 1.0000870508394313), ('ARIglovexmax30alpha0.3+Louvain', 1.0000945930297984), ('ARIglovexmax40alpha0.2+Louvain', 1.0001410291689599), ('ARILouvain', 1.0002034921885257), ('ARIglove+Louvain', 1.0002083168835794), ('ARIpmi+Louvain', 1.000268274547535)]
