__LOADINGS__
4976/36126 13.774013176105852 % of nul weighted edges removed
1/5000 0.02 % of nul degree nodes removed
Network Properties for:		network
nodes, edges			4999, 31150
directed?			False
weighted?			True
isolated nodes			1
self-loops			0
density				0.002493
clustering coefficient		0.268457
min/max/avg degree		0, 76, 12.462492
degree assortativity		0.339588
number of connected components	1
size of largest component	4999 (100.00 %)
166777.49922952824
__Groundtruth__
read communities from: ../../lfr_5000/mk100/k15/muw0.3/28/community.dat
-------------------  ----------
# communities        104
min community size    20
max community size    99
avg. community size   48.0769
modularity             0.689347
-------------------  ----------
104 community detected
__CLASSIC_METHODS__
__Louvain__
PLM(balanced,pc,turbo) detected communities in 0.6117169857025146 [s]
solution properties:
-------------------  ----------
# communities         33
min community size    72
max community size   252
avg. community size  151.485
modularity             0.690201
-------------------  ----------
104 community detected
NMI:0.17193015841763226
ARI:0.5181085330833228
__Singleton__
104 community detected
NMI:0.3047653125958609
ARI:1.0
__AllInOne__
104 community detected
NMI:1.0
ARI:1.0
__PLP__
PLP detected communities in 0.134474515914917 [s]
solution properties:
-------------------  ---------
# communities        111
min community size     1
max community size   104
avg. community size   45.045
modularity             0.69057
-------------------  ---------
104 community detected
NMI:0.034888502848869574
ARI:0.06822407327654123
__NORMALIZATION__
__glove__
Network Properties for:		G#24
nodes, edges			4999, 31150
directed?			False
weighted?			True
isolated nodes			1
self-loops			0
density				0.002493
clustering coefficient		0.268457
min/max/avg degree		0, 76, 12.462492
degree assortativity		0.339588
number of connected components	1
size of largest component	4999 (100.00 %)
tot:  3241.026607300015
__glove+Louvain__
PLM(balanced,pc,turbo) detected communities in 0.47051477432250977 [s]
solution properties:
-------------------  ----------
# communities         52
min community size    64
max community size   151
avg. community size   96.1346
modularity             0.702245
-------------------  ----------
104 community detected
NMI:0.09483073201566428
ARI:0.3054400394295044
__glove+PLP__
PLP detected communities in 0.13094496726989746 [s]
solution properties:
-------------------  ----------
# communities        108
min community size     1
max community size   102
avg. community size   46.2963
modularity             0.699164
-------------------  ----------
104 community detected
NMI:0.02304911683194044
ARI:0.04573453065806088
__fake_pmi__
Network Properties for:		G#33
nodes, edges			4999, 31150
directed?			False
weighted?			True
isolated nodes			1
self-loops			0
density				0.002493
clustering coefficient		0.268457
min/max/avg degree		0, 76, 12.462492
degree assortativity		0.339588
number of connected components	1
size of largest component	4999 (100.00 %)
tot:  0.0
__fake_pmi+Louvain__
1 community detected due to total edge weight equal 0
NMI:1
ARI:1
__fake_pmi+PLP__
1 community detected due to total edge weight equal 0
NMI:1
ARI:1
__iterative_rev_degree_order__
Network Properties for:		G#36
nodes, edges			4999, 31150
directed?			False
weighted?			True
isolated nodes			1
self-loops			0
density				0.002493
clustering coefficient		0.268457
min/max/avg degree		0, 76, 12.462492
degree assortativity		0.339588
number of connected components	1
size of largest component	4999 (100.00 %)
tot:  1470.2034249451071
__iterative_rev_degree_order+Louvain__
PLM(balanced,pc,turbo) detected communities in 0.7332069873809814 [s]
solution properties:
-------------------  ----------
# communities         64
min community size    39
max community size   147
avg. community size   78.1094
modularity             0.822118
-------------------  ----------
104 community detected
NMI:0.5171104018941175
ARI:0.8494577781877511
__iterative_rev_degree_order+PLP__
PLP detected communities in 0.09896993637084961 [s]
solution properties:
-------------------  -----------
# communities        1467
min community size      1
max community size     11
avg. community size     3.40832
modularity              0.687361
-------------------  -----------
104 community detected
NMI:0.32175416181645833
ARI:0.9509151414309485
__pmi__
Network Properties for:		G#51
nodes, edges			4999, 31150
directed?			False
weighted?			True
isolated nodes			1
self-loops			0
density				0.002493
clustering coefficient		0.268457
min/max/avg degree		0, 76, 12.462492
degree assortativity		0.339588
number of connected components	1
size of largest component	4999 (100.00 %)
tot:  181889.62738560166
__pmi+Louvain__
PLM(balanced,pc,turbo) detected communities in 0.4184141159057617 [s]
solution properties:
-------------------  ----------
# communities         65
min community size    30
max community size   149
avg. community size   76.9077
modularity             0.720676
-------------------  ----------
104 community detected
NMI:0.06034245929932913
ARI:0.20494569198733292
__pmi+PLP__
PLP detected communities in 0.12823033332824707 [s]
solution properties:
-------------------  ----------
# communities        108
min community size     1
max community size    98
avg. community size   46.2963
modularity             0.718325
-------------------  ----------
104 community detected
NMI:0.012199854162118107
ARI:0.023977961043318508
__standard__
Network Properties for:		G#60
nodes, edges			4999, 31150
directed?			False
weighted?			True
isolated nodes			1
self-loops			0
density				0.002493
clustering coefficient		0.268457
min/max/avg degree		0, 76, 12.462492
degree assortativity		0.339588
number of connected components	1
size of largest component	4999 (100.00 %)
tot:  33.16759084319361
__standard+Louvain__
PLM(balanced,pc,turbo) detected communities in 0.609184980392456 [s]
solution properties:
-------------------  ----------
# communities         51
min community size    28
max community size   415
avg. community size   98.0196
modularity             0.763481
-------------------  ----------
104 community detected
NMI:0.37689820898000714
ARI:0.7226447357355867
__standard+PLP__
PLP detected communities in 0.18410658836364746 [s]
solution properties:
-------------------  ----------
# communities        986
min community size     1
max community size    56
avg. community size    5.07099
modularity             0.580092
-------------------  ----------
104 community detected
NMI:0.29101898993087083
ARI:0.7750303058158441
__ppmi__
Network Properties for:		G#72
nodes, edges			4999, 31150
directed?			False
weighted?			True
isolated nodes			1
self-loops			0
density				0.002493
clustering coefficient		0.268457
min/max/avg degree		0, 76, 12.462492
degree assortativity		0.339588
number of connected components	1
size of largest component	4999 (100.00 %)
tot:  187688.30418279156
__ppmi+Louvain__
PLM(balanced,pc,turbo) detected communities in 0.28791332244873047 [s]
solution properties:
-------------------  ----------
# communities         60
min community size    34
max community size   160
avg. community size   83.3167
modularity             0.714014
-------------------  ----------
104 community detected
NMI:0.06290416513403296
ARI:0.22911858757327597
__ppmi+PLP__
PLP detected communities in 0.1256089210510254 [s]
solution properties:
-------------------  ----------
# communities        110
min community size     1
max community size    98
avg. community size   45.4545
modularity             0.708066
-------------------  ----------
104 community detected
NMI:0.00966835422848289
ARI:0.02027574446406022
__glovexmax50alpha0.2__
Network Properties for:		G#81
nodes, edges			4999, 31150
directed?			False
weighted?			True
isolated nodes			1
self-loops			0
density				0.002493
clustering coefficient		0.268457
min/max/avg degree		0, 76, 12.462492
degree assortativity		0.339588
number of connected components	1
size of largest component	4999 (100.00 %)
tot:  18270.230883870478
__glovexmax50alpha0.2+Louvain__
PLM(balanced,pc,turbo) detected communities in 0.49275970458984375 [s]
solution properties:
-------------------  ----------
# communities         53
min community size    58
max community size   142
avg. community size   94.3208
modularity             0.709077
-------------------  ----------
104 community detected
NMI:0.07254284923807008
ARI:0.26184642460072816
__glovexmax50alpha0.2+PLP__
PLP detected communities in 0.07346868515014648 [s]
solution properties:
-------------------  ----------
# communities        107
min community size     1
max community size    98
avg. community size   46.729
modularity             0.702629
-------------------  ----------
104 community detected
NMI:0.005131554602995858
ARI:0.013874987178988385
__glovexmax40alpha0.2__
Network Properties for:		G#90
nodes, edges			4999, 31150
directed?			False
weighted?			True
isolated nodes			1
self-loops			0
density				0.002493
clustering coefficient		0.268457
min/max/avg degree		0, 76, 12.462492
degree assortativity		0.339588
number of connected components	1
size of largest component	4999 (100.00 %)
tot:  19104.07604714942
__glovexmax40alpha0.2+Louvain__
PLM(balanced,pc,turbo) detected communities in 0.3277866840362549 [s]
solution properties:
-------------------  ----------
# communities         61
min community size    39
max community size   128
avg. community size   81.9508
modularity             0.709299
-------------------  ----------
104 community detected
NMI:0.05730455897544118
ARI:0.205713476783692
__glovexmax40alpha0.2+PLP__
PLP detected communities in 0.11980414390563965 [s]
solution properties:
-------------------  ----------
# communities        105
min community size     1
max community size    98
avg. community size   47.619
modularity             0.708468
-------------------  ----------
104 community detected
NMI:0.0032199862981783234
ARI:0.006877115055505367
__glovexmax30alpha0.3__
Network Properties for:		G#99
nodes, edges			4999, 31150
directed?			False
weighted?			True
isolated nodes			1
self-loops			0
density				0.002493
clustering coefficient		0.268457
min/max/avg degree		0, 76, 12.462492
degree assortativity		0.339588
number of connected components	1
size of largest component	4999 (100.00 %)
tot:  16775.998928236448
__glovexmax30alpha0.3+Louvain__
PLM(balanced,pc,turbo) detected communities in 0.38788723945617676 [s]
solution properties:
-------------------  ----------
# communities         49
min community size    65
max community size   151
avg. community size  102.02
modularity             0.709752
-------------------  ----------
104 community detected
NMI:0.08608751608321352
ARI:0.3100786913687341
__glovexmax30alpha0.3+PLP__
PLP detected communities in 0.1227118968963623 [s]
solution properties:
-------------------  ----------
# communities        106
min community size     1
max community size    99
avg. community size   47.1698
modularity             0.709013
-------------------  ----------
104 community detected
NMI:0.0060792733785910436
ARI:0.012697553621069613
NMI classement:
[('NMIglovexmax40alpha0.2+PLP', 0.0032199862981783234), ('NMIglovexmax50alpha0.2+PLP', 0.005131554602995858), ('NMIglovexmax30alpha0.3+PLP', 0.0060792733785910436), ('NMIppmi+PLP', 0.00966835422848289), ('NMIpmi+PLP', 0.012199854162118107), ('NMIglove+PLP', 0.02304911683194044), ('NMIPLP', 0.034888502848869574), ('NMIglovexmax40alpha0.2+Louvain', 0.05730455897544118), ('NMIpmi+Louvain', 0.06034245929932913), ('NMIppmi+Louvain', 0.06290416513403296), ('NMIglovexmax50alpha0.2+Louvain', 0.07254284923807008), ('NMIglovexmax30alpha0.3+Louvain', 0.08608751608321352), ('NMIglove+Louvain', 0.09483073201566428), ('NMILouvain', 0.17193015841763226), ('NMIstandard+PLP', 0.29101898993087083), ('NMISingleton', 0.3047653125958609), ('NMIiterative_rev_degree_order+PLP', 0.32175416181645833), ('NMIstandard+Louvain', 0.37689820898000714), ('NMIiterative_rev_degree_order+Louvain', 0.5171104018941175), ('NMIAllInOne', 1.0), ('NMIfake_pmi+Louvain', 1), ('NMIfake_pmi+PLP', 1)]
ARI classement:
[('ARIglovexmax40alpha0.2+PLP', 0.006877115055505367), ('ARIglovexmax30alpha0.3+PLP', 0.012697553621069613), ('ARIglovexmax50alpha0.2+PLP', 0.013874987178988385), ('ARIppmi+PLP', 0.02027574446406022), ('ARIpmi+PLP', 0.023977961043318508), ('ARIglove+PLP', 0.04573453065806088), ('ARIPLP', 0.06822407327654123), ('ARIpmi+Louvain', 0.20494569198733292), ('ARIglovexmax40alpha0.2+Louvain', 0.205713476783692), ('ARIppmi+Louvain', 0.22911858757327597), ('ARIglovexmax50alpha0.2+Louvain', 0.26184642460072816), ('ARIglove+Louvain', 0.3054400394295044), ('ARIglovexmax30alpha0.3+Louvain', 0.3100786913687341), ('ARILouvain', 0.5181085330833228), ('ARIstandard+Louvain', 0.7226447357355867), ('ARIstandard+PLP', 0.7750303058158441), ('ARIiterative_rev_degree_order+Louvain', 0.8494577781877511), ('ARIiterative_rev_degree_order+PLP', 0.9509151414309485), ('ARISingleton', 1.0), ('ARIAllInOne', 1.0), ('ARIfake_pmi+Louvain', 1), ('ARIfake_pmi+PLP', 1)]
