__LOADINGS__
Network Properties for:		network
nodes, edges			5000, 42057
directed?			False
weighted?			True
isolated nodes			1
self-loops			0
density				0.003365
clustering coefficient		0.188259
min/max/avg degree		0, 80, 16.822800
degree assortativity		0.389876
number of connected components	2
size of largest component	4999 (99.98 %)
238181.79002959278
__Groundtruth__
read communities from: ../../lfr_5000/mk100/k20/muw0.4/17/community.dat
-------------------  ----------
# communities        104
min community size    20
max community size    99
avg. community size   48.0769
modularity             0.595166
-------------------  ----------
104 community detected
__CLASSIC_METHODS__
__Louvain__
PLM(balanced,pc,turbo) detected communities in 0.5561366081237793 [s]
solution properties:
-------------------  ----------
# communities         50
min community size     1
max community size   164
avg. community size  100
modularity             0.597814
-------------------  ----------
104 community detected
NMI:0.09389622763576222
ARM:0.3320834002071874
__Singleton__
104 community detected
NMI:0.3047814955401743
ARM:1.0
__AllInOne__
104 community detected
NMI:1.0
ARM:1.0
__PLP__
PLP detected communities in 0.12909293174743652 [s]
solution properties:
-------------------  ----------
# communities        105
min community size     1
max community size    99
avg. community size   47.619
modularity             0.595789
-------------------  ----------
104 community detected
NMI:0.01178833716513672
ARM:0.025436654366543632
__NORMALIZATION__
__glove__
Network Properties for:		G#21cc
nodes, edges			4999, 42057
directed?			False
weighted?			True
isolated nodes			0
self-loops			0
density				0.003367
clustering coefficient		0.188297
min/max/avg degree		3, 80, 16.826165
degree assortativity		0.389876
number of connected components	1
size of largest component	4999 (100.00 %)
tot:  4667.094802963346
__glove+Louvain__
PLM(balanced,pc,turbo) detected communities in 0.44495391845703125 [s]
solution properties:
-------------------  ----------
# communities         50
min community size    42
max community size   196
avg. community size   99.98
modularity             0.602017
-------------------  ----------
104 community detected
NMI:0.0860301951298621
ARM:0.3210032726029405
__glove+PLP__
PLP detected communities in 0.12399411201477051 [s]
solution properties:
-------------------  ----------
# communities        104
min community size    20
max community size    99
avg. community size   48.0673
modularity             0.600585
-------------------  ----------
104 community detected
NMI:0.005133944044118821
ARM:0.011414730521660532
__fake_pmi__
Network Properties for:		G#40cc
nodes, edges			4999, 42057
directed?			False
weighted?			True
isolated nodes			0
self-loops			0
density				0.003367
clustering coefficient		0.188297
min/max/avg degree		3, 80, 16.826165
degree assortativity		0.389876
number of connected components	1
size of largest component	4999 (100.00 %)
tot:  0.0
__fake_pmi+Louvain__
1 community detected due to total edge weight equal 0
NMI:1
ARM:0.011414730521660532
__fake_pmi+PLP__
1 community detected due to total edge weight equal 0
NMI:1
ARM:0.011414730521660532
__iterative_rev_degree_order__
Network Properties for:		G#53cc
nodes, edges			4999, 42057
directed?			False
weighted?			True
isolated nodes			0
self-loops			0
density				0.003367
clustering coefficient		0.188297
min/max/avg degree		3, 80, 16.826165
degree assortativity		0.389876
number of connected components	1
size of largest component	4999 (100.00 %)
tot:  1326.2941047543793
__iterative_rev_degree_order+Louvain__
PLM(balanced,pc,turbo) detected communities in 0.7601950168609619 [s]
solution properties:
-------------------  ---------
# communities         59
min community size    51
max community size   143
avg. community size   84.7288
modularity             0.74995
-------------------  ---------
104 community detected
NMI:0.6443502912270115
ARM:0.9345026907406946
__iterative_rev_degree_order+PLP__
PLP detected communities in 0.08800220489501953 [s]
solution properties:
-------------------  -----------
# communities        1275
min community size      2
max community size     14
avg. community size     3.92078
modularity              0.634749
-------------------  -----------
104 community detected
NMI:0.35698290763181717
ARM:0.9596347972290468
__pmi__
Network Properties for:		G#78cc
nodes, edges			4999, 42057
directed?			False
weighted?			True
isolated nodes			0
self-loops			0
density				0.003367
clustering coefficient		0.188297
min/max/avg degree		3, 80, 16.826165
degree assortativity		0.389876
number of connected components	1
size of largest component	4999 (100.00 %)
tot:  251107.28687433005
__pmi+Louvain__
PLM(balanced,pc,turbo) detected communities in 0.45091724395751953 [s]
solution properties:
-------------------  ----------
# communities         59
min community size    49
max community size   146
avg. community size   84.7288
modularity             0.613782
-------------------  ----------
104 community detected
NMI:0.05882775698374465
ARM:0.222888577759649
__pmi+PLP__
PLP detected communities in 0.12633728981018066 [s]
solution properties:
-------------------  ----------
# communities        103
min community size    20
max community size   100
avg. community size   48.534
modularity             0.612762
-------------------  ----------
104 community detected
NMI:0.0024084455517673353
ARM:0.009072306069854652
__standard__
Network Properties for:		G#97cc
nodes, edges			4999, 42057
directed?			False
weighted?			True
isolated nodes			0
self-loops			0
density				0.003367
clustering coefficient		0.188297
min/max/avg degree		3, 80, 16.826165
degree assortativity		0.389876
number of connected components	1
size of largest component	4999 (100.00 %)
tot:  23.720400866667287
__standard+Louvain__
PLM(balanced,pc,turbo) detected communities in 0.7944238185882568 [s]
solution properties:
-------------------  ----------
# communities         45
min community size    37
max community size   273
avg. community size  111.089
modularity             0.614835
-------------------  ----------
104 community detected
NMI:0.409192371527516
ARM:0.7282506284913083
__standard+PLP__
PLP detected communities in 0.19520187377929688 [s]
solution properties:
-------------------  ----------
# communities        700
min community size     1
max community size    66
avg. community size    7.14143
modularity             0.505372
-------------------  ----------
104 community detected
NMI:0.293978281793553
ARM:0.6791488665862682
__ppmi__
Network Properties for:		G#119cc
nodes, edges			4999, 42057
directed?			False
weighted?			True
isolated nodes			0
self-loops			0
density				0.003367
clustering coefficient		0.188297
min/max/avg degree		3, 80, 16.826165
degree assortativity		0.389876
number of connected components	1
size of largest component	4999 (100.00 %)
tot:  254611.08864003725
__ppmi+Louvain__
PLM(balanced,pc,turbo) detected communities in 0.7364742755889893 [s]
solution properties:
-------------------  ----------
# communities         36
min community size    83
max community size   196
avg. community size  138.861
modularity             0.605305
-------------------  ----------
104 community detected
NMI:0.12246572538249245
ARM:0.4401542308039883
__ppmi+PLP__
PLP detected communities in 0.11301136016845703 [s]
solution properties:
-------------------  ----------
# communities        101
min community size    20
max community size   122
avg. community size   49.495
modularity             0.608346
-------------------  ----------
104 community detected
NMI:0.004443290543547418
ARM:0.018664821860947756
__glovexmax50alpha0.2__
Network Properties for:		G#141cc
nodes, edges			4999, 42057
directed?			False
weighted?			True
isolated nodes			0
self-loops			0
density				0.003367
clustering coefficient		0.188297
min/max/avg degree		3, 80, 16.826165
degree assortativity		0.389876
number of connected components	1
size of largest component	4999 (100.00 %)
tot:  25737.66386976494
__glovexmax50alpha0.2+Louvain__
PLM(balanced,pc,turbo) detected communities in 0.47395825386047363 [s]
solution properties:
-------------------  ----------
# communities         60
min community size    37
max community size   123
avg. community size   83.3167
modularity             0.605351
-------------------  ----------
104 community detected
NMI:0.05617689777432355
ARM:0.2083046769951128
__glovexmax50alpha0.2+PLP__
PLP detected communities in 0.10064482688903809 [s]
solution properties:
-------------------  ----------
# communities        105
min community size    13
max community size    99
avg. community size   47.6095
modularity             0.603471
-------------------  ----------
104 community detected
NMI:0.0016387095442621513
ARM:0.0034968971194573317
__glovexmax40alpha0.2__
Network Properties for:		G#160cc
nodes, edges			4999, 42057
directed?			False
weighted?			True
isolated nodes			0
self-loops			0
density				0.003367
clustering coefficient		0.188297
min/max/avg degree		3, 80, 16.826165
degree assortativity		0.389876
number of connected components	1
size of largest component	4999 (100.00 %)
tot:  26912.319333525043
__glovexmax40alpha0.2+Louvain__
PLM(balanced,pc,turbo) detected communities in 0.517352819442749 [s]
solution properties:
-------------------  ----------
# communities         51
min community size    51
max community size   173
avg. community size   98.0196
modularity             0.604874
-------------------  ----------
104 community detected
NMI:0.07622759087764497
ARM:0.2857081155789747
__glovexmax40alpha0.2+PLP__
PLP detected communities in 0.09387540817260742 [s]
solution properties:
-------------------  ----------
# communities        104
min community size    20
max community size    99
avg. community size   48.0673
modularity             0.604103
-------------------  ----------
104 community detected
NMI:0.0011748301797981364
ARM:0.0026715410573677767
__glovexmax30alpha0.3__
Network Properties for:		G#179cc
nodes, edges			4999, 42057
directed?			False
weighted?			True
isolated nodes			0
self-loops			0
density				0.003367
clustering coefficient		0.188297
min/max/avg degree		3, 80, 16.826165
degree assortativity		0.389876
number of connected components	1
size of largest component	4999 (100.00 %)
tot:  23877.962520684192
__glovexmax30alpha0.3+Louvain__
PLM(balanced,pc,turbo) detected communities in 0.49310922622680664 [s]
solution properties:
-------------------  ----------
# communities         57
min community size    37
max community size   148
avg. community size   87.7018
modularity             0.606331
-------------------  ----------
104 community detected
NMI:0.06243836350349319
ARM:0.23327564437478232
__glovexmax30alpha0.3+PLP__
PLP detected communities in 0.11393952369689941 [s]
solution properties:
-------------------  ----------
# communities        104
min community size    20
max community size    99
avg. community size   48.0673
modularity             0.605067
-------------------  ----------
104 community detected
NMI:0.0011748301797984695
ARM:0.0026715410573677767
