__LOADINGS__
Network Properties for:		network
nodes, edges			5000, 41894
directed?			False
weighted?			True
isolated nodes			0
self-loops			0
density				0.003352
clustering coefficient		0.300233
min/max/avg degree		2, 220, 16.757600
degree assortativity		0.209864
number of connected components	1
size of largest component	5000 (100.00 %)
315493.25764802744
__Groundtruth__
read communities from: ../../lfr_5000/mk300/k20/muw0.3/13/community.dat
-------------------  ----------
# communities         32
min community size   100
max community size   215
avg. community size  156.25
modularity             0.612028
-------------------  ----------
32 community detected
__CLASSIC_METHODS__
__Louvain__
PLM(balanced,pc,turbo) detected communities in 0.06796145439147949 [s]
solution properties:
-------------------  ----------
# communities         32
min community size   100
max community size   225
avg. community size  156.25
modularity             0.615688
-------------------  ----------
32 community detected
NMI:0.07688968899642212
ARM:0.09124633060220277
__Singleton__
32 community detected
NMI:0.4237009314786855
ARM:1.0
__AllInOne__
32 community detected
NMI:1.0
ARM:1.0
__PLP__
PLP detected communities in 0.07219839096069336 [s]
solution properties:
-------------------  ----------
# communities         32
min community size   100
max community size   225
avg. community size  156.25
modularity             0.615673
-------------------  ----------
32 community detected
NMI:0.0796366838000293
ARM:0.09521372255953964
__NORMALIZATION__
__glove__
Network Properties for:		G#18cc
nodes, edges			5000, 41894
directed?			False
weighted?			True
isolated nodes			0
self-loops			0
density				0.003352
clustering coefficient		0.300233
min/max/avg degree		2, 220, 16.757600
degree assortativity		0.209864
number of connected components	1
size of largest component	5000 (100.00 %)
tot:  5124.533187612409
__glove+Louvain__
PLM(balanced,pc,turbo) detected communities in 0.24515604972839355 [s]
solution properties:
-------------------  ----------
# communities         32
min community size   101
max community size   224
avg. community size  156.25
modularity             0.638303
-------------------  ----------
32 community detected
NMI:0.05774064715805516
ARM:0.06907271094463596
__glove+PLP__
PLP detected communities in 0.09927558898925781 [s]
solution properties:
-------------------  ----------
# communities         32
min community size   101
max community size   224
avg. community size  156.25
modularity             0.638299
-------------------  ----------
32 community detected
NMI:0.05885312866459114
ARM:0.07012482095355022
__fake_pmi__
Network Properties for:		G#34cc
nodes, edges			5000, 41894
directed?			False
weighted?			True
isolated nodes			0
self-loops			0
density				0.003352
clustering coefficient		0.300233
min/max/avg degree		2, 220, 16.757600
degree assortativity		0.209864
number of connected components	1
size of largest component	5000 (100.00 %)
tot:  0.0
__fake_pmi+Louvain__
1 community detected due to total edge weight equal 0
NMI:1
ARM:0.07012482095355022
__fake_pmi+PLP__
1 community detected due to total edge weight equal 0
NMI:1
ARM:0.07012482095355022
__iterative_rev_degree_order__
Network Properties for:		G#47cc
nodes, edges			5000, 41894
directed?			False
weighted?			True
isolated nodes			0
self-loops			0
density				0.003352
clustering coefficient		0.300233
min/max/avg degree		2, 220, 16.757600
degree assortativity		0.209864
number of connected components	1
size of largest component	5000 (100.00 %)
tot:  1503.597910135453
__iterative_rev_degree_order+Louvain__
PLM(balanced,pc,turbo) detected communities in 0.8457229137420654 [s]
solution properties:
-------------------  ----------
# communities         69
min community size    27
max community size   175
avg. community size   72.4638
modularity             0.855469
-------------------  ----------
32 community detected
NMI:0.697068139278771
ARM:0.8914627046917509
__iterative_rev_degree_order+PLP__
PLP detected communities in 0.026192903518676758 [s]
solution properties:
-------------------  -----------
# communities        1562
min community size      2
max community size     12
avg. community size     3.20102
modularity              0.744018
-------------------  -----------
32 community detected
NMI:0.4714527307025751
ARM:0.9853818973211557
__pmi__
Network Properties for:		G#72cc
nodes, edges			5000, 41894
directed?			False
weighted?			True
isolated nodes			0
self-loops			0
density				0.003352
clustering coefficient		0.300233
min/max/avg degree		2, 220, 16.757600
degree assortativity		0.209864
number of connected components	1
size of largest component	5000 (100.00 %)
tot:  117937.31738414227
__pmi+Louvain__
PLM(balanced,pc,turbo) detected communities in 0.48198723793029785 [s]
solution properties:
-------------------  ----------
# communities         30
min community size   116
max community size   413
avg. community size  166.667
modularity             0.867372
-------------------  ----------
32 community detected
NMI:0.1830087512324594
ARM:0.293090862399806
__pmi+PLP__
PLP detected communities in 0.1842973232269287 [s]
solution properties:
-------------------  ----------
# communities         73
min community size     1
max community size   240
avg. community size   68.4932
modularity             0.863321
-------------------  ----------
32 community detected
NMI:0.17318557468929963
ARM:0.23145269236276134
__standard__
Network Properties for:		G#91cc
nodes, edges			5000, 41894
directed?			False
weighted?			True
isolated nodes			0
self-loops			0
density				0.003352
clustering coefficient		0.300233
min/max/avg degree		2, 220, 16.757600
degree assortativity		0.209864
number of connected components	1
size of largest component	5000 (100.00 %)
tot:  13.015612682698366
__standard+Louvain__
PLM(balanced,pc,turbo) detected communities in 0.40802884101867676 [s]
solution properties:
-------------------  ----------
# communities         41
min community size     2
max community size   282
avg. community size  121.951
modularity             0.805693
-------------------  ----------
32 community detected
NMI:0.4802429936510475
ARM:0.6159925930096528
__standard+PLP__
PLP detected communities in 0.1371910572052002 [s]
solution properties:
-------------------  ----------
# communities        1308
min community size      2
max community size     94
avg. community size     3.82263
modularity              0.65104
-------------------  ----------
32 community detected
NMI:0.4548662276292258
ARM:0.932514175904276
__ppmi__
Network Properties for:		G#113cc
nodes, edges			5000, 41894
directed?			False
weighted?			True
isolated nodes			0
self-loops			0
density				0.003352
clustering coefficient		0.300233
min/max/avg degree		2, 220, 16.757600
degree assortativity		0.209864
number of connected components	1
size of largest component	5000 (100.00 %)
tot:  169792.56156598887
__ppmi+Louvain__
PLM(balanced,pc,turbo) detected communities in 0.36157655715942383 [s]
solution properties:
-------------------  ----------
# communities         31
min community size   104
max community size   243
avg. community size  161.29
modularity             0.688931
-------------------  ----------
32 community detected
NMI:0.04502232612434254
ARM:0.06759573596150825
__ppmi+PLP__
PLP detected communities in 0.13816094398498535 [s]
solution properties:
-------------------  ----------
# communities         43
min community size     2
max community size   208
avg. community size  116.279
modularity             0.688616
-------------------  ----------
32 community detected
NMI:0.04101094857251586
ARM:0.05142348455147594
__glovexmax50alpha0.2__
Network Properties for:		G#132cc
nodes, edges			5000, 41894
directed?			False
weighted?			True
isolated nodes			0
self-loops			0
density				0.003352
clustering coefficient		0.300233
min/max/avg degree		2, 220, 16.757600
degree assortativity		0.209864
number of connected components	1
size of largest component	5000 (100.00 %)
tot:  22756.67882291087
__glovexmax50alpha0.2+Louvain__
PLM(balanced,pc,turbo) detected communities in 0.2626829147338867 [s]
solution properties:
-------------------  ---------
# communities         32
min community size   100
max community size   215
avg. community size  156.25
modularity             0.67463
-------------------  ---------
32 community detected
NMI:0.008015783480821659
ARM:0.009487237116712177
__glovexmax50alpha0.2+PLP__
PLP detected communities in 0.06851601600646973 [s]
solution properties:
-------------------  ---------
# communities         32
min community size   100
max community size   215
avg. community size  156.25
modularity             0.67463
-------------------  ---------
32 community detected
NMI:0.008015783480821992
ARM:0.009487237116712177
__glovexmax40alpha0.2__
Network Properties for:		G#148cc
nodes, edges			5000, 41894
directed?			False
weighted?			True
isolated nodes			0
self-loops			0
density				0.003352
clustering coefficient		0.300233
min/max/avg degree		2, 220, 16.757600
degree assortativity		0.209864
number of connected components	1
size of largest component	5000 (100.00 %)
tot:  23769.39947063079
__glovexmax40alpha0.2+Louvain__
PLM(balanced,pc,turbo) detected communities in 0.24462223052978516 [s]
solution properties:
-------------------  ----------
# communities         32
min community size   100
max community size   215
avg. community size  156.25
modularity             0.674844
-------------------  ----------
32 community detected
NMI:0.00801578348082188
ARM:0.009487237116712177
__glovexmax40alpha0.2+PLP__
PLP detected communities in 0.11016345024108887 [s]
solution properties:
-------------------  ----------
# communities         32
min community size   100
max community size   215
avg. community size  156.25
modularity             0.674844
-------------------  ----------
32 community detected
NMI:0.00801578348082188
ARM:0.009487237116712177
__glovexmax30alpha0.3__
Network Properties for:		G#164cc
nodes, edges			5000, 41894
directed?			False
weighted?			True
isolated nodes			0
self-loops			0
density				0.003352
clustering coefficient		0.300233
min/max/avg degree		2, 220, 16.757600
degree assortativity		0.209864
number of connected components	1
size of largest component	5000 (100.00 %)
tot:  21163.098836317833
__glovexmax30alpha0.3+Louvain__
PLM(balanced,pc,turbo) detected communities in 0.18990278244018555 [s]
solution properties:
-------------------  ----------
# communities         32
min community size   101
max community size   216
avg. community size  156.25
modularity             0.672586
-------------------  ----------
32 community detected
NMI:0.0136056329926455
ARM:0.01582943707712081
__glovexmax30alpha0.3+PLP__
PLP detected communities in 0.11413049697875977 [s]
solution properties:
-------------------  ----------
# communities         32
min community size   101
max community size   216
avg. community size  156.25
modularity             0.672585
-------------------  ----------
32 community detected
NMI:0.013959314371604581
ARM:0.016251017614685503
