__LOADINGS__
4990/62113 8.03374494872249 % of nul weighted edges removed
0/5000 0.0 % of nul degree nodes removed
Network Properties for:		network
nodes, edges			5000, 57123
directed?			False
weighted?			True
isolated nodes			0
self-loops			0
density				0.004571
clustering coefficient		0.243022
min/max/avg degree		1, 224, 22.849200
degree assortativity		0.277078
number of connected components	1
size of largest component	5000 (100.00 %)
449149.96764233906
__Groundtruth__
read communities from: ../../lfr_5000/mk300/k25/muw0.4/16/community.dat
-------------------  ----------
# communities         40
min community size    89
max community size   180
avg. community size  125
modularity             0.539834
-------------------  ----------
40 community detected
__CLASSIC_METHODS__
__Louvain__
PLM(balanced,pc,turbo) detected communities in 0.4371986389160156 [s]
solution properties:
-------------------  ----------
# communities         30
min community size    97
max community size   279
avg. community size  166.667
modularity             0.540087
-------------------  ----------
40 community detected
NMI:0.07810591369043929
ARI:0.19078416176323654
__Singleton__
40 community detected
NMI:0.3983004112753803
ARI:1.0
__AllInOne__
40 community detected
NMI:1.0
ARI:1.0
__PLP__
PLP detected communities in 0.0973351001739502 [s]
solution properties:
-------------------  ---------
# communities         40
min community size    88
max community size   181
avg. community size  125
modularity             0.54068
-------------------  ---------
40 community detected
NMI:0.03683131972497067
ARI:0.047370453560310555
__NORMALIZATION__
__glove__
Network Properties for:		G#21
nodes, edges			5000, 57123
directed?			False
weighted?			True
isolated nodes			0
self-loops			0
density				0.004571
clustering coefficient		0.243022
min/max/avg degree		1, 224, 22.849200
degree assortativity		0.277078
number of connected components	1
size of largest component	5000 (100.00 %)
tot:  7515.647068245747
__glove+Louvain__
PLM(balanced,pc,turbo) detected communities in 0.377946138381958 [s]
solution properties:
-------------------  ----------
# communities         20
min community size   148
max community size   332
avg. community size  250
modularity             0.547185
-------------------  ----------
40 community detected
NMI:0.12254424137015796
ARI:0.35921791155245786
__glove+PLP__
PLP detected communities in 0.04990196228027344 [s]
solution properties:
-------------------  ----------
# communities         40
min community size    88
max community size   180
avg. community size  125
modularity             0.555657
-------------------  ----------
40 community detected
NMI:0.019143495255762533
ARI:0.025640621154853327
__fake_pmi__
Network Properties for:		G#30
nodes, edges			5000, 57123
directed?			False
weighted?			True
isolated nodes			0
self-loops			0
density				0.004571
clustering coefficient		0.243022
min/max/avg degree		1, 224, 22.849200
degree assortativity		0.277078
number of connected components	1
size of largest component	5000 (100.00 %)
tot:  0.0
__fake_pmi+Louvain__
1 community detected due to total edge weight equal 0
NMI:1
ARI:1
__fake_pmi+PLP__
1 community detected due to total edge weight equal 0
NMI:1
ARI:1
__iterative_rev_degree_order__
Network Properties for:		G#33
nodes, edges			5000, 57123
directed?			False
weighted?			True
isolated nodes			0
self-loops			0
density				0.004571
clustering coefficient		0.243022
min/max/avg degree		1, 224, 22.849200
degree assortativity		0.277078
number of connected components	1
size of largest component	5000 (100.00 %)
tot:  1316.2058389086055
__iterative_rev_degree_order+Louvain__
PLM(balanced,pc,turbo) detected communities in 0.6949484348297119 [s]
solution properties:
-------------------  ----------
# communities         44
min community size    66
max community size   182
avg. community size  113.636
modularity             0.796756
-------------------  ----------
40 community detected
NMI:0.8263029326133289
ARI:0.9621010605280625
__iterative_rev_degree_order+PLP__
PLP detected communities in 0.08416485786437988 [s]
solution properties:
-------------------  -----------
# communities        1509
min community size      2
max community size     12
avg. community size     3.31345
modularity              0.686149
-------------------  -----------
40 community detected
NMI:0.4756685318534397
ARI:0.9877332370290117
__pmi__
Network Properties for:		G#48
nodes, edges			5000, 57123
directed?			False
weighted?			True
isolated nodes			0
self-loops			0
density				0.004571
clustering coefficient		0.243022
min/max/avg degree		1, 224, 22.849200
degree assortativity		0.277078
number of connected components	1
size of largest component	5000 (100.00 %)
tot:  184487.74458732668
__pmi+Louvain__
PLM(balanced,pc,turbo) detected communities in 0.38666486740112305 [s]
solution properties:
-------------------  ----------
# communities         28
min community size    99
max community size   471
avg. community size  178.571
modularity             0.671158
-------------------  ----------
40 community detected
NMI:0.18973672418072662
ARI:0.4203529723264583
__pmi+PLP__
PLP detected communities in 0.24353981018066406 [s]
solution properties:
-------------------  ----------
# communities         48
min community size     2
max community size   420
avg. community size  104.167
modularity             0.672094
-------------------  ----------
40 community detected
NMI:0.12591725678096466
ARI:0.23719354519529967
__standard__
Network Properties for:		G#57
nodes, edges			5000, 57123
directed?			False
weighted?			True
isolated nodes			0
self-loops			0
density				0.004571
clustering coefficient		0.243022
min/max/avg degree		1, 224, 22.849200
degree assortativity		0.277078
number of connected components	1
size of largest component	5000 (100.00 %)
tot:  10.358519649279494
__standard+Louvain__
PLM(balanced,pc,turbo) detected communities in 0.6966569423675537 [s]
solution properties:
-------------------  ----------
# communities         35
min community size    38
max community size   292
avg. community size  142.857
modularity             0.697882
-------------------  ----------
40 community detected
NMI:0.593330338043945
ARI:0.7553227952316932
__standard+PLP__
PLP detected communities in 0.2614445686340332 [s]
solution properties:
-------------------  -----------
# communities        1140
min community size      2
max community size     75
avg. community size     4.38596
modularity              0.560206
-------------------  -----------
40 community detected
NMI:0.4646809324901021
ARI:0.9015511389808093
__ppmi__
Network Properties for:		G#72
nodes, edges			5000, 57123
directed?			False
weighted?			True
isolated nodes			0
self-loops			0
density				0.004571
clustering coefficient		0.243022
min/max/avg degree		1, 224, 22.849200
degree assortativity		0.277078
number of connected components	1
size of largest component	5000 (100.00 %)
tot:  239599.99295715382
__ppmi+Louvain__
PLM(balanced,pc,turbo) detected communities in 0.39565134048461914 [s]
solution properties:
-------------------  ----------
# communities         40
min community size    90
max community size   178
avg. community size  125
modularity             0.598623
-------------------  ----------
40 community detected
NMI:0.009707402023761302
ARI:0.013403300246570105
__ppmi+PLP__
PLP detected communities in 0.13655734062194824 [s]
solution properties:
-------------------  ----------
# communities         40
min community size     2
max community size   264
avg. community size  125
modularity             0.597682
-------------------  ----------
40 community detected
NMI:0.014223487956649072
ARI:0.038206526015957865
__glovexmax50alpha0.2__
Network Properties for:		G#81
nodes, edges			5000, 57123
directed?			False
weighted?			True
isolated nodes			0
self-loops			0
density				0.004571
clustering coefficient		0.243022
min/max/avg degree		1, 224, 22.849200
degree assortativity		0.277078
number of connected components	1
size of largest component	5000 (100.00 %)
tot:  33049.713111317345
__glovexmax50alpha0.2+Louvain__
PLM(balanced,pc,turbo) detected communities in 0.19719552993774414 [s]
solution properties:
-------------------  ----------
# communities         40
min community size    89
max community size   179
avg. community size  125
modularity             0.583824
-------------------  ----------
40 community detected
NMI:0.0009797950030926428
ARI:0.001417978322932667
__glovexmax50alpha0.2+PLP__
PLP detected communities in 0.07428431510925293 [s]
solution properties:
-------------------  ----------
# communities         40
min community size    89
max community size   179
avg. community size  125
modularity             0.583824
-------------------  ----------
40 community detected
NMI:0.0009797950030926428
ARI:0.001417978322932667
__glovexmax40alpha0.2__
Network Properties for:		G#87
nodes, edges			5000, 57123
directed?			False
weighted?			True
isolated nodes			0
self-loops			0
density				0.004571
clustering coefficient		0.243022
min/max/avg degree		1, 224, 22.849200
degree assortativity		0.277078
number of connected components	1
size of largest component	5000 (100.00 %)
tot:  34530.771199846175
__glovexmax40alpha0.2+Louvain__
PLM(balanced,pc,turbo) detected communities in 0.18257641792297363 [s]
solution properties:
-------------------  ----------
# communities         40
min community size    89
max community size   179
avg. community size  125
modularity             0.583887
-------------------  ----------
40 community detected
NMI:0.0009797950030926428
ARI:0.001417978322932667
__glovexmax40alpha0.2+PLP__
PLP detected communities in 0.08777952194213867 [s]
solution properties:
-------------------  ----------
# communities         40
min community size    89
max community size   179
avg. community size  125
modularity             0.583887
-------------------  ----------
40 community detected
NMI:0.0009797950030926428
ARI:0.001417978322932667
__glovexmax30alpha0.3__
Network Properties for:		G#93
nodes, edges			5000, 57123
directed?			False
weighted?			True
isolated nodes			0
self-loops			0
density				0.004571
clustering coefficient		0.243022
min/max/avg degree		1, 224, 22.849200
degree assortativity		0.277078
number of connected components	1
size of largest component	5000 (100.00 %)
tot:  31168.17962803801
__glovexmax30alpha0.3+Louvain__
PLM(balanced,pc,turbo) detected communities in 0.07837963104248047 [s]
solution properties:
-------------------  ----------
# communities         40
min community size    89
max community size   179
avg. community size  125
modularity             0.581229
-------------------  ----------
40 community detected
NMI:0.0019465508945408772
ARI:0.002720759728334632
__glovexmax30alpha0.3+PLP__
PLP detected communities in 0.035158395767211914 [s]
solution properties:
-------------------  ----------
# communities         40
min community size    89
max community size   179
avg. community size  125
modularity             0.581229
-------------------  ----------
40 community detected
NMI:0.0019655380217816765
ARI:0.0028610315502938244
NMI classement:
[('NMIglovexmax50alpha0.2+Louvain', 0.0009797950030926428), ('NMIglovexmax50alpha0.2+PLP', 0.0009797950030926428), ('NMIglovexmax40alpha0.2+Louvain', 0.0009797950030926428), ('NMIglovexmax40alpha0.2+PLP', 0.0009797950030926428), ('NMIglovexmax30alpha0.3+Louvain', 0.0019465508945408772), ('NMIglovexmax30alpha0.3+PLP', 0.0019655380217816765), ('NMIppmi+Louvain', 0.009707402023761302), ('NMIppmi+PLP', 0.014223487956649072), ('NMIglove+PLP', 0.019143495255762533), ('NMIPLP', 0.03683131972497067), ('NMILouvain', 0.07810591369043929), ('NMIglove+Louvain', 0.12254424137015796), ('NMIpmi+PLP', 0.12591725678096466), ('NMIpmi+Louvain', 0.18973672418072662), ('NMISingleton', 0.3983004112753803), ('NMIstandard+PLP', 0.4646809324901021), ('NMIiterative_rev_degree_order+PLP', 0.4756685318534397), ('NMIstandard+Louvain', 0.593330338043945), ('NMIiterative_rev_degree_order+Louvain', 0.8263029326133289), ('NMIAllInOne', 1.0), ('NMIfake_pmi+Louvain', 1), ('NMIfake_pmi+PLP', 1)]
ARI classement:
[('ARIglovexmax50alpha0.2+Louvain', 0.001417978322932667), ('ARIglovexmax50alpha0.2+PLP', 0.001417978322932667), ('ARIglovexmax40alpha0.2+Louvain', 0.001417978322932667), ('ARIglovexmax40alpha0.2+PLP', 0.001417978322932667), ('ARIglovexmax30alpha0.3+Louvain', 0.002720759728334632), ('ARIglovexmax30alpha0.3+PLP', 0.0028610315502938244), ('ARIppmi+Louvain', 0.013403300246570105), ('ARIglove+PLP', 0.025640621154853327), ('ARIppmi+PLP', 0.038206526015957865), ('ARIPLP', 0.047370453560310555), ('ARILouvain', 0.19078416176323654), ('ARIpmi+PLP', 0.23719354519529967), ('ARIglove+Louvain', 0.35921791155245786), ('ARIpmi+Louvain', 0.4203529723264583), ('ARIstandard+Louvain', 0.7553227952316932), ('ARIstandard+PLP', 0.9015511389808093), ('ARIiterative_rev_degree_order+Louvain', 0.9621010605280625), ('ARIiterative_rev_degree_order+PLP', 0.9877332370290117), ('ARISingleton', 1.0), ('ARIAllInOne', 1.0), ('ARIfake_pmi+Louvain', 1), ('ARIfake_pmi+PLP', 1)]
