__LOADINGS__
4976/47007 10.585657455272619 % of nul weighted edges removed
2/5000 0.04 % of nul degree nodes removed
Network Properties for:		network
nodes, edges			4998, 42031
directed?			False
weighted?			True
isolated nodes			2
self-loops			0
density				0.003366
clustering coefficient		0.286554
min/max/avg degree		0, 78, 16.819128
degree assortativity		0.384470
number of connected components	1
size of largest component	4998 (100.00 %)
236964.3465485788
__Groundtruth__
read communities from: ../../lfr_5000/mk100/k20/muw0.3/9/community.dat
-------------------  ----------
# communities        104
min community size    20
max community size    99
avg. community size   48.0769
modularity             0.703283
-------------------  ----------
104 community detected
__CLASSIC_METHODS__
__Louvain__
PLM(balanced,pc,turbo) detected communities in 0.17279553413391113 [s]
solution properties:
-------------------  ----------
# communities         42
min community size    67
max community size   179
avg. community size  119
modularity             0.702928
-------------------  ----------
104 community detected
NMI:0.10354654794212748
ARI:0.38325623318266766
__Singleton__
104 community detected
NMI:0.3047494066208307
ARI:1.0
__AllInOne__
104 community detected
NMI:1.0
ARI:1.0
__PLP__
PLP detected communities in 0.0017139911651611328 [s]
solution properties:
-------------------  ---------
# communities        107
min community size     1
max community size    99
avg. community size   46.729
modularity             0.69848
-------------------  ---------
104 community detected
NMI:0.003385105158837498
ARI:0.01111775761801781
__NORMALIZATION__
__glove__
Network Properties for:		G#21
nodes, edges			4998, 42031
directed?			False
weighted?			True
isolated nodes			2
self-loops			0
density				0.003366
clustering coefficient		0.286554
min/max/avg degree		0, 78, 16.819128
degree assortativity		0.384470
number of connected components	1
size of largest component	4998 (100.00 %)
tot:  4636.328881527944
__glove+Louvain__
PLM(balanced,pc,turbo) detected communities in 0.1890428066253662 [s]
solution properties:
-------------------  ----------
# communities         40
min community size    78
max community size   180
avg. community size  124.95
modularity             0.706655
-------------------  ----------
104 community detected
NMI:0.10655337899362705
ARI:0.39128412854324035
__glove+PLP__
PLP detected communities in 0.09318947792053223 [s]
solution properties:
-------------------  ----------
# communities        106
min community size     1
max community size    99
avg. community size   47.1698
modularity             0.708429
-------------------  ----------
104 community detected
NMI:0.00023472252025646956
ARI:0.0005274113245760104
__fake_pmi__
Network Properties for:		G#30
nodes, edges			4998, 42031
directed?			False
weighted?			True
isolated nodes			2
self-loops			0
density				0.003366
clustering coefficient		0.286554
min/max/avg degree		0, 78, 16.819128
degree assortativity		0.384470
number of connected components	1
size of largest component	4998 (100.00 %)
tot:  0.0
__fake_pmi+Louvain__
1 community detected due to total edge weight equal 0
NMI:1
ARI:1
__fake_pmi+PLP__
1 community detected due to total edge weight equal 0
NMI:1
ARI:1
__iterative_rev_degree_order__
Network Properties for:		G#33
nodes, edges			4998, 42031
directed?			False
weighted?			True
isolated nodes			2
self-loops			0
density				0.003366
clustering coefficient		0.286554
min/max/avg degree		0, 78, 16.819128
degree assortativity		0.384470
number of connected components	1
size of largest component	4998 (100.00 %)
tot:  1302.684281841205
__iterative_rev_degree_order+Louvain__
PLM(balanced,pc,turbo) detected communities in 0.782717227935791 [s]
solution properties:
-------------------  ----------
# communities         61
min community size    37
max community size   149
avg. community size   81.9344
modularity             0.774055
-------------------  ----------
104 community detected
NMI:0.5191430152070813
ARI:0.8427478511691132
__iterative_rev_degree_order+PLP__
PLP detected communities in 0.09959983825683594 [s]
solution properties:
-------------------  -----------
# communities        1249
min community size      1
max community size     17
avg. community size     4.0032
modularity              0.642513
-------------------  -----------
104 community detected
NMI:0.3331690448785064
ARI:0.9428044520058703
__pmi__
Network Properties for:		G#48
nodes, edges			4998, 42031
directed?			False
weighted?			True
isolated nodes			2
self-loops			0
density				0.003366
clustering coefficient		0.286554
min/max/avg degree		0, 78, 16.819128
degree assortativity		0.384470
number of connected components	1
size of largest component	4998 (100.00 %)
tot:  250603.57536568827
__pmi+Louvain__
PLM(balanced,pc,turbo) detected communities in 0.24473953247070312 [s]
solution properties:
-------------------  ----------
# communities         48
min community size    66
max community size   149
avg. community size  104.125
modularity             0.716988
-------------------  ----------
104 community detected
NMI:0.08178160279858271
ARI:0.30268368341313545
__pmi+PLP__
PLP detected communities in 0.12069129943847656 [s]
solution properties:
-------------------  ---------
# communities        103
min community size     1
max community size   159
avg. community size   48.5437
modularity             0.71835
-------------------  ---------
104 community detected
NMI:0.006074431339984643
ARI:0.04215909666312223
__standard__
Network Properties for:		G#57
nodes, edges			4998, 42031
directed?			False
weighted?			True
isolated nodes			2
self-loops			0
density				0.003366
clustering coefficient		0.286554
min/max/avg degree		0, 78, 16.819128
degree assortativity		0.384470
number of connected components	1
size of largest component	4998 (100.00 %)
tot:  24.985874236530805
__standard+Louvain__
PLM(balanced,pc,turbo) detected communities in 0.7247190475463867 [s]
solution properties:
-------------------  ----------
# communities         55
min community size    27
max community size   254
avg. community size   90.8727
modularity             0.739935
-------------------  ----------
104 community detected
NMI:0.22499806802662603
ARI:0.5379388239633036
__standard+PLP__
PLP detected communities in 0.1641995906829834 [s]
solution properties:
-------------------  ----------
# communities        362
min community size     1
max community size    93
avg. community size   13.8122
modularity             0.683845
-------------------  ----------
104 community detected
NMI:0.16049315957338006
ARI:0.3388010985616856
__ppmi__
Network Properties for:		G#69
nodes, edges			4998, 42031
directed?			False
weighted?			True
isolated nodes			2
self-loops			0
density				0.003366
clustering coefficient		0.286554
min/max/avg degree		0, 78, 16.819128
degree assortativity		0.384470
number of connected components	1
size of largest component	4998 (100.00 %)
tot:  254077.85671636468
__ppmi+Louvain__
PLM(balanced,pc,turbo) detected communities in 0.4386742115020752 [s]
solution properties:
-------------------  ----------
# communities         67
min community size    37
max community size   116
avg. community size   74.597
modularity             0.715619
-------------------  ----------
104 community detected
NMI:0.042456944754101444
ARI:0.1566155194044706
__ppmi+PLP__
PLP detected communities in 0.11730813980102539 [s]
solution properties:
-------------------  ---------
# communities        104
min community size     1
max community size   112
avg. community size   48.0769
modularity             0.71547
-------------------  ---------
104 community detected
NMI:0.002895064153547011
ARI:0.015076038839259454
__glovexmax50alpha0.2__
Network Properties for:		G#78
nodes, edges			4998, 42031
directed?			False
weighted?			True
isolated nodes			2
self-loops			0
density				0.003366
clustering coefficient		0.286554
min/max/avg degree		0, 78, 16.819128
degree assortativity		0.384470
number of connected components	1
size of largest component	4998 (100.00 %)
tot:  25658.002286344556
__glovexmax50alpha0.2+Louvain__
PLM(balanced,pc,turbo) detected communities in 0.4956064224243164 [s]
solution properties:
-------------------  ----------
# communities         59
min community size    44
max community size   126
avg. community size   84.7119
modularity             0.711834
-------------------  ----------
104 community detected
NMI:0.057256841767446165
ARI:0.214194852153194
__glovexmax50alpha0.2+PLP__
PLP detected communities in 0.0530550479888916 [s]
solution properties:
-------------------  ----------
# communities        106
min community size     1
max community size    99
avg. community size   47.1698
modularity             0.711558
-------------------  ----------
104 community detected
NMI:0.00023472252025658058
ARI:0.0005274113245760104
__glovexmax40alpha0.2__
Network Properties for:		G#87
nodes, edges			4998, 42031
directed?			False
weighted?			True
isolated nodes			2
self-loops			0
density				0.003366
clustering coefficient		0.286554
min/max/avg degree		0, 78, 16.819128
degree assortativity		0.384470
number of connected components	1
size of largest component	4998 (100.00 %)
tot:  26829.02203107912
__glovexmax40alpha0.2+Louvain__
PLM(balanced,pc,turbo) detected communities in 0.524040937423706 [s]
solution properties:
-------------------  ---------
# communities         61
min community size    44
max community size   126
avg. community size   81.9344
modularity             0.71191
-------------------  ---------
104 community detected
NMI:0.05386145931090247
ARI:0.2029025183947527
__glovexmax40alpha0.2+PLP__
PLP detected communities in 0.1356499195098877 [s]
solution properties:
-------------------  ----------
# communities        106
min community size     1
max community size    99
avg. community size   47.1698
modularity             0.711558
-------------------  ----------
104 community detected
NMI:0.00023472252025646956
ARI:0.0005274113245760104
__glovexmax30alpha0.3__
Network Properties for:		G#96
nodes, edges			4998, 42031
directed?			False
weighted?			True
isolated nodes			2
self-loops			0
density				0.003366
clustering coefficient		0.286554
min/max/avg degree		0, 78, 16.819128
degree assortativity		0.384470
number of connected components	1
size of largest component	4998 (100.00 %)
tot:  23772.95158607808
__glovexmax30alpha0.3+Louvain__
PLM(balanced,pc,turbo) detected communities in 0.44060349464416504 [s]
solution properties:
-------------------  ----------
# communities         59
min community size    44
max community size   126
avg. community size   84.7119
modularity             0.713013
-------------------  ----------
104 community detected
NMI:0.057155862081364917
ARI:0.21324504787702458
__glovexmax30alpha0.3+PLP__
PLP detected communities in 0.09481143951416016 [s]
solution properties:
-------------------  ----------
# communities        106
min community size     1
max community size    99
avg. community size   47.1698
modularity             0.712709
-------------------  ----------
104 community detected
NMI:0.00023472252025646956
ARI:0.0005274113245760104
NMI classement:
[('NMIglove+PLP', 0.00023472252025646956), ('NMIglovexmax40alpha0.2+PLP', 0.00023472252025646956), ('NMIglovexmax30alpha0.3+PLP', 0.00023472252025646956), ('NMIglovexmax50alpha0.2+PLP', 0.00023472252025658058), ('NMIppmi+PLP', 0.002895064153547011), ('NMIPLP', 0.003385105158837498), ('NMIpmi+PLP', 0.006074431339984643), ('NMIppmi+Louvain', 0.042456944754101444), ('NMIglovexmax40alpha0.2+Louvain', 0.05386145931090247), ('NMIglovexmax30alpha0.3+Louvain', 0.057155862081364917), ('NMIglovexmax50alpha0.2+Louvain', 0.057256841767446165), ('NMIpmi+Louvain', 0.08178160279858271), ('NMILouvain', 0.10354654794212748), ('NMIglove+Louvain', 0.10655337899362705), ('NMIstandard+PLP', 0.16049315957338006), ('NMIstandard+Louvain', 0.22499806802662603), ('NMISingleton', 0.3047494066208307), ('NMIiterative_rev_degree_order+PLP', 0.3331690448785064), ('NMIiterative_rev_degree_order+Louvain', 0.5191430152070813), ('NMIAllInOne', 1.0), ('NMIfake_pmi+Louvain', 1), ('NMIfake_pmi+PLP', 1)]
ARI classement:
[('ARIglove+PLP', 0.0005274113245760104), ('ARIglovexmax50alpha0.2+PLP', 0.0005274113245760104), ('ARIglovexmax40alpha0.2+PLP', 0.0005274113245760104), ('ARIglovexmax30alpha0.3+PLP', 0.0005274113245760104), ('ARIPLP', 0.01111775761801781), ('ARIppmi+PLP', 0.015076038839259454), ('ARIpmi+PLP', 0.04215909666312223), ('ARIppmi+Louvain', 0.1566155194044706), ('ARIglovexmax40alpha0.2+Louvain', 0.2029025183947527), ('ARIglovexmax30alpha0.3+Louvain', 0.21324504787702458), ('ARIglovexmax50alpha0.2+Louvain', 0.214194852153194), ('ARIpmi+Louvain', 0.30268368341313545), ('ARIstandard+PLP', 0.3388010985616856), ('ARILouvain', 0.38325623318266766), ('ARIglove+Louvain', 0.39128412854324035), ('ARIstandard+Louvain', 0.5379388239633036), ('ARIiterative_rev_degree_order+Louvain', 0.8427478511691132), ('ARIiterative_rev_degree_order+PLP', 0.9428044520058703), ('ARISingleton', 1.0), ('ARIAllInOne', 1.0), ('ARIfake_pmi+Louvain', 1), ('ARIfake_pmi+PLP', 1)]
