__LOADINGS__
4987/36163 13.79033819096867 % of nul weighted edges removed
1/5000 0.02 % of nul degree nodes removed
Network Properties for:		network
nodes, edges			4999, 31176
directed?			False
weighted?			True
isolated nodes			1
self-loops			0
density				0.002496
clustering coefficient		0.164325
min/max/avg degree		0, 75, 12.472895
degree assortativity		0.383725
number of connected components	1
size of largest component	4999 (100.00 %)
167693.060348957
__Groundtruth__
read communities from: ../../lfr_5000/mk100/k15/muw0.4/36/community.dat
-------------------  ----------
# communities        104
min community size    20
max community size    99
avg. community size   48.0769
modularity             0.584412
-------------------  ----------
104 community detected
__CLASSIC_METHODS__
__Louvain__
PLM(balanced,pc,turbo) detected communities in 0.6674294471740723 [s]
solution properties:
-------------------  ----------
# communities         45
min community size    61
max community size   196
avg. community size  111.089
modularity             0.592083
-------------------  ----------
104 community detected
NMI:0.15810524707227003
ARI:0.42617138619826667
__Singleton__
104 community detected
NMI:0.3047653125958608
ARI:1.0
__AllInOne__
104 community detected
NMI:1.0
ARI:1.0
__PLP__
PLP detected communities in 0.20133090019226074 [s]
solution properties:
-------------------  ----------
# communities        113
min community size     1
max community size   140
avg. community size   44.2478
modularity             0.580426
-------------------  ----------
104 community detected
NMI:0.07676906842669584
ARI:0.1617560934798371
__NORMALIZATION__
__glove__
Network Properties for:		G#24
nodes, edges			4999, 31176
directed?			False
weighted?			True
isolated nodes			1
self-loops			0
density				0.002496
clustering coefficient		0.164325
min/max/avg degree		0, 75, 12.472895
degree assortativity		0.383725
number of connected components	1
size of largest component	4999 (100.00 %)
tot:  3274.1210807038187
__glove+Louvain__
PLM(balanced,pc,turbo) detected communities in 0.5255823135375977 [s]
solution properties:
-------------------  ----------
# communities         49
min community size    39
max community size   159
avg. community size  102.02
modularity             0.597494
-------------------  ----------
104 community detected
NMI:0.13079721985600412
ARI:0.3675338173971653
__glove+PLP__
PLP detected communities in 0.17668962478637695 [s]
solution properties:
-------------------  ----------
# communities        105
min community size     1
max community size   136
avg. community size   47.619
modularity             0.594636
-------------------  ----------
104 community detected
NMI:0.04474029912756072
ARI:0.0986896470310471
__fake_pmi__
Network Properties for:		G#33
nodes, edges			4999, 31176
directed?			False
weighted?			True
isolated nodes			1
self-loops			0
density				0.002496
clustering coefficient		0.164325
min/max/avg degree		0, 75, 12.472895
degree assortativity		0.383725
number of connected components	1
size of largest component	4999 (100.00 %)
tot:  0.0
__fake_pmi+Louvain__
1 community detected due to total edge weight equal 0
NMI:1
ARI:1
__fake_pmi+PLP__
1 community detected due to total edge weight equal 0
NMI:1
ARI:1
__iterative_rev_degree_order__
Network Properties for:		G#36
nodes, edges			4999, 31176
directed?			False
weighted?			True
isolated nodes			1
self-loops			0
density				0.002496
clustering coefficient		0.164325
min/max/avg degree		0, 75, 12.472895
degree assortativity		0.383725
number of connected components	1
size of largest component	4999 (100.00 %)
tot:  1402.2389410944602
__iterative_rev_degree_order+Louvain__
PLM(balanced,pc,turbo) detected communities in 0.8414056301116943 [s]
solution properties:
-------------------  ----------
# communities         70
min community size    32
max community size   129
avg. community size   71.4143
modularity             0.800742
-------------------  ----------
104 community detected
NMI:0.6183299289617541
ARI:0.9313370277816813
__iterative_rev_degree_order+PLP__
PLP detected communities in 0.08680200576782227 [s]
solution properties:
-------------------  -----------
# communities        1426
min community size      1
max community size     11
avg. community size     3.50631
modularity              0.686402
-------------------  -----------
104 community detected
NMI:0.34775581029315783
ARI:0.963702981258402
__pmi__
Network Properties for:		G#51
nodes, edges			4999, 31176
directed?			False
weighted?			True
isolated nodes			1
self-loops			0
density				0.002496
clustering coefficient		0.164325
min/max/avg degree		0, 75, 12.472895
degree assortativity		0.383725
number of connected components	1
size of largest component	4999 (100.00 %)
tot:  182530.45015212052
__pmi+Louvain__
PLM(balanced,pc,turbo) detected communities in 0.5626533031463623 [s]
solution properties:
-------------------  ----------
# communities         53
min community size    49
max community size   161
avg. community size   94.3208
modularity             0.622508
-------------------  ----------
104 community detected
NMI:0.09446194709092481
ARI:0.30907121553569505
__pmi+PLP__
PLP detected communities in 0.17139887809753418 [s]
solution properties:
-------------------  ----------
# communities        130
min community size     1
max community size   118
avg. community size   38.4615
modularity             0.612808
-------------------  ----------
104 community detected
NMI:0.027853676941191452
ARI:0.060452502109957895
__standard__
Network Properties for:		G#60
nodes, edges			4999, 31176
directed?			False
weighted?			True
isolated nodes			1
self-loops			0
density				0.002496
clustering coefficient		0.164325
min/max/avg degree		0, 75, 12.472895
degree assortativity		0.383725
number of connected components	1
size of largest component	4999 (100.00 %)
tot:  36.45966937294655
__standard+Louvain__
PLM(balanced,pc,turbo) detected communities in 0.7746639251708984 [s]
solution properties:
-------------------  --------
# communities         49
min community size    12
max community size   181
avg. community size  102.02
modularity             0.6975
-------------------  --------
104 community detected
NMI:0.5463165199366808
ARI:0.8527804291724114
__standard+PLP__
PLP detected communities in 0.20035219192504883 [s]
solution properties:
-------------------  -----------
# communities        1153
min community size      1
max community size     30
avg. community size     4.33651
modularity              0.543439
-------------------  -----------
104 community detected
NMI:0.34848018880095755
ARI:0.9262049903449321
__ppmi__
Network Properties for:		G#72
nodes, edges			4999, 31176
directed?			False
weighted?			True
isolated nodes			1
self-loops			0
density				0.002496
clustering coefficient		0.164325
min/max/avg degree		0, 75, 12.472895
degree assortativity		0.383725
number of connected components	1
size of largest component	4999 (100.00 %)
tot:  189513.00524861555
__ppmi+Louvain__
PLM(balanced,pc,turbo) detected communities in 0.7711424827575684 [s]
solution properties:
-------------------  ----------
# communities         49
min community size    58
max community size   181
avg. community size  102.02
modularity             0.611262
-------------------  ----------
104 community detected
NMI:0.09450843535851583
ARI:0.329647685334743
__ppmi+PLP__
PLP detected communities in 0.13204073905944824 [s]
solution properties:
-------------------  ----------
# communities        129
min community size     1
max community size   118
avg. community size   38.7597
modularity             0.603776
-------------------  ----------
104 community detected
NMI:0.018839612652891136
ARI:0.0428816224640185
__glovexmax50alpha0.2__
Network Properties for:		G#84
nodes, edges			4999, 31176
directed?			False
weighted?			True
isolated nodes			1
self-loops			0
density				0.002496
clustering coefficient		0.164325
min/max/avg degree		0, 75, 12.472895
degree assortativity		0.383725
number of connected components	1
size of largest component	4999 (100.00 %)
tot:  18395.876376914595
__glovexmax50alpha0.2+Louvain__
PLM(balanced,pc,turbo) detected communities in 0.5851221084594727 [s]
solution properties:
-------------------  ----------
# communities         50
min community size    63
max community size   167
avg. community size   99.98
modularity             0.605141
-------------------  ----------
104 community detected
NMI:0.08696410928413345
ARI:0.3029599214046401
__glovexmax50alpha0.2+PLP__
PLP detected communities in 0.17853760719299316 [s]
solution properties:
-------------------  ----------
# communities        110
min community size     1
max community size   101
avg. community size   45.4545
modularity             0.595621
-------------------  ----------
104 community detected
NMI:0.014479424578247135
ARI:0.03698588691736815
__glovexmax40alpha0.2__
Network Properties for:		G#93
nodes, edges			4999, 31176
directed?			False
weighted?			True
isolated nodes			1
self-loops			0
density				0.002496
clustering coefficient		0.164325
min/max/avg degree		0, 75, 12.472895
degree assortativity		0.383725
number of connected components	1
size of largest component	4999 (100.00 %)
tot:  19235.38404131157
__glovexmax40alpha0.2+Louvain__
PLM(balanced,pc,turbo) detected communities in 0.5695111751556396 [s]
solution properties:
-------------------  ----------
# communities         54
min community size    38
max community size   142
avg. community size   92.5741
modularity             0.605258
-------------------  ----------
104 community detected
NMI:0.07727274589894739
ARI:0.2708547347624014
__glovexmax40alpha0.2+PLP__
PLP detected communities in 0.13487696647644043 [s]
solution properties:
-------------------  ----------
# communities        106
min community size     1
max community size   100
avg. community size   47.1698
modularity             0.602381
-------------------  ----------
104 community detected
NMI:0.00852313767962043
ARI:0.01745020256583385
__glovexmax30alpha0.3__
Network Properties for:		G#102
nodes, edges			4999, 31176
directed?			False
weighted?			True
isolated nodes			1
self-loops			0
density				0.002496
clustering coefficient		0.164325
min/max/avg degree		0, 75, 12.472895
degree assortativity		0.383725
number of connected components	1
size of largest component	4999 (100.00 %)
tot:  16935.904177502947
__glovexmax30alpha0.3+Louvain__
PLM(balanced,pc,turbo) detected communities in 0.6483974456787109 [s]
solution properties:
-------------------  ----------
# communities         52
min community size    43
max community size   168
avg. community size   96.1346
modularity             0.605961
-------------------  ----------
104 community detected
NMI:0.08689144804750892
ARI:0.2939965147197747
__glovexmax30alpha0.3+PLP__
PLP detected communities in 0.06481480598449707 [s]
solution properties:
-------------------  ----------
# communities        111
min community size     1
max community size   100
avg. community size   45.045
modularity             0.595428
-------------------  ----------
104 community detected
NMI:0.017421248611635298
ARI:0.03891747448616989
NMI classement:
[('NMIglovexmax40alpha0.2+PLP', 0.00852313767962043), ('NMIglovexmax50alpha0.2+PLP', 0.014479424578247135), ('NMIglovexmax30alpha0.3+PLP', 0.017421248611635298), ('NMIppmi+PLP', 0.018839612652891136), ('NMIpmi+PLP', 0.027853676941191452), ('NMIglove+PLP', 0.04474029912756072), ('NMIPLP', 0.07676906842669584), ('NMIglovexmax40alpha0.2+Louvain', 0.07727274589894739), ('NMIglovexmax30alpha0.3+Louvain', 0.08689144804750892), ('NMIglovexmax50alpha0.2+Louvain', 0.08696410928413345), ('NMIpmi+Louvain', 0.09446194709092481), ('NMIppmi+Louvain', 0.09450843535851583), ('NMIglove+Louvain', 0.13079721985600412), ('NMILouvain', 0.15810524707227003), ('NMISingleton', 0.3047653125958608), ('NMIiterative_rev_degree_order+PLP', 0.34775581029315783), ('NMIstandard+PLP', 0.34848018880095755), ('NMIstandard+Louvain', 0.5463165199366808), ('NMIiterative_rev_degree_order+Louvain', 0.6183299289617541), ('NMIAllInOne', 1.0), ('NMIfake_pmi+Louvain', 1), ('NMIfake_pmi+PLP', 1)]
ARI classement:
[('ARIglovexmax40alpha0.2+PLP', 0.01745020256583385), ('ARIglovexmax50alpha0.2+PLP', 0.03698588691736815), ('ARIglovexmax30alpha0.3+PLP', 0.03891747448616989), ('ARIppmi+PLP', 0.0428816224640185), ('ARIpmi+PLP', 0.060452502109957895), ('ARIglove+PLP', 0.0986896470310471), ('ARIPLP', 0.1617560934798371), ('ARIglovexmax40alpha0.2+Louvain', 0.2708547347624014), ('ARIglovexmax30alpha0.3+Louvain', 0.2939965147197747), ('ARIglovexmax50alpha0.2+Louvain', 0.3029599214046401), ('ARIpmi+Louvain', 0.30907121553569505), ('ARIppmi+Louvain', 0.329647685334743), ('ARIglove+Louvain', 0.3675338173971653), ('ARILouvain', 0.42617138619826667), ('ARIstandard+Louvain', 0.8527804291724114), ('ARIstandard+PLP', 0.9262049903449321), ('ARIiterative_rev_degree_order+Louvain', 0.9313370277816813), ('ARIiterative_rev_degree_order+PLP', 0.963702981258402), ('ARISingleton', 1.0), ('ARIAllInOne', 1.0), ('ARIfake_pmi+Louvain', 1), ('ARIfake_pmi+PLP', 1)]
