__LOADINGS__
4991/61548 8.109118086696562 % of nul weighted edges removed
1/5000 0.02 % of nul degree nodes removed
Network Properties for:		network
nodes, edges			4999, 56557
directed?			False
weighted?			True
isolated nodes			1
self-loops			0
density				0.004527
clustering coefficient		0.484121
min/max/avg degree		0, 390, 22.627325
degree assortativity		0.186473
number of connected components	1
size of largest component	4999 (100.00 %)
520486.57553039753
__Groundtruth__
read communities from: ../../lfr_5000/mk500/k25/muw0.2/47/community.dat
-------------------  ----------
# communities         45
min community size     6
max community size   473
avg. community size  111.111
modularity             0.649358
-------------------  ----------
45 community detected
__CLASSIC_METHODS__
__Louvain__
PLM(balanced,pc,turbo) detected communities in 0.4024629592895508 [s]
solution properties:
-------------------  ---------
# communities         28
min community size     6
max community size   479
avg. community size  178.536
modularity             0.65176
-------------------  ---------
45 community detected
NMI:0.04011132875229906
ARI:0.03987922562311286
__Singleton__
45 community detected
NMI:0.46114231974357534
ARI:1.0
__AllInOne__
45 community detected
NMI:1.0
ARI:1.0
__PLP__
PLP detected communities in 0.10394716262817383 [s]
solution properties:
-------------------  ----------
# communities         46
min community size     1
max community size   479
avg. community size  108.696
modularity             0.651644
-------------------  ----------
45 community detected
NMI:0.013935931303255211
ARI:0.01786121605515467
__NORMALIZATION__
__glove__
Network Properties for:		G#21
nodes, edges			4999, 56557
directed?			False
weighted?			True
isolated nodes			1
self-loops			0
density				0.004527
clustering coefficient		0.484121
min/max/avg degree		0, 390, 22.627325
degree assortativity		0.186473
number of connected components	1
size of largest component	4999 (100.00 %)
tot:  7672.675002855133
__glove+Louvain__
PLM(balanced,pc,turbo) detected communities in 0.3695707321166992 [s]
solution properties:
-------------------  ----------
# communities         34
min community size     6
max community size   476
avg. community size  147.029
modularity             0.690624
-------------------  ----------
45 community detected
NMI:0.022528846395520885
ARI:0.02043572632045998
__glove+PLP__
PLP detected communities in 0.07995057106018066 [s]
solution properties:
-------------------  ----------
# communities         46
min community size     1
max community size   477
avg. community size  108.696
modularity             0.690508
-------------------  ----------
45 community detected
NMI:0.009853540848230868
ARI:0.012316543632171717
__fake_pmi__
Network Properties for:		G#30
nodes, edges			4999, 56557
directed?			False
weighted?			True
isolated nodes			1
self-loops			0
density				0.004527
clustering coefficient		0.484121
min/max/avg degree		0, 390, 22.627325
degree assortativity		0.186473
number of connected components	1
size of largest component	4999 (100.00 %)
tot:  0.0
__fake_pmi+Louvain__
1 community detected due to total edge weight equal 0
NMI:1
ARI:1
__fake_pmi+PLP__
1 community detected due to total edge weight equal 0
NMI:1
ARI:1
__iterative_rev_degree_order__
Network Properties for:		G#33
nodes, edges			4999, 56557
directed?			False
weighted?			True
isolated nodes			1
self-loops			0
density				0.004527
clustering coefficient		0.484121
min/max/avg degree		0, 390, 22.627325
degree assortativity		0.186473
number of connected components	1
size of largest component	4999 (100.00 %)
tot:  1544.0182904671274
__iterative_rev_degree_order+Louvain__
PLM(balanced,pc,turbo) detected communities in 0.8341472148895264 [s]
solution properties:
-------------------  ---------
# communities         57
min community size     2
max community size   261
avg. community size   87.7018
modularity             0.86524
-------------------  ---------
45 community detected
NMI:0.6171462082086205
ARI:0.858294700746573
__iterative_rev_degree_order+PLP__
PLP detected communities in 0.09032535552978516 [s]
solution properties:
-------------------  -----------
# communities        1485
min community size      1
max community size     13
avg. community size     3.367
modularity              0.733298
-------------------  -----------
45 community detected
NMI:0.5011298229056139
ARI:0.9890601409781471
__pmi__
Network Properties for:		G#48
nodes, edges			4999, 56557
directed?			False
weighted?			True
isolated nodes			1
self-loops			0
density				0.004527
clustering coefficient		0.484121
min/max/avg degree		0, 390, 22.627325
degree assortativity		0.186473
number of connected components	1
size of largest component	4999 (100.00 %)
tot:  109510.88671241463
__pmi+Louvain__
PLM(balanced,pc,turbo) detected communities in 0.4840202331542969 [s]
solution properties:
-------------------  ---------
# communities         40
min community size     7
max community size   795
avg. community size  124.975
modularity             1.20963
-------------------  ---------
45 community detected
NMI:0.15680240251662303
ARI:0.3332361077680861
__pmi+PLP__
PLP detected communities in 0.1452620029449463 [s]
solution properties:
-------------------  ---------
# communities         52
min community size     1
max community size   797
avg. community size   96.1538
modularity             1.20542
-------------------  ---------
45 community detected
NMI:0.13268831487161992
ARI:0.2642413417083196
__standard__
Network Properties for:		G#57
nodes, edges			4999, 56557
directed?			False
weighted?			True
isolated nodes			1
self-loops			0
density				0.004527
clustering coefficient		0.484121
min/max/avg degree		0, 390, 22.627325
degree assortativity		0.186473
number of connected components	1
size of largest component	4999 (100.00 %)
tot:  12.31619670018919
__standard+Louvain__
PLM(balanced,pc,turbo) detected communities in 0.6296231746673584 [s]
solution properties:
-------------------  -----------
# communities          46
min community size      2
max community size   1236
avg. community size   108.674
modularity              0.914353
-------------------  -----------
45 community detected
NMI:0.40417444016886406
ARI:0.6654822161704572
__standard+PLP__
PLP detected communities in 0.17940831184387207 [s]
solution properties:
-------------------  ----------
# communities        755
min community size     1
max community size   207
avg. community size    6.62252
modularity             0.841956
-------------------  ----------
45 community detected
NMI:0.4204733002077048
ARI:0.7361686393162272
__ppmi__
Network Properties for:		G#69
nodes, edges			4999, 56557
directed?			False
weighted?			True
isolated nodes			1
self-loops			0
density				0.004527
clustering coefficient		0.484121
min/max/avg degree		0, 390, 22.627325
degree assortativity		0.186473
number of connected components	1
size of largest component	4999 (100.00 %)
tot:  190543.44768572418
__ppmi+Louvain__
PLM(balanced,pc,turbo) detected communities in 0.3119237422943115 [s]
solution properties:
-------------------  ---------
# communities         37
min community size     7
max community size   465
avg. community size  135.108
modularity             0.77709
-------------------  ---------
45 community detected
NMI:0.021866619294437895
ARI:0.02380592388757008
__ppmi+PLP__
PLP detected communities in 0.11315155029296875 [s]
solution properties:
-------------------  ----------
# communities         46
min community size     1
max community size   898
avg. community size  108.696
modularity             0.772783
-------------------  ----------
45 community detected
NMI:0.029799384611641
ARI:0.14476568319374616
__glovexmax50alpha0.2__
Network Properties for:		G#78
nodes, edges			4999, 56557
directed?			False
weighted?			True
isolated nodes			1
self-loops			0
density				0.004527
clustering coefficient		0.484121
min/max/avg degree		0, 390, 22.627325
degree assortativity		0.186473
number of connected components	1
size of largest component	4999 (100.00 %)
tot:  30603.289608275132
__glovexmax50alpha0.2+Louvain__
PLM(balanced,pc,turbo) detected communities in 0.40187692642211914 [s]
solution properties:
-------------------  ----------
# communities         30
min community size     7
max community size   473
avg. community size  166.633
modularity             0.744364
-------------------  ----------
45 community detected
NMI:0.01723847370056031
ARI:0.013567687236099912
__glovexmax50alpha0.2+PLP__
PLP detected communities in 0.08135747909545898 [s]
solution properties:
-------------------  ----------
# communities         46
min community size     1
max community size   473
avg. community size  108.696
modularity             0.744299
-------------------  ----------
45 community detected
NMI:0.0
ARI:0.0
__glovexmax40alpha0.2__
Network Properties for:		G#87
nodes, edges			4999, 56557
directed?			False
weighted?			True
isolated nodes			1
self-loops			0
density				0.004527
clustering coefficient		0.484121
min/max/avg degree		0, 390, 22.627325
degree assortativity		0.186473
number of connected components	1
size of largest component	4999 (100.00 %)
tot:  31913.575881315206
__glovexmax40alpha0.2+Louvain__
PLM(balanced,pc,turbo) detected communities in 0.3893611431121826 [s]
solution properties:
-------------------  ----------
# communities         28
min community size     7
max community size   473
avg. community size  178.536
modularity             0.744877
-------------------  ----------
45 community detected
NMI:0.019830781272182296
ARI:0.015458834210543948
__glovexmax40alpha0.2+PLP__
PLP detected communities in 0.07136058807373047 [s]
solution properties:
-------------------  ----------
# communities         46
min community size     1
max community size   473
avg. community size  108.696
modularity             0.744891
-------------------  ----------
45 community detected
NMI:0.0
ARI:0.0
__glovexmax30alpha0.3__
Network Properties for:		G#96
nodes, edges			4999, 56557
directed?			False
weighted?			True
isolated nodes			1
self-loops			0
density				0.004527
clustering coefficient		0.484121
min/max/avg degree		0, 390, 22.627325
degree assortativity		0.186473
number of connected components	1
size of largest component	4999 (100.00 %)
tot:  28319.426315684
__glovexmax30alpha0.3+Louvain__
PLM(balanced,pc,turbo) detected communities in 0.3988502025604248 [s]
solution properties:
-------------------  ----------
# communities         34
min community size     6
max community size   474
avg. community size  147.029
modularity             0.742293
-------------------  ----------
45 community detected
NMI:0.01334706696399346
ARI:0.009579164567288134
__glovexmax30alpha0.3+PLP__
PLP detected communities in 0.09033727645874023 [s]
solution properties:
-------------------  ---------
# communities         46
min community size     1
max community size   474
avg. community size  108.696
modularity             0.74217
-------------------  ---------
45 community detected
NMI:0.00045312397353980405
ARI:0.000683953690666983
NMI classement:
[('NMIglovexmax50alpha0.2+PLP', 0.0), ('NMIglovexmax40alpha0.2+PLP', 0.0), ('NMIglovexmax30alpha0.3+PLP', 0.00045312397353980405), ('NMIglove+PLP', 0.009853540848230868), ('NMIglovexmax30alpha0.3+Louvain', 0.01334706696399346), ('NMIPLP', 0.013935931303255211), ('NMIglovexmax50alpha0.2+Louvain', 0.01723847370056031), ('NMIglovexmax40alpha0.2+Louvain', 0.019830781272182296), ('NMIppmi+Louvain', 0.021866619294437895), ('NMIglove+Louvain', 0.022528846395520885), ('NMIppmi+PLP', 0.029799384611641), ('NMILouvain', 0.04011132875229906), ('NMIpmi+PLP', 0.13268831487161992), ('NMIpmi+Louvain', 0.15680240251662303), ('NMIstandard+Louvain', 0.40417444016886406), ('NMIstandard+PLP', 0.4204733002077048), ('NMISingleton', 0.46114231974357534), ('NMIiterative_rev_degree_order+PLP', 0.5011298229056139), ('NMIiterative_rev_degree_order+Louvain', 0.6171462082086205), ('NMIAllInOne', 1.0), ('NMIfake_pmi+Louvain', 1), ('NMIfake_pmi+PLP', 1)]
ARI classement:
[('ARIglovexmax50alpha0.2+PLP', 0.0), ('ARIglovexmax40alpha0.2+PLP', 0.0), ('ARIglovexmax30alpha0.3+PLP', 0.000683953690666983), ('ARIglovexmax30alpha0.3+Louvain', 0.009579164567288134), ('ARIglove+PLP', 0.012316543632171717), ('ARIglovexmax50alpha0.2+Louvain', 0.013567687236099912), ('ARIglovexmax40alpha0.2+Louvain', 0.015458834210543948), ('ARIPLP', 0.01786121605515467), ('ARIglove+Louvain', 0.02043572632045998), ('ARIppmi+Louvain', 0.02380592388757008), ('ARILouvain', 0.03987922562311286), ('ARIppmi+PLP', 0.14476568319374616), ('ARIpmi+PLP', 0.2642413417083196), ('ARIpmi+Louvain', 0.3332361077680861), ('ARIstandard+Louvain', 0.6654822161704572), ('ARIstandard+PLP', 0.7361686393162272), ('ARIiterative_rev_degree_order+Louvain', 0.858294700746573), ('ARIiterative_rev_degree_order+PLP', 0.9890601409781471), ('ARISingleton', 1.0), ('ARIAllInOne', 1.0), ('ARIfake_pmi+Louvain', 1), ('ARIfake_pmi+PLP', 1)]
