__LOADINGS__
Network Properties for:		network
nodes, edges			5000, 47554
directed?			False
weighted?			True
isolated nodes			1
self-loops			0
density				0.003805
clustering coefficient		0.340701
min/max/avg degree		0, 360, 19.021600
degree assortativity		0.259490
number of connected components	2
size of largest component	4999 (99.98 %)
429561.4226880868
__Groundtruth__
read communities from: ../../lfr_5000/mk500/k20/muw0.3/39/community.dat
-------------------  ----------
# communities         46
min community size     5
max community size   472
avg. community size  108.696
modularity             0.539673
-------------------  ----------
46 community detected
__CLASSIC_METHODS__
__Louvain__
PLM(balanced,pc,turbo) detected communities in 0.5115067958831787 [s]
solution properties:
-------------------  ----------
# communities         21
min community size     1
max community size   484
avg. community size  238.095
modularity             0.543968
-------------------  ----------
46 community detected
NMI:0.11511703350364433
ARM:0.1311207138479461
__Singleton__
46 community detected
NMI:0.4626433730173759
ARM:1.0
__AllInOne__
46 community detected
NMI:1.0
ARM:1.0
__PLP__
PLP detected communities in 0.15674638748168945 [s]
solution properties:
-------------------  ----------
# communities         45
min community size     1
max community size   581
avg. community size  111.111
modularity             0.542298
-------------------  ----------
46 community detected
NMI:0.08747434694214551
ARM:0.12721654842464603
__NORMALIZATION__
__glove__
Network Properties for:		G#21cc
nodes, edges			4999, 47554
directed?			False
weighted?			True
isolated nodes			0
self-loops			0
density				0.003807
clustering coefficient		0.340769
min/max/avg degree		3, 360, 19.025405
degree assortativity		0.259490
number of connected components	1
size of largest component	4999 (100.00 %)
tot:  6429.417882565148
__glove+Louvain__
PLM(balanced,pc,turbo) detected communities in 0.4351975917816162 [s]
solution properties:
-------------------  ----------
# communities         26
min community size     5
max community size   483
avg. community size  192.269
modularity             0.580063
-------------------  ----------
46 community detected
NMI:0.08335850999135352
ARM:0.09461317732717578
__glove+PLP__
PLP detected communities in 0.15924072265625 [s]
solution properties:
-------------------  ----------
# communities         47
min community size     3
max community size   489
avg. community size  106.362
modularity             0.579106
-------------------  ----------
46 community detected
NMI:0.06513935367062884
ARM:0.09055551116180072
__fake_pmi__
Network Properties for:		G#40cc
nodes, edges			4999, 47554
directed?			False
weighted?			True
isolated nodes			0
self-loops			0
density				0.003807
clustering coefficient		0.340769
min/max/avg degree		3, 360, 19.025405
degree assortativity		0.259490
number of connected components	1
size of largest component	4999 (100.00 %)
tot:  0.0
__fake_pmi+Louvain__
1 community detected due to total edge weight equal 0
NMI:1
ARM:0.09055551116180072
__fake_pmi+PLP__
1 community detected due to total edge weight equal 0
NMI:1
ARM:0.09055551116180072
__iterative_rev_degree_order__
Network Properties for:		G#53cc
nodes, edges			4999, 47554
directed?			False
weighted?			True
isolated nodes			0
self-loops			0
density				0.003807
clustering coefficient		0.340769
min/max/avg degree		3, 360, 19.025405
degree assortativity		0.259490
number of connected components	1
size of largest component	4999 (100.00 %)
tot:  1410.2480445210515
__iterative_rev_degree_order+Louvain__
PLM(balanced,pc,turbo) detected communities in 0.731863260269165 [s]
solution properties:
-------------------  ----------
# communities         74
min community size     8
max community size   198
avg. community size   67.5541
modularity             0.865544
-------------------  ----------
46 community detected
NMI:0.6921551522973428
ARM:0.924771533460146
__iterative_rev_degree_order+PLP__
PLP detected communities in 0.10368871688842773 [s]
solution properties:
-------------------  -----------
# communities        1528
min community size      2
max community size     13
avg. community size     3.2716
modularity              0.744852
-------------------  -----------
46 community detected
NMI:0.5149914992406788
ARM:0.9913044805655279
__pmi__
Network Properties for:		G#78cc
nodes, edges			4999, 47554
directed?			False
weighted?			True
isolated nodes			0
self-loops			0
density				0.003807
clustering coefficient		0.340769
min/max/avg degree		3, 360, 19.025405
degree assortativity		0.259490
number of connected components	1
size of largest component	4999 (100.00 %)
tot:  91064.02466502716
__pmi+Louvain__
PLM(balanced,pc,turbo) detected communities in 0.6241011619567871 [s]
solution properties:
-------------------  ----------
# communities          34
min community size      1
max community size   1414
avg. community size   147.029
modularity              1.09462
-------------------  ----------
46 community detected
NMI:0.35211207355146623
ARM:0.6580772131744318
__pmi+PLP__
PLP detected communities in 0.18723630905151367 [s]
solution properties:
-------------------  ---------
# communities        144
min community size     2
max community size   892
avg. community size   34.7153
modularity             1.07324
-------------------  ---------
46 community detected
NMI:0.31421977644179455
ARM:0.5490704191605353
__standard__
Network Properties for:		G#100cc
nodes, edges			4999, 47554
directed?			False
weighted?			True
isolated nodes			0
self-loops			0
density				0.003807
clustering coefficient		0.340769
min/max/avg degree		3, 360, 19.025405
degree assortativity		0.259490
number of connected components	1
size of largest component	4999 (100.00 %)
tot:  16.71473960866726
__standard+Louvain__
PLM(balanced,pc,turbo) detected communities in 0.713801383972168 [s]
solution properties:
-------------------  ----------
# communities         65
min community size     2
max community size   426
avg. community size   76.9077
modularity             0.890849
-------------------  ----------
46 community detected
NMI:0.5346576096387061
ARM:0.7433080357181459
__standard+PLP__
PLP detected communities in 0.13457083702087402 [s]
solution properties:
-------------------  -----------
# communities        1157
min community size      2
max community size     76
avg. community size     4.32066
modularity              0.726016
-------------------  -----------
46 community detected
NMI:0.5252674315949258
ARM:0.9730923257144414
__ppmi__
Network Properties for:		G#122cc
nodes, edges			4999, 47554
directed?			False
weighted?			True
isolated nodes			0
self-loops			0
density				0.003807
clustering coefficient		0.340769
min/max/avg degree		3, 360, 19.025405
degree assortativity		0.259490
number of connected components	1
size of largest component	4999 (100.00 %)
tot:  163881.54419444103
__ppmi+Louvain__
PLM(balanced,pc,turbo) detected communities in 0.5365102291107178 [s]
solution properties:
-------------------  --------
# communities         32
min community size     6
max community size   772
avg. community size  156.219
modularity             0.6631
-------------------  --------
46 community detected
NMI:0.2187355467253418
ARM:0.3534017780230051
__ppmi+PLP__
PLP detected communities in 0.13950181007385254 [s]
solution properties:
-------------------  -----------
# communities          71
min community size      2
max community size   1067
avg. community size    70.4085
modularity              0.662607
-------------------  -----------
46 community detected
NMI:0.15060219358703508
ARM:0.3932967632743525
__glovexmax50alpha0.2__
Network Properties for:		G#144cc
nodes, edges			4999, 47554
directed?			False
weighted?			True
isolated nodes			0
self-loops			0
density				0.003807
clustering coefficient		0.340769
min/max/avg degree		3, 360, 19.025405
degree assortativity		0.259490
number of connected components	1
size of largest component	4999 (100.00 %)
tot:  25549.50578983707
__glovexmax50alpha0.2+Louvain__
PLM(balanced,pc,turbo) detected communities in 0.360990047454834 [s]
solution properties:
-------------------  ----------
# communities         25
min community size     5
max community size   471
avg. community size  199.96
modularity             0.638501
-------------------  ----------
46 community detected
NMI:0.02935928218201811
ARM:0.022712557605374273
__glovexmax50alpha0.2+PLP__
PLP detected communities in 0.11271381378173828 [s]
solution properties:
-------------------  ----------
# communities         46
min community size     4
max community size   475
avg. community size  108.674
modularity             0.638326
-------------------  ----------
46 community detected
NMI:0.006185629029562878
ARM:0.007806478917161019
__glovexmax40alpha0.2__
Network Properties for:		G#163cc
nodes, edges			4999, 47554
directed?			False
weighted?			True
isolated nodes			0
self-loops			0
density				0.003807
clustering coefficient		0.340769
min/max/avg degree		3, 360, 19.025405
degree assortativity		0.259490
number of connected components	1
size of largest component	4999 (100.00 %)
tot:  26650.641699725547
__glovexmax40alpha0.2+Louvain__
PLM(balanced,pc,turbo) detected communities in 0.380779504776001 [s]
solution properties:
-------------------  ----------
# communities         28
min community size     5
max community size   471
avg. community size  178.536
modularity             0.638977
-------------------  ----------
46 community detected
NMI:0.026099083408726576
ARM:0.02155442936998131
__glovexmax40alpha0.2+PLP__
PLP detected communities in 0.1349780559539795 [s]
solution properties:
-------------------  ----------
# communities         46
min community size     4
max community size   475
avg. community size  108.674
modularity             0.638868
-------------------  ----------
46 community detected
NMI:0.006185629029562878
ARM:0.007806478917161019
__glovexmax30alpha0.3__
Network Properties for:		G#182cc
nodes, edges			4999, 47554
directed?			False
weighted?			True
isolated nodes			0
self-loops			0
density				0.003807
clustering coefficient		0.340769
min/max/avg degree		3, 360, 19.025405
degree assortativity		0.259490
number of connected components	1
size of largest component	4999 (100.00 %)
tot:  23739.22529898177
__glovexmax30alpha0.3+Louvain__
PLM(balanced,pc,turbo) detected communities in 0.26427507400512695 [s]
solution properties:
-------------------  ----------
# communities         20
min community size   111
max community size   474
avg. community size  249.95
modularity             0.634552
-------------------  ----------
46 community detected
NMI:0.05829096278068935
ARM:0.05777259411488078
__glovexmax30alpha0.3+PLP__
PLP detected communities in 0.06798338890075684 [s]
solution properties:
-------------------  ----------
# communities         46
min community size     4
max community size   475
avg. community size  108.674
modularity             0.634892
-------------------  ----------
46 community detected
NMI:0.017380860548743993
ARM:0.0219468963490127
