__LOADINGS__
Network Properties for:		network
nodes, edges			5000, 41894
directed?			False
weighted?			True
isolated nodes			0
self-loops			0
density				0.003352
clustering coefficient		0.300233
min/max/avg degree		2, 220, 16.757600
degree assortativity		0.209864
number of connected components	1
size of largest component	5000 (100.00 %)
315493.25764802744
__Groundtruth__
read communities from: ../../lfr_5000/mk300/k20/muw0.3/44/community.dat
-------------------  ----------
# communities         32
min community size   100
max community size   215
avg. community size  156.25
modularity             0.612028
-------------------  ----------
32 community detected
__CLASSIC_METHODS__
__Louvain__
PLM(balanced,pc,turbo) detected communities in 0.3928837776184082 [s]
solution properties:
-------------------  ----------
# communities         28
min community size   115
max community size   349
avg. community size  178.571
modularity             0.614821
-------------------  ----------
32 community detected
NMI:0.10189792085415383
ARM:0.1722520885922202
__Singleton__
32 community detected
NMI:0.4237009314786855
ARM:1.0
__AllInOne__
32 community detected
NMI:1.0
ARM:1.0
__PLP__
PLP detected communities in 0.09555435180664062 [s]
solution properties:
-------------------  ----------
# communities         32
min community size   100
max community size   225
avg. community size  156.25
modularity             0.615673
-------------------  ----------
32 community detected
NMI:0.0796366838000293
ARM:0.09521372255953964
__NORMALIZATION__
__glove__
Network Properties for:		G#21cc
nodes, edges			5000, 41894
directed?			False
weighted?			True
isolated nodes			0
self-loops			0
density				0.003352
clustering coefficient		0.300233
min/max/avg degree		2, 220, 16.757600
degree assortativity		0.209864
number of connected components	1
size of largest component	5000 (100.00 %)
tot:  5124.533187612409
__glove+Louvain__
PLM(balanced,pc,turbo) detected communities in 0.2642860412597656 [s]
solution properties:
-------------------  ----------
# communities         32
min community size   101
max community size   224
avg. community size  156.25
modularity             0.638303
-------------------  ----------
32 community detected
NMI:0.05774064715805505
ARM:0.06907271094463596
__glove+PLP__
PLP detected communities in 0.09698605537414551 [s]
solution properties:
-------------------  ----------
# communities         33
min community size    64
max community size   224
avg. community size  151.515
modularity             0.631083
-------------------  ----------
32 community detected
NMI:0.06212167699539706
ARM:0.07741326926516778
__fake_pmi__
Network Properties for:		G#37cc
nodes, edges			5000, 41894
directed?			False
weighted?			True
isolated nodes			0
self-loops			0
density				0.003352
clustering coefficient		0.300233
min/max/avg degree		2, 220, 16.757600
degree assortativity		0.209864
number of connected components	1
size of largest component	5000 (100.00 %)
tot:  0.0
__fake_pmi+Louvain__
1 community detected due to total edge weight equal 0
NMI:1
ARM:0.07741326926516778
__fake_pmi+PLP__
1 community detected due to total edge weight equal 0
NMI:1
ARM:0.07741326926516778
__iterative_rev_degree_order__
Network Properties for:		G#50cc
nodes, edges			5000, 41894
directed?			False
weighted?			True
isolated nodes			0
self-loops			0
density				0.003352
clustering coefficient		0.300233
min/max/avg degree		2, 220, 16.757600
degree assortativity		0.209864
number of connected components	1
size of largest component	5000 (100.00 %)
tot:  1503.597910135453
__iterative_rev_degree_order+Louvain__
PLM(balanced,pc,turbo) detected communities in 0.834801435470581 [s]
solution properties:
-------------------  ----------
# communities         71
min community size    25
max community size   148
avg. community size   70.4225
modularity             0.855483
-------------------  ----------
32 community detected
NMI:0.6977890784109073
ARM:0.8978225707800416
__iterative_rev_degree_order+PLP__
PLP detected communities in 0.08744287490844727 [s]
solution properties:
-------------------  -----------
# communities        1564
min community size      2
max community size     12
avg. community size     3.19693
modularity              0.743813
-------------------  -----------
32 community detected
NMI:0.4713495683450937
ARM:0.985391142738366
__pmi__
Network Properties for:		G#75cc
nodes, edges			5000, 41894
directed?			False
weighted?			True
isolated nodes			0
self-loops			0
density				0.003352
clustering coefficient		0.300233
min/max/avg degree		2, 220, 16.757600
degree assortativity		0.209864
number of connected components	1
size of largest component	5000 (100.00 %)
tot:  117937.31738414227
__pmi+Louvain__
PLM(balanced,pc,turbo) detected communities in 0.49363040924072266 [s]
solution properties:
-------------------  ----------
# communities         30
min community size   113
max community size   413
avg. community size  166.667
modularity             0.867835
-------------------  ----------
32 community detected
NMI:0.18731877086463644
ARM:0.28951275991310366
__pmi+PLP__
PLP detected communities in 0.17040657997131348 [s]
solution properties:
-------------------  ----------
# communities         73
min community size     2
max community size   271
avg. community size   68.4932
modularity             0.864316
-------------------  ----------
32 community detected
NMI:0.16948545679364058
ARM:0.23193595845047932
__standard__
Network Properties for:		G#94cc
nodes, edges			5000, 41894
directed?			False
weighted?			True
isolated nodes			0
self-loops			0
density				0.003352
clustering coefficient		0.300233
min/max/avg degree		2, 220, 16.757600
degree assortativity		0.209864
number of connected components	1
size of largest component	5000 (100.00 %)
tot:  13.015612682698366
__standard+Louvain__
PLM(balanced,pc,turbo) detected communities in 0.8199265003204346 [s]
solution properties:
-------------------  ----------
# communities         43
min community size     2
max community size   344
avg. community size  116.279
modularity             0.805129
-------------------  ----------
32 community detected
NMI:0.48633200989141745
ARM:0.6276029459765236
__standard+PLP__
PLP detected communities in 0.10992050170898438 [s]
solution properties:
-------------------  -----------
# communities        1307
min community size      2
max community size     94
avg. community size     3.82555
modularity              0.651172
-------------------  -----------
32 community detected
NMI:0.4548745326737811
ARM:0.9324832805600125
__ppmi__
Network Properties for:		G#116cc
nodes, edges			5000, 41894
directed?			False
weighted?			True
isolated nodes			0
self-loops			0
density				0.003352
clustering coefficient		0.300233
min/max/avg degree		2, 220, 16.757600
degree assortativity		0.209864
number of connected components	1
size of largest component	5000 (100.00 %)
tot:  169792.56156598887
__ppmi+Louvain__
PLM(balanced,pc,turbo) detected communities in 0.44564342498779297 [s]
solution properties:
-------------------  ----------
# communities         31
min community size   104
max community size   246
avg. community size  161.29
modularity             0.689054
-------------------  ----------
32 community detected
NMI:0.04404550920078587
ARM:0.06695329442782982
__ppmi+PLP__
PLP detected communities in 0.14556336402893066 [s]
solution properties:
-------------------  ----------
# communities         43
min community size     2
max community size   208
avg. community size  116.279
modularity             0.688616
-------------------  ----------
32 community detected
NMI:0.04101094857251586
ARM:0.05142348455147594
__glovexmax50alpha0.2__
Network Properties for:		G#135cc
nodes, edges			5000, 41894
directed?			False
weighted?			True
isolated nodes			0
self-loops			0
density				0.003352
clustering coefficient		0.300233
min/max/avg degree		2, 220, 16.757600
degree assortativity		0.209864
number of connected components	1
size of largest component	5000 (100.00 %)
tot:  22756.67882291087
__glovexmax50alpha0.2+Louvain__
PLM(balanced,pc,turbo) detected communities in 0.24669218063354492 [s]
solution properties:
-------------------  ---------
# communities         32
min community size   100
max community size   215
avg. community size  156.25
modularity             0.67463
-------------------  ---------
32 community detected
NMI:0.008015783480821659
ARM:0.009487237116712177
__glovexmax50alpha0.2+PLP__
PLP detected communities in 0.10669302940368652 [s]
solution properties:
-------------------  ---------
# communities         32
min community size   100
max community size   215
avg. community size  156.25
modularity             0.67463
-------------------  ---------
32 community detected
NMI:0.008015783480821992
ARM:0.009487237116712177
__glovexmax40alpha0.2__
Network Properties for:		G#151cc
nodes, edges			5000, 41894
directed?			False
weighted?			True
isolated nodes			0
self-loops			0
density				0.003352
clustering coefficient		0.300233
min/max/avg degree		2, 220, 16.757600
degree assortativity		0.209864
number of connected components	1
size of largest component	5000 (100.00 %)
tot:  23769.39947063079
__glovexmax40alpha0.2+Louvain__
PLM(balanced,pc,turbo) detected communities in 0.23712825775146484 [s]
solution properties:
-------------------  ----------
# communities         32
min community size   100
max community size   215
avg. community size  156.25
modularity             0.674844
-------------------  ----------
32 community detected
NMI:0.008015783480821992
ARM:0.009487237116712177
__glovexmax40alpha0.2+PLP__
PLP detected communities in 0.09616303443908691 [s]
solution properties:
-------------------  ----------
# communities         32
min community size   100
max community size   215
avg. community size  156.25
modularity             0.674844
-------------------  ----------
32 community detected
NMI:0.008015783480821992
ARM:0.009487237116712177
__glovexmax30alpha0.3__
Network Properties for:		G#167cc
nodes, edges			5000, 41894
directed?			False
weighted?			True
isolated nodes			0
self-loops			0
density				0.003352
clustering coefficient		0.300233
min/max/avg degree		2, 220, 16.757600
degree assortativity		0.209864
number of connected components	1
size of largest component	5000 (100.00 %)
tot:  21163.098836317833
__glovexmax30alpha0.3+Louvain__
PLM(balanced,pc,turbo) detected communities in 0.23496460914611816 [s]
solution properties:
-------------------  ----------
# communities         32
min community size   101
max community size   216
avg. community size  156.25
modularity             0.672586
-------------------  ----------
32 community detected
NMI:0.0136056329926455
ARM:0.01582943707712081
__glovexmax30alpha0.3+PLP__
PLP detected communities in 0.07843637466430664 [s]
solution properties:
-------------------  ----------
# communities         32
min community size   101
max community size   216
avg. community size  156.25
modularity             0.672585
-------------------  ----------
32 community detected
NMI:0.013959314371604581
ARM:0.016251017614685503
