__LOADINGS__
4990/52384 9.525809407452657 % of nul weighted edges removed
0/5000 0.0 % of nul degree nodes removed
Network Properties for:		network
nodes, edges			5000, 47394
directed?			False
weighted?			True
isolated nodes			0
self-loops			0
density				0.003792
clustering coefficient		0.460965
min/max/avg degree		1, 386, 18.957600
degree assortativity		0.195578
number of connected components	8
size of largest component	4962 (99.24 %)
425748.560164296
__Groundtruth__
read communities from: ../../lfr_5000/mk500/k20/muw0.2/15/community.dat
-------------------  ----------
# communities         46
min community size     5
max community size   472
avg. community size  108.696
modularity             0.636866
-------------------  ----------
46 community detected
__CLASSIC_METHODS__
__Louvain__
PLM(balanced,pc,turbo) detected communities in 0.11849617958068848 [s]
solution properties:
-------------------  ----------
# communities         28
min community size     5
max community size   491
avg. community size  178.571
modularity             0.638189
-------------------  ----------
46 community detected
NMI:0.061535184469084236
ARI:0.06498840112624182
__Singleton__
46 community detected
NMI:0.4646126258031138
ARI:1.0
__AllInOne__
46 community detected
NMI:1.0
ARI:1.0
__PLP__
PLP detected communities in 0.029368162155151367 [s]
solution properties:
-------------------  ----------
# communities         46
min community size     5
max community size   487
avg. community size  108.696
modularity             0.638115
-------------------  ----------
46 community detected
NMI:0.031471395155221016
ARI:0.04029726346848039
__NORMALIZATION__
__glove__
Network Properties for:		G#21
nodes, edges			5000, 47394
directed?			False
weighted?			True
isolated nodes			0
self-loops			0
density				0.003792
clustering coefficient		0.460965
min/max/avg degree		1, 386, 18.957600
degree assortativity		0.195578
number of connected components	8
size of largest component	4962 (99.24 %)
tot:  6237.722888710514
__glove+Louvain__
PLM(balanced,pc,turbo) detected communities in 0.12511086463928223 [s]
solution properties:
-------------------  ----------
# communities         32
min community size     5
max community size   480
avg. community size  156.25
modularity             0.676897
-------------------  ----------
46 community detected
NMI:0.037395587536046326
ARI:0.0350480627511881
__glove+PLP__
PLP detected communities in 0.029052019119262695 [s]
solution properties:
-------------------  ---------
# communities         46
min community size     5
max community size   482
avg. community size  108.696
modularity             0.67677
-------------------  ---------
46 community detected
NMI:0.021359071540410612
ARI:0.026679915881539173
__fake_pmi__
Network Properties for:		G#30
nodes, edges			5000, 47394
directed?			False
weighted?			True
isolated nodes			0
self-loops			0
density				0.003792
clustering coefficient		0.460965
min/max/avg degree		1, 386, 18.957600
degree assortativity		0.195578
number of connected components	8
size of largest component	4962 (99.24 %)
tot:  0.0
__fake_pmi+Louvain__
1 community detected due to total edge weight equal 0
NMI:1
ARI:1
__fake_pmi+PLP__
1 community detected due to total edge weight equal 0
NMI:1
ARI:1
__iterative_rev_degree_order__
Network Properties for:		G#33
nodes, edges			5000, 47394
directed?			False
weighted?			True
isolated nodes			0
self-loops			0
density				0.003792
clustering coefficient		0.460965
min/max/avg degree		1, 386, 18.957600
degree assortativity		0.195578
number of connected components	8
size of largest component	4962 (99.24 %)
tot:  1587.2621524278704
__iterative_rev_degree_order+Louvain__
PLM(balanced,pc,turbo) detected communities in 0.29521727561950684 [s]
solution properties:
-------------------  --------
# communities         44
min community size     5
max community size   217
avg. community size  113.636
modularity             0.8774
-------------------  --------
46 community detected
NMI:0.6106494181803295
ARI:0.8471612481073719
__iterative_rev_degree_order+PLP__
PLP detected communities in 0.029665231704711914 [s]
solution properties:
-------------------  -----------
# communities        1457
min community size      2
max community size     20
avg. community size     3.43171
modularity              0.758811
-------------------  -----------
46 community detected
NMI:0.4950135669564043
ARI:0.9877676588303655
__pmi__
Network Properties for:		G#48
nodes, edges			5000, 47394
directed?			False
weighted?			True
isolated nodes			0
self-loops			0
density				0.003792
clustering coefficient		0.460965
min/max/avg degree		1, 386, 18.957600
degree assortativity		0.195578
number of connected components	8
size of largest component	4962 (99.24 %)
tot:  80348.11074795283
__pmi+Louvain__
PLM(balanced,pc,turbo) detected communities in 0.08888554573059082 [s]
solution properties:
-------------------  ---------
# communities         41
min community size     5
max community size   578
avg. community size  121.951
modularity             1.34345
-------------------  ---------
46 community detected
NMI:0.22835768325602324
ARI:0.34782780243370304
__pmi+PLP__
PLP detected communities in 0.003568410873413086 [s]
solution properties:
-------------------  ---------
# communities         97
min community size     1
max community size   751
avg. community size   51.5464
modularity             1.33722
-------------------  ---------
46 community detected
NMI:0.19033417412188103
ARI:0.32668541707686183
__standard__
Network Properties for:		G#57
nodes, edges			5000, 47394
directed?			False
weighted?			True
isolated nodes			0
self-loops			0
density				0.003792
clustering coefficient		0.460965
min/max/avg degree		1, 386, 18.957600
degree assortativity		0.195578
number of connected components	8
size of largest component	4962 (99.24 %)
tot:  15.635729425781912
__standard+Louvain__
PLM(balanced,pc,turbo) detected communities in 0.010976314544677734 [s]
solution properties:
-------------------  -----------
# communities          32
min community size      5
max community size   1120
avg. community size   156.25
modularity              0.918518
-------------------  -----------
46 community detected
NMI:0.45726445338206145
ARI:0.7211431652845492
__standard+PLP__
PLP detected communities in 0.05614614486694336 [s]
solution properties:
-------------------  ----------
# communities        856
min community size     1
max community size   197
avg. community size    5.84112
modularity             0.806673
-------------------  ----------
46 community detected
NMI:0.4482859911701692
ARI:0.8440816166813814
__ppmi__
Network Properties for:		G#69
nodes, edges			5000, 47394
directed?			False
weighted?			True
isolated nodes			0
self-loops			0
density				0.003792
clustering coefficient		0.460965
min/max/avg degree		1, 386, 18.957600
degree assortativity		0.195578
number of connected components	8
size of largest component	4962 (99.24 %)
tot:  158546.44867401113
__ppmi+Louvain__
PLM(balanced,pc,turbo) detected communities in 0.27734971046447754 [s]
solution properties:
-------------------  ----------
# communities         39
min community size     5
max community size   468
avg. community size  128.205
modularity             0.772256
-------------------  ----------
46 community detected
NMI:0.062490916913576666
ARI:0.07336559217206406
__ppmi+PLP__
PLP detected communities in 0.1423642635345459 [s]
solution properties:
-------------------  ----------
# communities         55
min community size     2
max community size   464
avg. community size   90.9091
modularity             0.771981
-------------------  ----------
46 community detected
NMI:0.020014484598122162
ARI:0.022056848455492162
__glovexmax50alpha0.2__
Network Properties for:		G#78
nodes, edges			5000, 47394
directed?			False
weighted?			True
isolated nodes			0
self-loops			0
density				0.003792
clustering coefficient		0.460965
min/max/avg degree		1, 386, 18.957600
degree assortativity		0.195578
number of connected components	8
size of largest component	4962 (99.24 %)
tot:  24830.85282458567
__glovexmax50alpha0.2+Louvain__
PLM(balanced,pc,turbo) detected communities in 0.38014864921569824 [s]
solution properties:
-------------------  ----------
# communities         38
min community size     5
max community size   472
avg. community size  131.579
modularity             0.737076
-------------------  ----------
46 community detected
NMI:0.008472608056262376
ARI:0.004226824845457888
__glovexmax50alpha0.2+PLP__
PLP detected communities in 0.06339740753173828 [s]
solution properties:
-------------------  ----------
# communities         46
min community size     5
max community size   472
avg. community size  108.696
modularity             0.736974
-------------------  ----------
46 community detected
NMI:0.0
ARI:0.0
__glovexmax40alpha0.2__
Network Properties for:		G#87
nodes, edges			5000, 47394
directed?			False
weighted?			True
isolated nodes			0
self-loops			0
density				0.003792
clustering coefficient		0.460965
min/max/avg degree		1, 386, 18.957600
degree assortativity		0.195578
number of connected components	8
size of largest component	4962 (99.24 %)
tot:  25883.972184888327
__glovexmax40alpha0.2+Louvain__
PLM(balanced,pc,turbo) detected communities in 0.31795358657836914 [s]
solution properties:
-------------------  ----------
# communities         30
min community size     5
max community size   472
avg. community size  166.667
modularity             0.737453
-------------------  ----------
46 community detected
NMI:0.024503953986748206
ARI:0.017466109036251676
__glovexmax40alpha0.2+PLP__
PLP detected communities in 0.07795381546020508 [s]
solution properties:
-------------------  ---------
# communities         46
min community size     5
max community size   472
avg. community size  108.696
modularity             0.73766
-------------------  ---------
46 community detected
NMI:0.0
ARI:0.0
__glovexmax30alpha0.3__
Network Properties for:		G#96
nodes, edges			5000, 47394
directed?			False
weighted?			True
isolated nodes			0
self-loops			0
density				0.003792
clustering coefficient		0.460965
min/max/avg degree		1, 386, 18.957600
degree assortativity		0.195578
number of connected components	8
size of largest component	4962 (99.24 %)
tot:  22828.913502547508
__glovexmax30alpha0.3+Louvain__
PLM(balanced,pc,turbo) detected communities in 0.3277287483215332 [s]
solution properties:
-------------------  ----------
# communities         30
min community size     5
max community size   480
avg. community size  166.667
modularity             0.734025
-------------------  ----------
46 community detected
NMI:0.02455726449283513
ARI:0.018481699310725297
__glovexmax30alpha0.3+PLP__
PLP detected communities in 0.10556864738464355 [s]
solution properties:
-------------------  ----------
# communities         46
min community size     5
max community size   472
avg. community size  108.696
modularity             0.734158
-------------------  ----------
46 community detected
NMI:0.002176704562526166
ARI:0.002529377706080971
NMI classement:
[('NMIglovexmax50alpha0.2+PLP', 0.0), ('NMIglovexmax40alpha0.2+PLP', 0.0), ('NMIglovexmax30alpha0.3+PLP', 0.002176704562526166), ('NMIglovexmax50alpha0.2+Louvain', 0.008472608056262376), ('NMIppmi+PLP', 0.020014484598122162), ('NMIglove+PLP', 0.021359071540410612), ('NMIglovexmax40alpha0.2+Louvain', 0.024503953986748206), ('NMIglovexmax30alpha0.3+Louvain', 0.02455726449283513), ('NMIPLP', 0.031471395155221016), ('NMIglove+Louvain', 0.037395587536046326), ('NMILouvain', 0.061535184469084236), ('NMIppmi+Louvain', 0.062490916913576666), ('NMIpmi+PLP', 0.19033417412188103), ('NMIpmi+Louvain', 0.22835768325602324), ('NMIstandard+PLP', 0.4482859911701692), ('NMIstandard+Louvain', 0.45726445338206145), ('NMISingleton', 0.4646126258031138), ('NMIiterative_rev_degree_order+PLP', 0.4950135669564043), ('NMIiterative_rev_degree_order+Louvain', 0.6106494181803295), ('NMIAllInOne', 1.0), ('NMIfake_pmi+Louvain', 1), ('NMIfake_pmi+PLP', 1)]
ARI classement:
[('ARIglovexmax50alpha0.2+PLP', 0.0), ('ARIglovexmax40alpha0.2+PLP', 0.0), ('ARIglovexmax30alpha0.3+PLP', 0.002529377706080971), ('ARIglovexmax50alpha0.2+Louvain', 0.004226824845457888), ('ARIglovexmax40alpha0.2+Louvain', 0.017466109036251676), ('ARIglovexmax30alpha0.3+Louvain', 0.018481699310725297), ('ARIppmi+PLP', 0.022056848455492162), ('ARIglove+PLP', 0.026679915881539173), ('ARIglove+Louvain', 0.0350480627511881), ('ARIPLP', 0.04029726346848039), ('ARILouvain', 0.06498840112624182), ('ARIppmi+Louvain', 0.07336559217206406), ('ARIpmi+PLP', 0.32668541707686183), ('ARIpmi+Louvain', 0.34782780243370304), ('ARIstandard+Louvain', 0.7211431652845492), ('ARIstandard+PLP', 0.8440816166813814), ('ARIiterative_rev_degree_order+Louvain', 0.8471612481073719), ('ARIiterative_rev_degree_order+PLP', 0.9877676588303655), ('ARISingleton', 1.0), ('ARIAllInOne', 1.0), ('ARIfake_pmi+Louvain', 1), ('ARIfake_pmi+PLP', 1)]
