__LOADINGS__
4988/46882 10.639477837976195 % of nul weighted edges removed
0/5000 0.0 % of nul degree nodes removed
Network Properties for:		network
nodes, edges			5000, 41894
directed?			False
weighted?			True
isolated nodes			0
self-loops			0
density				0.003352
clustering coefficient		0.300233
min/max/avg degree		2, 220, 16.757600
degree assortativity		0.209864
number of connected components	1
size of largest component	5000 (100.00 %)
315493.25764802744
__Groundtruth__
read communities from: ../../lfr_5000/mk300/k20/muw0.3/37/community.dat
-------------------  ----------
# communities         32
min community size   100
max community size   215
avg. community size  156.25
modularity             0.612028
-------------------  ----------
32 community detected
__CLASSIC_METHODS__
__Louvain__
PLM(balanced,pc,turbo) detected communities in 0.2726912498474121 [s]
solution properties:
-------------------  ----------
# communities         32
min community size   100
max community size   225
avg. community size  156.25
modularity             0.615684
-------------------  ----------
32 community detected
NMI:0.07733191116371696
ARI:0.0919007293303189
__Singleton__
32 community detected
NMI:0.42370093147868537
ARI:1.0
__AllInOne__
32 community detected
NMI:1.0
ARI:1.0
__PLP__
PLP detected communities in 0.10502195358276367 [s]
solution properties:
-------------------  ----------
# communities         32
min community size   100
max community size   225
avg. community size  156.25
modularity             0.615673
-------------------  ----------
32 community detected
NMI:0.0796366838000292
ARI:0.09521372255953964
__NORMALIZATION__
__glove__
Network Properties for:		G#18
nodes, edges			5000, 41894
directed?			False
weighted?			True
isolated nodes			0
self-loops			0
density				0.003352
clustering coefficient		0.300233
min/max/avg degree		2, 220, 16.757600
degree assortativity		0.209864
number of connected components	1
size of largest component	5000 (100.00 %)
tot:  5124.533187612409
__glove+Louvain__
PLM(balanced,pc,turbo) detected communities in 0.24620509147644043 [s]
solution properties:
-------------------  ----------
# communities         32
min community size   101
max community size   224
avg. community size  156.25
modularity             0.638303
-------------------  ----------
32 community detected
NMI:0.05774064715805505
ARI:0.06907271094463596
__glove+PLP__
PLP detected communities in 0.10797882080078125 [s]
solution properties:
-------------------  ----------
# communities         32
min community size   101
max community size   224
avg. community size  156.25
modularity             0.638299
-------------------  ----------
32 community detected
NMI:0.05885312866459114
ARI:0.07012482095355022
__fake_pmi__
Network Properties for:		G#24
nodes, edges			5000, 41894
directed?			False
weighted?			True
isolated nodes			0
self-loops			0
density				0.003352
clustering coefficient		0.300233
min/max/avg degree		2, 220, 16.757600
degree assortativity		0.209864
number of connected components	1
size of largest component	5000 (100.00 %)
tot:  0.0
__fake_pmi+Louvain__
1 community detected due to total edge weight equal 0
NMI:1
ARI:1
__fake_pmi+PLP__
1 community detected due to total edge weight equal 0
NMI:1
ARI:1
__iterative_rev_degree_order__
Network Properties for:		G#27
nodes, edges			5000, 41894
directed?			False
weighted?			True
isolated nodes			0
self-loops			0
density				0.003352
clustering coefficient		0.300233
min/max/avg degree		2, 220, 16.757600
degree assortativity		0.209864
number of connected components	1
size of largest component	5000 (100.00 %)
tot:  1503.597910135453
__iterative_rev_degree_order+Louvain__
PLM(balanced,pc,turbo) detected communities in 0.8518843650817871 [s]
solution properties:
-------------------  ----------
# communities         71
min community size    19
max community size   164
avg. community size   70.4225
modularity             0.855499
-------------------  ----------
32 community detected
NMI:0.6980595022883009
ARI:0.8977169410202761
__iterative_rev_degree_order+PLP__
PLP detected communities in 0.08639645576477051 [s]
solution properties:
-------------------  -----------
# communities        1561
min community size      2
max community size     13
avg. community size     3.20307
modularity              0.744344
-------------------  -----------
32 community detected
NMI:0.4712817074907084
ARI:0.9851684140521086
__pmi__
Network Properties for:		G#42
nodes, edges			5000, 41894
directed?			False
weighted?			True
isolated nodes			0
self-loops			0
density				0.003352
clustering coefficient		0.300233
min/max/avg degree		2, 220, 16.757600
degree assortativity		0.209864
number of connected components	1
size of largest component	5000 (100.00 %)
tot:  117937.31738414227
__pmi+Louvain__
PLM(balanced,pc,turbo) detected communities in 0.4843761920928955 [s]
solution properties:
-------------------  ---------
# communities         29
min community size   113
max community size   418
avg. community size  172.414
modularity             0.86794
-------------------  ---------
32 community detected
NMI:0.18719971081408326
ARI:0.3032632622834096
__pmi+PLP__
PLP detected communities in 0.16696453094482422 [s]
solution properties:
-------------------  ----------
# communities         73
min community size     1
max community size   259
avg. community size   68.4932
modularity             0.864357
-------------------  ----------
32 community detected
NMI:0.16799028702915364
ARI:0.22883584359065112
__standard__
Network Properties for:		G#51
nodes, edges			5000, 41894
directed?			False
weighted?			True
isolated nodes			0
self-loops			0
density				0.003352
clustering coefficient		0.300233
min/max/avg degree		2, 220, 16.757600
degree assortativity		0.209864
number of connected components	1
size of largest component	5000 (100.00 %)
tot:  13.015612682698366
__standard+Louvain__
PLM(balanced,pc,turbo) detected communities in 0.6977071762084961 [s]
solution properties:
-------------------  ----------
# communities         41
min community size     2
max community size   250
avg. community size  121.951
modularity             0.804705
-------------------  ----------
32 community detected
NMI:0.4798031731774346
ARI:0.6130296375913479
__standard+PLP__
PLP detected communities in 0.1651144027709961 [s]
solution properties:
-------------------  -----------
# communities        1298
min community size      2
max community size     94
avg. community size     3.85208
modularity              0.652915
-------------------  -----------
32 community detected
NMI:0.4535534669579554
ARI:0.9257313039281468
__ppmi__
Network Properties for:		G#63
nodes, edges			5000, 41894
directed?			False
weighted?			True
isolated nodes			0
self-loops			0
density				0.003352
clustering coefficient		0.300233
min/max/avg degree		2, 220, 16.757600
degree assortativity		0.209864
number of connected components	1
size of largest component	5000 (100.00 %)
tot:  169792.56156598887
__ppmi+Louvain__
PLM(balanced,pc,turbo) detected communities in 0.5828330516815186 [s]
solution properties:
-------------------  ----------
# communities         21
min community size   104
max community size   415
avg. community size  238.095
modularity             0.679588
-------------------  ----------
32 community detected
NMI:0.1120701922034606
ARI:0.2917225508051725
__ppmi+PLP__
PLP detected communities in 0.16970038414001465 [s]
solution properties:
-------------------  ----------
# communities         43
min community size     2
max community size   208
avg. community size  116.279
modularity             0.688637
-------------------  ----------
32 community detected
NMI:0.040673118745662595
ARI:0.051084975167115854
__glovexmax50alpha0.2__
Network Properties for:		G#72
nodes, edges			5000, 41894
directed?			False
weighted?			True
isolated nodes			0
self-loops			0
density				0.003352
clustering coefficient		0.300233
min/max/avg degree		2, 220, 16.757600
degree assortativity		0.209864
number of connected components	1
size of largest component	5000 (100.00 %)
tot:  22756.67882291087
__glovexmax50alpha0.2+Louvain__
PLM(balanced,pc,turbo) detected communities in 0.24614334106445312 [s]
solution properties:
-------------------  ---------
# communities         32
min community size   100
max community size   215
avg. community size  156.25
modularity             0.67463
-------------------  ---------
32 community detected
NMI:0.00801578348082188
ARI:0.009487237116712177
__glovexmax50alpha0.2+PLP__
PLP detected communities in 0.12655210494995117 [s]
solution properties:
-------------------  ---------
# communities         32
min community size   100
max community size   215
avg. community size  156.25
modularity             0.67463
-------------------  ---------
32 community detected
NMI:0.00801578348082188
ARI:0.009487237116712177
__glovexmax40alpha0.2__
Network Properties for:		G#78
nodes, edges			5000, 41894
directed?			False
weighted?			True
isolated nodes			0
self-loops			0
density				0.003352
clustering coefficient		0.300233
min/max/avg degree		2, 220, 16.757600
degree assortativity		0.209864
number of connected components	1
size of largest component	5000 (100.00 %)
tot:  23769.39947063079
__glovexmax40alpha0.2+Louvain__
PLM(balanced,pc,turbo) detected communities in 0.3588709831237793 [s]
solution properties:
-------------------  ----------
# communities         32
min community size   100
max community size   215
avg. community size  156.25
modularity             0.674829
-------------------  ----------
32 community detected
NMI:0.008376169449014759
ARI:0.00995823551471009
__glovexmax40alpha0.2+PLP__
PLP detected communities in 0.15401625633239746 [s]
solution properties:
-------------------  ----------
# communities         32
min community size   100
max community size   215
avg. community size  156.25
modularity             0.674844
-------------------  ----------
32 community detected
NMI:0.008015783480821992
ARI:0.009487237116712177
__glovexmax30alpha0.3__
Network Properties for:		G#87
nodes, edges			5000, 41894
directed?			False
weighted?			True
isolated nodes			0
self-loops			0
density				0.003352
clustering coefficient		0.300233
min/max/avg degree		2, 220, 16.757600
degree assortativity		0.209864
number of connected components	1
size of largest component	5000 (100.00 %)
tot:  21163.098836317833
__glovexmax30alpha0.3+Louvain__
PLM(balanced,pc,turbo) detected communities in 0.25621724128723145 [s]
solution properties:
-------------------  ----------
# communities         32
min community size   101
max community size   216
avg. community size  156.25
modularity             0.672586
-------------------  ----------
32 community detected
NMI:0.013605632992645278
ARI:0.01582943707712081
__glovexmax30alpha0.3+PLP__
PLP detected communities in 0.08119606971740723 [s]
solution properties:
-------------------  ----------
# communities         32
min community size   101
max community size   216
avg. community size  156.25
modularity             0.672585
-------------------  ----------
32 community detected
NMI:0.013959314371604581
ARI:0.016251017614685503
NMI classement:
[('NMIglovexmax50alpha0.2+Louvain', 0.00801578348082188), ('NMIglovexmax50alpha0.2+PLP', 0.00801578348082188), ('NMIglovexmax40alpha0.2+PLP', 0.008015783480821992), ('NMIglovexmax40alpha0.2+Louvain', 0.008376169449014759), ('NMIglovexmax30alpha0.3+Louvain', 0.013605632992645278), ('NMIglovexmax30alpha0.3+PLP', 0.013959314371604581), ('NMIppmi+PLP', 0.040673118745662595), ('NMIglove+Louvain', 0.05774064715805505), ('NMIglove+PLP', 0.05885312866459114), ('NMILouvain', 0.07733191116371696), ('NMIPLP', 0.0796366838000292), ('NMIppmi+Louvain', 0.1120701922034606), ('NMIpmi+PLP', 0.16799028702915364), ('NMIpmi+Louvain', 0.18719971081408326), ('NMISingleton', 0.42370093147868537), ('NMIstandard+PLP', 0.4535534669579554), ('NMIiterative_rev_degree_order+PLP', 0.4712817074907084), ('NMIstandard+Louvain', 0.4798031731774346), ('NMIiterative_rev_degree_order+Louvain', 0.6980595022883009), ('NMIAllInOne', 1.0), ('NMIfake_pmi+Louvain', 1), ('NMIfake_pmi+PLP', 1)]
ARI classement:
[('ARIglovexmax50alpha0.2+Louvain', 0.009487237116712177), ('ARIglovexmax50alpha0.2+PLP', 0.009487237116712177), ('ARIglovexmax40alpha0.2+PLP', 0.009487237116712177), ('ARIglovexmax40alpha0.2+Louvain', 0.00995823551471009), ('ARIglovexmax30alpha0.3+Louvain', 0.01582943707712081), ('ARIglovexmax30alpha0.3+PLP', 0.016251017614685503), ('ARIppmi+PLP', 0.051084975167115854), ('ARIglove+Louvain', 0.06907271094463596), ('ARIglove+PLP', 0.07012482095355022), ('ARILouvain', 0.0919007293303189), ('ARIPLP', 0.09521372255953964), ('ARIpmi+PLP', 0.22883584359065112), ('ARIppmi+Louvain', 0.2917225508051725), ('ARIpmi+Louvain', 0.3032632622834096), ('ARIstandard+Louvain', 0.6130296375913479), ('ARIiterative_rev_degree_order+Louvain', 0.8977169410202761), ('ARIstandard+PLP', 0.9257313039281468), ('ARIiterative_rev_degree_order+PLP', 0.9851684140521086), ('ARISingleton', 1.0), ('ARIAllInOne', 1.0), ('ARIfake_pmi+Louvain', 1), ('ARIfake_pmi+PLP', 1)]
