__LOADINGS__
Network Properties for:		network
nodes, edges			5000, 27655
directed?			False
weighted?			True
isolated nodes			0
self-loops			0
density				0.002213
clustering coefficient		0.205761
min/max/avg degree		1, 286, 11.062000
degree assortativity		0.306133
number of connected components	2
size of largest component	4997 (99.94 %)
238041.44501592824
__Groundtruth__
read communities from: ../../lfr_5000/mk500/k15/muw0.4/35/community.dat
-------------------  ----------
# communities         53
min community size     3
max community size   469
avg. community size   94.3396
modularity             0.409189
-------------------  ----------
53 community detected
__CLASSIC_METHODS__
__Louvain__
PLM(balanced,pc,turbo) detected communities in 0.5718851089477539 [s]
solution properties:
-------------------  ----------
# communities         20
min community size     2
max community size   548
avg. community size  250
modularity             0.426296
-------------------  ----------
53 community detected
NMI:0.4155066468170652
ARM:0.49234521401020115
__Singleton__
53 community detected
NMI:0.45522622314942107
ARM:1.0
__AllInOne__
53 community detected
NMI:1.0
ARM:1.0
__PLP__
PLP detected communities in 0.2914905548095703 [s]
solution properties:
-------------------  -------------
# communities          33
min community size      1
max community size   4906
avg. community size   151.515
modularity              0.00173385
-------------------  -------------
53 community detected
NMI:0.9466079541024376
ARM:0.9974644298308936
__NORMALIZATION__
__glove__
Network Properties for:		G#24cc
nodes, edges			4997, 27652
directed?			False
weighted?			True
isolated nodes			0
self-loops			0
density				0.002215
clustering coefficient		0.205285
min/max/avg degree		1, 286, 11.067440
degree assortativity		0.306079
number of connected components	1
size of largest component	4997 (100.00 %)
tot:  3433.318209891922
__glove+Louvain__
PLM(balanced,pc,turbo) detected communities in 0.6223883628845215 [s]
solution properties:
-------------------  ---------
# communities         18
min community size     9
max community size   532
avg. community size  277.611
modularity             0.46825
-------------------  ---------
53 community detected
NMI:0.9569880782776025
ARM:0.9919741376714597
__glove+PLP__
PLP detected communities in 0.19131159782409668 [s]
solution properties:
-------------------  -----------
# communities          70
min community size      1
max community size   1512
avg. community size    71.3857
modularity              0.423875
-------------------  -----------
53 community detected
NMI:0.927287372724498
ARM:0.9931655756411026
__fake_pmi__
Network Properties for:		G#46cc
nodes, edges			4997, 27652
directed?			False
weighted?			True
isolated nodes			0
self-loops			0
density				0.002215
clustering coefficient		0.205285
min/max/avg degree		1, 286, 11.067440
degree assortativity		0.306079
number of connected components	1
size of largest component	4997 (100.00 %)
tot:  0.0
__fake_pmi+Louvain__
1 community detected due to total edge weight equal 0
NMI:1
ARM:0.9931655756411026
__fake_pmi+PLP__
1 community detected due to total edge weight equal 0
NMI:1
ARM:0.9931655756411026
__iterative_rev_degree_order__
Network Properties for:		G#59cc
nodes, edges			4997, 27652
directed?			False
weighted?			True
isolated nodes			0
self-loops			0
density				0.002215
clustering coefficient		0.205285
min/max/avg degree		1, 286, 11.067440
degree assortativity		0.306079
number of connected components	1
size of largest component	4997 (100.00 %)
tot:  1450.4066604757545
__iterative_rev_degree_order+Louvain__
PLM(balanced,pc,turbo) detected communities in 0.7936632633209229 [s]
solution properties:
-------------------  ---------
# communities        95
min community size    2
max community size   98
avg. community size  52.6
modularity            0.918435
-------------------  ---------
53 community detected
NMI:0.9039852085872893
ARM:0.99944600384104
__iterative_rev_degree_order+PLP__
PLP detected communities in 0.09603452682495117 [s]
solution properties:
-------------------  -----------
# communities        1500
min community size      2
max community size     16
avg. community size     3.33133
modularity              0.822254
-------------------  -----------
53 community detected
NMI:0.6125776257576674
ARM:0.9995696492204981
__pmi__
Network Properties for:		G#84cc
nodes, edges			4997, 27652
directed?			False
weighted?			True
isolated nodes			0
self-loops			0
density				0.002215
clustering coefficient		0.205285
min/max/avg degree		1, 286, 11.067440
degree assortativity		0.306079
number of connected components	1
size of largest component	4997 (100.00 %)
tot:  41556.75219200997
__pmi+Louvain__
PLM(balanced,pc,turbo) detected communities in 0.7095057964324951 [s]
solution properties:
-------------------  ---------
# communities         31
min community size    24
max community size   542
avg. community size  161.194
modularity             1.42323
-------------------  ---------
53 community detected
NMI:0.9469007704137868
ARM:0.9960377746985203
__pmi+PLP__
PLP detected communities in 0.21122264862060547 [s]
solution properties:
-------------------  ----------
# communities        1021
min community size      2
max community size    173
avg. community size     4.89422
modularity              1.09526
-------------------  ----------
53 community detected
NMI:0.6870106276458847
ARM:0.9991440737230634
__standard__
Network Properties for:		G#106cc
nodes, edges			4997, 27652
directed?			False
weighted?			True
isolated nodes			0
self-loops			0
density				0.002215
clustering coefficient		0.205285
min/max/avg degree		1, 286, 11.067440
degree assortativity		0.306079
number of connected components	1
size of largest component	4997 (100.00 %)
tot:  50.50587686233725
__standard+Louvain__
PLM(balanced,pc,turbo) detected communities in 0.7370193004608154 [s]
solution properties:
-------------------  ----------
# communities        149
min community size     2
max community size   829
avg. community size   33.5369
modularity             0.947308
-------------------  ----------
53 community detected
NMI:0.87625109897225
ARM:0.9901291917303382
__standard+PLP__
PLP detected communities in 0.09499526023864746 [s]
solution properties:
-------------------  -----------
# communities        1291
min community size      2
max community size     42
avg. community size     3.87064
modularity              0.860647
-------------------  -----------
53 community detected
NMI:0.6348541931694234
ARM:0.998969054302249
__ppmi__
Network Properties for:		G#128cc
nodes, edges			4997, 27652
directed?			False
weighted?			True
isolated nodes			0
self-loops			0
density				0.002215
clustering coefficient		0.205285
min/max/avg degree		1, 286, 11.067440
degree assortativity		0.306079
number of connected components	1
size of largest component	4997 (100.00 %)
tot:  102219.44776060703
__ppmi+Louvain__
PLM(balanced,pc,turbo) detected communities in 0.5880417823791504 [s]
solution properties:
-------------------  ----------
# communities         35
min community size    11
max community size   360
avg. community size  142.771
modularity             0.613533
-------------------  ----------
53 community detected
NMI:0.9394633880887463
ARM:0.9937872721004141
__ppmi+PLP__
PLP detected communities in 0.23243117332458496 [s]
solution properties:
-------------------  ----------
# communities        982
min community size     1
max community size   177
avg. community size    5.08859
modularity             0.459527
-------------------  ----------
53 community detected
NMI:0.694069598811795
ARM:0.9990703779362654
__glovexmax50alpha0.2__
Network Properties for:		G#150cc
nodes, edges			4997, 27652
directed?			False
weighted?			True
isolated nodes			0
self-loops			0
density				0.002215
clustering coefficient		0.205285
min/max/avg degree		1, 286, 11.067440
degree assortativity		0.306079
number of connected components	1
size of largest component	4997 (100.00 %)
tot:  14017.899121320486
__glovexmax50alpha0.2+Louvain__
PLM(balanced,pc,turbo) detected communities in 0.5124731063842773 [s]
solution properties:
-------------------  ----------
# communities         27
min community size     9
max community size   455
avg. community size  185.074
modularity             0.541892
-------------------  ----------
53 community detected
NMI:0.9447192484806586
ARM:0.9904829580335437
__glovexmax50alpha0.2+PLP__
PLP detected communities in 0.14660930633544922 [s]
solution properties:
-------------------  -----------
# communities          86
min community size      1
max community size   1121
avg. community size    58.1047
modularity              0.518709
-------------------  -----------
53 community detected
NMI:0.9144740390811751
ARM:0.9901128769841987
__glovexmax40alpha0.2__
Network Properties for:		G#169cc
nodes, edges			4997, 27652
directed?			False
weighted?			True
isolated nodes			0
self-loops			0
density				0.002215
clustering coefficient		0.205285
min/max/avg degree		1, 286, 11.067440
degree assortativity		0.306079
number of connected components	1
size of largest component	4997 (100.00 %)
tot:  14622.5996783363
__glovexmax40alpha0.2+Louvain__
PLM(balanced,pc,turbo) detected communities in 0.5451095104217529 [s]
solution properties:
-------------------  ----------
# communities         28
min community size     9
max community size   516
avg. community size  178.464
modularity             0.541284
-------------------  ----------
53 community detected
NMI:0.9433602262645538
ARM:0.9901891580774944
__glovexmax40alpha0.2+PLP__
PLP detected communities in 0.13635516166687012 [s]
solution properties:
-------------------  ----------
# communities         86
min community size     1
max community size   507
avg. community size   58.1047
modularity             0.537385
-------------------  ----------
53 community detected
NMI:0.9149882219183305
ARM:0.9898580553692067
__glovexmax30alpha0.3__
Network Properties for:		G#191cc
nodes, edges			4997, 27652
directed?			False
weighted?			True
isolated nodes			0
self-loops			0
density				0.002215
clustering coefficient		0.205285
min/max/avg degree		1, 286, 11.067440
degree assortativity		0.306079
number of connected components	1
size of largest component	4997 (100.00 %)
tot:  12924.866124843642
__glovexmax30alpha0.3+Louvain__
PLM(balanced,pc,turbo) detected communities in 0.3677220344543457 [s]
solution properties:
-------------------  ----------
# communities         29
min community size     9
max community size   478
avg. community size  172.31
modularity             0.537435
-------------------  ----------
53 community detected
NMI:0.9429281331988622
ARM:0.9899650481653332
__glovexmax30alpha0.3+PLP__
PLP detected communities in 0.11406707763671875 [s]
solution properties:
-------------------  -----------
# communities          76
min community size      2
max community size   1142
avg. community size    65.75
modularity              0.514076
-------------------  -----------
53 community detected
NMI:0.9203691750398993
ARM:0.9903533838167358
