__LOADINGS__
4993/61264 8.149973883520502 % of nul weighted edges removed
1/5000 0.02 % of nul degree nodes removed
Network Properties for:		network
nodes, edges			4999, 56271
directed?			False
weighted?			True
isolated nodes			1
self-loops			0
density				0.004504
clustering coefficient		0.350719
min/max/avg degree		0, 371, 22.512903
degree assortativity		0.262199
number of connected components	1
size of largest component	4999 (100.00 %)
517241.37928829936
__Groundtruth__
read communities from: ../../lfr_5000/mk500/k25/muw0.3/47/community.dat
-------------------  ----------
# communities         45
min community size     6
max community size   473
avg. community size  111.111
modularity             0.557781
-------------------  ----------
45 community detected
__CLASSIC_METHODS__
__Louvain__
PLM(balanced,pc,turbo) detected communities in 0.4089016914367676 [s]
solution properties:
-------------------  ---------
# communities         17
min community size   163
max community size   483
avg. community size  294.059
modularity             0.56024
-------------------  ---------
45 community detected
NMI:0.10420567928029978
ARI:0.12738840934333895
__Singleton__
45 community detected
NMI:0.4611246391521382
ARI:1.0
__AllInOne__
45 community detected
NMI:1.0
ARI:1.0
__PLP__
PLP detected communities in 0.1415698528289795 [s]
solution properties:
-------------------  ----------
# communities         44
min community size     1
max community size   488
avg. community size  113.636
modularity             0.560269
-------------------  ----------
45 community detected
NMI:0.044800180629721686
ARI:0.061563164740242704
__NORMALIZATION__
__glove__
Network Properties for:		G#21
nodes, edges			4999, 56271
directed?			False
weighted?			True
isolated nodes			1
self-loops			0
density				0.004504
clustering coefficient		0.350719
min/max/avg degree		0, 371, 22.512903
degree assortativity		0.262199
number of connected components	1
size of largest component	4999 (100.00 %)
tot:  7853.004561046084
__glove+Louvain__
PLM(balanced,pc,turbo) detected communities in 0.3188767433166504 [s]
solution properties:
-------------------  ----------
# communities         25
min community size     7
max community size   483
avg. community size  199.96
modularity             0.588149
-------------------  ----------
45 community detected
NMI:0.06184557383324485
ARI:0.06657479746174277
__glove+PLP__
PLP detected communities in 0.10997438430786133 [s]
solution properties:
-------------------  ----------
# communities         45
min community size     1
max community size   486
avg. community size  111.111
modularity             0.588017
-------------------  ----------
45 community detected
NMI:0.035734123802489526
ARI:0.048158439540248565
__fake_pmi__
Network Properties for:		G#30
nodes, edges			4999, 56271
directed?			False
weighted?			True
isolated nodes			1
self-loops			0
density				0.004504
clustering coefficient		0.350719
min/max/avg degree		0, 371, 22.512903
degree assortativity		0.262199
number of connected components	1
size of largest component	4999 (100.00 %)
tot:  0.0
__fake_pmi+Louvain__
1 community detected due to total edge weight equal 0
NMI:1
ARI:1
__fake_pmi+PLP__
1 community detected due to total edge weight equal 0
NMI:1
ARI:1
__iterative_rev_degree_order__
Network Properties for:		G#33
nodes, edges			4999, 56271
directed?			False
weighted?			True
isolated nodes			1
self-loops			0
density				0.004504
clustering coefficient		0.350719
min/max/avg degree		0, 371, 22.512903
degree assortativity		0.262199
number of connected components	1
size of largest component	4999 (100.00 %)
tot:  1347.0100517989722
__iterative_rev_degree_order+Louvain__
PLM(balanced,pc,turbo) detected communities in 0.7704839706420898 [s]
solution properties:
-------------------  ---------
# communities         82
min community size     8
max community size   182
avg. community size   60.9634
modularity             0.86053
-------------------  ---------
45 community detected
NMI:0.6969460030926766
ARI:0.9338120019038467
__iterative_rev_degree_order+PLP__
PLP detected communities in 0.08641314506530762 [s]
solution properties:
-------------------  -----------
# communities        1543
min community size      1
max community size     12
avg. community size     3.24044
modularity              0.743135
-------------------  -----------
45 community detected
NMI:0.5132946623932553
ARI:0.991665641486836
__pmi__
Network Properties for:		G#48
nodes, edges			4999, 56271
directed?			False
weighted?			True
isolated nodes			1
self-loops			0
density				0.004504
clustering coefficient		0.350719
min/max/avg degree		0, 371, 22.512903
degree assortativity		0.262199
number of connected components	1
size of largest component	4999 (100.00 %)
tot:  93207.86051938849
__pmi+Louvain__
PLM(balanced,pc,turbo) detected communities in 0.5454411506652832 [s]
solution properties:
-------------------  ---------
# communities         37
min community size     7
max community size   734
avg. community size  135.108
modularity             1.17078
-------------------  ---------
45 community detected
NMI:0.2920269079854678
ARI:0.5063673761280898
__pmi+PLP__
PLP detected communities in 0.20174479484558105 [s]
solution properties:
-------------------  ---------
# communities        119
min community size     1
max community size   960
avg. community size   42.0168
modularity             1.13616
-------------------  ---------
45 community detected
NMI:0.28702180279650824
ARI:0.5328648359622656
__standard__
Network Properties for:		G#57
nodes, edges			4999, 56271
directed?			False
weighted?			True
isolated nodes			1
self-loops			0
density				0.004504
clustering coefficient		0.350719
min/max/avg degree		0, 371, 22.512903
degree assortativity		0.262199
number of connected components	1
size of largest component	4999 (100.00 %)
tot:  12.636289132304345
__standard+Louvain__
PLM(balanced,pc,turbo) detected communities in 0.7916281223297119 [s]
solution properties:
-------------------  ----------
# communities         59
min community size     2
max community size   434
avg. community size   84.7288
modularity             0.873823
-------------------  ----------
45 community detected
NMI:0.5446441520916313
ARI:0.7442396251373227
__standard+PLP__
PLP detected communities in 0.2291276454925537 [s]
solution properties:
-------------------  -----------
# communities        1083
min community size      1
max community size    155
avg. community size     4.61681
modularity              0.743682
-------------------  -----------
45 community detected
NMI:0.518586367848879
ARI:0.927602946874533
__ppmi__
Network Properties for:		G#69
nodes, edges			4999, 56271
directed?			False
weighted?			True
isolated nodes			1
self-loops			0
density				0.004504
clustering coefficient		0.350719
min/max/avg degree		0, 371, 22.512903
degree assortativity		0.262199
number of connected components	1
size of largest component	4999 (100.00 %)
tot:  186957.42003575794
__ppmi+Louvain__
PLM(balanced,pc,turbo) detected communities in 0.4196298122406006 [s]
solution properties:
-------------------  ----------
# communities         34
min community size     7
max community size   439
avg. community size  147.029
modularity             0.679939
-------------------  ----------
45 community detected
NMI:0.07133646402305205
ARI:0.0878809761241589
__ppmi+PLP__
PLP detected communities in 0.13669300079345703 [s]
solution properties:
-------------------  ----------
# communities         58
min community size     1
max community size   812
avg. community size   86.2069
modularity             0.675551
-------------------  ----------
45 community detected
NMI:0.07084537416388426
ARI:0.1762133509563505
__glovexmax50alpha0.2__
Network Properties for:		G#78
nodes, edges			4999, 56271
directed?			False
weighted?			True
isolated nodes			1
self-loops			0
density				0.004504
clustering coefficient		0.350719
min/max/avg degree		0, 371, 22.512903
degree assortativity		0.262199
number of connected components	1
size of largest component	4999 (100.00 %)
tot:  30476.728421654705
__glovexmax50alpha0.2+Louvain__
PLM(balanced,pc,turbo) detected communities in 0.3744182586669922 [s]
solution properties:
-------------------  ----------
# communities         29
min community size    13
max community size   473
avg. community size  172.379
modularity             0.638461
-------------------  ----------
45 community detected
NMI:0.0195027417545256
ARI:0.015373591053352453
__glovexmax50alpha0.2+PLP__
PLP detected communities in 0.1023111343383789 [s]
solution properties:
-------------------  ----------
# communities         47
min community size     1
max community size   473
avg. community size  106.383
modularity             0.637557
-------------------  ----------
45 community detected
NMI:0.003991197907718402
ARI:0.00424579082383747
__glovexmax40alpha0.2__
Network Properties for:		G#87
nodes, edges			4999, 56271
directed?			False
weighted?			True
isolated nodes			1
self-loops			0
density				0.004504
clustering coefficient		0.350719
min/max/avg degree		0, 371, 22.512903
degree assortativity		0.262199
number of connected components	1
size of largest component	4999 (100.00 %)
tot:  31791.576557843655
__glovexmax40alpha0.2+Louvain__
PLM(balanced,pc,turbo) detected communities in 0.3760979175567627 [s]
solution properties:
-------------------  ----------
# communities         31
min community size     6
max community size   473
avg. community size  161.258
modularity             0.638959
-------------------  ----------
45 community detected
NMI:0.01678742368860109
ARI:0.01104303503703652
__glovexmax40alpha0.2+PLP__
PLP detected communities in 0.04621291160583496 [s]
solution properties:
-------------------  ----------
# communities         46
min community size     1
max community size   473
avg. community size  108.696
modularity             0.638188
-------------------  ----------
45 community detected
NMI:0.0037828833666723183
ARI:0.004234425144135745
__glovexmax30alpha0.3__
Network Properties for:		G#96
nodes, edges			4999, 56271
directed?			False
weighted?			True
isolated nodes			1
self-loops			0
density				0.004504
clustering coefficient		0.350719
min/max/avg degree		0, 371, 22.512903
degree assortativity		0.262199
number of connected components	1
size of largest component	4999 (100.00 %)
tot:  28583.60158323978
__glovexmax30alpha0.3+Louvain__
PLM(balanced,pc,turbo) detected communities in 0.11791419982910156 [s]
solution properties:
-------------------  ----------
# communities         29
min community size     6
max community size   472
avg. community size  172.379
modularity             0.634978
-------------------  ----------
45 community detected
NMI:0.023703433006321606
ARI:0.017275119778662473
__glovexmax30alpha0.3+PLP__
PLP detected communities in 0.030674457550048828 [s]
solution properties:
-------------------  ----------
# communities         45
min community size     1
max community size   475
avg. community size  111.111
modularity             0.634793
-------------------  ----------
45 community detected
NMI:0.008720049700570942
ARI:0.01121429148400821
NMI classement:
[('NMIglovexmax40alpha0.2+PLP', 0.0037828833666723183), ('NMIglovexmax50alpha0.2+PLP', 0.003991197907718402), ('NMIglovexmax30alpha0.3+PLP', 0.008720049700570942), ('NMIglovexmax40alpha0.2+Louvain', 0.01678742368860109), ('NMIglovexmax50alpha0.2+Louvain', 0.0195027417545256), ('NMIglovexmax30alpha0.3+Louvain', 0.023703433006321606), ('NMIglove+PLP', 0.035734123802489526), ('NMIPLP', 0.044800180629721686), ('NMIglove+Louvain', 0.06184557383324485), ('NMIppmi+PLP', 0.07084537416388426), ('NMIppmi+Louvain', 0.07133646402305205), ('NMILouvain', 0.10420567928029978), ('NMIpmi+PLP', 0.28702180279650824), ('NMIpmi+Louvain', 0.2920269079854678), ('NMISingleton', 0.4611246391521382), ('NMIiterative_rev_degree_order+PLP', 0.5132946623932553), ('NMIstandard+PLP', 0.518586367848879), ('NMIstandard+Louvain', 0.5446441520916313), ('NMIiterative_rev_degree_order+Louvain', 0.6969460030926766), ('NMIAllInOne', 1.0), ('NMIfake_pmi+Louvain', 1), ('NMIfake_pmi+PLP', 1)]
ARI classement:
[('ARIglovexmax40alpha0.2+PLP', 0.004234425144135745), ('ARIglovexmax50alpha0.2+PLP', 0.00424579082383747), ('ARIglovexmax40alpha0.2+Louvain', 0.01104303503703652), ('ARIglovexmax30alpha0.3+PLP', 0.01121429148400821), ('ARIglovexmax50alpha0.2+Louvain', 0.015373591053352453), ('ARIglovexmax30alpha0.3+Louvain', 0.017275119778662473), ('ARIglove+PLP', 0.048158439540248565), ('ARIPLP', 0.061563164740242704), ('ARIglove+Louvain', 0.06657479746174277), ('ARIppmi+Louvain', 0.0878809761241589), ('ARILouvain', 0.12738840934333895), ('ARIppmi+PLP', 0.1762133509563505), ('ARIpmi+Louvain', 0.5063673761280898), ('ARIpmi+PLP', 0.5328648359622656), ('ARIstandard+Louvain', 0.7442396251373227), ('ARIstandard+PLP', 0.927602946874533), ('ARIiterative_rev_degree_order+Louvain', 0.9338120019038467), ('ARIiterative_rev_degree_order+PLP', 0.991665641486836), ('ARISingleton', 1.0), ('ARIAllInOne', 1.0), ('ARIfake_pmi+Louvain', 1), ('ARIfake_pmi+PLP', 1)]
