__LOADINGS__
4993/38801 12.868225045746243 % of nul weighted edges removed
0/5000 0.0 % of nul degree nodes removed
Network Properties for:		network
nodes, edges			5000, 33808
directed?			False
weighted?			True
isolated nodes			0
self-loops			0
density				0.002705
clustering coefficient		0.292150
min/max/avg degree		1, 217, 13.523200
degree assortativity		0.183008
number of connected components	1
size of largest component	5000 (100.00 %)
250726.48647717867
__Groundtruth__
read communities from: ../../lfr_5000/mk300/k15/muw0.3/21/community.dat
-------------------  ----------
# communities         32
min community size   100
max community size   215
avg. community size  156.25
modularity             0.588183
-------------------  ----------
32 community detected
__CLASSIC_METHODS__
__Louvain__
PLM(balanced,pc,turbo) detected communities in 0.3913712501525879 [s]
solution properties:
-------------------  ----------
# communities         30
min community size    92
max community size   326
avg. community size  166.667
modularity             0.595093
-------------------  ----------
32 community detected
NMI:0.12493979273199252
ARI:0.1763910746982572
__Singleton__
32 community detected
NMI:0.42370093147868304
ARI:1.0
__AllInOne__
32 community detected
NMI:1.0
ARI:1.0
__PLP__
PLP detected communities in 0.1633450984954834 [s]
solution properties:
-------------------  ----------
# communities         33
min community size     2
max community size   330
avg. community size  151.515
modularity             0.593865
-------------------  ----------
32 community detected
NMI:0.1231010875730143
ARI:0.16544856895634474
__NORMALIZATION__
__glove__
Network Properties for:		G#21
nodes, edges			5000, 33808
directed?			False
weighted?			True
isolated nodes			0
self-loops			0
density				0.002705
clustering coefficient		0.292150
min/max/avg degree		1, 217, 13.523200
degree assortativity		0.183008
number of connected components	1
size of largest component	5000 (100.00 %)
tot:  3966.619593052101
__glove+Louvain__
PLM(balanced,pc,turbo) detected communities in 0.42269158363342285 [s]
solution properties:
-------------------  ----------
# communities         30
min community size    93
max community size   267
avg. community size  166.667
modularity             0.623468
-------------------  ----------
32 community detected
NMI:0.10736170715991988
ARI:0.14890587290792534
__glove+PLP__
PLP detected communities in 0.1272752285003662 [s]
solution properties:
-------------------  ----------
# communities         35
min community size     1
max community size   229
avg. community size  142.857
modularity             0.623391
-------------------  ----------
32 community detected
NMI:0.09771056935574707
ARI:0.11365632692248762
__fake_pmi__
Network Properties for:		G#30
nodes, edges			5000, 33808
directed?			False
weighted?			True
isolated nodes			0
self-loops			0
density				0.002705
clustering coefficient		0.292150
min/max/avg degree		1, 217, 13.523200
degree assortativity		0.183008
number of connected components	1
size of largest component	5000 (100.00 %)
tot:  0.0
__fake_pmi+Louvain__
1 community detected due to total edge weight equal 0
NMI:1
ARI:1
__fake_pmi+PLP__
1 community detected due to total edge weight equal 0
NMI:1
ARI:1
__iterative_rev_degree_order__
Network Properties for:		G#33
nodes, edges			5000, 33808
directed?			False
weighted?			True
isolated nodes			0
self-loops			0
density				0.002705
clustering coefficient		0.292150
min/max/avg degree		1, 217, 13.523200
degree assortativity		0.183008
number of connected components	1
size of largest component	5000 (100.00 %)
tot:  1484.2692169428233
__iterative_rev_degree_order+Louvain__
PLM(balanced,pc,turbo) detected communities in 0.7359521389007568 [s]
solution properties:
-------------------  ----------
# communities         79
min community size    23
max community size   133
avg. community size   63.2911
modularity             0.883885
-------------------  ----------
32 community detected
NMI:0.6780598024754345
ARI:0.8957901844041283
__iterative_rev_degree_order+PLP__
PLP detected communities in 0.07000136375427246 [s]
solution properties:
-------------------  ----------
# communities        1517
min community size      2
max community size     16
avg. community size     3.29598
modularity              0.7803
-------------------  ----------
32 community detected
NMI:0.4644415512027623
ARI:0.9813282617558954
__pmi__
Network Properties for:		G#48
nodes, edges			5000, 33808
directed?			False
weighted?			True
isolated nodes			0
self-loops			0
density				0.002705
clustering coefficient		0.292150
min/max/avg degree		1, 217, 13.523200
degree assortativity		0.183008
number of connected components	1
size of largest component	5000 (100.00 %)
tot:  72523.98511975973
__pmi+Louvain__
PLM(balanced,pc,turbo) detected communities in 0.6099474430084229 [s]
solution properties:
-------------------  ---------
# communities         26
min community size   105
max community size   378
avg. community size  192.308
modularity             1.08277
-------------------  ---------
32 community detected
NMI:0.34778221074518556
ARI:0.49942172818169517
__pmi+PLP__
PLP detected communities in 0.14072132110595703 [s]
solution properties:
-------------------  ---------
# communities        289
min community size     1
max community size   241
avg. community size   17.301
modularity             1.02694
-------------------  ---------
32 community detected
NMI:0.27643755748275745
ARI:0.3892388662194418
__standard__
Network Properties for:		G#60
nodes, edges			5000, 33808
directed?			False
weighted?			True
isolated nodes			0
self-loops			0
density				0.002705
clustering coefficient		0.292150
min/max/avg degree		1, 217, 13.523200
degree assortativity		0.183008
number of connected components	1
size of largest component	5000 (100.00 %)
tot:  18.113349165934977
__standard+Louvain__
PLM(balanced,pc,turbo) detected communities in 0.84871506690979 [s]
solution properties:
-------------------  ----------
# communities         59
min community size     2
max community size   233
avg. community size   84.7458
modularity             0.854171
-------------------  ----------
32 community detected
NMI:0.49675229792331477
ARI:0.6473643589902484
__standard+PLP__
PLP detected communities in 0.12127089500427246 [s]
solution properties:
-------------------  ----------
# communities        1243
min community size      2
max community size     69
avg. community size     4.02253
modularity              0.73957
-------------------  ----------
32 community detected
NMI:0.4458723311952706
ARI:0.9311430416532128
__ppmi__
Network Properties for:		G#75
nodes, edges			5000, 33808
directed?			False
weighted?			True
isolated nodes			0
self-loops			0
density				0.002705
clustering coefficient		0.292150
min/max/avg degree		1, 217, 13.523200
degree assortativity		0.183008
number of connected components	1
size of largest component	5000 (100.00 %)
tot:  132341.00002269362
__ppmi+Louvain__
PLM(balanced,pc,turbo) detected communities in 0.41773414611816406 [s]
solution properties:
-------------------  ----------
# communities         27
min community size   122
max community size   377
avg. community size  185.185
modularity             0.687229
-------------------  ----------
32 community detected
NMI:0.1565957080638588
ARI:0.26295839529906784
__ppmi+PLP__
PLP detected communities in 0.11638355255126953 [s]
solution properties:
-------------------  ----------
# communities        110
min community size     1
max community size   210
avg. community size   45.4545
modularity             0.683609
-------------------  ----------
32 community detected
NMI:0.1261154234894325
ARI:0.1562791789607355
__glovexmax50alpha0.2__
Network Properties for:		G#84
nodes, edges			5000, 33808
directed?			False
weighted?			True
isolated nodes			0
self-loops			0
density				0.002705
clustering coefficient		0.292150
min/max/avg degree		1, 217, 13.523200
degree assortativity		0.183008
number of connected components	1
size of largest component	5000 (100.00 %)
tot:  17408.452645433714
__glovexmax50alpha0.2+Louvain__
PLM(balanced,pc,turbo) detected communities in 0.3607027530670166 [s]
solution properties:
-------------------  ----------
# communities         26
min community size   121
max community size   299
avg. community size  192.308
modularity             0.666316
-------------------  ----------
32 community detected
NMI:0.07136837764084158
ARI:0.15785919990875652
__glovexmax50alpha0.2+PLP__
PLP detected communities in 0.10526871681213379 [s]
solution properties:
-------------------  ----------
# communities         33
min community size     2
max community size   217
avg. community size  151.515
modularity             0.669371
-------------------  ----------
32 community detected
NMI:0.03529735229619313
ARI:0.041082647383132054
__glovexmax40alpha0.2__
Network Properties for:		G#93
nodes, edges			5000, 33808
directed?			False
weighted?			True
isolated nodes			0
self-loops			0
density				0.002705
clustering coefficient		0.292150
min/max/avg degree		1, 217, 13.523200
degree assortativity		0.183008
number of connected components	1
size of largest component	5000 (100.00 %)
tot:  18175.67179176199
__glovexmax40alpha0.2+Louvain__
PLM(balanced,pc,turbo) detected communities in 0.2917795181274414 [s]
solution properties:
-------------------  ---------
# communities         20
min community size   160
max community size   357
avg. community size  250
modularity             0.65881
-------------------  ---------
32 community detected
NMI:0.11291015036578012
ARI:0.2804372954611971
__glovexmax40alpha0.2+PLP__
PLP detected communities in 0.08038806915283203 [s]
solution properties:
-------------------  ----------
# communities         35
min community size     2
max community size   217
avg. community size  142.857
modularity             0.664577
-------------------  ----------
32 community detected
NMI:0.038887983653699165
ARI:0.047112340651330076
__glovexmax30alpha0.3__
Network Properties for:		G#102
nodes, edges			5000, 33808
directed?			False
weighted?			True
isolated nodes			0
self-loops			0
density				0.002705
clustering coefficient		0.292150
min/max/avg degree		1, 217, 13.523200
degree assortativity		0.183008
number of connected components	1
size of largest component	5000 (100.00 %)
tot:  16086.946825098265
__glovexmax30alpha0.3+Louvain__
PLM(balanced,pc,turbo) detected communities in 0.23930096626281738 [s]
solution properties:
-------------------  ----------
# communities         20
min community size   160
max community size   341
avg. community size  250
modularity             0.657341
-------------------  ----------
32 community detected
NMI:0.12417740161593938
ARI:0.2883690833874204
__glovexmax30alpha0.3+PLP__
PLP detected communities in 0.0673532485961914 [s]
solution properties:
-------------------  ---------
# communities         34
min community size     1
max community size   218
avg. community size  147.059
modularity             0.66689
-------------------  ---------
32 community detected
NMI:0.04740590276973444
ARI:0.054728050623831126
NMI classement:
[('NMIglovexmax50alpha0.2+PLP', 0.03529735229619313), ('NMIglovexmax40alpha0.2+PLP', 0.038887983653699165), ('NMIglovexmax30alpha0.3+PLP', 0.04740590276973444), ('NMIglovexmax50alpha0.2+Louvain', 0.07136837764084158), ('NMIglove+PLP', 0.09771056935574707), ('NMIglove+Louvain', 0.10736170715991988), ('NMIglovexmax40alpha0.2+Louvain', 0.11291015036578012), ('NMIPLP', 0.1231010875730143), ('NMIglovexmax30alpha0.3+Louvain', 0.12417740161593938), ('NMILouvain', 0.12493979273199252), ('NMIppmi+PLP', 0.1261154234894325), ('NMIppmi+Louvain', 0.1565957080638588), ('NMIpmi+PLP', 0.27643755748275745), ('NMIpmi+Louvain', 0.34778221074518556), ('NMISingleton', 0.42370093147868304), ('NMIstandard+PLP', 0.4458723311952706), ('NMIiterative_rev_degree_order+PLP', 0.4644415512027623), ('NMIstandard+Louvain', 0.49675229792331477), ('NMIiterative_rev_degree_order+Louvain', 0.6780598024754345), ('NMIAllInOne', 1.0), ('NMIfake_pmi+Louvain', 1), ('NMIfake_pmi+PLP', 1)]
ARI classement:
[('ARIglovexmax50alpha0.2+PLP', 0.041082647383132054), ('ARIglovexmax40alpha0.2+PLP', 0.047112340651330076), ('ARIglovexmax30alpha0.3+PLP', 0.054728050623831126), ('ARIglove+PLP', 0.11365632692248762), ('ARIglove+Louvain', 0.14890587290792534), ('ARIppmi+PLP', 0.1562791789607355), ('ARIglovexmax50alpha0.2+Louvain', 0.15785919990875652), ('ARIPLP', 0.16544856895634474), ('ARILouvain', 0.1763910746982572), ('ARIppmi+Louvain', 0.26295839529906784), ('ARIglovexmax40alpha0.2+Louvain', 0.2804372954611971), ('ARIglovexmax30alpha0.3+Louvain', 0.2883690833874204), ('ARIpmi+PLP', 0.3892388662194418), ('ARIpmi+Louvain', 0.49942172818169517), ('ARIstandard+Louvain', 0.6473643589902484), ('ARIiterative_rev_degree_order+Louvain', 0.8957901844041283), ('ARIstandard+PLP', 0.9311430416532128), ('ARIiterative_rev_degree_order+PLP', 0.9813282617558954), ('ARISingleton', 1.0), ('ARIAllInOne', 1.0), ('ARIfake_pmi+Louvain', 1), ('ARIfake_pmi+PLP', 1)]
