__LOADINGS__
Network Properties for:		network
nodes, edges			5000, 56557
directed?			False
weighted?			True
isolated nodes			1
self-loops			0
density				0.004525
clustering coefficient		0.484024
min/max/avg degree		0, 390, 22.622800
degree assortativity		0.186473
number of connected components	2
size of largest component	4999 (99.98 %)
520486.57553039753
__Groundtruth__
read communities from: ../../lfr_5000/mk500/k25/muw0.2/41/community.dat
-------------------  ----------
# communities         45
min community size     6
max community size   473
avg. community size  111.111
modularity             0.649358
-------------------  ----------
45 community detected
__CLASSIC_METHODS__
__Louvain__
PLM(balanced,pc,turbo) detected communities in 0.3962395191192627 [s]
solution properties:
-------------------  ----------
# communities         29
min community size     1
max community size   479
avg. community size  172.414
modularity             0.651726
-------------------  ----------
45 community detected
NMI:0.04182740202004709
ARM:0.04332225835197201
__Singleton__
45 community detected
NMI:0.4611691217645686
ARM:1.0
__AllInOne__
45 community detected
NMI:1.0
ARM:1.0
__PLP__
PLP detected communities in 0.09289884567260742 [s]
solution properties:
-------------------  ----------
# communities         46
min community size     1
max community size   479
avg. community size  108.696
modularity             0.651644
-------------------  ----------
45 community detected
NMI:0.014155902244223473
ARM:0.018184014708491736
__NORMALIZATION__
__glove__
Network Properties for:		G#21cc
nodes, edges			4999, 56557
directed?			False
weighted?			True
isolated nodes			0
self-loops			0
density				0.004527
clustering coefficient		0.484121
min/max/avg degree		5, 390, 22.627325
degree assortativity		0.186473
number of connected components	1
size of largest component	4999 (100.00 %)
tot:  7672.675002855133
__glove+Louvain__
PLM(balanced,pc,turbo) detected communities in 0.4024808406829834 [s]
solution properties:
-------------------  ----------
# communities         28
min community size     6
max community size   476
avg. community size  178.536
modularity             0.690566
-------------------  ----------
45 community detected
NMI:0.03282703077383742
ARM:0.03077538770870414
__glove+PLP__
PLP detected communities in 0.07170987129211426 [s]
solution properties:
-------------------  ----------
# communities         45
min community size     6
max community size   477
avg. community size  111.089
modularity             0.690508
-------------------  ----------
45 community detected
NMI:0.009853540848230868
ARM:0.012316543632171717
__fake_pmi__
Network Properties for:		G#40cc
nodes, edges			4999, 56557
directed?			False
weighted?			True
isolated nodes			0
self-loops			0
density				0.004527
clustering coefficient		0.484121
min/max/avg degree		5, 390, 22.627325
degree assortativity		0.186473
number of connected components	1
size of largest component	4999 (100.00 %)
tot:  0.0
__fake_pmi+Louvain__
1 community detected due to total edge weight equal 0
NMI:1
ARM:0.012316543632171717
__fake_pmi+PLP__
1 community detected due to total edge weight equal 0
NMI:1
ARM:0.012316543632171717
__iterative_rev_degree_order__
Network Properties for:		G#53cc
nodes, edges			4999, 56557
directed?			False
weighted?			True
isolated nodes			0
self-loops			0
density				0.004527
clustering coefficient		0.484121
min/max/avg degree		5, 390, 22.627325
degree assortativity		0.186473
number of connected components	1
size of largest component	4999 (100.00 %)
tot:  1544.0182904671274
__iterative_rev_degree_order+Louvain__
PLM(balanced,pc,turbo) detected communities in 0.828223466873169 [s]
solution properties:
-------------------  ----------
# communities         63
min community size     2
max community size   204
avg. community size   79.3492
modularity             0.866204
-------------------  ----------
45 community detected
NMI:0.6094118452260628
ARM:0.8526276580137613
__iterative_rev_degree_order+PLP__
PLP detected communities in 0.09017586708068848 [s]
solution properties:
-------------------  -----------
# communities        1484
min community size      2
max community size     13
avg. community size     3.3686
modularity              0.733471
-------------------  -----------
45 community detected
NMI:0.5012177418639794
ARM:0.9890686303587014
__pmi__
Network Properties for:		G#78cc
nodes, edges			4999, 56557
directed?			False
weighted?			True
isolated nodes			0
self-loops			0
density				0.004527
clustering coefficient		0.484121
min/max/avg degree		5, 390, 22.627325
degree assortativity		0.186473
number of connected components	1
size of largest component	4999 (100.00 %)
tot:  109510.88671241463
__pmi+Louvain__
PLM(balanced,pc,turbo) detected communities in 0.43370985984802246 [s]
solution properties:
-------------------  ----------
# communities          38
min community size      8
max community size   1118
avg. community size   131.553
modularity              1.21176
-------------------  ----------
45 community detected
NMI:0.16169537471827478
ARM:0.3893999629078355
__pmi+PLP__
PLP detected communities in 0.2048039436340332 [s]
solution properties:
-------------------  ---------
# communities         52
min community size     2
max community size   488
avg. community size   96.1346
modularity             1.20201
-------------------  ---------
45 community detected
NMI:0.11716263528933901
ARM:0.17410360372334188
__standard__
Network Properties for:		G#97cc
nodes, edges			4999, 56557
directed?			False
weighted?			True
isolated nodes			0
self-loops			0
density				0.004527
clustering coefficient		0.484121
min/max/avg degree		5, 390, 22.627325
degree assortativity		0.186473
number of connected components	1
size of largest component	4999 (100.00 %)
tot:  12.31619670018919
__standard+Louvain__
PLM(balanced,pc,turbo) detected communities in 0.629213809967041 [s]
solution properties:
-------------------  -----------
# communities          47
min community size      2
max community size   1162
avg. community size   106.362
modularity              0.914234
-------------------  -----------
45 community detected
NMI:0.40110374852774466
ARM:0.6522601078767615
__standard+PLP__
PLP detected communities in 0.17720246315002441 [s]
solution properties:
-------------------  ----------
# communities        756
min community size     2
max community size   207
avg. community size    6.61243
modularity             0.834436
-------------------  ----------
45 community detected
NMI:0.42130227117237107
ARM:0.7369362185842147
__ppmi__
Network Properties for:		G#119cc
nodes, edges			4999, 56557
directed?			False
weighted?			True
isolated nodes			0
self-loops			0
density				0.004527
clustering coefficient		0.484121
min/max/avg degree		5, 390, 22.627325
degree assortativity		0.186473
number of connected components	1
size of largest component	4999 (100.00 %)
tot:  190543.44768572418
__ppmi+Louvain__
PLM(balanced,pc,turbo) detected communities in 0.29160165786743164 [s]
solution properties:
-------------------  ----------
# communities         40
min community size     7
max community size   465
avg. community size  124.975
modularity             0.777216
-------------------  ----------
45 community detected
NMI:0.01884651448998631
ARM:0.020948003656312664
__ppmi+PLP__
PLP detected communities in 0.09746479988098145 [s]
solution properties:
-------------------  ----------
# communities         45
min community size     2
max community size   898
avg. community size  111.089
modularity             0.772783
-------------------  ----------
45 community detected
NMI:0.029799384611641
ARM:0.14476568319374616
__glovexmax50alpha0.2__
Network Properties for:		G#138cc
nodes, edges			4999, 56557
directed?			False
weighted?			True
isolated nodes			0
self-loops			0
density				0.004527
clustering coefficient		0.484121
min/max/avg degree		5, 390, 22.627325
degree assortativity		0.186473
number of connected components	1
size of largest component	4999 (100.00 %)
tot:  30603.289608275132
__glovexmax50alpha0.2+Louvain__
PLM(balanced,pc,turbo) detected communities in 0.3359701633453369 [s]
solution properties:
-------------------  ---------
# communities         34
min community size     6
max community size   473
avg. community size  147.029
modularity             0.74442
-------------------  ---------
45 community detected
NMI:0.01213971123928581
ARM:0.008290552701012754
__glovexmax50alpha0.2+PLP__
PLP detected communities in 0.06981658935546875 [s]
solution properties:
-------------------  ---------
# communities         44
min community size     6
max community size   480
avg. community size  113.614
modularity             0.74425
-------------------  ---------
45 community detected
NMI:0.0011650347145863993
ARM:0.0024968120589009546
__glovexmax40alpha0.2__
Network Properties for:		G#157cc
nodes, edges			4999, 56557
directed?			False
weighted?			True
isolated nodes			0
self-loops			0
density				0.004527
clustering coefficient		0.484121
min/max/avg degree		5, 390, 22.627325
degree assortativity		0.186473
number of connected components	1
size of largest component	4999 (100.00 %)
tot:  31913.575881315206
__glovexmax40alpha0.2+Louvain__
PLM(balanced,pc,turbo) detected communities in 0.3036026954650879 [s]
solution properties:
-------------------  ----------
# communities         24
min community size    48
max community size   473
avg. community size  208.292
modularity             0.744835
-------------------  ----------
45 community detected
NMI:0.026467362407184725
ARM:0.02143213010521816
__glovexmax40alpha0.2+PLP__
PLP detected communities in 0.07355976104736328 [s]
solution properties:
-------------------  ----------
# communities         45
min community size     6
max community size   473
avg. community size  111.089
modularity             0.744891
-------------------  ----------
45 community detected
NMI:0.0
ARM:0.0
__glovexmax30alpha0.3__
Network Properties for:		G#176cc
nodes, edges			4999, 56557
directed?			False
weighted?			True
isolated nodes			0
self-loops			0
density				0.004527
clustering coefficient		0.484121
min/max/avg degree		5, 390, 22.627325
degree assortativity		0.186473
number of connected components	1
size of largest component	4999 (100.00 %)
tot:  28319.426315684
__glovexmax30alpha0.3+Louvain__
PLM(balanced,pc,turbo) detected communities in 0.29380130767822266 [s]
solution properties:
-------------------  ---------
# communities         28
min community size     8
max community size   474
avg. community size  178.536
modularity             0.74221
-------------------  ---------
45 community detected
NMI:0.020932887198222616
ARM:0.01762096173887151
__glovexmax30alpha0.3+PLP__
PLP detected communities in 0.07645297050476074 [s]
solution properties:
-------------------  ---------
# communities         45
min community size     6
max community size   474
avg. community size  111.089
modularity             0.74217
-------------------  ---------
45 community detected
NMI:0.000453123973539471
ARM:0.000683953690666983
