__LOADINGS__
4993/63444 7.869932538931971 % of nul weighted edges removed
0/5000 0.0 % of nul degree nodes removed
Network Properties for:		network
nodes, edges			5000, 58451
directed?			False
weighted?			True
isolated nodes			0
self-loops			0
density				0.004677
clustering coefficient		0.271262
min/max/avg degree		1, 374, 23.380400
degree assortativity		0.287644
number of connected components	1
size of largest component	5000 (100.00 %)
558184.1301515702
__Groundtruth__
read communities from: ../../lfr_5000/mk500/k25/muw0.4/0/community.dat
-------------------  ----------
# communities         43
min community size     6
max community size   475
avg. community size  116.279
modularity             0.435536
-------------------  ----------
43 community detected
__CLASSIC_METHODS__
__Louvain__
PLM(balanced,pc,turbo) detected communities in 0.4546999931335449 [s]
solution properties:
-------------------  ----------
# communities         16
min community size   152
max community size   469
avg. community size  312.5
modularity             0.442274
-------------------  ----------
43 community detected
NMI:0.17014358032098453
ARI:0.22249757494412126
__Singleton__
43 community detected
NMI:0.45658760060139825
ARI:1.0
__AllInOne__
43 community detected
NMI:1.0
ARI:1.0
__PLP__
PLP detected communities in 0.12221240997314453 [s]
solution properties:
-------------------  ----------
# communities         36
min community size     3
max community size   486
avg. community size  138.889
modularity             0.441764
-------------------  ----------
43 community detected
NMI:0.10976996637353986
ARI:0.14731244070288974
__NORMALIZATION__
__glove__
Network Properties for:		G#21
nodes, edges			5000, 58451
directed?			False
weighted?			True
isolated nodes			0
self-loops			0
density				0.004677
clustering coefficient		0.271262
min/max/avg degree		1, 374, 23.380400
degree assortativity		0.287644
number of connected components	1
size of largest component	5000 (100.00 %)
tot:  8393.131742144893
__glove+Louvain__
PLM(balanced,pc,turbo) detected communities in 0.38503336906433105 [s]
solution properties:
-------------------  ----------
# communities         18
min community size   114
max community size   449
avg. community size  277.778
modularity             0.478601
-------------------  ----------
43 community detected
NMI:0.12326846107740275
ARI:0.15710922913794467
__glove+PLP__
PLP detected communities in 0.11153411865234375 [s]
solution properties:
-------------------  ----------
# communities         41
min community size     3
max community size   473
avg. community size  121.951
modularity             0.477403
-------------------  ----------
43 community detected
NMI:0.07762147567229982
ARI:0.10627945778454395
__fake_pmi__
Network Properties for:		G#30
nodes, edges			5000, 58451
directed?			False
weighted?			True
isolated nodes			0
self-loops			0
density				0.004677
clustering coefficient		0.271262
min/max/avg degree		1, 374, 23.380400
degree assortativity		0.287644
number of connected components	1
size of largest component	5000 (100.00 %)
tot:  0.0
__fake_pmi+Louvain__
1 community detected due to total edge weight equal 0
NMI:1
ARI:1
__fake_pmi+PLP__
1 community detected due to total edge weight equal 0
NMI:1
ARI:1
__iterative_rev_degree_order__
Network Properties for:		G#33
nodes, edges			5000, 58451
directed?			False
weighted?			True
isolated nodes			0
self-loops			0
density				0.004677
clustering coefficient		0.271262
min/max/avg degree		1, 374, 23.380400
degree assortativity		0.287644
number of connected components	1
size of largest component	5000 (100.00 %)
tot:  1296.3701095240026
__iterative_rev_degree_order+Louvain__
PLM(balanced,pc,turbo) detected communities in 0.7507832050323486 [s]
solution properties:
-------------------  ----------
# communities         68
min community size    35
max community size   127
avg. community size   73.5294
modularity             0.837054
-------------------  ----------
43 community detected
NMI:0.796552729802954
ARI:0.977382879406727
__iterative_rev_degree_order+PLP__
PLP detected communities in 0.12043356895446777 [s]
solution properties:
-------------------  -----------
# communities        1544
min community size      2
max community size     11
avg. community size     3.23834
modularity              0.720145
-------------------  -----------
43 community detected
NMI:0.5390476265401947
ARI:0.9942116193229766
__pmi__
Network Properties for:		G#48
nodes, edges			5000, 58451
directed?			False
weighted?			True
isolated nodes			0
self-loops			0
density				0.004677
clustering coefficient		0.271262
min/max/avg degree		1, 374, 23.380400
degree assortativity		0.287644
number of connected components	1
size of largest component	5000 (100.00 %)
tot:  101274.51804387447
__pmi+Louvain__
PLM(balanced,pc,turbo) detected communities in 0.6435286998748779 [s]
solution properties:
-------------------  ---------
# communities         31
min community size     1
max community size   558
avg. community size  161.29
modularity             0.93525
-------------------  ---------
43 community detected
NMI:0.44767690747207145
ARI:0.6716656685591913
__pmi+PLP__
PLP detected communities in 0.2333216667175293 [s]
solution properties:
-------------------  ----------
# communities        157
min community size     2
max community size   722
avg. community size   31.8471
modularity             0.920536
-------------------  ----------
43 community detected
NMI:0.40996817193110235
ARI:0.6576769613936493
__standard__
Network Properties for:		G#60
nodes, edges			5000, 58451
directed?			False
weighted?			True
isolated nodes			0
self-loops			0
density				0.004677
clustering coefficient		0.271262
min/max/avg degree		1, 374, 23.380400
degree assortativity		0.287644
number of connected components	1
size of largest component	5000 (100.00 %)
tot:  12.266068145844354
__standard+Louvain__
PLM(balanced,pc,turbo) detected communities in 0.6821343898773193 [s]
solution properties:
-------------------  ----------
# communities         73
min community size     2
max community size   285
avg. community size   68.4932
modularity             0.826656
-------------------  ----------
43 community detected
NMI:0.7062840758678681
ARI:0.9167299283216461
__standard+PLP__
PLP detected communities in 0.20682024955749512 [s]
solution properties:
-------------------  -----------
# communities        1208
min community size      2
max community size     56
avg. community size     4.13907
modularity              0.682024
-------------------  -----------
43 community detected
NMI:0.5601679705350238
ARI:0.9817697774250568
__ppmi__
Network Properties for:		G#75
nodes, edges			5000, 58451
directed?			False
weighted?			True
isolated nodes			0
self-loops			0
density				0.004677
clustering coefficient		0.271262
min/max/avg degree		1, 374, 23.380400
degree assortativity		0.287644
number of connected components	1
size of largest component	5000 (100.00 %)
tot:  198154.40700788875
__ppmi+Louvain__
PLM(balanced,pc,turbo) detected communities in 0.4473426342010498 [s]
solution properties:
-------------------  ---------
# communities         31
min community size    42
max community size   437
avg. community size  161.29
modularity             0.57342
-------------------  ---------
43 community detected
NMI:0.15478668369509752
ARI:0.2036231166849185
__ppmi+PLP__
PLP detected communities in 0.1252903938293457 [s]
solution properties:
-------------------  -----------
# communities          55
min community size      1
max community size   2380
avg. community size    90.9091
modularity              0.511721
-------------------  -----------
43 community detected
NMI:0.23985595560046624
ARI:0.7374541061601572
__glovexmax50alpha0.2__
Network Properties for:		G#84
nodes, edges			5000, 58451
directed?			False
weighted?			True
isolated nodes			0
self-loops			0
density				0.004677
clustering coefficient		0.271262
min/max/avg degree		1, 374, 23.380400
degree assortativity		0.287644
number of connected components	1
size of largest component	5000 (100.00 %)
tot:  32545.391819067496
__glovexmax50alpha0.2+Louvain__
PLM(balanced,pc,turbo) detected communities in 0.33817124366760254 [s]
solution properties:
-------------------  ----------
# communities         24
min community size    68
max community size   462
avg. community size  208.333
modularity             0.536036
-------------------  ----------
43 community detected
NMI:0.03715997476496591
ARI:0.0362729572882835
__glovexmax50alpha0.2+PLP__
PLP detected communities in 0.07663798332214355 [s]
solution properties:
-------------------  ---------
# communities         41
min community size     6
max community size   477
avg. community size  121.951
modularity             0.53575
-------------------  ---------
43 community detected
NMI:0.01288059895119964
ARI:0.020175258880377855
__glovexmax40alpha0.2__
Network Properties for:		G#93
nodes, edges			5000, 58451
directed?			False
weighted?			True
isolated nodes			0
self-loops			0
density				0.004677
clustering coefficient		0.271262
min/max/avg degree		1, 374, 23.380400
degree assortativity		0.287644
number of connected components	1
size of largest component	5000 (100.00 %)
tot:  33962.15823371589
__glovexmax40alpha0.2+Louvain__
PLM(balanced,pc,turbo) detected communities in 0.3809847831726074 [s]
solution properties:
-------------------  ----------
# communities         18
min community size   157
max community size   462
avg. community size  277.778
modularity             0.535267
-------------------  ----------
43 community detected
NMI:0.06618518652276795
ARI:0.08132697149767032
__glovexmax40alpha0.2+PLP__
PLP detected communities in 0.05037283897399902 [s]
solution properties:
-------------------  ----------
# communities         41
min community size     6
max community size   477
avg. community size  121.951
modularity             0.536256
-------------------  ----------
43 community detected
NMI:0.012858044397350832
ARI:0.020006934137381638
__glovexmax30alpha0.3__
Network Properties for:		G#102
nodes, edges			5000, 58451
directed?			False
weighted?			True
isolated nodes			0
self-loops			0
density				0.004677
clustering coefficient		0.271262
min/max/avg degree		1, 374, 23.380400
degree assortativity		0.287644
number of connected components	1
size of largest component	5000 (100.00 %)
tot:  30724.59557648761
__glovexmax30alpha0.3+Louvain__
PLM(balanced,pc,turbo) detected communities in 0.27120113372802734 [s]
solution properties:
-------------------  ----------
# communities         21
min community size    96
max community size   453
avg. community size  238.095
modularity             0.531509
-------------------  ----------
43 community detected
NMI:0.057265200053194354
ARI:0.06354670932067841
__glovexmax30alpha0.3+PLP__
PLP detected communities in 0.07457423210144043 [s]
solution properties:
-------------------  ----------
# communities         41
min community size     6
max community size   454
avg. community size  121.951
modularity             0.531436
-------------------  ----------
43 community detected
NMI:0.021491795382900025
ARI:0.03138473065576075
NMI classement:
[('NMIglovexmax40alpha0.2+PLP', 0.012858044397350832), ('NMIglovexmax50alpha0.2+PLP', 0.01288059895119964), ('NMIglovexmax30alpha0.3+PLP', 0.021491795382900025), ('NMIglovexmax50alpha0.2+Louvain', 0.03715997476496591), ('NMIglovexmax30alpha0.3+Louvain', 0.057265200053194354), ('NMIglovexmax40alpha0.2+Louvain', 0.06618518652276795), ('NMIglove+PLP', 0.07762147567229982), ('NMIPLP', 0.10976996637353986), ('NMIglove+Louvain', 0.12326846107740275), ('NMIppmi+Louvain', 0.15478668369509752), ('NMILouvain', 0.17014358032098453), ('NMIppmi+PLP', 0.23985595560046624), ('NMIpmi+PLP', 0.40996817193110235), ('NMIpmi+Louvain', 0.44767690747207145), ('NMISingleton', 0.45658760060139825), ('NMIiterative_rev_degree_order+PLP', 0.5390476265401947), ('NMIstandard+PLP', 0.5601679705350238), ('NMIstandard+Louvain', 0.7062840758678681), ('NMIiterative_rev_degree_order+Louvain', 0.796552729802954), ('NMIAllInOne', 1.0), ('NMIfake_pmi+Louvain', 1), ('NMIfake_pmi+PLP', 1)]
ARI classement:
[('ARIglovexmax40alpha0.2+PLP', 0.020006934137381638), ('ARIglovexmax50alpha0.2+PLP', 0.020175258880377855), ('ARIglovexmax30alpha0.3+PLP', 0.03138473065576075), ('ARIglovexmax50alpha0.2+Louvain', 0.0362729572882835), ('ARIglovexmax30alpha0.3+Louvain', 0.06354670932067841), ('ARIglovexmax40alpha0.2+Louvain', 0.08132697149767032), ('ARIglove+PLP', 0.10627945778454395), ('ARIPLP', 0.14731244070288974), ('ARIglove+Louvain', 0.15710922913794467), ('ARIppmi+Louvain', 0.2036231166849185), ('ARILouvain', 0.22249757494412126), ('ARIpmi+PLP', 0.6576769613936493), ('ARIpmi+Louvain', 0.6716656685591913), ('ARIppmi+PLP', 0.7374541061601572), ('ARIstandard+Louvain', 0.9167299283216461), ('ARIiterative_rev_degree_order+Louvain', 0.977382879406727), ('ARIstandard+PLP', 0.9817697774250568), ('ARIiterative_rev_degree_order+PLP', 0.9942116193229766), ('ARISingleton', 1.0), ('ARIAllInOne', 1.0), ('ARIfake_pmi+Louvain', 1), ('ARIfake_pmi+PLP', 1)]
