__LOADINGS__
Network Properties for:		network
nodes, edges			5000, 31044
directed?			False
weighted?			True
isolated nodes			1
self-loops			0
density				0.002484
clustering coefficient		0.391590
min/max/avg degree		0, 80, 12.417600
degree assortativity		0.306274
number of connected components	2
size of largest component	4999 (99.98 %)
164321.43546958535
__Groundtruth__
read communities from: ../../lfr_5000/mk100/k15/muw0.2/47/community.dat
-------------------  ----------
# communities        104
min community size    20
max community size    99
avg. community size   48.0769
modularity             0.800845
-------------------  ----------
104 community detected
__CLASSIC_METHODS__
__Louvain__
PLM(balanced,pc,turbo) detected communities in 0.43399858474731445 [s]
solution properties:
-------------------  ----------
# communities         53
min community size     1
max community size   167
avg. community size   94.3396
modularity             0.802644
-------------------  ----------
104 community detected
NMI:0.08324546130102117
ARM:0.303394740472279
__Singleton__
104 community detected
NMI:0.3047814955401733
ARM:1.0
__AllInOne__
104 community detected
NMI:1.0
ARM:1.0
__PLP__
PLP detected communities in 0.13358354568481445 [s]
solution properties:
-------------------  ----------
# communities        110
min community size     1
max community size   100
avg. community size   45.4545
modularity             0.797761
-------------------  ----------
104 community detected
NMI:0.009714283020228143
ARM:0.019402280049915732
__NORMALIZATION__
__glove__
Network Properties for:		G#21cc
nodes, edges			4999, 31044
directed?			False
weighted?			True
isolated nodes			0
self-loops			0
density				0.002485
clustering coefficient		0.391669
min/max/avg degree		2, 80, 12.420084
degree assortativity		0.306274
number of connected components	1
size of largest component	4999 (100.00 %)
tot:  3183.6892404816745
__glove+Louvain__
PLM(balanced,pc,turbo) detected communities in 0.3826613426208496 [s]
solution properties:
-------------------  ----------
# communities         64
min community size    32
max community size   128
avg. community size   78.1094
modularity             0.811198
-------------------  ----------
104 community detected
NMI:0.05160399944723848
ARM:0.18436705458455016
__glove+PLP__
PLP detected communities in 0.13601469993591309 [s]
solution properties:
-------------------  ----------
# communities        107
min community size     9
max community size   100
avg. community size   46.7196
modularity             0.808443
-------------------  ----------
104 community detected
NMI:0.005298324607510785
ARM:0.010940287635609947
__fake_pmi__
Network Properties for:		G#40cc
nodes, edges			4999, 31044
directed?			False
weighted?			True
isolated nodes			0
self-loops			0
density				0.002485
clustering coefficient		0.391669
min/max/avg degree		2, 80, 12.420084
degree assortativity		0.306274
number of connected components	1
size of largest component	4999 (100.00 %)
tot:  0.0
__fake_pmi+Louvain__
1 community detected due to total edge weight equal 0
NMI:1
ARM:0.010940287635609947
__fake_pmi+PLP__
1 community detected due to total edge weight equal 0
NMI:1
ARM:0.010940287635609947
__iterative_rev_degree_order__
Network Properties for:		G#53cc
nodes, edges			4999, 31044
directed?			False
weighted?			True
isolated nodes			0
self-loops			0
density				0.002485
clustering coefficient		0.391669
min/max/avg degree		2, 80, 12.420084
degree assortativity		0.306274
number of connected components	1
size of largest component	4999 (100.00 %)
tot:  1548.0427533339318
__iterative_rev_degree_order+Louvain__
PLM(balanced,pc,turbo) detected communities in 0.38741350173950195 [s]
solution properties:
-------------------  ----------
# communities         55
min community size    43
max community size   148
avg. community size   90.8909
modularity             0.846036
-------------------  ----------
104 community detected
NMI:0.39447036662378765
ARM:0.7132094778910987
__iterative_rev_degree_order+PLP__
PLP detected communities in 0.09493446350097656 [s]
solution properties:
-------------------  -----------
# communities        1430
min community size      2
max community size     10
avg. community size     3.4958
modularity              0.681253
-------------------  -----------
104 community detected
NMI:0.3043864170471977
ARM:0.9391816254230815
__pmi__
Network Properties for:		G#78cc
nodes, edges			4999, 31044
directed?			False
weighted?			True
isolated nodes			0
self-loops			0
density				0.002485
clustering coefficient		0.391669
min/max/avg degree		2, 80, 12.420084
degree assortativity		0.306274
number of connected components	1
size of largest component	4999 (100.00 %)
tot:  182396.74786884442
__pmi+Louvain__
PLM(balanced,pc,turbo) detected communities in 0.37497854232788086 [s]
solution properties:
-------------------  ----------
# communities         80
min community size    31
max community size   104
avg. community size   62.4875
modularity             0.821302
-------------------  ----------
104 community detected
NMI:0.026342658926508777
ARM:0.0846370513963064
__pmi+PLP__
PLP detected communities in 0.06613564491271973 [s]
solution properties:
-------------------  ----------
# communities        109
min community size     2
max community size   100
avg. community size   45.8624
modularity             0.818502
-------------------  ----------
104 community detected
NMI:0.004127465752635895
ARM:0.008683348175159367
__standard__
Network Properties for:		G#97cc
nodes, edges			4999, 31044
directed?			False
weighted?			True
isolated nodes			0
self-loops			0
density				0.002485
clustering coefficient		0.391669
min/max/avg degree		2, 80, 12.420084
degree assortativity		0.306274
number of connected components	1
size of largest component	4999 (100.00 %)
tot:  33.90761600365918
__standard+Louvain__
PLM(balanced,pc,turbo) detected communities in 0.6271219253540039 [s]
solution properties:
-------------------  ----------
# communities         59
min community size    25
max community size   569
avg. community size   84.7288
modularity             0.853413
-------------------  ----------
104 community detected
NMI:0.21138397076046667
ARM:0.5943054890815158
__standard+PLP__
PLP detected communities in 0.2395169734954834 [s]
solution properties:
-------------------  ----------
# communities        547
min community size     1
max community size    74
avg. community size    9.13894
modularity             0.714652
-------------------  ----------
104 community detected
NMI:0.16905613102623807
ARM:0.4029883491861799
__ppmi__
Network Properties for:		G#119cc
nodes, edges			4999, 31044
directed?			False
weighted?			True
isolated nodes			0
self-loops			0
density				0.002485
clustering coefficient		0.391669
min/max/avg degree		2, 80, 12.420084
degree assortativity		0.306274
number of connected components	1
size of largest component	4999 (100.00 %)
tot:  187000.93710105584
__ppmi+Louvain__
PLM(balanced,pc,turbo) detected communities in 0.488339900970459 [s]
solution properties:
-------------------  ----------
# communities         62
min community size    44
max community size   113
avg. community size   80.629
modularity             0.817181
-------------------  ----------
104 community detected
NMI:0.0515651607271993
ARM:0.18777815520844732
__ppmi+PLP__
PLP detected communities in 0.13564014434814453 [s]
solution properties:
-------------------  ---------
# communities        111
min community size     3
max community size   100
avg. community size   45.036
modularity             0.80618
-------------------  ---------
104 community detected
NMI:0.004382782446278433
ARM:0.013829961125443324
__glovexmax50alpha0.2__
Network Properties for:		G#138cc
nodes, edges			4999, 31044
directed?			False
weighted?			True
isolated nodes			0
self-loops			0
density				0.002485
clustering coefficient		0.391669
min/max/avg degree		2, 80, 12.420084
degree assortativity		0.306274
number of connected components	1
size of largest component	4999 (100.00 %)
tot:  18136.795746897587
__glovexmax50alpha0.2+Louvain__
PLM(balanced,pc,turbo) detected communities in 0.34964799880981445 [s]
solution properties:
-------------------  ----------
# communities         65
min community size    43
max community size   116
avg. community size   76.9077
modularity             0.815614
-------------------  ----------
104 community detected
NMI:0.04580770626093833
ARM:0.1638619137849361
__glovexmax50alpha0.2+PLP__
PLP detected communities in 0.1596684455871582 [s]
solution properties:
-------------------  ----------
# communities        105
min community size    20
max community size   100
avg. community size   47.6095
modularity             0.812425
-------------------  ----------
104 community detected
NMI:0.0021586779687317037
ARM:0.006654605854783613
__glovexmax40alpha0.2__
Network Properties for:		G#157cc
nodes, edges			4999, 31044
directed?			False
weighted?			True
isolated nodes			0
self-loops			0
density				0.002485
clustering coefficient		0.391669
min/max/avg degree		2, 80, 12.420084
degree assortativity		0.306274
number of connected components	1
size of largest component	4999 (100.00 %)
tot:  18964.354840543925
__glovexmax40alpha0.2+Louvain__
PLM(balanced,pc,turbo) detected communities in 0.3506736755371094 [s]
solution properties:
-------------------  ----------
# communities         60
min community size    44
max community size   128
avg. community size   83.3167
modularity             0.815186
-------------------  ----------
104 community detected
NMI:0.05518392802172534
ARM:0.20140776479115696
__glovexmax40alpha0.2+PLP__
PLP detected communities in 0.11448335647583008 [s]
solution properties:
-------------------  ---------
# communities        106
min community size     9
max community size   100
avg. community size   47.1604
modularity             0.81412
-------------------  ---------
104 community detected
NMI:0.001843496782013565
ARM:0.003861655658486174
__glovexmax30alpha0.3__
Network Properties for:		G#176cc
nodes, edges			4999, 31044
directed?			False
weighted?			True
isolated nodes			0
self-loops			0
density				0.002485
clustering coefficient		0.391669
min/max/avg degree		2, 80, 12.420084
degree assortativity		0.306274
number of connected components	1
size of largest component	4999 (100.00 %)
tot:  16592.3187560347
__glovexmax30alpha0.3+Louvain__
PLM(balanced,pc,turbo) detected communities in 0.41635799407958984 [s]
solution properties:
-------------------  ---------
# communities         70
min community size    37
max community size   127
avg. community size   71.4143
modularity             0.81777
-------------------  ---------
104 community detected
NMI:0.03853992231871228
ARM:0.13734525930430475
__glovexmax30alpha0.3+PLP__
PLP detected communities in 0.12692570686340332 [s]
solution properties:
-------------------  ---------
# communities        105
min community size    10
max community size   100
avg. community size   47.6095
modularity             0.81647
-------------------  ---------
104 community detected
NMI:0.002019701375520544
ARM:0.004704575181783688
