__LOADINGS__
4992/62242 8.020307830725233 % of nul weighted edges removed
1/5000 0.02 % of nul degree nodes removed
Network Properties for:		network
nodes, edges			4999, 57250
directed?			False
weighted?			True
isolated nodes			1
self-loops			0
density				0.004583
clustering coefficient		0.315327
min/max/avg degree		0, 230, 22.904581
degree assortativity		0.236355
number of connected components	1
size of largest component	4999 (100.00 %)
453017.4023682407
__Groundtruth__
read communities from: ../../lfr_5000/mk300/k25/muw0.3/22/community.dat
-------------------  ---------
# communities         32
min community size   100
max community size   215
avg. community size  156.25
modularity             0.62618
-------------------  ---------
32 community detected
__CLASSIC_METHODS__
__Louvain__
PLM(balanced,pc,turbo) detected communities in 0.136505126953125 [s]
solution properties:
-------------------  ----------
# communities         32
min community size   100
max community size   219
avg. community size  156.219
modularity             0.627155
-------------------  ----------
32 community detected
NMI:0.022974020014939867
ARI:0.028239339046543854
__Singleton__
32 community detected
NMI:0.4236841828226895
ARI:1.0
__AllInOne__
32 community detected
NMI:1.0
ARI:1.0
__PLP__
PLP detected communities in 0.02488255500793457 [s]
solution properties:
-------------------  ----------
# communities         33
min community size     1
max community size   219
avg. community size  151.515
modularity             0.627151
-------------------  ----------
32 community detected
NMI:0.023884878212648175
ARI:0.029581609171812406
__NORMALIZATION__
__glove__
Network Properties for:		G#18
nodes, edges			4999, 57250
directed?			False
weighted?			True
isolated nodes			1
self-loops			0
density				0.004583
clustering coefficient		0.315327
min/max/avg degree		0, 230, 22.904581
degree assortativity		0.236355
number of connected components	1
size of largest component	4999 (100.00 %)
tot:  7504.885269874634
__glove+Louvain__
PLM(balanced,pc,turbo) detected communities in 0.13979148864746094 [s]
solution properties:
-------------------  ----------
# communities         32
min community size   100
max community size   216
avg. community size  156.219
modularity             0.644812
-------------------  ----------
32 community detected
NMI:0.012839179093906194
ARI:0.015863962984942748
__glove+PLP__
PLP detected communities in 0.05844306945800781 [s]
solution properties:
-------------------  ----------
# communities         33
min community size     1
max community size   219
avg. community size  151.515
modularity             0.644808
-------------------  ----------
32 community detected
NMI:0.014967279698306024
ARI:0.01846822727873887
__fake_pmi__
Network Properties for:		G#24
nodes, edges			4999, 57250
directed?			False
weighted?			True
isolated nodes			1
self-loops			0
density				0.004583
clustering coefficient		0.315327
min/max/avg degree		0, 230, 22.904581
degree assortativity		0.236355
number of connected components	1
size of largest component	4999 (100.00 %)
tot:  0.0
__fake_pmi+Louvain__
1 community detected due to total edge weight equal 0
NMI:1
ARI:1
__fake_pmi+PLP__
1 community detected due to total edge weight equal 0
NMI:1
ARI:1
__iterative_rev_degree_order__
Network Properties for:		G#27
nodes, edges			4999, 57250
directed?			False
weighted?			True
isolated nodes			1
self-loops			0
density				0.004583
clustering coefficient		0.315327
min/max/avg degree		0, 230, 22.904581
degree assortativity		0.236355
number of connected components	1
size of largest component	4999 (100.00 %)
tot:  1366.7117333150118
__iterative_rev_degree_order+Louvain__
PLM(balanced,pc,turbo) detected communities in 0.5638182163238525 [s]
solution properties:
-------------------  ----------
# communities         58
min community size    23
max community size   175
avg. community size   86.1897
modularity             0.807413
-------------------  ----------
32 community detected
NMI:0.732341996385647
ARI:0.9094533567636
__iterative_rev_degree_order+PLP__
PLP detected communities in 0.07475495338439941 [s]
solution properties:
-------------------  -----------
# communities        1533
min community size      1
max community size     13
avg. community size     3.26158
modularity              0.688962
-------------------  -----------
32 community detected
NMI:0.48533386575334014
ARI:0.9873894313753294
__pmi__
Network Properties for:		G#42
nodes, edges			4999, 57250
directed?			False
weighted?			True
isolated nodes			1
self-loops			0
density				0.004583
clustering coefficient		0.315327
min/max/avg degree		0, 230, 22.904581
degree assortativity		0.236355
number of connected components	1
size of largest component	4999 (100.00 %)
tot:  176111.99515152458
__pmi+Louvain__
PLM(balanced,pc,turbo) detected communities in 0.4012734889984131 [s]
solution properties:
-------------------  ----------
# communities         26
min community size   105
max community size   370
avg. community size  192.269
modularity             0.779243
-------------------  ----------
32 community detected
NMI:0.14243709527890636
ARI:0.2886401318543438
__pmi+PLP__
PLP detected communities in 0.08191847801208496 [s]
solution properties:
-------------------  ----------
# communities         41
min community size     1
max community size   200
avg. community size  121.951
modularity             0.780418
-------------------  ----------
32 community detected
NMI:0.10513064180939702
ARI:0.14733030195768781
__standard__
Network Properties for:		G#51
nodes, edges			4999, 57250
directed?			False
weighted?			True
isolated nodes			1
self-loops			0
density				0.004583
clustering coefficient		0.315327
min/max/avg degree		0, 230, 22.904581
degree assortativity		0.236355
number of connected components	1
size of largest component	4999 (100.00 %)
tot:  8.856242689270262
__standard+Louvain__
PLM(balanced,pc,turbo) detected communities in 0.555034875869751 [s]
solution properties:
-------------------  ---------
# communities         34
min community size     3
max community size   237
avg. community size  147.029
modularity             0.76032
-------------------  ---------
32 community detected
NMI:0.40508710074544585
ARI:0.5279613950187843
__standard+PLP__
PLP detected communities in 0.23995184898376465 [s]
solution properties:
-------------------  ----------
# communities        963
min community size     1
max community size   132
avg. community size    5.19211
modularity             0.614086
-------------------  ----------
32 community detected
NMI:0.4064940522250029
ARI:0.7354090414482144
__ppmi__
Network Properties for:		G#63
nodes, edges			4999, 57250
directed?			False
weighted?			True
isolated nodes			1
self-loops			0
density				0.004583
clustering coefficient		0.315327
min/max/avg degree		0, 230, 22.904581
degree assortativity		0.236355
number of connected components	1
size of largest component	4999 (100.00 %)
tot:  232158.45915200433
__ppmi+Louvain__
PLM(balanced,pc,turbo) detected communities in 0.16985678672790527 [s]
solution properties:
-------------------  ----------
# communities         32
min community size   101
max community size   215
avg. community size  156.219
modularity             0.685475
-------------------  ----------
32 community detected
NMI:0.0039215058760267985
ARI:0.004919168561538401
__ppmi+PLP__
PLP detected communities in 0.11606287956237793 [s]
solution properties:
-------------------  ----------
# communities         31
min community size     1
max community size   494
avg. community size  161.29
modularity             0.681362
-------------------  ----------
32 community detected
NMI:0.01932375247910556
ARI:0.09611926827605821
__glovexmax50alpha0.2__
Network Properties for:		G#69
nodes, edges			4999, 57250
directed?			False
weighted?			True
isolated nodes			1
self-loops			0
density				0.004583
clustering coefficient		0.315327
min/max/avg degree		0, 230, 22.904581
degree assortativity		0.236355
number of connected components	1
size of largest component	4999 (100.00 %)
tot:  32641.375980874385
__glovexmax50alpha0.2+Louvain__
PLM(balanced,pc,turbo) detected communities in 0.2800445556640625 [s]
solution properties:
-------------------  ----------
# communities         32
min community size   100
max community size   214
avg. community size  156.219
modularity             0.674828
-------------------  ----------
32 community detected
NMI:0.0
ARI:0.0
__glovexmax50alpha0.2+PLP__
PLP detected communities in 0.040142059326171875 [s]
solution properties:
-------------------  ----------
# communities         33
min community size     1
max community size   214
avg. community size  151.515
modularity             0.674828
-------------------  ----------
32 community detected
NMI:0.0
ARI:0.0
__glovexmax40alpha0.2__
Network Properties for:		G#75
nodes, edges			4999, 57250
directed?			False
weighted?			True
isolated nodes			1
self-loops			0
density				0.004583
clustering coefficient		0.315327
min/max/avg degree		0, 230, 22.904581
degree assortativity		0.236355
number of connected components	1
size of largest component	4999 (100.00 %)
tot:  34100.99993707267
__glovexmax40alpha0.2+Louvain__
PLM(balanced,pc,turbo) detected communities in 0.20935893058776855 [s]
solution properties:
-------------------  ----------
# communities         32
min community size   100
max community size   214
avg. community size  156.219
modularity             0.674957
-------------------  ----------
32 community detected
NMI:0.0
ARI:0.0
__glovexmax40alpha0.2+PLP__
PLP detected communities in 0.07063889503479004 [s]
solution properties:
-------------------  ----------
# communities         33
min community size     1
max community size   214
avg. community size  151.515
modularity             0.674957
-------------------  ----------
32 community detected
NMI:0.0
ARI:0.0
__glovexmax30alpha0.3__
Network Properties for:		G#81
nodes, edges			4999, 57250
directed?			False
weighted?			True
isolated nodes			1
self-loops			0
density				0.004583
clustering coefficient		0.315327
min/max/avg degree		0, 230, 22.904581
degree assortativity		0.236355
number of connected components	1
size of largest component	4999 (100.00 %)
tot:  30698.333172912255
__glovexmax30alpha0.3+Louvain__
PLM(balanced,pc,turbo) detected communities in 0.12981510162353516 [s]
solution properties:
-------------------  ----------
# communities         32
min community size   100
max community size   215
avg. community size  156.219
modularity             0.672457
-------------------  ----------
32 community detected
NMI:0.0003681098493909518
ARI:0.0005371217981501308
__glovexmax30alpha0.3+PLP__
PLP detected communities in 0.02959275245666504 [s]
solution properties:
-------------------  ----------
# communities         33
min community size     1
max community size   215
avg. community size  151.515
modularity             0.672457
-------------------  ----------
32 community detected
NMI:0.0003681098493909518
ARI:0.0005371217981501308
NMI classement:
[('NMIglovexmax50alpha0.2+Louvain', 0.0), ('NMIglovexmax50alpha0.2+PLP', 0.0), ('NMIglovexmax40alpha0.2+Louvain', 0.0), ('NMIglovexmax40alpha0.2+PLP', 0.0), ('NMIglovexmax30alpha0.3+Louvain', 0.0003681098493909518), ('NMIglovexmax30alpha0.3+PLP', 0.0003681098493909518), ('NMIppmi+Louvain', 0.0039215058760267985), ('NMIglove+Louvain', 0.012839179093906194), ('NMIglove+PLP', 0.014967279698306024), ('NMIppmi+PLP', 0.01932375247910556), ('NMILouvain', 0.022974020014939867), ('NMIPLP', 0.023884878212648175), ('NMIpmi+PLP', 0.10513064180939702), ('NMIpmi+Louvain', 0.14243709527890636), ('NMIstandard+Louvain', 0.40508710074544585), ('NMIstandard+PLP', 0.4064940522250029), ('NMISingleton', 0.4236841828226895), ('NMIiterative_rev_degree_order+PLP', 0.48533386575334014), ('NMIiterative_rev_degree_order+Louvain', 0.732341996385647), ('NMIAllInOne', 1.0), ('NMIfake_pmi+Louvain', 1), ('NMIfake_pmi+PLP', 1)]
ARI classement:
[('ARIglovexmax50alpha0.2+Louvain', 0.0), ('ARIglovexmax50alpha0.2+PLP', 0.0), ('ARIglovexmax40alpha0.2+Louvain', 0.0), ('ARIglovexmax40alpha0.2+PLP', 0.0), ('ARIglovexmax30alpha0.3+Louvain', 0.0005371217981501308), ('ARIglovexmax30alpha0.3+PLP', 0.0005371217981501308), ('ARIppmi+Louvain', 0.004919168561538401), ('ARIglove+Louvain', 0.015863962984942748), ('ARIglove+PLP', 0.01846822727873887), ('ARILouvain', 0.028239339046543854), ('ARIPLP', 0.029581609171812406), ('ARIppmi+PLP', 0.09611926827605821), ('ARIpmi+PLP', 0.14733030195768781), ('ARIpmi+Louvain', 0.2886401318543438), ('ARIstandard+Louvain', 0.5279613950187843), ('ARIstandard+PLP', 0.7354090414482144), ('ARIiterative_rev_degree_order+Louvain', 0.9094533567636), ('ARIiterative_rev_degree_order+PLP', 0.9873894313753294), ('ARISingleton', 1.0), ('ARIAllInOne', 1.0), ('ARIfake_pmi+Louvain', 1), ('ARIfake_pmi+PLP', 1)]
