__LOADINGS__
4970/61222 8.117996798536474 % of nul weighted edges removed
0/5000 0.0 % of nul degree nodes removed
Network Properties for:		network
nodes, edges			5000, 56252
directed?			False
weighted?			True
isolated nodes			0
self-loops			0
density				0.004501
clustering coefficient		0.447707
min/max/avg degree		2, 87, 22.500800
degree assortativity		0.409931
number of connected components	1
size of largest component	5000 (100.00 %)
337213.31007433764
__Groundtruth__
read communities from: ../../lfr_5000/mk100/k25/muw0.2/35/community.dat
-------------------  ----------
# communities        104
min community size    20
max community size    99
avg. community size   48.0769
modularity             0.817437
-------------------  ----------
104 community detected
__CLASSIC_METHODS__
__Louvain__
PLM(balanced,pc,turbo) detected communities in 0.2736339569091797 [s]
solution properties:
-------------------  ----------
# communities         55
min community size    43
max community size   146
avg. community size   90.9091
modularity             0.816975
-------------------  ----------
104 community detected
NMI:0.06662263399743251
ARI:0.2533803987150516
__Singleton__
104 community detected
NMI:0.30478149554017087
ARI:1.0
__AllInOne__
104 community detected
NMI:1.0
ARI:1.0
__PLP__
PLP detected communities in 0.08917760848999023 [s]
solution properties:
-------------------  ----------
# communities        105
min community size     1
max community size   101
avg. community size   47.619
modularity             0.817406
-------------------  ----------
104 community detected
NMI:0.0005799915001816203
ARI:0.0013628859461167764
__NORMALIZATION__
__glove__
Network Properties for:		G#21
nodes, edges			5000, 56252
directed?			False
weighted?			True
isolated nodes			0
self-loops			0
density				0.004501
clustering coefficient		0.447707
min/max/avg degree		2, 87, 22.500800
degree assortativity		0.409931
number of connected components	1
size of largest component	5000 (100.00 %)
tot:  6589.782112459165
__glove+Louvain__
PLM(balanced,pc,turbo) detected communities in 0.45802974700927734 [s]
solution properties:
-------------------  ----------
# communities         64
min community size    43
max community size   117
avg. community size   78.125
modularity             0.819377
-------------------  ----------
104 community detected
NMI:0.04635069345715659
ARI:0.1659467391112185
__glove+PLP__
PLP detected communities in 0.09240436553955078 [s]
solution properties:
-------------------  ----------
# communities        104
min community size    20
max community size   101
avg. community size   48.0769
modularity             0.819364
-------------------  ----------
104 community detected
NMI:0.00048498238702465724
ARI:0.0012679256946371842
__fake_pmi__
Network Properties for:		G#30
nodes, edges			5000, 56252
directed?			False
weighted?			True
isolated nodes			0
self-loops			0
density				0.004501
clustering coefficient		0.447707
min/max/avg degree		2, 87, 22.500800
degree assortativity		0.409931
number of connected components	1
size of largest component	5000 (100.00 %)
tot:  0.0
__fake_pmi+Louvain__
1 community detected due to total edge weight equal 0
NMI:1
ARI:1
__fake_pmi+PLP__
1 community detected due to total edge weight equal 0
NMI:1
ARI:1
__iterative_rev_degree_order__
Network Properties for:		G#33
nodes, edges			5000, 56252
directed?			False
weighted?			True
isolated nodes			0
self-loops			0
density				0.004501
clustering coefficient		0.447707
min/max/avg degree		2, 87, 22.500800
degree assortativity		0.409931
number of connected components	1
size of largest component	5000 (100.00 %)
tot:  1155.7024762138512
__iterative_rev_degree_order+Louvain__
PLM(balanced,pc,turbo) detected communities in 0.7128646373748779 [s]
solution properties:
-------------------  ----------
# communities         55
min community size    33
max community size   168
avg. community size   90.9091
modularity             0.789029
-------------------  ----------
104 community detected
NMI:0.3857330256511654
ARI:0.7135371536218104
__iterative_rev_degree_order+PLP__
PLP detected communities in 0.1474761962890625 [s]
solution properties:
-------------------  -----------
# communities        1083
min community size      2
max community size     33
avg. community size     4.61681
modularity              0.619703
-------------------  -----------
104 community detected
NMI:0.2975683900547972
ARI:0.896997226556824
__pmi__
Network Properties for:		G#48
nodes, edges			5000, 56252
directed?			False
weighted?			True
isolated nodes			0
self-loops			0
density				0.004501
clustering coefficient		0.447707
min/max/avg degree		2, 87, 22.500800
degree assortativity		0.409931
number of connected components	1
size of largest component	5000 (100.00 %)
tot:  335514.76424942346
__pmi+Louvain__
PLM(balanced,pc,turbo) detected communities in 0.45809364318847656 [s]
solution properties:
-------------------  ----------
# communities         73
min community size    41
max community size   100
avg. community size   68.4932
modularity             0.820909
-------------------  ----------
104 community detected
NMI:0.030813905026263355
ARI:0.10218597042975885
__pmi+PLP__
PLP detected communities in 0.10233330726623535 [s]
solution properties:
-------------------  --------
# communities        103
min community size    20
max community size   100
avg. community size   48.5437
modularity             0.8213
-------------------  --------
104 community detected
NMI:0.0010833840383923654
ARI:0.003296814947429616
__standard__
Network Properties for:		G#57
nodes, edges			5000, 56252
directed?			False
weighted?			True
isolated nodes			0
self-loops			0
density				0.004501
clustering coefficient		0.447707
min/max/avg degree		2, 87, 22.500800
degree assortativity		0.409931
number of connected components	1
size of largest component	5000 (100.00 %)
tot:  18.340756248022466
__standard+Louvain__
PLM(balanced,pc,turbo) detected communities in 0.5930929183959961 [s]
solution properties:
-------------------  ----------
# communities         68
min community size    21
max community size   183
avg. community size   73.5294
modularity             0.825191
-------------------  ----------
104 community detected
NMI:0.0979192644568051
ARI:0.3355875200496714
__standard+PLP__
PLP detected communities in 0.16263914108276367 [s]
solution properties:
-------------------  ----------
# communities        161
min community size     1
max community size    95
avg. community size   31.0559
modularity             0.816988
-------------------  ----------
104 community detected
NMI:0.0443508618563504
ARI:0.09170299235132284
__ppmi__
Network Properties for:		G#69
nodes, edges			5000, 56252
directed?			False
weighted?			True
isolated nodes			0
self-loops			0
density				0.004501
clustering coefficient		0.447707
min/max/avg degree		2, 87, 22.500800
degree assortativity		0.409931
number of connected components	1
size of largest component	5000 (100.00 %)
tot:  336462.75511678885
__ppmi+Louvain__
PLM(balanced,pc,turbo) detected communities in 0.6020612716674805 [s]
solution properties:
-------------------  ----------
# communities         74
min community size    36
max community size   100
avg. community size   67.5676
modularity             0.819832
-------------------  ----------
104 community detected
NMI:0.029216855713387613
ARI:0.09519543740296665
__ppmi+PLP__
PLP detected communities in 0.0966026782989502 [s]
solution properties:
-------------------  ----------
# communities        102
min community size    20
max community size   109
avg. community size   49.0196
modularity             0.820102
-------------------  ----------
104 community detected
NMI:0.002479390392351233
ARI:0.011334920662507186
__glovexmax50alpha0.2__
Network Properties for:		G#78
nodes, edges			5000, 56252
directed?			False
weighted?			True
isolated nodes			0
self-loops			0
density				0.004501
clustering coefficient		0.447707
min/max/avg degree		2, 87, 22.500800
degree assortativity		0.409931
number of connected components	1
size of largest component	5000 (100.00 %)
tot:  35506.4123400506
__glovexmax50alpha0.2+Louvain__
PLM(balanced,pc,turbo) detected communities in 0.46333837509155273 [s]
solution properties:
-------------------  ----------
# communities         63
min community size    52
max community size   119
avg. community size   79.3651
modularity             0.816872
-------------------  ----------
104 community detected
NMI:0.047907734954841685
ARI:0.17140280713670886
__glovexmax50alpha0.2+PLP__
PLP detected communities in 0.06707286834716797 [s]
solution properties:
-------------------  ---------
# communities        104
min community size    20
max community size   101
avg. community size   48.0769
modularity             0.81742
-------------------  ---------
104 community detected
NMI:0.00048498238702476826
ARI:0.0012679256946371842
__glovexmax40alpha0.2__
Network Properties for:		G#87
nodes, edges			5000, 56252
directed?			False
weighted?			True
isolated nodes			0
self-loops			0
density				0.004501
clustering coefficient		0.447707
min/max/avg degree		2, 87, 22.500800
degree assortativity		0.409931
number of connected components	1
size of largest component	5000 (100.00 %)
tot:  37126.90911337224
__glovexmax40alpha0.2+Louvain__
PLM(balanced,pc,turbo) detected communities in 0.4366641044616699 [s]
solution properties:
-------------------  ----------
# communities         72
min community size    43
max community size   101
avg. community size   69.4444
modularity             0.817416
-------------------  ----------
104 community detected
NMI:0.03257813590089176
ARI:0.10895550527903464
__glovexmax40alpha0.2+PLP__
PLP detected communities in 0.0598142147064209 [s]
solution properties:
-------------------  ---------
# communities        104
min community size    20
max community size   101
avg. community size   48.0769
modularity             0.81742
-------------------  ---------
104 community detected
NMI:0.0004849823870245462
ARI:0.0012679256946371842
__glovexmax30alpha0.3__
Network Properties for:		G#96
nodes, edges			5000, 56252
directed?			False
weighted?			True
isolated nodes			0
self-loops			0
density				0.004501
clustering coefficient		0.447707
min/max/avg degree		2, 87, 22.500800
degree assortativity		0.409931
number of connected components	1
size of largest component	5000 (100.00 %)
tot:  33191.21641282592
__glovexmax30alpha0.3+Louvain__
PLM(balanced,pc,turbo) detected communities in 0.4454493522644043 [s]
solution properties:
-------------------  ----------
# communities         60
min community size    52
max community size   124
avg. community size   83.3333
modularity             0.818236
-------------------  ----------
104 community detected
NMI:0.05401380797671085
ARI:0.19702739465396746
__glovexmax30alpha0.3+PLP__
PLP detected communities in 0.04136252403259277 [s]
solution properties:
-------------------  ---------
# communities        104
min community size    20
max community size   101
avg. community size   48.0769
modularity             0.81898
-------------------  ---------
104 community detected
NMI:0.00048498238702465724
ARI:0.0012679256946371842
NMI classement:
[('NMIglovexmax40alpha0.2+PLP', 0.0004849823870245462), ('NMIglove+PLP', 0.00048498238702465724), ('NMIglovexmax30alpha0.3+PLP', 0.00048498238702465724), ('NMIglovexmax50alpha0.2+PLP', 0.00048498238702476826), ('NMIPLP', 0.0005799915001816203), ('NMIpmi+PLP', 0.0010833840383923654), ('NMIppmi+PLP', 0.002479390392351233), ('NMIppmi+Louvain', 0.029216855713387613), ('NMIpmi+Louvain', 0.030813905026263355), ('NMIglovexmax40alpha0.2+Louvain', 0.03257813590089176), ('NMIstandard+PLP', 0.0443508618563504), ('NMIglove+Louvain', 0.04635069345715659), ('NMIglovexmax50alpha0.2+Louvain', 0.047907734954841685), ('NMIglovexmax30alpha0.3+Louvain', 0.05401380797671085), ('NMILouvain', 0.06662263399743251), ('NMIstandard+Louvain', 0.0979192644568051), ('NMIiterative_rev_degree_order+PLP', 0.2975683900547972), ('NMISingleton', 0.30478149554017087), ('NMIiterative_rev_degree_order+Louvain', 0.3857330256511654), ('NMIAllInOne', 1.0), ('NMIfake_pmi+Louvain', 1), ('NMIfake_pmi+PLP', 1)]
ARI classement:
[('ARIglove+PLP', 0.0012679256946371842), ('ARIglovexmax50alpha0.2+PLP', 0.0012679256946371842), ('ARIglovexmax40alpha0.2+PLP', 0.0012679256946371842), ('ARIglovexmax30alpha0.3+PLP', 0.0012679256946371842), ('ARIPLP', 0.0013628859461167764), ('ARIpmi+PLP', 0.003296814947429616), ('ARIppmi+PLP', 0.011334920662507186), ('ARIstandard+PLP', 0.09170299235132284), ('ARIppmi+Louvain', 0.09519543740296665), ('ARIpmi+Louvain', 0.10218597042975885), ('ARIglovexmax40alpha0.2+Louvain', 0.10895550527903464), ('ARIglove+Louvain', 0.1659467391112185), ('ARIglovexmax50alpha0.2+Louvain', 0.17140280713670886), ('ARIglovexmax30alpha0.3+Louvain', 0.19702739465396746), ('ARILouvain', 0.2533803987150516), ('ARIstandard+Louvain', 0.3355875200496714), ('ARIiterative_rev_degree_order+Louvain', 0.7135371536218104), ('ARIiterative_rev_degree_order+PLP', 0.896997226556824), ('ARISingleton', 1.0), ('ARIAllInOne', 1.0), ('ARIfake_pmi+Louvain', 1), ('ARIfake_pmi+PLP', 1)]
