__LOADINGS__
4976/36126 13.774013176105852 % of nul weighted edges removed
1/5000 0.02 % of nul degree nodes removed
Network Properties for:		network
nodes, edges			4999, 31150
directed?			False
weighted?			True
isolated nodes			1
self-loops			0
density				0.002493
clustering coefficient		0.268457
min/max/avg degree		0, 76, 12.462492
degree assortativity		0.339588
number of connected components	1
size of largest component	4999 (100.00 %)
166777.49922952824
__Groundtruth__
read communities from: ../../lfr_5000/mk100/k15/muw0.3/48/community.dat
-------------------  ----------
# communities        104
min community size    20
max community size    99
avg. community size   48.0769
modularity             0.689347
-------------------  ----------
104 community detected
__CLASSIC_METHODS__
__Louvain__
PLM(balanced,pc,turbo) detected communities in 0.577162504196167 [s]
solution properties:
-------------------  ---------
# communities         49
min community size    61
max community size   160
avg. community size  102.02
modularity             0.69396
-------------------  ---------
104 community detected
NMI:0.11449593272060377
ARI:0.34696538321929393
__Singleton__
104 community detected
NMI:0.3047653125958609
ARI:1.0
__AllInOne__
104 community detected
NMI:1.0
ARI:1.0
__PLP__
PLP detected communities in 0.13913822174072266 [s]
solution properties:
-------------------  ---------
# communities        111
min community size     1
max community size   104
avg. community size   45.045
modularity             0.69057
-------------------  ---------
104 community detected
NMI:0.03488850284886935
ARI:0.06822407327654123
__NORMALIZATION__
__glove__
Network Properties for:		G#21
nodes, edges			4999, 31150
directed?			False
weighted?			True
isolated nodes			1
self-loops			0
density				0.002493
clustering coefficient		0.268457
min/max/avg degree		0, 76, 12.462492
degree assortativity		0.339588
number of connected components	1
size of largest component	4999 (100.00 %)
tot:  3241.026607300015
__glove+Louvain__
PLM(balanced,pc,turbo) detected communities in 0.4951920509338379 [s]
solution properties:
-------------------  ----------
# communities         52
min community size    52
max community size   153
avg. community size   96.1346
modularity             0.702084
-------------------  ----------
104 community detected
NMI:0.09564721850097335
ARI:0.3096117568074662
__glove+PLP__
PLP detected communities in 0.11916613578796387 [s]
solution properties:
-------------------  ---------
# communities        108
min community size     1
max community size   102
avg. community size   46.2963
modularity             0.69945
-------------------  ---------
104 community detected
NMI:0.022799126530686054
ARI:0.045268471325291104
__fake_pmi__
Network Properties for:		G#30
nodes, edges			4999, 31150
directed?			False
weighted?			True
isolated nodes			1
self-loops			0
density				0.002493
clustering coefficient		0.268457
min/max/avg degree		0, 76, 12.462492
degree assortativity		0.339588
number of connected components	1
size of largest component	4999 (100.00 %)
tot:  0.0
__fake_pmi+Louvain__
1 community detected due to total edge weight equal 0
NMI:1
ARI:1
__fake_pmi+PLP__
1 community detected due to total edge weight equal 0
NMI:1
ARI:1
__iterative_rev_degree_order__
Network Properties for:		G#33
nodes, edges			4999, 31150
directed?			False
weighted?			True
isolated nodes			1
self-loops			0
density				0.002493
clustering coefficient		0.268457
min/max/avg degree		0, 76, 12.462492
degree assortativity		0.339588
number of connected components	1
size of largest component	4999 (100.00 %)
tot:  1470.2034249451071
__iterative_rev_degree_order+Louvain__
PLM(balanced,pc,turbo) detected communities in 0.7426514625549316 [s]
solution properties:
-------------------  ----------
# communities         58
min community size    41
max community size   140
avg. community size   86.1897
modularity             0.821601
-------------------  ----------
104 community detected
NMI:0.5289965165928057
ARI:0.8557006282436492
__iterative_rev_degree_order+PLP__
PLP detected communities in 0.10659360885620117 [s]
solution properties:
-------------------  -----------
# communities        1470
min community size      1
max community size     11
avg. community size     3.40136
modularity              0.686851
-------------------  -----------
104 community detected
NMI:0.3217654925946565
ARI:0.9511528224501522
__pmi__
Network Properties for:		G#48
nodes, edges			4999, 31150
directed?			False
weighted?			True
isolated nodes			1
self-loops			0
density				0.002493
clustering coefficient		0.268457
min/max/avg degree		0, 76, 12.462492
degree assortativity		0.339588
number of connected components	1
size of largest component	4999 (100.00 %)
tot:  181889.62738560166
__pmi+Louvain__
PLM(balanced,pc,turbo) detected communities in 0.3822648525238037 [s]
solution properties:
-------------------  ----------
# communities         55
min community size    48
max community size   150
avg. community size   90.8909
modularity             0.720305
-------------------  ----------
104 community detected
NMI:0.07808101687963809
ARI:0.2673694629515315
__pmi+PLP__
PLP detected communities in 0.15236377716064453 [s]
solution properties:
-------------------  ----------
# communities        108
min community size     1
max community size    98
avg. community size   46.2963
modularity             0.718982
-------------------  ----------
104 community detected
NMI:0.011940931261513854
ARI:0.023045473626284507
__standard__
Network Properties for:		G#57
nodes, edges			4999, 31150
directed?			False
weighted?			True
isolated nodes			1
self-loops			0
density				0.002493
clustering coefficient		0.268457
min/max/avg degree		0, 76, 12.462492
degree assortativity		0.339588
number of connected components	1
size of largest component	4999 (100.00 %)
tot:  33.16759084319361
__standard+Louvain__
PLM(balanced,pc,turbo) detected communities in 0.6114368438720703 [s]
solution properties:
-------------------  ----------
# communities         50
min community size    35
max community size   484
avg. community size   99.98
modularity             0.764168
-------------------  ----------
104 community detected
NMI:0.37912540816155127
ARI:0.7351603512648275
__standard+PLP__
PLP detected communities in 0.25070929527282715 [s]
solution properties:
-------------------  ----------
# communities        986
min community size     1
max community size    56
avg. community size    5.07099
modularity             0.571888
-------------------  ----------
104 community detected
NMI:0.29118412294732043
ARI:0.7769139513723322
__ppmi__
Network Properties for:		G#69
nodes, edges			4999, 31150
directed?			False
weighted?			True
isolated nodes			1
self-loops			0
density				0.002493
clustering coefficient		0.268457
min/max/avg degree		0, 76, 12.462492
degree assortativity		0.339588
number of connected components	1
size of largest component	4999 (100.00 %)
tot:  187688.30418279156
__ppmi+Louvain__
PLM(balanced,pc,turbo) detected communities in 0.34506940841674805 [s]
solution properties:
-------------------  ---------
# communities         50
min community size    52
max community size   160
avg. community size   99.98
modularity             0.71323
-------------------  ---------
104 community detected
NMI:0.0848800344461067
ARI:0.3041076128961163
__ppmi+PLP__
PLP detected communities in 0.09783720970153809 [s]
solution properties:
-------------------  ----------
# communities        109
min community size     1
max community size    98
avg. community size   45.8716
modularity             0.709076
-------------------  ----------
104 community detected
NMI:0.009473888830415
ARI:0.02017284946807385
__glovexmax50alpha0.2__
Network Properties for:		G#78
nodes, edges			4999, 31150
directed?			False
weighted?			True
isolated nodes			1
self-loops			0
density				0.002493
clustering coefficient		0.268457
min/max/avg degree		0, 76, 12.462492
degree assortativity		0.339588
number of connected components	1
size of largest component	4999 (100.00 %)
tot:  18270.230883870478
__glovexmax50alpha0.2+Louvain__
PLM(balanced,pc,turbo) detected communities in 0.5895307064056396 [s]
solution properties:
-------------------  ---------
# communities         55
min community size    43
max community size   128
avg. community size   90.8909
modularity             0.70916
-------------------  ---------
104 community detected
NMI:0.06827600697388303
ARI:0.24655667742551002
__glovexmax50alpha0.2+PLP__
PLP detected communities in 0.16057085990905762 [s]
solution properties:
-------------------  ----------
# communities        105
min community size     1
max community size    98
avg. community size   47.619
modularity             0.708468
-------------------  ----------
104 community detected
NMI:0.0032199862981783234
ARI:0.006877115055505367
__glovexmax40alpha0.2__
Network Properties for:		G#87
nodes, edges			4999, 31150
directed?			False
weighted?			True
isolated nodes			1
self-loops			0
density				0.002493
clustering coefficient		0.268457
min/max/avg degree		0, 76, 12.462492
degree assortativity		0.339588
number of connected components	1
size of largest component	4999 (100.00 %)
tot:  19104.07604714942
__glovexmax40alpha0.2+Louvain__
PLM(balanced,pc,turbo) detected communities in 0.40265369415283203 [s]
solution properties:
-------------------  ----------
# communities         56
min community size    49
max community size   154
avg. community size   89.2679
modularity             0.709187
-------------------  ----------
104 community detected
NMI:0.0660533832277379
ARI:0.23866792269455994
__glovexmax40alpha0.2+PLP__
PLP detected communities in 0.14748549461364746 [s]
solution properties:
-------------------  ----------
# communities        106
min community size     1
max community size    98
avg. community size   47.1698
modularity             0.707919
-------------------  ----------
104 community detected
NMI:0.0035528839175755778
ARI:0.007301836181529908
__glovexmax30alpha0.3__
Network Properties for:		G#96
nodes, edges			4999, 31150
directed?			False
weighted?			True
isolated nodes			1
self-loops			0
density				0.002493
clustering coefficient		0.268457
min/max/avg degree		0, 76, 12.462492
degree assortativity		0.339588
number of connected components	1
size of largest component	4999 (100.00 %)
tot:  16775.998928236448
__glovexmax30alpha0.3+Louvain__
PLM(balanced,pc,turbo) detected communities in 0.3836863040924072 [s]
solution properties:
-------------------  ----------
# communities         63
min community size    39
max community size   115
avg. community size   79.3492
modularity             0.710622
-------------------  ----------
104 community detected
NMI:0.054703668190453913
ARI:0.1886295311828955
__glovexmax30alpha0.3+PLP__
PLP detected communities in 0.15732884407043457 [s]
solution properties:
-------------------  ----------
# communities        106
min community size     1
max community size    99
avg. community size   47.1698
modularity             0.709013
-------------------  ----------
104 community detected
NMI:0.0060792733785910436
ARI:0.012697553621069613
NMI classement:
[('NMIglovexmax50alpha0.2+PLP', 0.0032199862981783234), ('NMIglovexmax40alpha0.2+PLP', 0.0035528839175755778), ('NMIglovexmax30alpha0.3+PLP', 0.0060792733785910436), ('NMIppmi+PLP', 0.009473888830415), ('NMIpmi+PLP', 0.011940931261513854), ('NMIglove+PLP', 0.022799126530686054), ('NMIPLP', 0.03488850284886935), ('NMIglovexmax30alpha0.3+Louvain', 0.054703668190453913), ('NMIglovexmax40alpha0.2+Louvain', 0.0660533832277379), ('NMIglovexmax50alpha0.2+Louvain', 0.06827600697388303), ('NMIpmi+Louvain', 0.07808101687963809), ('NMIppmi+Louvain', 0.0848800344461067), ('NMIglove+Louvain', 0.09564721850097335), ('NMILouvain', 0.11449593272060377), ('NMIstandard+PLP', 0.29118412294732043), ('NMISingleton', 0.3047653125958609), ('NMIiterative_rev_degree_order+PLP', 0.3217654925946565), ('NMIstandard+Louvain', 0.37912540816155127), ('NMIiterative_rev_degree_order+Louvain', 0.5289965165928057), ('NMIAllInOne', 1.0), ('NMIfake_pmi+Louvain', 1), ('NMIfake_pmi+PLP', 1)]
ARI classement:
[('ARIglovexmax50alpha0.2+PLP', 0.006877115055505367), ('ARIglovexmax40alpha0.2+PLP', 0.007301836181529908), ('ARIglovexmax30alpha0.3+PLP', 0.012697553621069613), ('ARIppmi+PLP', 0.02017284946807385), ('ARIpmi+PLP', 0.023045473626284507), ('ARIglove+PLP', 0.045268471325291104), ('ARIPLP', 0.06822407327654123), ('ARIglovexmax30alpha0.3+Louvain', 0.1886295311828955), ('ARIglovexmax40alpha0.2+Louvain', 0.23866792269455994), ('ARIglovexmax50alpha0.2+Louvain', 0.24655667742551002), ('ARIpmi+Louvain', 0.2673694629515315), ('ARIppmi+Louvain', 0.3041076128961163), ('ARIglove+Louvain', 0.3096117568074662), ('ARILouvain', 0.34696538321929393), ('ARIstandard+Louvain', 0.7351603512648275), ('ARIstandard+PLP', 0.7769139513723322), ('ARIiterative_rev_degree_order+Louvain', 0.8557006282436492), ('ARIiterative_rev_degree_order+PLP', 0.9511528224501522), ('ARISingleton', 1.0), ('ARIAllInOne', 1.0), ('ARIfake_pmi+Louvain', 1), ('ARIfake_pmi+PLP', 1)]
