__LOADINGS__
4976/36126 13.774013176105852 % of nul weighted edges removed
1/5000 0.02 % of nul degree nodes removed
Network Properties for:		network
nodes, edges			4999, 31150
directed?			False
weighted?			True
isolated nodes			1
self-loops			0
density				0.002493
clustering coefficient		0.268457
min/max/avg degree		0, 76, 12.462492
degree assortativity		0.339588
number of connected components	1
size of largest component	4999 (100.00 %)
166777.49922952824
__Groundtruth__
read communities from: ../../lfr_5000/mk100/k15/muw0.3/25/community.dat
-------------------  ----------
# communities        104
min community size    20
max community size    99
avg. community size   48.0769
modularity             0.689347
-------------------  ----------
104 community detected
__CLASSIC_METHODS__
__Louvain__
PLM(balanced,pc,turbo) detected communities in 0.5721085071563721 [s]
solution properties:
-------------------  -------
# communities         48
min community size    59
max community size   174
avg. community size  104.146
modularity             0.694
-------------------  -------
104 community detected
NMI:0.1175268310339842
ARI:0.35931201811090996
__Singleton__
104 community detected
NMI:0.3047653125958608
ARI:1.0
__AllInOne__
104 community detected
NMI:1.0
ARI:1.0
__PLP__
PLP detected communities in 0.13939690589904785 [s]
solution properties:
-------------------  ----------
# communities        112
min community size     1
max community size   104
avg. community size   44.6429
modularity             0.690052
-------------------  ----------
104 community detected
NMI:0.03555161921784711
ARI:0.06963688736569884
__NORMALIZATION__
__glove__
Network Properties for:		G#21
nodes, edges			4999, 31150
directed?			False
weighted?			True
isolated nodes			1
self-loops			0
density				0.002493
clustering coefficient		0.268457
min/max/avg degree		0, 76, 12.462492
degree assortativity		0.339588
number of connected components	1
size of largest component	4999 (100.00 %)
tot:  3241.026607300015
__glove+Louvain__
PLM(balanced,pc,turbo) detected communities in 0.5467278957366943 [s]
solution properties:
-------------------  ----------
# communities         60
min community size    28
max community size   131
avg. community size   83.3167
modularity             0.702244
-------------------  ----------
104 community detected
NMI:0.07831374225938403
ARI:0.2428073234524848
__glove+PLP__
PLP detected communities in 0.11947894096374512 [s]
solution properties:
-------------------  ----------
# communities        106
min community size     1
max community size   102
avg. community size   47.1698
modularity             0.700223
-------------------  ----------
104 community detected
NMI:0.02212074990448487
ARI:0.044302311318275
__fake_pmi__
Network Properties for:		G#33
nodes, edges			4999, 31150
directed?			False
weighted?			True
isolated nodes			1
self-loops			0
density				0.002493
clustering coefficient		0.268457
min/max/avg degree		0, 76, 12.462492
degree assortativity		0.339588
number of connected components	1
size of largest component	4999 (100.00 %)
tot:  0.0
__fake_pmi+Louvain__
1 community detected due to total edge weight equal 0
NMI:1
ARI:1
__fake_pmi+PLP__
1 community detected due to total edge weight equal 0
NMI:1
ARI:1
__iterative_rev_degree_order__
Network Properties for:		G#36
nodes, edges			4999, 31150
directed?			False
weighted?			True
isolated nodes			1
self-loops			0
density				0.002493
clustering coefficient		0.268457
min/max/avg degree		0, 76, 12.462492
degree assortativity		0.339588
number of connected components	1
size of largest component	4999 (100.00 %)
tot:  1470.2034249451071
__iterative_rev_degree_order+Louvain__
PLM(balanced,pc,turbo) detected communities in 0.8351755142211914 [s]
solution properties:
-------------------  ----------
# communities         58
min community size    39
max community size   168
avg. community size   86.1897
modularity             0.821421
-------------------  ----------
104 community detected
NMI:0.5292725983269788
ARI:0.8560696776549303
__iterative_rev_degree_order+PLP__
PLP detected communities in 0.08515620231628418 [s]
solution properties:
-------------------  -----------
# communities        1469
min community size      1
max community size     10
avg. community size     3.40368
modularity              0.687221
-------------------  -----------
104 community detected
NMI:0.32168162995567295
ARI:0.9510864539990753
__pmi__
Network Properties for:		G#51
nodes, edges			4999, 31150
directed?			False
weighted?			True
isolated nodes			1
self-loops			0
density				0.002493
clustering coefficient		0.268457
min/max/avg degree		0, 76, 12.462492
degree assortativity		0.339588
number of connected components	1
size of largest component	4999 (100.00 %)
tot:  181889.62738560166
__pmi+Louvain__
PLM(balanced,pc,turbo) detected communities in 0.5497674942016602 [s]
solution properties:
-------------------  ----------
# communities         58
min community size    46
max community size   150
avg. community size   86.1897
modularity             0.720414
-------------------  ----------
104 community detected
NMI:0.07203854647681651
ARI:0.24710260151140107
__pmi+PLP__
PLP detected communities in 0.1587831974029541 [s]
solution properties:
-------------------  ---------
# communities        109
min community size     1
max community size   118
avg. community size   45.8716
modularity             0.71488
-------------------  ---------
104 community detected
NMI:0.016810632732143782
ARI:0.04037617203638477
__standard__
Network Properties for:		G#60
nodes, edges			4999, 31150
directed?			False
weighted?			True
isolated nodes			1
self-loops			0
density				0.002493
clustering coefficient		0.268457
min/max/avg degree		0, 76, 12.462492
degree assortativity		0.339588
number of connected components	1
size of largest component	4999 (100.00 %)
tot:  33.16759084319361
__standard+Louvain__
PLM(balanced,pc,turbo) detected communities in 0.8601560592651367 [s]
solution properties:
-------------------  ---------
# communities         52
min community size    25
max community size   319
avg. community size   96.1346
modularity             0.76442
-------------------  ---------
104 community detected
NMI:0.37486852481250665
ARI:0.7131818041959886
__standard+PLP__
PLP detected communities in 0.2631716728210449 [s]
solution properties:
-------------------  ----------
# communities        977
min community size     1
max community size    56
avg. community size    5.11771
modularity             0.575096
-------------------  ----------
104 community detected
NMI:0.2889679476950928
ARI:0.767473865897505
__ppmi__
Network Properties for:		G#72
nodes, edges			4999, 31150
directed?			False
weighted?			True
isolated nodes			1
self-loops			0
density				0.002493
clustering coefficient		0.268457
min/max/avg degree		0, 76, 12.462492
degree assortativity		0.339588
number of connected components	1
size of largest component	4999 (100.00 %)
tot:  187688.30418279156
__ppmi+Louvain__
PLM(balanced,pc,turbo) detected communities in 0.5674192905426025 [s]
solution properties:
-------------------  ----------
# communities         55
min community size    46
max community size   155
avg. community size   90.8909
modularity             0.713604
-------------------  ----------
104 community detected
NMI:0.07313400207107656
ARI:0.25996694760316896
__ppmi+PLP__
PLP detected communities in 0.1390538215637207 [s]
solution properties:
-------------------  ----------
# communities        109
min community size     1
max community size    98
avg. community size   45.8716
modularity             0.710689
-------------------  ----------
104 community detected
NMI:0.008486760926152526
ARI:0.01729893564032914
__glovexmax50alpha0.2__
Network Properties for:		G#81
nodes, edges			4999, 31150
directed?			False
weighted?			True
isolated nodes			1
self-loops			0
density				0.002493
clustering coefficient		0.268457
min/max/avg degree		0, 76, 12.462492
degree assortativity		0.339588
number of connected components	1
size of largest component	4999 (100.00 %)
tot:  18270.230883870478
__glovexmax50alpha0.2+Louvain__
PLM(balanced,pc,turbo) detected communities in 0.44873046875 [s]
solution properties:
-------------------  ----------
# communities         58
min community size    39
max community size   128
avg. community size   86.1897
modularity             0.709355
-------------------  ----------
104 community detected
NMI:0.061931665860796126
ARI:0.22241495882333384
__glovexmax50alpha0.2+PLP__
PLP detected communities in 0.1370103359222412 [s]
solution properties:
-------------------  ----------
# communities        105
min community size     1
max community size    98
avg. community size   47.619
modularity             0.708468
-------------------  ----------
104 community detected
NMI:0.0032199862981783234
ARI:0.006877115055505367
__glovexmax40alpha0.2__
Network Properties for:		G#90
nodes, edges			4999, 31150
directed?			False
weighted?			True
isolated nodes			1
self-loops			0
density				0.002493
clustering coefficient		0.268457
min/max/avg degree		0, 76, 12.462492
degree assortativity		0.339588
number of connected components	1
size of largest component	4999 (100.00 %)
tot:  19104.07604714942
__glovexmax40alpha0.2+Louvain__
PLM(balanced,pc,turbo) detected communities in 0.4655327796936035 [s]
solution properties:
-------------------  ----------
# communities         53
min community size    62
max community size   148
avg. community size   94.3208
modularity             0.708976
-------------------  ----------
104 community detected
NMI:0.07264296059682895
ARI:0.262704147960231
__glovexmax40alpha0.2+PLP__
PLP detected communities in 0.12292623519897461 [s]
solution properties:
-------------------  ----------
# communities        105
min community size     1
max community size    98
avg. community size   47.619
modularity             0.708468
-------------------  ----------
104 community detected
NMI:0.0032199862981783234
ARI:0.006877115055505367
__glovexmax30alpha0.3__
Network Properties for:		G#99
nodes, edges			4999, 31150
directed?			False
weighted?			True
isolated nodes			1
self-loops			0
density				0.002493
clustering coefficient		0.268457
min/max/avg degree		0, 76, 12.462492
degree assortativity		0.339588
number of connected components	1
size of largest component	4999 (100.00 %)
tot:  16775.998928236448
__glovexmax30alpha0.3+Louvain__
PLM(balanced,pc,turbo) detected communities in 0.34607863426208496 [s]
solution properties:
-------------------  ----------
# communities         53
min community size    62
max community size   148
avg. community size   94.3208
modularity             0.710183
-------------------  ----------
104 community detected
NMI:0.07563118580453476
ARI:0.2702904258130693
__glovexmax30alpha0.3+PLP__
PLP detected communities in 0.034339189529418945 [s]
solution properties:
-------------------  ----------
# communities        108
min community size     1
max community size    99
avg. community size   46.2963
modularity             0.708163
-------------------  ----------
104 community detected
NMI:0.006848340667536146
ARI:0.01399998592966234
NMI classement:
[('NMIglovexmax50alpha0.2+PLP', 0.0032199862981783234), ('NMIglovexmax40alpha0.2+PLP', 0.0032199862981783234), ('NMIglovexmax30alpha0.3+PLP', 0.006848340667536146), ('NMIppmi+PLP', 0.008486760926152526), ('NMIpmi+PLP', 0.016810632732143782), ('NMIglove+PLP', 0.02212074990448487), ('NMIPLP', 0.03555161921784711), ('NMIglovexmax50alpha0.2+Louvain', 0.061931665860796126), ('NMIpmi+Louvain', 0.07203854647681651), ('NMIglovexmax40alpha0.2+Louvain', 0.07264296059682895), ('NMIppmi+Louvain', 0.07313400207107656), ('NMIglovexmax30alpha0.3+Louvain', 0.07563118580453476), ('NMIglove+Louvain', 0.07831374225938403), ('NMILouvain', 0.1175268310339842), ('NMIstandard+PLP', 0.2889679476950928), ('NMISingleton', 0.3047653125958608), ('NMIiterative_rev_degree_order+PLP', 0.32168162995567295), ('NMIstandard+Louvain', 0.37486852481250665), ('NMIiterative_rev_degree_order+Louvain', 0.5292725983269788), ('NMIAllInOne', 1.0), ('NMIfake_pmi+Louvain', 1), ('NMIfake_pmi+PLP', 1)]
ARI classement:
[('ARIglovexmax50alpha0.2+PLP', 0.006877115055505367), ('ARIglovexmax40alpha0.2+PLP', 0.006877115055505367), ('ARIglovexmax30alpha0.3+PLP', 0.01399998592966234), ('ARIppmi+PLP', 0.01729893564032914), ('ARIpmi+PLP', 0.04037617203638477), ('ARIglove+PLP', 0.044302311318275), ('ARIPLP', 0.06963688736569884), ('ARIglovexmax50alpha0.2+Louvain', 0.22241495882333384), ('ARIglove+Louvain', 0.2428073234524848), ('ARIpmi+Louvain', 0.24710260151140107), ('ARIppmi+Louvain', 0.25996694760316896), ('ARIglovexmax40alpha0.2+Louvain', 0.262704147960231), ('ARIglovexmax30alpha0.3+Louvain', 0.2702904258130693), ('ARILouvain', 0.35931201811090996), ('ARIstandard+Louvain', 0.7131818041959886), ('ARIstandard+PLP', 0.767473865897505), ('ARIiterative_rev_degree_order+Louvain', 0.8560696776549303), ('ARIiterative_rev_degree_order+PLP', 0.9510864539990753), ('ARISingleton', 1.0), ('ARIAllInOne', 1.0), ('ARIfake_pmi+Louvain', 1), ('ARIfake_pmi+PLP', 1)]
