__LOADINGS__
Network Properties for:		network
nodes, edges			5000, 56248
directed?			False
weighted?			True
isolated nodes			1
self-loops			0
density				0.004501
clustering coefficient		0.202959
min/max/avg degree		0, 79, 22.499200
degree assortativity		0.412022
number of connected components	2
size of largest component	4999 (99.98 %)
337996.1593510498
__Groundtruth__
read communities from: ../../lfr_5000/mk100/k25/muw0.4/35/community.dat
-------------------  ----------
# communities        104
min community size    20
max community size    99
avg. community size   48.0769
modularity             0.599109
-------------------  ----------
104 community detected
5 features on 56248 samples
Trainning set:44998 samples
Testing set:11250 samples
             precision    recall  f1-score   support

          0       0.68      0.25      0.36      4382
          1       0.66      0.93      0.77      6868

avg / total       0.67      0.66      0.61     11250

Confusion matrix:
[[1079 3303]
 [ 497 6371]]
Importance of features:
[0.16130653 0.17437185 0.24472362 0.25025126 0.16934673]
