__LOADINGS__
Network Properties for:		network
nodes, edges			5000, 34367
directed?			False
weighted?			True
isolated nodes			0
self-loops			0
density				0.002750
clustering coefficient		0.207264
min/max/avg degree		2, 213, 13.746800
degree assortativity		0.269521
number of connected components	1
size of largest component	5000 (100.00 %)
256648.67312859822
__Groundtruth__
read communities from: ../../lfr_5000/mk300/k15/muw0.4/0/community.dat
-------------------  ----------
# communities         40
min community size    89
max community size   179
avg. community size  125
modularity             0.473441
-------------------  ----------
40 community detected
__CLASSIC_METHODS__
__Louvain__
PLM(balanced,pc,turbo) detected communities in 0.49810028076171875 [s]
solution properties:
-------------------  ----------
# communities         24
min community size   112
max community size   352
avg. community size  208.333
modularity             0.485899
-------------------  ----------
40 community detected
NMI:0.2623609457210858
ARM:0.42906074341000155
__Singleton__
40 community detected
NMI:0.39877900121726895
ARM:1.0
__AllInOne__
40 community detected
NMI:1.0
ARM:1.0
__PLP__
PLP detected communities in 0.18480849266052246 [s]
solution properties:
-------------------  ----------
# communities         41
min community size     2
max community size   463
avg. community size  121.951
modularity             0.484867
-------------------  ----------
40 community detected
NMI:0.20665490419995958
ARM:0.33278763963039437
__NORMALIZATION__
__glove__
Network Properties for:		G#21cc
nodes, edges			5000, 34367
directed?			False
weighted?			True
isolated nodes			0
self-loops			0
density				0.002750
clustering coefficient		0.207264
min/max/avg degree		2, 213, 13.746800
degree assortativity		0.269521
number of connected components	1
size of largest component	5000 (100.00 %)
tot:  4106.159888044719
__glove+Louvain__
PLM(balanced,pc,turbo) detected communities in 0.4704930782318115 [s]
solution properties:
-------------------  ----------
# communities         31
min community size    79
max community size   292
avg. community size  161.29
modularity             0.515859
-------------------  ----------
40 community detected
NMI:0.1909143540856788
ARM:0.3064697344371573
__glove+PLP__
PLP detected communities in 0.10524415969848633 [s]
solution properties:
-------------------  ----------
# communities         42
min community size     2
max community size   337
avg. community size  119.048
modularity             0.515528
-------------------  ----------
40 community detected
NMI:0.1701628427192462
ARM:0.25972694917379857
__fake_pmi__
Network Properties for:		G#40cc
nodes, edges			5000, 34367
directed?			False
weighted?			True
isolated nodes			0
self-loops			0
density				0.002750
clustering coefficient		0.207264
min/max/avg degree		2, 213, 13.746800
degree assortativity		0.269521
number of connected components	1
size of largest component	5000 (100.00 %)
tot:  0.0
__fake_pmi+Louvain__
1 community detected due to total edge weight equal 0
NMI:1
ARM:0.25972694917379857
__fake_pmi+PLP__
1 community detected due to total edge weight equal 0
NMI:1
ARM:0.25972694917379857
__iterative_rev_degree_order__
Network Properties for:		G#53cc
nodes, edges			5000, 34367
directed?			False
weighted?			True
isolated nodes			0
self-loops			0
density				0.002750
clustering coefficient		0.207264
min/max/avg degree		2, 213, 13.746800
degree assortativity		0.269521
number of connected components	1
size of largest component	5000 (100.00 %)
tot:  1418.6744034563512
__iterative_rev_degree_order+Louvain__
PLM(balanced,pc,turbo) detected communities in 0.8909902572631836 [s]
solution properties:
-------------------  ----------
# communities         81
min community size    31
max community size   123
avg. community size   61.7284
modularity             0.869609
-------------------  ----------
40 community detected
NMI:0.7535179775508496
ARM:0.9580252458347669
__iterative_rev_degree_order+PLP__
PLP detected communities in 0.055463314056396484 [s]
solution properties:
-------------------  -----------
# communities        1571
min community size      2
max community size     13
avg. community size     3.18269
modularity              0.761102
-------------------  -----------
40 community detected
NMI:0.4628976480443293
ARM:0.9857240643373616
__pmi__
Network Properties for:		G#78cc
nodes, edges			5000, 34367
directed?			False
weighted?			True
isolated nodes			0
self-loops			0
density				0.002750
clustering coefficient		0.207264
min/max/avg degree		2, 213, 13.746800
degree assortativity		0.269521
number of connected components	1
size of largest component	5000 (100.00 %)
tot:  79648.02521143988
__pmi+Louvain__
PLM(balanced,pc,turbo) detected communities in 0.6815586090087891 [s]
solution properties:
-------------------  ----------
# communities         23
min community size   111
max community size   657
avg. community size  217.391
modularity             0.976018
-------------------  ----------
40 community detected
NMI:0.4323385988089913
ARM:0.6671645775467326
__pmi+PLP__
PLP detected communities in 0.22169256210327148 [s]
solution properties:
-------------------  ----------
# communities        326
min community size     1
max community size   252
avg. community size   15.3374
modularity             0.921884
-------------------  ----------
40 community detected
NMI:0.3249412324993276
ARM:0.5000177147918512
__standard__
Network Properties for:		G#100cc
nodes, edges			5000, 34367
directed?			False
weighted?			True
isolated nodes			0
self-loops			0
density				0.002750
clustering coefficient		0.207264
min/max/avg degree		2, 213, 13.746800
degree assortativity		0.269521
number of connected components	1
size of largest component	5000 (100.00 %)
tot:  24.739284503783576
__standard+Louvain__
PLM(balanced,pc,turbo) detected communities in 0.8068654537200928 [s]
solution properties:
-------------------  ----------
# communities         60
min community size     4
max community size   217
avg. community size   83.3333
modularity             0.849229
-------------------  ----------
40 community detected
NMI:0.6689216298240479
ARM:0.8569100996143296
__standard+PLP__
PLP detected communities in 0.10441231727600098 [s]
solution properties:
-------------------  -----------
# communities        1333
min community size      2
max community size     37
avg. community size     3.75094
modularity              0.751198
-------------------  -----------
40 community detected
NMI:0.4678412002373551
ARM:0.9736944021522225
__ppmi__
Network Properties for:		G#125cc
nodes, edges			5000, 34367
directed?			False
weighted?			True
isolated nodes			0
self-loops			0
density				0.002750
clustering coefficient		0.207264
min/max/avg degree		2, 213, 13.746800
degree assortativity		0.269521
number of connected components	1
size of largest component	5000 (100.00 %)
tot:  144335.6020971056
__ppmi+Louvain__
PLM(balanced,pc,turbo) detected communities in 0.43973565101623535 [s]
solution properties:
-------------------  ----------
# communities         37
min community size    91
max community size   300
avg. community size  135.135
modularity             0.595759
-------------------  ----------
40 community detected
NMI:0.22712975184623485
ARM:0.3461665290257063
__ppmi+PLP__
PLP detected communities in 0.17257428169250488 [s]
solution properties:
-------------------  ----------
# communities        192
min community size     1
max community size   242
avg. community size   26.0417
modularity             0.581042
-------------------  ----------
40 community detected
NMI:0.21690205935744045
ARM:0.3180236719605013
__glovexmax50alpha0.2__
Network Properties for:		G#144cc
nodes, edges			5000, 34367
directed?			False
weighted?			True
isolated nodes			0
self-loops			0
density				0.002750
clustering coefficient		0.207264
min/max/avg degree		2, 213, 13.746800
degree assortativity		0.269521
number of connected components	1
size of largest component	5000 (100.00 %)
tot:  18238.118499814344
__glovexmax50alpha0.2+Louvain__
PLM(balanced,pc,turbo) detected communities in 0.4056284427642822 [s]
solution properties:
-------------------  ----------
# communities         38
min community size    88
max community size   207
avg. community size  131.579
modularity             0.563248
-------------------  ----------
40 community detected
NMI:0.08555984376619719
ARM:0.12807738198245788
__glovexmax50alpha0.2+PLP__
PLP detected communities in 0.13536548614501953 [s]
solution properties:
-------------------  ----------
# communities         42
min community size     1
max community size   192
avg. community size  119.048
modularity             0.563346
-------------------  ----------
40 community detected
NMI:0.07509318942233212
ARM:0.09638977501089108
__glovexmax40alpha0.2__
Network Properties for:		G#163cc
nodes, edges			5000, 34367
directed?			False
weighted?			True
isolated nodes			0
self-loops			0
density				0.002750
clustering coefficient		0.207264
min/max/avg degree		2, 213, 13.746800
degree assortativity		0.269521
number of connected components	1
size of largest component	5000 (100.00 %)
tot:  19046.082228220213
__glovexmax40alpha0.2+Louvain__
PLM(balanced,pc,turbo) detected communities in 0.3851621150970459 [s]
solution properties:
-------------------  ---------
# communities         40
min community size    88
max community size   190
avg. community size  125
modularity             0.56369
-------------------  ---------
40 community detected
NMI:0.07821071769537746
ARM:0.10154402189800416
__glovexmax40alpha0.2+PLP__
PLP detected communities in 0.11808180809020996 [s]
solution properties:
-------------------  ----------
# communities         41
min community size     2
max community size   192
avg. community size  121.951
modularity             0.563612
-------------------  ----------
40 community detected
NMI:0.07550534425777189
ARM:0.09694154664469123
__glovexmax30alpha0.3__
Network Properties for:		G#182cc
nodes, edges			5000, 34367
directed?			False
weighted?			True
isolated nodes			0
self-loops			0
density				0.002750
clustering coefficient		0.207264
min/max/avg degree		2, 213, 13.746800
degree assortativity		0.269521
number of connected components	1
size of largest component	5000 (100.00 %)
tot:  16960.667669800823
__glovexmax30alpha0.3+Louvain__
PLM(balanced,pc,turbo) detected communities in 0.38777661323547363 [s]
solution properties:
-------------------  ---------
# communities         23
min community size   155
max community size   299
avg. community size  217.391
modularity             0.55323
-------------------  ---------
40 community detected
NMI:0.1752083817065122
ARM:0.3541707830645642
__glovexmax30alpha0.3+PLP__
PLP detected communities in 0.07946920394897461 [s]
solution properties:
-------------------  ----------
# communities         42
min community size     2
max community size   196
avg. community size  119.048
modularity             0.553691
-------------------  ----------
40 community detected
NMI:0.0926050207005995
ARM:0.12330574058640331
