__LOADINGS__
4988/46882 10.639477837976195 % of nul weighted edges removed
0/5000 0.0 % of nul degree nodes removed
Network Properties for:		network
nodes, edges			5000, 41894
directed?			False
weighted?			True
isolated nodes			0
self-loops			0
density				0.003352
clustering coefficient		0.300233
min/max/avg degree		2, 220, 16.757600
degree assortativity		0.209864
number of connected components	1
size of largest component	5000 (100.00 %)
315493.25764802744
__Groundtruth__
read communities from: ../../lfr_5000/mk300/k20/muw0.3/34/community.dat
-------------------  ----------
# communities         32
min community size   100
max community size   215
avg. community size  156.25
modularity             0.612028
-------------------  ----------
32 community detected
__CLASSIC_METHODS__
__Louvain__
PLM(balanced,pc,turbo) detected communities in 0.27104735374450684 [s]
solution properties:
-------------------  ----------
# communities         32
min community size   100
max community size   225
avg. community size  156.25
modularity             0.615684
-------------------  ----------
32 community detected
NMI:0.07733191116371707
ARI:0.0919007293303189
__Singleton__
32 community detected
NMI:0.4237009314786855
ARI:1.0
__AllInOne__
32 community detected
NMI:1.0
ARI:1.0
__PLP__
PLP detected communities in 0.10397577285766602 [s]
solution properties:
-------------------  ---------
# communities         32
min community size   100
max community size   225
avg. community size  156.25
modularity             0.61567
-------------------  ---------
32 community detected
NMI:0.0799771808775166
ARI:0.09554107608952311
__NORMALIZATION__
__glove__
Network Properties for:		G#18
nodes, edges			5000, 41894
directed?			False
weighted?			True
isolated nodes			0
self-loops			0
density				0.003352
clustering coefficient		0.300233
min/max/avg degree		2, 220, 16.757600
degree assortativity		0.209864
number of connected components	1
size of largest component	5000 (100.00 %)
tot:  5124.533187612409
__glove+Louvain__
PLM(balanced,pc,turbo) detected communities in 0.18706154823303223 [s]
solution properties:
-------------------  ----------
# communities         32
min community size   101
max community size   224
avg. community size  156.25
modularity             0.638303
-------------------  ----------
32 community detected
NMI:0.05774064715805516
ARI:0.06907271094463596
__glove+PLP__
PLP detected communities in 0.10292434692382812 [s]
solution properties:
-------------------  ----------
# communities         32
min community size   101
max community size   224
avg. community size  156.25
modularity             0.638299
-------------------  ----------
32 community detected
NMI:0.058853128664590915
ARI:0.07012482095355022
__fake_pmi__
Network Properties for:		G#24
nodes, edges			5000, 41894
directed?			False
weighted?			True
isolated nodes			0
self-loops			0
density				0.003352
clustering coefficient		0.300233
min/max/avg degree		2, 220, 16.757600
degree assortativity		0.209864
number of connected components	1
size of largest component	5000 (100.00 %)
tot:  0.0
__fake_pmi+Louvain__
1 community detected due to total edge weight equal 0
NMI:1
ARI:1
__fake_pmi+PLP__
1 community detected due to total edge weight equal 0
NMI:1
ARI:1
__iterative_rev_degree_order__
Network Properties for:		G#27
nodes, edges			5000, 41894
directed?			False
weighted?			True
isolated nodes			0
self-loops			0
density				0.003352
clustering coefficient		0.300233
min/max/avg degree		2, 220, 16.757600
degree assortativity		0.209864
number of connected components	1
size of largest component	5000 (100.00 %)
tot:  1503.597910135453
__iterative_rev_degree_order+Louvain__
PLM(balanced,pc,turbo) detected communities in 0.6539459228515625 [s]
solution properties:
-------------------  ----------
# communities         75
min community size    24
max community size   155
avg. community size   66.6667
modularity             0.855801
-------------------  ----------
32 community detected
NMI:0.6954887358378588
ARI:0.9003081080246966
__iterative_rev_degree_order+PLP__
PLP detected communities in 0.08275318145751953 [s]
solution properties:
-------------------  -----------
# communities        1563
min community size      2
max community size     14
avg. community size     3.19898
modularity              0.744026
-------------------  -----------
32 community detected
NMI:0.4715271061998415
ARI:0.9853926072997841
__pmi__
Network Properties for:		G#42
nodes, edges			5000, 41894
directed?			False
weighted?			True
isolated nodes			0
self-loops			0
density				0.003352
clustering coefficient		0.300233
min/max/avg degree		2, 220, 16.757600
degree assortativity		0.209864
number of connected components	1
size of largest component	5000 (100.00 %)
tot:  117937.31738414227
__pmi+Louvain__
PLM(balanced,pc,turbo) detected communities in 0.2935919761657715 [s]
solution properties:
-------------------  ----------
# communities         26
min community size   115
max community size   437
avg. community size  192.308
modularity             0.865448
-------------------  ----------
32 community detected
NMI:0.2117952340771435
ARI:0.37223987476826614
__pmi+PLP__
PLP detected communities in 0.14780640602111816 [s]
solution properties:
-------------------  ----------
# communities         74
min community size     2
max community size   237
avg. community size   67.5676
modularity             0.857188
-------------------  ----------
32 community detected
NMI:0.17449879382174505
ARI:0.23481658540703687
__standard__
Network Properties for:		G#51
nodes, edges			5000, 41894
directed?			False
weighted?			True
isolated nodes			0
self-loops			0
density				0.003352
clustering coefficient		0.300233
min/max/avg degree		2, 220, 16.757600
degree assortativity		0.209864
number of connected components	1
size of largest component	5000 (100.00 %)
tot:  13.015612682698366
__standard+Louvain__
PLM(balanced,pc,turbo) detected communities in 0.6560900211334229 [s]
solution properties:
-------------------  ----------
# communities         41
min community size     2
max community size   270
avg. community size  121.951
modularity             0.805208
-------------------  ----------
32 community detected
NMI:0.4846586448665906
ARI:0.6210528674839202
__standard+PLP__
PLP detected communities in 0.14022445678710938 [s]
solution properties:
-------------------  -----------
# communities        1305
min community size      2
max community size     94
avg. community size     3.83142
modularity              0.650909
-------------------  -----------
32 community detected
NMI:0.45573380386025886
ARI:0.9330638404627452
__ppmi__
Network Properties for:		G#63
nodes, edges			5000, 41894
directed?			False
weighted?			True
isolated nodes			0
self-loops			0
density				0.003352
clustering coefficient		0.300233
min/max/avg degree		2, 220, 16.757600
degree assortativity		0.209864
number of connected components	1
size of largest component	5000 (100.00 %)
tot:  169792.56156598887
__ppmi+Louvain__
PLM(balanced,pc,turbo) detected communities in 0.46338653564453125 [s]
solution properties:
-------------------  ----------
# communities         27
min community size   104
max community size   321
avg. community size  185.185
modularity             0.685728
-------------------  ----------
32 community detected
NMI:0.0690985596843009
ARI:0.15967902399058143
__ppmi+PLP__
PLP detected communities in 0.1402454376220703 [s]
solution properties:
-------------------  ----------
# communities         44
min community size     1
max community size   208
avg. community size  113.636
modularity             0.688507
-------------------  ----------
32 community detected
NMI:0.04049315012679011
ARI:0.050905180835605246
__glovexmax50alpha0.2__
Network Properties for:		G#72
nodes, edges			5000, 41894
directed?			False
weighted?			True
isolated nodes			0
self-loops			0
density				0.003352
clustering coefficient		0.300233
min/max/avg degree		2, 220, 16.757600
degree assortativity		0.209864
number of connected components	1
size of largest component	5000 (100.00 %)
tot:  22756.67882291087
__glovexmax50alpha0.2+Louvain__
PLM(balanced,pc,turbo) detected communities in 0.263439416885376 [s]
solution properties:
-------------------  ---------
# communities         32
min community size   100
max community size   215
avg. community size  156.25
modularity             0.67463
-------------------  ---------
32 community detected
NMI:0.00801578348082188
ARI:0.009487237116712177
__glovexmax50alpha0.2+PLP__
PLP detected communities in 0.12226748466491699 [s]
solution properties:
-------------------  ---------
# communities         32
min community size   100
max community size   215
avg. community size  156.25
modularity             0.67463
-------------------  ---------
32 community detected
NMI:0.008015783480821992
ARI:0.009487237116712177
__glovexmax40alpha0.2__
Network Properties for:		G#78
nodes, edges			5000, 41894
directed?			False
weighted?			True
isolated nodes			0
self-loops			0
density				0.003352
clustering coefficient		0.300233
min/max/avg degree		2, 220, 16.757600
degree assortativity		0.209864
number of connected components	1
size of largest component	5000 (100.00 %)
tot:  23769.39947063079
__glovexmax40alpha0.2+Louvain__
PLM(balanced,pc,turbo) detected communities in 0.35718297958374023 [s]
solution properties:
-------------------  ----------
# communities         32
min community size   100
max community size   215
avg. community size  156.25
modularity             0.674844
-------------------  ----------
32 community detected
NMI:0.008015783480821659
ARI:0.009487237116712177
__glovexmax40alpha0.2+PLP__
PLP detected communities in 0.10634517669677734 [s]
solution properties:
-------------------  ----------
# communities         32
min community size   100
max community size   215
avg. community size  156.25
modularity             0.674844
-------------------  ----------
32 community detected
NMI:0.008015783480821992
ARI:0.009487237116712177
__glovexmax30alpha0.3__
Network Properties for:		G#87
nodes, edges			5000, 41894
directed?			False
weighted?			True
isolated nodes			0
self-loops			0
density				0.003352
clustering coefficient		0.300233
min/max/avg degree		2, 220, 16.757600
degree assortativity		0.209864
number of connected components	1
size of largest component	5000 (100.00 %)
tot:  21163.098836317833
__glovexmax30alpha0.3+Louvain__
PLM(balanced,pc,turbo) detected communities in 0.24886631965637207 [s]
solution properties:
-------------------  ----------
# communities         32
min community size   101
max community size   216
avg. community size  156.25
modularity             0.672586
-------------------  ----------
32 community detected
NMI:0.0136056329926455
ARI:0.01582943707712081
__glovexmax30alpha0.3+PLP__
PLP detected communities in 0.09709978103637695 [s]
solution properties:
-------------------  ----------
# communities         32
min community size   101
max community size   216
avg. community size  156.25
modularity             0.672585
-------------------  ----------
32 community detected
NMI:0.013959314371604359
ARI:0.016251017614685503
NMI classement:
[('NMIglovexmax40alpha0.2+Louvain', 0.008015783480821659), ('NMIglovexmax50alpha0.2+Louvain', 0.00801578348082188), ('NMIglovexmax50alpha0.2+PLP', 0.008015783480821992), ('NMIglovexmax40alpha0.2+PLP', 0.008015783480821992), ('NMIglovexmax30alpha0.3+Louvain', 0.0136056329926455), ('NMIglovexmax30alpha0.3+PLP', 0.013959314371604359), ('NMIppmi+PLP', 0.04049315012679011), ('NMIglove+Louvain', 0.05774064715805516), ('NMIglove+PLP', 0.058853128664590915), ('NMIppmi+Louvain', 0.0690985596843009), ('NMILouvain', 0.07733191116371707), ('NMIPLP', 0.0799771808775166), ('NMIpmi+PLP', 0.17449879382174505), ('NMIpmi+Louvain', 0.2117952340771435), ('NMISingleton', 0.4237009314786855), ('NMIstandard+PLP', 0.45573380386025886), ('NMIiterative_rev_degree_order+PLP', 0.4715271061998415), ('NMIstandard+Louvain', 0.4846586448665906), ('NMIiterative_rev_degree_order+Louvain', 0.6954887358378588), ('NMIAllInOne', 1.0), ('NMIfake_pmi+Louvain', 1), ('NMIfake_pmi+PLP', 1)]
ARI classement:
[('ARIglovexmax50alpha0.2+Louvain', 0.009487237116712177), ('ARIglovexmax50alpha0.2+PLP', 0.009487237116712177), ('ARIglovexmax40alpha0.2+Louvain', 0.009487237116712177), ('ARIglovexmax40alpha0.2+PLP', 0.009487237116712177), ('ARIglovexmax30alpha0.3+Louvain', 0.01582943707712081), ('ARIglovexmax30alpha0.3+PLP', 0.016251017614685503), ('ARIppmi+PLP', 0.050905180835605246), ('ARIglove+Louvain', 0.06907271094463596), ('ARIglove+PLP', 0.07012482095355022), ('ARILouvain', 0.0919007293303189), ('ARIPLP', 0.09554107608952311), ('ARIppmi+Louvain', 0.15967902399058143), ('ARIpmi+PLP', 0.23481658540703687), ('ARIpmi+Louvain', 0.37223987476826614), ('ARIstandard+Louvain', 0.6210528674839202), ('ARIiterative_rev_degree_order+Louvain', 0.9003081080246966), ('ARIstandard+PLP', 0.9330638404627452), ('ARIiterative_rev_degree_order+PLP', 0.9853926072997841), ('ARISingleton', 1.0), ('ARIAllInOne', 1.0), ('ARIfake_pmi+Louvain', 1), ('ARIfake_pmi+PLP', 1)]
