__LOADINGS__
4988/46882 10.639477837976195 % of nul weighted edges removed
0/5000 0.0 % of nul degree nodes removed
Network Properties for:		network
nodes, edges			5000, 41894
directed?			False
weighted?			True
isolated nodes			0
self-loops			0
density				0.003352
clustering coefficient		0.300233
min/max/avg degree		2, 220, 16.757600
degree assortativity		0.209864
number of connected components	1
size of largest component	5000 (100.00 %)
315493.25764802744
__Groundtruth__
read communities from: ../../lfr_5000/mk300/k20/muw0.3/46/community.dat
-------------------  ----------
# communities         32
min community size   100
max community size   215
avg. community size  156.25
modularity             0.612028
-------------------  ----------
32 community detected
__CLASSIC_METHODS__
__Louvain__
PLM(balanced,pc,turbo) detected communities in 0.4122302532196045 [s]
solution properties:
-------------------  ----------
# communities         21
min community size   154
max community size   447
avg. community size  238.095
modularity             0.611344
-------------------  ----------
32 community detected
NMI:0.14622912656652332
ARI:0.30443922134878854
__Singleton__
32 community detected
NMI:0.4237009314786855
ARI:1.0
__AllInOne__
32 community detected
NMI:1.0
ARI:1.0
__PLP__
PLP detected communities in 0.09902453422546387 [s]
solution properties:
-------------------  ----------
# communities         32
min community size   100
max community size   225
avg. community size  156.25
modularity             0.615673
-------------------  ----------
32 community detected
NMI:0.0796366838000293
ARI:0.09521372255953964
__NORMALIZATION__
__glove__
Network Properties for:		G#21
nodes, edges			5000, 41894
directed?			False
weighted?			True
isolated nodes			0
self-loops			0
density				0.003352
clustering coefficient		0.300233
min/max/avg degree		2, 220, 16.757600
degree assortativity		0.209864
number of connected components	1
size of largest component	5000 (100.00 %)
tot:  5124.533187612409
__glove+Louvain__
PLM(balanced,pc,turbo) detected communities in 0.22470307350158691 [s]
solution properties:
-------------------  ----------
# communities         32
min community size   101
max community size   224
avg. community size  156.25
modularity             0.638303
-------------------  ----------
32 community detected
NMI:0.05774064715805505
ARI:0.06907271094463596
__glove+PLP__
PLP detected communities in 0.11456155776977539 [s]
solution properties:
-------------------  ----------
# communities         32
min community size   101
max community size   224
avg. community size  156.25
modularity             0.638299
-------------------  ----------
32 community detected
NMI:0.058853128664590804
ARI:0.07012482095355022
__fake_pmi__
Network Properties for:		G#27
nodes, edges			5000, 41894
directed?			False
weighted?			True
isolated nodes			0
self-loops			0
density				0.003352
clustering coefficient		0.300233
min/max/avg degree		2, 220, 16.757600
degree assortativity		0.209864
number of connected components	1
size of largest component	5000 (100.00 %)
tot:  0.0
__fake_pmi+Louvain__
1 community detected due to total edge weight equal 0
NMI:1
ARI:1
__fake_pmi+PLP__
1 community detected due to total edge weight equal 0
NMI:1
ARI:1
__iterative_rev_degree_order__
Network Properties for:		G#30
nodes, edges			5000, 41894
directed?			False
weighted?			True
isolated nodes			0
self-loops			0
density				0.003352
clustering coefficient		0.300233
min/max/avg degree		2, 220, 16.757600
degree assortativity		0.209864
number of connected components	1
size of largest component	5000 (100.00 %)
tot:  1503.597910135453
__iterative_rev_degree_order+Louvain__
PLM(balanced,pc,turbo) detected communities in 0.5798182487487793 [s]
solution properties:
-------------------  ----------
# communities         71
min community size    21
max community size   177
avg. community size   70.4225
modularity             0.855434
-------------------  ----------
32 community detected
NMI:0.6968124767360561
ARI:0.8928873030231215
__iterative_rev_degree_order+PLP__
PLP detected communities in 0.08386993408203125 [s]
solution properties:
-------------------  -----------
# communities        1564
min community size      2
max community size     12
avg. community size     3.19693
modularity              0.743813
-------------------  -----------
32 community detected
NMI:0.47134956834509356
ARI:0.985391142738366
__pmi__
Network Properties for:		G#45
nodes, edges			5000, 41894
directed?			False
weighted?			True
isolated nodes			0
self-loops			0
density				0.003352
clustering coefficient		0.300233
min/max/avg degree		2, 220, 16.757600
degree assortativity		0.209864
number of connected components	1
size of largest component	5000 (100.00 %)
tot:  117937.31738414227
__pmi+Louvain__
PLM(balanced,pc,turbo) detected communities in 0.3145411014556885 [s]
solution properties:
-------------------  ---------
# communities         26
min community size   118
max community size   482
avg. community size  192.308
modularity             0.86318
-------------------  ---------
32 community detected
NMI:0.21328452675069787
ARI:0.376969909871399
__pmi+PLP__
PLP detected communities in 0.2017209529876709 [s]
solution properties:
-------------------  ----------
# communities         78
min community size     1
max community size   251
avg. community size   64.1026
modularity             0.850082
-------------------  ----------
32 community detected
NMI:0.17340096965041918
ARI:0.2395804629603745
__standard__
Network Properties for:		G#54
nodes, edges			5000, 41894
directed?			False
weighted?			True
isolated nodes			0
self-loops			0
density				0.003352
clustering coefficient		0.300233
min/max/avg degree		2, 220, 16.757600
degree assortativity		0.209864
number of connected components	1
size of largest component	5000 (100.00 %)
tot:  13.015612682698366
__standard+Louvain__
PLM(balanced,pc,turbo) detected communities in 0.7460737228393555 [s]
solution properties:
-------------------  ----------
# communities         27
min community size    69
max community size   383
avg. community size  185.185
modularity             0.803837
-------------------  ----------
32 community detected
NMI:0.5034271110109179
ARI:0.6460561309669088
__standard+PLP__
PLP detected communities in 0.12616229057312012 [s]
solution properties:
-------------------  -----------
# communities        1308
min community size      2
max community size     94
avg. community size     3.82263
modularity              0.651036
-------------------  -----------
32 community detected
NMI:0.4548940231498192
ARI:0.9325324699912908
__ppmi__
Network Properties for:		G#69
nodes, edges			5000, 41894
directed?			False
weighted?			True
isolated nodes			0
self-loops			0
density				0.003352
clustering coefficient		0.300233
min/max/avg degree		2, 220, 16.757600
degree assortativity		0.209864
number of connected components	1
size of largest component	5000 (100.00 %)
tot:  169792.56156598887
__ppmi+Louvain__
PLM(balanced,pc,turbo) detected communities in 0.3015155792236328 [s]
solution properties:
-------------------  ----------
# communities         26
min community size   104
max community size   320
avg. community size  192.308
modularity             0.684599
-------------------  ----------
32 community detected
NMI:0.07770596748674541
ARI:0.18163514413375448
__ppmi+PLP__
PLP detected communities in 0.15383315086364746 [s]
solution properties:
-------------------  ----------
# communities         44
min community size     1
max community size   208
avg. community size  113.636
modularity             0.688577
-------------------  ----------
32 community detected
NMI:0.040579108636050965
ARI:0.05093982943716335
__glovexmax50alpha0.2__
Network Properties for:		G#78
nodes, edges			5000, 41894
directed?			False
weighted?			True
isolated nodes			0
self-loops			0
density				0.003352
clustering coefficient		0.300233
min/max/avg degree		2, 220, 16.757600
degree assortativity		0.209864
number of connected components	1
size of largest component	5000 (100.00 %)
tot:  22756.67882291087
__glovexmax50alpha0.2+Louvain__
PLM(balanced,pc,turbo) detected communities in 0.24768781661987305 [s]
solution properties:
-------------------  ---------
# communities         32
min community size   100
max community size   215
avg. community size  156.25
modularity             0.67463
-------------------  ---------
32 community detected
NMI:0.008015783480821992
ARI:0.009487237116712177
__glovexmax50alpha0.2+PLP__
PLP detected communities in 0.11206746101379395 [s]
solution properties:
-------------------  ---------
# communities         32
min community size   100
max community size   215
avg. community size  156.25
modularity             0.67463
-------------------  ---------
32 community detected
NMI:0.008015783480821992
ARI:0.009487237116712177
__glovexmax40alpha0.2__
Network Properties for:		G#84
nodes, edges			5000, 41894
directed?			False
weighted?			True
isolated nodes			0
self-loops			0
density				0.003352
clustering coefficient		0.300233
min/max/avg degree		2, 220, 16.757600
degree assortativity		0.209864
number of connected components	1
size of largest component	5000 (100.00 %)
tot:  23769.39947063079
__glovexmax40alpha0.2+Louvain__
PLM(balanced,pc,turbo) detected communities in 0.2885291576385498 [s]
solution properties:
-------------------  ----------
# communities         32
min community size   100
max community size   215
avg. community size  156.25
modularity             0.674844
-------------------  ----------
32 community detected
NMI:0.008015783480821659
ARI:0.009487237116712177
__glovexmax40alpha0.2+PLP__
PLP detected communities in 0.0774698257446289 [s]
solution properties:
-------------------  ----------
# communities         32
min community size   100
max community size   215
avg. community size  156.25
modularity             0.674844
-------------------  ----------
32 community detected
NMI:0.008015783480821659
ARI:0.009487237116712177
__glovexmax30alpha0.3__
Network Properties for:		G#90
nodes, edges			5000, 41894
directed?			False
weighted?			True
isolated nodes			0
self-loops			0
density				0.003352
clustering coefficient		0.300233
min/max/avg degree		2, 220, 16.757600
degree assortativity		0.209864
number of connected components	1
size of largest component	5000 (100.00 %)
tot:  21163.098836317833
__glovexmax30alpha0.3+Louvain__
PLM(balanced,pc,turbo) detected communities in 0.2786245346069336 [s]
solution properties:
-------------------  ----------
# communities         32
min community size   101
max community size   216
avg. community size  156.25
modularity             0.672586
-------------------  ----------
32 community detected
NMI:0.013605632992645278
ARI:0.01582943707712081
__glovexmax30alpha0.3+PLP__
PLP detected communities in 0.05262565612792969 [s]
solution properties:
-------------------  ----------
# communities         32
min community size   101
max community size   216
avg. community size  156.25
modularity             0.672585
-------------------  ----------
32 community detected
NMI:0.013959314371604581
ARI:0.016251017614685503
NMI classement:
[('NMIglovexmax40alpha0.2+Louvain', 0.008015783480821659), ('NMIglovexmax40alpha0.2+PLP', 0.008015783480821659), ('NMIglovexmax50alpha0.2+Louvain', 0.008015783480821992), ('NMIglovexmax50alpha0.2+PLP', 0.008015783480821992), ('NMIglovexmax30alpha0.3+Louvain', 0.013605632992645278), ('NMIglovexmax30alpha0.3+PLP', 0.013959314371604581), ('NMIppmi+PLP', 0.040579108636050965), ('NMIglove+Louvain', 0.05774064715805505), ('NMIglove+PLP', 0.058853128664590804), ('NMIppmi+Louvain', 0.07770596748674541), ('NMIPLP', 0.0796366838000293), ('NMILouvain', 0.14622912656652332), ('NMIpmi+PLP', 0.17340096965041918), ('NMIpmi+Louvain', 0.21328452675069787), ('NMISingleton', 0.4237009314786855), ('NMIstandard+PLP', 0.4548940231498192), ('NMIiterative_rev_degree_order+PLP', 0.47134956834509356), ('NMIstandard+Louvain', 0.5034271110109179), ('NMIiterative_rev_degree_order+Louvain', 0.6968124767360561), ('NMIAllInOne', 1.0), ('NMIfake_pmi+Louvain', 1), ('NMIfake_pmi+PLP', 1)]
ARI classement:
[('ARIglovexmax50alpha0.2+Louvain', 0.009487237116712177), ('ARIglovexmax50alpha0.2+PLP', 0.009487237116712177), ('ARIglovexmax40alpha0.2+Louvain', 0.009487237116712177), ('ARIglovexmax40alpha0.2+PLP', 0.009487237116712177), ('ARIglovexmax30alpha0.3+Louvain', 0.01582943707712081), ('ARIglovexmax30alpha0.3+PLP', 0.016251017614685503), ('ARIppmi+PLP', 0.05093982943716335), ('ARIglove+Louvain', 0.06907271094463596), ('ARIglove+PLP', 0.07012482095355022), ('ARIPLP', 0.09521372255953964), ('ARIppmi+Louvain', 0.18163514413375448), ('ARIpmi+PLP', 0.2395804629603745), ('ARILouvain', 0.30443922134878854), ('ARIpmi+Louvain', 0.376969909871399), ('ARIstandard+Louvain', 0.6460561309669088), ('ARIiterative_rev_degree_order+Louvain', 0.8928873030231215), ('ARIstandard+PLP', 0.9325324699912908), ('ARIiterative_rev_degree_order+PLP', 0.985391142738366), ('ARISingleton', 1.0), ('ARIAllInOne', 1.0), ('ARIfake_pmi+Louvain', 1), ('ARIfake_pmi+PLP', 1)]
