__LOADINGS__
4993/46791 10.670855506400803 % of nul weighted edges removed
1/5000 0.02 % of nul degree nodes removed
Network Properties for:		network
nodes, edges			4999, 41798
directed?			False
weighted?			True
isolated nodes			1
self-loops			0
density				0.003346
clustering coefficient		0.415260
min/max/avg degree		0, 235, 16.722545
degree assortativity		0.148925
number of connected components	1
size of largest component	4999 (100.00 %)
312280.7541406028
__Groundtruth__
read communities from: ../../lfr_5000/mk300/k20/muw0.2/35/community.dat
-------------------  ----------
# communities         30
min community size   122
max community size   240
avg. community size  166.667
modularity             0.725913
-------------------  ----------
30 community detected
__CLASSIC_METHODS__
__Louvain__
PLM(balanced,pc,turbo) detected communities in 0.25441813468933105 [s]
solution properties:
-------------------  ----------
# communities         30
min community size   120
max community size   245
avg. community size  166.633
modularity             0.727212
-------------------  ----------
30 community detected
NMI:0.03407881653215261
ARI:0.038104994215194754
__Singleton__
30 community detected
NMI:0.4312749414218585
ARI:1.0
__AllInOne__
30 community detected
NMI:1.0
ARI:1.0
__PLP__
PLP detected communities in 0.12553095817565918 [s]
solution properties:
-------------------  ----------
# communities         31
min community size     1
max community size   245
avg. community size  161.29
modularity             0.727202
-------------------  ----------
30 community detected
NMI:0.03643823592946149
ARI:0.04089327705177137
__NORMALIZATION__
__glove__
Network Properties for:		G#18
nodes, edges			4999, 41798
directed?			False
weighted?			True
isolated nodes			1
self-loops			0
density				0.003346
clustering coefficient		0.415260
min/max/avg degree		0, 235, 16.722545
degree assortativity		0.148925
number of connected components	1
size of largest component	4999 (100.00 %)
tot:  5037.179805290888
__glove+Louvain__
PLM(balanced,pc,turbo) detected communities in 0.22618436813354492 [s]
solution properties:
-------------------  ----------
# communities         30
min community size   121
max community size   242
avg. community size  166.633
modularity             0.747892
-------------------  ----------
30 community detected
NMI:0.02286594503611572
ARI:0.025448657466282776
__glove+PLP__
PLP detected communities in 0.0944674015045166 [s]
solution properties:
-------------------  ----------
# communities         31
min community size     1
max community size   242
avg. community size  161.29
modularity             0.747889
-------------------  ----------
30 community detected
NMI:0.02385995170590971
ARI:0.026608089785716715
__fake_pmi__
Network Properties for:		G#24
nodes, edges			4999, 41798
directed?			False
weighted?			True
isolated nodes			1
self-loops			0
density				0.003346
clustering coefficient		0.415260
min/max/avg degree		0, 235, 16.722545
degree assortativity		0.148925
number of connected components	1
size of largest component	4999 (100.00 %)
tot:  0.0
__fake_pmi+Louvain__
1 community detected due to total edge weight equal 0
NMI:1
ARI:1
__fake_pmi+PLP__
1 community detected due to total edge weight equal 0
NMI:1
ARI:1
__iterative_rev_degree_order__
Network Properties for:		G#27
nodes, edges			4999, 41798
directed?			False
weighted?			True
isolated nodes			1
self-loops			0
density				0.003346
clustering coefficient		0.415260
min/max/avg degree		0, 235, 16.722545
degree assortativity		0.148925
number of connected components	1
size of largest component	4999 (100.00 %)
tot:  1623.636967681665
__iterative_rev_degree_order+Louvain__
PLM(balanced,pc,turbo) detected communities in 0.7753560543060303 [s]
solution properties:
-------------------  ----------
# communities         56
min community size     2
max community size   262
avg. community size   89.2679
modularity             0.858864
-------------------  ----------
30 community detected
NMI:0.5689610025080158
ARI:0.7412719419596918
__iterative_rev_degree_order+PLP__
PLP detected communities in 0.11263060569763184 [s]
solution properties:
-------------------  ----------
# communities        1540
min community size      1
max community size     16
avg. community size     3.24675
modularity              0.72813
-------------------  ----------
30 community detected
NMI:0.4511869237555207
ARI:0.980623724111959
__pmi__
Network Properties for:		G#42
nodes, edges			4999, 41798
directed?			False
weighted?			True
isolated nodes			1
self-loops			0
density				0.003346
clustering coefficient		0.415260
min/max/avg degree		0, 235, 16.722545
degree assortativity		0.148925
number of connected components	1
size of largest component	4999 (100.00 %)
tot:  116692.59942177487
__pmi+Louvain__
PLM(balanced,pc,turbo) detected communities in 0.44252848625183105 [s]
solution properties:
-------------------  ---------
# communities         27
min community size   129
max community size   368
avg. community size  185.148
modularity             1.00697
-------------------  ---------
30 community detected
NMI:0.11697324549568988
ARI:0.21584109868605594
__pmi+PLP__
PLP detected communities in 0.20180511474609375 [s]
solution properties:
-------------------  ---------
# communities         39
min community size     1
max community size   220
avg. community size  128.205
modularity             1.00394
-------------------  ---------
30 community detected
NMI:0.09459467473160355
ARI:0.12944346818766383
__standard__
Network Properties for:		G#51
nodes, edges			4999, 41798
directed?			False
weighted?			True
isolated nodes			1
self-loops			0
density				0.003346
clustering coefficient		0.415260
min/max/avg degree		0, 235, 16.722545
degree assortativity		0.148925
number of connected components	1
size of largest component	4999 (100.00 %)
tot:  10.53031585263825
__standard+Louvain__
PLM(balanced,pc,turbo) detected communities in 0.6997039318084717 [s]
solution properties:
-------------------  ----------
# communities         29
min community size     4
max community size   302
avg. community size  172.379
modularity             0.839345
-------------------  ----------
30 community detected
NMI:0.29639366415878554
ARI:0.39540978408241734
__standard+PLP__
PLP detected communities in 0.23745250701904297 [s]
solution properties:
-------------------  -----------
# communities        1021
min community size      1
max community size    131
avg. community size     4.89716
modularity              0.646317
-------------------  -----------
30 community detected
NMI:0.37825217724179605
ARI:0.7193456230923452
__ppmi__
Network Properties for:		G#63
nodes, edges			4999, 41798
directed?			False
weighted?			True
isolated nodes			1
self-loops			0
density				0.003346
clustering coefficient		0.415260
min/max/avg degree		0, 235, 16.722545
degree assortativity		0.148925
number of connected components	1
size of largest component	4999 (100.00 %)
tot:  167770.4413900096
__ppmi+Louvain__
PLM(balanced,pc,turbo) detected communities in 0.42876577377319336 [s]
solution properties:
-------------------  ----------
# communities         22
min community size   123
max community size   455
avg. community size  227.227
modularity             0.776647
-------------------  ----------
30 community detected
NMI:0.06401992062374062
ARI:0.2361882169261843
__ppmi+PLP__
PLP detected communities in 0.0981299877166748 [s]
solution properties:
-------------------  ----------
# communities         33
min community size     1
max community size   238
avg. community size  151.515
modularity             0.778905
-------------------  ----------
30 community detected
NMI:0.010061227118082106
ARI:0.018339422857275522
__glovexmax50alpha0.2__
Network Properties for:		G#72
nodes, edges			4999, 41798
directed?			False
weighted?			True
isolated nodes			1
self-loops			0
density				0.003346
clustering coefficient		0.415260
min/max/avg degree		0, 235, 16.722545
degree assortativity		0.148925
number of connected components	1
size of largest component	4999 (100.00 %)
tot:  22467.673829845553
__glovexmax50alpha0.2+Louvain__
PLM(balanced,pc,turbo) detected communities in 0.2697794437408447 [s]
solution properties:
-------------------  ----------
# communities         30
min community size   122
max community size   239
avg. community size  166.633
modularity             0.777287
-------------------  ----------
30 community detected
NMI:0.0
ARI:0.0
__glovexmax50alpha0.2+PLP__
PLP detected communities in 0.13291001319885254 [s]
solution properties:
-------------------  ----------
# communities         31
min community size     1
max community size   239
avg. community size  161.29
modularity             0.777287
-------------------  ----------
30 community detected
NMI:0.0
ARI:0.0
__glovexmax40alpha0.2__
Network Properties for:		G#78
nodes, edges			4999, 41798
directed?			False
weighted?			True
isolated nodes			1
self-loops			0
density				0.003346
clustering coefficient		0.415260
min/max/avg degree		0, 235, 16.722545
degree assortativity		0.148925
number of connected components	1
size of largest component	4999 (100.00 %)
tot:  23463.070343337
__glovexmax40alpha0.2+Louvain__
PLM(balanced,pc,turbo) detected communities in 0.3445413112640381 [s]
solution properties:
-------------------  ---------
# communities         30
min community size   122
max community size   239
avg. community size  166.633
modularity             0.77748
-------------------  ---------
30 community detected
NMI:0.0003503198991140488
ARI:0.00033242309844916385
__glovexmax40alpha0.2+PLP__
PLP detected communities in 0.10280513763427734 [s]
solution properties:
-------------------  ----------
# communities         31
min community size     1
max community size   239
avg. community size  161.29
modularity             0.777499
-------------------  ----------
30 community detected
NMI:0.0
ARI:0.0
__glovexmax30alpha0.3__
Network Properties for:		G#87
nodes, edges			4999, 41798
directed?			False
weighted?			True
isolated nodes			1
self-loops			0
density				0.003346
clustering coefficient		0.415260
min/max/avg degree		0, 235, 16.722545
degree assortativity		0.148925
number of connected components	1
size of largest component	4999 (100.00 %)
tot:  20763.072400504618
__glovexmax30alpha0.3+Louvain__
PLM(balanced,pc,turbo) detected communities in 0.22832775115966797 [s]
solution properties:
-------------------  ----------
# communities         30
min community size   122
max community size   239
avg. community size  166.633
modularity             0.776341
-------------------  ----------
30 community detected
NMI:0.0017961516855817816
ARI:0.0019690488249166638
__glovexmax30alpha0.3+PLP__
PLP detected communities in 0.08728814125061035 [s]
solution properties:
-------------------  ----------
# communities         31
min community size     1
max community size   239
avg. community size  161.29
modularity             0.776341
-------------------  ----------
30 community detected
NMI:0.0017961516855820037
ARI:0.0019690488249166638
NMI classement:
[('NMIglovexmax50alpha0.2+Louvain', 0.0), ('NMIglovexmax50alpha0.2+PLP', 0.0), ('NMIglovexmax40alpha0.2+PLP', 0.0), ('NMIglovexmax40alpha0.2+Louvain', 0.0003503198991140488), ('NMIglovexmax30alpha0.3+Louvain', 0.0017961516855817816), ('NMIglovexmax30alpha0.3+PLP', 0.0017961516855820037), ('NMIppmi+PLP', 0.010061227118082106), ('NMIglove+Louvain', 0.02286594503611572), ('NMIglove+PLP', 0.02385995170590971), ('NMILouvain', 0.03407881653215261), ('NMIPLP', 0.03643823592946149), ('NMIppmi+Louvain', 0.06401992062374062), ('NMIpmi+PLP', 0.09459467473160355), ('NMIpmi+Louvain', 0.11697324549568988), ('NMIstandard+Louvain', 0.29639366415878554), ('NMIstandard+PLP', 0.37825217724179605), ('NMISingleton', 0.4312749414218585), ('NMIiterative_rev_degree_order+PLP', 0.4511869237555207), ('NMIiterative_rev_degree_order+Louvain', 0.5689610025080158), ('NMIAllInOne', 1.0), ('NMIfake_pmi+Louvain', 1), ('NMIfake_pmi+PLP', 1)]
ARI classement:
[('ARIglovexmax50alpha0.2+Louvain', 0.0), ('ARIglovexmax50alpha0.2+PLP', 0.0), ('ARIglovexmax40alpha0.2+PLP', 0.0), ('ARIglovexmax40alpha0.2+Louvain', 0.00033242309844916385), ('ARIglovexmax30alpha0.3+Louvain', 0.0019690488249166638), ('ARIglovexmax30alpha0.3+PLP', 0.0019690488249166638), ('ARIppmi+PLP', 0.018339422857275522), ('ARIglove+Louvain', 0.025448657466282776), ('ARIglove+PLP', 0.026608089785716715), ('ARILouvain', 0.038104994215194754), ('ARIPLP', 0.04089327705177137), ('ARIpmi+PLP', 0.12944346818766383), ('ARIpmi+Louvain', 0.21584109868605594), ('ARIppmi+Louvain', 0.2361882169261843), ('ARIstandard+Louvain', 0.39540978408241734), ('ARIstandard+PLP', 0.7193456230923452), ('ARIiterative_rev_degree_order+Louvain', 0.7412719419596918), ('ARIiterative_rev_degree_order+PLP', 0.980623724111959), ('ARISingleton', 1.0), ('ARIAllInOne', 1.0), ('ARIfake_pmi+Louvain', 1), ('ARIfake_pmi+PLP', 1)]
