__LOADINGS__
Network Properties for:		network
nodes, edges			5000, 47554
directed?			False
weighted?			True
isolated nodes			1
self-loops			0
density				0.003805
clustering coefficient		0.340701
min/max/avg degree		0, 360, 19.021600
degree assortativity		0.259490
number of connected components	2
size of largest component	4999 (99.98 %)
429561.4226880868
__Groundtruth__
read communities from: ../../lfr_5000/mk500/k20/muw0.3/4/community.dat
-------------------  ----------
# communities         46
min community size     5
max community size   472
avg. community size  108.696
modularity             0.539673
-------------------  ----------
46 community detected
__CLASSIC_METHODS__
__Louvain__
PLM(balanced,pc,turbo) detected communities in 0.4915602207183838 [s]
solution properties:
-------------------  ----------
# communities         22
min community size     1
max community size   484
avg. community size  227.273
modularity             0.543979
-------------------  ----------
46 community detected
NMI:0.11632529411446013
ARM:0.13251571501371406
__Singleton__
46 community detected
NMI:0.4626433730173759
ARM:1.0
__AllInOne__
46 community detected
NMI:1.0
ARM:1.0
__PLP__
PLP detected communities in 0.15865015983581543 [s]
solution properties:
-------------------  ----------
# communities         45
min community size     1
max community size   582
avg. community size  111.111
modularity             0.542297
-------------------  ----------
46 community detected
NMI:0.08758013306708345
ARM:0.1275542267198928
__NORMALIZATION__
__glove__
Network Properties for:		G#21cc
nodes, edges			4999, 47554
directed?			False
weighted?			True
isolated nodes			0
self-loops			0
density				0.003807
clustering coefficient		0.340769
min/max/avg degree		3, 360, 19.025405
degree assortativity		0.259490
number of connected components	1
size of largest component	4999 (100.00 %)
tot:  6429.417882565148
__glove+Louvain__
PLM(balanced,pc,turbo) detected communities in 0.4492149353027344 [s]
solution properties:
-------------------  ----------
# communities         24
min community size     5
max community size   483
avg. community size  208.292
modularity             0.580072
-------------------  ----------
46 community detected
NMI:0.08701777555889867
ARM:0.09746263784489595
__glove+PLP__
PLP detected communities in 0.18274950981140137 [s]
solution properties:
-------------------  ----------
# communities         47
min community size     4
max community size   490
avg. community size  106.362
modularity             0.578903
-------------------  ----------
46 community detected
NMI:0.0657986563817381
ARM:0.09097947335050727
__fake_pmi__
Network Properties for:		G#40cc
nodes, edges			4999, 47554
directed?			False
weighted?			True
isolated nodes			0
self-loops			0
density				0.003807
clustering coefficient		0.340769
min/max/avg degree		3, 360, 19.025405
degree assortativity		0.259490
number of connected components	1
size of largest component	4999 (100.00 %)
tot:  0.0
__fake_pmi+Louvain__
1 community detected due to total edge weight equal 0
NMI:1
ARM:0.09097947335050727
__fake_pmi+PLP__
1 community detected due to total edge weight equal 0
NMI:1
ARM:0.09097947335050727
__iterative_rev_degree_order__
Network Properties for:		G#53cc
nodes, edges			4999, 47554
directed?			False
weighted?			True
isolated nodes			0
self-loops			0
density				0.003807
clustering coefficient		0.340769
min/max/avg degree		3, 360, 19.025405
degree assortativity		0.259490
number of connected components	1
size of largest component	4999 (100.00 %)
tot:  1410.2480445210515
__iterative_rev_degree_order+Louvain__
PLM(balanced,pc,turbo) detected communities in 0.8147425651550293 [s]
solution properties:
-------------------  ----------
# communities         71
min community size     5
max community size   146
avg. community size   70.4085
modularity             0.865293
-------------------  ----------
46 community detected
NMI:0.6950302262852786
ARM:0.9302954812042674
__iterative_rev_degree_order+PLP__
PLP detected communities in 0.07093238830566406 [s]
solution properties:
-------------------  -----------
# communities        1534
min community size      2
max community size     13
avg. community size     3.2588
modularity              0.744065
-------------------  -----------
46 community detected
NMI:0.5150052948216204
ARM:0.9914119488824986
__pmi__
Network Properties for:		G#78cc
nodes, edges			4999, 47554
directed?			False
weighted?			True
isolated nodes			0
self-loops			0
density				0.003807
clustering coefficient		0.340769
min/max/avg degree		3, 360, 19.025405
degree assortativity		0.259490
number of connected components	1
size of largest component	4999 (100.00 %)
tot:  91064.02466502716
__pmi+Louvain__
PLM(balanced,pc,turbo) detected communities in 0.6899642944335938 [s]
solution properties:
-------------------  --------
# communities         33
min community size     6
max community size   977
avg. community size  151.485
modularity             1.0924
-------------------  --------
46 community detected
NMI:0.324846501140614
ARM:0.5573912522758633
__pmi+PLP__
PLP detected communities in 0.17706513404846191 [s]
solution properties:
-------------------  ---------
# communities        143
min community size     2
max community size   909
avg. community size   34.958
modularity             1.07345
-------------------  ---------
46 community detected
NMI:0.31144446364970035
ARM:0.54668480769698
__standard__
Network Properties for:		G#100cc
nodes, edges			4999, 47554
directed?			False
weighted?			True
isolated nodes			0
self-loops			0
density				0.003807
clustering coefficient		0.340769
min/max/avg degree		3, 360, 19.025405
degree assortativity		0.259490
number of connected components	1
size of largest component	4999 (100.00 %)
tot:  16.71473960866726
__standard+Louvain__
PLM(balanced,pc,turbo) detected communities in 0.8171987533569336 [s]
solution properties:
-------------------  ----------
# communities         70
min community size     2
max community size   710
avg. community size   71.4143
modularity             0.891959
-------------------  ----------
46 community detected
NMI:0.5351733778282637
ARM:0.7524600582267928
__standard+PLP__
PLP detected communities in 0.14356517791748047 [s]
solution properties:
-------------------  -----------
# communities        1163
min community size      2
max community size     76
avg. community size     4.29837
modularity              0.722225
-------------------  -----------
46 community detected
NMI:0.5249649137273702
ARM:0.9740672842941478
__ppmi__
Network Properties for:		G#125cc
nodes, edges			4999, 47554
directed?			False
weighted?			True
isolated nodes			0
self-loops			0
density				0.003807
clustering coefficient		0.340769
min/max/avg degree		3, 360, 19.025405
degree assortativity		0.259490
number of connected components	1
size of largest component	4999 (100.00 %)
tot:  163881.54419444103
__ppmi+Louvain__
PLM(balanced,pc,turbo) detected communities in 0.5034725666046143 [s]
solution properties:
-------------------  ----------
# communities         30
min community size     6
max community size   458
avg. community size  166.633
modularity             0.671913
-------------------  ----------
46 community detected
NMI:0.17150064161045686
ARM:0.23492518366772963
__ppmi+PLP__
PLP detected communities in 0.17136025428771973 [s]
solution properties:
-------------------  -----------
# communities          77
min community size      1
max community size   1015
avg. community size    64.9221
modularity              0.666105
-------------------  -----------
46 community detected
NMI:0.14664009237396214
ARM:0.3828149748512383
__glovexmax50alpha0.2__
Network Properties for:		G#144cc
nodes, edges			4999, 47554
directed?			False
weighted?			True
isolated nodes			0
self-loops			0
density				0.003807
clustering coefficient		0.340769
min/max/avg degree		3, 360, 19.025405
degree assortativity		0.259490
number of connected components	1
size of largest component	4999 (100.00 %)
tot:  25549.50578983707
__glovexmax50alpha0.2+Louvain__
PLM(balanced,pc,turbo) detected communities in 0.509357213973999 [s]
solution properties:
-------------------  ----------
# communities         27
min community size     5
max community size   471
avg. community size  185.148
modularity             0.638526
-------------------  ----------
46 community detected
NMI:0.025213319428587844
ARM:0.020153798153688007
__glovexmax50alpha0.2+PLP__
PLP detected communities in 0.07169151306152344 [s]
solution properties:
-------------------  ----------
# communities         46
min community size     4
max community size   475
avg. community size  108.674
modularity             0.638326
-------------------  ----------
46 community detected
NMI:0.006185629029562878
ARM:0.007806478917161019
__glovexmax40alpha0.2__
Network Properties for:		G#166cc
nodes, edges			4999, 47554
directed?			False
weighted?			True
isolated nodes			0
self-loops			0
density				0.003807
clustering coefficient		0.340769
min/max/avg degree		3, 360, 19.025405
degree assortativity		0.259490
number of connected components	1
size of largest component	4999 (100.00 %)
tot:  26650.641699725547
__glovexmax40alpha0.2+Louvain__
PLM(balanced,pc,turbo) detected communities in 0.41987133026123047 [s]
solution properties:
-------------------  ----------
# communities         26
min community size     5
max community size   471
avg. community size  192.269
modularity             0.639054
-------------------  ----------
46 community detected
NMI:0.02847776071006647
ARM:0.02208995300306249
__glovexmax40alpha0.2+PLP__
PLP detected communities in 0.06903219223022461 [s]
solution properties:
-------------------  ----------
# communities         46
min community size     4
max community size   475
avg. community size  108.674
modularity             0.638868
-------------------  ----------
46 community detected
NMI:0.006185629029562878
ARM:0.007806478917161019
__glovexmax30alpha0.3__
Network Properties for:		G#185cc
nodes, edges			4999, 47554
directed?			False
weighted?			True
isolated nodes			0
self-loops			0
density				0.003807
clustering coefficient		0.340769
min/max/avg degree		3, 360, 19.025405
degree assortativity		0.259490
number of connected components	1
size of largest component	4999 (100.00 %)
tot:  23739.22529898177
__glovexmax30alpha0.3+Louvain__
PLM(balanced,pc,turbo) detected communities in 0.4110145568847656 [s]
solution properties:
-------------------  ----------
# communities         26
min community size     5
max community size   474
avg. community size  192.269
modularity             0.635078
-------------------  ----------
46 community detected
NMI:0.039674729774552886
ARM:0.03679232833326007
__glovexmax30alpha0.3+PLP__
PLP detected communities in 0.057173728942871094 [s]
solution properties:
-------------------  ----------
# communities         46
min community size     4
max community size   475
avg. community size  108.674
modularity             0.634892
-------------------  ----------
46 community detected
NMI:0.017380860548743993
ARM:0.0219468963490127
