__LOADINGS__
Network Properties for:		network
nodes, edges			5000, 31176
directed?			False
weighted?			True
isolated nodes			1
self-loops			0
density				0.002495
clustering coefficient		0.164293
min/max/avg degree		0, 75, 12.470400
degree assortativity		0.383725
number of connected components	2
size of largest component	4999 (99.98 %)
167693.060348957
__Groundtruth__
read communities from: ../../lfr_5000/mk100/k15/muw0.4/45/community.dat
-------------------  ----------
# communities        104
min community size    20
max community size    99
avg. community size   48.0769
modularity             0.584412
-------------------  ----------
104 community detected
__CLASSIC_METHODS__
__Louvain__
PLM(balanced,pc,turbo) detected communities in 0.6101837158203125 [s]
solution properties:
-------------------  ----------
# communities         45
min community size     1
max community size   169
avg. community size  111.111
modularity             0.591746
-------------------  ----------
104 community detected
NMI:0.16087821405525338
ARM:0.42541695267424817
__Singleton__
104 community detected
NMI:0.3047814955401724
ARM:1.0
__AllInOne__
104 community detected
NMI:1.0
ARM:1.0
__PLP__
PLP detected communities in 0.16273856163024902 [s]
solution properties:
-------------------  ----------
# communities        117
min community size     1
max community size   140
avg. community size   42.735
modularity             0.579508
-------------------  ----------
104 community detected
NMI:0.07866475946893459
ARM:0.16431287343834877
__NORMALIZATION__
__glove__
Network Properties for:		G#21cc
nodes, edges			4999, 31176
directed?			False
weighted?			True
isolated nodes			0
self-loops			0
density				0.002496
clustering coefficient		0.164325
min/max/avg degree		4, 75, 12.472895
degree assortativity		0.383725
number of connected components	1
size of largest component	4999 (100.00 %)
tot:  3274.1210807038187
__glove+Louvain__
PLM(balanced,pc,turbo) detected communities in 0.5614316463470459 [s]
solution properties:
-------------------  ---------
# communities         48
min community size    44
max community size   159
avg. community size  104.146
modularity             0.59757
-------------------  ---------
104 community detected
NMI:0.13345522717908487
ARM:0.37367305170533227
__glove+PLP__
PLP detected communities in 0.15271568298339844 [s]
solution properties:
-------------------  ----------
# communities        111
min community size     4
max community size   135
avg. community size   45.036
modularity             0.588772
-------------------  ----------
104 community detected
NMI:0.050485912623208784
ARM:0.11157529381715636
__fake_pmi__
Network Properties for:		G#40cc
nodes, edges			4999, 31176
directed?			False
weighted?			True
isolated nodes			0
self-loops			0
density				0.002496
clustering coefficient		0.164325
min/max/avg degree		4, 75, 12.472895
degree assortativity		0.383725
number of connected components	1
size of largest component	4999 (100.00 %)
tot:  0.0
__fake_pmi+Louvain__
1 community detected due to total edge weight equal 0
NMI:1
ARM:0.11157529381715636
__fake_pmi+PLP__
1 community detected due to total edge weight equal 0
NMI:1
ARM:0.11157529381715636
__iterative_rev_degree_order__
Network Properties for:		G#53cc
nodes, edges			4999, 31176
directed?			False
weighted?			True
isolated nodes			0
self-loops			0
density				0.002496
clustering coefficient		0.164325
min/max/avg degree		4, 75, 12.472895
degree assortativity		0.383725
number of connected components	1
size of largest component	4999 (100.00 %)
tot:  1402.2389410944602
__iterative_rev_degree_order+Louvain__
PLM(balanced,pc,turbo) detected communities in 0.7639479637145996 [s]
solution properties:
-------------------  ---------
# communities         74
min community size    21
max community size   113
avg. community size   67.5541
modularity             0.80088
-------------------  ---------
104 community detected
NMI:0.6137701066639352
ARM:0.9302251463372304
__iterative_rev_degree_order+PLP__
PLP detected communities in 0.07800102233886719 [s]
solution properties:
-------------------  -----------
# communities        1426
min community size      2
max community size     11
avg. community size     3.50561
modularity              0.686165
-------------------  -----------
104 community detected
NMI:0.34758062330955464
ARM:0.963683339814528
__pmi__
Network Properties for:		G#78cc
nodes, edges			4999, 31176
directed?			False
weighted?			True
isolated nodes			0
self-loops			0
density				0.002496
clustering coefficient		0.164325
min/max/avg degree		4, 75, 12.472895
degree assortativity		0.383725
number of connected components	1
size of largest component	4999 (100.00 %)
tot:  182530.45015212052
__pmi+Louvain__
PLM(balanced,pc,turbo) detected communities in 0.5485656261444092 [s]
solution properties:
-------------------  ----------
# communities         56
min community size    32
max community size   179
avg. community size   89.2679
modularity             0.622562
-------------------  ----------
104 community detected
NMI:0.08913581784378133
ARM:0.29416142752690766
__pmi+PLP__
PLP detected communities in 0.17644476890563965 [s]
solution properties:
-------------------  ----------
# communities        129
min community size     2
max community size   101
avg. community size   38.7519
modularity             0.614417
-------------------  ----------
104 community detected
NMI:0.02579662253348758
ARM:0.051378031829993565
__standard__
Network Properties for:		G#97cc
nodes, edges			4999, 31176
directed?			False
weighted?			True
isolated nodes			0
self-loops			0
density				0.002496
clustering coefficient		0.164325
min/max/avg degree		4, 75, 12.472895
degree assortativity		0.383725
number of connected components	1
size of largest component	4999 (100.00 %)
tot:  36.45966937294655
__standard+Louvain__
PLM(balanced,pc,turbo) detected communities in 1.0030534267425537 [s]
solution properties:
-------------------  ----------
# communities         40
min community size    56
max community size   221
avg. community size  124.975
modularity             0.697533
-------------------  ----------
104 community detected
NMI:0.555401293090272
ARM:0.8580276500768984
__standard+PLP__
PLP detected communities in 0.09616732597351074 [s]
solution properties:
-------------------  -----------
# communities        1144
min community size      1
max community size     35
avg. community size     4.36976
modularity              0.543753
-------------------  -----------
104 community detected
NMI:0.34779615820919974
ARM:0.9242174006228016
__ppmi__
Network Properties for:		G#122cc
nodes, edges			4999, 31176
directed?			False
weighted?			True
isolated nodes			0
self-loops			0
density				0.002496
clustering coefficient		0.164325
min/max/avg degree		4, 75, 12.472895
degree assortativity		0.383725
number of connected components	1
size of largest component	4999 (100.00 %)
tot:  189513.00524861555
__ppmi+Louvain__
PLM(balanced,pc,turbo) detected communities in 0.5899121761322021 [s]
solution properties:
-------------------  ----------
# communities         53
min community size    21
max community size   163
avg. community size   94.3208
modularity             0.611599
-------------------  ----------
104 community detected
NMI:0.08469502650842331
ARM:0.302242825316122
__ppmi+PLP__
PLP detected communities in 0.11656522750854492 [s]
solution properties:
-------------------  ----------
# communities        127
min community size     1
max community size    99
avg. community size   39.3622
modularity             0.603784
-------------------  ----------
104 community detected
NMI:0.018331153429960723
ARM:0.036248606505577485
__glovexmax50alpha0.2__
Network Properties for:		G#141cc
nodes, edges			4999, 31176
directed?			False
weighted?			True
isolated nodes			0
self-loops			0
density				0.002496
clustering coefficient		0.164325
min/max/avg degree		4, 75, 12.472895
degree assortativity		0.383725
number of connected components	1
size of largest component	4999 (100.00 %)
tot:  18395.876376914595
__glovexmax50alpha0.2+Louvain__
PLM(balanced,pc,turbo) detected communities in 0.5479207038879395 [s]
solution properties:
-------------------  ----------
# communities         38
min community size    74
max community size   204
avg. community size  131.553
modularity             0.603274
-------------------  ----------
104 community detected
NMI:0.12381925802968319
ARM:0.4303647839885064
__glovexmax50alpha0.2+PLP__
PLP detected communities in 0.12479114532470703 [s]
solution properties:
-------------------  ----------
# communities        106
min community size    20
max community size   101
avg. community size   47.1604
modularity             0.598767
-------------------  ----------
104 community detected
NMI:0.01198962608387144
ARM:0.02945759494567446
__glovexmax40alpha0.2__
Network Properties for:		G#160cc
nodes, edges			4999, 31176
directed?			False
weighted?			True
isolated nodes			0
self-loops			0
density				0.002496
clustering coefficient		0.164325
min/max/avg degree		4, 75, 12.472895
degree assortativity		0.383725
number of connected components	1
size of largest component	4999 (100.00 %)
tot:  19235.38404131157
__glovexmax40alpha0.2+Louvain__
PLM(balanced,pc,turbo) detected communities in 0.44689369201660156 [s]
solution properties:
-------------------  ----------
# communities         45
min community size    65
max community size   167
avg. community size  111.089
modularity             0.604226
-------------------  ----------
104 community detected
NMI:0.10038984090082104
ARM:0.3505470459518599
__glovexmax40alpha0.2+PLP__
PLP detected communities in 0.10239601135253906 [s]
solution properties:
-------------------  ----------
# communities        108
min community size    17
max community size   101
avg. community size   46.287
modularity             0.594731
-------------------  ----------
104 community detected
NMI:0.014245075085386194
ARM:0.03496558142178208
__glovexmax30alpha0.3__
Network Properties for:		G#179cc
nodes, edges			4999, 31176
directed?			False
weighted?			True
isolated nodes			0
self-loops			0
density				0.002496
clustering coefficient		0.164325
min/max/avg degree		4, 75, 12.472895
degree assortativity		0.383725
number of connected components	1
size of largest component	4999 (100.00 %)
tot:  16935.904177502947
__glovexmax30alpha0.3+Louvain__
PLM(balanced,pc,turbo) detected communities in 0.3258342742919922 [s]
solution properties:
-------------------  ----------
# communities         48
min community size    63
max community size   181
avg. community size  104.146
modularity             0.605377
-------------------  ----------
104 community detected
NMI:0.09658756704100668
ARM:0.3303604335844921
__glovexmax30alpha0.3+PLP__
PLP detected communities in 0.0977931022644043 [s]
solution properties:
-------------------  ----------
# communities        106
min community size    20
max community size   101
avg. community size   47.1604
modularity             0.599623
-------------------  ----------
104 community detected
NMI:0.014970591361314844
ARM:0.0345388858811998
